     METH Site Information Form (site log)
     International GNSS Service
     See Instructions at:
       ftp://igscb.jpl.nasa.gov/pub/station/general/sitelog_instr.txt 

0.   Form

     Prepared by (full name)  : Elisabetta D'Anastasio
     Date Prepared            : 2020-08-10
     Report Type              : DYNAMIC
     If Update:
      Previous Site Log       : 
      Modified/Added Sections : 


1.   Site Identification of the GNSS Monument

     Site Name                : Methven
     Four Character ID        : METH
     Monument Inscription     : none
     IERS DOMES Number        : 50251M001
     CDP Number               : none
     Monument Description     : Deep Wyatt/Agnew drilled-braced
       Height of the Monument : 1.56
       Monument Foundation    : stainless steel rods
       Foundation Depth       : 10
     Marker Description       : Forced Centering
     Date Installed           : 2010-09-10T00:00Z
     Geologic Characteristic  : 
       Bedrock Type           : 
       Bedrock Condition      : 
       Fracture Spacing       : 
       Fault zones nearby     : 
         Distance/activity    : 
     Additional Information   : 


2.   Site Location Information

     City or Town             : Methven
     State or Province        : Canterbury
     Country                  : New Zealand
     Tectonic Plate           : Pacific
     Approximate Position (ITRF)
       X coordinate (m)       : -4577296.5
       Y coordinate (m)       : 677932.5
       Z coordinate (m)       : -4375630.7
       Latitude (N is +)      : -433528.88
       Longitude (E is +)     : +1713431.09
       Elevation (m,ellips.)  : 452.6
     Additional Information   : 


3.   GNSS Receiver Information

3.1  Receiver Type            : TRIMBLE NETR9
     Satellite System         : GPS+GLO
     Serial Number            : 5014K66721
     Firmware Version         : 4.17A
     Elevation Cutoff Setting : 3 deg
     Date Installed           : 2010-10-12T00:24Z
     Date Removed             : 2012-03-29T21:30Z
     Temperature Stabiliz.    : none
     Additional Information   :  

3.2  Receiver Type            : TRIMBLE NETR9
     Satellite System         : GPS+GLO
     Serial Number            : 5014K66721
     Firmware Version         : 4.42
     Elevation Cutoff Setting : 3 deg
     Date Installed           : 2012-03-29T21:50Z
     Date Removed             : 2014-07-27T21:49Z
     Temperature Stabiliz.    : none
     Additional Information   :  

3.3  Receiver Type            : TRIMBLE NETR9
     Satellite System         : GPS+GLO
     Serial Number            : 5213K83601
     Firmware Version         : 4.85
     Elevation Cutoff Setting : 0 deg
     Date Installed           : 2014-07-27T21:50Z
     Date Removed             : 2014-08-06T23:59Z
     Temperature Stabiliz.    : none
     Additional Information   :  

3.4  Receiver Type            : TRIMBLE NETR9
     Satellite System         : GPS+GLO
     Serial Number            : 5213K83601
     Firmware Version         : 4.81
     Elevation Cutoff Setting : 0 deg
     Date Installed           : 2014-08-07T00:00Z
     Date Removed             : 2015-09-07T16:25Z
     Temperature Stabiliz.    : none
     Additional Information   :  

3.5  Receiver Type            : TRIMBLE NETR9
     Satellite System         : GPS+GLO
     Serial Number            : 5213K83601
     Firmware Version         : 4.85
     Elevation Cutoff Setting : 0 deg
     Date Installed           : 2015-09-07T16:25Z
     Date Removed             : 2016-04-11T17:09Z
     Temperature Stabiliz.    : none
     Additional Information   :  

3.6  Receiver Type            : TRIMBLE NETR9
     Satellite System         : GPS+GLO+GAL+BDS+QZSS
     Serial Number            : 5213K83601
     Firmware Version         : 5.10
     Elevation Cutoff Setting : 0 deg
     Date Installed           : 2016-04-11T17:09Z
     Date Removed             : 2016-09-17T19:20Z
     Temperature Stabiliz.    : none
     Additional Information   :  

3.7  Receiver Type            : TRIMBLE NETR9
     Satellite System         : GPS+GLO+GAL+BDS+QZSS
     Serial Number            : 5213K83601
     Firmware Version         : 5.14
     Elevation Cutoff Setting : 0 deg
     Date Installed           : 2016-09-17T19:20Z
     Date Removed             : 2016-12-20T21:45Z
     Temperature Stabiliz.    : none
     Additional Information   :  

3.8  Receiver Type            : TRIMBLE NETR9
     Satellite System         : GPS+GLO+GAL+BDS+QZSS
     Serial Number            : 5213K83601
     Firmware Version         : 5.15
     Elevation Cutoff Setting : 0 deg
     Date Installed           : 2016-12-20T21:45Z
     Date Removed             : 2018-01-10T06:23Z
     Temperature Stabiliz.    : none
     Additional Information   :  

3.9  Receiver Type            : TRIMBLE NETR9
     Satellite System         : GPS+GLO+GAL+BDS+QZSS
     Serial Number            : 5213K83601
     Firmware Version         : 5.22
     Elevation Cutoff Setting : 0 deg
     Date Installed           : 2018-01-10T06:23Z
     Date Removed             : 2018-10-16T00:31Z
     Temperature Stabiliz.    : none
     Additional Information   :  

3.10 Receiver Type            : TRIMBLE NETR9
     Satellite System         : GPS+GLO+GAL+BDS+QZSS
     Serial Number            : 5034K69700
     Firmware Version         : 5.22
     Elevation Cutoff Setting : 0 deg
     Date Installed           : 2018-10-16T00:31Z
     Date Removed             : 2019-09-19T01:15Z
     Temperature Stabiliz.    : none
     Additional Information   :  

3.11 Receiver Type            : TRIMBLE ALLOY
     Satellite System         : GPS+GLO+GAL+BDS+QZSS
     Serial Number            : 5921R40183
     Firmware Version         : 5.42
     Elevation Cutoff Setting :  deg
     Date Installed           : 2019-09-19T01:15Z
     Date Removed             : 2020-04-15T22:30Z
     Temperature Stabiliz.    : none
     Additional Information   :  

3.12 Receiver Type            : TRIMBLE ALLOY
     Satellite System         : GPS+GLO+GAL+BDS+QZSS
     Serial Number            : 5921R40183
     Firmware Version         : 5.43
     Elevation Cutoff Setting :  deg
     Date Installed           : 2020-04-15T22:30Z
     Date Removed             : CCYY-MM-DDThh:mmZ
     Temperature Stabiliz.    : none
     Additional Information   :  

3.x  Receiver Type            : (A20, from rcvr_ant.tab; see instructions)
     Satellite System         : (GPS+GLO+GAL+BDS+QZSS+SBAS)
     Serial Number            : (A20, but note the first A5 is used in SINEX)
     Firmware Version         : (A11)
     Elevation Cutoff Setting : (deg)
     Date Installed           : (CCYY-MM-DDThh:mmZ)
     Date Removed             : (CCYY-MM-DDThh:mmZ)
     Temperature Stabiliz.    : (none or tolerance in degrees C)
     Additional Information   : (multiple lines)


4.   GNSS Antenna Information

4.1  Antenna Type             : TRM57971.00     NONE
     Serial Number            : 1441031258
     Antenna Reference Point  : BAM
     Marker->ARP Up Ecc. (m)  : 0.0020  
     Marker->ARP North Ecc(m) : 0.0000  
     Marker->ARP East Ecc(m)  : 0.0000  
     Alignment from True N    : 0
     Antenna Radome Type      : NONE
     Radome Serial Number     : 
     Antenna Cable Type       : 
     Antenna Cable Length     :
     Date Installed           : 2010-10-12T00:24Z
     Date Removed             : 2019-09-19T01:15Z
     Additional Information   : 

4.2  Antenna Type             : TRM115000.00    NONE
     Serial Number            : 1551016695
     Antenna Reference Point  : BAM
     Marker->ARP Up Ecc. (m)  : 0.0020  
     Marker->ARP North Ecc(m) : 0.0000  
     Marker->ARP East Ecc(m)  : 0.0000  
     Alignment from True N    : 0
     Antenna Radome Type      : NONE
     Radome Serial Number     : 
     Antenna Cable Type       : 
     Antenna Cable Length     :
     Date Installed           : 2019-09-19T01:15Z
     Date Removed             : 2019-09-20T00:11Z
     Additional Information   : 

4.3  Antenna Type             : TRM115000.00    NONE
     Serial Number            : 1551017047
     Antenna Reference Point  : BAM
     Marker->ARP Up Ecc. (m)  : 0.0020  
     Marker->ARP North Ecc(m) : 0.0000  
     Marker->ARP East Ecc(m)  : 0.0000  
     Alignment from True N    : 0
     Antenna Radome Type      : NONE
     Radome Serial Number     : 
     Antenna Cable Type       : 
     Antenna Cable Length     :
     Date Installed           : 2019-09-20T00:11Z
     Date Removed             : CCYY-MM-DDThh:mmZ
     Additional Information   : 

4.x  Antenna Type             : (A20, from rcvr_ant.tab; see instructions)
     Serial Number            : (A*, but note the first A5 is used in SINEX)
     Antenna Reference Point  : (BPA/BCR/XXX from "antenna.gra"; see instr.)
     Marker->ARP Up Ecc. (m)  : (F8.4)
     Marker->ARP North Ecc(m) : (F8.4)
     Marker->ARP East Ecc(m)  : (F8.4)
     Alignment from True N    : (deg; + is clockwise/east)
     Antenna Radome Type      : (A4 from rcvr_ant.tab; see instructions)
     Radome Serial Number     : 
     Antenna Cable Type       : (vendor & type number)
     Antenna Cable Length     : (m)
     Date Installed           : (CCYY-MM-DDThh:mmZ)
     Date Removed             : (CCYY-MM-DDThh:mmZ)
     Additional Information   : (multiple lines)

5.   Surveyed Local Ties

5.x  Tied Marker Name         : 
     Tied Marker Usage        : (SLR/VLBI/LOCAL CONTROL/FOOTPRINT/etc)
     Tied Marker CDP Number   : (A4)
     Tied Marker DOMES Number : (A9)
     Differential Components from GNSS Marker to the tied monument (ITRS)
       dx (m)                 : (m)
       dy (m)                 : (m)
       dz (m)                 : (m)
     Accuracy (mm)            : (mm)
     Survey method            : (GPS CAMPAIGN/TRILATERATION/TRIANGULATION/etc)
     Date Measured            : (CCYY-MM-DDThh:mmZ)
     Additional Information   : (multiple lines)


6.   Frequency Standard

6.x  Standard Type            : (INTERNAL or EXTERNAL H-MASER/CESIUM/etc)
       Input Frequency        : (if external)
       Effective Dates        : (CCYY-MM-DD/CCYY-MM-DD)
       Notes                  : (multiple lines)


7.   Collocation Information

7.x  Instrumentation Type     : (GPS/GLONASS/DORIS/PRARE/SLR/VLBI/TIME/etc)
       Status                 : (PERMANENT/MOBILE)
       Effective Dates        : (CCYY-MM-DD/CCYY-MM-DD)
       Notes                  : (multiple lines)


8.   Meteorological Instrumentation

8.1.x Humidity Sensor Model   : 
       Manufacturer           : 
       Serial Number          : 
       Data Sampling Interval : (sec)
       Accuracy (% rel h)     : (% rel h)
       Aspiration             : (UNASPIRATED/NATURAL/FAN/etc)
       Height Diff to Ant     : (m)
       Calibration date       : (CCYY-MM-DD)
       Effective Dates        : (CCYY-MM-DD/CCYY-MM-DD)
       Notes                  : (multiple lines)

8.2.x Pressure Sensor Model   : 
       Manufacturer           : 
       Serial Number          : 
       Data Sampling Interval : (sec)
       Accuracy               : (hPa)
       Height Diff to Ant     : (m)
       Calibration date       : (CCYY-MM-DD)
       Effective Dates        : (CCYY-MM-DD/CCYY-MM-DD)
       Notes                  : (multiple lines)

8.3.x Temp. Sensor Model      : 
       Manufacturer           : 
       Serial Number          : 
       Data Sampling Interval : (sec)
       Accuracy               : (deg C)
       Aspiration             : (UNASPIRATED/NATURAL/FAN/etc)
       Height Diff to Ant     : (m)
       Calibration date       : (CCYY-MM-DD)
       Effective Dates        : (CCYY-MM-DD/CCYY-MM-DD)
       Notes                  : (multiple lines)

8.4.x Water Vapor Radiometer  : 
       Manufacturer           : 
       Serial Number          : 
       Distance to Antenna    : (m)
       Height Diff to Ant     : (m)
       Calibration date       : (CCYY-MM-DD)
       Effective Dates        : (CCYY-MM-DD/CCYY-MM-DD)
       Notes                  : (multiple lines)

8.5.x Other Instrumentation   : (multiple lines)


9.  Local Ongoing Conditions Possibly Affecting Computed Position

9.1.x Radio Interferences     : (TV/CELL PHONE ANTENNA/RADAR/etc)
       Observed Degradations  : (SN RATIO/DATA GAPS/etc)
       Effective Dates        : (CCYY-MM-DD/CCYY-MM-DD)
       Additional Information : (multiple lines)

9.2.x Multipath Sources       : (METAL ROOF/DOME/VLBI ANTENNA/etc)
       Effective Dates        : (CCYY-MM-DD/CCYY-MM-DD)
       Additional Information : (multiple lines)

9.3.x Signal Obstructions     : (TREES/BUILDINGS/etc)
       Effective Dates        : (CCYY-MM-DD/CCYY-MM-DD)
       Additional Information : (multiple lines)

10.  Local Episodic Effects Possibly Affecting Data Quality

10.x Date                     : (CCYY-MM-DD/CCYY-MM-DD)
     Event                    : (TREE CLEARING/CONSTRUCTION/etc)

11.   On-Site, Point of Contact Agency Information

     Agency                   : GNS Science
     Preferred Abbreviation   : GNS
     Mailing Address          : 1 Fairway Drive, Avalon 5010,
                              : PO Box 30-368, Lower Hutt,
                              : New Zealand
     Primary Contact
       Contact Name           : GeoNet reception
       Telephone (primary)    : +64 4 570 1444
       Telephone (secondary)  : 
       Fax                    : +64 4 570 4676
       E-mail                 : info@geonet.org.nz
     Secondary Contact
       Contact Name           : Elisabetta D'Anastasio
       Telephone (primary)    : +64 4 570 4744
       Telephone (secondary)  : 
       Fax                    : 
       E-mail                 : e.danastasio@gns.cri.nz
     Additional Information   : 


12.  Responsible Agency (if different from 11.)

     Agency                   : Land Information New Zealand
     Preferred Abbreviation   : LINZ
     Mailing Address          : 155 The Terrace, PO Box 5501, Wellington 6145
                              : New Zealand
     Primary Contact
       Contact Name           : LINZ Reception
       Telephone (primary)    : +64 4 460 0110
       Telephone (secondary)  : 
       Fax                    : +64 4 472 2244
       E-mail                 : positionz@linz.govt.nz
     Secondary Contact
       Contact Name           : Rachelle Winefield
       Telephone (primary)    : +64 4 460 2757
       Telephone (secondary)  : 
       Fax                    : 
       E-mail                 : rwinefield@linz.govt.nz
     Additional Information   : CGPS site is part of the LINZ PositioNZ Network
                              : http://www.linz.govt.nz/positionz

13.  More Information

     Primary Data Center      : ftp.geonet.org.nz
     Secondary Data Center    :
     URL for More Information : www.geonet.org.nz
     Hardcopy on File
       Site Map               : 
       Site Diagram           : 
       Horizon Mask           : 
       Monument Description   : 
       Site Pictures          : 
     Additional Information   : additional information and pictures could be found
                              : at http://www.geonet.org.nz/data/types/geodetic
     Antenna Graphics with Dimensions


TRM115000.00


TRM57971.00

   / --------------------------------------------- \
  +                                                 +
   \ --------------------------------------------- /
                   \               /
                    \             /
                     \-----x-----/                        <--  0.0000  BAM=ARP
                                                                       RXC=NRP
  <--                    0.3396                   -->                  Notches
