
     WGTN Site Information Form (site log)
     International GNSS Service
     See Instructions at:
       ftp://igs.org/pub/station/general/sitelog_instr.txt

0.   Form

     Prepared by (full name)  : Elisabetta D'Anastasio
     Date Prepared            : 2016-12-20
     Report Type              : UPDATE
     If Update:
      Previous Site Log       : wgtn_20160920.log
      Modified/Added Sections : 3.9,3.10


1.   Site Identification of the GNSS Monument

     Site Name                : Wellington Airport
     Four Character ID        : WGTN
     Monument Inscription     : none
     IERS DOMES Number        : 50208M003
     CDP Number               : none
     Monument Description     : PILLAR
       Height of the Monument : 0.69 m
       Monument Foundation    : CONCRETE BLOCK
       Foundation Depth       : 0.3 m
     Marker Description       : STAINLESS STEEL PLATE
     Date Installed           : 1996-05-17T00:00Z
     Geologic Characteristic  : BEDROCK
       Bedrock Type           : GREYWACKE
       Bedrock Condition      : GOOD
       Fracture Spacing       : unknown
       Fault zones nearby     : YES
         Distance/activity    : The site is located at the Pacific-Australian
                              : plate boundary and several major active faults
                              : are present in the area (the closer being the
                              : Wellington Fault).
     Additional Information   : Monument construction: A hole was dug through a
                              : thin layer of soil and into weathered 
                              : greywacke outcrop.  A reinforced concrete pad
                              : was built on the greywack surface, with a 70 
                              : cm high reinforced concrete pillar above the
                              : pad.  The pad was not attached to the 
                              : underlying rock except by gravity and the
                              : binding of the concrete to the rock.  This
                              : monument is therefore likely to be less stable
                              : in the event of an earthquake than later
                              : monument installations in New Zealand.  In the
                              : absence of strong ground shaking there is no
                              : concern about monument stability.
                              : Marker description: 5/8 inch thread in centre
                              : of 150 mm diameter stainless steel plate set
                              : horizontally in top of approx. 400 mm diameter
                              : concrete pillar.


2.   Site Location Information

     City or Town             : Wellington
     State or Province        : Wellington
     Country                  : New Zealand
     Tectonic Plate           : AUSTRALIAN
     Approximate Position (ITRF)
       X coordinate (m)       : -4777269.460
       Y coordinate (m)       : 434270.155
       Z coordinate (m)       : -4189484.491
       Latitude (N is +)      : -411924.443
       Longitude (E is +)     : +1744821.215
       Elevation (m,ellips.)  : 26.06
     Additional Information   : Located at Wellington International Airport.
                              : Tectonic plate better defined as
                              : Australian/Pacific plate boundary.


3.   GNSS Receiver Information

3.1  Receiver Type            : ASHTECH Z-XII3
     Satellite System         : GPS
     Serial Number            : LP00155
     Firmware Version         : 1E86
     Elevation Cutoff Setting : 
     Date Installed           : 1996-05-23T00:00Z
     Date Removed             : 1999-06-14T00:00Z
     Temperature Stabiliz.    : none
     Additional Information   : 

3.2  Receiver Type            : ASHTECH Z-XII3
     Satellite System         : GPS
     Serial Number            : LP00155
     Firmware Version         : CC00
     Elevation Cutoff Setting : 
     Date Installed           : 1999-06-14T00:00Z
     Date Removed             : 2005-03-21T02:00Z
     Temperature Stabiliz.    : none
     Additional Information   : 

3.3  Receiver Type            : TRIMBLE NETRS
     Satellite System         : GPS
     Serial Number            : 4445240414
     Firmware Version         : 1.0-3
     Elevation Cutoff Setting : 4 deg
     Date Installed           : 2005-03-21T02:00Z
     Date Removed             : 2006-04-21T00:00Z
     Temperature Stabiliz.    : none
     Additional Information   : 

3.4  Receiver Type            : TRIMBLE NETRS
     Satellite System         : GPS
     Serial Number            : 4445240414
     Firmware Version         : 1.1-5
     Elevation Cutoff Setting : 4 deg
     Date Installed           : 2006-04-21T00:00Z
     Date Removed             : 2007-04-17T22:45Z
     Temperature Stabiliz.    : none
     Additional Information   : 

3.5  Receiver Type            : TRIMBLE NETRS
     Satellite System         : GPS
     Serial Number            : 4706128313
     Firmware Version         : 1.1-5
     Elevation Cutoff Setting : 4 deg
     Date Installed           : 2007-04-17T22:45Z
     Date Removed             : 2010-11-14T22:25Z
     Temperature Stabiliz.    : none
     Additional Information   : 

3.6  Receiver Type            : TRIMBLE NETR9
     Satellite System         : GPS+GLO
     Serial Number            : 5034K69714
     Firmware Version         : 4.17
     Elevation Cutoff Setting : 3 deg
     Date Installed           : 2010-11-14T22:35Z
     Date Removed             : 2015-07-29T17:00Z
     Temperature Stabiliz.    : none
     Additional Information   : 

3.7  Receiver Type            : TRIMBLE NETR9
     Satellite System         : GPS+GLO
     Serial Number            : 5034K69714
     Firmware Version         : 4.85
     Elevation Cutoff Setting : 3 deg
     Date Installed           : 2015-07-29T17:00Z
     Date Removed             : 2016-06-13T07:01Z
     Temperature Stabiliz.    : 
     Additional Information   : 

3.8  Receiver Type            : TRIMBLE NETR9
     Satellite System         : GPS+GLO+GAL+BDS+QZSS
     Serial Number            : 5034K69714
     Firmware Version         : 5.10
     Elevation Cutoff Setting : 0 deg
     Date Installed           : 2016-06-13T07:02Z
     Date Removed             : 2016-09-20T08:13Z
     Temperature Stabiliz.    : none
     Additional Information   : full-GNSS capability enabled with this firwmare
                              : upgrade

3.9  Receiver Type            : TRIMBLE NETR9
     Satellite System         : GPS+GLO+GAL+BDS+QZSS
     Serial Number            : 5034K69714
     Firmware Version         : 5.14
     Elevation Cutoff Setting : 0 deg
     Date Installed           : 2016-09-20T08:13Z
     Date Removed             : 2016-12-20T19:29Z
     Temperature Stabiliz.    : none
     Additional Information   : firmware upgrade

3.10 Receiver Type            : TRIMBLE NETR9
     Satellite System         : GPS+GLO+GAL+BDS+QZSS
     Serial Number            : 5034K69714
     Firmware Version         : 5.15
     Elevation Cutoff Setting : 0 deg
     Date Installed           : 2016-12-20T19:29Z
     Date Removed             : CCYY-MM-DDThh:mmZ
     Temperature Stabiliz.    : none
     Additional Information   : 

3.x  Receiver Type            : (A20, from rcvr_ant.tab; see instructions)
     Satellite System         : (GPS+GLO+GAL+BDS+QZSS+SBAS)
     Serial Number            : (A20, but note the first A5 is used in SINEX)
     Firmware Version         : (A11)
     Elevation Cutoff Setting : (deg)
     Date Installed           : (CCYY-MM-DDThh:mmZ)
     Date Removed             : (CCYY-MM-DDThh:mmZ)
     Temperature Stabiliz.    : (none or tolerance in degrees C)
     Additional Information   : (multiple lines)


4.   GNSS Antenna Information

4.1  Antenna Type             : ASH700936B_M    SNOW
     Serial Number            : 753
     Antenna Reference Point  : BPA
     Marker->ARP Up Ecc. (m)  : 0.0017
     Marker->ARP North Ecc(m) : 0.0000
     Marker->ARP East Ecc(m)  : 0.0000
     Alignment from True N    : 0 deg
     Antenna Radome Type      : SNOW
     Radome Serial Number     : 
     Antenna Cable Type       : 
     Antenna Cable Length     : 
     Date Installed           : 1996-05-23T00:00Z
     Date Removed             : 1999-11-11T00:00Z
     Additional Information   : 

4.2  Antenna Type             : ASH700936B_M    LEIS
     Serial Number            : 753
     Antenna Reference Point  : BPA
     Marker->ARP Up Ecc. (m)  : 0.0017
     Marker->ARP North Ecc(m) : 0.0000
     Marker->ARP East Ecc(m)  : 0.0000
     Alignment from True N    : 0 deg
     Antenna Radome Type      : LEIS
     Radome Serial Number     : 
     Antenna Cable Type       : 
     Antenna Cable Length     : 
     Date Installed           : 1999-11-11T00:00Z
     Date Removed             : 2005-03-21T02:00Z
     Additional Information   : A nearby temporary station was run for four 
                              : days before and after the radome exchange.  
                              : The temporary station is called 5093 in the
                              : GNS rinex database.  These data may be 
                              : useful for checking for apparent offsets 
                              : caused by the exchange.

4.3  Antenna Type             : TRM41249.00     NONE
     Serial Number            : 12668863
     Antenna Reference Point  : BAM
     Marker->ARP Up Ecc. (m)  : 0.0550
     Marker->ARP North Ecc(m) : 0.0000
     Marker->ARP East Ecc(m)  : 0.0000
     Alignment from True N    : 0 deg
     Antenna Radome Type      : NONE
     Radome Serial Number     : 
     Antenna Cable Type       : 
     Antenna Cable Length     : 
     Date Installed           : 2005-03-21T02:00Z
     Date Removed             : 2010-11-14T22:25Z
     Additional Information   : A nearby temporary station was run for three 
                              : days before and after the antenna exchange.  
                              : The temporary station is called 0wtn in the
                              : GNS rinex database.  These data may be 
                              : useful for checking for apparent offsets 
                              : caused by the exchange.

4.4  Antenna Type             : TRM57971.00     NONE
     Serial Number            : 1441031192
     Antenna Reference Point  : BAM
     Marker->ARP Up Ecc. (m)  : 0.0550
     Marker->ARP North Ecc(m) : 0.0000
     Marker->ARP East Ecc(m)  : 0.0000
     Alignment from True N    : 0 deg
     Antenna Radome Type      : NONE
     Radome Serial Number     : 
     Antenna Cable Type       : 
     Antenna Cable Length     : 
     Date Installed           : 2010-11-14T22:35Z
     Date Removed             : CCYY-MM-DDThh:mmZ
     Additional Information   : Permanent Site WGTT is approximately 5 km 
                              : away from WGTN. The data from WGTT may be 
                              : useful for checking for apparent offsets 
                              : caused by the exchange.

4.x  Antenna Type             : (A20, from rcvr_ant.tab; see instructions)
     Serial Number            : (A*, but note the first A5 is used in SINEX)
     Antenna Reference Point  : (BPA/BCR/XXX from "antenna.gra"; see instr.)
     Marker->ARP Up Ecc. (m)  : (F8.4)
     Marker->ARP North Ecc(m) : (F8.4)
     Marker->ARP East Ecc(m)  : (F8.4)
     Alignment from True N    : (deg; + is clockwise/east)
     Antenna Radome Type      : (A4 from rcvr_ant.tab; see instructions)
     Radome Serial Number     : 
     Antenna Cable Type       : (vendor & type number)
     Antenna Cable Length     : (m)
     Date Installed           : (CCYY-MM-DDThh:mmZ)
     Date Removed             : (CCYY-MM-DDThh:mmZ)
     Additional Information   : (multiple lines)


5.   Surveyed Local Ties

5.x  Tied Marker Name         : 
     Tied Marker Usage        : (SLR/VLBI/LOCAL CONTROL/FOOTPRINT/etc)
     Tied Marker CDP Number   : (A4)
     Tied Marker DOMES Number : (A9)
     Differential Components from GNSS Marker to the tied monument (ITRS)
       dx (m)                 : (m)
       dy (m)                 : (m)
       dz (m)                 : (m)
     Accuracy (mm)            : (mm)
     Survey method            : (GPS CAMPAIGN/TRILATERATION/TRIANGULATION/etc)
     Date Measured            : (CCYY-MM-DDThh:mmZ)
     Additional Information   : (multiple lines)


6.   Frequency Standard

6.x  Standard Type            : (INTERNAL or EXTERNAL H-MASER/CESIUM/etc)
       Input Frequency        : (if external)
       Effective Dates        : (CCYY-MM-DD/CCYY-MM-DD)
       Notes                  : (multiple lines)


7.   Collocation Information

7.x  Instrumentation Type     : (GPS/GLONASS/DORIS/PRARE/SLR/VLBI/TIME/etc)
       Status                 : (PERMANENT/MOBILE)
       Effective Dates        : (CCYY-MM-DD/CCYY-MM-DD)
       Notes                  : (multiple lines)


8.   Meteorological Instrumentation

8.1.1  Humidity Sensor Model  : HMP155A Heated
       Manufacturer           : VAISALA
       Serial Number          : J2610004
       Data Sampling Interval : 60 sec
       Accuracy (% rel h)     : 0.6% for 0-40% range and 1.0% for 40-97% range
       Aspiration             : NATURAL
       Height Diff to Ant     : -8.6 m
       Calibration date       : (CCYY-MM-DD)
       Effective Dates        : 2013-08-14/CCYY-MM-DD
       Notes                  : Details are referred to a NZ MetService weather
                              : station located at Wellington Airport (not
                              : connected to the GNSS receiver). A full record
                              : of the history of met sensors co-located with
                              : the GPS is unknown, and details of the latest
                              : installation only are available. For further
                              : info please contact NZ MetService. 
                              : Sensor was Installed brand new, so it has a
                              : factory calibration.
                              : This is a combined Humidity and Air Temperature
                              : sensor.

8.1.x  Humidity Sensor Model  : 
       Manufacturer           : 
       Serial Number          : 
       Data Sampling Interval : (sec)
       Accuracy (% rel h)     : (% rel h)
       Aspiration             : (UNASPIRATED/NATURAL/FAN/etc)
       Height Diff to Ant     : (m)
       Calibration date       : (CCYY-MM-DD)
       Effective Dates        : (CCYY-MM-DD/CCYY-MM-DD)
       Notes                  : (multiple lines)

8.2.1  Pressure Sensor Model  : PTB330
       Manufacturer           : VAISALA
       Serial Number          : J2620003-3
       Data Sampling Interval : 60 sec
       Accuracy               : 0.2 hPa
       Height Diff to Ant     : -8.6 m
       Calibration date       : 2013-07-11T00:00Z
       Effective Dates        : 2013-08-14/CCYY-MM-DD
       Notes                  : Details are referred to a NZ MetService weather
                              : station located at Wellington Airport (not
                              : connected to the GNSS receiver). A full record
                              : of the history of met sensors co-located with
                              : the GPS is unknown, and details of the latest
                              : installation only are available. For further
                              : info please contact NZ MetService.

8.2.x  Pressure Sensor Model  : 
       Manufacturer           : 
       Serial Number          : 
       Data Sampling Interval : (sec)
       Accuracy               : (hPa)
       Height Diff to Ant     : (m)
       Calibration date       : (CCYY-MM-DD)
       Effective Dates        : (CCYY-MM-DD/CCYY-MM-DD)
       Notes                  : (multiple lines)

8.3.1  Temp. Sensor Model     : HMP155A Heated
       Manufacturer           : VAISALA
       Serial Number          : J2610004
       Data Sampling Interval : 60 sec
       Accuracy               : 0.226 deg C
       Aspiration             : NATURAL
       Height Diff to Ant     : -8.6 m
       Calibration date       : 
       Effective Dates        : 2013-08-14/CCYY-MM-DD
       Notes                  : Combined Humidity and Air Temperature sensor.
                              : See also 8.1.1 notes.
                              : Accuracy varies depending on temperature range:
                              : -80 to +20 °C : ±(0.226- 0.0028 x
                              : temperature) °C
                              : +20 to +60 °C : ±(0.055- 0.0057 x
                              : temperature) °C

8.3.x  Temp. Sensor Model     : 
       Manufacturer           : 
       Serial Number          : 
       Data Sampling Interval : (sec)
       Accuracy               : (deg C)
       Aspiration             : (UNASPIRATED/NATURAL/FAN/etc)
       Height Diff to Ant     : (m)
       Calibration date       : (CCYY-MM-DD)
       Effective Dates        : (CCYY-MM-DD/CCYY-MM-DD)
       Notes                  : (multiple lines)

8.4.x  Water Vapor Radiometer : 
       Manufacturer           : 
       Serial Number          : 
       Distance to Antenna    : (m)
       Height Diff to Ant     : (m)
       Calibration date       : (CCYY-MM-DD)
       Effective Dates        : (CCYY-MM-DD/CCYY-MM-DD)
       Notes                  : (multiple lines)

8.5.x  Other Instrumentation  : (multiple lines)


9.   Local Ongoing Conditions Possibly Affecting Computed Position

9.1.x  Radio Interferences    : (TV/CELL PHONE ANTENNA/RADAR/etc)
       Observed Degradations  : (SN RATIO/DATA GAPS/etc)
       Effective Dates        : (CCYY-MM-DD/CCYY-MM-DD)
       Additional Information : (multiple lines)

9.2.x  Multipath Sources      : (METAL ROOF/DOME/VLBI ANTENNA/etc)
       Effective Dates        : (CCYY-MM-DD/CCYY-MM-DD)
       Additional Information : (multiple lines)

9.3.x  Signal Obstructions    : (TREES/BUILDINGS/etc)
       Effective Dates        : (CCYY-MM-DD/CCYY-MM-DD)
       Additional Information : (multiple lines)


10.  Local Episodic Effects Possibly Affecting Data Quality

10.x Date                     : (CCYY-MM-DD/CCYY-MM-DD)
     Event                    : (TREE CLEARING/CONSTRUCTION/etc)

11.  On-Site, Point of Contact Agency Information

     Agency                   : GNS Science
     Preferred Abbreviation   : GNS
     Mailing Address          : GNS Science
                              : 1 Fairway Drive, Avalon
                              : PO Box 30368, Lower Hutt
                              : New Zealand
     Primary Contact
       Contact Name           : GeoNet Reception
       Telephone (primary)    : +64 4 570 1444
       Telephone (secondary)  : 
       Fax                    : +64 4 570 4676
       E-mail                 : info@geonet.org.nz
     Secondary Contact
       Contact Name           : 
       Telephone (primary)    : 
       Telephone (secondary)  : 
       Fax                    : 
       E-mail                 : 
     Additional Information   : 


12.  Responsible Agency (if different from 11.)

     Agency                   : GNS Science and Land Information New Zealand
     Preferred Abbreviation   : LINZ
     Mailing Address          : 155 The Terrace, PO Box 5501,
                              : Wellington 6145, New Zealand
     Primary Contact
       Contact Name           : Paula Gentle
       Telephone (primary)    : +64 4 460 0110
       Telephone (secondary)  : 
       Fax                    : 
       E-mail                 : positionz@linz.govt.nz
     Secondary Contact
       Contact Name           : 
       Telephone (primary)    : 
       Telephone (secondary)  : 
       Fax                    : 
       E-mail                 : 
     Additional Information   : The site has been established by GNS Science 
                              : and is now part of the LINZ PositioNZ Network 
                              : (http://www.linz.govt.nz/positionz)

13.  More Information

     Primary Data Center      : CDDIS
     Secondary Data Center    : IGN
     URL for More Information : www.geonet.org.nz
     Hardcopy on File
       Site Map               : GNS file 45/1/7-WGTN
       Site Diagram           : GNS file 45/1/7-WGTN
       Horizon Mask           : No obstructions above 4 degrees.
       Monument Description   : GNS file 45/1/7-WGTN
       Site Pictures          : GNS file 45/1/7-WGTN
     Additional Information   : GNS file 45/1/7-WGTN
                              : Additional Information could be found at 
                              : http://magma.geonet.org.nz/delta/app 
                              : (then search for CGPS mark WGTN)
     Antenna Graphics with Dimensions
ASH700936B_M

                         -----
                     /     +     \
                    |      +      |
  +--------------------------------------------------+    <--  0.102  TCR
  |                                                  |
  |                                                  |
  |                                                  |
  |                                                  |
+-+--------------------------------------------------+-+  <--  0.038
+-------------------+-------------+--------------------+  <--  0.035  BCR
                    |             |
                   =|             |
                    +------x------+                       <--  0.000  BPA=ARP

<--                      0.381                       -->


TRM41249.00

    / ----------------------+--------------------- \
   +                        +                       +
    \ -------------------------------------------- /
                    \               /
                     \             /
                      \-----+-----/                    <--  0.0000  ARP=BAM

   <--                   0.3396                  -->


TRM57971.00

    / ----------------------+--------------------- \
   +                        +                       +
    \ -------------------------------------------- /
                    \               /
                     \             /
                      \-----+-----/                    <--  0.0000  ARP=BAM

   <--                   0.3396                  -->




