
     AJAC Site Information Form (site log)
     International GNSS Service
     See Instructions at:
       ftp://igscb.jpl.nasa.gov/pub/station/general/sitelog_instr.txt

0.   Form

     Prepared by (full name)  : RGP Team
     Date Prepared            : 2016-02-23
     Report Type              : UPDATE
     If Update:
      Previous Site Log       : ajac_20150717.log
      Modified/Added Sections : 0, 3.1, 3.2, 3.3, 3.4, 3.5, 3.6, 3.7, 3.8, 3.9,
                              : 3.10, 3.11, 3.12, 3.13


1.   Site Identification of the GNSS Monument

     Site Name                : Ajaccio
     Four Character ID        : AJAC
     Monument Inscription     : none
     IERS DOMES Number        : 10077M005
     CDP Number               : NONE
     Monument Description     : REINFORCED CONCRETE PILLAR
       Height of the Monument : 1.5 m
       Monument Foundation    : REINFORCED CONCRETE BLOCK AND STEEL RODS
       Foundation Depth       : 
     Marker Description       : 
     Date Installed           : 2000-01-22T00:00Z
     Geologic Characteristic  : BEDROCK
       Bedrock Type           : IGNEOUS
       Bedrock Condition      : WEATHERED
       Fracture Spacing       : 0 cm
       Fault zones nearby     : NO
         Distance/activity    : 
     Additional Information   : 


2.   Site Location Information

     City or Town             : Ajaccio
     State or Province        : Corsica
     Country                  : France
     Tectonic Plate           : EURASIAN
     Approximate Position (ITRF)
       X coordinate (m)       : 4696990.0
       Y coordinate (m)       : 723994.0
       Z coordinate (m)       : 4239678.0
       Latitude (N is +)      : +415538.83
       Longitude (E is +)     : +0084545.40
       Elevation (m,ellips.)  : 99.0
     Additional Information   : 


3.   GNSS Receiver Information

3.1  Receiver Type            : ASHTECH Z-XII3
     Satellite System         : GPS
     Serial Number            : 471
     Firmware Version         : CD00
     Elevation Cutoff Setting : 5 deg
     Date Installed           : 2000-01-22T00:00Z
     Date Removed             : 2008-11-26T00:00Z
     Temperature Stabiliz.    : none
     Additional Information   : 

3.2  Receiver Type            : LEICA GRX1200GGPRO
     Satellite System         : GPS+GLO
     Serial Number            : 462582
     Firmware Version         : 5.62
     Elevation Cutoff Setting : 3 deg
     Date Installed           : 2008-11-26T00:00Z
     Date Removed             : 2009-05-11T00:00Z
     Temperature Stabiliz.    : none
     Additional Information   : 

3.3  Receiver Type            : LEICA GRX1200GGPRO
     Satellite System         : GPS+GLO
     Serial Number            : 462582
     Firmware Version         : 7.50
     Elevation Cutoff Setting : 3 deg
     Date Installed           : 2009-05-11T00:00Z
     Date Removed             : 2010-10-18T06:00Z
     Temperature Stabiliz.    : none
     Additional Information   : 

3.4  Receiver Type            : LEICA GRX1200GGPRO
     Satellite System         : GPS+GLO
     Serial Number            : 462582
     Firmware Version         : 8.01
     Elevation Cutoff Setting : 3 deg
     Date Installed           : 2010-10-18T06:00Z
     Date Removed             : 2011-03-23T09:00Z
     Temperature Stabiliz.    : none
     Additional Information   : 

3.5  Receiver Type            : LEICA GRX1200GGPRO
     Satellite System         : GPS+GLO
     Serial Number            : 462582
     Firmware Version         : 8.10
     Elevation Cutoff Setting : 3 deg
     Date Installed           : 2011-03-23T09:00Z
     Date Removed             : 2011-06-14T07:00Z
     Temperature Stabiliz.    : none
     Additional Information   : 

3.6  Receiver Type            : LEICA GRX1200GGPRO
     Satellite System         : GPS+GLO
     Serial Number            : 462582
     Firmware Version         : 8.20
     Elevation Cutoff Setting : 3 deg
     Date Installed           : 2011-06-14T07:00Z
     Date Removed             : 2012-12-05T09:00Z
     Temperature Stabiliz.    : none
     Additional Information   : 

3.7  Receiver Type            : LEICA GR25
     Satellite System         : GPS+GLO+GAL+SBAS
     Serial Number            : 1830139
     Firmware Version         : 2.62
     Elevation Cutoff Setting : 0 deg
     Date Installed           : 2012-12-05T09:00Z
     Date Removed             : 2013-06-06T12:00Z
     Temperature Stabiliz.    : none
     Additional Information   : 

3.8  Receiver Type            : LEICA GR25
     Satellite System         : GPS+GLO+GAL+SBAS
     Serial Number            : 1830139
     Firmware Version         : 3.0
     Elevation Cutoff Setting : 0 deg
     Date Installed           : 2013-06-06T12:00Z
     Date Removed             : 2013-10-16T10:00Z
     Temperature Stabiliz.    : none
     Additional Information   : 

3.9  Receiver Type            : LEICA GR25
     Satellite System         : GPS+GLO+GAL+SBAS
     Serial Number            : 1830139
     Firmware Version         : 3.01
     Elevation Cutoff Setting : 0 deg
     Date Installed           : 2013-10-16T10:00Z
     Date Removed             : 2014-02-20T09:00Z
     Temperature Stabiliz.    : none
     Additional Information   : 

3.10 Receiver Type            : LEICA GR25
     Satellite System         : GPS+GLO+GAL+SBAS
     Serial Number            : 1830139
     Firmware Version         : 3.03
     Elevation Cutoff Setting : 0 deg
     Date Installed           : 2014-02-20T09:00Z
     Date Removed             : 2014-09-19T12:00Z
     Temperature Stabiliz.    : none
     Additional Information   : 

3.11 Receiver Type            : LEICA GR25
     Satellite System         : GPS+GLO+GAL+BDS+SBAS
     Serial Number            : 1830139
     Firmware Version         : 3.10
     Elevation Cutoff Setting : 0 deg
     Date Installed           : 2014-09-19T12:00Z
     Date Removed             : 2014-11-06T09:00Z
     Temperature Stabiliz.    : none
     Additional Information   : 

3.12 Receiver Type            : LEICA GR25
     Satellite System         : GPS+GLO+GAL+BDS+SBAS
     Serial Number            : 1830139
     Firmware Version         : 3.11
     Elevation Cutoff Setting : 0 deg
     Date Installed           : 2014-11-06T09:00Z
     Date Removed             : 2015-07-17T08:00Z
     Temperature Stabiliz.    : none
     Additional Information   : 

3.13 Receiver Type            : LEICA GR25
     Satellite System         : GPS+GLO+GAL+BDS+SBAS
     Serial Number            : 1830139
     Firmware Version         : 3.11
     Elevation Cutoff Setting : 0 deg
     Date Installed           : 2015-07-17T08:00Z
     Date Removed             : CCYY-MM-DDThh:mmZ
     Temperature Stabiliz.    : none
     Additional Information   : pseudorange smoothing disabled

3.x  Receiver Type            : (A20, from rcvr_ant.tab; see instructions)
     Satellite System         : (GPS+GLO+GAL+BDS+QZSS+SBAS)
     Serial Number            : (A20, but note the first A5 is used in SINEX)
     Firmware Version         : (A11)
     Elevation Cutoff Setting : (deg)
     Date Installed           : (CCYY-MM-DDThh:mmZ)
     Date Removed             : (CCYY-MM-DDThh:mmZ)
     Temperature Stabiliz.    : (none or tolerance in degrees C)
     Additional Information   : (multiple lines)


4.   GNSS Antenna Information

4.1  Antenna Type             : ASH700936A_M    NONE
     Serial Number            : 127
     Antenna Reference Point  : BPA
     Marker->ARP Up Ecc. (m)  : 0.0000
     Marker->ARP North Ecc(m) : 0.0000
     Marker->ARP East Ecc(m)  : 0.0000
     Alignment from True N    : 0 deg
     Antenna Radome Type      : NONE
     Radome Serial Number     : 
     Antenna Cable Type       : ASHTECH
     Antenna Cable Length     : 10 m
     Date Installed           : 2000-01-22T00:00Z
     Date Removed             : 2008-11-26T00:00Z
     Additional Information   : 

4.2  Antenna Type             : LEIAT504GG      NONE
     Serial Number            : 226
     Antenna Reference Point  : BPA
     Marker->ARP Up Ecc. (m)  : 0.0000
     Marker->ARP North Ecc(m) : 0.0000
     Marker->ARP East Ecc(m)  : 0.0000
     Alignment from True N    : 0 deg
     Antenna Radome Type      : NONE
     Radome Serial Number     : 
     Antenna Cable Type       : ASHTECH
     Antenna Cable Length     : 10 m
     Date Installed           : 2008-11-26T00:00Z
     Date Removed             : 2012-12-05T09:00Z
     Additional Information   : 

4.3  Antenna Type             : TRM57971.00     NONE
     Serial Number            : 4611118324
     Antenna Reference Point  : BAM
     Marker->ARP Up Ecc. (m)  : 0.0000
     Marker->ARP North Ecc(m) : 0.0000
     Marker->ARP East Ecc(m)  : 0.0000
     Alignment from True N    : 0 deg
     Antenna Radome Type      : NONE
     Radome Serial Number     : 
     Antenna Cable Type       : ASHTECH
     Antenna Cable Length     : 10 m
     Date Installed           : 2012-12-05T09:00Z
     Date Removed             : CCYY-MM-DDThh:mmZ
     Additional Information   : 

4.x  Antenna Type             : (A20, from rcvr_ant.tab; see instructions)
     Serial Number            : (A*, but note the first A5 is used in SINEX)
     Antenna Reference Point  : (BPA/BCR/XXX from "antenna.gra"; see instr.)
     Marker->ARP Up Ecc. (m)  : (F8.4)
     Marker->ARP North Ecc(m) : (F8.4)
     Marker->ARP East Ecc(m)  : (F8.4)
     Alignment from True N    : (deg; + is clockwise/east)
     Antenna Radome Type      : (A4 from rcvr_ant.tab; see instructions)
     Radome Serial Number     : 
     Antenna Cable Type       : (vendor & type number)
     Antenna Cable Length     : (m)
     Date Installed           : (CCYY-MM-DDThh:mmZ)
     Date Removed             : (CCYY-MM-DDThh:mmZ)
     Additional Information   : (multiple lines)


5.   Surveyed Local Ties

5.x  Tied Marker Name         : 
     Tied Marker Usage        : (SLR/VLBI/LOCAL CONTROL/FOOTPRINT/etc)
     Tied Marker CDP Number   : (A4)
     Tied Marker DOMES Number : (A9)
     Differential Components from GNSS Marker to the tied monument (ITRS)
       dx (m)                 : (m)
       dy (m)                 : (m)
       dz (m)                 : (m)
     Accuracy (mm)            : (mm)
     Survey method            : (GPS CAMPAIGN/TRILATERATION/TRIANGULATION/etc)
     Date Measured            : (CCYY-MM-DDThh:mmZ)
     Additional Information   : (multiple lines)


6.   Frequency Standard

6.1  Standard Type            : INTERNAL
       Input Frequency        : 
       Effective Dates        : 2000-01-22/CCYY-MM-DD
       Notes                  : 

6.x  Standard Type            : (INTERNAL or EXTERNAL H-MASER/CESIUM/etc)
       Input Frequency        : (if external)
       Effective Dates        : (CCYY-MM-DD/CCYY-MM-DD)
       Notes                  : (multiple lines)


7.   Collocation Information

7.1  Instrumentation Type     : ACOUSTIC TIDE GAUGE
       Status                 : PERMANENT
       Effective Dates        : 2000-06-06/CCYY-MM-DD
       Notes                  : Status : operational

7.x  Instrumentation Type     : (GPS/GLONASS/DORIS/PRARE/SLR/VLBI/TIME/etc)
       Status                 : (PERMANENT/MOBILE)
       Effective Dates        : (CCYY-MM-DD/CCYY-MM-DD)
       Notes                  : (multiple lines)


8.   Meteorological Instrumentation

8.1.x  Humidity Sensor Model  : 
       Manufacturer           : 
       Serial Number          : 
       Data Sampling Interval : (sec)
       Accuracy (% rel h)     : (% rel h)
       Aspiration             : (UNASPIRATED/NATURAL/FAN/etc)
       Height Diff to Ant     : (m)
       Calibration date       : (CCYY-MM-DD)
       Effective Dates        : (CCYY-MM-DD/CCYY-MM-DD)
       Notes                  : (multiple lines)

8.2.x  Pressure Sensor Model  : 
       Manufacturer           : 
       Serial Number          : 
       Data Sampling Interval : (sec)
       Accuracy               : (hPa)
       Height Diff to Ant     : (m)
       Calibration date       : (CCYY-MM-DD)
       Effective Dates        : (CCYY-MM-DD/CCYY-MM-DD)
       Notes                  : (multiple lines)

8.3.x  Temp. Sensor Model     : 
       Manufacturer           : 
       Serial Number          : 
       Data Sampling Interval : (sec)
       Accuracy               : (deg C)
       Aspiration             : (UNASPIRATED/NATURAL/FAN/etc)
       Height Diff to Ant     : (m)
       Calibration date       : (CCYY-MM-DD)
       Effective Dates        : (CCYY-MM-DD/CCYY-MM-DD)
       Notes                  : (multiple lines)

8.4.x  Water Vapor Radiometer : 
       Manufacturer           : 
       Serial Number          : 
       Distance to Antenna    : (m)
       Height Diff to Ant     : (m)
       Calibration date       : (CCYY-MM-DD)
       Effective Dates        : (CCYY-MM-DD/CCYY-MM-DD)
       Notes                  : (multiple lines)

8.5.x  Other Instrumentation  : (multiple lines)


9.   Local Ongoing Conditions Possibly Affecting Computed Position

9.1.x  Radio Interferences    : (TV/CELL PHONE ANTENNA/RADAR/etc)
       Observed Degradations  : (SN RATIO/DATA GAPS/etc)
       Effective Dates        : (CCYY-MM-DD/CCYY-MM-DD)
       Additional Information : (multiple lines)

9.2.x  Multipath Sources      : (METAL ROOF/DOME/VLBI ANTENNA/etc)
       Effective Dates        : (CCYY-MM-DD/CCYY-MM-DD)
       Additional Information : (multiple lines)

9.3.x  Signal Obstructions    : (TREES/BUILDINGS/etc)
       Effective Dates        : (CCYY-MM-DD/CCYY-MM-DD)
       Additional Information : (multiple lines)


10.  Local Episodic Effects Possibly Affecting Data Quality

10.x Date                     : (CCYY-MM-DD/CCYY-MM-DD)
     Event                    : (TREE CLEARING/CONSTRUCTION/etc)

11.  On-Site, Point of Contact Agency Information

     Agency                   : Institut National de l'Information Geographique
                              : et Forestiere
     Preferred Abbreviation   : IGN-SGN
     Mailing Address          : 73 avenue de Paris
                              : 94160 Saint-Mandé FRANCE
     Primary Contact
       Contact Name           : RGP Team
       Telephone (primary)    : 00 33 (0)1 43 98 83 39
       Telephone (secondary)  : 
       Fax                    : 00 33 (0)1 43 98 84 50
       E-mail                 : rgpadmin@ign.fr
     Secondary Contact
       Contact Name           : 
       Telephone (primary)    : 
       Telephone (secondary)  : 
       Fax                    : 
       E-mail                 : 
     Additional Information   : 


12.  Responsible Agency (if different from 11.)

     Agency                   : 
     Preferred Abbreviation   : 
     Mailing Address          : 
     Primary Contact
       Contact Name           : 
       Telephone (primary)    : 
       Telephone (secondary)  : 
       Fax                    : 
       E-mail                 : 
     Secondary Contact
       Contact Name           : 
       Telephone (primary)    : 
       Telephone (secondary)  : 
       Fax                    : 
       E-mail                 : 
     Additional Information   : 

13.  More Information

     Primary Data Center      : BKG
     Secondary Data Center    : OLG
     URL for More Information : http://rgp.ign.fr
     Hardcopy on File
       Site Map               : http://rgp.ign.fr
       Site Diagram           : 
       Horizon Mask           : 
       Monument Description   : 
       Site Pictures          : http://rgp.ign.fr
     Additional Information   : 
     Antenna Graphics with Dimensions

TRM57971.00

   / --------------------------------------------- \
  +                                                 +
   \ --------------------------------------------- /
                   \               /
                    \             /
                     \-----+-----/                        <--  0.0000  BAM=ARP

