     AOML Site Information Form
     NGS Continuously Operating Reference Station
     See Instructions at:
       ftp://igscb.jpl.nasa.gov/pub/station/general/sitelog_instr.txt


0.   Form

     Prepared by (full name)  : cors-adm
     Date Prepared            : 2015-03-23
     Report Type              : UPDATE
     If Update:
      Previous Site Log       : aoml_20141125.log
      Modified/Added Sections : 1 2


1.   Site Identification of the GNSS Monument
     Site Name                : Atlantic Oceanographic & Met Lab
     Four Character ID        : AOML
     Monument Inscription     : NONE
     IERS DOMES Number        : 49914S001
     CDP Number               : (A4)
     Monument Description     : STEEL MAST
       Height of the Monument : (m)
       Monument Foundation    : (STEEL RODS, CONCRETE BLOCK, ROOF, etc)
       Foundation Depth       : (m)
     Marker Description       : (CHISELLED CROSS/DIVOT/BRASS NAIL/etc)
     Date Installed           : 1997-11-20T00:00Z
     Geologic Characteristic  : (BEDROCK/CLAY/CONGLOMERATE/GRAVEL/SAND/etc)
       Bedrock Type           : (IGNEOUS/METAMORPHIC/SEDIMENTARY)
       Bedrock Condition      : (FRESH/JOINTED/WEATHERED)
       Fracture Spacing       : (1-10 cm/10-50 cm/50-200 cm/over 200 cm)
       Fault zones nearby     : (YES/NO/Name of the zone)
         Distance/activity    : (multiple lines)
     Additional Information   : Decommissioned on 2004/04/05


2.   Site Location Information

     City or Town             : Key Biscayne, Miami
     State or Province        : Florida
     Country                  : United States
     Tectonic Plate           : North American
     Approximate Position (ITRF)
       X coordinate (m)       : 982296.723
       Y coordinate (m)       : -5664607.219
       Z coordinate (m)       : 2752614.499
       Latitude (N is +)      : +254404.89
       Longitude (E is +)     : -0800943.92
       Elevation (m,ellips.)  : 0.1
     Additional Information   : ARP IGS08 POSITION (EPOCH 2005.00)
                              : Published by the IGS in Nov 2010.


3.   GNSS Receiver Information

3.1  Receiver Type            : ROGUE SNR-8000
     Satellite System         : GPS
     Serial Number            : T145
     Firmware Version         : 3.2.32.1
     Elevation Cutoff Setting : (deg)
     Date Installed           : 1997-11-20
     Date Removed             : 1998-04-15T13:12Z
     Temperature Stabiliz.    : (none or tolerance in degrees C)
     Additional Information   :

3.2  Receiver Type            : ROGUE SNR-8000
     Satellite System         : GPS
     Serial Number            : T316
     Firmware Version         : 3.2.32.1
     Elevation Cutoff Setting : (deg)
     Date Installed           : 1998-04-16T18:41Z
     Date Removed             : 1998-05-04T14:00Z
     Temperature Stabiliz.    : (none or tolerance in degrees C)
     Additional Information   :

3.3  Receiver Type            : ROGUE SNR-8000
     Satellite System         : GPS
     Serial Number            : T148
     Firmware Version         : 3.2.32.1
     Elevation Cutoff Setting : (deg)
     Date Installed           : 1998-05-05T19:30Z
     Date Removed             : 1999-03-23T15:54Z
     Temperature Stabiliz.    : (none or tolerance in degrees C)
     Additional Information   :

3.4  Receiver Type            : ROGUE SNR-8000
     Satellite System         : GPS
     Serial Number            : T148
     Firmware Version         : 3.2.32.8
     Elevation Cutoff Setting : (deg)
     Date Installed           : 1999-03-24
     Date Removed             : 1999-08-10T15:35Z
     Temperature Stabiliz.    : (none or tolerance in degrees C)
     Additional Information   : firmware upgrade

3.5  Receiver Type            : ROGUE SNR-8000
     Satellite System         : GPS
     Serial Number            : T148
     Firmware Version         : 3.2.32.9
     Elevation Cutoff Setting : (deg)
     Date Installed           : 1999-08-10T15:44Z
     Date Removed             : 2000-01-13T19:40Z
     Temperature Stabiliz.    : (none or tolerance in degrees C)
     Additional Information   : firmware upgrade; receiver

3.6  Receiver Type            : ROGUE SNR-8000
     Satellite System         : GPS
     Serial Number            : T146
     Firmware Version         : 3.2.32.9
     Elevation Cutoff Setting : (deg)
     Date Installed           : 2000-01-13T19:40Z
     Date Removed             : 2000-07-25T18:43Z
     Temperature Stabiliz.    : (none or tolerance in degrees C)
     Additional Information   : upgraded firmware

3.7  Receiver Type            : ROGUE SNR-8000
     Satellite System         : GPS
     Serial Number            : T146
     Firmware Version         : 3.2.32.10
     Elevation Cutoff Setting : (deg)
     Date Installed           : 2000-07-25T18:43Z
     Date Removed             : 2000-08-16T15:13Z
     Temperature Stabiliz.    : (none or tolerance in degrees C)
     Additional Information   : upgraded firmware

3.8  Receiver Type            : ROGUE SNR-8000
     Satellite System         : GPS
     Serial Number            : T146
     Firmware Version         : 3.2.32.11
     Elevation Cutoff Setting : (deg)
     Date Installed           : 2000-08-16T15:34Z
     Date Removed             : 2004-04-05
     Temperature Stabiliz.    : (none or tolerance in degrees C)
     Additional Information   : Decommissioned

3.x  Receiver Type            : (A20, from rcvr_ant.tab; see instructions)
     Satellite System         : (GPS+GLO+GAL+BDS+QZSS+SBAS)
     Serial Number            : (A20, but note the first A5 is used in SINEX)
     Firmware Version         : (A11)
     Elevation Cutoff Setting : (deg)
     Date Installed           : (CCYY-MM-DDThh:mmZ)
     Date Removed             : (CCYY-MM-DDThh:mmZ)
     Temperature Stabiliz.    : (none or tolerance in degrees C)
     Additional Information   : (multiple lines)


4.   GNSS Antenna Information

4.1  Antenna Type             : AOAD/M_T        NONE
     Serial Number            : 148
     Antenna Reference Point  : BPA
     Marker->ARP Up Ecc. (m)  : 0.0000
     Marker->ARP North Ecc(m) : 0.0000
     Marker->ARP East Ecc(m)  : 0.0000
     Alignment from True N    :
     Antenna Radome Type      : NONE
     Radome Serial Number     :
     Antenna Cable Type       : (vendor & type number)
     Antenna Cable Length     : (m)
     Date Installed           : 1997-11-20
     Date Removed             : 1998-05-04T14:00Z
     Additional Information   :

4.2  Antenna Type             : AOAD/M_T        NONE
     Serial Number            : 380
     Antenna Reference Point  : BPA
     Marker->ARP Up Ecc. (m)  : 0.0000
     Marker->ARP North Ecc(m) : 0.0000
     Marker->ARP East Ecc(m)  : 0.0000
     Alignment from True N    :
     Antenna Radome Type      : NONE
     Radome Serial Number     :
     Antenna Cable Type       : (vendor & type number)
     Antenna Cable Length     : (m)
     Date Installed           : 1998-05-05T19:30Z
     Date Removed             : 2004-04-05
     Additional Information   : Decommissioned

4.x  Antenna Type             : (A20, from rcvr_ant.tab; see instructions)
     Serial Number            : (A*, but note the first A5 is used in SINEX)
     Antenna Reference Point  : (BPA/BCR/XXX from "antenna.gra"; see instr.)
     Marker->ARP Up Ecc. (m)  : (F8.4)
     Marker->ARP North Ecc(m) : (F8.4)
     Marker->ARP East Ecc(m)  : (F8.4)
     Alignment from True N    : (deg; + is clockwise/east)
     Antenna Radome Type      : (A4 from rcvr_ant.tab; see instructions)
     Radome Serial Number     :
     Antenna Cable Type       : (vendor & type number)
     Antenna Cable Length     : (m)
     Date Installed           : (CCYY-MM-DDThh:mmZ)
     Date Removed             : (CCYY-MM-DDThh:mmZ)
     Additional Information   : (multiple lines)


5.   Surveyed Local Ties


5.x  Tied Marker Name         :
     Tied Marker Usage        : (SLR/VLBI/LOCAL CONTROL/FOOTPRINT/etc)
     Tied Marker CDP Number   : (A4)
     Tied Marker DOMES Number : (A9)
     Differential Components from GNSS Marker to the tied monument (ITRS)
       dx (m)                 : (m)
       dy (m)                 : (m)
       dz (m)                 : (m)
     Accuracy (mm)            : (mm)
     Survey method            : (GPS CAMPAIGN/TRILATERATION/TRIANGULATION/etc)
     Date Measured            : (CCYY-MM-DDThh:mmZ)
     Additional Information   : (multiple lines)


6.   Frequency Standard

6.1  Standard Type            : INTERNAL
       Input Frequency        :
       Effective Dates        : 1997-11-20/CCYY-MM-DD
       Notes                  : (multiple lines)

6.x  Standard Type            : (INTERNAL or EXTERNAL H-MASER/CESIUM/etc)
       Input Frequency        : (if external)
       Effective Dates        : (CCYY-MM-DD/CCYY-MM-DD)
       Notes                  : (multiple lines)


7.   Collocation Information


7.x  Instrumentation Type     : (GPS/GLONASS/DORIS/PRARE/SLR/VLBI/TIME/etc)
       Status                 : (PERMANENT/MOBILE)
       Effective Dates        : (CCYY-MM-DD/CCYY-MM-DD)
       Notes                  : (multiple lines)

8.   Meteorological Instrumentation


8.1.1 Humidity Sensor Model   : MET3
       Manufacturer           : Paroscientific
       Serial Number          :
       Data Sampling Interval : 5 min
       Accuracy (% rel h)     : 1.0
       Aspiration             : (UNASPIRATED/NATURAL/FAN/etc)
       Height Diff to Ant     : (m)
       Calibration date       : (CCYY-MM-DD)
       Effective Dates        : 1997-12-19/CCYY-MM-DD
       Notes                  : replaced sensor #SN/69796 with sensor SN/70716

8.1.x Humidity Sensor Model   :
       Manufacturer           :
       Serial Number          :
       Data Sampling Interval : (sec)
       Accuracy (% rel h)     : (% rel h)
       Aspiration             : (UNASPIRATED/NATURAL/FAN/etc)
       Height Diff to Ant     : (m)
       Calibration date       : (CCYY-MM-DD)
       Effective Dates        : (CCYY-MM-DD/CCYY-MM-DD)
       Notes                  : (multiple lines)

8.2.1 Pressure Sensor Model   : MET3
       Manufacturer           : Paroscientific
       Serial Number          :
       Data Sampling Interval : 5 min
       Accuracy               : 0.1
       Height Diff to Ant     : 0.9906
       Calibration date       : (CCYY-MM-DD)
       Effective Dates        : 1997-12-19/CCYY-MM-DD
       Notes                  : replaced sensor #SN/69796 with sensor SN/70716

8.2.x Pressure Sensor Model   :
       Manufacturer           :
       Serial Number          :
       Data Sampling Interval : (sec)
       Accuracy               : (hPa)
       Height Diff to Ant     : (m)
       Calibration date       : (CCYY-MM-DD)
       Effective Dates        : (CCYY-MM-DD/CCYY-MM-DD)
       Notes                  : (multiple lines)

8.3.1 Temp. Sensor Model      : MET3
       Manufacturer           : Paroscientific
       Serial Number          :
       Data Sampling Interval : 5 min
       Accuracy               : 0.5
       Aspiration             : (UNASPIRATED/NATURAL/FAN/etc)
       Height Diff to Ant     : (m)
       Calibration date       : (CCYY-MM-DD)
       Effective Dates        : 1997-12-19/CCYY-MM-DD
       Notes                  : replaced sensor #SN/69796 with sensor SN/70716

8.3.x Temp. Sensor Model      :
       Manufacturer           :
       Serial Number          :
       Data Sampling Interval : (sec)
       Accuracy               : (hPa)
       Aspiration             : (UNASPIRATED/NATURAL/FAN/etc)
       Height Diff to Ant     : (m)
       Calibration date       : (CCYY-MM-DD)
       Effective Dates        : (CCYY-MM-DD/CCYY-MM-DD)
       Notes                  : (multiple lines)

8.4.1 Water Vapor Radiometer  :
       Manufacturer           :
       Serial Number          :
       Distance to Antenna    : (m)
       Height Diff to Ant     : (m)
       Calibration date       : (CCYY-MM-DD)
       Effective Dates        : CCYY-MM-DD/CCYY-MM-DD
       Notes                  : (multiple lines)

8.4.x Water Vapor Radiometer  :
       Manufacturer           :
       Serial Number          :
       Distance to Antenna    : (m)
       Height Diff to Ant     : (m)
       Calibration date       : (CCYY-MM-DD)
       Effective Dates        : (CCYY-MM-DD/CCYY-MM-DD)
       Notes                  : (multiple lines)

8.5.1  Other Instrumentation  : (multiple lines)

8.5.x  Other Instrumentation  :

9.   Local Ongoing Conditions Possibly Affecting Computed Position


9.1.x  Radio Interferences    : (TV/CELL PHONE ANTENNA/RADAR/etc)
       Observed Degredations  : (SN RATIO/DATA GAPS/etc)
       Effective Dates        : (CCYY-MM-DD/CCYY-MM-DD)
       Additional Information : (multiple lines)

9.2.x Multipath Sources       : (METAL ROOF/DOME/VLBI ANTENNA/etc)
       Effective Dates        : (CCYY-MM-DD/CCYY-MM-DD)
       Additional Information : (multiple lines)

9.3.x Signal Obstructions     : (TREES/BUILDLINGS/etc)
       Effective Dates        : (CCYY-MM-DD/CCYY-MM-DD)
       Additional Information : (multiple lines)


10.  Local Episodic Effects Possibly Affecting Data Quality

10.x Date                     : (CCYY-MM-DD/CCYY-MM-DD)
     Event                    : (TREE CLEARING/CONSTRUCTION/etc)


11.  On-Site, Point of Contact Agency Information

     Agency                   : NOAA-National Geodetic Survey
     Preferred Abbreviation   : NOAA-NGS
     Mailing Address          : NOAA, N/NGS6, SSMC3-9111
                              : 1315 East-West Hwy.
                              : Silver Spring, MD 20896, USA
     Primary Contact
       Contact Name           : Giovanni Sella
       Telephone (primary)    : 301-713-3198x126
       Telephone (secondary)  : 301-713-2845
       Fax                    : 301-713-4475
       E-mail                 : ngs.corscollector@noaa.gov
     Secondary Contact
       Contact Name           :
       Telephone (primary)    :
       Telephone (secondary)  :
       Fax                    :
       E-mail                 :
     Additional Information   : (multiple lines)


12.  Responsible Agency (if different from 11.)

     Agency                   : (multiple lines)
     Preferred Abbreviation   : (A10)
     Mailing Address          : (multiple lines)
     Primary Contact
       Contact Name           :
       Telephone (primary)    :
       Telephone (secondary)  :
       Fax                    :
       E-mail                 :
     Secondary Contact
       Contact Name           :
       Telephone (primary)    :
       Telephone (secondary)  :
       Fax                    :
       E-mail                 :
     Additional Information   : (multiple lines)


13.  More Information

     Primary Data Center      : ftp://geodesy.noaa.gov/cors
     Secondary Data Center    : ftp://alt.ngs.noaa.gov/cors
     URL for More Information : http://geodesy.noaa.gov/CORS
       Hardcopy on File
       Site Map               : (Y or URL)
       Site Diagram           : (Y)
       Horizon Mask           : (Y)
       Monument Description   : (Y)
       Site Pictures          : (Y or URL)
     Additional Information   : (multiple lines)
     Antenna Graphics with Dimensions

     ftp://igscb.jpl.nasa.gov/pub/station/general/antenna.gra
