     ARP1 Site Information Form (site log)
     International GPS Service
     See Instructions at:
       ftp://igscb.jpl.nasa.gov/pub/station/general/sitelog_instr.txt

0.   Form

     Prepared by (full name)  : Mike Cline
     Date Prepared            : 2013-05-31
     Report Type              : UPDATE
     If Update:
      Previous Site Log       : arp1_20120305.log
      Modified/Added Sections : 1, 2, 3x, 4.1


1.   Site Identification of the GNSS Monument

     Site Name                : Aransas Pass 1
     Four Character ID        : ARP1
     Monument Inscription     : 
     IERS DOMES Number        : (A9)
     CDP Number               : (A4)
     Monument Description     : STEEL TOWER
       Height of the Monument : (m)
       Monument Foundation    : (STEEL RODS, CONCRETE BLOCK, ROOF, etc)
       Foundation Depth       : (m)
     Marker Description       : (CHISELLED CROSS/DIVOT/BRASS NAIL/etc)
     Date Installed           : 1995-09-20
     Geologic Characteristic  : (BEDROCK/CLAY/CONGLOMERATE/GRAVEL/SAND/etc)
       Bedrock Type           : (IGNEOUS/METAMORPHIC/SEDIMENTARY)
       Bedrock Condition      : (FRESH/JOINTED/WEATHERED)
       Fracture Spacing       : (1-10 cm/11-50 cm/51-200 cm/over 200 cm)
       Fault zones nearby     : (YES/NO/Name of the zone)
         Distance/activity    : (multiple lines)
     Additional Information   : Permantently terminated 08-NOV-1995
                                Replaced by apr3 10-NOV-1995


2.   Site Location Information

     City or Town             : Aransas Pass
     State or Province        : Texas
     Country                  : USA
     Tectonic Plate           : North American 
     Approximate Position (ITRF)
       X coordinate (m)       : -693617.707
       Y coordinate (m)       : -5601305.248
       Z coordinate (m)       : 2960669.279
       Latitude (N is +)      : +275018.24
       Longitude (E is +)     : -0970332.76
       Elevation (m,ellips.)  : -21.0
     Additional Information   : L1 PHASE ITRF93 POSITION (EPOCH 1995.0) computed
                                in Oct. 1995 using 13 days of data.
                               

3.   GNSS Receiver Information

3.1  Receiver Type            : ASHTECH Z-XII3
     Satellite System         : GPS
     Serial Number            : 05063
     Firmware Version         : 1C75
     Elevation Cutoff Setting : (deg)
     Date Installed           : 1995-06-08
     Date Removed             : 1995-11-09
     Temperature Stabiliz.    : (none or tolerance in degrees C)
     Additional Information   : Receiver removed

3.x  Receiver Type            : (A20, from rcvr_ant.tab; see instructions)
     Satellite System         : (GPS+GLO+GAL+BDS+QZSS+SBAS)
     Serial Number            : (A20, but note the first A5 is used in SINEX)
     Firmware Version         : (A11)
     Elevation Cutoff Setting : (deg)
     Date Installed           : (CCYY-MM-DDThh:mmZ)
     Date Removed             : (CCYY-MM-DDThh:mmZ)
     Temperature Stabiliz.    : (none or tolerance in degrees C)
     Additional Information   : (multiple lines)


4.   GNSS Antenna Information

4.1  Antenna Type             : ASH700829.3     SNOW
     Serial Number            : 11393
     Antenna Reference Point  : BPA
     Marker->ARP Up Ecc. (m)  : 0.0000
     Marker->ARP North Ecc(m) : 0.0000
     Marker->ARP East Ecc(m)  : 0.0000
     Alignment from True N    : 
     Antenna Radome Type      : SNOW
     Radome Serial Number     : (A4 from rcvr_ant.tab; see instructions)
     Antenna Cable Type       : (vendor & type number)
     Antenna Cable Length     : (m)
     Date Installed           : 1995-06-08
     Date Removed             : 1995-11-09
     Additional Information   : Converted ARP N & E from F8.4 to 0.0000

4.x  Antenna Type             : (A20, from rcvr_ant.tab; see instructions)
     Serial Number            : (A*, but note the first A5 is used in SINEX)
     Antenna Reference Point  : (BPA/BCR/XXX from "antenna.gra"; see instr.)
     Marker->ARP Up Ecc. (m)  : (F8.4)
     Marker->ARP North Ecc(m) : (F8.4)
     Marker->ARP East Ecc(m)  : (F8.4)
     Alignment from True N    : (deg; + is clockwise/east)
     Antenna Radome Type      : (A4 from rcvr_ant.tab; see instructions)
     Radome Serial Number     :
     Antenna Cable Type       : (vendor & type number)
     Antenna Cable Length     : (m)
     Date Installed           : (CCYY-MM-DDThh:mmZ)
     Date Removed             : (CCYY-MM-DDThh:mmZ)
     Additional Information   : (multiple lines)


5.   Surveyed Local Ties

5.x  Tied Marker Name         :
     Tied Marker Usage        : (SLR/VLBI/LOCAL CONTROL/FOOTPRINT/etc)
     Tied Marker CDP Number   : (A4)
     Tied Marker DOMES Number : (A9)
     Differential Components from GNSS Marker to the tied monument (ITRS)
       dx (m)                 : (m)
       dy (m)                 : (m)
       dz (m)                 : (m)
     Accuracy (mm)            : (mm)
     Survey method            : (GPS CAMPAIGN/TRILATERATION/TRIANGULATION/etc)
     Date Measured            : (CCYY-MM-DDThh:mmZ)
     Additional Information   : (multiple lines)


6.   Frequency Standard

6.1  Standard Type            : INTERNAL
       Input Frequency        : (if external)
       Effective Dates        : (CCYY-MM-DD/CCYY-MM-DD)
       Notes                  : (multiple lines)

6.x  Standard Type            : (INTERNAL or EXTERNAL H-MASER/CESIUM/etc)
       Input Frequency        : (if external)
       Effective Dates        : (CCYY-MM-DD/CCYY-MM-DD)
       Notes                  : (multiple lines)


7.   Collocation Information

7.x  Instrumentation Type     : (GPS/GLONASS/DORIS/PRARE/SLR/VLBI/TIME/etc)
       Status                 : (PERMANENT/MOBILE)
       Effective Dates        : (CCYY-MM-DD/CCYY-MM-DD)
       Notes                  : (multiple lines)


8.   Meteorological Instrumentation

8.1.x Humidity Sensor Model   :
      Manufacturer            :
      Serial Number           :
      Data Sampling Interval  : (sec)
      Accuracy (% rel h)      : (% rel h)
      Aspiration              : (UNASPIRATED/NATURAL/FAN/etc)
      Height Diff to Ant      : (m)
      Calibration date        : (CCYY-MM-DD)
      Effective Dates         : (CCYY-MM-DD/CCYY-MM-DD)
      Notes                   : (multiple lines)

8.2.x Pressure Sensor Model   :
      Manufacturer            :
      Serial Number           :
      Data Sampling Interval  : (sec)
      Accuracy                : (hPa)
      Height Diff to Ant      : (m)
      Calibration date        : (CCYY-MM-DD)
      Effective Dates         : (CCYY-MM-DD/CCYY-MM-DD)
      Notes                   : (multiple lines)

8.3.x Temp. Sensor Model      :
      Manufacturer            :
      Serial Number           :
      Data Sampling Interval  : (sec)
      Accuracy                : (deg C)
      Aspiration              : (UNASPIRATED/NATURAL/FAN/etc)
      Height Diff to Ant      : (m)
      Calibration date        : (CCYY-MM-DD)
      Effective Dates         : (CCYY-MM-DD/CCYY-MM-DD)
      Notes                   : (multiple lines)

8.4.x Water Vapor Radiometer  :
      Manufacturer            :
      Serial Number           :
      Distance to Antenna     : (m)
      Height Diff to Ant      : (m)
      Calibration date        : (CCYY-MM-DD)
      Effective Dates         : (CCYY-MM-DD/CCYY-MM-DD)
      Notes                   : (multiple lines)

8.5.x Other Instrumentation   : (multiple lines)


9.  Local Ongoing Conditions Possibly Affecting Computed Position


9.1.x Radio Interferences     : (TV/CELL PHONE ANTENNA/RADAR/etc)
      Observed Degradations   : (SN RATIO/DATA GAPS/etc)
      Effective Dates         : (CCYY-MM-DD/CCYY-MM-DD)
      Additional Information  : (multiple lines)

9.2.x Multipath Sources       : (METAL ROOF/DOME/VLBI ANTENNA/etc)
      Effective Dates         : (CCYY-MM-DD/CCYY-MM-DD)
      Additional Information  : (multiple lines)

9.3.x Signal Obstructions     : (TREES/BUILDLINGS/etc)
      Effective Dates         : (CCYY-MM-DD/CCYY-MM-DD)
      Additional Information  : (multiple lines)


10.  Local Episodic Effects Possibly Affecting Data Quality


10.x  Date                    : (CCYY-MM-DD/CCYY-MM-DD)
      Event                   : (TREE CLEARING/CONSTRUCTION/etc)


11.  On-Site, Point of Contact Agency Information

     Agency                   : U.S. Coast Guard
     Preferred Abbreviation   : (A10)
     Mailing Address          : (multiple lines)
     Primary Contact
       Contact Name           : Supervisor, Shore Support (DGPS) C2CEN
       Telephone (primary)    : 757-686-4064
       Telephone (secondary)  : 
       Fax                    : 
       E-mail                 : 
     Secondary Contact
       Contact Name           : 
       Telephone (primary)    : 
       Telephone (secondary)  : 
       Fax                    : 
       E-mail                 : 
     Additional Information   : (multiple lines)


12.  Responsible Agency (if different from 11.)

     Agency                   : (multiple lines)
     Preferred Abbreviation   : (A10)
     Mailing Address          : (multiple lines)
     Primary Contact
       Contact Name           : 
       Telephone (primary)    : 
       Telephone (secondary)  : 
       Fax                    : 
       E-mail                 : 
     Secondary Contact
       Contact Name           : 
       Telephone (primary)    : 
       Telephone (secondary)  : 
       Fax                    : 
       E-mail                 : 
     Additional Information   : (multiple lines)


13.  More Information

     Primary Data Center      : 
     Secondary Data Center    : 
     URL for More Information : 
     Hardcopy on File
       Site Map               : (Y or URL)
       Site Diagram           : (Y or URL)
       Horizon Mask           : (Y or URL)
       Monument Description   : (Y or URL)
       Site Pictures          : (Y or URL)
     Additional Information   : (multiple lines)
     Antenna Graphics with Dimensions

     (insert text graphic from file antenna.gra)

