     AZU1 Site Information Form (site log)
     International GNSS Service
     See Instructions at:
       ftp://igscb.jpl.nasa.gov/pub/station/general/sitelog_instr.txt

0.   Form

     Prepared by (full name)  : David Maggert
     Date Prepared            : 2013-11-21
     Report Type              : UPDATE
     If Update:
      Previous Site Log       : azu1_20130415.log
      Modified/Added Sections : 1, 2, 4.2, 13


1.   Site Identification of the GNSS Monument

     Site Name                : Azusa
     Four Character ID        : AZU1
     Monument Inscription     : 
     IERS DOMES Number        : 49911M001
     CDP Number               : 
     Monument Description     : shallow rod/braced antenna mount
       Height of the Monument : 1.8
       Monument Foundation    : DEEP-DRILLED BRACED
       Foundation Depth       : 
     Marker Description       : non-standard adapter
     Date Installed           : 1996-07-17T00:00Z
     Geologic Characteristic  : 
       Bedrock Type           : 
       Bedrock Condition      : 
       Fracture Spacing       : 
       Fault zones nearby     : 
         Distance/activity    : 
     Additional Information   : SCIGN - Southern California Integrated GPS 
                              : Network.  Foundation depth unknown.  Old SCIGN
                              : prototype monument.  This era of monument was
                              : 8-10 m deep.  Non-standard adapter, noted in
                              : old USGS report as Smith's.


2.   Site Location Information

     City or Town             : Azusa
     State or Province        : California
     Country                  : United States
     Tectonic Plate           : NORTH AMERICAN
     Approximate Position (ITRF)
       X coordinate (m)       : -2472979.3867
       Y coordinate (m)       : -4671338.0652
       Z coordinate (m)       : 3558107.7527
       Latitude (N is +)      : +340733.66
       Longitude (E is +)     : -1175347.35
       Elevation (m,ellips.)  : 144.75
     Additional Information   : Located at Azusa High School, L.A. Co.
                              : Los Angeles County.


3.   GNSS Receiver Information

3.1  Receiver Type            : ROGUE SNR-8000
     Satellite System         : GPS
     Serial Number            : T-129
     Firmware Version         : 3.2 link 03/09/95
     Elevation Cutoff Setting : 
     Date Installed           : 1996-07-17T00:00Z
     Date Removed             : 1999-01-06T00:00Z
     Temperature Stabiliz.    : 
     Additional Information   : Initial measurements.

3.2  Receiver Type            : ASHTECH Z-XII3
     Satellite System         : GPS
     Serial Number            : LP03031
     Firmware Version         : CB00
     Elevation Cutoff Setting : 10
     Date Installed           : 1999-01-06T00:00Z
     Date Removed             : 1999-06-09T17:00Z
     Temperature Stabiliz.    : 
     Additional Information   : Receiver swap.

3.3  Receiver Type            : ASHTECH Z-XII3
     Satellite System         : GPS
     Serial Number            : LP02627
     Firmware Version         : CC00
     Elevation Cutoff Setting : 10
     Date Installed           : 1999-06-09T17:00Z
     Date Removed             : 2008-02-12T15:32Z
     Temperature Stabiliz.    : 
     Additional Information   : Firmware upgrade for GPS week 
                              : rollover-compliance.

3.4  Receiver Type            : TRIMBLE NETRS
     Satellite System         : GPS
     Serial Number            : 4641123518
     Firmware Version         : 1.1-2
     Elevation Cutoff Setting : 0
     Date Installed           : 2008-02-12T15:32Z
     Date Removed             : 2008-10-03T17:31Z
     Temperature Stabiliz.    : 
     Additional Information   : 

3.5  Receiver Type            : TRIMBLE NETRS
     Satellite System         : GPS
     Serial Number            : 4611206649
     Firmware Version         : 1.1-2
     Elevation Cutoff Setting : 0
     Date Installed           : 2008-10-03T17:31Z
     Date Removed             : 2010-07-20T00:00Z
     Temperature Stabiliz.    : 
     Additional Information   : 

3.6  Receiver Type            : TRIMBLE NETRS
     Satellite System         : GPS
     Serial Number            : 4611206649
     Firmware Version         : 1.3-0
     Elevation Cutoff Setting : 0
     Date Installed           : 2010-07-20T00:00Z
     Date Removed             : CCYY-MM-DDThh:mmZ
     Temperature Stabiliz.    : 
     Additional Information   : 

3.x  Receiver Type            : (A20, from rcvr_ant.tab; see instructions)
     Satellite System         : (GPS+GLO+GAL+BDS+QZSS+SBAS)
     Serial Number            : (A20, but note the first A5 is used in SINEX)
     Firmware Version         : (A11)
     Elevation Cutoff Setting : (deg)
     Date Installed           : (CCYY-MM-DDThh:mmZ)
     Date Removed             : (CCYY-MM-DDThh:mmZ)
     Temperature Stabiliz.    : (none or tolerance in degrees C)
     Additional Information   : (multiple lines)


4.   GNSS Antenna Information

4.1  Antenna Type             : AOAD/M_T        JPLA
     Serial Number            : 470
     Antenna Reference Point  : BPA
     Marker->ARP Up Ecc. (m)  : 0.0814
     Marker->ARP North Ecc(m) : 0.0000
     Marker->ARP East Ecc(m)  : 0.0000
     Alignment from True N    : 
     Antenna Radome Type      : JPLA
     Radome Serial Number     : 
     Antenna Cable Type       : 
     Antenna Cable Length     : 
     Date Installed           : 1996-07-17T00:00Z
     Date Removed             : 2004-08-05T00:00Z
     Additional Information   : 

4.2  Antenna Type             : ASH701945B_M    SCIS
     Serial Number            : CR19991901
     Antenna Reference Point  : BPA
     Marker->ARP Up Ecc. (m)  : 0.0814
     Marker->ARP North Ecc(m) : 0.0000
     Marker->ARP East Ecc(m)  : 0.0000
     Alignment from True N    : 0
     Antenna Radome Type      : SCIS
     Radome Serial Number     : 0210
     Antenna Cable Type       : 9913
     Antenna Cable Length     : 
     Date Installed           : 2004-08-05T00:00Z
     Date Removed             : CCYY-MM-DDThh:mmZ
     Additional Information   : Antenna alignment presumed to be due north as
                              : there is no other indication that it deviates.

4.x  Antenna Type             : (A20, from rcvr_ant.tab; see instructions)
     Serial Number            : (A*, but note the first A5 is used in SINEX)
     Antenna Reference Point  : (BPA/BCR/XXX from "antenna.gra"; see instr.)
     Marker->ARP Up Ecc. (m)  : (F8.4)
     Marker->ARP North Ecc(m) : (F8.4)
     Marker->ARP East Ecc(m)  : (F8.4)
     Alignment from True N    : (deg; + is clockwise/east)
     Antenna Radome Type      : (A4 from rcvr_ant.tab; see instructions)
     Radome Serial Number     : 
     Antenna Cable Type       : (vendor & type number)
     Antenna Cable Length     : (m)
     Date Installed           : (CCYY-MM-DDThh:mmZ)
     Date Removed             : (CCYY-MM-DDThh:mmZ)
     Additional Information   : (multiple lines)


5.   Surveyed Local Ties

5.x  Tied Marker Name         : 
     Tied Marker Usage        : (SLR/VLBI/LOCAL CONTROL/FOOTPRINT/etc)
     Tied Marker CDP Number   : (A4)
     Tied Marker DOMES Number : (A9)
     Differential Components from GNSS Marker to the tied monument (ITRS)
       dx (m)                 : (m)
       dy (m)                 : (m)
       dz (m)                 : (m)
     Accuracy (mm)            : (mm)
     Survey method            : (GPS CAMPAIGN/TRILATERATION/TRIANGULATION/etc)
     Date Measured            : (CCYY-MM-DDThh:mmZ)
     Additional Information   : (multiple lines)


6.   Frequency Standard

6.1  Standard Type            : INTERNAL
       Input Frequency        : 
       Effective Dates        : 1996-07-17/CCYY-MM-DD
       Notes                  : 

6.x  Standard Type            : (INTERNAL or EXTERNAL H-MASER/CESIUM/etc)
       Input Frequency        : (if external)
       Effective Dates        : (CCYY-MM-DD/CCYY-MM-DD)
       Notes                  : (multiple lines)


7.   Collocation Information

7.x  Instrumentation Type     : (GPS/GLONASS/DORIS/PRARE/SLR/VLBI/TIME/etc)
       Status                 : (PERMANENT/MOBILE)
       Effective Dates        : (CCYY-MM-DD/CCYY-MM-DD)
       Notes                  : (multiple lines)


8.   Meteorological Instrumentation

8.1.x  Humidity Sensor Model  : 
       Manufacturer           : 
       Serial Number          : 
       Data Sampling Interval : (sec)
       Accuracy (% rel h)     : (% rel h)
       Aspiration             : (UNASPIRATED/NATURAL/FAN/etc)
       Height Diff to Ant     : (m)
       Calibration date       : (CCYY-MM-DD)
       Effective Dates        : (CCYY-MM-DD/CCYY-MM-DD)
       Notes                  : (multiple lines)

8.2.x  Pressure Sensor Model  : 
       Manufacturer           : 
       Serial Number          : 
       Data Sampling Interval : (sec)
       Accuracy               : (hPa)
       Height Diff to Ant     : (m)
       Calibration date       : (CCYY-MM-DD)
       Effective Dates        : (CCYY-MM-DD/CCYY-MM-DD)
       Notes                  : (multiple lines)

8.3.x  Temp. Sensor Model     : 
       Manufacturer           : 
       Serial Number          : 
       Data Sampling Interval : (sec)
       Accuracy               : (deg C)
       Aspiration             : (UNASPIRATED/NATURAL/FAN/etc)
       Height Diff to Ant     : (m)
       Calibration date       : (CCYY-MM-DD)
       Effective Dates        : (CCYY-MM-DD/CCYY-MM-DD)
       Notes                  : (multiple lines)

8.4.x  Water Vapor Radiometer : 
       Manufacturer           : 
       Serial Number          : 
       Distance to Antenna    : (m)
       Height Diff to Ant     : (m)
       Calibration date       : (CCYY-MM-DD)
       Effective Dates        : (CCYY-MM-DD/CCYY-MM-DD)
       Notes                  : (multiple lines)

8.5.x  Other Instrumentation  : (multiple lines)


9.   Local Ongoing Conditions Possibly Affecting Computed Position

9.1.x  Radio Interferences    : (TV/CELL PHONE ANTENNA/RADAR/etc)
       Observed Degradations  : (SN RATIO/DATA GAPS/etc)
       Effective Dates        : (CCYY-MM-DD/CCYY-MM-DD)
       Additional Information : (multiple lines)

9.2.x  Multipath Sources      : (METAL ROOF/DOME/VLBI ANTENNA/etc)
       Effective Dates        : (CCYY-MM-DD/CCYY-MM-DD)
       Additional Information : (multiple lines)

9.3.x  Signal Obstructions    : (TREES/BUILDINGS/etc)
       Effective Dates        : (CCYY-MM-DD/CCYY-MM-DD)
       Additional Information : (multiple lines)


10.  Local Episodic Effects Possibly Affecting Data Quality

10.x Date                     : (CCYY-MM-DD/CCYY-MM-DD)
     Event                    : (TREE CLEARING/CONSTRUCTION/etc)

11.  On-Site, Point of Contact Agency Information

     Agency                   : UNAVCO
     Preferred Abbreviation   : UNAVCO
     Mailing Address          : 6350 Nautilus Dr.
                              : Boulder, CO  80301 USA
     Primary Contact
       Contact Name           : Karl Feaux
       Telephone (primary)    : 303-381-7556
       Telephone (secondary)  : 
       Fax                    : 
       E-mail                 : feaux@unavco.org
     Secondary Contact
       Contact Name           : David Phillips
       Telephone (primary)    : 303-381-7471
       Telephone (secondary)  : 
       Fax                    : 
       E-mail                 : dap@unavco.org
     Additional Information   : 


12.  Responsible Agency (if different from 11.)

     Agency                   : 
     Preferred Abbreviation   : 
     Mailing Address          : 
     Primary Contact
       Contact Name           : 
       Telephone (primary)    : 
       Telephone (secondary)  : 
       Fax                    : 
       E-mail                 : 
     Secondary Contact
       Contact Name           : 
       Telephone (primary)    : 
       Telephone (secondary)  : 
       Fax                    : 
       E-mail                 : 
     Additional Information   : 

13.  More Information

     Primary Data Center      : CDDIS
     Secondary Data Center    : IGN
     URL for More Information : http://www.unavco.org
     Hardcopy on File
       Site Map               : 
       Site Diagram           : 
       Horizon Mask           : 
       Monument Description   : 
       Site Pictures          : 
     Additional Information   : 
     Antenna Graphics with Dimensions
                             
     (insert text graphic from antenna.gra)





