     BAIA Site Information Form (site log)
     International GNSS Service
     See Instructions at:
       ftp://igscb.jpl.nasa.gov/pub/station/general/sitelog_instr.txt


0.   Form

     Prepared by (full name)  : Vlad SORTA
     Date Prepared            : 2015-09-18
     Report Type              : UPDATE
     If Update:
      Previous Site Log       : baia_20130124.log
      Modified/Added Sections : 11


1.   Site Identification of the GNSS Monument

     Site Name                : Baia Mare
     Four Character ID        : BAIA
     Monument Inscription     : 
     IERS DOMES Number        : 11406M001
     CDP Number               : (A4)
     Monument Description     : STEEL MAST
       Height of the Monument : 4.00 m
       Monument Foundation    : ROOF
       Foundation Depth       : (m)
     Marker Description       : (CHISELLED CROSS/DIVOT/BRASS NAIL/etc)
     Date Installed           : 2005-06-10T12:00Z
     Geologic Characteristic  : CONGLOMERATE
       Bedrock Type           : IGNEOUS
       Bedrock Condition      : WEATHERED
       Fracture Spacing       : (0 cm/1-10 cm/11-50 cm/51-200 cm/over 200 cm)
       Fault zones nearby     : NO
         Distance/activity    : (multiple lines)
     Additional Information   : The GPS station Baia Mare is located on
                              : the top of the County Office for Cadastre
                              : and Land Registration.
                              : This area represents a complex
                              : segment of the Neogene/Quaternary volcanic
                              : belt of the Inner Carpathians and borders the
                              : northeastern margin of the Panonian Basin.


2.   Site Location Information

     City or Town             : Baia Mare
     State or Province        : Maramures
     Country                  : Romania
     Tectonic Plate           : EURASIAN
     Approximate Position (ITRF)
       X coordinate (m)       : 3945840.2
       Y coordinate (m)       : 1720428.1
       Z coordinate (m)       : 4691082.6
       Latitude (N is +)      : +473906.42
       Longitude (E is +)     : +0233327.76
       Elevation (m,ellips.)  :   271.0
     Additional Information   : (multiple lines)


3.   GNSS Receiver Information

3.1  Receiver Type            : LEICA GRX1200PRO
     Satellite System         : GPS
     Serial Number            : 451105
     Firmware Version         : 1.31/2.120
     Elevation Cutoff Setting : 5 deg
     Date Installed           : 2005-06-10T12:00Z
     Date Removed             : 2012-09-27T12:00Z
     Temperature Stabiliz.    : (deg C) +/- (deg C)
     Additional Information   : (multiple lines)

3.2  Receiver Type            : LEICA GRX1200PRO
     Satellite System         : GPS
     Serial Number            : 451105
     Firmware Version         : 8.51/2.120
     Elevation Cutoff Setting : 5 deg
     Date Installed           : 2012-09-27T13:00Z
     Date Removed             : 2012-10-01T11:00Z
     Temperature Stabiliz.    : (deg C) +/- (deg C)
     Additional Information   : (multiple lines)

3.3  Receiver Type            : LEICA GRX1200PRO
     Satellite System         : GPS
     Serial Number            : 451105
     Firmware Version         : 8.51/2.127
     Elevation Cutoff Setting : 5 deg
     Date Installed           : 2012-10-01T12:00Z
     Date Removed             : CCYY-MM-DDThh:mmZ
     Temperature Stabiliz.    : (deg C) +/- (deg C)
     Additional Information   : (multiple lines)

3.x  Receiver Type            : (A20, from rcvr_ant.tab; see instructions)
     Satellite System         : (GPS+GLO+GAL+BDS+QZSS+SBAS)
     Serial Number            : (A20, but note the first A5 is used in SINEX)
     Firmware Version         : (A11)
     Elevation Cutoff Setting : (deg)
     Date Installed           : (CCYY-MM-DDThh:mmZ)
     Date Removed             : (CCYY-MM-DDThh:mmZ)
     Temperature Stabiliz.    : (none or tolerance in degrees C)
     Additional Information   : (multiple lines)


4.   GNSS Antenna Information

4.1  Antenna Type             : LEIAT504        LEIS
     Serial Number            : 102187
     Antenna Reference Point  : BPA
     Marker->ARP Up Ecc. (m)  :   0.0000
     Marker->ARP North Ecc(m) :   0.0000
     Marker->ARP East Ecc(m)  :   0.0000
     Alignment from True N    : 0 deg
     Antenna Radome Type      : LEIS
     Radome Serial Number     : 
     Antenna Cable Type       : (vendor & type number)
     Antenna Cable Length     : 30 m
     Date Installed           : 2005-06-10T12:00Z
     Date Removed             : CCYY-MM-DDThh:mmZ
     Additional Information   : (multiple lines)

4.x  Antenna Type             : (A20, from rcvr_ant.tab; see instructions)
     Serial Number            : (A*, but note the first A5 is used in SINEX)
     Antenna Reference Point  : (BPA/BCR/XXX from "antenna.gra"; see instr.)
     Marker->ARP Up Ecc. (m)  : (F8.4)
     Marker->ARP North Ecc(m) : (F8.4)
     Marker->ARP East Ecc(m)  : (F8.4)
     Alignment from True N    : (deg; + is clockwise/east)
     Antenna Radome Type      : (A4 from rcvr_ant.tab; see instructions)
     Radome Serial Number     : 
     Antenna Cable Type       : (vendor & type number)
     Antenna Cable Length     : (m)
     Date Installed           : (CCYY-MM-DDThh:mmZ)
     Date Removed             : (CCYY-MM-DDThh:mmZ)
     Additional Information   : (multiple lines)


5.   Surveyed Local Ties

5.x  Tied Marker Name         : 
     Tied Marker Usage        : (SLR/VLBI/LOCAL CONTROL/FOOTPRINT/etc)
     Tied Marker CDP Number   : (A4)
     Tied Marker DOMES Number : (A9)
     Differential Components from GNSS Marker to the tied monument (ITRS)
       dx (m)                 : (m)
       dy (m)                 : (m)
       dz (m)                 : (m)
     Accuracy (mm)            : (mm)
     Survey method            : (GPS CAMPAIGN/TRILATERATION/TRIANGULATION/etc)
     Date Measured            : (CCYY-MM-DDThh:mmZ)
     Additional Information   : (multiple lines)


6.   Frequency Standard

6.1  Standard Type            : INTERNAL 
       Input Frequency        : (if external)
       Effective Dates        : 2005-06-10/CCYY-MM-DD
       Notes                  : (multiple lines)

6.x  Standard Type            : (INTERNAL or EXTERNAL H-MASER/CESIUM/etc)
       Input Frequency        : (if external)
       Effective Dates        : (CCYY-MM-DD/CCYY-MM-DD)
       Notes                  : (multiple lines)


7.   Collocation Information

7.x  Instrumentation Type     : (GPS/GLONASS/DORIS/PRARE/SLR/VLBI/TIME/etc)
       Status                 : (PERMANENT/MOBILE)
       Effective Dates        : (CCYY-MM-DD/CCYY-MM-DD)
       Notes                  : (multiple lines)


8.   Meteorological Instrumentation

8.1.1  Humidity Sensor Model  : PAROSCIENTIFIC MET3A
       Manufacturer           : PAROSCIENTIFIC
       Serial Number          : 93128
       Data Sampling Interval : 60 s
       Accuracy (% rel h)     : 2
       Aspiration             : FAN
       Height Diff to Ant     : -5 m
       Calibration date       : (CCYY-MM-DD)
       Effective Dates        : 2004-08-20/CCYY-MM-DD
       Notes                  : (multiple lines)

8.1.x  Humidity Sensor Model  : 
       Manufacturer           : 
       Serial Number          : 
       Data Sampling Interval : (sec)
       Accuracy (% rel h)     : (% rel h)
       Aspiration             : (UNASPIRATED/NATURAL/FAN/etc)
       Height Diff to Ant     : (m)
       Calibration date       : (CCYY-MM-DD)
       Effective Dates        : (CCYY-MM-DD/CCYY-MM-DD)
       Notes                  : (multiple lines)

8.2.1  Pressure Sensor Model  : PAROSCIENTIFIC MET3A
       Manufacturer           : PAROSCIENTIFIC
       Serial Number          : 93128
       Data Sampling Interval : 60 s
       Accuracy               : 0.08 hPa
       Height Diff to Ant     : -5 m
       Calibration date       : (CCYY-MM-DD)
       Effective Dates        : 2004-08-20/CCYY-MM-DD
       Notes                  : (multiple lines)

8.2.x  Pressure Sensor Model  : 
       Manufacturer           : 
       Serial Number          : 
       Data Sampling Interval : (sec)
       Accuracy               : (hPa)
       Height Diff to Ant     : (m)
       Calibration date       : (CCYY-MM-DD)
       Effective Dates        : (CCYY-MM-DD/CCYY-MM-DD)
       Notes                  : (multiple lines)

8.3.1  Temp. Sensor Model     : PAROSCIENTIFIC MET3A
       Manufacturer           : PAROSCIENTIFIC
       Serial Number          : 93128
       Data Sampling Interval : 60 s
       Accuracy               : 0.1 deg C
       Aspiration             : FAN
       Height Diff to Ant     : -5 m
       Calibration date       : (CCYY-MM-DD)
       Effective Dates        : 2004-08-20/CCYY-MM-DD
       Notes                  : (multiple lines)

8.3.x  Temp. Sensor Model     : 
       Manufacturer           : 
       Serial Number          : 
       Data Sampling Interval : (sec)
       Accuracy               : (deg C)
       Aspiration             : (UNASPIRATED/NATURAL/FAN/etc)
       Height Diff to Ant     : (m)
       Calibration date       : (CCYY-MM-DD)
       Effective Dates        : (CCYY-MM-DD/CCYY-MM-DD)
       Notes                  : (multiple lines)

8.4.x  Water Vapor Radiometer : 
       Manufacturer           : 
       Serial Number          : 
       Distance to Antenna    : (m)
       Height Diff to Ant     : (m)
       Calibration date       : (CCYY-MM-DD)
       Effective Dates        : (CCYY-MM-DD/CCYY-MM-DD)
       Notes                  : (multiple lines)

8.5.x  Other Instrumentation  : (multiple lines)


9.   Local Ongoing Conditions Possibly Affecting Computed Position

9.1.x  Radio Interferences    : (TV/CELL PHONE ANTENNA/RADAR/etc)
       Observed Degradations  : (SN RATIO/DATA GAPS/etc)
       Effective Dates        : (CCYY-MM-DD/CCYY-MM-DD)
       Additional Information : (multiple lines)

9.2.x  Multipath Sources      : (METAL ROOF/DOME/VLBI ANTENNA/etc)
       Effective Dates        : (CCYY-MM-DD/CCYY-MM-DD)
       Additional Information : (multiple lines)

9.3.x  Signal Obstructions    : (TREES/BUILDINGS/etc)
       Effective Dates        : (CCYY-MM-DD/CCYY-MM-DD)
       Additional Information : (multiple lines)


10.  Local Episodic Effects Possibly Affecting Data Quality

10.x  Date                    : (CCYY-MM-DD/CCYY-MM-DD)
      Event                   : (TREE CLEARING/CONSTRUCTION/etc)


11.  On-Site, Point of Contact Agency Information

     Agency                   : National Agency for Cadastre
                              : and Land Registration
     Preferred Abbreviation   : NACLR
     Mailing Address          : Splaiul Independentei 202A et.1
                              : 060022 Bucharest, ROMANIA
     Primary Contact
       Contact Name           : Vlad SORTA
       Telephone (primary)    : +40-21-2240614
       Telephone (secondary)  : +40-731-950634
       Fax                    : +40-21-2240614
       E-mail                 : vlad.sorta@ancpi.ro
     Secondary Contact
       Contact Name           : Mihaela PUIA
       Telephone (primary)    : +40-21-2240614
       Telephone (secondary)  : +40-731-606262
       Fax                    : +40-21-2240614
       E-mail                 : rompos@ancpi.ro
     Additional Information   : (multiple lines)


12.  Responsible Agency (if different from 11.)

     Agency                   : (multiple lines)
     Preferred Abbreviation   : (A10)
     Mailing Address          : (multiple lines)
     Primary Contact
       Contact Name           : 
       Telephone (primary)    : 
       Telephone (secondary)  : 
       Fax                    : 
       E-mail                 : 
     Secondary Contact
       Contact Name           : 
       Telephone (primary)    : 
       Telephone (secondary)  : 
       Fax                    : 
       E-mail                 : 
     Additional Information   : (multiple lines)


13.  More Information

     Primary Data Center      : OLG
     Secondary Data Center    : BKGE
     URL for More Information : http://www.cngcft.ro/dgc/Harta.htm
     Hardcopy on File
       Site Map               : (Y or URL)
       Site Diagram           : (Y or URL)
       Horizon Mask           : (Y or URL)
       Monument Description   : http://www.cngcft.ro/dgc/Site SGP BAIA.htm
       Site Pictures          : http://www.cngcft.ro/dgc/Site SGP BAIA.htm
     Additional Information   : (multiple lines)
     Antenna Graphics with Dimensions

LEIAT504

                         +-------+                          <-- 0.1393
                       /     +     \                        <-- 0.1282 L2
                      |      +      |                       <-- 0.1093 L1
    +-----------------+-------------+------------------+    <-- 0.1020 TCR
    |                                                  |
    |                                                  |
    |                                                  |
    |                                                  |
  +-+--------------------------------------------------+-+  <-- 0.0380
  +-------------------+-------------+--------------------+  <-- 0.1020 BCR
                      |             |
                      |             |
