     BKAP Site Information Form (site log)
     International GPS Service
     See Instructions at:
       ftp://igscb.jpl.nasa.gov/pub/station/general/sitelog_instr.txt

0.   Form

     Prepared by (full name)  : Susan Jeffries
     Date Prepared            : 2014-09-18
     Report Type              : UPDATE
     If Update:
      Previous Site Log       : bkap_20101029.log
      Modified/Added Sections : (n.n,n.n,...)


1.   Site Identification of the GNSS Monument

     Site Name                : BKAP_SCGN_CS2000
     Four Character ID        : BKAP
     Monument Inscription     : 
     IERS DOMES Number        : 49753M001
     CDP Number               : (A4)
     Monument Description     : Wyatt/Agnew drilled-braced
       Height of the Monument :  (m)
       Monument Foundation    : (STEEL RODS/CONCRETE BLOCK/ROOF/etc)
       Foundation Depth       :  (m)
     Marker Description       : Top of center support screw on SCIGN D3 antenna
                              : adaptor
     Date Installed           : 2000-12-13T00:00Z
     Geologic Characteristic  : Sediments
       Bedrock Type           : (IGNEOUS/METAMORPHIC/SEDIMENTARY)
       Bedrock Condition      : (FRESH/JOINTED/WEATHERED)
       Fracture Spacing       : (1-10 cm/11-50 cm/51-200 cm/over 200 cm)
       Fault zones nearby     : (YES/NO/Name of the zone)
         Distance/activity    : (multiple lines)
     Additional Information   : SCIGN - Southern California Integrated GPS
                              : Network. Monument is Wyatt-type drilled-braced
                              : geodetic 
monument composed of stainless steel
                              : supports and new SCIGN antenna adaptor. Fixed
                              : antenna 
height is 0.0083 m. A secondary
                              : measurement, the adaptor/divot distance, taken
                              : from the 
bottom of the lower adaptor plate to
                              : the center of a divot drill-mark on the
                              : north-facing tripod leg, is not yet measured


2.   Site Location Information

     City or Town             : Baker
     State or Province        : California
     Country                  : United States
     Tectonic Plate           : North America
     Approximate Position (ITRF)
       X coordinate (m)       : -2291496.0517
       Y coordinate (m)       : -4681573.3846
       Z coordinate (m)       : 3664053.3773
       Latitude (N is +)      : +351713.37
       Longitude (E is +)     : -1160449.53
       Elevation (m,ellips.)  : 252.0399
     Additional Information   : San Bernardino County. Ref frame is ITRF2000.
                              : Coordinate system is WGS84.


3.  GNSS Receiver Information

3.1  Receiver Type            : ASHTECH Z-XII3
     Satellite System         : GPS
     Serial Number            : LP03204
     Firmware Version         : CD00
     Elevation Cutoff Setting : 10 deg
     Date Installed           : 2000-12-13T00:00Z
     Date Removed             : 2005-04-20T21:20Z
     Temperature Stabiliz.    : none
     Additional Information   : Initial measurements.

3.2  Receiver Type            : TRIMBLE NETRS
     Satellite System         : GPS
     Serial Number            : 4427235662
     Firmware Version         : 0.3-9
     Elevation Cutoff Setting : 0 deg
     Date Installed           : 2005-04-20T21:20Z
     Date Removed             : 2005-04-25T17:11Z
     Temperature Stabiliz.    : none
     Additional Information   : (multiple lines)

3.3  Receiver Type            : TRIMBLE NETRS
     Satellite System         : GPS
     Serial Number            : 4427235632
     Firmware Version         : 0.3-9
     Elevation Cutoff Setting : 0 deg
     Date Installed           : 2005-04-25T17:11Z
     Date Removed             : 2006-07-11T17:41Z
     Temperature Stabiliz.    : none
     Additional Information   : (multiple lines)

3.4  Receiver Type            : TRIMBLE NETRS
     Satellite System         : GPS
     Serial Number            : 4520250881
     Firmware Version         : 1.1-2
     Elevation Cutoff Setting : 0 deg
     Date Installed           : 2006-07-11T17:41Z
     Date Removed             : 2010-10-28T08:20Z
     Temperature Stabiliz.    : none
     Additional Information   : (multiple lines)

3.5  Receiver Type            : TRIMBLE NETRS
     Satellite System         : GPS
     Serial Number            : 4520250881
     Firmware Version         : 1.3-0
     Elevation Cutoff Setting : 0 deg
     Date Installed           : 2010-10-28T08:20Z
     Date Removed             : 2014-09-17T10:33Z
     Temperature Stabiliz.    : none
     Additional Information   : (multiple lines)

3.6  Receiver Type            : TRIMBLE NETRS
     Satellite System         : GPS
     Serial Number            : 4545260794
     Firmware Version         : 1.3-2
     Elevation Cutoff Setting :  deg
     Date Installed           : 2014-09-17T10:33Z
     Date Removed             : (CCYY-MM-DDThh:mmZ)
     Temperature Stabiliz.    : none
     Additional Information   : (multiple lines)

3.x  Receiver Type            : (A20, from rcvr_ant.tab; see instructions)
     Satellite System         : (GPS+GLO+GAL+BDS+QZSS+SBAS)
     Serial Number            : (A20, but note the first A5 is used in SINEX)
     Firmware Version         : (A11)
     Elevation Cutoff Setting : (deg)
     Date Installed           : (CCYY-MM-DDThh:mmZ)
     Date Removed             : (CCYY-MM-DDThh:mmZ)
     Temperature Stabiliz.    : (none or tolerance in degrees C)
     Additional Information   : (multiple lines)


4.   GNSS Antenna Information

4.1  Antenna Type             : ASH701945B_M    SCIT
     Serial Number            : CR519991734
     Antenna Reference Point  : BPA
     Marker->ARP Up Ecc. (m)  : 0.0083
     Marker->ARP North Ecc(m) :
     Marker->ARP East Ecc(m)  :
     Alignment from True N    : (deg; + is clockwise/east)
     Antenna Radome Type      : SCIT
     Radome Serial Number     : 264
     Antenna Cable Type       : (vendor & type number)
     Antenna Cable Length     : (m)
     Date Installed           : 2000-12-13T00:00Z
     Date Removed             : 2005-04-20T21:20Z
     Additional Information   : (multiple lines)

4.2  Antenna Type             : ASH701945B_M    SCIT
     Serial Number            : CR519991865
     Antenna Reference Point  : BPA
     Marker->ARP Up Ecc. (m)  : 0.0083
     Marker->ARP North Ecc(m) :
     Marker->ARP East Ecc(m)  :
     Alignment from True N    : (deg; + is clockwise/east)
     Antenna Radome Type      : SCIT
     Radome Serial Number     : N/A
     Antenna Cable Type       : (vendor & type number)
     Antenna Cable Length     : (m)
     Date Installed           : 2005-04-20T21:20Z
     Date Removed             : 2010-01-13T11:59Z
     Additional Information   : (multiple lines)

4.3  Antenna Type             : TRM29659.00     SCIT
     Serial Number            : 0220330166
     Antenna Reference Point  : BPA
     Marker->ARP Up Ecc. (m)  : 0.0083
     Marker->ARP North Ecc(m) :
     Marker->ARP East Ecc(m)  :
     Alignment from True N    : (deg; + is clockwise/east)
     Antenna Radome Type      : SCIT
     Radome Serial Number     : N/A
     Antenna Cable Type       : (vendor & type number)
     Antenna Cable Length     : (m)
     Date Installed           : 2010-01-13T12:00Z
     Date Removed             : (CCYY-MM-DDThh:mmZ)
     Additional Information   : (multiple lines)

4.x  Antenna Type             : (A20, from rcvr_ant.tab; see instructions)
     Serial Number            : (A*, but note the first A5 is used in SINEX)
     Antenna Reference Point  : (BPA/BCR/XXX from "antenna.gra"; see instr.)
     Marker->ARP Up Ecc. (m)  : (F8.4)
     Marker->ARP North Ecc(m) : (F8.4)
     Marker->ARP East Ecc(m)  : (F8.4)
     Alignment from True N    : (deg; + is clockwise/east)
     Antenna Radome Type      : (A4 from rcvr_ant.tab; see instructions)
     Radome Serial Number     :
     Antenna Cable Type       : (vendor & type number)
     Antenna Cable Length     : (m)
     Date Installed           : (CCYY-MM-DDThh:mmZ)
     Date Removed             : (CCYY-MM-DDThh:mmZ)
     Additional Information   : (multiple lines)

5.   Surveyed Local Ties

5.x  Tied Marker Name         : 
     Tied Marker Usage        : (SLR/VLBI/LOCAL CONTROL/FOOTPRINT/etc)
     Tied Marker CDP Number   : (A4)
     Tied Marker DOMES Number : (A9)
     Differential Components from GNSS Marker to the tied monument (ITRS)
       dx (m)                 : (m)
       dy (m)                 : (m)
       dz (m)                 : (m)
     Accuracy (mm)            : (mm)
     Survey method            : (GPS CAMPAIGN/TRILATERATION/TRIANGULATION/etc)
     Date Measured            : (CCYY-MM-DDThh:mmZ)
     Additional Information   : (multiple lines)


6.   Frequency Standard

6.1  Standard Type            : INTERNAL
       Input Frequency        :
       Effective Dates        : 2000-12-13/CCYY-MM-DD
       Notes                  : (multiple lines)

6.x  Standard Type            : (INTERNAL or EXTERNAL H-MASER/CESIUM/etc)
       Input Frequency        : (if external)
       Effective Dates        : (CCYY-MM-DD/CCYY-MM-DD)
       Notes                  : (multiple lines)


7.   Collocation Information

7.x  Instrumentation Type     : (GPS/GLONASS/DORIS/PRARE/SLR/VLBI/TIME/etc)
       Status                 : (PERMANENT/MOBILE)
       Effective Dates        : (CCYY-MM-DD/CCYY-MM-DD)
       Notes                  : (multiple lines)


8.   Meteorological Instrumentation

8.1.x Humidity Sensor Model   : 
       Manufacturer           : 
       Serial Number          : 
       Data Sampling Interval : (sec)
       Accuracy (% rel h)     : (% rel h)
       Aspiration             : (UNASPIRATED/NATURAL/FAN/etc)
       Height Diff to Ant     : (m)
       Calibration date       : (CCYY-MM-DD)
       Effective Dates        : (CCYY-MM-DD/CCYY-MM-DD)
       Notes                  : (multiple lines)

8.2.x Pressure Sensor Model   : 
       Manufacturer           : 
       Serial Number          : 
       Data Sampling Interval : (sec)
       Accuracy               : (hPa)
       Height Diff to Ant     : (m)
       Calibration date       : (CCYY-MM-DD)
       Effective Dates        : (CCYY-MM-DD/CCYY-MM-DD)
       Notes                  : (multiple lines)

8.3.x Temp. Sensor Model      : 
       Manufacturer           : 
       Serial Number          : 
       Data Sampling Interval : (sec)
       Accuracy               : (deg C)
       Aspiration             : (UNASPIRATED/NATURAL/FAN/etc)
       Height Diff to Ant     : (m)
       Calibration date       : (CCYY-MM-DD)
       Effective Dates        : (CCYY-MM-DD/CCYY-MM-DD)
       Notes                  : (multiple lines)

8.4.x Water Vapor Radiometer  : 
       Manufacturer           :
       Serial Number          :
       Distance to Antenna    : (m)
       Height Diff to Ant     : (m)
       Calibration date       : (CCYY-MM-DD)
       Effective Dates        : (CCYY-MM-DD/CCYY-MM-DD)
       Notes                  : (multiple lines)

8.5.x Other Instrumentation   : (multiple lines)


9.  Local Ongoing Conditions Possibly Affecting Computed Position

9.1.x Radio Interferences     : (TV/CELL PHONE ANTENNA/RADAR/etc)
       Observed Degradations  : (SN RATIO/DATA GAPS/etc)
       Effective Dates        : (CCYY-MM-DD/CCYY-MM-DD)
       Additional Information : (multiple lines)

9.2.x Multipath Sources       : (METAL ROOF/DOME/VLBI ANTENNA/etc)
       Effective Dates        : (CCYY-MM-DD/CCYY-MM-DD)
       Additional Information : (multiple lines)

9.3.x Signal Obstructions     : (TREES/BUILDINGS/etc)
       Effective Dates        : (CCYY-MM-DD/CCYY-MM-DD)
       Additional Information : (multiple lines)

10.  Local Episodic Effects Possibly Affecting Data Quality

10.x Date                     : (CCYY-MM-DD/CCYY-MM-DD)
     Event                    : (TREE CLEARING/CONSTRUCTION/etc)

11.   On-Site, Point of Contact Agency Information

     Agency                   : 
     Preferred Abbreviation   : 
     Mailing Address          : 
                              : 
     Primary Contact
       Contact Name           : Karl Feaux
       Telephone (primary)    : 303-381-7556
       Telephone (secondary)  :
       Fax                    : 303-381-7552
       E-mail                 : feaux@unavco.org
     Secondary Contact
       Contact Name           : 
       Telephone (primary)    : 
       Telephone (secondary)  :
       Fax                    : 
       E-mail                 : 
     Additional Information   : (multiple lines)


12.  Responsible Agency (if different from 11.)

     Agency                   :
     Preferred Abbreviation   : (A10)
     Mailing Address          :
     Primary Contact
       Contact Name           : 
       Telephone (primary)    : 
       Telephone (secondary)  :
       Fax                    : 
       E-mail                 : 
     Secondary Contact
       Contact Name           :
       Telephone (primary)    :
       Telephone (secondary)  :
       Fax                    :
       E-mail                 :
     Additional Information   : (multiple lines)


13.  More Information

     Primary Data Center      : UNAVCO Boulder Facility Archive
     Secondary Data Center    : 
     URL for More Information : http://www.unavco.org
     Hardcopy on File
       Site Map               : (Y or URL)
       Site Diagram           : (Y or URL)
       Horizon Mask           : (Y or URL)
       Monument Description   : (Y or URL)
       Site Pictures          : (Y or URL)
     Additional Information   : (multiple lines)
     Antenna Graphics with Dimensions

TRM29659.00
TRM59800.00
TRM59800.80
TRM59900.00

                         -----
                     /           \
                    |             |
  +-------------------------------------------------+     <--  0.1020  TCR
  |                                                 |
  |                                                 |
  |                                                 |
  |                                                 |
+-+-------------------------------------------------+-+   <--  0.0381
+-------------------+-------------+-------------------+   <--  0.0350  BCR
                    |             |
                   =|             |
                    +------x------+                       <--  0.0000  BPA=ARP

<--                      0.3810                     -->


















