     BLKV Site Information Form
     ESRL Continuously Operating Reference Station
     See Instructions at:
       ftp://igscb.jpl.nasa.gov/pub/station/general/sitelog_instr.txt


0.   Form

     Prepared by (full name)  : Francine Coloma
     Date Prepared            : 2015-09-29
     Report Type              : UPDATE
     If Update:
      Previous Site Log       : blkv_20150331.log
      Modified/Added Sections : 3.2 3.3 3.4


1.   Site Identification of the GNSS Monument
     Site Name                : Blacksburg
     Four Character ID        : BLKV
     Monument Inscription     :
     IERS DOMES Number        : 49503M001
     CDP Number               :
     Monument Description     : CONCRETE PILLAR
       Height of the Monument : (m)
       Monument Foundation    : CONCRETE CYLINDER
       Foundation Depth       : (m)
     Marker Description       : (CHISELLED CROSS/DIVOT/BRASS NAIL/etc)
     Date Installed           : 1999-03-30T20:00Z
     Geologic Characteristic  : UNKNOWN
       Bedrock Type           : UNKNOWN
       Bedrock Condition      : UNKNOWN
       Fracture Spacing       : UNKNOWN
       Fault zones nearby     : (YES/NO/Name of the zone)
         Distance/activity    : (multiple lines)
     Additional Information   : (multiple lines)


2.   Site Location Information

     City or Town             : Blacksburg
     State or Province        : Virginia
     Country                  : United States
     Tectonic Plate           : North American
     Approximate Position (ITRF)
       X coordinate (m)       : 847028.306
       Y coordinate (m)       : -5015664.762
       Z coordinate (m)       : 3835994.941
       Latitude (N is +)      : +371221.66
       Longitude (E is +)     : -0802452.29
       Elevation (m,ellips.)  : 606.5
     Additional Information   : ARP IGS08 POSITION (EPOCH 2005.00)
                              : Computed in Aug 2011 using data through gpswk
                              :  1631.


3.   GNSS Receiver Information

3.1  Receiver Type            : TRIMBLE 4000SSI
     Satellite System         : GPS
     Serial Number            : 3735A20440
     Firmware Version         : 7.28
     Elevation Cutoff Setting : (deg)
     Date Installed           : 1999-03-30T20:00Z
     Date Removed             : 2011-04-21T18:00Z
     Temperature Stabiliz.    : (none or tolerance in degrees C)
     Additional Information   : (multiple lines)

3.2  Receiver Type            : TRIMBLE NETR9
     Satellite System         : GPS+GLO
     Serial Number            : 5051K72744
     Firmware Version         : 4.22
     Elevation Cutoff Setting : (deg)
     Date Installed           : 2011-04-21T19:00Z
     Date Removed             : 2013-08-13T17:00Z 
     Temperature Stabiliz.    : (none or tolerance in degrees C)
     Additional Information   : (multiple lines)

3.3  Receiver Type            : TRIMBLE NETR9
     Satellite System         : GPS+GLO
     Serial Number            : 5051K72744
     Firmware Version         : 4.81
     Elevation Cutoff Setting : 7 deg
     Date Installed           : 2013-08-13T17:00Z 
     Date Removed             : 2014-04-16T16:00Z
     Temperature Stabiliz.    : (none or tolerance in degrees C)
     Additional Information   : (multiple lines)

3.4  Receiver Type            : TRIMBLE NETR9
     Satellite System         : GPS+GLO
     Serial Number            : 5051K72744
     Firmware Version         : 4.85 
     Elevation Cutoff Setting : 7 deg
     Date Installed           : 2014-04-16T16:00Z 
     Date Removed             : (CCYY-MM-DDThh:mmZ)
     Temperature Stabiliz.    : (none or tolerance in degrees C)
     Additional Information   : (multiple lines)

3.x  Receiver Type            : (A20, from rcvr_ant.tab; see instructions)
     Satellite System         : (GPS+GLO+GAL+BDS+QZSS+SBAS)
     Serial Number            : (A20, but note the first A5 is used in SINEX)
     Firmware Version         : (A11)
     Elevation Cutoff Setting : (deg)
     Date Installed           : (CCYY-MM-DDThh:mmZ)
     Date Removed             : (CCYY-MM-DDThh:mmZ)
     Temperature Stabiliz.    : (none or tolerance in degrees C)
     Additional Information   : (multiple lines)


4.   GNSS Antenna Information

4.1  Antenna Type             : TRM22020.00+GP  NONE
     Serial Number            : 0220057035
     Antenna Reference Point  : BPA
     Marker->ARP Up Ecc. (m)  : 0.0000
     Marker->ARP North Ecc(m) : 0.0000
     Marker->ARP East Ecc(m)  : 0.0000
     Alignment from True N    : 0
     Antenna Radome Type      : NONE
     Radome Serial Number     : (A4 from rcvr_ant.tab; see instructions)
     Antenna Cable Type       : (vendor & type number)
     Antenna Cable Length     : (m)
     Date Installed           : 1999-03-30T20:00Z
     Date Removed             : 2011-04-21T19:00Z)
     Additional Information   : Concrete pier.
                              : Ant ht 1.800(m) likely to ground surface.

4.2  Antenna Type             : TRM57971.00     NONE
     Serial Number            : 1441107334
     Antenna Reference Point  : BAM
     Marker->ARP Up Ecc. (m)  : 0.0000
     Marker->ARP North Ecc(m) : 0.0000
     Marker->ARP East Ecc(m)  : 0.0000
     Alignment from True N    : 0
     Antenna Radome Type      : NONE
     Radome Serial Number     : (A4 from rcvr_ant.tab; see instructions)
     Antenna Cable Type       : (vendor & type number)
     Antenna Cable Length     : (m)
     Date Installed           : 2011-04-21T19:00Z
     Date Removed             : (CCYY-MM-DDThh:mmZ)
     Additional Information   : Concrete pier.
                              : Ant ht 1.800(m) likely to ground surface.

4.x  Antenna Type             : (A20, from rcvr_ant.tab; see instructions)
     Serial Number            : (A*, but note the first A5 is used in SINEX)
     Antenna Reference Point  : (BPA/BCR/XXX from "antenna.gra"; see instr.)
     Marker->ARP Up Ecc. (m)  : (F8.4)
     Marker->ARP North Ecc(m) : (F8.4)
     Marker->ARP East Ecc(m)  : (F8.4)
     Alignment from True N    : (deg; + is clockwise/east)
     Antenna Radome Type      : (A4 from rcvr_ant.tab; see instructions)
     Radome Serial Number     :
     Antenna Cable Type       : (vendor & type number)
     Antenna Cable Length     : (m)
     Date Installed           : (CCYY-MM-DDThh:mmZ)
     Date Removed             : (CCYY-MM-DDThh:mmZ)
     Additional Information   : (multiple lines)


5.   Surveyed Local Ties

5.x  Tied Marker Name         :
     Tied Marker Usage        : (SLR/VLBI/LOCAL CONTROL/FOOTPRINT/etc)
     Tied Marker CDP Number   : (A4)
     Tied Marker DOMES Number : (A9)
     Differential Components from GNSS Marker to the tied monument (ITRS)
       dx (m)                 : (m)
       dy (m)                 : (m)
       dz (m)                 : (m)
     Accuracy (mm)            : (mm)
     Survey method            : (GPS CAMPAIGN/TRILATERATION/TRIANGULATION/etc)
     Date Measured            : (CCYY-MM-DDThh:mmZ)
     Additional Information   : (multiple lines)


6.   Frequency Standard

6.1  Standard Type            : INTERNAL
       Input Frequency        : (if external)
       Effective Dates        : 1999-03-30/CCYY-MM-DD
       Notes                  : (multiple lines)

6.x  Standard Type            : (INTERNAL or EXTERNAL H-MASER/CESIUM/etc)
       Input Frequency        : (if external)
       Effective Dates        : (CCYY-MM-DD/CCYY-MM-DD)
       Notes                  : (multiple lines)


7.   Collocation Information

7.x  Instrumentation Type     : (GPS/GLONASS/DORIS/PRARE/SLR/VLBI/TIME/etc)
       Status                 : (PERMANENT/MOBILE)
       Effective Dates        : (CCYY-MM-DD/CCYY-MM-DD)
       Notes                  : (multiple lines)


8.   Meteorological Instrumentation

8.1.1 Humidity Sensor Model   : HUMICA H-sensor (pn 16663)
       Manufacturer           : Vaisala
       Serial Number          :
       Data Sampling Interval : 15 seconds
       Accuracy (% rel h)     : +/-1%(0...90%RH) +/-2%(90...100%RH)
       Aspiration             : (UNASPIRATED/NATURAL/FAN/etc)
       Height Diff to Ant     : (m)
       Calibration date       : (CCYY-MM-DD)
       Effective Dates        : 1999-03-30/
       Notes                  : NOAA GSOS # 025

8.1.x Humidity Sensor Model   :
       Manufacturer           :
       Serial Number          :
       Data Sampling Interval : (sec)
       Accuracy (% rel h)     : (% rel h)
       Aspiration             : (UNASPIRATED/NATURAL/FAN/etc)
       Height Diff to Ant     : (m)
       Calibration date       : (CCYY-MM-DD)
       Effective Dates        : (CCYY-MM-DD/CCYY-MM-DD)
       Notes                  : (multiple lines)

8.2.1 Pressure Sensor Model   : PTB220
       Manufacturer           : Vaisala
       Serial Number          :
       Data Sampling Interval : 15 seconds
       Accuracy               : +/-0.1
       Height Diff to Ant     : 0.03
       Calibration date       : (CCYY-MM-DD)
       Effective Dates        : 1999-03-30/
       Notes                  : NOAA GSOS # 025

8.2.x Pressure Sensor Model   :
       Manufacturer           :
       Serial Number          :
       Data Sampling Interval : (sec)
       Accuracy               : (hPa)
       Height Diff to Ant     : (m)
       Calibration date       : (CCYY-MM-DD)
       Effective Dates        : (CCYY-MM-DD/CCYY-MM-DD)
       Notes                  : (multiple lines)

8.3.1 Temp. Sensor Model      : PT 100 RTD 1/s DIN 43760B
       Manufacturer           : Vaisala
       Serial Number          :
       Data Sampling Interval : 15 seconds
       Accuracy               : +/-0.1 @ 20.0C
       Aspiration             : (UNASPIRATED/NATURAL/FAN/etc)
       Height Diff to Ant     : (m)
       Calibration date       : (CCYY-MM-DD)
       Effective Dates        : 1999-03-30/
       Notes                  : NOAA GSOS # 025

8.3.x Temp. Sensor Model      :
       Manufacturer           :
       Serial Number          :
       Data Sampling Interval : (sec)
       Accuracy               : (deg C)
       Aspiration             : (UNASPIRATED/NATURAL/FAN/etc)
       Height Diff to Ant     : (m)
       Calibration date       : (CCYY-MM-DD)
       Effective Dates        : (CCYY-MM-DD/CCYY-MM-DD)
       Notes                  : (multiple lines)

8.4.x Water Vapor Radiometer  :
       Manufacturer           :
       Serial Number          :
       Distance to Antenna    : (m)
       Height Diff to Ant     : (m)
       Calibration date       : (CCYY-MM-DD)
       Effective Dates        : (CCYY-MM-DD/CCYY-MM-DD)
       Notes                  : (multiple lines)

8.5.x Other Instrumentation   : (multiple lines)


9.   Local Ongoing Conditions Possibly Affecting Computed Position


9.1.x Radio Interference      : (TV/CELL PHONE ANTENNA/RADAR/etc)
       Observed Degradations  : (SN RATIO/DATA GAPS/etc)
       Effective Dates        : (CCYY-MM-DD/CCYY-MM-DD)
       Additional Information : (multiple lines)

9.2.x Multipath Sources       : (METAL ROOF/DOME/VLBI ANTENNA/etc)
       Effective Dates        : (CCYY-MM-DD/CCYY-MM-DD)
       Additional Information : (multiple lines)

9.3.x Signal Obstructions     : (TREES/BUILDLINGS/etc)
       Effective Dates        : (CCYY-MM-DD/CCYY-MM-DD)
       Additional Information : (multiple lines)


10.  Local Episodic Effects Possibly Affecting Data Quality

10.x Date                     : (CCYY-MM-DD/CCYY-MM-DD)
     Event                    : (TREE CLEARING/CONSTRUCTION/etc)


11.  On-Site, Point of Contact Agency Information

     Agency                   : NOAA, Earth System Research Laboratory
     Preferred Abbreviation   : ESRL
     Mailing Address          : 325 Broadway R/E/FS3
                              : Boulder, CO 80303
     Primary Contact
       Contact Name           : Seth I. Gutman
       Telephone (primary)    : (303) 497-7031
       Telephone (secondary)  : (303) 497-6200
       Fax                    : (303) 497-6014
       E-mail                 : seth.i.gutman@noaa.gov
     Secondary Contact
       Contact Name           : Kirk L. Holub
       Telephone (primary)    : (303) 497-6642
       Telephone (secondary)  : (303) 497-6629
       Fax                    : (303) 497-6014
       E-mail                 : kirk.l.houb@noaa.gov
     Additional Information   : (multiple lines)


12.  Responsible Agency (if different from 11.)

     Agency                   : (multiple lines)
     Preferred Abbreviation   : (A10)
     Mailing Address          : (multiple lines)
     Primary Contact
       Contact Name           :
       Telephone (primary)    :
       Telephone (secondary)  :
       Fax                    :
       E-mail                 :
     Secondary Contact
       Contact Name           :
       Telephone (primary)    :
       Telephone (secondary)  :
       Fax                    :
       E-mail                 :
     Additional Information   : (multiple lines)


13.  More Information

     Primary Data Center      : ftp://geodesy.noaa.gov/cors
     Secondary Data Center    : ftp://alt.ngs.noaa.gov/cors
     URL for More Information : http://geodesy.noaa.gov/CORS
     Hardcopy on File
       Site Map               : (Y or URL)
       Site Diagram           : (Y or URL)
       Horizon Mask           : (Y or URL)
       Monument Description   : (Y or URL)
       Site Pictures          : (Y or URL)
     Additional Information   : (multiple lines)
     Antenna Graphics with Dimensions

     ftp://igscb.jpl.nasa.gov/pub/station/general/antenna.gra
