     BRIG Site Information Form
     MIDT Continuously Operating Reference Station
     See Instructions at:
       ftp://igscb.jpl.nasa.gov/pub/station/general/sitelog_instr.txt


0.   Form

     Prepared by (full name)  : cors-adm
     Date Prepared            : 2015-03-31
     Report Type              : UPDATE
     If Update:
      Previous Site Log       : brig_20150324.log
      Modified/Added Sections : 8


1.   Site Identification of the GNSS Monument
     Site Name                : Brighton
     Four Character ID        : BRIG
     Monument Inscription     : BRIG 2001
     IERS DOMES Number        : 49613S001
     CDP Number               : (A4)
     Monument Description     : PILLAR
       Height of the Monument : 1.52
       Monument Foundation    : POURED CONCRETE CYLINDER
       Foundation Depth       : 3.66
     Marker Description       : ALUMINUM MONUMENT CAP
     Date Installed           : 2001-02-06T00:00Z
     Geologic Characteristic  : (BEDROCK/CLAY/CONGLOMERATE/GRAVEL/SAND/etc)
       Bedrock Type           : (IGNEOUS/METAMORPHIC/SEDIMENTARY)
       Bedrock Condition      : (FRESH/JOINTED/WEATHERED)
       Fracture Spacing       : (1-10 cm/11-50 cm/51-200 cm/over 200 cm)
       Fault zones nearby     : (YES/NO/Name of the zone)
         Distance/activity    : (multiple lines)
     Additional Information   : DOMES # added 26-DEC-2001.
                              : Installed a concrete monument,with a 2-ft
                              : diameter and descending 12-ft. Concrete
                              : monument also extends 5-ft above the ground
                              : surface. Internally, a re-inforced steel rebar
                              : cage extends from top to bottom supporting the
                              : concrete. Placed in the top the of concrete is
                              : an stamped aluminum MDOT monument.


2.   Site Location Information

     City or Town             : Brighton
     State or Province        : Michigan
     Country                  : United States
     Tectonic Plate           : North American
     Approximate Position (ITRF)
       X coordinate (m)       : 512038.631
       Y coordinate (m)       : -4680414.910
       Z coordinate (m)       : 4288537.438
       Latitude (N is +)      : +423112.37
       Longitude (E is +)     : -0834523.96
       Elevation (m,ellips.)  : 261.3
     Additional Information   : ARP IGS08 POSITION (EPOCH 2005.00)
                              : Computed in Aug 2011 using data through gpswk
                              :  1631.


3.   GNSS Receiver Information

3.1  Receiver Type            : LEICA RS500
     Satellite System         : GPS
     Serial Number            : 70033
     Firmware Version         : 3.00
     Elevation Cutoff Setting : (deg)
     Date Installed           : 2001-02-09
     Date Removed             : 2004-12-02
     Temperature Stabiliz.    : (none or tolerance in degrees C)
     Additional Information   : (multiple lines)

3.2  Receiver Type            : LEICA RS500
     Satellite System         : GPS
     Serial Number            : 70033
     Firmware Version         : 5.00
     Elevation Cutoff Setting : (deg)
     Date Installed           : 2004-12-02
     Date Removed             : 2005-09-12T15:00Z
     Temperature Stabiliz.    : (none or tolerance in degrees C)
     Additional Information   : (multiple lines)

3.3  Receiver Type            : LEICA GRX1200PRO
     Satellite System         : GPS
     Serial Number            : 458402
     Firmware Version         : 2.14
     Elevation Cutoff Setting : 10 deg
     Date Installed           : 2005-09-12T16:00Z
     Date Removed             :
     Temperature Stabiliz.    : 20
     Additional Information   : (multiple lines)

3.x  Receiver Type            : (A20, from rcvr_ant.tab; see instructions)
     Satellite System         : (GPS+GLO+GAL+BDS+QZSS+SBAS)
     Serial Number            : (A20, but note the first A5 is used in SINEX)
     Firmware Version         : (A11)
     Elevation Cutoff Setting : (deg)
     Date Installed           : (CCYY-MM-DDThh:mmZ)
     Date Removed             : (CCYY-MM-DDThh:mmZ)
     Temperature Stabiliz.    : (none or tolerance in degrees C)
     Additional Information   : (multiple lines)


4.   GNSS Antenna Information

4.1  Antenna Type             : LEIAT504        LEIS
     Serial Number            : 659
     Antenna Reference Point  : BPA
     Marker->ARP Up Ecc. (m)  : 0.0000
     Marker->ARP North Ecc(m) : 0.0000
     Marker->ARP East Ecc(m)  : 0.0000
     Alignment from True N    : 0
     Antenna Radome Type      : LEIS
     Radome Serial Number     : NONE
     Antenna Cable Type       : MICROWAVE SYSTEMS LMR-400-DB
     Antenna Cable Length     :
     Date Installed           : 2001-02-09T18:00Z
     Date Removed             : 2008-04-14T20:13Z
     Additional Information   : Antenna is designed after the Dorne-Margolin
                              : type. The antenna is atop an 8-ft high spun
                              : aluminum 6-in diameter pole with vertical
                              : support braces titled "Earlconic".

4.2  Antenna Type             : LEIAT504GG      LEIS
     Serial Number            : 659
     Antenna Reference Point  : BPA
     Marker->ARP Up Ecc. (m)  : 0.0000
     Marker->ARP North Ecc(m) : 0.0000
     Marker->ARP East Ecc(m)  : 0.0000
     Alignment from True N    : 0
     Antenna Radome Type      : LEIS
     Radome Serial Number     :
     Antenna Cable Type       : MICROWAVE SYSTEMS LMR-400-DB
     Antenna Cable Length     :
     Date Installed           : 2008-04-14T20:40Z
     Date Removed             : (CCYY-MM-DDThh:mmZ)
     Additional Information   : Antenna is designed after the Dorne-Margolin
                              : type. The antenna is atop an 8-ft high spun
                              : aluminum 6-in diameter pole with vertical
                              : support braces titled "Earlconic".
                              : The original LEIAT504 Antenna has been upgaded
                              : to an LEIAT504GG by only removing preamp.
                              : The orginal aluminum housing has remained
                              : undisturbed.Leaving the ARP unaltered in
                              : this process.

4.x  Antenna Type             : (A20, from rcvr_ant.tab; see instructions)
     Serial Number            : (A*, but note the first A5 is used in SINEX)
     Antenna Reference Point  : (BPA/BCR/XXX from "antenna.gra"; see instr.)
     Marker->ARP Up Ecc. (m)  : (F8.4)
     Marker->ARP North Ecc(m) : (F8.4)
     Marker->ARP East Ecc(m)  : (F8.4)
     Alignment from True N    : (deg; + is clockwise/east)
     Antenna Radome Type      : (A4 from rcvr_ant.tab; see instructions)
     Radome Serial Number     :
     Antenna Cable Type       : (vendor & type number)
     Antenna Cable Length     : (m)
     Date Installed           : (CCYY-MM-DDThh:mmZ)
     Date Removed             : (CCYY-MM-DDThh:mmZ)
     Additional Information   : (multiple lines)


5.   Surveyed Local Ties

5.x  Tied Marker Name         :
     Tied Marker Usage        : (SLR/VLBI/LOCAL CONTROL/FOOTPRINT/etc)
     Tied Marker CDP Number   : (A4)
     Tied Marker DOMES Number : (A9)
     Differential Components from GNSS Marker to the tied monument (ITRS)
       dx (m)                 : (m)
       dy (m)                 : (m)
       dz (m)                 : (m)
     Accuracy (mm)            : (mm)
     Survey method            : (GPS CAMPAIGN/TRILATERATION/TRIANGULATION/etc)
     Date Measured            : (CCYY-MM-DDThh:mmZ)
     Additional Information   : (multiple lines)


6.   Frequency Standard

6.1  Standard Type            : INTERNAL
       Input Frequency        : (if external)
       Effective Dates        : 2001-02-09/CCYY-MM-DD
       Notes                  : (multiple lines)

6.x  Standard Type            : (INTERNAL or EXTERNAL H-MASER/CESIUM/etc)
       Input Frequency        : (if external)
       Effective Dates        : (CCYY-MM-DD/CCYY-MM-DD)
       Notes                  : (multiple lines)


7.   Collocation Information

7.x  Instrumentation Type     : (GPS/GLONASS/DORIS/PRARE/SLR/VLBI/TIME/etc)
       Status                 : (PERMANENT/MOBILE)
       Effective Dates        : (CCYY-MM-DD/CCYY-MM-DD)
       Notes                  : (multiple lines)


8.   Meteorological Instrumentation

8.1.x Humidity Sensor Model   :
       Manufacturer           :
       Serial Number          :
       Data Sampling Interval : (sec)
       Accuracy (% rel h)     : (% rel h)
       Aspiration             : (UNASPIRATED/NATURAL/FAN/etc)
       Height Diff to Ant     : (m)
       Calibration date       : (CCYY-MM-DD)
       Effective Dates        : (CCYY-MM-DD/CCYY-MM-DD)
       Notes                  : (multiple lines)

8.2.x Pressure Sensor Model   :
       Manufacturer           :
       Serial Number          :
       Data Sampling Interval : (sec)
       Accuracy               : (hPa)
       Height Diff to Ant     : (m)
       Calibration date       : (CCYY-MM-DD)
       Effective Dates        : (CCYY-MM-DD/CCYY-MM-DD)
       Notes                  : (multiple lines)

8.3.x Temp. Sensor Model      :
       Manufacturer           :
       Serial Number          :
       Data Sampling Interval : (sec)
       Accuracy               : (deg C)
       Aspiration             : (UNASPIRATED/NATURAL/FAN/etc)
       Height Diff to Ant     : (m)
       Calibration date       : (CCYY-MM-DD)
       Effective Dates        : (CCYY-MM-DD/CCYY-MM-DD)
       Notes                  : (multiple lines)

8.4.x Water Vapor Radiometer  :
       Manufacturer           :
       Serial Number          :
       Distance to Antenna    : (m)
       Height Diff to Ant     : (m)
       Calibration date       : (CCYY-MM-DD)
       Effective Dates        : (CCYY-MM-DD/CCYY-MM-DD)
       Notes                  : (multiple lines)

8.5.x Other Instrumentation   : (multiple lines)


9.   Local Ongoing Conditions Possibly Affecting Computed Position


9.1.x Radio Interference      : (TV/CELL PHONE ANTENNA/RADAR/etc)
       Observed Degradations  : (SN RATIO/DATA GAPS/etc)
       Effective Dates        : (CCYY-MM-DD/CCYY-MM-DD)
       Additional Information : (multiple lines)

9.2.x Multipath Sources       : (METAL ROOF/DOME/VLBI ANTENNA/etc)
       Effective Dates        : (CCYY-MM-DD/CCYY-MM-DD)
       Additional Information : (multiple lines)

9.3.x Signal Obstructions     : (TREES/BUILDLINGS/etc)
       Effective Dates        : (CCYY-MM-DD/CCYY-MM-DD)
       Additional Information : (multiple lines)


10.  Local Episodic Effects Possibly Affecting Data Quality

10.x Date                     : (CCYY-MM-DD/CCYY-MM-DD)
     Event                    : (TREE CLEARING/CONSTRUCTION/etc)


11.  On-Site, Point of Contact Agency Information

     Agency                   : Michigan DOT
     Preferred Abbreviation   : MIDOT
     Mailing Address          : 425 West Ottawa
                              : P.O. Box 30050
                              : Lansing, MI 48909
     Primary Contact
       Contact Name           : Andrew Semenchuk
       Telephone (primary)    : 517-335-1923
       Telephone (secondary)  : 517-241-0085
       Fax                    : 517-241-4631
       E-mail                 : semenchuka@michigan.gov
     Secondary Contact
       Contact Name           : Brian Dollman-Jersey
       Telephone (primary)    : 517-373-0061
       Telephone (secondary)  : 517-373-0060
       Fax                    : 517-241-4631
       E-mail                 : jerseyb@michigan.gov
     Additional Information   : (multiple lines)


12.  Responsible Agency (if different from 11.)

     Agency                   : (multiple lines)
     Preferred Abbreviation   : (A10)
     Mailing Address          : (multiple lines)
     Primary Contact
       Contact Name           :
       Telephone (primary)    :
       Telephone (secondary)  :
       Fax                    :
       E-mail                 :
     Secondary Contact
       Contact Name           :
       Telephone (primary)    :
       Telephone (secondary)  :
       Fax                    :
       E-mail                 :
     Additional Information   : (multiple lines)



13.  More Information

     Primary Data Center      : ftp://geodesy.noaa.gov/cors
     Secondary Data Center    : ftp://alt.ngs.noaa.gov/cors
     URL for More Information : http://geodesy.noaa.gov/CORS
     Hardcopy on File
       Site Map               : (Y or URL)
       Site Diagram           : (Y or URL)
       Horizon Mask           : (Y or URL)
       Monument Description   : (Y or URL)
       Site Pictures          : (Y or URL)
     Additional Information   : (multiple lines)
     Antenna Graphics with Dimensions

     ftp://igscb.jpl.nasa.gov/pub/station/general/antenna.gra
