     BUR2 Site Information Form (site log)
     International GNSS Service
     See Instructions at:
       ftp://igscb.jpl.nasa.gov/pub/station/general/sitelog_instr.txt

0.   Form

     Prepared by (full name)  : Ted Zhou
     Date Prepared            : 2014-07-09
     Report Type              : UPDATE
     If Update:
      Previous Site Log       : bur2_20101017.log
      Modified/Added Sections : 3.6,3.7 


1.   Site Identification of the GNSS Monument

     Site Name                : Burnie
     Four Character ID        : BUR2
     Monument Inscription     : ST1164
     IERS DOMES Number        : 50144M003
     CDP Number               : (A4) 
     Monument Description     : PILLAR
       Height of the Monument : (m)
       Monument Foundation    : CONCRETE BLOCK 
       Foundation Depth       : (m)
     Marker Description       : STAINLESS STEEL THREADED SPIGOT
     Date Installed           : 2008-03-14T00:00Z
     Geologic Characteristic  : 
       Bedrock Type           : 
       Bedrock Condition      : 
       Fracture Spacing       : 
       Fault zones nearby     : 
         Distance/activity    : 
     Additional Information   : Monument is approximately a 400mm dia metal 
                              : stanchion driven into sea bed and located 
                              : next to Burnie tide gauge. A steel plate, 
                              : approximately 400mm dia is welded to top of
                              : stanchion. The mark is a 5/8" threaded steel
                              : bolt in the centre of the top plate.

2.   Site Location Information

     City or Town             : Burnie
     State or Province        : Tasmania
     Country                  : Australia
     Tectonic Plate           : AUSTRALIAN
     Approximate Position (ITRF)
       X coordinate (m)       : -3989419.935924
       Y coordinate (m)       : 2699532.809968
       Z coordinate (m)       : -4166620.936693
       Latitude (N is +)      : -410300.26
       Longitude (E is +)     : +1455453.45
       Elevation (m,ellips.)  : 3.9
     Additional Information   : 

3.   GNSS Receiver Information

3.1  Receiver Type            : LEICA GRX1200PRO
     Satellite System         : GPS
     Serial Number            : 462887
     Firmware Version         : 4.0
     Elevation Cutoff Setting : 0
     Date Installed           : 2008-03-14T00:00Z
     Date Removed             : 2008-11-17T00:00Z
     Temperature Stabiliz.    : none
     Additional Information   : (multiple lines)

3.2  Receiver Type            : LEICA GRX1200GGPRO
     Satellite System         : GPS+GLO
     Serial Number            : 356542
     Firmware Version         : 6.02
     Elevation Cutoff Setting : 0
     Date Installed           : 2008-11-17T00:00Z
     Date Removed             : 2009-09-24T00:00Z
     Temperature Stabiliz.    : none
     Additional Information   : (multiple lines)

3.3  Receiver Type            : LEICA GRX1200GGPRO
     Satellite System         : GPS+GLO
     Serial Number            : 356542
     Firmware Version         : 7.50
     Elevation Cutoff Setting : 0
     Date Installed           : 2009-09-24T00:00Z
     Date Removed             : 2010-05-04T00:00Z
     Temperature Stabiliz.    : none
     Additional Information   : (multiple lines)

3.4  Receiver Type            : LEICA GRX1200GGPRO
     Satellite System         : GPS+GLO
     Serial Number            : 356542
     Firmware Version         : 7.50/3.019
     Elevation Cutoff Setting : 0
     Date Installed           : 2010-05-04T00:00Z
     Date Removed             : 2010-07-29T00:00Z
     Temperature Stabiliz.    : none
     Additional Information   : ME upgrade due to GLONASS tracking problem.

3.5  Receiver Type            : LEICA GRX1200GGPRO
     Satellite System         : GPS+GLO
     Serial Number            : 356542
     Firmware Version         : 8.00/3.019
     Elevation Cutoff Setting : 0
     Date Installed           : 2010-07-29T00:00Z
     Date Removed             : 2010-10-17T23:00Z
     Temperature Stabiliz.    : none
     Additional Information   : (multiple lines)

3.6  Receiver Type            : LEICA GRX1200GGPRO
     Satellite System         : GPS+GLO
     Serial Number            : 356542
     Firmware Version         : 8.01/3.019
     Elevation Cutoff Setting : 0
     Date Installed           : 2010-10-17T23:00Z
     Date Removed             : 2014-07-09T00:00Z
     Temperature Stabiliz.    : none
     Additional Information   : (multiple lines)

3.7  Receiver Type            : LEICA GRX1200GGPRO
     Satellite System         : GPS+GLO
     Serial Number            : 356542
     Firmware Version         : 8.71/3.822
     Elevation Cutoff Setting : 0
     Date Installed           : 2014-07-09T00:00Z
     Date Removed             : (CCYY-MM-DDThh:mmZ)
     Temperature Stabiliz.    : none
     Additional Information   : (multiple lines)

3.x  Receiver Type            : (A20, from rcvr_ant.tab; see instructions)
     Satellite System         : (GPS+GLO+GAL+BDS+QZSS+SBAS)
     Serial Number            : (A20, but note the first A5 is used in SINEX)
     Firmware Version         : (A11)
     Elevation Cutoff Setting : (deg)
     Date Installed           : (CCYY-MM-DDThh:mmZ)
     Date Removed             : (CCYY-MM-DDThh:mmZ)
     Temperature Stabiliz.    : (none or tolerance in degrees C)
     Additional Information   : (multiple lines)


4.   GNSS Antenna Information

4.1  Antenna Type             : LEIAT504        SCIS
     Serial Number            : 103322
     Antenna Reference Point  : BPA
     Marker->ARP Up Ecc. (m)  : 0.0005
     Marker->ARP North Ecc(m) : 0.0000
     Marker->ARP East Ecc(m)  : 0.0000
     Alignment from True N    : 0
     Antenna Radome Type      : SCIS
     Radome Serial Number     : 
     Antenna Cable Type       : 
     Antenna Cable Length     : 30 (m)
     Date Installed           : 2008-03-14T00:00Z
     Date Removed             : (CCYY-MM-DDThh:mmZ)
     Additional Information   :

4.x  Antenna Type             : (A20, from rcvr_ant.tab; see instructions)
     Serial Number            : (A*, but note the first A5 is used in SINEX)
     Antenna Reference Point  : (BPA/BCR/XXX from "antenna.gra"; see instr.)
     Marker->ARP Up Ecc. (m)  : (F8.4)
     Marker->ARP North Ecc(m) : (F8.4)
     Marker->ARP East Ecc(m)  : (F8.4)
     Alignment from True N    : (deg; + is clockwise/east)
     Antenna Radome Type      : (A4 from rcvr_ant.tab; see instructions)
     Radome Serial Number     : 
     Antenna Cable Type       : (vendor & type number)
     Antenna Cable Length     : (m)
     Date Installed           : (CCYY-MM-DDThh:mmZ)
     Date Removed             : (CCYY-MM-DDThh:mmZ)
     Additional Information   : (multiple lines)


5.   Surveyed Local Ties

5.x  Tied Marker Name         : 
     Tied Marker Usage        : (SLR/VLBI/LOCAL CONTROL/FOOTPRINT/etc)
     Tied Marker CDP Number   : (A4)
     Tied Marker DOMES Number : (A9)
     Differential Components from GNSS Marker to the tied monument(ITRS)
       dx (m)                 : 
       dy (m)                 : 
       dz (m)                 : 
     Accuracy (mm)            : (mm)
     Survey method            : (GPS CAMPAIGN/TRILATERATION/TRIANGULATION/etc)
     Date Measured            : (CCYY-MM-DDThh:mmZ)
     Additional Information   : (multiple lines)

6.   Frequency Standard

6.1  Standard Type            : QUARTZ/INTERNAL
       Input Frequency        : 
       Effective Dates        : 2008-03-14/(CCYY-MM-DD)
       Notes                  : (multiple lines)

6.x  Standard Type            : (INTERNAL or EXTERNAL H-MASER/CESIUM/etc)
       Input Frequency        : (if external)
       Effective Dates        : (CCYY-MM-DD/CCYY-MM-DD)
       Notes                  : (multiple lines)

7.   Collocation Information

7.x  Instrumentation Type     : (GPS/GLONASS/DORIS/PRARE/SLR/VLBI/TIME/etc)
       Status                 : (PERMANENT/MOBILE)
       Effective Dates        : (CCYY-MM-DD/CCYY-MM-DD)
       Notes                  : (multiple lines)

8.   Meteorological Instrumentation

8.1.x  Humidity Sensor Model  : 
       Manufacturer           : 
       Serial Number          : 
       Data Sampling Interval : (sec)
       Accuracy               : (% rel h)
       Aspiration             : (UNASPIRATED/NATURAL/FAN/etc)
       Height Diff to Ant     : (m)
       Calibration date       : (CCYY-MM-DD)
       Effective Dates        : (CCYY-MM-DD/CCYY-MM-DD)
       Notes                  : (multiple lines)

8.2.x  Pressure Sensor Model  : 
       Manufacturer           : 
       Serial Number          : 
       Data Sampling Interval : (sec)
       Accuracy               : (hPa)
       Height Diff to Ant     : (m)
       Calibration date       : (CCYY-MM-DD)
       Effective Dates        : (CCYY-MM-DD/CCYY-MM-DD)
       Notes                  : (multiple lines)

8.3.x  Temp. Sensor Model     : 
       Manufacturer           : 
       Serial Number          : 
       Data Sampling Interval : (sec)
       Accuracy               : (deg C)
       Aspiration             : (UNASPIRATED/NATURAL/FAN/etc)
       Height Diff to Ant     : (m)
       Calibration date       : (CCYY-MM-DD)
       Effective Dates        : (CCYY-MM-DD/CCYY-MM-DD)
       Notes                  : (multiple lines)

8.4.x  Water Vapor Radiometer : 
       Manufacturer           : 
       Serial Number          : 
       Distance to Antenna    : (m)
       Height Diff to Ant     : (m)
       Calibration date       : (CCYY-MM-DD)
       Effective Dates        : (CCYY-MM-DD/CCYY-MM-DD)
       Notes                  : (multiple lines)

8.5.x  Other Instrumentation  : 

9.  Local Ongoing Conditions Possibly Affecting Computed Position

9.1.x Radio Interferences     : (TV/CELL PHONE ANTENNA/RADAR/etc)
       Observed Degradations  : (SN RATIO/DATA GAPS/etc)
       Effective Dates        : (CCYY-MM-DD/CCYY-MM-DD)
       Additional Information : (multiple lines)

9.2.x Multipath Sources       : (METAL ROOF/DOME/VLBI ANTENNA/etc)
       Effective Dates        : (CCYY-MM-DD/CCYY-MM-DD)
       Effective Dates        : (CCYY-MM-DD/CCYY-MM-DD)

9.3.x Signal Obstructions     : (TREES/BUILDINGS/etc)
       Effective Dates        : (CCYY-MM-DD/CCYY-MM-DD)
       Additional Information : (multiple lines)

10.   Local Episodic Effects Possibly Affecting Data Quality

10.x Date                     : (CCYY-MM-DD/CCYY-MM-DD)
     Event                    : (TREE CLEARING/CONSTRUCTION/etc)

11.   On-Site, Point of Contact Agency Information
     Agency                   : Geoscience Australia
     Preferred Abbreviation   : GA
     Mailing Address          : GPO Box 378, Canberra ACT 2601, Australia
     Primary Contact
       Contact Name           : Ryan Ruddick 
       Telephone (primary)    : +61 2 6249 9426
       Telephone (secondary)  : +61 409 385 903
       Fax                    : +61 2 6249 9929
       E-mail                 : Ryan.Ruddick@ga.gov.au 
     Secondary Contact
       Contact Name           : Michael Moore
       Telephone (primary)    : +61 2 6249 9052
       Telephone (secondary)  : 
       Fax                    : +61 2 6249 9929
       E-mail                 : Michael.Moore@ga.gov.au
     Additional Information   : (multiple lines)

12.  Responsible Agency (if different from 11.)
     Agency                   : (multiple lines)
     Preferred Abbreviation   : (A10)
     Mailing Address          : (multiple lines)
     Primary Contact
       Contact Name           : 
       Telephone (primary)    : 
       Telephone (secondary)  : 
       Fax                    : 
       E-mail                 : 
     Secondary Contact
       Contact Name           : 
       Telephone (primary)    : 
       Telephone (secondary)  : 
       Fax                    : 
       E-mail                 : 
     Additional Information   : (multiple lines)

13.  More Information
     Primary Data Center      : GA (ftp.ga.gov.au)
     Secondary Data Center    : Not Available 
     URL for More Information : 
     Hardcopy on File
       Site Map               : Y
       Site Diagram           : Y
       Horizon Mask           : Y
       Monument Description   : Y
       Site Pictures          : Y
     Additional Information   : (multiple lines)
     Antenna Graphics with Dimensions

LEIAT504

                       +-------+                          <--  0.1393
                     /           \
                    |             |
  +-----------------+-------------+-----------------+     <--  0.1012  TCR
  |                                                 |
  |                                                 |
  |                                                 |
  |                                                 |
+-+-------------------------------------------------+-+   <--  0.0378
+-------------------+-------------+-------------------+   <--  0.0345  BCR
                    |             |
                    |             |
                    +------x------+                       <--  0.0000  BPA=ARP

<--                      0.3794                     -->


