     CACE Site Information Form (site log)
     International GNSS Service
     See Instructions at:
       ftp://igscb.jpl.nasa.gov/pub/station/general/sitelog_instr.txt


0.   Form

     Prepared by (full name)  : Pedro Gonzalo Lopez
     Date Prepared            : 2015-08-17
     Report Type              : UPDATE
     If Update:
      Previous Site Log       : cace_20150623.log
      Modified/Added Sections : 3.5


1.   Site Identification of the GNSS Monument

     Site Name                : Caceres
     Four Character ID        : CACE
     Monument Inscription     : None
     IERS DOMES Number        : 13447M001
     CDP Number               : (A4)
     Monument Description     : PILLAR
       Height of the Monument : 1.20 m
       Monument Foundation    : CONCRETE BLOCK
       Foundation Depth       : 5 m
     Marker Description       : BRASS PLATE
     Date Installed           : 2000-12-05
     Geologic Characteristic  : CLAY
       Bedrock Type           : SEDIMENTARY
       Bedrock Condition      : FRESH
       Fracture Spacing       : 11-50 cm
       Fault zones nearby     : NO
         Distance/activity    : (multiple lines)
     Additional Information   : CACE is a reference point of the Spanish
                              : National GPS Reference Stations Network
                              : raised by the Instituto Geografico Nacional.
                              : The monument is a reinforced concrete block
                              : blasted on the top of the roof of the Escuela
                              : de Cartografia y Geodesia of Escuela
                              : Politecnica de Caceres.


2.   Site Location Information

     City or Town             : Caceres
     State or Province        : Caceres
     Country                  : Spain
     Tectonic Plate           : EURASIAN
     Approximate Position (ITRF)
       X coordinate (m)       : 4899866
       Y coordinate (m)       : -544567
       Z coordinate (m)       : 4033773
       Latitude (N is +)      : +392844.04
       Longitude (E is +)     : -0062030.48
       Elevation (m,ellips.)  :   438.0
     Additional Information   : (multiple lines)


3.   GNSS Receiver Information

3.1  Receiver Type            : TRIMBLE 4000SSI
     Satellite System         : GPS
     Serial Number            : 00027311
     Firmware Version         : NP 7.19 / SP 3.04
     Elevation Cutoff Setting : 0 deg
     Date Installed           : 2000-12-05T00:00Z
     Date Removed             : 2009-06-18T10:00Z
     Temperature Stabiliz.    : (deg C) +/- (deg C)
     Additional Information   : (multiple lines)

3.2  Receiver Type            : TRIMBLE NETRS
     Satellite System         : GPS
     Serial Number            : 4635120787
     Firmware Version         : 1.2-5
     Elevation Cutoff Setting : 0 deg
     Date Installed           : 2009-06-18T14:00Z
     Date Removed             : 2010-04-15T10:30Z
     Temperature Stabiliz.    : (deg C) +/- (deg C)
     Additional Information   : (multiple lines)

3.3  Receiver Type            : TRIMBLE NETRS
     Satellite System         : GPS
     Serial Number            : 4549261230
     Firmware Version         : 1.2-5
     Elevation Cutoff Setting : 0 deg
     Date Installed           : 2010-04-15T11:00Z
     Date Removed             : 2010-07-21T09:00Z
     Temperature Stabiliz.    : (deg C) +/- (deg C)
     Additional Information   : (multiple lines)

3.4  Receiver Type            : TRIMBLE NETRS
     Satellite System         : GPS
     Serial Number            : 4549261230
     Firmware Version         : 1.2-5
     Elevation Cutoff Setting : 0 deg
     Date Installed           : 2010-07-21T09:00Z
     Date Removed             : 2015-06-23T09:00Z
     Temperature Stabiliz.    : (deg C) +/- (deg C)
     Additional Information   : Set tracking of unhealthy satellites

3.5  Receiver Type            : TRIMBLE NETR9
     Satellite System         : GPS+GLO+GAL
     Serial Number            : 5349K48392
     Firmware Version         : NP 4.93 / SP 4.93
     Elevation Cutoff Setting : 0 deg
     Date Installed           : 2015-06-23T09:30Z
     Date Removed             : CCYY-MM-DDThh:mmZ
     Temperature Stabiliz.    : (deg C) +/- (deg C)
     Additional Information   : (multiple lines)

3.x  Receiver Type            : (A20, from rcvr_ant.tab; see instructions)
     Satellite System         : (GPS+GLO+GAL+BDS+QZSS+SBAS)
     Serial Number            : (A20, but note the first A5 is used in SINEX)
     Firmware Version         : (A11)
     Elevation Cutoff Setting : (deg)
     Date Installed           : (CCYY-MM-DDThh:mmZ)
     Date Removed             : (CCYY-MM-DDThh:mmZ)
     Temperature Stabiliz.    : (none or tolerance in degrees C)
     Additional Information   : (multiple lines)


4.   GNSS Antenna Information

4.1  Antenna Type             : TRM29659.00     TCWD
     Serial Number            : 0181803
     Antenna Reference Point  : BPA
     Marker->ARP Up Ecc. (m)  :   0.0000
     Marker->ARP North Ecc(m) :   0.0000
     Marker->ARP East Ecc(m)  :   0.0000
     Alignment from True N    : 0 deg
     Antenna Radome Type      : TCWD
     Radome Serial Number     : 
     Antenna Cable Type       : (vendor & type number)
     Antenna Cable Length     : 30 m
     Date Installed           : 2000-12-05T12:00Z
     Date Removed             : 2009-06-18T10:00Z
     Additional Information   : (multiple lines)

4.2  Antenna Type             : TRM29659.00     NONE
     Serial Number            : 0220373034
     Antenna Reference Point  : BPA
     Marker->ARP Up Ecc. (m)  :   0.0600
     Marker->ARP North Ecc(m) :   0.0000
     Marker->ARP East Ecc(m)  :   0.0000
     Alignment from True N    : 0 deg
     Antenna Radome Type      : NONE
     Radome Serial Number     : 
     Antenna Cable Type       : (vendor & type number)
     Antenna Cable Length     : 30 m
     Date Installed           : 2009-06-18T14:00Z
     Date Removed             : 2010-04-15T10:30Z
     Additional Information   : (multiple lines)

4.3  Antenna Type             : TRM29659.00     NONE
     Serial Number            : 0220369428
     Antenna Reference Point  : BPA
     Marker->ARP Up Ecc. (m)  :   0.0600
     Marker->ARP North Ecc(m) :   0.0000
     Marker->ARP East Ecc(m)  :   0.0000
     Alignment from True N    : 0 deg
     Antenna Radome Type      : NONE
     Radome Serial Number     : 
     Antenna Cable Type       : (vendor & type number)
     Antenna Cable Length     : 30 m
     Date Installed           : 2010-04-15T11:00Z
     Date Removed             : 2010-09-21T12:00Z
     Additional Information   : (multiple lines)

4.4  Antenna Type             : TRM29659.00     NONE
     Serial Number            : 0220214119
     Antenna Reference Point  : BPA
     Marker->ARP Up Ecc. (m)  :   0.0600
     Marker->ARP North Ecc(m) :   0.0000
     Marker->ARP East Ecc(m)  :   0.0000
     Alignment from True N    : 0 deg
     Antenna Radome Type      : NONE
     Radome Serial Number     : 
     Antenna Cable Type       : (vendor & type number)
     Antenna Cable Length     : 30 m
     Date Installed           : 2010-09-21T12:00Z
     Date Removed             : CCYY-MM-DDThh:mmZ
     Additional Information   : (multiple lines)

4.x  Antenna Type             : (A20, from rcvr_ant.tab; see instructions)
     Serial Number            : (A*, but note the first A5 is used in SINEX)
     Antenna Reference Point  : (BPA/BCR/XXX from "antenna.gra"; see instr.)
     Marker->ARP Up Ecc. (m)  : (F8.4)
     Marker->ARP North Ecc(m) : (F8.4)
     Marker->ARP East Ecc(m)  : (F8.4)
     Alignment from True N    : (deg; + is clockwise/east)
     Antenna Radome Type      : (A4 from rcvr_ant.tab; see instructions)
     Radome Serial Number     : 
     Antenna Cable Type       : (vendor & type number)
     Antenna Cable Length     : (m)
     Date Installed           : (CCYY-MM-DDThh:mmZ)
     Date Removed             : (CCYY-MM-DDThh:mmZ)
     Additional Information   : (multiple lines)


5.   Surveyed Local Ties

5.x  Tied Marker Name         : 
     Tied Marker Usage        : (SLR/VLBI/LOCAL CONTROL/FOOTPRINT/etc)
     Tied Marker CDP Number   : (A4)
     Tied Marker DOMES Number : (A9)
     Differential Components from GNSS Marker to the tied monument (ITRS)
       dx (m)                 : (m)
       dy (m)                 : (m)
       dz (m)                 : (m)
     Accuracy (mm)            : (mm)
     Survey method            : (GPS CAMPAIGN/TRILATERATION/TRIANGULATION/etc)
     Date Measured            : (CCYY-MM-DDThh:mmZ)
     Additional Information   : (multiple lines)


6.   Frequency Standard

6.1  Standard Type            : INTERNAL 
       Input Frequency        : (if external)
       Effective Dates        : 2000-12-05/CCYY-MM-DD
       Notes                  : (multiple lines)

6.x  Standard Type            : (INTERNAL or EXTERNAL H-MASER/CESIUM/etc)
       Input Frequency        : (if external)
       Effective Dates        : (CCYY-MM-DD/CCYY-MM-DD)
       Notes                  : (multiple lines)


7.   Collocation Information

7.x  Instrumentation Type     : (GPS/GLONASS/DORIS/PRARE/SLR/VLBI/TIME/etc)
       Status                 : (PERMANENT/MOBILE)
       Effective Dates        : (CCYY-MM-DD/CCYY-MM-DD)
       Notes                  : (multiple lines)


8.   Meteorological Instrumentation

8.1.x  Humidity Sensor Model  : 
       Manufacturer           : 
       Serial Number          : 
       Data Sampling Interval : (sec)
       Accuracy (% rel h)     : (% rel h)
       Aspiration             : (UNASPIRATED/NATURAL/FAN/etc)
       Height Diff to Ant     : (m)
       Calibration date       : (CCYY-MM-DD)
       Effective Dates        : (CCYY-MM-DD/CCYY-MM-DD)
       Notes                  : (multiple lines)

8.2.x  Pressure Sensor Model  : 
       Manufacturer           : 
       Serial Number          : 
       Data Sampling Interval : (sec)
       Accuracy               : (hPa)
       Height Diff to Ant     : (m)
       Calibration date       : (CCYY-MM-DD)
       Effective Dates        : (CCYY-MM-DD/CCYY-MM-DD)
       Notes                  : (multiple lines)

8.3.x  Temp. Sensor Model     : 
       Manufacturer           : 
       Serial Number          : 
       Data Sampling Interval : (sec)
       Accuracy               : (deg C)
       Aspiration             : (UNASPIRATED/NATURAL/FAN/etc)
       Height Diff to Ant     : (m)
       Calibration date       : (CCYY-MM-DD)
       Effective Dates        : (CCYY-MM-DD/CCYY-MM-DD)
       Notes                  : (multiple lines)

8.4.x  Water Vapor Radiometer : 
       Manufacturer           : 
       Serial Number          : 
       Distance to Antenna    : (m)
       Height Diff to Ant     : (m)
       Calibration date       : (CCYY-MM-DD)
       Effective Dates        : (CCYY-MM-DD/CCYY-MM-DD)
       Notes                  : (multiple lines)

8.5.x  Other Instrumentation  : (multiple lines)


9.   Local Ongoing Conditions Possibly Affecting Computed Position

9.1.x  Radio Interferences    : (TV/CELL PHONE ANTENNA/RADAR/etc)
       Observed Degradations  : (SN RATIO/DATA GAPS/etc)
       Effective Dates        : (CCYY-MM-DD/CCYY-MM-DD)
       Additional Information : (multiple lines)

9.2.x  Multipath Sources      : (METAL ROOF/DOME/VLBI ANTENNA/etc)
       Effective Dates        : (CCYY-MM-DD/CCYY-MM-DD)
       Additional Information : (multiple lines)

9.3.x  Signal Obstructions    : (TREES/BUILDINGS/etc)
       Effective Dates        : (CCYY-MM-DD/CCYY-MM-DD)
       Additional Information : (multiple lines)


10.  Local Episodic Effects Possibly Affecting Data Quality

10.x  Date                    : (CCYY-MM-DD/CCYY-MM-DD)
      Event                   : (TREE CLEARING/CONSTRUCTION/etc)


11.  On-Site, Point of Contact Agency Information

     Agency                   : Geodetic Department
     Preferred Abbreviation   : UNEX
     Mailing Address          : Avenida de la Universidad s/n
                              : E-10071 CACERES
                              : SPAIN
     Primary Contact
       Contact Name           : Jose Juan de Sanjose-Blasco
       Telephone (primary)    : +34 927 25 71 95 Ext. 7546
       Telephone (secondary)  : 
       Fax                    : +34 927 25 72 03
       E-mail                 : jjblasco@unex.es
     Secondary Contact
       Contact Name           : 
       Telephone (primary)    : 
       Telephone (secondary)  : 
       Fax                    : 
       E-mail                 : 
     Additional Information   : (multiple lines)


12.  Responsible Agency (if different from 11.)

     Agency                   : Instituto Geografico Nacional
     Preferred Abbreviation   : IGN-E
     Mailing Address          : C/ General Ibanez Ibero, 3
                              : E-28003 MADRID
                              : SPAIN
     Primary Contact
       Contact Name           : Pedro Gonzalo Lopez
       Telephone (primary)    : +34 91 597 9625
       Telephone (secondary)  : +34 91 597 9562
       Fax                    : +34 91 597 9616
       E-mail                 : pgonzalo@fomento.es
     Secondary Contact
       Contact Name           : Jose Antonio Sanchez Sobrino
       Telephone (primary)    : +34 91 597 9428
       Telephone (secondary)  : +34 91 597 9562
       Fax                    : +34 91 597 9616
       E-mail                 : jassobrino@fomento.es
     Additional Information   : (multiple lines)


13.  More Information

     Primary Data Center      : BKGE
     Secondary Data Center    : OLG
     URL for More Information : http://www.epncb.oma.be/INFO/CACE.html
     Hardcopy on File
       Site Map               : (Y or URL)
       Site Diagram           : (Y or URL)
       Horizon Mask           : (Y or URL)
       Monument Description   : http://www.epncb.oma.be/pictures/CACE.html
       Site Pictures          : http://www.epncb.oma.be/pictures/CACE.html
     Additional Information   : (multiple lines)
     Antenna Graphics with Dimensions

GRAPHICS FOR ANTENNA TYPE 4.2
TRM29659.00

                         -----
                     /     +     \
                    |      +      |
  +--------------------------------------------------+   <-- 0.102 TCR
  |                                                  |
  |                                                  |
  |                                                  |
  |                                                  |
+-+--------------------------------------------------+-+ <-- 0.038
+-------------------+-------------+--------------------+ <-- 0.035 BCR
                    |             |
                   -|             |
                    +-----|x|-----+                      <-- 0.000 ARP
                      |         |
                      |         |
                      |         |
                      |         |            Antenna Height = 0.060 m
                      |         |
                      |         |
                      |         |
 ---------------------+----x----+--------------------
                         marker

<--                      0.381                       -->

ARP: Antenna Reference Point
L1 : L1 Phase Center                   L2 : L2 Phase Center
TCR: Top of Chokering                  BCR: Bottom of Chokering
