
     CAS1 Site Information Form (site log)
     International GNSS Service
     See Instructions at:
       ftp://igscb.jpl.nasa.gov/pub/station/general/sitelog_instr.txt

0.   Form

     Prepared by (full name)  : Ryan Ruddick
     Date Prepared            : 2015-06-12
     Report Type              : UPDATE
     If Update:
      Previous Site Log       : cas1_20140710.log
      Modified/Added Sections : 3.11,3.12,11,12,13


1.   Site Identification of the GNSS Monument

     Site Name                : Casey
     Four Character ID        : CAS1
     Monument Inscription     : AUS100
     IERS DOMES Number        : 66011M001
     CDP Number               : 
     Monument Description     : PLATE/STEEL
       Height of the Monument : 
       Monument Foundation    : ROCK
       Foundation Depth       : 
     Marker Description       : PIN ON Stainless Steel Plate
     Date Installed           : 1993-12-14T00:00Z
     Geologic Characteristic  : BEDROCK
       Bedrock Type           : METAMORPHIC
       Bedrock Condition      : WEATHERED
       Fracture Spacing       : 
       Fault zones nearby     : 
         Distance/activity    : 
     Additional Information   : (multiple lines)
                              : ARGN (Australian Regional GPS Network) -
                              : Permanent GPS Tracking Network


2.   Site Location Information

     City or Town             : Casey
     State or Province        : Australian Antarctic Territory (AAT)
     Country                  : Antarctica
     Tectonic Plate           : ANTARCTIC
     Approximate Position (ITRF)
       X coordinate (m)       : -901776.221
       Y coordinate (m)       : 2409383.497
       Z coordinate (m)       : -5816748.487
       Latitude (N is +)      : -661700.24
       Longitude (E is +)     : +1103110.92
       Elevation (m,ellips.)  : 22.550
     Additional Information   : The site is located at the Australian
                              : antarctic research station Casey in
                              : Wilkes Land, Australian Antarctic Territory.


3.   GNSS Receiver Information

3.1  Receiver Type            : AOA ICS-4000Z
     Satellite System         : GPS
     Serial Number            : C116
     Firmware Version         : 1.28.1
     Elevation Cutoff Setting : 0 deg
     Date Installed           : 1994-01-01T00:00Z
     Date Removed             : 1996-01-27T00:00Z
     Temperature Stabiliz.    : none
     Additional Information   : 

3.2  Receiver Type            : AOA ICS-4000Z
     Satellite System         : GPS
     Serial Number            : C 127
     Firmware Version         : 3.2.33.1
     Elevation Cutoff Setting : 0 deg
     Date Installed           : 1996-01-27T02:30Z
     Date Removed             : 1999-08-21T00:00Z
     Temperature Stabiliz.    : none
     Additional Information   : 

3.3  Receiver Type            : AOA ICS-4000Z
     Satellite System         : GPS
     Serial Number            : C 127
     Firmware Version         : 3.2.33.9
     Elevation Cutoff Setting : 0 deg
     Date Installed           : 1999-12-09T00:00Z
     Date Removed             : 2000-02-05T00:00Z
     Temperature Stabiliz.    : none
     Additional Information   : 

3.4  Receiver Type            : AOA ICS-4000Z ACT
     Satellite System         : GPS
     Serial Number            : C122U
     Firmware Version         : 3.3.32.3
     Elevation Cutoff Setting : 0 deg
     Date Installed           : 2000-02-05T00:00Z
     Date Removed             : 2004-10-24T03:00Z
     Temperature Stabiliz.    : none
     Additional Information   : 

3.5  Receiver Type            : ASHTECH UZ-12
     Satellite System         : GPS
     Serial Number            : ZR2200340002
     Firmware Version         : CN00
     Elevation Cutoff Setting : 0 deg
     Date Installed           : 2004-10-25T00:00Z
     Date Removed             : 2008-12-02T23:59Z
     Temperature Stabiliz.    : none
     Additional Information   : 

3.6  Receiver Type            : LEICA GRX1200GGPRO
     Satellite System         : GPS+GLO
     Serial Number            : 356537
     Firmware Version         : 6.02
     Elevation Cutoff Setting : 0 deg
     Date Installed           : 2008-12-03T23:59Z
     Date Removed             : 2009-11-12T23:59Z
     Temperature Stabiliz.    : none
     Additional Information   : 

3.7  Receiver Type            : LEICA GRX1200GGPRO
     Satellite System         : GPS+GLO
     Serial Number            : 356537
     Firmware Version         : 7.50
     Elevation Cutoff Setting : 0 deg
     Date Installed           : 2009-11-13T00:00Z
     Date Removed             : 2010-05-04T00:00Z
     Temperature Stabiliz.    : none
     Additional Information   : 

3.8  Receiver Type            : LEICA GRX1200GGPRO
     Satellite System         : GPS+GLO
     Serial Number            : 356537
     Firmware Version         : 7.50 / 3.019
     Elevation Cutoff Setting : 0 deg
     Date Installed           : 2010-05-04T00:00Z
     Date Removed             : 2011-02-01T23:45Z
     Temperature Stabiliz.    : none
     Additional Information   : ME upgrade due to GLONASS tracking problems.

3.9  Receiver Type            : LEICA GRX1200GGPRO
     Satellite System         : GPS+GLO
     Serial Number            : 356537
     Firmware Version         : 8.01 / 3.019
     Elevation Cutoff Setting : 0 deg
     Date Installed           : 2011-02-01T23:45Z
     Date Removed             : 2011-10-12T14:35Z
     Temperature Stabiliz.    : none
     Additional Information   : FW upgrade to fix datalogging issues

3.10 Receiver Type            : LEICA GRX1200GGPRO
     Satellite System         : GPS+GLO
     Serial Number            : 356537
     Firmware Version         : 8.20 / 3.019
     Elevation Cutoff Setting : 0 deg
     Date Installed           : 2011-10-12T14:35Z
     Date Removed             : 2013-12-10T00:00Z
     Temperature Stabiliz.    : none
     Additional Information   : FW upgrade to fix datalogging issues

3.11 Receiver Type            : TRIMBLE NETR9
     Satellite System         : GPS+GLO+GAL+BDS+QZSS
     Serial Number            : 5212K83358
     Firmware Version         : 4.81
     Elevation Cutoff Setting : 0 deg
     Date Installed           : 2013-12-11T03:00Z
     Date Removed             : 2015-06-12T00:00Z
     Temperature Stabiliz.    : none
     Additional Information   : 

3.12 Receiver Type            : TRIMBLE NETR9
     Satellite System         : GPS+GLO+GAL+BDS+QZSS
     Serial Number            : 5212K83358
     Firmware Version         : 5.01
     Elevation Cutoff Setting : 0 deg
     Date Installed           : 2015-06-12T00:00Z
     Date Removed             : CCYY-MM-DDThh:mmZ
     Temperature Stabiliz.    : none
     Additional Information   : 

3.x  Receiver Type            : (A20, from rcvr_ant.tab; see instructions)
     Satellite System         : (GPS+GLO+GAL+BDS+QZSS+SBAS)
     Serial Number            : (A20, but note the first A5 is used in SINEX)
     Firmware Version         : (A11)
     Elevation Cutoff Setting : (deg)
     Date Installed           : (CCYY-MM-DDThh:mmZ)
     Date Removed             : (CCYY-MM-DDThh:mmZ)
     Temperature Stabiliz.    : (none or tolerance in degrees C)
     Additional Information   : (multiple lines)


4.   GNSS Antenna Information

4.1  Antenna Type             : AOAD/M_T        AUST
     Serial Number            : 259
     Antenna Reference Point  : BPA
     Marker->ARP Up Ecc. (m)  : 000.0010
     Marker->ARP North Ecc(m) : 000.0000
     Marker->ARP East Ecc(m)  : 000.0000
     Alignment from True N    : 0 deg
     Antenna Radome Type      : AUST
     Radome Serial Number     : 
     Antenna Cable Type       : 
     Antenna Cable Length     : 
     Date Installed           : 1994-01-01T00:00Z
     Date Removed             : 2013-12-10T00:00Z
     Additional Information   : Dome replaced with same type -

4.2  Antenna Type             : LEIAR25.R3      LEIT
     Serial Number            : 9310002
     Antenna Reference Point  : BPA
     Marker->ARP Up Ecc. (m)  : 000.0000
     Marker->ARP North Ecc(m) : 000.0000
     Marker->ARP East Ecc(m)  : 000.0000
     Alignment from True N    : 0 deg
     Antenna Radome Type      : LEIT
     Radome Serial Number     : 
     Antenna Cable Type       : LMR600
     Antenna Cable Length     : 250 m
     Date Installed           : 2013-12-11T03:00Z
     Date Removed             : CCYY-MM-DDThh:mmZ
     Additional Information   : 

4.x  Antenna Type             : (A20, from rcvr_ant.tab; see instructions)
     Serial Number            : (A*, but note the first A5 is used in SINEX)
     Antenna Reference Point  : (BPA/BCR/XXX from "antenna.gra"; see instr.)
     Marker->ARP Up Ecc. (m)  : (F8.4)
     Marker->ARP North Ecc(m) : (F8.4)
     Marker->ARP East Ecc(m)  : (F8.4)
     Alignment from True N    : (deg; + is clockwise/east)
     Antenna Radome Type      : (A4 from rcvr_ant.tab; see instructions)
     Radome Serial Number     : 
     Antenna Cable Type       : (vendor & type number)
     Antenna Cable Length     : (m)
     Date Installed           : (CCYY-MM-DDThh:mmZ)
     Date Removed             : (CCYY-MM-DDThh:mmZ)
     Additional Information   : (multiple lines)


5.   Surveyed Local Ties

5.1  Tied Marker Name         : RM1
     Tied Marker Usage        : LOCAL CONTROL
     Tied Marker CDP Number   : 
     Tied Marker DOMES Number : 
     Differential Components from GNSS Marker to the tied monument (ITRS)
       dx (m)                 : -13.0062
       dy (m)                 : 0.2325
       dz (m)                 : 2.9396
     Accuracy (mm)            : 1 mm
     Survey method            : TRIANGULATION
     Date Measured            : 2001-10-15T00:00Z
     Additional Information   : 

5.2  Tied Marker Name         : RM2
     Tied Marker Usage        : LOCAL CONTROL
     Tied Marker CDP Number   : 
     Tied Marker DOMES Number : 
     Differential Components from GNSS Marker to the tied monument (ITRS)
       dx (m)                 : -4.3406
       dy (m)                 : -10.4272
       dz (m)                 : -2.4219
     Accuracy (mm)            : 1 mm
     Survey method            : TRIANGULATION
     Date Measured            : 2001-10-15T00:00Z
     Additional Information   : 

5.3  Tied Marker Name         : RM3
     Tied Marker Usage        : LOCAL CONTROL
     Tied Marker CDP Number   : 
     Tied Marker DOMES Number : 
     Differential Components from GNSS Marker to the tied monument (ITRS)
       dx (m)                 : 4.7985
       dy (m)                 : 7.5984
       dz (m)                 : 1.6472
     Accuracy (mm)            : 1 mm
     Survey method            : TRIANGULATION
     Date Measured            : 2001-10-15T00:00Z
     Additional Information   : 

5.4  Tied Marker Name         : RM1
     Tied Marker Usage        : LOCAL CONTROL
     Tied Marker CDP Number   : 
     Tied Marker DOMES Number : 
     Differential Components from GNSS Marker to the tied monument (ITRS)
       dx (m)                 : -13.0064
       dy (m)                 : 0.2299
       dz (m)                 : 2.9394
     Accuracy (mm)            : 1 mm
     Survey method            : TRIANGULATION
     Date Measured            : 2004-10-15T00:00Z
     Additional Information   : 

5.5  Tied Marker Name         : RM2
     Tied Marker Usage        : LOCAL CONTROL
     Tied Marker CDP Number   : 
     Tied Marker DOMES Number : 
     Differential Components from GNSS Marker to the tied monument (ITRS)
       dx (m)                 : -4.3407
       dy (m)                 : -10.4295
       dz (m)                 : -2.4237
     Accuracy (mm)            : 1 mm
     Survey method            : TRIANGULATION
     Date Measured            : 2004-10-15T00:00Z
     Additional Information   : 

5.6  Tied Marker Name         : RM3
     Tied Marker Usage        : LOCAL CONTROL
     Tied Marker CDP Number   : 
     Tied Marker DOMES Number : 
     Differential Components from GNSS Marker to the tied monument (ITRS)
       dx (m)                 : 4.7974
       dy (m)                 : 7.5980
       dz (m)                 : 1.6464
     Accuracy (mm)            : 1 mm
     Survey method            : TRIANGULATION
     Date Measured            : 2004-10-15T00:00Z
     Additional Information   : 

5.x  Tied Marker Name         : 
     Tied Marker Usage        : (SLR/VLBI/LOCAL CONTROL/FOOTPRINT/etc)
     Tied Marker CDP Number   : (A4)
     Tied Marker DOMES Number : (A9)
     Differential Components from GNSS Marker to the tied monument (ITRS)
       dx (m)                 : (m)
       dy (m)                 : (m)
       dz (m)                 : (m)
     Accuracy (mm)            : (mm)
     Survey method            : (GPS CAMPAIGN/TRILATERATION/TRIANGULATION/etc)
     Date Measured            : (CCYY-MM-DDThh:mmZ)
     Additional Information   : (multiple lines)


6.   Frequency Standard
6.1  Standard Type            : EXTERNAL RUBIDIUM
       Input Frequency        : 5 MHz
       Effective Dates        : 1994-07-11/1998-01-08
       Notes                  : 

6.2  Standard Type            : INTERNAL
       Input Frequency        : 5 MHz
       Effective Dates        : 1998-01-09/CCYY-MM-DD
       Notes                  : Effective at 1998-01-09T02:52Z exactly

6.x  Standard Type            : (INTERNAL or EXTERNAL H-MASER/CESIUM/etc)
       Input Frequency        : (if external)
       Effective Dates        : (CCYY-MM-DD/CCYY-MM-DD)
       Notes                  : (multiple lines)


7.   Collocation Information

7.x  Instrumentation Type     : (GPS/GLONASS/DORIS/PRARE/SLR/VLBI/TIME/etc)
       Status                 : (PERMANENT/MOBILE)
       Effective Dates        : (CCYY-MM-DD/CCYY-MM-DD)
       Notes                  : (multiple lines)


8.   Meteorological Instrumentation

8.1.x  Humidity Sensor Model  : 
       Manufacturer           : 
       Serial Number          : 
       Data Sampling Interval : (sec)
       Accuracy (% rel h)     : (% rel h)
       Aspiration             : (UNASPIRATED/NATURAL/FAN/etc)
       Height Diff to Ant     : (m)
       Calibration date       : (CCYY-MM-DD)
       Effective Dates        : (CCYY-MM-DD/CCYY-MM-DD)
       Notes                  : (multiple lines)

8.2.x  Pressure Sensor Model  : 
       Manufacturer           : 
       Serial Number          : 
       Data Sampling Interval : (sec)
       Accuracy               : (hPa)
       Height Diff to Ant     : (m)
       Calibration date       : (CCYY-MM-DD)
       Effective Dates        : (CCYY-MM-DD/CCYY-MM-DD)
       Notes                  : (multiple lines)

8.3.x  Temp. Sensor Model     : 
       Manufacturer           : 
       Serial Number          : 
       Data Sampling Interval : (sec)
       Accuracy               : (deg C)
       Aspiration             : (UNASPIRATED/NATURAL/FAN/etc)
       Height Diff to Ant     : (m)
       Calibration date       : (CCYY-MM-DD)
       Effective Dates        : (CCYY-MM-DD/CCYY-MM-DD)
       Notes                  : (multiple lines)

8.4.x  Water Vapor Radiometer : 
       Manufacturer           : 
       Serial Number          : 
       Distance to Antenna    : (m)
       Height Diff to Ant     : (m)
       Calibration date       : (CCYY-MM-DD)
       Effective Dates        : (CCYY-MM-DD/CCYY-MM-DD)
       Notes                  : (multiple lines)

8.5.x  Other Instrumentation  : (multiple lines)


9.   Local Ongoing Conditions Possibly Affecting Computed Position

9.1.x  Radio Interferences    : (TV/CELL PHONE ANTENNA/RADAR/etc)
       Observed Degradations  : (SN RATIO/DATA GAPS/etc)
       Effective Dates        : (CCYY-MM-DD/CCYY-MM-DD)
       Additional Information : (multiple lines)

9.2.x  Multipath Sources      : (METAL ROOF/DOME/VLBI ANTENNA/etc)
       Effective Dates        : (CCYY-MM-DD/CCYY-MM-DD)
       Additional Information : (multiple lines)

9.3.x  Signal Obstructions    : (TREES/BUILDINGS/etc)
       Effective Dates        : (CCYY-MM-DD/CCYY-MM-DD)
       Additional Information : (multiple lines)


10.  Local Episodic Effects Possibly Affecting Data Quality

10.x Date                     : (CCYY-MM-DD/CCYY-MM-DD)
     Event                    : (TREE CLEARING/CONSTRUCTION/etc)

11.  On-Site, Point of Contact Agency Information

     Agency                   : Geoscience Australia
     Preferred Abbreviation   : GA
     Mailing Address          : GPO Box 378
                              : Canberra  ACT  2601
                              : AUSTRALIA
     Primary Contact
       Contact Name           : Ryan Ruddick
       Telephone (primary)    : +61 2 6249 9426
       Telephone (secondary)  : +61 2 6249 9111
       Fax                    : 
       E-mail                 : geodesy@ga.gov.au
     Secondary Contact
       Contact Name           : Nicholas Brown
       Telephone (primary)    : +61 2 6249 9831
       Telephone (secondary)  : +61 2 6249 9111
       Fax                    : 
       E-mail                 : geodesy@ga.gov.au
     Additional Information   : 


12.  Responsible Agency (if different from 11.)

     Agency                   : Geoscience Australia
     Preferred Abbreviation   : GA
     Mailing Address          : GPO Box 378
                              : Canberra  ACT  2601
                              : AUSTRALIA
     Primary Contact
       Contact Name           : Ryan Ruddick
       Telephone (primary)    : +61 2 6249 9426
       Telephone (secondary)  : +61 2 6249 9111
       Fax                    : 
       E-mail                 : geodesy@ga.gov.au
     Secondary Contact
       Contact Name           : Nicholas Brown
       Telephone (primary)    : +61 2 6249 9831
       Telephone (secondary)  : +61 2 6249 9111
       Fax                    : 
       E-mail                 : geodesy@ga.gov.au
     Additional Information   : 

13.  More Information

     Primary Data Center      : GA
     Secondary Data Center    : CDDIS
     URL for More Information : http://www.ga.gov.au
     Hardcopy on File
       Site Map               : Y
       Site Diagram           : Y
       Horizon Mask           : Y
       Monument Description   : Y
       Site Pictures          : Y
     Additional Information   : 
     Antenna Graphics with Dimensions


TURBOROGUE: DORNE MARGOLIN T

                         -----
                     /     +     \                        <-- 0.128  L2
                    |      +      |                       <-- 0.110  L1
  +--------------------------------------------------+    <-- 0.102  TCR
  |                                                  |
  |                                                  |
  |                                                  |
  |                                                  |
+-+--------------------------------------------------+-+  <-- 0.038
+-------------------+-------------+--------------------+  <-- 0.035  BCR
                    |             |
                   =|             |
                    +------x------+                       <-- 0.000  ARP

<--                      0.381                       -->


ARP: Antenna Reference Point
L1 : L1 Phase Center                   L2 : L2 Phase Center
TCR: Top of Chokering                  BCR: Bottom of Chokering
   
LEIAR25.R3
LEIAR25.R4

                       +-------+                          <--  0.1995
                      /         \
                +---+-------------+---+                   <--  0.1606  TCR
                |                     |
             |---------------------------|
          |---------------------------------|
       |---------------------------------------|
    +---------------------------------------------+
    |                                             |
    |                                             |
  +-+---------------------------------------------+-+
  +-----------------+-------------+-----------------+     <--  0.0320  BCR
                    |             |
                    |             |
                    +------x------+                       <--  0.0000  BPA=ARP
                                                              (5/8" thread might
                                                               differ from BPA!)
  <--                    0.3802                   -->


