     CAVA Site Information Form
     Venezia Consorzio Nuova


0.   Form

     Prepared by (full name)  : Paul Jamason
     Date Prepared            : 14-AUG-2001
     Report Type              : DYNAMIC
     Prepared Using           : SOPAC Site Information Manager


1.   Site Identification of the GPS Monument

     Site Name                : Cavallino
     Four Character ID        : CAVA
     Monument Inscription     : metallic pillar
     IERS DOMES Number        : (XXXXXXXXX)
     CDP Number               : (XXXX)
     Date Installed           : 16-MAY-2001 00:00 UT
     Geologic Characteristic  : Sand
      Bedrock Type            : Sedimentary
      Bedrock Condition       : (FRESH/JOINTED/WEATHERED)
      Fracture Spacing        : (1-10 cm/10-50 cm/50-200 cm/over 200 cm)
     Notes                    : (multiple lines)
     Additional Information   : (multiple lines)


2.   Site Location Information

     City or Town             : Cavallino
     State or Province        : Venice
     Country                  : Italy
     Tectonic Plate           : 
     Approximate Position     
       X coordinate (m)       : 4372204.66
       Y coordinate (m)       : 975914.92
       Z coordinate (m)       : 4524895.26
       Latitude (deg)         : 45.48 N
       Longitude (deg)        : 12.58 E
       Elevation (m)          : 48.37
     Additional Information   : Reference frame used is (ITRF92).
                              : Coordinate system used is (WGS84).


3.   GPS Receiver Information

3.1  Receiver Type            : LEICA RS500
     Serial Number            : 0080036
     Firmware Version         : 2.0
     Date Installed           : 16-MAY-2001 00:00 UT
     Date Removed             : (dd-MMM-yyyy hh:mm UT)
     Additional Information   : (multiple lines)

3.x  Receiver Type            : 
     Serial Number            : 
     Firmware Version         : 
     Date Installed           : (dd-MMM-yyyy hh:mm UT)
     Date Removed             : (dd-MMM-yyyy hh:mm UT)
     Additional Information   : (multiple lines)


4.   GPS Antenna Information

4.1  Antenna Type             : LEIAT504
     Serial Number            : 702
     Antenna Height (m)       : 0.60
     Antenna Reference Point  : BPA
     Degree Offset from North : 0
     Antenna Radome Type      : SCIT
     Date Installed           : 16-MAY-2001 00:00 UT
     Date Removed             : (dd-MMM-yyyy hh:mm UT)
     Additional Information   : Dome serial number is 00242.

4.x  Antenna Type             : 
     Serial Number            : 
     Antenna Height (m)       : (m)
     Antenna Reference Point  : (ARP/BCR/BPA)
     Degree Offset from North : 
     Antenna Radome Type      : 
     Date Installed           : (dd-MMM-yyyy hh:mm UT)
     Date Removed             : (dd-MMM-yyyy hh:mm UT)
     Additional Information   : (multiple lines)


5.   Local Site Ties

5.x  Monument Name            : 
     Site Ref CDP Number      : (XXXX)
     Site Ref Domes Number    : (XXXXXXXXX)
     Differential Components from GPS Mark to Site Reference (ITRS)
       dx (m)                 : (m)
       dy (m)                 : (m)
       dz (m)                 : (m)
     Accuracy (mm)            : (mm)
     Date Measured            : (dd-MMM-yyyy hh:mm UT)
     Additional Information   : (multiple lines)


6.   Frequency Standard

6.x  Standard Type            : (H-MASER/CESIUM/QUARTZ/INTERNAL/RUBIDIUM)
     Frequency                : 
     Effective Dates          : (dd-MMM-yyyy - dd-MMM-yyyy)
     Notes                    : (multiple lines)


7.   Collocation Information

7.x  Instrumentation Type     : (DORIS/GLONASS/PRARE/SLR/VLBI)
     Status                   : (PERMANENT/MOBILE)
     Effective Dates          : (dd-MMM-yyyy - dd-MMM-yyyy)
     Notes                    : (multiple lines)


8.   Meteorological Instrumentation

8.1  Humidity Sensor Model    :
     Manufacturer             : 
     Data Frequency           : 
     Accuracy (% rel h)       : (% rel h)
     Effective Dates          : (dd-MMM-yyyy - dd-MMM-yyyy)
     Notes                    : (multiple lines)


8.2  Pressure Sensor Model    :
     Manufacturer             : 
     Data Frequency           : 
     Accuracy (mbar)          : (mbar)
     Height Diff to GPS (m)   : (m)
     Effective Dates          : (dd-MMM-yyyy - dd-MMM-yyyy)
     Notes                    : (multiple lines)


8.3  Temperature Sensor Model :
     Manufacturer             : 
     Data Frequency           : 
     Accuracy (deg C)         : (deg C)
     Effective Dates          : (dd-MMM-yyyy - dd-MMM-yyyy)
     Notes                    : (multiple lines)


8.4  Water Vapor Radiometer   :
     Manufacturer             : 
     Distance to GPS (m)      : (m)
     Elev Diff to GPS (m)     : (m)
     Effective Dates          : (dd-MMM-yyyy - dd-MMM-yyyy)
     Notes                    : (multiple lines)


8.5  Other Instrumenation     (multiple lines)


9.   On-Site, Point of Contact Agency Information

     Agency                   : (multiple lines)
     Mailing Address          : (multiple lines)
     Primary Contact          
       Contact Name           : 
       Telephone (primary)    : 
       Telephone (secondary)  : 
       Fax                    : 
       E-mail                 : 
     Secondary Contact        
       Contact Name           : 
       Telephone (primary)    : 
       Telephone (secondary)  : 
       Fax                    : 
       E-mail                 : 
     Additional Information   : (multiple lines)


10.  Responsible Agency (if different from 9.)

     Agency                   : Consorzio Venezia Nuova
     Mailing Address          : (multiple lines)
     Primary Contact          
       Contact Name           : Ing. Viviana Ardone
       Telephone (primary)    : 039-041-5293575
       Telephone (secondary)  : 
       Fax                    : 039-041-5289252
       E-mail                 : viviana.ardone@consorziovenezianuova.com
     Secondary Contact        
       Contact Name           : 
       Telephone (primary)    : 
       Telephone (secondary)  : 
       Fax                    : 
       E-mail                 : 
     Additional Information   : (multiple lines)


11.  More Information

     URL For More Information : 
     Hardcopy on File         
       Site Map               : (Y)
       Site Diagram           : (Y)
       Horizon Mask           : (Y)
       Monument Description   : (Y)
       Site Pictures          : (Y)
     Additional Information   : (multiple lines)
     Antenna Graphics with Dimensions
                              
     (insert text graphic)    


