
     CHPI00BRA Site Information Form (site log)
     International GNSS Service
     See Instructions at:
       ftp://igs.org/pub/station/general/sitelog_instr.txt

0.   Form

     Prepared by (full name)  : Tatevik Shakhbandaryan
     Date Prepared            : 2020-02-04
     Report Type              : UPDATE
     If Update:
      Previous Site Log       : chpi_20200112.log
      Modified/Added Sections : 3.20,3.21


1.   Site Identification of the GNSS Monument

     Site Name                : Cachoeira Paulista
     Four Character ID        : CHPI
     Monument Inscription     : 
     IERS DOMES Number        : 41609M003
     CDP Number               : 
     Monument Description     : Steel reinforced concrete pillar.
       Height of the Monument : 1.8 m
       Monument Foundation    : Unconsolidated soil
       Foundation Depth       : 2.0 m
     Marker Description       : Stainless steel 5/8" threaded pin.
     Date Installed           : 2001-02-28T00:00Z
     Geologic Characteristic  : 
       Bedrock Type           : 
       Bedrock Condition      : 
       Fracture Spacing       : 
       Fault zones nearby     : 
         Distance/activity    : 
     Additional Information   : The concrete pillar is anchored with rebar
                              : cage. Pillar is approximately 34 cm in dia.
                              : Mark is the divot in the top of the
                              : stainless-steel pin cemented into the top
                              : of the pillar. Leveling antenna mount is
                              : screwed onto s-s pin, and leveled. The
                              : antenna height is fixed (bottom of spike
                              : on mount to ARP=BPA) at 0.0792 m.


2.   Site Location Information

     City or Town             : Cachoeira Paulista
     State or Province        : Sao Paulo
     Country                  : Brazil
     Tectonic Plate           : SOUTH AMERICAN
     Approximate Position (ITRF)
       X coordinate (m)       : +4164613.8900
       Y coordinate (m)       : -4162456.9100
       Z coordinate (m)       : -2445028.7600
       Latitude (N is +)      : -224113.72
       Longitude (E is +)     : -0445906.57
       Elevation (m,ellips.)  : 617.4176
     Additional Information   : 


3.   GNSS Receiver Information

3.1  Receiver Type            : ROGUE SNR-8000
     Satellite System         : GPS
     Serial Number            : 387
     Firmware Version         : 3.2.32.8
     Elevation Cutoff Setting : 4 deg
     Date Installed           : 2001-04-17T00:00Z
     Date Removed             : 2003-05-08T00:00Z
     Temperature Stabiliz.    : none
     Additional Information   : UNAVCO ID 9558.

3.2  Receiver Type            : ASHTECH UZ-12
     Satellite System         : GPS
     Serial Number            : ZR220014902
     Firmware Version         : CJ12
     Elevation Cutoff Setting : 0 deg
     Date Installed           : 2003-05-08T00:00Z
     Date Removed             : 2005-02-02T00:00Z
     Temperature Stabiliz.    : none
     Additional Information   : 

3.3  Receiver Type            : ASHTECH UZ-12
     Satellite System         : GPS
     Serial Number            : UC2200436002
     Firmware Version         : CN04
     Elevation Cutoff Setting : 0 deg
     Date Installed           : 2005-02-02T00:00Z
     Date Removed             : 2005-02-27T23:59Z
     Temperature Stabiliz.    : none
     Additional Information   : 

3.4  Receiver Type            : ASHTECH UZ-12
     Satellite System         : GPS
     Serial Number            : ZR520013805
     Firmware Version         : CJ12
     Elevation Cutoff Setting : 0 deg
     Date Installed           : 2005-06-23T00:00Z
     Date Removed             : 2008-06-12T11:59Z
     Temperature Stabiliz.    : none
     Additional Information   : 

3.5  Receiver Type            : ASHTECH UZ-12
     Satellite System         : GPS
     Serial Number            : UC2200436003
     Firmware Version         : CQ00
     Elevation Cutoff Setting : 0 deg
     Date Installed           : 2008-06-13T00:00Z
     Date Removed             : 2009-02-09T23:59Z
     Temperature Stabiliz.    : none
     Additional Information   : 

3.6  Receiver Type            : ASHTECH UZ-12
     Satellite System         : GPS
     Serial Number            : ZR220024515
     Firmware Version         : CQ00
     Elevation Cutoff Setting : 0 deg
     Date Installed           : 2009-02-12T00:00Z
     Date Removed             : 2013-07-30T20:29Z
     Temperature Stabiliz.    : none
     Additional Information   : 

3.7  Receiver Type            : JAVAD TRE_G3TH DELTA
     Satellite System         : GPS+GLO
     Serial Number            : 01323
     Firmware Version         : 3.4.9
     Elevation Cutoff Setting : 0 deg
     Date Installed           : 2013-07-30T20:30Z
     Date Removed             : 2013-07-31T22:20Z
     Temperature Stabiliz.    : none
     Additional Information   : 

3.8  Receiver Type            : JAVAD TRE_G3TH DELTA
     Satellite System         : GPS+GLO
     Serial Number            : 01323
     Firmware Version         : 3.5.1
     Elevation Cutoff Setting : 0 deg
     Date Installed           : 2013-07-31T22:20Z
     Date Removed             : 2013-10-17T17:00Z
     Temperature Stabiliz.    : none
     Additional Information   : 

3.9  Receiver Type            : JAVAD TRE_G3TH DELTA
     Satellite System         : GPS+GLO
     Serial Number            : 01323
     Firmware Version         : 3.5.3
     Elevation Cutoff Setting : 0 deg
     Date Installed           : 2013-10-17T17:00Z
     Date Removed             : 2014-04-07T17:00Z
     Temperature Stabiliz.    : none
     Additional Information   : 

3.10 Receiver Type            : JAVAD TRE_G3TH DELTA
     Satellite System         : GPS+GLO
     Serial Number            : 01323
     Firmware Version         : 3.5.5
     Elevation Cutoff Setting : 0 deg
     Date Installed           : 2014-04-07T17:30Z
     Date Removed             : 2014-10-20T22:15Z
     Temperature Stabiliz.    : none
     Additional Information   : 

3.11 Receiver Type            : JAVAD TRE_G3TH DELTA
     Satellite System         : GPS+GLO
     Serial Number            : 01323
     Firmware Version         : 3.5.7b0
     Elevation Cutoff Setting : 0 deg
     Date Installed           : 2014-10-20T23:00Z
     Date Removed             : 2015-05-04T23:05Z
     Temperature Stabiliz.    : none
     Additional Information   : SBAS turned off.

3.12 Receiver Type            : JAVAD TRE_G3TH DELTA
     Satellite System         : GPS+GLO
     Serial Number            : 01323
     Firmware Version         : 3.5.8b0-12-52e9
     Elevation Cutoff Setting : 0 deg
     Date Installed           : 2015-05-04T23:15Z
     Date Removed             : 2016-05-04T17:00Z
     Temperature Stabiliz.    : none
     Additional Information   : SBAS turned off.

3.13 Receiver Type            : JAVAD TRE_G3TH DELTA
     Satellite System         : GPS+GLO+GAL+BDS
     Serial Number            : 01323
     Firmware Version         : 3.6.4
     Elevation Cutoff Setting : 0 deg
     Date Installed           : 2016-05-04T17:15Z
     Date Removed             : 2017-03-29T14:30Z
     Temperature Stabiliz.    : none
     Additional Information   : SBAS and QZSS turned off.

3.14 Receiver Type            : SEPT POLARX5
     Satellite System         : GPS+GLO
     Serial Number            : 3013580
     Firmware Version         : 5.0.2
     Elevation Cutoff Setting : 0 deg
     Date Installed           : 2017-03-29T15:00Z
     Date Removed             : 2017-04-26T16:30Z
     Temperature Stabiliz.    : none
     Additional Information   : 

3.15 Receiver Type            : SEPT POLARX5
     Satellite System         : GPS+GLO
     Serial Number            : 3013580
     Firmware Version         : 5.1.1
     Elevation Cutoff Setting : 0 deg
     Date Installed           : 2017-04-26T16:30Z
     Date Removed             : 2017-06-21T23:59Z
     Temperature Stabiliz.    : none
     Additional Information   : 

3.16 Receiver Type            : SEPT POLARX5
     Satellite System         : GPS+GLO+GAL+BDS
     Serial Number            : 3013580
     Firmware Version         : 5.1.1
     Elevation Cutoff Setting : 0 deg
     Date Installed           : 2017-06-22T00:00Z
     Date Removed             : 2018-03-06T21:00Z
     Temperature Stabiliz.    : none
     Additional Information   : 

3.17 Receiver Type            : SEPT POLARX5
     Satellite System         : GPS+GLO+GAL+BDS
     Serial Number            : 3013580
     Firmware Version         : 5.1.2
     Elevation Cutoff Setting : 0 deg
     Date Installed           : 2018-03-06T21:00Z
     Date Removed             : 2018-12-03T20:26Z
     Temperature Stabiliz.    : none
     Additional Information   : 

3.18 Receiver Type            : SEPT POLARX5
     Satellite System         : GPS+GLO+GAL+BDS
     Serial Number            : 3013580
     Firmware Version         : 5.2.0
     Elevation Cutoff Setting : 0 deg
     Date Installed           : 2018-12-03T20:26Z
     Date Removed             : 2019-06-12T01:42Z
     Temperature Stabiliz.    : none
     Additional Information   : 

3.19 Receiver Type            : SEPT POLARX5
     Satellite System         : GPS+GLO+GAL+BDS
     Serial Number            : 3013580
     Firmware Version         : 0.0.0-181002
     Elevation Cutoff Setting : 0 deg
     Date Installed           : 2019-06-12T01:42Z
     Date Removed             : 2019-12-31T01:37Z
     Temperature Stabiliz.    : none
     Additional Information   : 

3.20 Receiver Type            : SEPT POLARX5
     Satellite System         : GPS+GLO+GAL+BDS
     Serial Number            : 3013580
     Firmware Version         : 5.3.0
     Elevation Cutoff Setting : 0 deg
     Date Installed           : 2019-12-31T01:37Z
     Date Removed             : 2020-02-04T00:01Z
     Temperature Stabiliz.    : none
     Additional Information   : 

3.21 Receiver Type            : SEPT POLARX5
     Satellite System         : GPS+GLO+GAL+BDS
     Serial Number            : 3013580
     Firmware Version         : 5.3.2
     Elevation Cutoff Setting : 0 deg
     Date Installed           : 2020-02-04T00:01Z
     Date Removed             : CCYY-MM-DDThh:mmZ
     Temperature Stabiliz.    : none
     Additional Information   : 

3.x  Receiver Type            : (A20, from rcvr_ant.tab; see instructions)
     Satellite System         : (GPS+GLO+GAL+BDS+QZSS+SBAS)
     Serial Number            : (A20, but note the first A5 is used in SINEX)
     Firmware Version         : (A11)
     Elevation Cutoff Setting : (deg)
     Date Installed           : (CCYY-MM-DDThh:mmZ)
     Date Removed             : (CCYY-MM-DDThh:mmZ)
     Temperature Stabiliz.    : (none or tolerance in degrees C)
     Additional Information   : (multiple lines)


4.   GNSS Antenna Information

4.1  Antenna Type             : AOAD/M_T        NONE
     Serial Number            : 410
     Antenna Reference Point  : BPA
     Marker->ARP Up Ecc. (m)  : 0.0792
     Marker->ARP North Ecc(m) : 0.0000
     Marker->ARP East Ecc(m)  : 0.0000
     Alignment from True N    : 0 deg
     Antenna Radome Type      : NONE
     Radome Serial Number     : 
     Antenna Cable Type       : 
     Antenna Cable Length     : 10 m
     Date Installed           : 2001-04-17T00:00Z
     Date Removed             : 2003-05-08T00:00Z
     Additional Information   : 

4.2  Antenna Type             : ASH701945C_M    NONE
     Serial Number            : CR620004602
     Antenna Reference Point  : BPA
     Marker->ARP Up Ecc. (m)  : 0.0792
     Marker->ARP North Ecc(m) : 0.0000
     Marker->ARP East Ecc(m)  : 0.0000
     Alignment from True N    : -20 deg
     Antenna Radome Type      : NONE
     Radome Serial Number     : 
     Antenna Cable Type       : 
     Antenna Cable Length     : 10 m
     Date Installed           : 2003-05-08T00:00Z
     Date Removed             : 2013-07-30T20:29Z
     Additional Information   : Antenna is oriented to Magnetic North. Local
                              : magnetic declination is 20 deg West.

4.3  Antenna Type             : TPSCR.G3        NONE
     Serial Number            : 3830153
     Antenna Reference Point  : BPA
     Marker->ARP Up Ecc. (m)  : 0.0792
     Marker->ARP North Ecc(m) : 0.000
     Marker->ARP East Ecc(m)  : 0.000
     Alignment from True N    : -20 deg
     Antenna Radome Type      : NONE
     Radome Serial Number     : 
     Antenna Cable Type       : 
     Antenna Cable Length     : 10 m
     Date Installed           : 2013-07-30T20:29Z
     Date Removed             : 2018-05-03T14:30Z
     Additional Information   : 

4.4  Antenna Type             : TPSCR.G3        NONE
     Serial Number            : 3830153
     Antenna Reference Point  : BPA
     Marker->ARP Up Ecc. (m)  : 0.0792
     Marker->ARP North Ecc(m) : 0.000
     Marker->ARP East Ecc(m)  : 0.000
     Alignment from True N    : 0 deg
     Antenna Radome Type      : NONE
     Radome Serial Number     : 
     Antenna Cable Type       : 
     Antenna Cable Length     : 10 m
     Date Installed           : 2018-05-03T14:30Z
     Date Removed             : CCYY-MM-DDThh:mmZ
     Additional Information   : Antenna was aligned to true North.

4.x  Antenna Type             : (A20, from rcvr_ant.tab; see instructions)
     Serial Number            : (A*, but note the first A5 is used in SINEX)
     Antenna Reference Point  : (BPA/BCR/XXX from "antenna.gra"; see instr.)
     Marker->ARP Up Ecc. (m)  : (F8.4)
     Marker->ARP North Ecc(m) : (F8.4)
     Marker->ARP East Ecc(m)  : (F8.4)
     Alignment from True N    : (deg; + is clockwise/east)
     Antenna Radome Type      : (A4 from rcvr_ant.tab; see instructions)
     Radome Serial Number     : 
     Antenna Cable Type       : (vendor & type number)
     Antenna Cable Length     : (m)
     Date Installed           : (CCYY-MM-DDThh:mmZ)
     Date Removed             : (CCYY-MM-DDThh:mmZ)
     Additional Information   : (multiple lines)


5.   Surveyed Local Ties

5.x  Tied Marker Name         : 
     Tied Marker Usage        : (SLR/VLBI/LOCAL CONTROL/FOOTPRINT/etc)
     Tied Marker CDP Number   : (A4)
     Tied Marker DOMES Number : (A9)
     Differential Components from GNSS Marker to the tied monument (ITRS)
       dx (m)                 : (m)
       dy (m)                 : (m)
       dz (m)                 : (m)
     Accuracy (mm)            : (mm)
     Survey method            : (GPS CAMPAIGN/TRILATERATION/TRIANGULATION/etc)
     Date Measured            : (CCYY-MM-DDThh:mmZ)
     Additional Information   : (multiple lines)


6.   Frequency Standard

6.1  Standard Type            : INTERNAL
       Input Frequency        : 
       Effective Dates        : 2001-04-17/CCYY-MM-DD
       Notes                  : 

6.x  Standard Type            : (INTERNAL or EXTERNAL H-MASER/CESIUM/etc)
       Input Frequency        : (if external)
       Effective Dates        : (CCYY-MM-DD/CCYY-MM-DD)
       Notes                  : (multiple lines)


7.   Collocation Information

7.x  Instrumentation Type     : (GPS/GLONASS/DORIS/PRARE/SLR/VLBI/TIME/etc)
       Status                 : (PERMANENT/MOBILE)
       Effective Dates        : (CCYY-MM-DD/CCYY-MM-DD)
       Notes                  : (multiple lines)


8.   Meteorological Instrumentation

8.1.1  Humidity Sensor Model  : Capacitance Probe
       Manufacturer           : Paroscientific
       Serial Number          : 
       Data Sampling Interval : 300 sec
       Accuracy (% rel h)     : Ã‚Â± 2
       Aspiration             : NATURAL
       Height Diff to Ant     : 0 m
       Calibration date       : (CCYY-MM-DD)
       Effective Dates        : 2003-05-08/2013-07-30
       Notes                  : 

8.1.2  Humidity Sensor Model  : MET4
       Manufacturer           : Paroscientific
       Serial Number          : 117949
       Data Sampling Interval : 60 sec
       Accuracy (% rel h)     : 2
       Aspiration             : 
       Height Diff to Ant     : 0 m
       Calibration date       : (CCYY-MM-DD)
       Effective Dates        : 2013-07-30/2017-03-27
       Notes                  : 

8.1.3  Humidity Sensor Model  : MET4
       Manufacturer           : Paroscientific
       Serial Number          : 130400
       Data Sampling Interval : 60 sec
       Accuracy (% rel h)     : 2% @ 25 C
       Aspiration             : UNASPIRATED
       Height Diff to Ant     : 0 m
       Calibration date       : (CCYY-MM-DD)
       Effective Dates        : 2017-03-27/CCYY-MM-DD
       Notes                  : 

8.1.x  Humidity Sensor Model  : 
       Manufacturer           : 
       Serial Number          : 
       Data Sampling Interval : (sec)
       Accuracy (% rel h)     : (% rel h)
       Aspiration             : (UNASPIRATED/NATURAL/FAN/etc)
       Height Diff to Ant     : (m)
       Calibration date       : (CCYY-MM-DD)
       Effective Dates        : (CCYY-MM-DD/CCYY-MM-DD)
       Notes                  : (multiple lines)

8.2.1  Pressure Sensor Model  : Digiquartz Barometric Standard
       Manufacturer           : Paroscientific
       Serial Number          : 
       Data Sampling Interval : 300 sec
       Accuracy               : 0.010 hPa
       Height Diff to Ant     : 0 m
       Calibration date       : (CCYY-MM-DD)
       Effective Dates        : 2003-05-08/2013-07-30
       Notes                  : 

8.2.2  Pressure Sensor Model  : MET4
       Manufacturer           : Paroscientific
       Serial Number          : 117949
       Data Sampling Interval : 60 sec
       Accuracy               : 0.08 hPa
       Height Diff to Ant     : 0 m
       Calibration date       : (CCYY-MM-DD)
       Effective Dates        : 2013-07-30/2017-03-27
       Notes                  : 

8.2.3  Pressure Sensor Model  : MET4
       Manufacturer           : Paroscientific
       Serial Number          : 130400
       Data Sampling Interval : 60 sec
       Accuracy               : 0.08 hPa
       Height Diff to Ant     : 0 m
       Calibration date       : (CCYY-MM-DD)
       Effective Dates        : 2017-03-27/CCYY-MM-DD
       Notes                  : 

8.2.x  Pressure Sensor Model  : 
       Manufacturer           : 
       Serial Number          : 
       Data Sampling Interval : (sec)
       Accuracy               : (hPa)
       Height Diff to Ant     : (m)
       Calibration date       : (CCYY-MM-DD)
       Effective Dates        : (CCYY-MM-DD/CCYY-MM-DD)
       Notes                  : (multiple lines)

8.3.1  Temp. Sensor Model     : Platinum Resistance Temperature Probe
       Manufacturer           : Paroscientific
       Serial Number          : 
       Data Sampling Interval : 300 sec
       Accuracy               : 0.5 deg C
       Aspiration             : NATURAL
       Height Diff to Ant     : 0 m
       Calibration date       : 
       Effective Dates        : 2003-05-08/2013-07-30
       Notes                  : 

8.3.2  Temp. Sensor Model     : MET4
       Manufacturer           : Paroscientific
       Serial Number          : 117949
       Data Sampling Interval : 60 sec
       Accuracy               : 0.5 deg C
       Aspiration             : 
       Height Diff to Ant     : 0 m
       Calibration date       : 
       Effective Dates        : 2013-07-30/2017-03-27
       Notes                  : 

8.3.3  Temp. Sensor Model     : MET4
       Manufacturer           : Paroscientific
       Serial Number          : 130400
       Data Sampling Interval : 60 sec
       Accuracy               : 0.5 deg C
       Aspiration             : UNASPIRATED
       Height Diff to Ant     : 0 m
       Calibration date       : 
       Effective Dates        : 2017-03-27/CCYY-MM-DD
       Notes                  : 

8.3.x  Temp. Sensor Model     : 
       Manufacturer           : 
       Serial Number          : 
       Data Sampling Interval : (sec)
       Accuracy               : (deg C)
       Aspiration             : (UNASPIRATED/NATURAL/FAN/etc)
       Height Diff to Ant     : (m)
       Calibration date       : (CCYY-MM-DD)
       Effective Dates        : (CCYY-MM-DD/CCYY-MM-DD)
       Notes                  : (multiple lines)

8.4.x  Water Vapor Radiometer : 
       Manufacturer           : 
       Serial Number          : 
       Distance to Antenna    : (m)
       Height Diff to Ant     : (m)
       Calibration date       : (CCYY-MM-DD)
       Effective Dates        : (CCYY-MM-DD/CCYY-MM-DD)
       Notes                  : (multiple lines)

8.5.x  Other Instrumentation  : (multiple lines)


9.   Local Ongoing Conditions Possibly Affecting Computed Position

9.1.x  Radio Interferences    : (TV/CELL PHONE ANTENNA/RADAR/etc)
       Observed Degradations  : (SN RATIO/DATA GAPS/etc)
       Effective Dates        : (CCYY-MM-DD/CCYY-MM-DD)
       Additional Information : (multiple lines)

9.2.x  Multipath Sources      : (METAL ROOF/DOME/VLBI ANTENNA/etc)
       Effective Dates        : (CCYY-MM-DD/CCYY-MM-DD)
       Additional Information : (multiple lines)

9.3.x  Signal Obstructions    : (TREES/BUILDINGS/etc)
       Effective Dates        : (CCYY-MM-DD/CCYY-MM-DD)
       Additional Information : (multiple lines)


10.  Local Episodic Effects Possibly Affecting Data Quality

10.1 Date                     : 2012-02-09/2012-02-09
     Event                    : Transition from .soc to .ash data types.
                              : For soc data types used soc2rnx to do the
                              : conversion to RINEX data. For ash data types
                              : using teqc directly to do the conversion to
                              : RINEX data.

10.2 Date                     : 2013-07-31/2013-07-31
     Event                    : L1 center frequency offset to 1573 from
                              : nominal 1575,
                              : allowing some functional BeiDou tracking.

10.x Date                     : (CCYY-MM-DD/CCYY-MM-DD)
     Event                    : (TREE CLEARING/CONSTRUCTION/etc)

11.  On-Site, Point of Contact Agency Information

     Agency                   : Instituto Nacional de Pesquisas Espaciais
     Preferred Abbreviation   : INPE
     Mailing Address          : Avenida dos Astronautas, 1758
                              : 12.227-010 Sao Jose dos Campos
                              : SP - Brazil
     Primary Contact
       Contact Name           : Eduardo Bergamini
       Telephone (primary)    : 55.12.3945.6166
       Telephone (secondary)  : 
       Fax                    : 55.12.3945.6150
       E-mail                 : e.w.bergamini@uol.com.br
     Secondary Contact
       Contact Name           : Fernando Acedo
       Telephone (primary)    : 55.12.3945.6165
       Telephone (secondary)  : 
       Fax                    : 55.12.3945.6150
       E-mail                 : f.acedo@uol.com.br
     Additional Information   : Alternate Email for Eduardo Bergamini
                              : e.w.bergamini@stanfordalumni.org


12.  Responsible Agency (if different from 11.)

     Agency                   : Jet Propulsion Laboratory
     Preferred Abbreviation   : JPL
     Mailing Address          : 4800 Oak Grove Drive
                              : Pasadena, CA 91109 USA
     Primary Contact
       Contact Name           : David A. Stowers
       Telephone (primary)    : 818-354-7055
       Telephone (secondary)  : 
       Fax                    : 818-393-4965
       E-mail                 : dstowers@jpl.nasa.gov
     Secondary Contact
       Contact Name           : UNAVCO Network Engineer
       Telephone (primary)    : 303-381-7500
       Telephone (secondary)  : 
       Fax                    : 303-381-7451
       E-mail                 : ggn-ops@ls.unavco.org
     Additional Information   : 

13.  More Information

     Primary Data Center      : JPL
     Secondary Data Center    : CDDIS
     URL for More Information : 
     Hardcopy on File
       Site Map               : Y
       Site Diagram           : Y
       Horizon Mask           : Y
       Monument Description   : Y
       Site Pictures          : Y
     Additional Information   : 
     Antenna Graphics with Dimensions

TPSCR.G3

                       +-------+
                     /           \
                    |             |
  +-----------------+-------------+-----------------+     <--  0.1015  TCR
  |                                                 |
  |                                                 |
  |                                                 |
  |                                                 |
+-+-------------------------------------------------+-+
+-------------------+-------------+-------------------+   <--  0.0345  BCR
                    |             |
                    |             |
                    +------x------+                       <--  0.0000  BPA=ARP
                                                                       NOM=NRP
                    <--  0.2380 -->
<--                      0.3800                     -->



   ARP: Antenna Reference Point
   TCR: Top of Chokering                  BCR: Bottom of Chokering
   TGP: Top of Ground Plane               BGP: Bottom of Ground Plane
   TPA: Top of Preamplifier               BPA: Bottom of Preamplifier
   TOP: Top of Pole
                                                                                
All dimensions are in meters.





