     CNNS Site Information Form
     International GPS Service
     See Instructions at:
       ftp://igscb.jpl.nasa.gov/pub/station/general/sitelog_instr.txt


0.   Form

     Prepared by (full name)  : Equipe RGP
     Date Prepared            : 2012-09-17
     Report Type              : UPDATED
     If Update:
      Previous Site Log       : cnns_20100728.log
      Modified/Added Sections : 3.x


1.   Site Identification of the GNSS Monument

     Site Name                : Cannes
     Four Character ID        : CNNS
     Monument Inscription     : NONE
     IERS DOMES Number        : 10089M001
     CDP Number               : NONE
     Monument Description     : INOX TRIANGULAR PLATE ON TOP OF A STEEL TUBE
       Height of the Monument : 3.0 m
       Monument Foundation    : CONCRETE WALL
       Foundation Depth       : 
     Marker Description       : TOP AND CENTRE OF THE INOX TRIANGULAR PLATE
     Date Installed           : 2005-03-10T12:00Z
     Geologic Characteristic  :
       Bedrock Type           : 
       Bedrock Condition      : 
       Fracture Spacing       : 
       Fault zones nearby     : 
         Distance/activity    : 
     Additional Information   : (multiple lines)

2.   Site Location Information
     City or Town             : Cannes
     State or Province        : Alpes Maritimes(06)
     Country                  : France
     Tectonic Plate           : Eurasia
     Approximate Position (ITRF)
       X coordinate (m)       : 4595116
       Y coordinate (m)       :  565489
       Z coordinate (m)       : 4372420
       Latitude (N is +)      : +433316.48
       Longitude (E is +)     : +0070056.60
       Elevation (m,ellips.)  : 00089.8
     Additional Information   : (multiple lines)


3.   GNSS Receiver Information

3.1  Receiver Type            : TRIMBLE NETRS
     Satellite System         : GPS
     Serial Number            : 44445240399
     Firmware Version         : 1.13
     Elevation Cutoff Setting : 5
     Date Installed           : 2005-03-10T12:00Z
     Date Removed             : 2010-07-28T06:00Z
     Temperature Stabiliz.    : NONE
     Additional Information   : (multiple lines)

3.2  Receiver Type            : TRIMBLE NETRS
     Satellite System         : GPS
     Serial Number            : 44445240399
     Firmware Version         : 1.2-0
     Elevation Cutoff Setting : 5
     Date Installed           : 2010-07-28T06:00Z
     Date Removed             : CCYY-MM-DDThh:mmZ
     Temperature Stabiliz.    : NONE
     Additional Information   : (multiple lines)

3.x  Receiver Type            : (A20, from rcvr_ant.tab; see instructions)
     Satellite System         : (GPS+GLO+GAL+CMP+QZSS+SBAS)
     Serial Number            : (A5)
     Firmware Version         : (A11)
     Elevation Cutoff Setting : (deg)
     Date Installed           : (CCYY-MM-DDThh:mmZ)
     Date Removed             : (CCYY-MM-DDThh:mmZ)
     Temperature Stabiliz.    : (none or tolerance in degrees C)
     Additional Information   : (multiple lines)


4.   GNSS Antenna Information

4.1  Antenna Type             : TRM29659.00     UNAV
     Serial Number            : 29659
     Antenna Reference Point  : BA
     Marker->ARP Up Ecc. (m)  : 000.0000
     Marker->ARP North Ecc(m) : 000.0000
     Marker->ARP East Ecc(m)  : 000.0000
     Alignment from True N    : 0
     Antenna Radome Type      : UNAV
     Radome Serial Number     : 
     Antenna Cable Type       : 
     Antenna Cable Length     : 30 m
     Date Installed           : 2005-03-10T12:00Z
     Date Removed             : (CCYY-MM-DDThh:mmZ)
     Additional Information   : (multiple lines)

4.x  Antenna Type             : (A20 from rcvr_ant.tab; see instructions)
     Serial Number            : (A*, but note the first A5 is used in SINEX)
     Antenna Reference Point  : (BPA/BCR/XXX from "antenna.gra"; see instr.)
     Marker->ARP Up Ecc. (m)  : (F8.4)
     Marker->ARP North Ecc(m) : (F8.4)
     Marker->ARP East Ecc(m)  : (F8.4)
     Alignment from True N    : (deg; + is clockwise/east)
     Antenna Radome Type      : (A4 from rcvr_ant.tab; see instructions)
     Radome Serial Number     : 
     Antenna Cable Type       : (vendor & type number)
     Antenna Cable Length     : (m)
     Date Installed           : (CCYY-MM-DDThh:mmZ)
     Date Removed             : (CCYY-MM-DDThh:mmZ)
     Additional Information   : (multiple lines)


5.   Surveyed Local Ties

5.x  Tied Marker Name         : 
     Tied Marker Usage        : (SLR/VLBI/LOCAL CONTROL/FOOTPRINT/etc)
     Tied Marker CDP Number   : (A4)
     Tied Marker DOMES Number : (A9)
     Differential Components from GNSS Marker to the tied monument (ITRS)
       dx (m)                 : (m)
       dy (m)                 : (m)
       dz (m)                 : (m)
     Accuracy (mm)            : (mm)
     Survey method            : (GPS CAMPAIGN/TRILATERATION/TRIANGULATION/etc)
     Date Measured            : (CCYY-MM-DDThh:mmZ)
     Additional Information   : (multiple lines)


6.   Frequency Standard

6.1  Standard Type            : INTERNAL
       Input Frequency        : (if external)
       Effective Dates        : 2004-08-27/CCYY-MM-DD
       Notes                  : (multiple lines)

6.x  Standard Type            : (INTERNAL or EXTERNAL H-MASER/CESIUM/etc)
       Input Frequency        : (if external)
       Effective Dates        : (CCYY-MM-DD/CCYY-MM-DD)
       Notes                  : (multiple lines)


7.   Collocation Information

7.x  Instrumentation Type     : (GPS/GLONASS/DORIS/PRARE/SLR/VLBI/TIME/etc)
       Status                 : (PERMANENT/MOBILE)
       Effective Dates        : (CCYY-MM-DD/CCYY-MM-DD)
       Notes                  : (multiple lines)


8.   Meteorological Instrumentation

8.1.x Humidity Sensor Model   : 
       Manufacturer           : 
       Serial Number          : 
       Data Sampling Interval : (sec)
       Accuracy (% rel h)     : (% rel h)
       Aspiration             : (UNASPIRATED/NATURAL/FAN/etc)
       Height Diff to Ant     : (m)
       Calibration date       : (CCYY-MM-DD)
       Effective Dates        : (CCYY-MM-DD/CCYY-MM-DD)
       Notes                  : (multiple lines)

8.2.x Pressure Sensor Model   : 
       Manufacturer           : 
       Serial Number          : 
       Data Sampling Interval : (sec)
       Accuracy               : (hPa)
       Height Diff to Ant     : (m)
       Calibration date       : (CCYY-MM-DD)
       Effective Dates        : (CCYY-MM-DD/CCYY-MM-DD)
       Notes                  : (multiple lines)

8.3.x Temp. Sensor Model      : 
       Manufacturer           : 
       Serial Number          : 
       Data Sampling Interval : (sec)
       Accuracy               : (deg C)
       Aspiration             : (UNASPIRATED/NATURAL/FAN/etc)
       Height Diff to Ant     : (m)
       Calibration date       : (CCYY-MM-DD)
       Effective Dates        : (CCYY-MM-DD/CCYY-MM-DD)
       Notes                  : (multiple lines)

8.4.x Water Vapor Radiometer  : 
       Manufacturer           : 
       Serial Number          : 
       Distance to Antenna    : (m)
       Height Diff to Ant     : (m)
       Calibration date       : (CCYY-MM-DD)
       Effective Dates        : (CCYY-MM-DD/CCYY-MM-DD)
       Notes                  : (multiple lines)

8.5.x Other Instrumentation   : (multiple lines)


9.   Local Ongoing Conditions Possibly Affecting Computed Position

9.1.x Radio Interferences     : (TV/CELL PHONE ANTENNA/RADAR/etc)
       Observed Degradations  : (SN RATIO/DATA GAPS/etc)
       Effective Dates        : (CCYY-MM-DD/CCYY-MM-DD)
       Additional Information : (multiple lines)

9.2.x Multipath Sources       : (METAL ROOF/DOME/VLBI ANTENNA/etc)
       Effective Dates        : (CCYY-MM-DD/CCYY-MM-DD)
       Additional Information : (multiple lines)

9.3.x Signal Obstructions     : (TREES/BUILDING/etc)
       Effective Dates        : (CCYY-MM-DD/CCYY-MM-DD)
       Additional Information : (multiple lines)


10.  Local Episodic Effects Possibly Affecting Data Quality

10.x Date                     : (CCYY-MM-DDThh:mmZ)
     Event                    : (TREE CLEARING/CONSTRUCTION/etc)


11.  On-Site, Point of Contact Agency Information

     Agency                   : Ville de Cannes
     Preferred Abbreviation   : NONE
     Mailing Address          : 31 bld de la Ferrage 
                              : 06400 Cannes - FRANCE
     Primary Contact
       Contact Name           : Philippe MEURICE
       Telephone (primary)    : 00 33 (0)4 97 06 46 56
       Telephone (secondary)  : 
       Fax                    :  
       E-mail                 : philippe.meurice@ville-cannes.fr
     Secondary Contact
       Contact Name           : Philippe SAUVAN
       Telephone (primary)    :   00 33 (0)4 97 06 42 34
       Telephone (secondary)  : 00 33 (0)6 03 04 37 17
       Fax                    : 
       E-mail                 : philippe.sauvan@ville-cannes.fr
     Additional Information   : 


12.  Responsible Agency (if different from 11.)

     Agency                   : 
     Preferred Abbreviation   : 
     Mailing Address          : 
                              : 
     Primary Contact
       Contact Name           : 
       Telephone (primary)    : 
       Telephone (secondary)  : 
       Fax                    : 
       E-mail                 : 
     Secondary Contact
       Contact Name           : 
       Telephone (primary)    : 
       Telephone (secondary)  : 
       Fax                    : 
       E-mail                 : 
     Additional Information   : (multiple lines)


13.  More Information

     Primary Data Center      : IGN SGN
     Secondary Data Center    : IGN LAREG
     URL for More Information : http://rgp.ign.fr
     Hardcopy on File
       Site Map               : http://rgp.ign.fr
       Site Diagram           : (Y)
       Horizon Mask           : (Y)
       Monument Description   : (Y)
       Site Pictures          : (Y)
     Additional Information   : (multiple lines)
     Antenna Graphics with Dimensions


TRM29659.00
Trimble L1/L2 Dorne Margolin element with chokerings
Model 29659.00 

                       +-------+                         
                     /     +     \                        <--  0.1280 L2
                    |      +      |                       <--  0.1100 L1
  +--------------------------------------------------+    <--  0.1020 TCR
  |                                                  |
  |                                                  |
  |                                                  |
  |                                                  |
+-+--------------------------------------------------+-+  <--  0.0380
+-------------------+-------------+--------------------+  <--  0.0350 BCR
                    |             |
                    |             |
                    +------x------+                       <--  0.0000 BPA=ARP

<--                      0.3810                      -->


   ARP: Antenna Reference Point
   L1 : L1 Phase Center                   L2 : L2 Phase Center
   TCR: Top of Chokering                  BCR: Bottom of Chokering
   BPA: Bottom of Preamplifier

