	 CORT Site Information Form (site log)
     International GNSS Service
     See Instructions at:
       ftp://igscb.jpl.nasa.gov/pub/station/general/sitelog_instr.txt


0.   Form

     Prepared by (full name)  : Equipe RGP
     Date Prepared            : 2015-07-17
     Report Type              : UPDATED
     If Update:
      Previous Site Log       : cort_20141114.log
      Modified/Added Sections : 3.8, 3.9


1.   Site Identification of the GNSS Monument

     Site Name                : Corte, IGN
     Four Character ID        : CORT
     Monument Inscription     : NONE
     IERS DOMES Number        : 19732M001
     CDP Number               : NONE
     Monument Description     : INOX TRIANGULAR PLATE ON TOP OF A METALLIC PILAR
       Height of the Monument : 1.0 m
       Monument Foundation    : CONCRETE WALL
       Foundation Depth       : (m)
     Marker Description       : TOP AND CENTRE OF THE INOX TRIANGULAR PLATE
     Date Installed           : 2011-06-23T12:00Z
     Geologic Characteristic  : (BEDROCK/CLAY/CONGLOMERATE/GRAVEL/SAND/etc)
       Bedrock Type           : (IGNEOUS/METAMORPHIC/SEDIMENTARY)
       Bedrock Condition      : (FRESH/JOINTED/WEATHERED)
       Fracture Spacing       : (0 cm/1-10 cm/11-50 cm/51-200 cm/over 200 cm)
       Fault zones nearby     : (YES/NO/Name of the zone)
         Distance/activity    : (multiple lines)
     Additional Information   : (multiple lines)


2.   Site Location Information

     City or Town             : Corte
     State or Province        : Haute-Corse (2B)
     Country                  : France
     Tectonic Plate           : EURASIAN
     Approximate Position (ITRF)
       X coordinate (m)       : 4664928.467
       Y coordinate (m)       : 751615.791
       Z coordinate (m)       : 4270551.093
       Latitude (N is +)      : +421755.89
       Longitude (E is +)     : +0090910.31
       Elevation (m,ellips.)  :   498.7
     Additional Information   : (multiple lines)


3.   GNSS Receiver Information

3.1  Receiver Type            : TRIMBLE NETR8
     Satellite System         : GPS+GLO
     Serial Number            : 5020K67485
     Firmware Version         : 4.22
     Elevation Cutoff Setting : 3 deg
     Date Installed           : 2011-06-23T12:00Z
     Date Removed             : 2011-08-29T06:00Z
     Temperature Stabiliz.    : (deg C) +/- (deg C)
     Additional Information   : (multiple lines)

3.2  Receiver Type            : TRIMBLE NETR8
     Satellite System         : GPS+GLO
     Serial Number            : 5020K67485
     Firmware Version         : 4.42
     Elevation Cutoff Setting : 3 deg
     Date Installed           : 2011-08-29T06:00Z
     Date Removed             : 2012-05-24T06:00Z
     Temperature Stabiliz.    : (deg C) +/- (deg C)
     Additional Information   : (multiple lines)

3.3  Receiver Type            : TRIMBLE NETR8
     Satellite System         : GPS+GLO
     Serial Number            : 5020K67485
     Firmware Version         : 4.48
     Elevation Cutoff Setting : 0 deg
     Date Installed           : 2012-05-24T06:00Z
     Date Removed             : 2013-09-17T13:00Z
     Temperature Stabiliz.    : (deg C) +/- (deg C)
     Additional Information   : (multiple lines)
	 
3.4  Receiver Type            : LEICA GR25
     Satellite System         : GPS+GLO+GAL+SBAS
     Serial Number            : 1830342
     Firmware Version         : 3.0
     Elevation Cutoff Setting : 0 deg
     Date Installed           : 2013-09-17T13:00Z
     Date Removed             : 2013-10-15T13:00Z
     Temperature Stabiliz.    : (deg C) +/- (deg C)
     Additional Information   : (multiple lines)

3.5  Receiver Type            : LEICA GR25
     Satellite System         : GPS+GLO+GAL+SBAS
     Serial Number            : 1830342
     Firmware Version         : 3.01
     Elevation Cutoff Setting : 0 deg
     Date Installed           : 2013-10-15T13:00Z
     Date Removed             : 2014-02-20T09:00Z
     Temperature Stabiliz.    : (deg C) +/- (deg C)
     Additional Information   : (multiple lines)
	 
3.6  Receiver Type            : LEICA GR25
     Satellite System         : GPS+GLO+GAL+SBAS
     Serial Number            : 1830342
     Firmware Version         : 3.03
     Elevation Cutoff Setting : 0 deg
     Date Installed           : 2014-02-20T09:00Z
     Date Removed             : 2014-09-18T12:00Z
     Temperature Stabiliz.    : (deg C) +/- (deg C)
     Additional Information   : (multiple lines)
	 
3.7  Receiver Type            : LEICA GR25
     Satellite System         : GPS+GLO+GAL+BDS+SBAS
     Serial Number            : 1830342
     Firmware Version         : 3.10
     Elevation Cutoff Setting : 0 deg
     Date Installed           : 2014-09-18T12:00Z
     Date Removed             : 2014-11-14T12:00Z
     Temperature Stabiliz.    : (deg C) +/- (deg C)
     Additional Information   : (multiple lines)

3.8  Receiver Type            : LEICA GR25
     Satellite System         : GPS+GLO+GAL+BDS+SBAS
     Serial Number            : 1830342
     Firmware Version         : 3.11
     Elevation Cutoff Setting : 0 deg
     Date Installed           : 2014-11-14T12:00Z
     Date Removed             : 2015-07-17T15:00Z
     Temperature Stabiliz.    : (deg C) +/- (deg C)
     Additional Information   : (multiple lines)
	
3.9  Receiver Type            : LEICA GR25
     Satellite System         : GPS+GLO+GAL+BDS+SBAS
     Serial Number            : 1830342
     Firmware Version         : 3.11
     Elevation Cutoff Setting : 0 deg
     Date Installed           : 2015-07-17T15:00Z
     Date Removed             : (CCYY-MM-DDThh:mmZ)
     Temperature Stabiliz.    : (deg C) +/- (deg C)
     Additional Information   : pseudorange smoothing disabled
	
3.x  Receiver Type            : (A20, from rcvr_ant.tab; see instructions)
     Satellite System         : (GPS+GLO+GAL+BDS+QZSS+SBAS)
     Serial Number            : (A20, but note the first A5 is used in SINEX)
     Firmware Version         : (A11)
     Elevation Cutoff Setting : (deg)
     Date Installed           : (CCYY-MM-DDThh:mmZ)
     Date Removed             : (CCYY-MM-DDThh:mmZ)
     Temperature Stabiliz.    : (none or tolerance in degrees C)
     Additional Information   : (multiple lines)


4.   GNSS Antenna Information

4.1  Antenna Type             : TRM57971.00     NONE
     Serial Number            : 1441023300
     Antenna Reference Point  : BAM
     Marker->ARP Up Ecc. (m)  :   0.0000
     Marker->ARP North Ecc(m) :   0.0000
     Marker->ARP East Ecc(m)  :   0.0000
     Alignment from True N    : 0 deg
     Antenna Radome Type      : NONE
     Radome Serial Number     : 
     Antenna Cable Type       : (vendor & type number)
     Antenna Cable Length     : 60 m
     Date Installed           : 2011-06-23T12:00Z
     Date Removed             : CCYY-MM-DDThh:mmZ
     Additional Information   : (multiple lines)

4.x  Antenna Type             : (A20, from rcvr_ant.tab; see instructions)
     Serial Number            : (A*, but note the first A5 is used in SINEX)
     Antenna Reference Point  : (BPA/BCR/XXX from "antenna.gra"; see instr.)
     Marker->ARP Up Ecc. (m)  : (F8.4)
     Marker->ARP North Ecc(m) : (F8.4)
     Marker->ARP East Ecc(m)  : (F8.4)
     Alignment from True N    : (deg; + is clockwise/east)
     Antenna Radome Type      : (A4 from rcvr_ant.tab; see instructions)
     Radome Serial Number     : 
     Antenna Cable Type       : (vendor & type number)
     Antenna Cable Length     : (m)
     Date Installed           : (CCYY-MM-DDThh:mmZ)
     Date Removed             : (CCYY-MM-DDThh:mmZ)
     Additional Information   : (multiple lines)


5.   Surveyed Local Ties

5.x  Tied Marker Name         : 
     Tied Marker Usage        : (SLR/VLBI/LOCAL CONTROL/FOOTPRINT/etc)
     Tied Marker CDP Number   : (A4)
     Tied Marker DOMES Number : (A9)
     Differential Components from GNSS Marker to the tied monument (ITRS)
       dx (m)                 : (m)
       dy (m)                 : (m)
       dz (m)                 : (m)
     Accuracy (mm)            : (mm)
     Survey method            : (GPS CAMPAIGN/TRILATERATION/TRIANGULATION/etc)
     Date Measured            : (CCYY-MM-DDThh:mmZ)
     Additional Information   : (multiple lines)


6.   Frequency Standard

6.1  Standard Type            : INTERNAL 
       Input Frequency        : (if external)
       Effective Dates        : 2004-08-27/CCYY-MM-DD
       Notes                  : (multiple lines)

6.x  Standard Type            : (INTERNAL or EXTERNAL H-MASER/CESIUM/etc)
       Input Frequency        : (if external)
       Effective Dates        : (CCYY-MM-DD/CCYY-MM-DD)
       Notes                  : (multiple lines)


7.   Collocation Information

7.x  Instrumentation Type     : (GPS/GLONASS/DORIS/PRARE/SLR/VLBI/TIME/etc)
       Status                 : (PERMANENT/MOBILE)
       Effective Dates        : (CCYY-MM-DD/CCYY-MM-DD)
       Notes                  : (multiple lines)


8.   Meteorological Instrumentation

8.1.x  Humidity Sensor Model  : 
       Manufacturer           : 
       Serial Number          : 
       Data Sampling Interval : (sec)
       Accuracy (% rel h)     : (% rel h)
       Aspiration             : (UNASPIRATED/NATURAL/FAN/etc)
       Height Diff to Ant     : (m)
       Calibration date       : (CCYY-MM-DD)
       Effective Dates        : (CCYY-MM-DD/CCYY-MM-DD)
       Notes                  : (multiple lines)

8.2.x  Pressure Sensor Model  : 
       Manufacturer           : 
       Serial Number          : 
       Data Sampling Interval : (sec)
       Accuracy               : (hPa)
       Height Diff to Ant     : (m)
       Calibration date       : (CCYY-MM-DD)
       Effective Dates        : (CCYY-MM-DD/CCYY-MM-DD)
       Notes                  : (multiple lines)

8.3.x  Temp. Sensor Model     : 
       Manufacturer           : 
       Serial Number          : 
       Data Sampling Interval : (sec)
       Accuracy               : (deg C)
       Aspiration             : (UNASPIRATED/NATURAL/FAN/etc)
       Height Diff to Ant     : (m)
       Calibration date       : (CCYY-MM-DD)
       Effective Dates        : (CCYY-MM-DD/CCYY-MM-DD)
       Notes                  : (multiple lines)

8.4.x  Water Vapor Radiometer : 
       Manufacturer           : 
       Serial Number          : 
       Distance to Antenna    : (m)
       Height Diff to Ant     : (m)
       Calibration date       : (CCYY-MM-DD)
       Effective Dates        : (CCYY-MM-DD/CCYY-MM-DD)
       Notes                  : (multiple lines)

8.5.x  Other Instrumentation  : (multiple lines)


9.   Local Ongoing Conditions Possibly Affecting Computed Position

9.1.x  Radio Interferences    : (TV/CELL PHONE ANTENNA/RADAR/etc)
       Observed Degradations  : (SN RATIO/DATA GAPS/etc)
       Effective Dates        : (CCYY-MM-DD/CCYY-MM-DD)
       Additional Information : (multiple lines)

9.2.x  Multipath Sources      : (METAL ROOF/DOME/VLBI ANTENNA/etc)
       Effective Dates        : (CCYY-MM-DD/CCYY-MM-DD)
       Additional Information : (multiple lines)

9.3.x  Signal Obstructions    : (TREES/BUILDLINGS/etc)
       Effective Dates        : (CCYY-MM-DD/CCYY-MM-DD)
       Additional Information : (multiple lines)


10.  Local Episodic Effects Possibly Affecting Data Quality

10.x  Date                    : (CCYY-MM-DD/CCYY-MM-DD)
      Event                   : (TREE CLEARING/CONSTRUCTION/etc)


11.  On-Site, Point of Contact Agency Information

     Agency                   : Université de Corse Pasquale Paoli
     Preferred Abbreviation   : Uni-Corse
     Mailing Address          : Campus Grossetti
                              : 7 avenue Jean Nicoli
                              : BP 52 - 20250 Corte
     Primary Contact
       Contact Name           : Frederic Bosseur
       Telephone (primary)    : 00 33 (0)4 95 45 02 05
       Telephone (secondary)  : 
       Fax                    : 
       E-mail                 : bosseur@univ-corse.fr
     Secondary Contact
       Contact Name           : 
       Telephone (primary)    : 
       Telephone (secondary)  : 
       Fax                    : 
       E-mail                 : 
     Additional Information   : (multiple lines)


12.  Responsible Agency (if different from 11.)

     Agency                   : IGN
     Preferred Abbreviation   : IGN
     Mailing Address          : 73, avenue de Paris
                              : 94160 SAINT-MANDE - FRANCE
     Primary Contact
       Contact Name           : RGP Team
       Telephone (primary)    : 0033(0)143988339
       Telephone (secondary)  : 
       Fax                    : 0033(0)143988450
       E-mail                 : rgpadmin@ign.fr
     Secondary Contact
       Contact Name           : 
       Telephone (primary)    : 
       Telephone (secondary)  : 
       Fax                    : 
       E-mail                 : 
     Additional Information   : (multiple lines)


13.  More Information

     Primary Data Center      : IGNE
     Secondary Data Center    : BKGE
     URL for More Information : 
     Hardcopy on File
       Site Map               : (Y or URL)
       Site Diagram           : (Y or URL)
       Horizon Mask           : (Y or URL)
       Monument Description   : (Y or URL)
       Site Pictures          : (Y or URL)
     Additional Information   : (multiple lines)
     Antenna Graphics with Dimensions

(insert text graphic from file antenna.gra)
