     CUEC Site Information Form (site log)
     National Geodetic Survey
     See Instructions at:
       ftp://igscb.jpl.nasa.gov/pub/station/general/sitelog_instr.txt

0.   Form

     Prepared by (full name)  : Cisneros Revelo David Alexander
     Date Prepared            : 2014-06-30
     Report Type              : UPDATE
     If Update
      Previous Site Log       : cuec_20140219.log
      Modified/Added Sections : 4.4, 4.5, 14


1.   Site Identification of the GNSS Monument

     Site Name                : Cuenca
     Four Character ID        : CUEC
     Monument Inscription     : 50002
     IERS DOMES Number        : 42009M001
     CDP Number               : (A4)
     Monument Description     : Steel structure built at center of one floor 
                                building with force centering device on top.
                                The station is installed in ETAPA building, 
                                Cuenca city, Azuay Province.
       Height of the Monument : 3.30 m.
       Monument Foundation    : concrete roof
       Foundation Depth       : (m)
     Marker Description       : (CHISELLED CROSS/DIVOT/BRASS NAIL/etc)
     Date Installed           : 2008-06-20
     Geologic Characteristic  : (BEDROCK/CLAY/CONGLOMERATE/GRAVEL/SAND/etc)
       Bedrock Type           : (IGNEOUS/METAMORPHIC/SEDIMENTARY)
       Bedrock Condition      : (FRESH/JOINTED/WEATHERED)
       Fracture Spacing       : (1-10 cm/11-50 cm/51-200 cm/over 200 cm)
       Fault zones nearby     : (YES/NO/Name of the zone)
         Distance/activity    : (multiple lines)
     Additional Information   : REGME (Red GNSS de Monitoreo Continuo
                                del Ecuador)


2.   Site Location Information

     City or Town             : Cuenca
     State or Province        : Azuay
     Country                  : Ecuador
     Tectonic Plate           : South American
     Approximate Position (ITRF)
       X coordinate (m)       : 1215704.32
       Y coordinate (m)       : -6255712.25
       Z coordinate (m)       : -318819.01
       Latitude (N is +)      : -025259.87
       Longitude (E is +)     : -0790008.99
       Elevation (m,ellips.)  : 2631.22
     Additional Information   : 


3.   GNSS Receiver Information

3.1  Receiver Type            : LEICA GRX1200GGPRO
     Satellite System         : GPS+GLO
     Serial Number            : 355459
     Firmware Version         : 5.60/3.14
     Elevation Cutoff Setting : 0
     Date Installed           : 2008-10-28T00:00Z
     Date Removed             : 2008-12-12T00:00Z
     Temperature Stabiliz.    : 
     Additional Information   : 

3.2  Receiver Type            : LEICA GRX1200GGPRO
     Satellite System         : GPS+GLO
     Serial Number            : 355459
     Firmware Version         : 6.00
     Elevation Cutoff Setting : 0
     Date Installed           : 2008-12-12T00:00Z
     Date Removed             : 2013-06-06T00:00Z
     Temperature Stabiliz.    : 
     Additional Information   : 

3.3  Receiver Type            : TRIMBLE NETR9
     Satellite System         : GPS+GLO
     Serial Number            : 71495
     Firmware Version         : Nav 4.81 / Boot 4.29
     Elevation Cutoff Setting : 0
     Date Installed           : 2013-06-06T00:00Z
     Date Removed             : 2013-07-19T10:00Z
     Temperature Stabiliz.    : 
     Additional Information   : 

3.4  Receiver Type            : TRIMBLE NETR5
     Satellite System         : GPS+GLO
     Serial Number            : 60590
     Firmware Version         : Nav 4.41 / Boot 4.0
     Elevation Cutoff Setting : 0
     Date Installed           : 2013-07-19T12:00Z
     Date Removed             : 2014-02-19T08:00Z
     Temperature Stabiliz.    : 
     Additional Information   : 

3.5  Receiver Type            : TRIMBLE NETR9
     Satellite System         : GPS+GLO
     Serial Number            : 5045K71495
     Firmware Version         : 4.81
     Elevation Cutoff Setting : 0
     Date Installed           : 2014-02-19T12:00Z
     Date Removed             : (CCYY-MM-DDThh:mmZ)
     Temperature Stabiliz.    : 
     Additional Information   :


3.x  Receiver Type            : (A20, from rcvr_ant.tab; see instructions)
     Satellite System         : (GPS+GLO+GAL+CMP+QZSS+SBAS)
     Serial Number            : (A20, but note the first A5 is used in SINEX)
     Firmware Version         : (A11)
     Elevation Cutoff Setting : (deg)
     Date Installed           : (CCYY-MM-DDThh:mmZ)
     Date Removed             : (CCYY-MM-DDThh:mmZ)
     Temperature Stabiliz.    : (none or tolerance in degrees C)
     Additional Information   : (multiple lines)


4.   GNSS Antenna Information

4.1  Antenna Type             : LEIAT504GG
     Serial Number            : 200558
     Antenna Reference Point  : BPA
     Marker->ARP Up Ecc. (m)  : 0.0080
     Marker->ARP North Ecc(m) : 0.0000
     Marker->ARP East Ecc(m)  : 0.000
     Alignment from True N    : 0
     Antenna Radome Type      : NONE
     Radome Serial Number     : 
     Antenna Cable Type       : 
     Antenna Cable Length     : 30
     Date Installed           : 2008-10-28T00:00Z
     Date Removed             : 2013-06-06T00:00Z
     Additional Information   : 


4.2  Antenna Type             : TRM59800.00
     Serial Number            : 5034353904
     Antenna Reference Point  : BPA
     Marker->ARP Up Ecc. (m)  : 0.008
     Marker->ARP North Ecc(m) : 0.000
     Marker->ARP East Ecc(m)  : 0.000
     Alignment from True N    : 0
     Antenna Radome Type      : NONE
     Radome Serial Number     : 
     Antenna Cable Type       : LMR400
     Antenna Cable Length     : 30 m 
     Date Installed           : 2013-06-06T00:00Z
     Date Removed             : 2013-07-19T10:00Z
     Additional Information   : 


4.3  Antenna Type             : TRM59800.00
     Serial Number            : 5001353712
     Antenna Reference Point  : BPA
     Marker->ARP Up Ecc. (m)  : 0.008
     Marker->ARP North Ecc(m) : 0.000
     Marker->ARP East Ecc(m)  : 0.000
     Alignment from True N    : 0
     Antenna Radome Type      : NONE
     Radome Serial Number     : 
     Antenna Cable Type       : LMR400
     Antenna Cable Length     : 30 m 
     Date Installed           : 2013-07-19T12:00Z
     Date Removed             : 2014-02-19T08:00Z
     Additional Information   : 
     
4.4  Antenna Type             : TRM55970.00     NONE
     Serial Number            : 1441142032
     Antenna Reference Point  : BPA
     Marker->ARP Up Ecc. (m)  : 0.008
     Marker->ARP North Ecc(m) : 0.000
     Marker->ARP East Ecc(m)  : 0.000
     Alignment from True N    : 0
     Antenna Radome Type      : NONE
     Radome Serial Number     : 
     Antenna Cable Type       : LMR400
     Antenna Cable Length     : 30 m 
     Date Installed           : 2014-02-19T12:00Z
     Date Removed             : 2014-06-12T00:00Z
     Additional Information   : REGME - IGM_EC


4.5  Antenna Type             : TRM59800.00     NONE
     Serial Number            : 5408354961
     Antenna Reference Point  : BPA
     Marker->ARP Up Ecc. (m)  : 0.008
     Marker->ARP North Ecc(m) : 0.000
     Marker->ARP East Ecc(m)  : 0.000
     Alignment from True N    : 0
     Antenna Radome Type      : NONE
     Radome Serial Number     : 
     Antenna Cable Type       : LMR400
     Antenna Cable Length     : 30 m 
     Date Installed           : 2014-06-12T12:00Z
     Date Removed             : (CCYY-MM-DDThh:mmZ)
     Additional Information   : REGME - IGM_EC


4.x  Antenna Type             : (A20, from rcvr_ant.tab; see instructions)
     Serial Number            : (A*, but note the first A5 is used in SINEX)
     Antenna Reference Point  : (BPA/BCR/XXX from "antenna.gra"; see instr.)
     Marker->ARP Up Ecc. (m)  : (F8.4)
     Marker->ARP North Ecc(m) : (F8.4)
     Marker->ARP East Ecc(m)  : (F8.4)
     Alignment from True N    : (deg; + is clockwise/east)
     Antenna Radome Type      : (A4 from rcvr_ant.tab; see instructions)
     Radome Serial Number     : 
     Antenna Cable Type       : (vendor & type number)
     Antenna Cable Length     : (m)
     Date Installed           : (CCYY-MM-DDThh:mmZ)
     Date Removed             : (CCYY-MM-DDThh:mmZ)
     Additional Information   : (multiple lines)


5.   Surveyed Local Ties

5.1  Tied Marker Name         : 
     Tied Marker Usage        : 
     Tied Marker CDP Number   : 
     Tied Marker DOMES Number : 
     Differential Components from GNSS Marker to the tied monument (ITRS)
       dx (m)                 : 
       dy (m)                 : 
       dz (m)                 : 
     Accuracy (mm)            : 
     Survey method            : 
     Date Measured            : (CCYY-MM-DDThh:mmZ)
     Additional Information   : 


5.x  Tied Marker Name         : 
     Tied Marker Usage        : (SLR/VLBI/LOCAL CONTROL/FOOTPRINT/etc)
     Tied Marker CDP Number   : (A4)
     Tied Marker DOMES Number : (A9)
     Differential Components from GNSS Marker to the tied monument (ITRS)
       dx (m)                 : (m)
       dy (m)                 : (m)
       dz (m)                 : (m)
     Accuracy (mm)            : (mm)
     Survey method            : (GPS CAMPAIGN/TRILATERATION/TRIANGULATION/etc)
     Date Measured            : (CCYY-MM-DDThh:mmZ)
     Additional Information   : (multiple lines)


5.   Surveyed Local Ties

5.x  Tied Marker Name         : 
     Tied Marker Usage        : (SLR/VLBI/LOCAL CONTROL/FOOTPRINT/etc)
     Tied Marker CDP Number   : (A4)
     Tied Marker DOMES Number : (A9)
     Differential Components from GNSS Marker to the tied monument (ITRS)
       dx (m)                 : (m)
       dy (m)                 : (m)
       dz (m)                 : (m)
     Accuracy (mm)            : (mm)
     Survey method            : (GPS CAMPAIGN/TRILATERATION/TRIANGULATION/etc)
     Date Measured            : (CCYY-MM-DDThh:mmZ)
     Additional Information   : (multiple lines)


6.   Frequency Standard

6.x  Standard Type            : (INTERNAL or EXTERNAL H-MASER/CESIUM/etc)
     Input Frequency          : (if external)
     Effective Dates          : (CCYY-MM-DD/CCYY-MM-DD)
     Notes                    : (multiple lines)


7.   Collocation Information

7.1  Instrumentation Type     : (GPS/GLONASS/DORIS/PRARE/SLR/VLBI/TIME/etc)
       Status                 : (PERMANENT/MOBILE)
       Effective Dates        : (CCYY-MM-DD/CCYY-MM-DD)
       Notes                  : (multiple lines)


7.x  Instrumentation Type     : (GPS/GLONASS/DORIS/PRARE/SLR/VLBI/TIME/etc)
     Status                   : (PERMANENT/MOBILE)
     Effective Dates          : (CCYY-MM-DD/CCYY-MM-DD)
     Notes                    : (multiple lines)


8.   Meteorological Instrumentation

8.1.x Humidity Sensor Model   : 
     Manufacturer             : 
     Serial Number            : 
     Data Sampling Interval   : (sec)
     Accuracy (% rel h)       : (% rel h)
     Aspiration               : (UNASPIRATED/NATURAL/FAN/etc)
     Height Diff to Ant       : (m)
     Calibration date         : (CCYY-MM-DD)
     Effective Dates          : (CCYY-MM-DD/CCYY-MM-DD)
     Notes                    : (multiple lines)

8.2.x Pressure Sensor Model   : 
     Manufacturer             : 
     Serial Number            : 
     Data Sampling Interval   : (sec)
     Accuracy                 : (hPa)
     Height Diff to Ant       : (m)
     Calibration date         : (CCYY-MM-DD)
     Effective Dates          : (CCYY-MM-DD/CCYY-MM-DD)
     Notes                    : (multiple lines)

8.3.x Temp. Sensor Model      : 
     Manufacturer             : 
     Serial Number            : 
     Data Sampling Interval   : (sec)
     Accuracy                 : (deg C)
     Aspiration               : (UNASPIRATED/NATURAL/FAN/etc)
     Height Diff to Ant       : (m)
     Calibration date         : (CCYY-MM-DD)
     Effective Dates          : (CCYY-MM-DD/CCYY-MM-DD)
     Notes                    : (multiple lines)

8.4.x Water Vapor Radiometer  : 
     Manufacturer             : 
     Serial Number            : 
     Distance to Antenna      : (m)
     Height Diff to Ant       : (m)
     Calibration date         : (CCYY-MM-DD)
     Effective Dates          : (CCYY-MM-DD/CCYY-MM-DD)
     Notes                    : (multiple lines)

9.   Local Ongoing Conditions Possibly Affecting Computed Position

9.1.x Radio Interferences     : (TV/CELL PHONE ANTENNA/RADAR/etc)
     Observed Degradations    : (SN RATIO/DATA GAPS/etc)
     Effective Dates          : (CCYY-MM-DD/CCYY-MM-DD)
     Additional Information   : (multiple lines)

9.2.x Multipath Sources       : (METAL ROOF/DOME/VLBI ANTENNA/etc)
     Effective Dates          : (CCYY-MM-DD/CCYY-MM-DD)
     Additional Information   : (multiple lines)

9.3.x Signal Obstructions     : (TREES/BUILDLINGS/etc)
     Effective Dates          : (CCYY-MM-DD/CCYY-MM-DD)
     Additional Information   : (multiple lines)


10.  Local Episodic Effects Possibly Affecting Data Quality

10.x Date                     : (CCYY-MM-DD/CCYY-MM-DD)
     Event                    : (TREE CLEARING/CONSTRUCTION/etc)


11.   On-Site, Point of Contact Agency Information

     Agency                   : Instituto Geografico Militar
     Preferred Abbreviation   : IGM
     Mailing Address          : Seniergues E4-676 y Gral. Telmo Paz y
                                Mino - Quito - Ecuador   - Apartado
                                Postal: 17-01-2435
     
     Primary Contact
       Contact Name           : Ing. David A.Cisneros R.
       Telephone (primary)    : +593 23 975 100 Ext 2013
       Telephone (secondary)  : +593 99 524 8097
       Fax                    : 
       E-mail                 : david.cisneros@mail.igm.gob.ec
     Secondary Contact
       Contact Name           : Alberto Chavez
       Telephone (primary)    : (593) 2 3975100 ext 2013
       Telephone (secondary)  : 
       Fax                    : 
       E-mail                 : alberto.chavez@mail.igm.gob.ec
     Additional Information   : Centro de Procesamiento de Datos GNSS del 
                                Ecuador - IGM (Quito-Ecuador)

12.  Responsible Agency (if different from 11.)

     Agency                   : Instituto Geografico Militar Ecuador
     Preferred Abbreviation   : IGM_EC
     Mailing Address          : Av. Seniergues E4-676 y Gral. Telmo Paz y Miño
                                Apartado: 17-01-2435
     Primary Contact
       Contact Name           : Ing. David A.Cisneros R.
       Telephone (primary)    : +593 23 975 100 Ext 2013
       Telephone (secondary)  : +593 99 524 8097 
       Fax                    : 
       E-mail                 : david.cisneros@mail.igm.gob.ec
     Secondary Contact
       Contact Name           : Geom. Marco Amores
       Telephone (primary)    : +593 23 975 100 Ext 2013
       Telephone (secondary)  : 
       Fax                    : 
       E-mail                 : alberto.chavez@mail.igm.gob.ec
     Additional Information   : Centro de Procesamiento de Datos GNSS del 
                                Ecuador - IGM (Quito-Ecuador)


13.  More Information

     Primary Data Center      : Centro de Procesamiento Datos GNSS del Ecuador
     Secondary Data Center    : REGME
     URL for More Information : http://www.geoportaligm.gob.ec
     Hardcopy on File
       Site Map               : 
       Site Diagram           : 
       Horizon Mask           : 
       Monument Description   : 
       Site Pictures          : 
     Additional Information   : 
     
     
14. Antenna Graphics with Dimensions


LEIAT504GG

                         +-------+                          <-- 0.1393
                       /     +     \                        
                      |      +      |                       
    +-----------------+-------------+------------------+    <-- 0.1012 TCR
    |                                                  |
    |                                                  |
    |                                                  |
    |                                                  |
  +-+--------------------------------------------------+-+  
  +-------------------+-------------+--------------------+  <-- 0.0345 BCR
                      |             |
                      |             |
                      +------x------+                       <-- 0.000  BPA=ARP

  <--                      0.3794                      -->






 TRM59800.00
 
                           -------
                        /           \                        
                       |             |                       
     +-----------------+-------------+------------------+    <-- 0.1020 TCR
     |                                                  |
     |                                                  |
     |                                                  |
     |                                                  |
   +-+--------------------------------------------------+-+  <-- 0.0381
   +-------------------+-------------+--------------------+  <-- 0.0350 BCR
                       |             |
                       |             |
                       +------x------+                       <-- 0.000  BPA=ARP
 
   <--                      0.3810                      -->






TRM55970.00     NONE

                        ------
                     /          \
                /                    \
            /                            \
        -==+------------------------------+               <--  0.0387
          =+------------------------------+
                   ++|                 /
                   ++|              /
                      -------------                       <--  0.0000  BAM=ARP

        <--   0.0937    -->                                            Notch
        
        
        
        

