     DARE Site Information Form (site log)
     International GNSS Service
     See Instructions at:
       ftp://igscb.jpl.nasa.gov/pub/station/general/sitelog_instr.txt


0.   Form

     Prepared by (full name)  : Mark Greaves
     Date Prepared            : 2016-01-22
     Report Type              : UPDATE
     If Update:
      Previous Site Log       : dare_20150622.log
      Modified/Added Sections : 11, 12


1.   Site Identification of the GNSS Monument

     Site Name                : DARESBURY
     Four Character ID        : DARE
     Monument Inscription     : 
     IERS DOMES Number        : 13208S001
     CDP Number               : (A4)
     Monument Description     : Stainless steel pole
       Height of the Monument : 1.000 m
       Monument Foundation    : External brick building wall
       Foundation Depth       : (m)
     Marker Description       : Centre of mount thread on plane of ARP
     Date Installed           : 2000-03-27
     Geologic Characteristic  : Unknown
       Bedrock Type           : (IGNEOUS/METAMORPHIC/SEDIMENTARY)
       Bedrock Condition      : (FRESH/JOINTED/WEATHERED)
       Fracture Spacing       : (0 cm/1-10 cm/11-50 cm/51-200 cm/over 200 cm)
       Fault zones nearby     : NO
         Distance/activity    : (multiple lines)
     Additional Information   : Antenna is aproximately 6m above ground level


2.   Site Location Information

     City or Town             : Daresbury
     State or Province        : CHESHIRE
     Country                  : United Kingdom
     Tectonic Plate           : EURASIAN
     Approximate Position (ITRF)
       X coordinate (m)       : 3811965
       Y coordinate (m)       : -175800
       Z coordinate (m)       : 5093615
       Latitude (N is +)      : +532041.29
       Longitude (E is +)     : -0023825.77
       Elevation (m,ellips.)  :    88.4
     Additional Information   : (multiple lines)


3.   GNSS Receiver Information

3.1  Receiver Type            : LEICA CRS1000
     Satellite System         : GPS
     Serial Number            : 30100
     Firmware Version         : 8.02
     Elevation Cutoff Setting : 5 deg
     Date Installed           : 2000-04-10T00:00Z
     Date Removed             : 2001-03-17T23:59Z
     Temperature Stabiliz.    : (deg C) +/- (deg C)
     Additional Information   : (multiple lines)

3.2  Receiver Type            : LEICA CRS1000
     Satellite System         : GPS
     Serial Number            : 30100
     Firmware Version         : 8.03
     Elevation Cutoff Setting : 5 deg
     Date Installed           : 2001-03-18T00:00Z
     Date Removed             : 2001-12-03T23:59Z
     Temperature Stabiliz.    : (deg C) +/- (deg C)
     Additional Information   : (multiple lines)

3.3  Receiver Type            : LEICA RS500
     Satellite System         : GPS
     Serial Number            : 0080144
     Firmware Version         : 3.02
     Elevation Cutoff Setting : 5 deg
     Date Installed           : 2001-12-04T00:00Z
     Date Removed             : 2003-02-07T23:59Z
     Temperature Stabiliz.    : (deg C) +/- (deg C)
     Additional Information   : (multiple lines)

3.4  Receiver Type            : LEICA RS500
     Satellite System         : GPS
     Serial Number            : 0080144
     Firmware Version         : 4.01
     Elevation Cutoff Setting : 5 deg
     Date Installed           : 2003-02-08T00:00Z
     Date Removed             : 2004-05-23T23:59Z
     Temperature Stabiliz.    : (deg C) +/- (deg C)
     Additional Information   : (multiple lines)

3.5  Receiver Type            : LEICA RS500
     Satellite System         : GPS
     Serial Number            : 0080144
     Firmware Version         : 4.20
     Elevation Cutoff Setting : 5 deg
     Date Installed           : 2004-05-24T00:00Z
     Date Removed             : 2008-10-27T13:10Z
     Temperature Stabiliz.    : (deg C) +/- (deg C)
     Additional Information   : (multiple lines)

3.6  Receiver Type            : LEICA SR530
     Satellite System         : GPS
     Serial Number            : 0038948
     Firmware Version         : 4.20
     Elevation Cutoff Setting : 5 deg
     Date Installed           : 2008-10-27T13:10Z
     Date Removed             : 2009-01-07T10:50Z
     Temperature Stabiliz.    : (deg C) +/- (deg C)
     Additional Information   : (multiple lines)

3.7  Receiver Type            : LEICA GRX1200GGPRO
     Satellite System         : GPS+GLO
     Serial Number            : 356236
     Firmware Version         : 6.00
     Elevation Cutoff Setting : 5 deg
     Date Installed           : 2009-01-07T10:50Z
     Date Removed             : 2009-08-04T08:00Z
     Temperature Stabiliz.    : (deg C) +/- (deg C)
     Additional Information   : (multiple lines)

3.8  Receiver Type            : LEICA GRX1200+GNSS
     Satellite System         : GPS+GLO
     Serial Number            : 356337
     Firmware Version         : 7.53
     Elevation Cutoff Setting : 0 deg
     Date Installed           : 2009-08-04T08:30Z
     Date Removed             : 2010-05-17T22:55Z
     Temperature Stabiliz.    : (deg C) +/- (deg C)
     Additional Information   : (multiple lines)

3.9  Receiver Type            : LEICA GRX1200+GNSS
     Satellite System         : GPS+GLO
     Serial Number            : 356337
     Firmware Version         : 7.81
     Elevation Cutoff Setting : 0 deg
     Date Installed           : 2010-05-17T22:55Z
     Date Removed             : 2011-08-15T12:15Z
     Temperature Stabiliz.    : (deg C) +/- (deg C)
     Additional Information   : (multiple lines)

3.10 Receiver Type            : LEICA GRX1200+GNSS
     Satellite System         : GPS+GLO
     Serial Number            : 356577
     Firmware Version         : 8.20
     Elevation Cutoff Setting : 0 deg
     Date Installed           : 2011-08-15T12:55Z
     Date Removed             : 2015-05-29T09:01Z
     Temperature Stabiliz.    : none
     Additional Information   : (multiple lines)

3.11 Receiver Type            : LEICA GRX1200+GNSS
     Satellite System         : GPS+GLO
     Serial Number            : 356577
     Firmware Version         : 9.20
     Elevation Cutoff Setting : 0 deg
     Date Installed           : 2015-05-29T09:01Z
     Date Removed             : CCYY-MM-DDThh:mmZ
     Temperature Stabiliz.    : none
     Additional Information   : (multiple lines)

3.x  Receiver Type            : (A20, from rcvr_ant.tab; see instructions)
     Satellite System         : (GPS+GLO+GAL+BDS+QZSS+SBAS)
     Serial Number            : (A20, but note the first A5 is used in SINEX)
     Firmware Version         : (A11)
     Elevation Cutoff Setting : (deg)
     Date Installed           : (CCYY-MM-DDThh:mmZ)
     Date Removed             : (CCYY-MM-DDThh:mmZ)
     Temperature Stabiliz.    : (none or tolerance in degrees C)
     Additional Information   : (multiple lines)


4.   GNSS Antenna Information

4.1  Antenna Type             : LEIAT504        LEIS
     Serial Number            : 472
     Antenna Reference Point  : BPA
     Marker->ARP Up Ecc. (m)  :   0.0000
     Marker->ARP North Ecc(m) :   0.0000
     Marker->ARP East Ecc(m)  :   0.0000
     Alignment from True N    : 0 deg
     Antenna Radome Type      : LEIS
     Radome Serial Number     : Unknown
     Antenna Cable Type       : Unknown
     Antenna Cable Length     : 30 m
     Date Installed           : 2000-03-27T00:00Z
     Date Removed             : 2009-01-07T10:50Z
     Additional Information   : (multiple lines)

4.2  Antenna Type             : LEIAR25         LEIT
     Serial Number            : 08440003
     Antenna Reference Point  : BPA
     Marker->ARP Up Ecc. (m)  :   0.0000
     Marker->ARP North Ecc(m) :   0.0000
     Marker->ARP East Ecc(m)  :   0.0000
     Alignment from True N    : 0 deg
     Antenna Radome Type      : LEIT
     Radome Serial Number     : Unknown
     Antenna Cable Type       : Unknown
     Antenna Cable Length     : 60 m
     Date Installed           : 2009-01-07T10:50Z
     Date Removed             : CCYY-MM-DDThh:mmZ
     Additional Information   : (multiple lines)

4.x  Antenna Type             : (A20, from rcvr_ant.tab; see instructions)
     Serial Number            : (A*, but note the first A5 is used in SINEX)
     Antenna Reference Point  : (BPA/BCR/XXX from "antenna.gra"; see instr.)
     Marker->ARP Up Ecc. (m)  : (F8.4)
     Marker->ARP North Ecc(m) : (F8.4)
     Marker->ARP East Ecc(m)  : (F8.4)
     Alignment from True N    : (deg; + is clockwise/east)
     Antenna Radome Type      : (A4 from rcvr_ant.tab; see instructions)
     Radome Serial Number     : 
     Antenna Cable Type       : (vendor & type number)
     Antenna Cable Length     : (m)
     Date Installed           : (CCYY-MM-DDThh:mmZ)
     Date Removed             : (CCYY-MM-DDThh:mmZ)
     Additional Information   : (multiple lines)


5.   Surveyed Local Ties

5.x  Tied Marker Name         : 
     Tied Marker Usage        : (SLR/VLBI/LOCAL CONTROL/FOOTPRINT/etc)
     Tied Marker CDP Number   : (A4)
     Tied Marker DOMES Number : (A9)
     Differential Components from GNSS Marker to the tied monument (ITRS)
       dx (m)                 : (m)
       dy (m)                 : (m)
       dz (m)                 : (m)
     Accuracy (mm)            : (mm)
     Survey method            : (GPS CAMPAIGN/TRILATERATION/TRIANGULATION/etc)
     Date Measured            : (CCYY-MM-DDThh:mmZ)
     Additional Information   : (multiple lines)


6.   Frequency Standard

6.1  Standard Type            : INTERNAL 
       Input Frequency        : (if external)
       Effective Dates        : 2000-03-27/2009-01-07
       Notes                  : (multiple lines)

6.2  Standard Type            : INTERNAL 
       Input Frequency        : (if external)
       Effective Dates        : 2009-01-07/CCYY-MM-DD
       Notes                  : (multiple lines)

6.x  Standard Type            : (INTERNAL or EXTERNAL H-MASER/CESIUM/etc)
       Input Frequency        : (if external)
       Effective Dates        : (CCYY-MM-DD/CCYY-MM-DD)
       Notes                  : (multiple lines)


7.   Collocation Information

7.x  Instrumentation Type     : (GPS/GLONASS/DORIS/PRARE/SLR/VLBI/TIME/etc)
       Status                 : (PERMANENT/MOBILE)
       Effective Dates        : (CCYY-MM-DD/CCYY-MM-DD)
       Notes                  : (multiple lines)


8.   Meteorological Instrumentation

8.1.x  Humidity Sensor Model  : 
       Manufacturer           : 
       Serial Number          : 
       Data Sampling Interval : (sec)
       Accuracy (% rel h)     : (% rel h)
       Aspiration             : (UNASPIRATED/NATURAL/FAN/etc)
       Height Diff to Ant     : (m)
       Calibration date       : (CCYY-MM-DD)
       Effective Dates        : (CCYY-MM-DD/CCYY-MM-DD)
       Notes                  : (multiple lines)

8.2.x  Pressure Sensor Model  : 
       Manufacturer           : 
       Serial Number          : 
       Data Sampling Interval : (sec)
       Accuracy               : (hPa)
       Height Diff to Ant     : (m)
       Calibration date       : (CCYY-MM-DD)
       Effective Dates        : (CCYY-MM-DD/CCYY-MM-DD)
       Notes                  : (multiple lines)

8.3.x  Temp. Sensor Model     : 
       Manufacturer           : 
       Serial Number          : 
       Data Sampling Interval : (sec)
       Accuracy               : (deg C)
       Aspiration             : (UNASPIRATED/NATURAL/FAN/etc)
       Height Diff to Ant     : (m)
       Calibration date       : (CCYY-MM-DD)
       Effective Dates        : (CCYY-MM-DD/CCYY-MM-DD)
       Notes                  : (multiple lines)

8.4.x  Water Vapor Radiometer : 
       Manufacturer           : 
       Serial Number          : 
       Distance to Antenna    : (m)
       Height Diff to Ant     : (m)
       Calibration date       : (CCYY-MM-DD)
       Effective Dates        : (CCYY-MM-DD/CCYY-MM-DD)
       Notes                  : (multiple lines)

8.5.x  Other Instrumentation  : (multiple lines)


9.   Local Ongoing Conditions Possibly Affecting Computed Position

9.1.x  Radio Interferences    : (TV/CELL PHONE ANTENNA/RADAR/etc)
       Observed Degradations  : (SN RATIO/DATA GAPS/etc)
       Effective Dates        : (CCYY-MM-DD/CCYY-MM-DD)
       Additional Information : (multiple lines)

9.2.x  Multipath Sources      : (METAL ROOF/DOME/VLBI ANTENNA/etc)
       Effective Dates        : (CCYY-MM-DD/CCYY-MM-DD)
       Additional Information : (multiple lines)

9.3.x  Signal Obstructions    : (TREES/BUILDINGS/etc)
       Effective Dates        : (CCYY-MM-DD/CCYY-MM-DD)
       Additional Information : (multiple lines)


10.  Local Episodic Effects Possibly Affecting Data Quality

10.x  Date                    : (CCYY-MM-DD/CCYY-MM-DD)
      Event                   : (TREE CLEARING/CONSTRUCTION/etc)


11.  On-Site, Point of Contact Agency Information

     Agency                   : Ordnance Survey
     Preferred Abbreviation   : Ordnance Survey
     Mailing Address          : Ordnance Survey
                              : Romsey Road
                              : Southampton
                              : SO16 4GU
     Primary Contact
       Contact Name           : Customer Service Centre
       Telephone (primary)    : 08456 050505
       Telephone (secondary)  : +44 (0)23 8079 2912
       Fax                    : 
       E-mail                 : customerservices@os.uk
     Secondary Contact
       Contact Name           : 
       Telephone (primary)    : 
       Telephone (secondary)  : 
       Fax                    : 
       E-mail                 : 
     Additional Information   : (multiple lines)


12.  Responsible Agency (if different from 11.)

     Agency                   : Ordnance Survey
     Preferred Abbreviation   : Ordnance Survey
     Mailing Address          : Ordnance Survey
                              : Romsey Road
                              : Southampton
                              : SO16 4GU
     Primary Contact
       Contact Name           : Customer Service Centre
       Telephone (primary)    : 08456 050505
       Telephone (secondary)  : +44 (0)23 8079 2912
       Fax                    : 
       E-mail                 : customerservices@os.uk
     Secondary Contact
       Contact Name           : 
       Telephone (primary)    : 
       Telephone (secondary)  : 
       Fax                    : 
       E-mail                 : 
     Additional Information   : (multiple lines)


13.  More Information

     Primary Data Center      : BKG
     Secondary Data Center    : OLG
     URL for More Information : 
     Hardcopy on File
       Site Map               : Y
       Site Diagram           : Y
       Horizon Mask           : Y
       Monument Description   : Y
       Site Pictures          : Y
     Additional Information   : (multiple lines)
     Antenna Graphics with Dimensions

LEIAT504
L1/L2 Dorne Margolin antenna with chokerings
(designed after DORNE MARGOLIN T)

                       +-------+                          <-- 0.1393
                     /     +     \                        <-- 0.1282 L2
                    |      +      |                       <-- 0.1093 L1
  +-----------------+-------------+------------------+    <-- 0.1020 TCR
  |                                                  |
  |                                                  |
  |                                                  |
  |                                                  |
+-+--------------------------------------------------+-+  <-- 0.0380
+-------------------+-------------+--------------------+  <-- 0.1020 BCR
                    |             |
                    |             |
                    +------x------+                       <-- 0.0 BPA=ARP

<--                      0.3794                      -->


ARP: Antenna Reference Point
L1 : L1 Phase Center                   L2 : L2 Phase Center
TCR: Top of Chokering                  BCR: Bottom of Chokering
BPA: Bottom of Preamplifier
-------------------------------------------------------------------------

LEIAR25


                         +-------+                          <-- 0.1995
                       /     +     \
                      |      +      |
                  |---+-------------+---|		    <-- 0.1614 TCR
              |-----------------------------|
          |-------------------------------------|
      |---------------------------------------------|
   +---------------------------------------------------+
   |                                                   |
   |                                                   |
   |                                                   |
   |                                                   |
 +-+---------------------------------------------------+-+
 +--------------------+-------------+--------------------+  <-- 0.0320 BCR
                      |             |
                      |             |
                      +------x------+                       <-- 0.0 BPA=ARP

 <--                      0.3802                       -->


ARP: Antenna Reference Point
L1 : L1 Phase Center                   L2 : L2 Phase Center
