      DESC Site Information Form (site log)
      International GPS Service
      See Instructions at:
        ftp://igscb.jpl.nasa.gov/pub/station/general/sitelog_instr.txt

0.    Form

      Prepared by (full name) : Melinda Squibb
      Date Prepared           : 2011-04-15
      Report Type             : DYNAMIC
      If Update               
       Previous Site Log      : desc_20090715.log
       Modified/Added Sections:  (n.n,n.n,...)


1.    Site Identification of the GNSS Monument

      Site Name               : Descanso Detention
      Four Character ID       : DESC
      Monument Inscription    : 
      IERS DOMES Number       : (A9)
      CDP Number              : (A4)
      Monument Description    : Wyatt/Agnew drilled-braced
        Height of the Monument: (m)
        Monument Foundation   : STEEL RODS
        Foundation Depth      : 10
      Marker Description      : (CHISELLED CROSS/DIVOT/BRASS NAIL/etc)
      Date Installed          : 2006-03-03T00:00Z
      Geologic Characteristic : (BEDROCK/CLAY/CONGLOMERATE/GRAVEL/SAND/etc)
        Bedrock Type          : (IGNEOUS/METAMORPHIC/SEDIMENTARY)
        Bedrock Condition     : (FRESH/JOINTED/WEATHERED)
        Fracture Spacing      : (1-10 cm/10-50 cm/50-200 cm/over 200 cm)
      Fault zones nearby      : (YES/NO/Name of the zone)
      Distance/activity       : (multiple lines)
      Additional Information  : (multiple lines)


2.    Site Location Information

      City or Town            : Descanso
      State or Province       : California
      Country                 : USA
      Tectonic Plate          : Pacific
      Approximate Position (ITRF)
       X coordinate (m)       : -2405963.69
       Y coordinate (m)       : -4795856.46
       Z coordinate (m)       : 3438643.
       Latitude (N is +)      : +324948.00
       Longitude (E is +)     : -1163824.00
       Elevation (m,ellips.)  : 1016.86
      Additional Information  : San Diego County.
                              : Reference frame used is (ITRF2005).
                              : Coordinate system used is (WGS84).


3.    GNSS Receiver Information

3.1   Receiver Type           : LEICA GRX1200PRO
      Satellite System        : GPS
      Serial Number           : 451185
      Firmware Version        : (A11)
      Elevation Cutoff Setting: 0
      Date Installed          : 2005-12-22T00:00Z
      Date Removed            : 2006-10-05T18:48Z
      Temperature Stabiliz.   : (none or tolerance in degrees C)
      Additional Information  : receiver manufacturer
                              :  Leica
                              : receiver type/model
                              :  GRX1200pro
                              : receiver serial number
                              :  451185
                              : communications interface
                              :  ethernet 10bT (rj45)
                              :  IP 172.23.42.54
                              :  gateway 172.23.42.49
                              :  mask 255.255.255.248
                              :  socket 5001 (default)
                              : 
                              : other
                              :  receiver contains 1GB CF card, Sandisk 
                              : Extreme, s/n 002

3.2   Receiver Type           : ASHTECH Z-XII3
      Satellite System        : GPS
      Serial Number           : LP03085
      Firmware Version        : (A11)
      Elevation Cutoff Setting: 0
      Date Installed          : 2006-10-05T18:48Z
      Date Removed            : 2006-12-06T00:00Z
      Temperature Stabiliz.   : (none or tolerance in degrees C)
      Additional Information  : Ailing GPS receiver replaced.

3.3   Receiver Type           : LEICA GRX1200PRO
      Satellite System        : GPS
      Serial Number           : 451185
      Firmware Version        : (A11)
      Elevation Cutoff Setting: 0
      Date Installed          : 2006-12-06T00:00Z
      Date Removed            : 2011-04-14T17:58Z
      Temperature Stabiliz.   : (none or tolerance in degrees C)
      Additional Information  : re-installed original unit

3.4   Receiver Type           : TPS NET-G3A
      Satellite System        : GPS
      Serial Number           : 618-01100
      Firmware Version        : (A11)
      Elevation Cutoff Setting: 0
      Date Installed          : 2011-04-14T17:58Z
      Date Removed            : (CCYY-MM-DDThh:mmZ)
      Temperature Stabiliz.   : (none or tolerance in degrees C)
      Additional Information  : p/n 01-060711-01

3.x   Receiver Type           : (A20, from rcvr_ant.tab; see instructions)
      Satellite System        : (GPS/GLONASS/GPS+GLONASS)
      Serial Number           : (A5)
      Firmware Version        : (A11)
      Elevation Cutoff Setting: (deg)
      Date Installed          : (CCYY-MM-DDThh:mmZ)
      Date Removed            : (CCYY-MM-DDThh:mmZ)
      Temperature Stabiliz.   : (none or tolerance in degrees C)
      Additional Information  : (multiple lines)


4.    GNSS Antenna Information

4.1   Antenna Type            : LEIAT504        SCIT
      Serial Number           : 102543
      Antenna Reference Point : BPA
      Marker->ARP Up Ecc. (m) : 0.0083
      Marker->ARP North Ecc(m): (F8.4)
      Marker->ARP East Ecc(m) : (F8.4)
      Alignment from True N   : (deg; + is clockwise/east)
      Antenna Radome Type     : SCIT
      Radome Serial Number    : 1411
      Antenna Cable Type      : (vendor & type number)
      Antenna Cable Length    : (m)
      Date Installed          : 2005-12-22T00:00Z
      Date Removed            : 2011-04-14T17:58Z
      Additional Information  : antenna manufacturer
                              :  Leica
                              : antenna type/model
                              :  AT-504, p/n 667132
                              : antenna serial number
                              :  102543
                              : radome: SCIGN0

4.2   Antenna Type            : TPSCR.G3        SCIT
      Serial Number           : 383-1881
      Antenna Reference Point : BPA
      Marker->ARP Up Ecc. (m) : 0.0083
      Marker->ARP North Ecc(m): (F8.4)
      Marker->ARP East Ecc(m) : (F8.4)
      Alignment from True N   : (deg; + is clockwise/east)
      Antenna Radome Type     : SCIT
      Radome Serial Number    : 1411
      Antenna Cable Type      : (vendor & type number)
      Antenna Cable Length    : (m)
      Date Installed          : 2011-04-14T17:58Z
      Date Removed            : (CCYY-MM-DDThh:mmZ)
      Additional Information  : p/n 01-044301-01

4.x   Antenna Type            : (A20, from rcvr_ant.tab; see instructions)
      Serial Number           : (A*, but note the first A5 is used in SINEX)
      Antenna Reference Point : (BPA/BCR/XXX from "antenna.gra"; see instr.)
      Marker->ARP Up Ecc. (m) : (F8.4)
      Marker->ARP North Ecc(m): (F8.4)
      Marker->ARP East Ecc(m) : (F8.4)
      Alignment from True N   : (deg; + is clockwise/east)
      Antenna Radome Type     : (A4 from rcvr_ant.tab; see instructions)
      Radome Serial Number    : 
      Antenna Cable Type      : (vendor & type number)
      Antenna Cable Length    : (m)
      Date Installed          : (CCYY-MM-DDThh:mmZ)
      Date Removed            : (CCYY-MM-DDThh:mmZ)
      Additional Information  : (multiple lines)


5.    Surveyed Local Ties

5.1   Tied Marker Name        : 
      Tied Marker Usage       : (SLR/VLBI/LOCAL CONTROL/FOOTPRINT/etc)
      Tied Marker CDP Number  : (A4)
      Tied Marker DOMES Number: (A9)
      Differential Components from GNSS Marker to the tied monument (ITRS)
       dx (m)                 : (m)
       dy (m)                 : (m)
       dz (m)                 : (m)
      Accuracy (mm)           : (mm)
      Survey method           : (GPS CAMPAIGN/TRILATERATION/TRIANGULATION/etc)
      Date Measured           : (CCYY-MM-DDThh:mmZ)
      Additional Information  : (multiple lines)

5.x   Tied Marker Name        : 
      Tied Marker Usage       : (SLR/VLBI/LOCAL CONTROL/FOOTPRINT/etc)
      Tied Marker CDP Number  : (A4)
      Tied Marker DOMES Number: (A9)
      Differential Components from GNSS Marker to the tied monument (ITRS)
       dx (m)                 : (m)
       dy (m)                 : (m)
       dz (m)                 : (m)
      Accuracy (mm)           : (mm)
      Survey method           : (GPS CAMPAIGN/TRILATERATION/TRIANGULATION/etc)
      Date Measured           : (CCYY-MM-DDThh:mmZ)
      Additional Information  : (multiple lines)


6.    Frequency Standard

6.1   Standard Type           : (INTERNAL or EXTERNAL H-MASER/CESIUM/etc)
      Input Frequency         : (if external)
      Effective Dates         : (CCYY-MM-DD/CCYY-MM-DD)
      Notes                   : (multiple lines)

6.x   Standard Type           : (INTERNAL or EXTERNAL H-MASER/CESIUM/etc)
      Input Frequency         : (if external)
      Effective Dates         : (CCYY-MM-DD/CCYY-MM-DD)
      Notes                   : (multiple lines)


7.    Collocation Information

7.1   Instrumentation Type    : (GPS/GLONASS/DORIS/PRARE/SLR/VLBI/TIME/etc)
      Status                  : (PERMANENT/MOBILE)
      Effective Dates         : (CCYY-MM-DD/CCYY-MM-DD)
      Notes                   : (multiple lines)

7.x   Instrumentation Type    : (GPS/GLONASS/DORIS/PRARE/SLR/VLBI/TIME/etc)
      Status                  : (PERMANENT/MOBILE)
      Effective Dates         : (CCYY-MM-DD/CCYY-MM-DD)
      Notes                   : (multiple lines)


8.    Meteorological Instrumentation

8.1.1 Humidity Sensor Model   :
      Manufacturer            : 
      Serial Number           : 
      Data Sampling Interval  : (sec)
      Accuracy (% rel h)      : (% rel h)
      Aspiration              : (UNASPIRATED/NATURAL/FAN/etc)
      Height Diff to Ant      : (m)
      Calibration Date        : (CCYY-MM-DD)
      Effective Dates         : (CCYY-MM-DD/CCYY-MM-DD)
      Notes                   : (multiple lines)

8.1.x Humidity Sensor Model   :
      Manufacturer            : 
      Serial Number           : 
      Data Sampling Interval  : (sec)
      Accuracy (% rel h)      : (% rel h)
      Aspiration              : (UNASPIRATED/NATURAL/FAN/etc)
      Height Diff to Ant      : (m)
      Calibration Date        : (CCYY-MM-DD)
      Effective Dates         : (CCYY-MM-DD/CCYY-MM-DD)
      Notes                   : (multiple lines)


8.2.1 Pressure Sensor Model   :
      Manufacturer            : 
      Serial Number           : 
      Data Sampling Interval  : (sec)
      Accuracy                : (hPa)
      Height Diff to Ant      : (m)
      Calibration Date        : (CCYY-MM-DD)
      Effective Dates         : (CCYY-MM-DD/CCYY-MM-DD)
      Notes                   : (multiple lines)

8.2.x Pressure Sensor Model   :
      Manufacturer            : 
      Serial Number           : 
      Data Sampling Interval  : (sec)
      Accuracy                : (hPa)
      Height Diff to Ant      : (m)
      Calibration Date        : (CCYY-MM-DD)
      Effective Dates         : (CCYY-MM-DD/CCYY-MM-DD)
      Notes                   : (multiple lines)


8.3.1 Temp. Sensor Model      :
      Manufacturer            : 
      Serial Number           : 
      Data Sampling Interval  : (sec)
      Accuracy                : (deg C)
      Aspiration              : (UNASPIRATED/NATURAL/FAN/etc)
      Height Diff to Ant      : (m)
      Calibration Date        : (CCYY-MM-DD)
      Effective Dates         : (CCYY-MM-DD/CCYY-MM-DD)
      Notes                   : (multiple lines)

8.3.x Temp. Sensor Model      :
      Manufacturer            : 
      Serial Number           : 
      Data Sampling Interval  : (sec)
      Accuracy                : (deg C)
      Aspiration              : (UNASPIRATED/NATURAL/FAN/etc)
      Height Diff to Ant      : (m)
      Calibration Date        : (CCYY-MM-DD)
      Effective Dates         : (CCYY-MM-DD/CCYY-MM-DD)
      Notes                   : (multiple lines)


8.4.1 Water Vapor Radiometer  :
      Manufacturer            : 
      Serial Number           : 
      Distance to Antenna     : (m)
      Height Diff to Ant      : (m)
      Calibration Date        : (CCYY-MM-DD)
      Effective Dates         : (CCYY-MM-DD/CCYY-MM-DD)
      Notes                   : (multiple lines)

8.4.x Water Vapor Radiometer  :
      Manufacturer            : 
      Serial Number           : 
      Distance to Antenna     : (m)
      Height Diff to Ant      : (m)
      Calibration Date        : (CCYY-MM-DD)
      Effective Dates         : (CCYY-MM-DD/CCYY-MM-DD)
      Notes                   : (multiple lines)


8.5.1 Other Instrumentation   : (multiple lines)
      Effective Dates         : (CCYY-MM-DD/CCYY-MM-DD)

8.5.x Other Instrumentation   : (multiple lines)
      Effective Dates         : (CCYY-MM-DD/CCYY-MM-DD)


9.    Local Ongoing Conditions Possibly Affecting Computed Position

9.1.1 Radio Interferences     : (TV/CELL PHONE ANTENNA/RADAR/etc)
      Observed Degradations   : (SN RATIO/DATA GAPS/etc)
      Effective Dates         : (CCYY-MM-DD/CCYY-MM-DD)
      Additional Information  : (multiple lines)

9.1.x Radio Interferences     : (TV/CELL PHONE ANTENNA/RADAR/etc)
      Observed Degradations   : (SN RATIO/DATA GAPS/etc)
      Effective Dates         : (CCYY-MM-DD/CCYY-MM-DD)
      Additional Information  : (multiple lines)


9.2.1 Multipath Sources       : (METAL ROOF/DOME/VLBI ANTENNA/etc)
      Effective Dates         : (CCYY-MM-DD/CCYY-MM-DD)
      Additional Information  : (multiple lines)

9.2.x Multipath Sources       : (METAL ROOF/DOME/VLBI ANTENNA/etc)
      Effective Dates         : (CCYY-MM-DD/CCYY-MM-DD)
      Additional Information  : (multiple lines)


9.3.1 Signal Obstructions     : (TREES/BUILDINGS/etc)
      Effective Dates         : (CCYY-MM-DD/CCYY-MM-DD)
      Additional Information  : (multiple lines)

9.3.x Signal Obstructions     : (TREES/BUILDINGS/etc)
      Effective Dates         : (CCYY-MM-DD/CCYY-MM-DD)
      Additional Information  : (multiple lines)


10.   Local Episodic Effects Possibly Affecting Data Quality

10.1  Date                    : (CCYY-MM-DD/CCYY-MM-DD)
      Event                   : (TREE CLEARING/CONSTRUCTION/etc)

10.x  Date                    : (CCYY-MM-DD/CCYY-MM-DD)
      Event                   : (TREE CLEARING/CONSTRUCTION/etc)


11.   On-Site, Point of Contact Agency Information

      Agency                  : San Diego County
                              : Department of Public Works
                              : Field Survey Section
      Preferred Abbreviation  : (A10)
      Mailing Address         : 5555 Overland Ave.
                              : Building 5
                              : San Diego, CA 92123-1295
      Primary Contact         
       Contact Name           : Ross Carlson
       Telephone (primary)    : 858-694-3159
       Telephone (secondary)  : 
       Fax                    : 
       E-mail                 : Ross.Carlson@sdcounty.ca.gov
      Secondary Contact       
       Contact Name           : Steven Martin
       Telephone (primary)    : 858-694-3161
       Telephone (secondary)  : 
       Fax                    : 
       E-mail                 : Steven.Martin@sdcounty.ca.gov
      Additional Information  : (multiple lines)


12.   Responsible Agency (if different from 11.)

      Agency                  : (multiple lines)
      Preferred Abbreviation  : (A10)
      Mailing Address         : (multiple lines)
      Primary Contact         
       Contact Name           : 
       Telephone (primary)    : 
       Telephone (secondary)  : 
       Fax                    : 
       E-mail                 : 
      Secondary Contact       
       Contact Name           : 
       Telephone (primary)    : 
       Telephone (secondary)  : 
       Fax                    : 
       E-mail                 : 
      Additional Information  : (multiple lines)


13.   More Information

      Primary Data Center     : 
      Secondary Data Center   : 
      URL For More Information: 
      Hardcopy on File        
       Site Map               : (Y or URL)
       Site Diagram           : (Y or URL)
       Horizon Mask           : (Y or URL)
       Monument Description   : (Y or URL)
       Site Pictures          : (Y or URL)
      Additional Information  : (multiple lines)
      Antenna Graphics with Dimensions
                              
      (insert text graphic from antenna.gra)


