     DREJ Site Information Form (site log)
     International GPS Service
     See Instructions at:
       ftp://igscb.jpl.nasa.gov/pub/station/general/sitelog_instr.txt

0.   Form

     Prepared by (full name)  : Peter Franke
                              : Denise Dettmering
                              : Matthias Groeschel
     Date Prepared            : 2007-03-07
     Report Type              : UPDATE
     If Update:
      Previous Site Log       : drej_20060710.log
      Modified/Added Sections : 4.4, 4.5


1.   Site Identification of the GNSS Monument

     Site Name                : Dresden
     Four Character ID        : DREJ
     Monument Inscription     :
     IERS DOMES Number        : 14108M002
     CDP Number               :
     Monument Description     : STEEL PILLAR ON SURVEY PLATFORM
       Height of the Monument :
       Monument Foundation    : ANCHORED TO THE CONCRETE ON THE ROOF
       Foundation Depth       :
     Marker Description       : SURVEY MARKER BOLT
     Date Installed           : 1997-10-24T00:00Z
     Geologic Characteristic  : (BEDROCK/CLAY/CONGLOMERATE/GRAVEL/SAND/etc)
       Bedrock Type           : (IGNEOUS/METAMORPHIC/SEDIMENTARY)
       Bedrock Condition      : (FRESH/JOINTED/WEATHERED)
       Fracture Spacing       : (1-10 cm/11-50 cm/51-200 cm/over 200 cm)
       Fault zones nearby     : NO
         Distance/activity    :
     Additional Information   : The system is installed on
                              : the roof-platform of the
                              : Geodetic Institute in the
                              : Technical University Dresden.


2.   Site Location Information

     City or Town             : Dresden
     State or Province        : Sachsen
     Country                  : Germany
     Tectonic Plate           : Eurasian Plate
     Approximate Position (ITRF)
       X coordinate (m)       : 3904724.620
       Y coordinate (m)       :  954014.720
       Z coordinate (m)       : 4935790.490
       Latitude (N is +)      : +510147.00
       Longitude (E is +)     : +0134347.40
       Elevation (m,ellips.)  : 203.60
     Additional Information   :


3.   GNSS Receiver Information

3.1  Receiver Type            : JPS LEGACY
     Satellite System         : GPS+GLONASS
     Serial Number            : MT310900143
     Firmware Version         : EURO_3/2.1
     Elevation Cutoff Setting : 0
     Date Installed           : 2001-09-05T12:00Z
     Date Removed             : 2002-10-14T12:00Z
     Temperature Stabiliz.    : none
     Additional Information   :

3.2  Receiver Type            : JPS LEGACY
     Satellite System         : GPS+GLONASS
     Serial Number            : MT310900143
     Firmware Version         : E_GGD_2/2.2p2
     Elevation Cutoff Setting : 0
     Date Installed           : 2002-10-14T12:00Z
     Date Removed             : 2003-11-17T12:00Z
     Temperature Stabiliz.    : none
     Additional Information   :

3.3  Receiver Type            : JPS LEGACY
     Satellite System         : GPS+GLONASS
     Serial Number            : MT300304325
     Firmware Version         : Euro_3/2.3p2
     Elevation Cutoff Setting : 0
     Date Installed           : 2003-11-17T12:00Z
     Date Removed             : 2004-05-25T15:00Z
     Temperature Stabiliz.    : none
     Additional Information   :

3.4  Receiver Type            : JPS LEGACY
     Satellite System         : GPS+GLONASS
     Serial Number            : MT300304325
     Firmware Version         : Euro_3/2.3p4
     Elevation Cutoff Setting : 0
     Date Installed           : 2004-05-25T15:00Z
     Date Removed             : CCYY-MM-DDThh:mmZ
     Temperature Stabiliz.    : none
     Additional Information   :

3.x  Receiver Type            : (A20, from rcvr_ant.tab; see instructions)
     Satellite System         : (GPS/GLONASS/GPS+GLONASS)
     Serial Number            : (A5)
     Firmware Version         : (A11)
     Elevation Cutoff Setting : (deg)
     Date Installed           : (CCYY-MM-DDThh:mmZ)
     Date Removed             : (CCYY-MM-DDThh:mmZ)
     Temperature Stabiliz.    : (none or tolerance in degrees C)
     Additional Information   : (multiple lines)


4.   GNSS Antenna Information

4.1  Antenna Type             : JPSREGANT_SD_E
     Serial Number            : RA0290
     Antenna Reference Point  : BPA
     Marker->ARP Up Ecc. (m)  : 000.0000
     Marker->ARP North Ecc(m) : 000.0000
     Marker->ARP East Ecc(m)  : 000.0000
     Alignment from True N    : 0
     Antenna Radome Type      : NONE
     Radome Serial Number     :
     Antenna Cable Type       : RG 214
     Antenna Cable Length     : 30
     Date Installed           : 2001-09-05T12:00Z
     Date Removed             : 2002-02-01T12:00Z
     Additional Information   : Until Nov. 2003 radome type DOME
                                was listed, but there was no radome
                                external to the JPS antenna unit

4.2  Antenna Type             : ASH700936D_M
     Serial Number            : CR13723
     Antenna Reference Point  : BPA
     Marker->ARP Up Ecc. (m)  : 000.0000
     Marker->ARP North Ecc(m) : 000.0000
     Marker->ARP East Ecc(m)  : 000.0000
     Alignment from True N    : 0
     Antenna Radome Type      : SNOW
     Radome Serial Number     :
     Antenna Cable Type       : RG 214
     Antenna Cable Length     : 30
     Date Installed           : 2002-02-01T12:00Z
     Date Removed             : 2002-04-04T12:00Z
     Additional Information   :

4.3  Antenna Type             : JPSREGANT_SD_E
     Serial Number            : RA0292
     Antenna Reference Point  : BPA
     Marker->ARP Up Ecc. (m)  : 000.0000
     Marker->ARP North Ecc(m) : 000.0000
     Marker->ARP East Ecc(m)  : 000.0000
     Alignment from True N    : 0
     Antenna Radome Type      : NONE
     Radome Serial Number     :
     Antenna Cable Type       : RG 214
     Antenna Cable Length     : 30
     Date Installed           : 2002-04-04T12:00Z
     Date Removed             : 2003-11-17T12:00Z
     Additional Information   :

4.4  Antenna Type             : JPSREGANT_SD_E  NONE
     Serial Number            : RA0293
     Antenna Reference Point  : BPA
     Marker->ARP Up Ecc. (m)  : 000.0000
     Marker->ARP North Ecc(m) : 000.0000
     Marker->ARP East Ecc(m)  : 000.0000
     Alignment from True N    : 0
     Antenna Radome Type      : NONE
     Radome Serial Number     :
     Antenna Cable Type       : RG 214
     Antenna Cable Length     : 30
     Date Installed           : 2003-11-17T12:00Z
     Date Removed             : 2007-03-06T07:00Z
     Additional Information   :

4.5  Antenna Type             : TPSCR3_GGD      CONE
     Serial Number            : 217-0627
     Antenna Reference Point  : BPA
     Marker->ARP Up Ecc. (m)  : 000.0000
     Marker->ARP North Ecc(m) : 000.0000
     Marker->ARP East Ecc(m)  : 000.0000
     Alignment from True N    : 0
     Antenna Radome Type      : NONE
     Radome Serial Number     :
     Antenna Cable Type       : RG 214
     Antenna Cable Length     : 30
     Date Installed           : 2007-03-06T07:00Z
     Date Removed             : CCYY-MM-DDThh:mmZ
     Additional Information   :

4.x  Antenna Type             : (A20, from rcvr_ant.tab; see instructions)
     Serial Number            : (A*, but note the first A5 is used in SINEX)
     Antenna Reference Point  : (BPA/BCR/XXX from "antenna.gra"; see instr.)
     Marker->ARP Up Ecc. (m)  : (F8.4)
     Marker->ARP North Ecc(m) : (F8.4)
     Marker->ARP East Ecc(m)  : (F8.4)
     Alignment from True N    : (deg; + is clockwise/east)
     Antenna Radome Type      : (A4 from rcvr_ant.tab; see instructions)
     Radome Serial Number     :
     Antenna Cable Type       : (vendor & type number)
     Antenna Cable Length     : (m)
     Date Installed           : (CCYY-MM-DDThh:mmZ)
     Date Removed             : (CCYY-MM-DDThh:mmZ)
     Additional Information   : (multiple lines)


5.   Surveyed Local Ties

5.1  Tied Marker Name         : DRES
     Tied Marker Usage        : GPS+GLONASS
     Tied Marker CDP Number   :
     Tied Marker DOMES Number : 14108M001
     Differential Components from GNSS Marker to the tied monument (ITRS)
       dx (m)                 : (m)
       dy (m)                 : (m)
       dz (m)                 : (m)
     Accuracy (mm)            : (mm)
     Survey method            : (GPS CAMPAIGN/TRILATERATION/TRIANGULATION/etc)
     Date Measured            : (CCYY-MM-DDThh:mmZ)
     Additional Information   : JPL LEGACY GPS+GLONASS


5.x  Tied Marker Name         :
     Tied Marker Usage        : (SLR/VLBI/LOCAL CONTROL/FOOTPRINT/etc)
     Tied Marker CDP Number   : (A4)
     Tied Marker DOMES Number : (A9)
     Differential Components from GNSS Marker to the tied monument (ITRS)
       dx (m)                 : (m)
       dy (m)                 : (m)
       dz (m)                 : (m)
     Accuracy (mm)            : (mm)
     Survey method            : (GPS CAMPAIGN/TRILATERATION/TRIANGULATION/etc)
     Date Measured            : (CCYY-MM-DDThh:mmZ)
     Additional Information   : (multiple lines)


6.   Frequency Standard

6.1  Standard Type            : INTERNAL
       Input Frequency        :
       Effective Dates        : 2001-09-05/CCYY-MM-DD
       Notes                  :


6.x  Standard Type            : (INTERNAL or EXTERNAL H-MASER/CESIUM/etc)
       Input Frequency        : (if external)
       Effective Dates        : (CCYY-MM-DD/CCYY-MM-DD)
       Notes                  : (multiple lines)


7.   Collocation Information

7.1  Instrumentation Type     : TRIMBLE 4000SSI GPS+GLONASS
       Status                 : PERMANENT
       Effective Dates        : 2001-09-05/CCYY-MM-DD
       Notes                  : Four character ID DRES


7.x  Instrumentation Type     : (GPS/GLONASS/DORIS/PRARE/SLR/VLBI/TIME/etc)
       Status                 : (PERMANENT/MOBILE)
       Effective Dates        : (CCYY-MM-DD/CCYY-MM-DD)
       Notes                  : (multiple lines)


8.   Meteorological Instrumentation

8.1.1 Humidity Sensor Model   : HMP45A-P
       Manufacturer           : Vaisala Oyi
       Serial Number          : W5110012
       Data Sampling Interval : 10
       Accuracy (% rel h)     : 2
       Aspiration             : HUMICAP 180 CAPACITIVY THIN FILM POLYMER
       Height Diff to Ant     : 2.5
       Calibration date       : 2001-01-08
       Effective Dates        : 2001-07-10/CCYY-MM-DD
       Notes                  : The Humidity Sensor is 2,5 m
                              : below the antenna

8.1.x Humidity Sensor Model   :
       Manufacturer           :
       Serial Number          :
       Data Sampling Interval : (sec)
       Accuracy (% rel h)     : (% rel h)
       Aspiration             : (UNASPIRATED/NATURAL/FAN/etc)
       Height Diff to Ant     : (m)
       Calibration date       : (CCYY-MM-DD)
       Effective Dates        : (CCYY-MM-DD/CCYY-MM-DD)
       Notes                  : (multiple lines)

8.2.1 Pressure Sensor Model   : PTU200 Class A
       Manufacturer           : Vaisala Oyi
       Serial Number          : W5110012
       Data Sampling Interval : 10
       Accuracy               : 0.1
       Height Diff to Ant     : 2.5
       Calibration date       : 2001-01-12
       Effective Dates        : 2001-07-10/CCYY-MM-DD
       Notes                  : The Pressure Sensor is 2,5 m
                              : below the antenna

8.2.x Pressure Sensor Model   :
       Manufacturer           :
       Serial Number          :
       Data Sampling Interval : (sec)
       Accuracy               : (hPa)
       Height Diff to Ant     : (m)
       Calibration date       : (CCYY-MM-DD)
       Effective Dates        : (CCYY-MM-DD/CCYY-MM-DD)
       Notes                  : (multiple lines)

8.3.1 Temp. Sensor Model      : PTU200
       Manufacturer           : Vaisala Oyi
       Serial Number          : W5110012
       Data Sampling Interval : 10
       Accuracy               : 0.2
       Aspiration             : PLATINUM PROBE
       Height Diff to Ant     : 2.5
       Calibration date       : 2001-01-12
       Effective Dates        : 2001-07-10/CCYY-MM-DD
       Notes                  : The Temperature Sensor is
                              : 2,5 m below the antenna

8.3.x Temp. Sensor Model      :
       Manufacturer           :
       Serial Number          :
       Data Sampling Interval : (sec)
       Accuracy               : (deg C)
       Aspiration             : (UNASPIRATED/NATURAL/FAN/etc)
       Height Diff to Ant     : (m)
       Calibration date       : (CCYY-MM-DD)
       Effective Dates        : (CCYY-MM-DD/CCYY-MM-DD)
       Notes                  : (multiple lines)

8.4.x Water Vapor Radiometer  :
       Manufacturer           :
       Serial Number          :
       Distance to Antenna    : (m)
       Height Diff to Ant     : (m)
       Calibration date       : (CCYY-MM-DD)
       Effective Dates        : (CCYY-MM-DD/CCYY-MM-DD)
       Notes                  : (multiple lines)

8.5.x Other Instrumentation   : (multiple lines)


9.   Local Ongoing Conditions Possibly Affecting Computed Position

9.1.x Radio Interferences     : (TV/CELL PHONE ANTENNA/RADAR/etc)
       Observed Degradations  : (SN RATIO/DATA GAPS/etc)
       Effective Dates        : (CCYY-MM-DD/CCYY-MM-DD)
       Additional Information : (multiple lines)

9.2.x Multipath Sources       : (METAL ROOF/DOME/VLBI ANTENNA/etc)
       Effective Dates        : (CCYY-MM-DD/CCYY-MM-DD)
       Additional Information : (multiple lines)


10.  Local Episodic Effects Possibly Affecting Data Quality

10.x Date                     : (CCYY-MM-DD/CCYY-MM-DD)
     Event                    : (TREE CLEARING/CONSTRUCTION/etc)


11.  On-Site, Point of Contact Agency Information

     Agency                   : Technische Universitaet
                              : Dresden
     Preferred Abbreviation   : TUD
     Mailing Address          : Geodaetisches Institut
                              : D-01062 Dresden
                              : Germany
     Primary Contact
       Contact Name           : Dr. Volker Frevert
       Telephone (primary)    : (0049)-351-4633-2864
       Telephone (secondary)  : (0049)-351-4633-4249
       Fax                    : (0049)-351-4633-7201
       E-mail                 : volker.frevert@mailbox.
                              : tu-dresden.de
     Secondary Contact
       Contact Name           : Dr. Thomas Blumenbach
       Telephone (primary)    : (0049)-351-4633-7697
       Telephone (secondary   : (0049)-351-4633-4249
       Fax                    : (0049)-351-4633-7201
       E-mail                 : thomas.blumenbach@mailbox.
                              : tu-dresden.de
     Additional Information   :


12.  Responsible Agency (if different from 11.)

     Agency                   : Bundesamt fuer Kartographie und Geodaesie
                              : Department of Geodaesie
     Preferred Abbreviation   : BKG
     Mailing Address          : Bundesamt fuer Kartographie und Geodaesie
                              : Branch Leipzig
                              : Karl Rothe Str. 10-14
                              : D 04105 Leipzig
                              : Germany
     Primary Contact
       Contact Name           : Mathias Groeschel
       Telephone (primary)    : (0049)-341-5634-432
       Telephone (secondary)  : (0049)-341-5634-0
       Fax                    : (0049)-341-5634-1921
       E-mail                 : matthias.groeschel@bkg.bund.de
     Secondary Contact
       Contact Name           :
       Telephone (primary)    :
       Telephone (secondary)  :
       Fax                    :
       E-mail                 :
     Additional Information   : (multiple lines)


13.  More Information

     Primary Data Center      : Bundesamt fuer Kartographie und Geodaesie
                              : Department of Geodaesie
                              : Referat G2
                              : Richard Strauss Allee 11
                              : D 60598 Frankfurt / M.
                              : Germany
                              : http://igs.ifag.de
     Secondary Data Center    : CDDIS
     URL for More Information : www.bkg.bund.de
     Hardcopy on File
       Site Map               : (Y or URL)
       Site Diagram           : (Y or URL)
       Horizon Mask           : (Y or URL)
       Monument Description   : (Y or URL)
       Site Pictures          : (Y or URL)
     Additional Information   : (multiple lines)
     Antenna Graphics with Dimensions






JPSREGANT_SD_E


                +-------------------------+ <---------- Plastic Housing for
               /    -------------------    \            Antenna/Choke Ring
              /    /                   \    \
   +---------+     |         +         |     +---------+     <-- 0.1060 L1
  | +-------------------------------------------------+ |    <-- TCR
 /  |                                                 |  \
|   |                                                 |   |
|   |                                                 |   |
|   |                                                 |   |
 \+-----------------------------------------------------+/
 |+-----------------------------------------------------+|   <-- BCR
  \______________  |                   |  ______________/
                 \ |                   | /
                  \+---------x---------+/                    <-- 0.0000 ARP=BPA



TPSCR3_GGD
                        ---------
                      /     +     \                        <--  0.104 L2
                     |      +      |                       <--  0.081 L1
   +--------------------------------------------------+    <--  0.071 TCR
   |                                                  |
   |                                                  |
   |                                                  |
   |                                                  |
   +-----------------+-------------+------------------+    <--  0.003 BCR
                      +-----x-----+                        <--  0.000 BPA=ARP

   <--                    0.326                     -->





   ARP: Antenna Reference Point
   L1 : L1 Phase Center                   L2 : L2 Phase Center
   TCR: Top of Chokering                  BCR: Bottom of Chokering
   TGP: Top of Ground Plane               BGP: Bottom of Ground Plane
   TPA: Top of Preamplifier               BPA: Bottom of Preamplifier
   TOP: Top of Pole                       BOP: Bottom of Pole


