      DVSE Site Information Form (site log)
      International GPS Service
      See Instructions at:
        ftp://igscb.jpl.nasa.gov/pub/station/general/sitelog_instr.txt

0.    Form

      Prepared by (full name) : Paul Jamason
      Date Prepared           : 2009-07-14
      Report Type             : DYNAMIC
      If Update               
       Previous Site Log      : dvse_20070314.log
       Modified/Added Sections:  (n.n,n.n,...)


1.    Site Identification of the GNSS Monument

      Site Name               : DVL East Dam, south half of crest
      Four Character ID       : DVSE
      Monument Inscription    : 
      IERS DOMES Number       : 49960M001
      CDP Number              : (A4)
      Monument Description    : (PILLAR/BRASS PLATE/STEEL MAST/etc)
        Height of the Monument: (m)
        Monument Foundation   : (STEEL RODS/CONCRETE BLOCK/ROOF/etc)
        Foundation Depth      : (m)
      Marker Description      : (CHISELLED CROSS/DIVOT/BRASS NAIL/etc)
      Date Installed          : 1996-07-08T00:00Z
      Geologic Characteristic : Earthen (core) rock fill dam (ERRK)
        Bedrock Type          : (IGNEOUS/METAMORPHIC/SEDIMENTARY)
        Bedrock Condition     : (FRESH/JOINTED/WEATHERED)
        Fracture Spacing      : (1-10 cm/10-50 cm/50-200 cm/over 200 cm)
      Fault zones nearby      : (YES/NO/Name of the zone)
      Distance/activity       : (multiple lines)
      Additional Information  : SCIGN - Southern California Integrated GPS
                              : Network. Equipment is property of Metropolitan
                              : Water District of So. California
                              : Site was formerly named "Eastside Reservior
                              : East Dam"
                              : Geodetic reference point is mounting plate on
                              : top of pillar


2.    Site Location Information

      City or Town            : Hemet
      State or Province       : California
      Country                 : USA
      Tectonic Plate          : North America Pacific
      Approximate Position (ITRF)
       X coordinate (m)       : -2411438.22
       Y coordinate (m)       : -4734676.94
       Z coordinate (m)       : 3517321.24
       Latitude (N is +)      : +334048.00
       Longitude (E is +)     : -1165924.00
       Elevation (m,ellips.)  : 508.62
      Additional Information  : Riverside County.
                              : Reference frame used is (ITRF97).
                              : Coordinate system used is (WGS84).
                              : Reference frame used is (ITRF2005).
                              : Coordinate system used is (WGS84).


3.    GNSS Receiver Information

3.1   Receiver Type           : LEICA MC1000
      Satellite System        : GPS
      Serial Number           : 30122
      Firmware Version        : 8.03
      Elevation Cutoff Setting: (deg)
      Date Installed          : 1999-03-11T00:00Z
      Date Removed            : 2007-03-01T00:00Z
      Temperature Stabiliz.   : (none or tolerance in degrees C)
      Additional Information  : Initial measurements.

3.2   Receiver Type           : LEICA GMX902
      Satellite System        : GPS
      Serial Number           : 101017
      Firmware Version        : 8.03
      Elevation Cutoff Setting: 0
      Date Installed          : 2007-03-01T00:00Z
      Date Removed            : (CCYY-MM-DDThh:mmZ)
      Temperature Stabiliz.   : (none or tolerance in degrees C)
      Additional Information  : Initial measurements.

3.x   Receiver Type           : (A20, from rcvr_ant.tab; see instructions)
      Satellite System        : (GPS/GLONASS/GPS+GLONASS)
      Serial Number           : (A5)
      Firmware Version        : (A11)
      Elevation Cutoff Setting: (deg)
      Date Installed          : (CCYY-MM-DDThh:mmZ)
      Date Removed            : (CCYY-MM-DDThh:mmZ)
      Temperature Stabiliz.   : (none or tolerance in degrees C)
      Additional Information  : (multiple lines)


4.    GNSS Antenna Information

4.1   Antenna Type            : LEIAT303
      Serial Number           : 730139
      Antenna Reference Point : BPA
      Marker->ARP Up Ecc. (m) : 0.359
      Marker->ARP North Ecc(m): (F8.4)
      Marker->ARP East Ecc(m) : (F8.4)
      Alignment from True N   : (deg; + is clockwise/east)
      Antenna Radome Type     : NONE
      Radome Serial Number    : 
      Antenna Cable Type      : (vendor & type number)
      Antenna Cable Length    : (m)
      Date Installed          : 1999-03-11T00:00Z
      Date Removed            : (CCYY-MM-DDThh:mmZ)
      Additional Information  : (multiple lines)

4.x   Antenna Type            : (A20, from rcvr_ant.tab; see instructions)
      Serial Number           : (A*, but note the first A5 is used in SINEX)
      Antenna Reference Point : (BPA/BCR/XXX from "antenna.gra"; see instr.)
      Marker->ARP Up Ecc. (m) : (F8.4)
      Marker->ARP North Ecc(m): (F8.4)
      Marker->ARP East Ecc(m) : (F8.4)
      Alignment from True N   : (deg; + is clockwise/east)
      Antenna Radome Type     : (A4 from rcvr_ant.tab; see instructions)
      Radome Serial Number    : 
      Antenna Cable Type      : (vendor & type number)
      Antenna Cable Length    : (m)
      Date Installed          : (CCYY-MM-DDThh:mmZ)
      Date Removed            : (CCYY-MM-DDThh:mmZ)
      Additional Information  : (multiple lines)


5.    Surveyed Local Ties

5.1   Tied Marker Name        : 
      Tied Marker Usage       : (SLR/VLBI/LOCAL CONTROL/FOOTPRINT/etc)
      Tied Marker CDP Number  : (A4)
      Tied Marker DOMES Number: (A9)
      Differential Components from GNSS Marker to the tied monument (ITRS)
       dx (m)                 : (m)
       dy (m)                 : (m)
       dz (m)                 : (m)
      Accuracy (mm)           : (mm)
      Survey method           : (GPS CAMPAIGN/TRILATERATION/TRIANGULATION/etc)
      Date Measured           : (CCYY-MM-DDThh:mmZ)
      Additional Information  : (multiple lines)

5.x   Tied Marker Name        : 
      Tied Marker Usage       : (SLR/VLBI/LOCAL CONTROL/FOOTPRINT/etc)
      Tied Marker CDP Number  : (A4)
      Tied Marker DOMES Number: (A9)
      Differential Components from GNSS Marker to the tied monument (ITRS)
       dx (m)                 : (m)
       dy (m)                 : (m)
       dz (m)                 : (m)
      Accuracy (mm)           : (mm)
      Survey method           : (GPS CAMPAIGN/TRILATERATION/TRIANGULATION/etc)
      Date Measured           : (CCYY-MM-DDThh:mmZ)
      Additional Information  : (multiple lines)


6.    Frequency Standard

6.1   Standard Type           : INTERNAL
      Input Frequency         : (if external)
      Effective Dates         : 1999-03-11/CCYY-MM-DD
      Notes                   : (multiple lines)

6.x   Standard Type           : (INTERNAL or EXTERNAL H-MASER/CESIUM/etc)
      Input Frequency         : (if external)
      Effective Dates         : (CCYY-MM-DD/CCYY-MM-DD)
      Notes                   : (multiple lines)


7.    Collocation Information

7.1   Instrumentation Type    : (GPS/GLONASS/DORIS/PRARE/SLR/VLBI/TIME/etc)
      Status                  : (PERMANENT/MOBILE)
      Effective Dates         : (CCYY-MM-DD/CCYY-MM-DD)
      Notes                   : (multiple lines)

7.x   Instrumentation Type    : (GPS/GLONASS/DORIS/PRARE/SLR/VLBI/TIME/etc)
      Status                  : (PERMANENT/MOBILE)
      Effective Dates         : (CCYY-MM-DD/CCYY-MM-DD)
      Notes                   : (multiple lines)


8.    Meteorological Instrumentation

8.1.1 Humidity Sensor Model   :
      Manufacturer            : 
      Serial Number           : 
      Data Sampling Interval  : (sec)
      Accuracy (% rel h)      : (% rel h)
      Aspiration              : (UNASPIRATED/NATURAL/FAN/etc)
      Height Diff to Ant      : (m)
      Calibration Date        : (CCYY-MM-DD)
      Effective Dates         : (CCYY-MM-DD/CCYY-MM-DD)
      Notes                   : (multiple lines)

8.1.x Humidity Sensor Model   :
      Manufacturer            : 
      Serial Number           : 
      Data Sampling Interval  : (sec)
      Accuracy (% rel h)      : (% rel h)
      Aspiration              : (UNASPIRATED/NATURAL/FAN/etc)
      Height Diff to Ant      : (m)
      Calibration Date        : (CCYY-MM-DD)
      Effective Dates         : (CCYY-MM-DD/CCYY-MM-DD)
      Notes                   : (multiple lines)


8.2.1 Pressure Sensor Model   :
      Manufacturer            : 
      Serial Number           : 
      Data Sampling Interval  : (sec)
      Accuracy                : (hPa)
      Height Diff to Ant      : (m)
      Calibration Date        : (CCYY-MM-DD)
      Effective Dates         : (CCYY-MM-DD/CCYY-MM-DD)
      Notes                   : (multiple lines)

8.2.x Pressure Sensor Model   :
      Manufacturer            : 
      Serial Number           : 
      Data Sampling Interval  : (sec)
      Accuracy                : (hPa)
      Height Diff to Ant      : (m)
      Calibration Date        : (CCYY-MM-DD)
      Effective Dates         : (CCYY-MM-DD/CCYY-MM-DD)
      Notes                   : (multiple lines)


8.3.1 Temp. Sensor Model      :
      Manufacturer            : 
      Serial Number           : 
      Data Sampling Interval  : (sec)
      Accuracy                : (deg C)
      Aspiration              : (UNASPIRATED/NATURAL/FAN/etc)
      Height Diff to Ant      : (m)
      Calibration Date        : (CCYY-MM-DD)
      Effective Dates         : (CCYY-MM-DD/CCYY-MM-DD)
      Notes                   : (multiple lines)

8.3.x Temp. Sensor Model      :
      Manufacturer            : 
      Serial Number           : 
      Data Sampling Interval  : (sec)
      Accuracy                : (deg C)
      Aspiration              : (UNASPIRATED/NATURAL/FAN/etc)
      Height Diff to Ant      : (m)
      Calibration Date        : (CCYY-MM-DD)
      Effective Dates         : (CCYY-MM-DD/CCYY-MM-DD)
      Notes                   : (multiple lines)


8.4.1 Water Vapor Radiometer  :
      Manufacturer            : 
      Serial Number           : 
      Distance to Antenna     : (m)
      Height Diff to Ant      : (m)
      Calibration Date        : (CCYY-MM-DD)
      Effective Dates         : (CCYY-MM-DD/CCYY-MM-DD)
      Notes                   : (multiple lines)

8.4.x Water Vapor Radiometer  :
      Manufacturer            : 
      Serial Number           : 
      Distance to Antenna     : (m)
      Height Diff to Ant      : (m)
      Calibration Date        : (CCYY-MM-DD)
      Effective Dates         : (CCYY-MM-DD/CCYY-MM-DD)
      Notes                   : (multiple lines)


8.5.1 Other Instrumentation   : (multiple lines)
      Effective Dates         : (CCYY-MM-DD/CCYY-MM-DD)

8.5.x Other Instrumentation   : (multiple lines)
      Effective Dates         : (CCYY-MM-DD/CCYY-MM-DD)


9.    Local Ongoing Conditions Possibly Affecting Computed Position

9.1.1 Radio Interferences     : (TV/CELL PHONE ANTENNA/RADAR/etc)
      Observed Degradations   : (SN RATIO/DATA GAPS/etc)
      Effective Dates         : (CCYY-MM-DD/CCYY-MM-DD)
      Additional Information  : (multiple lines)

9.1.x Radio Interferences     : (TV/CELL PHONE ANTENNA/RADAR/etc)
      Observed Degradations   : (SN RATIO/DATA GAPS/etc)
      Effective Dates         : (CCYY-MM-DD/CCYY-MM-DD)
      Additional Information  : (multiple lines)


9.2.1 Multipath Sources       : (METAL ROOF/DOME/VLBI ANTENNA/etc)
      Effective Dates         : (CCYY-MM-DD/CCYY-MM-DD)
      Additional Information  : (multiple lines)

9.2.x Multipath Sources       : (METAL ROOF/DOME/VLBI ANTENNA/etc)
      Effective Dates         : (CCYY-MM-DD/CCYY-MM-DD)
      Additional Information  : (multiple lines)


9.3.1 Signal Obstructions     : (TREES/BUILDINGS/etc)
      Effective Dates         : (CCYY-MM-DD/CCYY-MM-DD)
      Additional Information  : (multiple lines)

9.3.x Signal Obstructions     : (TREES/BUILDINGS/etc)
      Effective Dates         : (CCYY-MM-DD/CCYY-MM-DD)
      Additional Information  : (multiple lines)


10.   Local Episodic Effects Possibly Affecting Data Quality

10.1  Date                    : (CCYY-MM-DD/CCYY-MM-DD)
      Event                   : (TREE CLEARING/CONSTRUCTION/etc)

10.x  Date                    : (CCYY-MM-DD/CCYY-MM-DD)
      Event                   : (TREE CLEARING/CONSTRUCTION/etc)


11.   On-Site, Point of Contact Agency Information

      Agency                  : Scripps Orbit and Permanent Array Center
      Preferred Abbreviation  : SIO
      Mailing Address         : Institute of Geophysics and Planetary Physics,
                              : Scripps Institution of Oceanography, MC 0225,
                              : University of California San Diego, 9500
                              : Gilman Dr., La Jolla CA 92093-0225
      Primary Contact         
       Contact Name           : Paul Jamason
       Telephone (primary)    : 858-822-4472
       Telephone (secondary)  : 858-663-3508
       Fax                    : 858-534-9873
       E-mail                 : pjamason@ucsd.edu
      Secondary Contact       
       Contact Name           : Keith Stark
       Telephone (primary)    : 626-583-6729
       Telephone (secondary)  : 818-542-5930
       Fax                    : 626-583-7827
       E-mail                 : stark@gps.caltech.edu
      Additional Information  : (multiple lines)


12.   Responsible Agency (if different from 11.)

      Agency                  : Metropolitan Water District of Southern 
                              : California
      Preferred Abbreviation  : MWD
      Mailing Address         : Survey Engineering, Geometronics
                              : 700 Moreno Avenue, La Verne, CA 91750
      Primary Contact         
       Contact Name           : Brian Wiseman
       Telephone (primary)    : 909-392-2539
       Telephone (secondary)  : 
       Fax                    : 909-392-2464
       E-mail                 : bwiseman@mwd.dst.ca.us
      Secondary Contact       
       Contact Name           : Julio Castillo
       Telephone (primary)    : 909-392-2539
       Telephone (secondary)  : 
       Fax                    : 909-392-2464
       E-mail                 : jcastillo@mwd.dst.ca.us
      Additional Information  : (multiple lines)


13.   More Information

      Primary Data Center     : 
      Secondary Data Center   : 
      URL For More Information: 
      Hardcopy on File        
       Site Map               : (Y or URL)
       Site Diagram           : (Y or URL)
       Horizon Mask           : (Y or URL)
       Monument Description   : (Y or URL)
       Site Pictures          : (Y or URL)
      Additional Information  : (multiple lines)
      Antenna Graphics with Dimensions
                              
      (insert text graphic from antenna.gra)


