
     EFBG Site Information Form (site log)
     International GPS Service
     See Instructions at:
       ftp://igscb.jpl.nasa.gov/pub/station/general/sitelog_instr.txt

0.   Form

     Prepared by (full name)  : Rudi Stoeger
     Date Prepared            : 2015-12-01
     Report Type              : UPDATE
     If Update:
      Previous Site Log       : efbg_20110524.log
      Modified/Added Sections : 3.6, 3.7, 11


1.   Site Identification of the GNSS Monument

     Site Name                : Effelsberg / Germany
     Four Character ID        : EFBG
     Monument Inscription     :
     IERS DOMES Number        : 14209M002
     CDP Number               :
     Monument Description     : ANTENNA STEEL MAST
       Height of the Monument : 3.3
       Monument Foundation    : SCREW ANCHORED TO THE ROOF AND WALL
       Foundation Depth       :
     Marker Description       : SURVEY MARKER BOLT ON ANTENNA MAST
     Date Installed           : 2002-05-16T00:00Z
     Geologic Characteristic  : (BEDROCK/CLAY/CONGLOMERATE/GRAVEL/SAND/etc)
       Bedrock Type           : (IGNEOUS/METAMORPHIC/SEDIMENTARY)
       Bedrock Condition      : (FRESH/JOINTED/WEATHERED)
       Fracture Spacing       : (1-10 cm/11-50 cm/51-200 cm/over 200 cm)
       Fault zones nearby     : (YES/NO/Name of the zone)
         Distance/activity    :
     Additional Information   : Survey Marker Bolt on the antenna
                              : steel mast, which is screw anchored 
                              : to the roof and the wall of the 
                              : building across the 
                              : 100 m - Radiotelescope of the 
                              : Max Planck Institute for
                              : Radioastronomy in  Effelsberg.
                              : The steel mast is a galvanised
                              : steel tube ST-37, diameter 48.3x4 mm,
                              : with double struts.
                              : The antenna is 9.4 m above the ground
                              : and 1.98 m above the roof.


2.   Site Location Information

     City or Town             : Effelsberg
     State or Province        : Northrhine-Westfalia
     Country                  : Germany
     Tectonic Plate           : Eurasian
     Approximate Position (ITRF)
       X coordinate (m)       : 4033914.22
       Y coordinate (m)       : 486862.00
       Z coordinate (m)       : 4900453.54
       Latitude (N is +)      : +503131.07
       Longitude (E is +)     : +0065254.72
       Elevation (m,ellips.)  : 00403.5
     Additional Information   :


3.   GNSS Receiver Information

3.1  Receiver Type            : TRIMBLE 4000SSI
     Satellite System         : GPS
     Serial Number            : 3247A01971
     Firmware Version         : 7.29
     Elevation Cutoff Setting : 0
     Date Installed           : 2002-05-16T00:00Z
     Date Removed             : 2002-10-01T13:30Z
     Temperature Stabiliz.    : none
     Additional Information   :

3.2  Receiver Type            : TRIMBLE 4000SSI
     Satellite System         : GPS
     Serial Number            : 3447A08875
     Firmware Version         : 7.29
     Elevation Cutoff Setting : 0
     Date Installed           : 2002-10-01T13:30Z
     Date Removed             : 2005-10-25T12:00Z
     Temperature Stabiliz.    : none
     Additional Information   :

3.3  Receiver Type            : TRIMBLE 4000SSI
     Satellite System         : GPS
     Serial Number            : 00008875
     Firmware Version         : 00719|00304|00333
     Elevation Cutoff Setting : 0
     Date Installed           : 2005-10-25T12:00Z
     Date Removed             : 2009-11-05T12:59Z
     Temperature Stabiliz.    : none
     Additional Information   :

3.4  Receiver Type            : LEICA GRX1200GGPRO
     Satellite System         : GPS+GLONASS
     Serial Number            : 356533
     Firmware Version         : 7.53/3.017
     Elevation Cutoff Setting : 0
     Date Installed           : 2009-11-05T13:00Z
     Date Removed             : 2011-05-03T07:00Z
     Temperature Stabiliz.    : none
     Additional Information   :

3.5  Receiver Type            : JPS E_GGD
     Satellite System         : GPS+GLONASS
     Serial Number            : AG8ZL5K4FLS
     Firmware Version         : 2.6.1 Jan,10,2008
     Elevation Cutoff Setting : 0
     Date Installed           : 2011-05-03T12:00Z
     Date Removed             : 2011-05-23T06:59Z
     Temperature Stabiliz.    : none
     Additional Information   :

3.6  Receiver Type            : TPS E_GGD
     Satellite System         : GPS+GLONASS
     Serial Number            : AG8ZL5K4FLS
     Firmware Version         : 2.6.1 Jan,10,2008
     Elevation Cutoff Setting : 0
     Date Installed           : 2011-05-23T07:00Z
     Date Removed             : 2015-11-24T12:00Z
     Temperature Stabiliz.    : none
     Additional Information   : No actual replacement of the
                              : receiver took place. The receiver
                              : now identifies itself with TPS E_GGD.

3.7  Receiver Type            : TPS E_GGD
     Satellite System         : GPS+GLONASS
     Serial Number            : AGL2LHV3XMO
     Firmware Version         : 2.6.1 Jan,10,2008
     Elevation Cutoff Setting : 0
     Date Installed           : 2015-11-30T09:00Z
     Date Removed             : (CCYY-MM-DDThh:mmZ)
     Temperature Stabiliz.    : none
     Additional Information   : Number on the identification 
                              : plate 235-0281

3.x  Receiver Type            : (A20, from rcvr_ant.tab; see instructions)
     Satellite System         : (GPS/GLONASS/GPS+GLONASS)
     Serial Number            : (A20, but note the first A5 is used in SINEX)
     Firmware Version         : (A11)
     Elevation Cutoff Setting : (deg)
     Date Installed           : (CCYY-MM-DDThh:mmZ)
     Date Removed             : (CCYY-MM-DDThh:mmZ)
     Temperature Stabiliz.    : (none or tolerance in degrees C)
     Additional Information   : (multiple lines)


4.   GNSS Antenna Information

4.1  Antenna Type             : TRM29659.00     NONE
     Serial Number            : 0220181802
     Antenna Reference Point  : BPA
     Marker->ARP Up Ecc. (m)  : 000.0620
     Marker->ARP North Ecc(m) : 000.0000
     Marker->ARP East Ecc(m)  : 000.0000
     Alignment from True N    : 0
     Antenna Radome Type      : NONE
     Radome Serial Number     :
     Antenna Cable Type       : RG 214
     Antenna Cable Length     : 30
     Date Installed           : 2002-05-16T00:00Z)
     Date Removed             : 2011-05-03T07:00Z
     Additional Information   :

4.2  Antenna Type             : TPSCR3_GGD      CONE
     Serial Number            : 2170384
     Antenna Reference Point  : BPA
     Marker->ARP Up Ecc. (m)  : 000.0620
     Marker->ARP North Ecc(m) : 000.0000
     Marker->ARP East Ecc(m)  : 000.0000
     Alignment from True N    : 0
     Antenna Radome Type      : CONE
     Radome Serial Number     :
     Antenna Cable Type       : RG 214
     Antenna Cable Length     : 30
     Date Installed           : 2011-05-03T12:00Z
     Date Removed             : (CCYY-MM-DDThh:mmZ)
     Additional Information   :

4.x  Antenna Type             : (A20, from rcvr_ant.tab; see instructions)
     Serial Number            : (A20, but note the first A5 is used in SINEX)
     Antenna Reference Point  : (BPA/BCR/XXX from "antenna.gra"; see instr.)
     Marker->ARP Up Ecc. (m)  : (F8.4)
     Marker->ARP North Ecc(m) : (F8.4)
     Marker->ARP East Ecc(m)  : (F8.4)
     Alignment from True N    : (deg; + is clockwise/east)
     Antenna Radome Type      : (A4 from rcvr_ant.tab; see instructions)
     Radome Serial Number     :
     Antenna Cable Type       : (vendor & type number)
     Antenna Cable Length     : (m)
     Date Installed           : (CCYY-MM-DDThh:mmZ)
     Date Removed             : (CCYY-MM-DDThh:mmZ)
     Additional Information   : (multiple lines)


5.   Surveyed Local Ties

5.1  Tied Marker Name         : VLBI Radiotelescope
     Tied Marker Usage        : VLBI
     Tied Marker CDP Number   :
     Tied Marker DOMES Number :
     Differential Components from GNSS Marker to the tied monument (ITRS)
       dx (m)                 :
       dy (m)                 :
       dz (m)                 :
     Accuracy (mm)            :
     Survey method            : (GPS CAMPAIGN/TRILATERATION/TRIANGULATION/etc)
     Date Measured            :
     Additional Information   :

5.x  Tied Marker Name         :
     Tied Marker Usage        : (SLR/VLBI/LOCAL CONTROL/FOOTPRINT/etc)
     Tied Marker CDP Number   : (A4)
     Tied Marker DOMES Number : (A9)
     Differential Components from GNSS Marker to the tied monument (ITRS)
       dx (m)                 : (m)
       dy (m)                 : (m)
       dz (m)                 : (m)
     Accuracy (mm)            : (mm)
     Survey method            : (GPS CAMPAIGN/TRILATERATION/TRIANGULATION/etc)
     Date Measured            : (CCYY-MM-DDThh:mmZ)
     Additional Information   : (multiple lines)


6.   Frequency Standard

6.1  Standard Type            : INTERNAL
       Input Frequency        :
       Effective Dates        : 2002-05-16/CCYY-MM-DD
       Notes                  :

6.x  Standard Type            : (INTERNAL or EXTERNAL H-MASER/CESIUM/etc)
       Input Frequency        : (if external)
       Effective Dates        : (CCYY-MM-DD/CCYY-MM-DD)
       Notes                  : (multiple lines)


7.   Collocation Information

7.1  Instrumentation Type     : VLBI
       Status                 : PERMANENT/MOBILE
       Effective Dates        : (CCYY-MM-DD/CCYY-MM-DD)
       Notes                  :

7.x  Instrumentation Type     : (GPS/GLONASS/DORIS/PRARE/SLR/VLBI/TIME/etc)
       Status                 : (PERMANENT/MOBILE)
       Effective Dates        : (CCYY-MM-DD/CCYY-MM-DD)
       Notes                  : (multiple lines)

8.   Meteorological Instrumentation

8.1.1 Humidity Sensor Model   : 93.0582
       Manufacturer           : Schiltknecht
       Serial Number          : f. 517.34.12
       Data Sampling Interval : 900
       Accuracy (% rel h)     : 2.5
       Aspiration             : CAPACITANCE PROBE
       Height Diff to Ant     :
       Calibration date       : (CCYY-MM-DD)
       Effective Dates        : 2002-05-16/CCYY-MM-DD
       Notes                  : Sometimes the data of a
                              : second Humidity Sensor are
                              : used. Lambrecht 809 L 0-100.
                              : Linear PT100.

8.1.x Humidity Sensor Model   :
       Manufacturer           :
       Serial Number          :
       Data Sampling Interval : (sec)
       Accuracy (% rel h)     : (% rel h)
       Aspiration             : (UNASPIRATED/NATURAL/FAN/etc)
       Height Diff to Ant     : (m)
       Calibration date       : (CCYY-MM-DD)
       Effective Dates        : (CCYY-MM-DD/CCYY-MM-DD)
       Notes                  : (multiple lines)

8.2.1 Pressure Sensor Model   : 812 B 1000
       Manufacturer           : Lambrecht
       Serial Number          :
       Data Sampling Interval : 900
       Accuracy               : 1.5
       Height Diff to Ant     :
       Calibration date       : (CCYY-MM-DD)
       Effective Dates        : 2002-05-16/CCYY-MM-DD
       Notes                  :

8.2.x Pressure Sensor Model   :
       Manufacturer           :
       Serial Number          :
       Data Sampling Interval : (sec)
       Accuracy               : (hPa)
       Height Diff to Ant     : (m)
       Calibration date       : (CCYY-MM-DD)
       Effective Dates        : (CCYY-MM-DD/CCYY-MM-DD)
       Notes                  : (multiple lines)

8.3.1 Temp. Sensor Model      : 93.0582
       Manufacturer           : Schiltknecht
       Serial Number          : f. 517.34.12
       Data Sampling Interval : 900
       Accuracy               : 0.3
       Aspiration             : LINEAR PLATINUM PROBE PT100
       Height Diff to Ant     :
       Calibration date       : (CCYY-MM-DD)
       Effective Dates        : 2002-05-16/CCYY-MM-DD
       Notes                  : Sometimes the data of a
                              : second Temperature Sensor are
                              : used. Lambrecht 809 L 0-100.
                              : Linear PT100.

8.3.x Temp. Sensor Model      :
       Manufacturer           :
       Serial Number          :
       Data Sampling Interval : (sec)
       Accuracy               : (deg C)
       Aspiration             : (UNASPIRATED/NATURAL/FAN/etc)
       Height Diff to Ant     : (m)
       Calibration date       : (CCYY-MM-DD)
       Effective Dates        : (CCYY-MM-DD/CCYY-MM-DD)
       Notes                  : (multiple lines)

8.4.x Water Vapor Radiometer  :
       Manufacturer           :
       Serial Number          :
       Distance to Antenna    : (m)
       Height Diff to Ant     : (m)
       Calibration date       : (CCYY-MM-DD)
       Effective Dates        : (CCYY-MM-DD/CCYY-MM-DD)
       Notes                  : (multiple lines)

8.5.x Other Instrumentation   : (multiple lines)


9.  Local Ongoing Conditions Possibly Affecting Computed Position

9.1.x Radio Interferences     : (TV/CELL PHONE ANTENNA/RADAR/etc)
       Observed Degradations  : (SN RATIO/DATA GAPS/etc)
       Effective Dates        : (CCYY-MM-DD/CCYY-MM-DD)
       Additional Information : (multiple lines)

9.2.x Multipath Sources       : (METAL ROOF/DOME/VLBI ANTENNA/etc)
       Effective Dates        : (CCYY-MM-DD/CCYY-MM-DD)
       Additional Information : (multiple lines)

9.3.x Signal Obstructions     : (TREES/BUILDLINGS/etc)
       Effective Dates        : (CCYY-MM-DD/CCYY-MM-DD)
       Additional Information : (multiple lines)


10.  Local Episodic Effects Possibly Affecting Data Quality

10.x Date                     : (CCYY-MM-DD/CCYY-MM-DD)
     Event                    : (TREE CLEARING/CONSTRUCTION/etc)


11.   On-Site, Point of Contact Agency Information

     Agency                   : Bundesamt fuer Kartographie
                              : und Geodaesie
                              : Geodetical Observatory Wettzell
     Preferred Abbreviation   : BKG
     Mailing Address          : Bundesamt fuer Kartographie
                              : und Geodaesie
                              : Geodetical Observatory Wettzell
                              : Sackenrieder Strasse 25
                              : D-93444 Bad Koetzting, Germany
     Primary Contact
       Contact Name           : Dr. Reiner Dassing
       Telephone (primary)    : ++49-9941-603112
       Telephone (secondary)  : ++49-9941-6030
       Fax                    : ++49-9941-603222
       E-mail                 : reiner.dassing@bkg.bund.de
     Secondary Contact
       Contact Name           : Uwe Hessels
       Telephone (primary)    : ++49-9941-603208
       Telephone (secondary)  : ++49-9941-6030
       Fax                    : ++49-9941-603222
       E-mail                 : uwe.hessels@bkg.bund.de
     Additional Information   : Rudi Stoeger
                              : ++49-9941-603117
                              : rudolf.stoegerbkg.bund.de


12.  Responsible Agency (if different from 11.)

     Agency                   :
     Preferred Abbreviation   :
     Mailing Address          :
     Primary Contact
       Contact Name           :
       Telephone (primary)    :
       Telephone (secondary)  :
       Fax                    :
       E-mail                 :
     Secondary Contact
       Contact Name           :
       Telephone (primary)    :
       Telephone (secondary)  :
       Fax                    :
       E-mail                 :
     Additional Information   :


13.  More Information

     Primary Data Center      : GREF
     Secondary Data Center    :
     URL for More Information : www.bkg.bund.de, www.fs.wettzell.de
     Hardcopy on File
       Site Map               : (Y or URL)
       Site Diagram           : (Y or URL)
       Horizon Mask           : (Y or URL)
       Monument Description   : Y
       Site Pictures          : Y
     Additional Information   : (multiple lines)
     Antenna Graphics with Dimensions


TRM29659.00
from 2002-05-16
until 2011-05-03

                         -----
                     /     +     \                        <--  0.128  L2
                    |      +      |                       <--  0.110  L1
  +--------------------------------------------------+    <--  0.102  TCR
  |                                                  |
  |                                                  |
  |                                                  |
  |                                                  |
+-+--------------------------------------------------+-+  <--  0.038
+-------------------+-------------+--------------------+  <--  0.035  BCR
                    |             |
                   =|             |
                    +------x------+                       <--  0.000  BPA=ARP

<--                      0.381                       -->


TPSCR3_GGD
from 2011-05-03
with white conical Dome CONE

                        ---------
                      /     +     \                        <--  0.104  L2
                     |      +      |                       <--  0.081  L1
   +--------------------------------------------------+    <--  0.071  TCR
   |                                                  |
   |                                                  |
   |                                                  |
   |                                                  |
   +-----------------+-------------+------------------+    <--  0.003 BCR
                      +-----x-----+                        <--  0.000 BPA=ARP

   <--                    0.326                     -->


   ARP: Antenna Reference Point
   L1 : L1 Phase Center                   L2 : L2 Phase Center
   TCR: Top of Chokering                  BCR: Bottom of Chokering
   TGP: Top of Ground Plane               BGP: Bottom of Ground Plane
   TPA: Top of Preamplifier               BPA: Bottom of Preamplifier
   TOP: Top of Pole

All dimensions are in meters.

