     ELBA Site Information Form (site log)
     International GNSS Service
     See Instructions at:
       ftp://igscb.jpl.nasa.gov/pub/station/general/sitelog_instr.txt


0.   Form

     Prepared by (full name)  : Giuseppe Colucci
     Date Prepared            : 2015-08-03
     Report Type              : UPDATE
     If Update:
      Previous Site Log       : elba_20140303.log
      Modified/Added Sections : 3.2, 3.3


1.   Site Identification of the GNSS Monument

     Site Name                : ELBA ISLAND
     Four Character ID        : ELBA
     Monument Inscription     : Stable pillar on the bedrock
     IERS DOMES Number        : 12721M002
     CDP Number               : (A4)
     Monument Description     : PILLAR
       Height of the Monument : 1.2 m
       Monument Foundation    : CONCRETE BLOCK
       Foundation Depth       : (m)
     Marker Description       : CHISELLED CROSS
     Date Installed           : 2000-11-08
     Geologic Characteristic  : (BEDROCK/CLAY/CONGLOMERATE/GRAVEL/SAND/etc)
       Bedrock Type           : (IGNEOUS/METAMORPHIC/SEDIMENTARY)
       Bedrock Condition      : (FRESH/JOINTED/WEATHERED)
       Fracture Spacing       : (0 cm/1-10 cm/11-50 cm/51-200 cm/over 200 cm)
       Fault zones nearby     : (YES/NO/Name of the zone)
         Distance/activity    : (multiple lines)
     Additional Information   : (multiple lines)


2.   Site Location Information

     City or Town             : San Piero Campo Nell'Elba - Elba
     State or Province        : LIVORNO - TOSCANA
     Country                  : Italy
     Tectonic Plate           : EURASIAN
     Approximate Position (ITRF)
       X coordinate (m)       : 4616531.6671
       Y coordinate (m)       : 831568.4331
       Z coordinate (m)       : 4307569.0724
       Latitude (N is +)      : +424516.92
       Longitude (E is +)     : +0101305.88
       Elevation (m,ellips.)  :   269.0
     Additional Information   : (multiple lines)


3.   GNSS Receiver Information

3.1  Receiver Type            : TRIMBLE 4000SSI
     Satellite System         : GPS
     Serial Number            : 21438
     Firmware Version         : 7.29
     Elevation Cutoff Setting : 15 deg
     Date Installed           : 2000-11-08
     Date Removed             : 2001-09-04
     Temperature Stabiliz.    : (deg C) +/- (deg C)
     Additional Information   : (multiple lines)

3.2  Receiver Type            : TRIMBLE 4700
     Satellite System         : GPS
     Serial Number            : 03909
     Firmware Version         : Nav 1.20 Sig 0.00
     Elevation Cutoff Setting : 5 deg
     Date Installed           : 2001-09-05
     Date Removed             : 2015-08-03T12:25Z
     Temperature Stabiliz.    : (deg C) +/- (deg C)
     Additional Information   : (multiple lines)

3.3  Receiver Type            : TRIMBLE 4700
     Satellite System         : GPS
     Serial Number            : 03909
     Firmware Version         : Nav 1.20 Sig 0.00
     Elevation Cutoff Setting : 0 deg
     Date Installed           : 2015-08-03T12:25Z
     Date Removed             : CCYY-MM-DDThh:mmZ
     Temperature Stabiliz.    : (deg C) +/- (deg C)
     Additional Information   : (multiple lines)

3.x  Receiver Type            : (A20, from rcvr_ant.tab; see instructions)
     Satellite System         : (GPS+GLO+GAL+BDS+QZSS+SBAS)
     Serial Number            : (A20, but note the first A5 is used in SINEX)
     Firmware Version         : (A11)
     Elevation Cutoff Setting : (deg)
     Date Installed           : (CCYY-MM-DDThh:mmZ)
     Date Removed             : (CCYY-MM-DDThh:mmZ)
     Temperature Stabiliz.    : (none or tolerance in degrees C)
     Additional Information   : (multiple lines)


4.   GNSS Antenna Information

4.1  Antenna Type             : TRM29659.00     NONE
     Serial Number            : 99462
     Antenna Reference Point  : BPA
     Marker->ARP Up Ecc. (m)  :   0.0000
     Marker->ARP North Ecc(m) :   0.0000
     Marker->ARP East Ecc(m)  :   0.0000
     Alignment from True N    : 0 deg
     Antenna Radome Type      : NONE
     Radome Serial Number     : 
     Antenna Cable Type       : RG214
     Antenna Cable Length     : 30 m
     Date Installed           : 2000-11-08
     Date Removed             : 2014-02-26
     Additional Information   : TRIMBLE L1/L2 DORNE MARGOLIN ELEMENT
                              : WITH CHOKERINGS MODEL 29659.00

4.2  Antenna Type             : TRM29659.00     NONE
     Serial Number            : 99462
     Antenna Reference Point  : BPA
     Marker->ARP Up Ecc. (m)  :   0.0000
     Marker->ARP North Ecc(m) :   0.0000
     Marker->ARP East Ecc(m)  :   0.0000
     Alignment from True N    : 0 deg
     Antenna Radome Type      : NONE
     Radome Serial Number     : 
     Antenna Cable Type       : RG214
     Antenna Cable Length     : 30 m
     Date Installed           : 2014-02-26
     Date Removed             : CCYY-MM-DDThh:mmZ
     Additional Information   : New antenna cable of the same lenght replaced
                              : the old (bad) one.
                              : Note: the antenna was NOT changed.

4.x  Antenna Type             : (A20, from rcvr_ant.tab; see instructions)
     Serial Number            : (A*, but note the first A5 is used in SINEX)
     Antenna Reference Point  : (BPA/BCR/XXX from "antenna.gra"; see instr.)
     Marker->ARP Up Ecc. (m)  : (F8.4)
     Marker->ARP North Ecc(m) : (F8.4)
     Marker->ARP East Ecc(m)  : (F8.4)
     Alignment from True N    : (deg; + is clockwise/east)
     Antenna Radome Type      : (A4 from rcvr_ant.tab; see instructions)
     Radome Serial Number     : 
     Antenna Cable Type       : (vendor & type number)
     Antenna Cable Length     : (m)
     Date Installed           : (CCYY-MM-DDThh:mmZ)
     Date Removed             : (CCYY-MM-DDThh:mmZ)
     Additional Information   : (multiple lines)


5.   Surveyed Local Ties

5.x  Tied Marker Name         : 
     Tied Marker Usage        : (SLR/VLBI/LOCAL CONTROL/FOOTPRINT/etc)
     Tied Marker CDP Number   : (A4)
     Tied Marker DOMES Number : (A9)
     Differential Components from GNSS Marker to the tied monument (ITRS)
       dx (m)                 : (m)
       dy (m)                 : (m)
       dz (m)                 : (m)
     Accuracy (mm)            : (mm)
     Survey method            : (GPS CAMPAIGN/TRILATERATION/TRIANGULATION/etc)
     Date Measured            : (CCYY-MM-DDThh:mmZ)
     Additional Information   : (multiple lines)


6.   Frequency Standard

6.1  Standard Type            : INTERNAL 
       Input Frequency        : (if external)
       Effective Dates        : 2000-11-08/CCYY-MM-DD
       Notes                  : (multiple lines)

6.x  Standard Type            : (INTERNAL or EXTERNAL H-MASER/CESIUM/etc)
       Input Frequency        : (if external)
       Effective Dates        : (CCYY-MM-DD/CCYY-MM-DD)
       Notes                  : (multiple lines)


7.   Collocation Information

7.x  Instrumentation Type     : (GPS/GLONASS/DORIS/PRARE/SLR/VLBI/TIME/etc)
       Status                 : (PERMANENT/MOBILE)
       Effective Dates        : (CCYY-MM-DD/CCYY-MM-DD)
       Notes                  : (multiple lines)


8.   Meteorological Instrumentation

8.1.x  Humidity Sensor Model  : 
       Manufacturer           : 
       Serial Number          : 
       Data Sampling Interval : (sec)
       Accuracy (% rel h)     : (% rel h)
       Aspiration             : (UNASPIRATED/NATURAL/FAN/etc)
       Height Diff to Ant     : (m)
       Calibration date       : (CCYY-MM-DD)
       Effective Dates        : (CCYY-MM-DD/CCYY-MM-DD)
       Notes                  : (multiple lines)

8.2.x  Pressure Sensor Model  : 
       Manufacturer           : 
       Serial Number          : 
       Data Sampling Interval : (sec)
       Accuracy               : (hPa)
       Height Diff to Ant     : (m)
       Calibration date       : (CCYY-MM-DD)
       Effective Dates        : (CCYY-MM-DD/CCYY-MM-DD)
       Notes                  : (multiple lines)

8.3.x  Temp. Sensor Model     : 
       Manufacturer           : 
       Serial Number          : 
       Data Sampling Interval : (sec)
       Accuracy               : (deg C)
       Aspiration             : (UNASPIRATED/NATURAL/FAN/etc)
       Height Diff to Ant     : (m)
       Calibration date       : (CCYY-MM-DD)
       Effective Dates        : (CCYY-MM-DD/CCYY-MM-DD)
       Notes                  : (multiple lines)

8.4.x  Water Vapor Radiometer : 
       Manufacturer           : 
       Serial Number          : 
       Distance to Antenna    : (m)
       Height Diff to Ant     : (m)
       Calibration date       : (CCYY-MM-DD)
       Effective Dates        : (CCYY-MM-DD/CCYY-MM-DD)
       Notes                  : (multiple lines)

8.5.x  Other Instrumentation  : (multiple lines)


9.   Local Ongoing Conditions Possibly Affecting Computed Position

9.1.x  Radio Interferences    : (TV/CELL PHONE ANTENNA/RADAR/etc)
       Observed Degradations  : (SN RATIO/DATA GAPS/etc)
       Effective Dates        : (CCYY-MM-DD/CCYY-MM-DD)
       Additional Information : (multiple lines)

9.2.x  Multipath Sources      : (METAL ROOF/DOME/VLBI ANTENNA/etc)
       Effective Dates        : (CCYY-MM-DD/CCYY-MM-DD)
       Additional Information : (multiple lines)

9.3.x  Signal Obstructions    : (TREES/BUILDINGS/etc)
       Effective Dates        : (CCYY-MM-DD/CCYY-MM-DD)
       Additional Information : (multiple lines)


10.  Local Episodic Effects Possibly Affecting Data Quality

10.x  Date                    : (CCYY-MM-DD/CCYY-MM-DD)
      Event                   : (TREE CLEARING/CONSTRUCTION/etc)


11.  On-Site, Point of Contact Agency Information

     Agency                   : e-geos S.p.A. - una società ASI/Telespazio
     Preferred Abbreviation   : TPZ
     Mailing Address          : P.O.BOX OPEN - 75100 Matera, ITALY
     Primary Contact
       Contact Name           : G. Colucci
       Telephone (primary)    : ++39.0835.377574
       Telephone (secondary)  : 
       Fax                    : 
       E-mail                 : giuseppe.colucci@e-geos.it
     Secondary Contact
       Contact Name           : R. Faccia, F. Ambrico
       Telephone (primary)    : ++39.0835.377540
       Telephone (secondary)  : 
       Fax                    : 
       E-mail                 : gpsgeo@hp835.mt.asi.it
     Additional Information   : (multiple lines)


12.  Responsible Agency (if different from 11.)

     Agency                   : Agenzia Spaziale Italiana
     Preferred Abbreviation   : ASI
     Mailing Address          : P.O.BOX OPEN - 75100 Matera, ITALY
     Primary Contact
       Contact Name           : Dott. Giuseppe Bianco
       Telephone (primary)    : ++39.0835.377509
       Telephone (secondary)  : 
       Fax                    : 
       E-mail                 : giuseppe.bianco@asi.it
     Secondary Contact
       Contact Name           : 
       Telephone (primary)    : 
       Telephone (secondary)  : 
       Fax                    : 
       E-mail                 : 
     Additional Information   : (multiple lines)


13.  More Information

     Primary Data Center      : ASI
     Secondary Data Center    : BKGE
     URL for More Information : http://geodaf.mt.asi.it/html/gps/info.html
     Hardcopy on File
       Site Map               : (Y or URL)
       Site Diagram           : (Y or URL)
       Horizon Mask           : (Y or URL)
       Monument Description   : (Y or URL)
       Site Pictures          : (Y or URL)
     Additional Information   : (multiple lines)
     Antenna Graphics with Dimensions

TRM29659.00
Trimble L1/L2 Dorne Margolin element with chokerings
Model 29659.00


                         -----
                     /     +     \                        <--  0.1280 L2
                    |      +      |                       <--  0.1100 L1
  +--------------------------------------------------+    <--  0.1020 TCR
  |                                                  |
  |                                                  |
  |                                                  |
  |                                                  |
 +----------------------------------------------------+   <--  0.0380
 +------------------+-------------+-------------------+   <--  0.0350 BCR
                    |             |
                    |             |
                    +------x------+                       <--  0.0000 BPA

ARP: Antenna Reference Point
L1 : L1 Phase Center                   L2 : L2 Phase Center
BPA: Bottom of Preamplifier            BCR: Bottom of Chokering
