     EVPA Site Information Form (site log)
     International GNSS Service
     See Instructions at:
       ftp://igscb.jpl.nasa.gov/pub/station/general/sitelog_instr.txt


0.   Form

     Prepared by (full name)  : Oleg Khoda
     Date Prepared            : 2012-01-23
     Report Type              : UPDATE
     If Update:
      Previous Site Log       : evpa_20110204.log
      Modified/Added Sections : 7.2


1.   Site Identification of the GNSS Monument

     Site Name                : Evpatoria
     Four Character ID        : EVPA
     Monument Inscription     : 
     IERS DOMES Number        : 12344M001
     CDP Number               : (A4)
     Monument Description     : PILLAR
       Height of the Monument : 2.2 m
       Monument Foundation    : CONCRETE BLOCK
       Foundation Depth       : 3.0 m
     Marker Description       : (CHISELLED CROSS/DIVOT/BRASS NAIL/etc)
     Date Installed           : 1998-05-03
     Geologic Characteristic  : (BEDROCK/CLAY/CONGLOMERATE/GRAVEL/SAND/etc)
       Bedrock Type           : (IGNEOUS/METAMORPHIC/SEDIMENTARY)
       Bedrock Condition      : (FRESH/JOINTED/WEATHERED)
       Fracture Spacing       : (0 cm/1-10 cm/11-50 cm/51-200 cm/over 200 cm)
       Fault zones nearby     : (YES/NO/Name of the zone)
         Distance/activity    : (multiple lines)
     Additional Information   : Top of the concreted steel pillar.


2.   Site Location Information

     City or Town             : Evpatoria
     State or Province        : Crimea
     Country                  : Ukraine
     Tectonic Plate           : EURASIAN
     Approximate Position (ITRF)
       X coordinate (m)       : 3767253.5324
       Y coordinate (m)       : 2461876.3098
       Z coordinate (m)       : 4504591.7675
       Latitude (N is +)      : +451310.17
       Longitude (E is +)     : +0330951.70
       Elevation (m,ellips.)  :    39.4
     Additional Information   : (multiple lines)


3.   GNSS Receiver Information

3.1  Receiver Type            : TRIMBLE 4000SSI
     Satellite System         : GPS
     Serial Number            : 18760
     Firmware Version         : 7.19B
     Elevation Cutoff Setting : 5 deg
     Date Installed           : 2002-11-26T13:15Z
     Date Removed             : 2009-06-10T14:00Z
     Temperature Stabiliz.    : (deg C) +/- (deg C)
     Additional Information   : (multiple lines)

3.2  Receiver Type            : TRIMBLE 4000SSI
     Satellite System         : GPS
     Serial Number            : 18643
     Firmware Version         : 7.19B
     Elevation Cutoff Setting : 5 deg
     Date Installed           : 2009-06-30T06:00Z
     Date Removed             : 2011-02-01T12:00Z
     Temperature Stabiliz.    : (deg C) +/- (deg C)
     Additional Information   : (multiple lines)

3.3  Receiver Type            : NOV OEMV3
     Satellite System         : GPS+GLO
     Serial Number            : 00008
     Firmware Version         : 3.803
     Elevation Cutoff Setting : 0 deg
     Date Installed           : 2011-02-01T12:20Z
     Date Removed             : CCYY-MM-DDThh:mmZ
     Temperature Stabiliz.    : (deg C) +/- (deg C)
     Additional Information   : (multiple lines)

3.x  Receiver Type            : (A20, from rcvr_ant.tab; see instructions)
     Satellite System         : (GPS+GLO+GAL+BDS+QZSS+SBAS)
     Serial Number            : (A20, but note the first A5 is used in SINEX)
     Firmware Version         : (A11)
     Elevation Cutoff Setting : (deg)
     Date Installed           : (CCYY-MM-DDThh:mmZ)
     Date Removed             : (CCYY-MM-DDThh:mmZ)
     Temperature Stabiliz.    : (none or tolerance in degrees C)
     Additional Information   : (multiple lines)


4.   GNSS Antenna Information

4.1  Antenna Type             : TRM29659.00     NONE
     Serial Number            : 85219
     Antenna Reference Point  : BPA
     Marker->ARP Up Ecc. (m)  :   0.0000
     Marker->ARP North Ecc(m) :   0.0000
     Marker->ARP East Ecc(m)  :   0.0000
     Alignment from True N    : 180 deg
     Antenna Radome Type      : NONE
     Radome Serial Number     : 
     Antenna Cable Type       : Trimble
     Antenna Cable Length     : 30 m
     Date Installed           : 1999-10-13
     Date Removed             : 2011-02-01T12:00Z
     Additional Information   : There is not a north point on the Choke Rings
                              : antenna (TRM29659.00).

4.2  Antenna Type             : NOV702GG        NONE
     Serial Number            : 90004
     Antenna Reference Point  : BAM
     Marker->ARP Up Ecc. (m)  :   0.0040
     Marker->ARP North Ecc(m) :   0.0000
     Marker->ARP East Ecc(m)  :   0.0000
     Alignment from True N    : 225 deg
     Antenna Radome Type      : NONE
     Radome Serial Number     : 
     Antenna Cable Type       : Belden H-1000
     Antenna Cable Length     : 35 m
     Date Installed           : 2011-02-01T12:20Z
     Date Removed             : CCYY-MM-DDThh:mmZ
     Additional Information   : There is not a north point on the NOV702GG
                              : antenna. The antenna connector is used as the
                              : reference point

4.x  Antenna Type             : (A20, from rcvr_ant.tab; see instructions)
     Serial Number            : (A*, but note the first A5 is used in SINEX)
     Antenna Reference Point  : (BPA/BCR/XXX from "antenna.gra"; see instr.)
     Marker->ARP Up Ecc. (m)  : (F8.4)
     Marker->ARP North Ecc(m) : (F8.4)
     Marker->ARP East Ecc(m)  : (F8.4)
     Alignment from True N    : (deg; + is clockwise/east)
     Antenna Radome Type      : (A4 from rcvr_ant.tab; see instructions)
     Radome Serial Number     : 
     Antenna Cable Type       : (vendor & type number)
     Antenna Cable Length     : (m)
     Date Installed           : (CCYY-MM-DDThh:mmZ)
     Date Removed             : (CCYY-MM-DDThh:mmZ)
     Additional Information   : (multiple lines)


5.   Surveyed Local Ties

5.1  Tied Marker Name         : 1867 Evpatoria
     Tied Marker Usage        : SLR
     Tied Marker CDP Number   : 1867
     Tied Marker DOMES Number : 12344S001
     Differential Components from GNSS Marker to the tied monument (ITRS)
       dx (m)                 : (m)
       dy (m)                 : (m)
       dz (m)                 : (m)
     Accuracy (mm)            : (mm)
     Survey method            : Not performed
     Date Measured            : CCYY-MM-DDThh:mmZ
     Additional Information   : (multiple lines)

5.x  Tied Marker Name         : 
     Tied Marker Usage        : (SLR/VLBI/LOCAL CONTROL/FOOTPRINT/etc)
     Tied Marker CDP Number   : (A4)
     Tied Marker DOMES Number : (A9)
     Differential Components from GNSS Marker to the tied monument (ITRS)
       dx (m)                 : (m)
       dy (m)                 : (m)
       dz (m)                 : (m)
     Accuracy (mm)            : (mm)
     Survey method            : (GPS CAMPAIGN/TRILATERATION/TRIANGULATION/etc)
     Date Measured            : (CCYY-MM-DDThh:mmZ)
     Additional Information   : (multiple lines)


6.   Frequency Standard

6.1  Standard Type            : INTERNAL 
       Input Frequency        : (if external)
       Effective Dates        : 2002-11-26/CCYY-MM-DD
       Notes                  : (multiple lines)

6.x  Standard Type            : (INTERNAL or EXTERNAL H-MASER/CESIUM/etc)
       Input Frequency        : (if external)
       Effective Dates        : (CCYY-MM-DD/CCYY-MM-DD)
       Notes                  : (multiple lines)


7.   Collocation Information

7.1  Instrumentation Type     : SLR
       Status                 : PERMANENT
       Effective Dates        : 1993-06-01/1993-09-01
       Notes                  : Exact date in 1993 not known.

7.2  Instrumentation Type     : VLBI
       Status                 : PERMANENT
       Effective Dates        : 1978-12-01/CCYY-MM-DD
       Notes                  : 70-meters radio telescope is used for deep space
                              : communications, radar studies of planets and
                              : asteroids, transmit messages to extraterrestrial
                              : civilizations, VLBI observations of quasars etc.
                              :  (http://en.wikipedia.org/wiki/Yevpatoria_RT-70_radio_telescope)

7.x  Instrumentation Type     : (GPS/GLONASS/DORIS/PRARE/SLR/VLBI/TIME/etc)
       Status                 : (PERMANENT/MOBILE)
       Effective Dates        : (CCYY-MM-DD/CCYY-MM-DD)
       Notes                  : (multiple lines)


8.   Meteorological Instrumentation

8.1.x  Humidity Sensor Model  : 
       Manufacturer           : 
       Serial Number          : 
       Data Sampling Interval : (sec)
       Accuracy (% rel h)     : (% rel h)
       Aspiration             : (UNASPIRATED/NATURAL/FAN/etc)
       Height Diff to Ant     : (m)
       Calibration date       : (CCYY-MM-DD)
       Effective Dates        : (CCYY-MM-DD/CCYY-MM-DD)
       Notes                  : (multiple lines)

8.2.x  Pressure Sensor Model  : 
       Manufacturer           : 
       Serial Number          : 
       Data Sampling Interval : (sec)
       Accuracy               : (hPa)
       Height Diff to Ant     : (m)
       Calibration date       : (CCYY-MM-DD)
       Effective Dates        : (CCYY-MM-DD/CCYY-MM-DD)
       Notes                  : (multiple lines)

8.3.x  Temp. Sensor Model     : 
       Manufacturer           : 
       Serial Number          : 
       Data Sampling Interval : (sec)
       Accuracy               : (deg C)
       Aspiration             : (UNASPIRATED/NATURAL/FAN/etc)
       Height Diff to Ant     : (m)
       Calibration date       : (CCYY-MM-DD)
       Effective Dates        : (CCYY-MM-DD/CCYY-MM-DD)
       Notes                  : (multiple lines)

8.4.x  Water Vapor Radiometer : 
       Manufacturer           : 
       Serial Number          : 
       Distance to Antenna    : (m)
       Height Diff to Ant     : (m)
       Calibration date       : (CCYY-MM-DD)
       Effective Dates        : (CCYY-MM-DD/CCYY-MM-DD)
       Notes                  : (multiple lines)

8.5.x  Other Instrumentation  : (multiple lines)


9.   Local Ongoing Conditions Possibly Affecting Computed Position

9.1.x  Radio Interferences    : (TV/CELL PHONE ANTENNA/RADAR/etc)
       Observed Degradations  : (SN RATIO/DATA GAPS/etc)
       Effective Dates        : (CCYY-MM-DD/CCYY-MM-DD)
       Additional Information : (multiple lines)

9.2.x  Multipath Sources      : (METAL ROOF/DOME/VLBI ANTENNA/etc)
       Effective Dates        : (CCYY-MM-DD/CCYY-MM-DD)
       Additional Information : (multiple lines)

9.3.x  Signal Obstructions    : (TREES/BUILDINGS/etc)
       Effective Dates        : (CCYY-MM-DD/CCYY-MM-DD)
       Additional Information : (multiple lines)


10.  Local Episodic Effects Possibly Affecting Data Quality

10.x  Date                    : (CCYY-MM-DD/CCYY-MM-DD)
      Event                   : (TREE CLEARING/CONSTRUCTION/etc)


11.  On-Site, Point of Contact Agency Information

     Agency                   : National Centre of Space Devices Control and
                              : Test, National Space Agency of Ukraine
     Preferred Abbreviation   : NCUVKZ
     Mailing Address          : Evpatoria-19, Crimea, 97419, UKRAINE
     Primary Contact
       Contact Name           : Vladimir Savchenko
       Telephone (primary)    : +380 (6569) 2 3579
       Telephone (secondary)  : +380 (44) 235 8973
       Fax                    : +380 (6569) 2 3579
       E-mail                 : sav@seavenue.net, vvs601@yandex.ru
     Secondary Contact
       Contact Name           : Vladimir Lopachenko
       Telephone (primary)    : +380 (6569) 2 3579
       Telephone (secondary)  : +380 (44) 235 8973
       Fax                    : +380 (6569) 2 3579
       E-mail                 : volod@planar.bz
     Additional Information   : (multiple lines)


12.  Responsible Agency (if different from 11.)

     Agency                   : Main Astronomical Observatory
                              : of the National Academy of Sciences
                              : of Ukraine
     Preferred Abbreviation   : MAO
     Mailing Address          : 27, Ac. Zabolotny Str.
                              : 03680, Kiev
                              : UKRAINE
     Primary Contact
       Contact Name           : Oleg Khoda
       Telephone (primary)    : 380 (44) 526 4759
       Telephone (secondary)  : 
       Fax                    : 380 (44) 526 2147
       E-mail                 : oleg@mao.kiev.ua
     Secondary Contact
       Contact Name           : 
       Telephone (primary)    : 
       Telephone (secondary)  : 
       Fax                    : 
       E-mail                 : 
     Additional Information   : (multiple lines)


13.  More Information

     Primary Data Center      : BKGE
     Secondary Data Center    : OLG
     URL for More Information : 
     Hardcopy on File
       Site Map               : (Y or URL)
       Site Diagram           : (Y or URL)
       Horizon Mask           : (Y or URL)
       Monument Description   : (Y or URL)
       Site Pictures          : (Y or URL)
     Additional Information   : (multiple lines)
     Antenna Graphics with Dimensions

NOV702GG

                          / \
                  /                 \
          /                                 \
   /                                               \
   -------------------------------------------------
   -------------------------------------------------
   \                                               /
          \                                 /
                  \                 /
                       |       |
