     FOYL Site Information Form (site log)
     International GNSS Service
     See Instructions at:
       ftp://igscb.jpl.nasa.gov/pub/station/general/sitelog_instr.txt


0.   Form

     Prepared by (full name)  : Peter Downie
     Date Prepared            : 2014-12-03
     Report Type              : UPDATE
     If Update:
      Previous Site Log       : foyl_20140516.log
      Modified/Added Sections : 3.11, 3.12


1.   Site Identification of the GNSS Monument

     Site Name                : FOYLE
     Four Character ID        : FOYL
     Monument Inscription     : 
     IERS DOMES Number        : 13241M001
     CDP Number               : (A4)
     Monument Description     : MAST
       Height of the Monument : (m)
       Monument Foundation    : GABLE WALL OF BUILDING
       Foundation Depth       : (m)
     Marker Description       : TOP PLATE OF MONUMENT
     Date Installed           : 2006-03-24
     Geologic Characteristic  : (BEDROCK/CLAY/CONGLOMERATE/GRAVEL/SAND/etc)
       Bedrock Type           : (IGNEOUS/METAMORPHIC/SEDIMENTARY)
       Bedrock Condition      : (FRESH/JOINTED/WEATHERED)
       Fracture Spacing       : (0 cm/1-10 cm/11-50 cm/51-200 cm/over 200 cm)
       Fault zones nearby     : (YES/NO/Name of the zone)
         Distance/activity    : (multiple lines)
     Additional Information   : The monument consists of 3? dia steel pipe


2.   Site Location Information

     City or Town             : Londonderry
     State or Province        : Northern Ireland
     Country                  : United Kingdom
     Tectonic Plate           : EURASIAN
     Approximate Position (ITRF)
       X coordinate (m)       : 3638083.5
       Y coordinate (m)       : -468414.9
       Z coordinate (m)       : 5200402.3
       Latitude (N is +)      : +545901.51
       Longitude (E is +)     : -0072011.95
       Elevation (m,ellips.)  :    68.9
     Additional Information   : (multiple lines)


3.   GNSS Receiver Information

3.1  Receiver Type            : LEICA SR530
     Satellite System         : GPS
     Serial Number            : 0032552
     Firmware Version         : 5.00
     Elevation Cutoff Setting : 10 deg
     Date Installed           : 2006-09-01T00:00Z
     Date Removed             : 2006-12-12T11:59Z
     Temperature Stabiliz.    : (deg C) +/- (deg C)
     Additional Information   : (multiple lines)

3.2  Receiver Type            : LEICA SR530
     Satellite System         : GPS
     Serial Number            : 32552
     Firmware Version         : 5.00/1.32
     Elevation Cutoff Setting : 5 deg
     Date Installed           : 2006-12-12T12:00Z
     Date Removed             : 2008-04-24T10:30Z
     Temperature Stabiliz.    : (deg C) +/- (deg C)
     Additional Information   : (multiple lines)

3.3  Receiver Type            : LEICA GRX1200GGPRO
     Satellite System         : GPS+GLO
     Serial Number            : 355837
     Firmware Version         : 5.62/3.014
     Elevation Cutoff Setting : 10 deg
     Date Installed           : 2008-04-24T10:30Z
     Date Removed             : 2008-10-02T10:30Z
     Temperature Stabiliz.    : (deg C) +/- (deg C)
     Additional Information   : (multiple lines)

3.4  Receiver Type            : LEICA GRX1200GGPRO
     Satellite System         : GPS+GLO
     Serial Number            : 355837
     Firmware Version         : 6.00/3.015
     Elevation Cutoff Setting : 5 deg
     Date Installed           : 2008-10-02T10:30Z
     Date Removed             : 2009-07-02T08:30Z
     Temperature Stabiliz.    : (deg C) +/- (deg C)
     Additional Information   : (multiple lines)

3.5  Receiver Type            : LEICA GRX1200GGPRO
     Satellite System         : GPS+GLO
     Serial Number            : 355837
     Firmware Version         : 7.02/3.016
     Elevation Cutoff Setting : 5 deg
     Date Installed           : 2009-07-02T08:30Z
     Date Removed             : 2009-07-07T09:00Z
     Temperature Stabiliz.    : (deg C) +/- (deg C)
     Additional Information   : (multiple lines)

3.6  Receiver Type            : LEICA GRX1200GGPRO
     Satellite System         : GPS+GLO
     Serial Number            : 355837
     Firmware Version         : 7.53/3.017
     Elevation Cutoff Setting : 5 deg
     Date Installed           : 2009-07-07T09:00Z
     Date Removed             : 2009-08-11T16:20Z
     Temperature Stabiliz.    : (deg C) +/- (deg C)
     Additional Information   : (multiple lines)

3.7  Receiver Type            : LEICA GRX1200GGPRO
     Satellite System         : GPS+GLO
     Serial Number            : 355837
     Firmware Version         : 7.53/3.017
     Elevation Cutoff Setting : 0 deg
     Date Installed           : 2009-08-11T16:20Z
     Date Removed             : 2010-05-05T12:00Z
     Temperature Stabiliz.    : (deg C) +/- (deg C)
     Additional Information   : (multiple lines)

3.8  Receiver Type            : LEICA GRX1200GGPRO
     Satellite System         : GPS+GLO
     Serial Number            : 355837
     Firmware Version         : 7.53/3.019
     Elevation Cutoff Setting : 0 deg
     Date Installed           : 2010-05-05T12:00Z
     Date Removed             : 2010-07-15T15:30Z
     Temperature Stabiliz.    : (deg C) +/- (deg C)
     Additional Information   : (multiple lines)

3.9  Receiver Type            : LEICA GRX1200GGPRO
     Satellite System         : GPS+GLO
     Serial Number            : 355837
     Firmware Version         : 8.00/3.019
     Elevation Cutoff Setting : 0 deg
     Date Installed           : 2010-07-15T15:30Z
     Date Removed             : 2011-01-12T11:25Z
     Temperature Stabiliz.    : (deg C) +/- (deg C)
     Additional Information   : (multiple lines)

3.10 Receiver Type            : LEICA GRX1200GGPRO
     Satellite System         : GPS+GLO
     Serial Number            : 355837
     Firmware Version         : 8.10/3.019
     Elevation Cutoff Setting : 0 deg
     Date Installed           : 2011-01-12T11:25Z
     Date Removed             : 2014-05-16T06:53Z
     Temperature Stabiliz.    : (deg C) +/- (deg C)
     Additional Information   : (multiple lines)

3.11 Receiver Type            : LEICA GRX1200GGPRO
     Satellite System         : GPS+GLO
     Serial Number            : 355837
     Firmware Version         : 8.71/3.822
     Elevation Cutoff Setting : 0 deg
     Date Installed           : 2014-05-16T06:53Z
     Date Removed             : 2014-12-03T17:05Z
     Temperature Stabiliz.    : (deg C) +/- (deg C)
     Additional Information   : (multiple lines)

3.12 Receiver Type            : LEICA GRX1200GGPRO
     Satellite System         : GPS+GLO
     Serial Number            : 355837
     Firmware Version         : 9.20/3.823
     Elevation Cutoff Setting : 0 deg
     Date Installed           : 2014-12-03T17:05Z
     Date Removed             : CCYY-MM-DDThh:mmZ
     Temperature Stabiliz.    : (deg C) +/- (deg C)
     Additional Information   : (multiple lines)

3.x  Receiver Type            : (A20, from rcvr_ant.tab; see instructions)
     Satellite System         : (GPS+GLO+GAL+BDS+QZSS+SBAS)
     Serial Number            : (A20, but note the first A5 is used in SINEX)
     Firmware Version         : (A11)
     Elevation Cutoff Setting : (deg)
     Date Installed           : (CCYY-MM-DDThh:mmZ)
     Date Removed             : (CCYY-MM-DDThh:mmZ)
     Temperature Stabiliz.    : (none or tolerance in degrees C)
     Additional Information   : (multiple lines)


4.   GNSS Antenna Information

4.1  Antenna Type             : LEIAT504        LEIS
     Serial Number            : 103160
     Antenna Reference Point  : BPA
     Marker->ARP Up Ecc. (m)  :   0.0000
     Marker->ARP North Ecc(m) :   0.0000
     Marker->ARP East Ecc(m)  :   0.0000
     Alignment from True N    : 0 deg
     Antenna Radome Type      : LEIS
     Radome Serial Number     : -
     Antenna Cable Type       : LEICA
     Antenna Cable Length     : 15 m
     Date Installed           : 2006-09-01T12:00Z
     Date Removed             : 2008-04-24T08:30Z
     Additional Information   : (multiple lines)

4.2  Antenna Type             : LEIAT504GG      LEIS
     Serial Number            : 200726
     Antenna Reference Point  : BPA
     Marker->ARP Up Ecc. (m)  :   0.0000
     Marker->ARP North Ecc(m) :   0.0000
     Marker->ARP East Ecc(m)  :   0.0000
     Alignment from True N    : 0 deg
     Antenna Radome Type      : LEIS
     Radome Serial Number     : -
     Antenna Cable Type       : LEICA
     Antenna Cable Length     : 15 m
     Date Installed           : 2008-04-24T09:30Z
     Date Removed             : CCYY-MM-DDThh:mmZ
     Additional Information   : (multiple lines)

4.x  Antenna Type             : (A20, from rcvr_ant.tab; see instructions)
     Serial Number            : (A*, but note the first A5 is used in SINEX)
     Antenna Reference Point  : (BPA/BCR/XXX from "antenna.gra"; see instr.)
     Marker->ARP Up Ecc. (m)  : (F8.4)
     Marker->ARP North Ecc(m) : (F8.4)
     Marker->ARP East Ecc(m)  : (F8.4)
     Alignment from True N    : (deg; + is clockwise/east)
     Antenna Radome Type      : (A4 from rcvr_ant.tab; see instructions)
     Radome Serial Number     : 
     Antenna Cable Type       : (vendor & type number)
     Antenna Cable Length     : (m)
     Date Installed           : (CCYY-MM-DDThh:mmZ)
     Date Removed             : (CCYY-MM-DDThh:mmZ)
     Additional Information   : (multiple lines)


5.   Surveyed Local Ties

5.x  Tied Marker Name         : 
     Tied Marker Usage        : (SLR/VLBI/LOCAL CONTROL/FOOTPRINT/etc)
     Tied Marker CDP Number   : (A4)
     Tied Marker DOMES Number : (A9)
     Differential Components from GNSS Marker to the tied monument (ITRS)
       dx (m)                 : (m)
       dy (m)                 : (m)
       dz (m)                 : (m)
     Accuracy (mm)            : (mm)
     Survey method            : (GPS CAMPAIGN/TRILATERATION/TRIANGULATION/etc)
     Date Measured            : (CCYY-MM-DDThh:mmZ)
     Additional Information   : (multiple lines)


6.   Frequency Standard

6.1  Standard Type            : INTERNAL 
       Input Frequency        : (if external)
       Effective Dates        : 2008-04-24/CCYY-MM-DD
       Notes                  : (multiple lines)

6.x  Standard Type            : (INTERNAL or EXTERNAL H-MASER/CESIUM/etc)
       Input Frequency        : (if external)
       Effective Dates        : (CCYY-MM-DD/CCYY-MM-DD)
       Notes                  : (multiple lines)


7.   Collocation Information

7.x  Instrumentation Type     : (GPS/GLONASS/DORIS/PRARE/SLR/VLBI/TIME/etc)
       Status                 : (PERMANENT/MOBILE)
       Effective Dates        : (CCYY-MM-DD/CCYY-MM-DD)
       Notes                  : (multiple lines)


8.   Meteorological Instrumentation

8.1.x  Humidity Sensor Model  : 
       Manufacturer           : 
       Serial Number          : 
       Data Sampling Interval : (sec)
       Accuracy (% rel h)     : (% rel h)
       Aspiration             : (UNASPIRATED/NATURAL/FAN/etc)
       Height Diff to Ant     : (m)
       Calibration date       : (CCYY-MM-DD)
       Effective Dates        : (CCYY-MM-DD/CCYY-MM-DD)
       Notes                  : (multiple lines)

8.2.x  Pressure Sensor Model  : 
       Manufacturer           : 
       Serial Number          : 
       Data Sampling Interval : (sec)
       Accuracy               : (hPa)
       Height Diff to Ant     : (m)
       Calibration date       : (CCYY-MM-DD)
       Effective Dates        : (CCYY-MM-DD/CCYY-MM-DD)
       Notes                  : (multiple lines)

8.3.x  Temp. Sensor Model     : 
       Manufacturer           : 
       Serial Number          : 
       Data Sampling Interval : (sec)
       Accuracy               : (deg C)
       Aspiration             : (UNASPIRATED/NATURAL/FAN/etc)
       Height Diff to Ant     : (m)
       Calibration date       : (CCYY-MM-DD)
       Effective Dates        : (CCYY-MM-DD/CCYY-MM-DD)
       Notes                  : (multiple lines)

8.4.x  Water Vapor Radiometer : 
       Manufacturer           : 
       Serial Number          : 
       Distance to Antenna    : (m)
       Height Diff to Ant     : (m)
       Calibration date       : (CCYY-MM-DD)
       Effective Dates        : (CCYY-MM-DD/CCYY-MM-DD)
       Notes                  : (multiple lines)

8.5.x  Other Instrumentation  : (multiple lines)


9.   Local Ongoing Conditions Possibly Affecting Computed Position

9.1.x  Radio Interferences    : (TV/CELL PHONE ANTENNA/RADAR/etc)
       Observed Degradations  : (SN RATIO/DATA GAPS/etc)
       Effective Dates        : (CCYY-MM-DD/CCYY-MM-DD)
       Additional Information : (multiple lines)

9.2.x  Multipath Sources      : (METAL ROOF/DOME/VLBI ANTENNA/etc)
       Effective Dates        : (CCYY-MM-DD/CCYY-MM-DD)
       Additional Information : (multiple lines)

9.3.x  Signal Obstructions    : (TREES/BUILDINGS/etc)
       Effective Dates        : (CCYY-MM-DD/CCYY-MM-DD)
       Additional Information : (multiple lines)


10.  Local Episodic Effects Possibly Affecting Data Quality

10.x  Date                    : (CCYY-MM-DD/CCYY-MM-DD)
      Event                   : (TREE CLEARING/CONSTRUCTION/etc)


11.  On-Site, Point of Contact Agency Information

     Agency                   : Ordnance Survey Northern Ireland
     Preferred Abbreviation   : OSNI
     Mailing Address          : Colby House
                              : Stranmillis Court
                              : Malone Lower
                              : Belfast BT9 5BJ
                              : UK
     Primary Contact
       Contact Name           : Peter Downie
       Telephone (primary)    : +44 (0)2890 255 724
       Telephone (secondary)  : +44 (0)7747 782 985
       Fax                    : +44 (0)2890 255 700
       E-mail                 : peter.downie@dfpni.gov.uk
     Secondary Contact
       Contact Name           : Jonathan Smyth
       Telephone (primary)    : +44 (0)2890 388 475
       Telephone (secondary)  : 
       Fax                    : +44 (0)2890 255 700
       E-mail                 : jonathan.smyth@dfpni.gov.uk
     Additional Information   : (multiple lines)


12.  Responsible Agency (if different from 11.)

     Agency                   : (multiple lines)
     Preferred Abbreviation   : (A10)
     Mailing Address          : (multiple lines)
     Primary Contact
       Contact Name           : 
       Telephone (primary)    : 
       Telephone (secondary)  : 
       Fax                    : 
       E-mail                 : 
     Secondary Contact
       Contact Name           : 
       Telephone (primary)    : 
       Telephone (secondary)  : 
       Fax                    : 
       E-mail                 : 
     Additional Information   : (multiple lines)


13.  More Information

     Primary Data Center      : BKGE
     Secondary Data Center    : OLG
     URL for More Information : http://www.bigf.ac.uk
     Hardcopy on File
       Site Map               : Y
       Site Diagram           : Y
       Horizon Mask           : Y
       Monument Description   : Y
       Site Pictures          : Y
     Additional Information   : (multiple lines)
     Antenna Graphics with Dimensions

LEIAT504

                         +-------+                          <-- 0.1393
                       /     +     \                        <-- 0.1282 L2
                      |      +      |                       <-- 0.1093 L1
    +-----------------+-------------+------------------+    <-- 0.1020 TCR
    |                                                  |
    |                                                  |
    |                                                  |
    |                                                  |
  +-+--------------------------------------------------+-+  <-- 0.0380
  +-------------------+-------------+--------------------+  <-- 0.0345 BCR
                      |             |
                      |             |
                      +------x------+                       <-- 0.0 BPA=ARP

  <--                      0.3794                      -->

ARP: Antenna Reference Point           BPA: Bottom of Pre-Amplifier
L1 : L1 Phase Center                   L2 : L2 Phase Center
TCR: Top of Chokering                  BCR: Bottom of Chokering


LEIAT504GG

                         +-------+                          <-- 0.1393
                       /     +     \
                      |      +      |
    +-----------------+-------------+------------------+    <-- 0.1012 TCR
    |                                                  |
    |                                                  |
    |                                                  |
    |                                                  |
  +-+--------------------------------------------------+-+
  +-------------------+-------------+--------------------+  <-- 0.0345 BCR
                      |             |
                      |             |
                      +------x------+                       <-- 0.0 BPA=ARP

  <--                      0.3794                      -->

ARP: Antenna Reference Point           BPA: Bottom of Pre-Amplifier
