     GABR Site Information Form
     EGPSSO Continuously Operating Reference Station
     See Instructions at:
       ftp://igscb.jpl.nasa.gov/pub/station/general/sitelog_instr.txt


0.   Form

     Prepared by (full name)  : Francine Coloma
     Date Prepared            : 2015-07-23
     Report Type              : UPDATE
     If Update:
      Previous Site Log       : gabr_20150324.log
      Modified/Added Sections : 3.2 3.3 4.2 4.3


1.   Site Identification of the GNSS Monument
     Site Name                : BLUE RIDGE
     Four Character ID        : GABR
     Monument Inscription     :
     IERS DOMES Number        :
     CDP Number               :
     Monument Description     : STEEL MAST
       Height of the Monument : 9 m
       Monument Foundation    : MASONARY BUILDING
       Foundation Depth       :
     Marker Description       : ANTENNA MOUNT
     Date Installed           : 2005-05-27T00:00Z
     Geologic Characteristic  :
       Bedrock Type           :
       Bedrock Condition      :
       Fracture Spacing       :
       Fault zones nearby     :
         Distance/activity    :
     Additional Information   : BRACKETED AND BOLTED TO A MASONARY BUILDING
                              : WITH A CONCRETE FOUNDATION.


2.   Site Location Information

     City or Town             : Blue Ridge
     State or Province        : Georgia
     Country                  : United States
     Tectonic Plate           : North American
     Approximate Position (ITRF)
       X coordinate (m)       : 517914.293
       Y coordinate (m)       : -5213801.457
       Z coordinate (m)       : 3625831.247
       Latitude (N is +)      : +345151.95
       Longitude (E is +)     : -0841937.63
       Elevation (m,ellips.)  : 515.5
     Additional Information   : ARP IGS08 POSITION (EPOCH 2005.00)
                              : Computed in Aug 2011 using data through gpswk
                              :  1631.


3.   GNSS Receiver Information

3.1  Receiver Type            : TRIMBLE NETRS
     Satellite System         : GPS
     Serial Number            : 4416233477
     Firmware Version         : 1.1-1
     Elevation Cutoff Setting : 0
     Date Installed           : 2004-12-16
     Date Removed             : 2009-02-16
     Temperature Stabiliz.    : 20
     Additional Information   : IN CLIMATE CONTROLED MECH/ELEC ROOM
                              : Serial number corrected on 08-28-2008.
                              : Receiver is original not a replacement.
                              : Serial number entered on 12-16-04 was
                              : a typo error.(TH)

3.2  Receiver Type            : TRIMBLE NETRS
     Satellite System         : GPS
     Serial Number            : 4416233477
     Firmware Version         : NAV1.15/Boot1
     Elevation Cutoff Setting : 0
     Date Installed           : 2009-02-16
     Date Removed             : 2015-03-18T13:55Z 
     Temperature Stabiliz.    : 20
     Additional Information   : 24-APR-2013 updated firmware to current
                              : settings. 23-JUL-2015 note that for 
                              : period 18-MAR-2015 to 30-JUN-2015 this site
                              : had equipment not vetted by NGS/IGS. No 
                              : data from GABR ingested during that period.

3.3  Receiver Type            : TRIMBLE NETR5
     Satellite System         : GPS+GLO
     Serial Number            : 4626K01859
     Firmware Version         : 4.42
     Elevation Cutoff Setting : 5 deg
     Date Installed           : 2015-06-30T13:30Z
     Date Removed             : (CCYY-MM-DDThh:mmZ)
     Temperature Stabiliz.    : (none or tolerance in degrees C)
     Additional Information   : IN CLIMATE CONTROLLED MECH/ELEC ROOM

3.x  Receiver Type            : (A20, from rcvr_ant.tab; see instructions)
     Satellite System         : (GPS+GLO+GAL+BDS+QZSS+SBAS)
     Serial Number            : (A20, but note the first A5 is used in SINEX)
     Firmware Version         : (A11)
     Elevation Cutoff Setting : (deg)
     Date Installed           : (CCYY-MM-DDThh:mmZ)
     Date Removed             : (CCYY-MM-DDThh:mmZ)
     Temperature Stabiliz.    : (none or tolerance in degrees C)
     Additional Information   : (multiple lines)


4.   GNSS Antenna Information

4.1  Antenna Type             : TRM41249.00     NONE
     Serial Number            : 12482210
     Antenna Reference Point  : BAM
     Marker->ARP Up Ecc. (m)  : 0.0000
     Marker->ARP North Ecc(m) : 0.0000
     Marker->ARP East Ecc(m)  : 0.0000
     Alignment from True N    : (deg; + is clockwise/east)
     Antenna Radome Type      : NONE
     Radome Serial Number     :
     Antenna Cable Type       : TRIMBLE TIMA40G-100
     Antenna Cable Length     : 30.5
     Date Installed           : 2004-12-16
     Date Removed             : 2009-02-16
     Additional Information   : Antenna replaced

4.2  Antenna Type             : TRM41249.00     NONE
     Serial Number            : 60177675
     Antenna Reference Point  : BAM
     Marker->ARP Up Ecc. (m)  : 0.0000
     Marker->ARP North Ecc(m) : 0.0000
     Marker->ARP East Ecc(m)  : 0.0000
     Alignment from True N    : (deg; + is clockwise/east)
     Antenna Radome Type      : NONE
     Radome Serial Number     :
     Antenna Cable Type       : TRIMBLE TIMA40G-100
     Antenna Cable Length     : 30.5
     Date Installed           : 2009-02-16
     Date Removed             : 2015-06-30T13:30Z 
     Additional Information   : (multiple lines)

4.3  Antenna Type             : TRM57971.00     NONE
     Serial Number            : 60167789
     Antenna Reference Point  : BAM
     Marker->ARP Up Ecc. (m)  : 0.0000
     Marker->ARP North Ecc(m) : 0.0000
     Marker->ARP East Ecc(m)  : 0.0000
     Alignment from True N    : 0 deg
     Antenna Radome Type      : NONE
     Radome Serial Number     :
     Antenna Cable Type       : LMR400
     Antenna Cable Length     : 30.5
     Date Installed           : 2015-06-30T13:30Z
     Date Removed             : (CCYY-MM-DDThh:mmZ) 
     Additional Information   : (multiple lines)

4.x  Antenna Type             : (A20, from rcvr_ant.tab; see instructions)
     Serial Number            : (A*, but note the first A5 is used in SINEX)
     Antenna Reference Point  : (BPA/BCR/XXX from "antenna.gra"; see instr.)
     Marker->ARP Up Ecc. (m)  : (F8.4)
     Marker->ARP North Ecc(m) : (F8.4)
     Marker->ARP East Ecc(m)  : (F8.4)
     Alignment from True N    : (deg; + is clockwise/east)
     Antenna Radome Type      : (A4 from rcvr_ant.tab; see instructions)
     Radome Serial Number     :
     Antenna Cable Type       : (vendor & type number)
     Antenna Cable Length     : (m)
     Date Installed           : (CCYY-MM-DDThh:mmZ)
     Date Removed             : (CCYY-MM-DDThh:mmZ)
     Additional Information   : (multiple lines)


5.   Surveyed Local Ties

5.x  Tied Marker Name         :
     Tied Marker Usage        : (SLR/VLBI/LOCAL CONTROL/FOOTPRINT/etc)
     Tied Marker CDP Number   : (A4)
     Tied Marker DOMES Number : (A9)
     Differential Components from GNSS Marker to the tied monument (ITRS)
       dx (m)                 : (m)
       dy (m)                 : (m)
       dz (m)                 : (m)
     Accuracy (mm)            : (mm)
     Survey method            : (GPS CAMPAIGN/TRILATERATION/TRIANGULATION/etc)
     Date Measured            : (CCYY-MM-DDThh:mmZ)
     Additional Information   : (multiple lines)


6.   Frequency Standard

6.1  Standard Type            : INTERNAL
       Input Frequency        : (if external)
       Effective Dates        : 2004-12-16/CCYY-MM-DD
       Notes                  : (multiple lines)

6.x  Standard Type            : (INTERNAL or EXTERNAL H-MASER/CESIUM/etc)
       Input Frequency        : (if external)
       Effective Dates        : (CCYY-MM-DD/CCYY-MM-DD)
       Notes                  : (multiple lines)


7.   Collocation Information

7.1  Instrumentation Type     : (GPS/GLONASS/DORIS/PRARE/SLR/VLBI/TIME/etc)
       Status                 : (PERMANENT/MOBILE)
       Effective Dates        : (CCYY-MM-DD/CCYY-MM-DD)
       Notes                  : (multiple lines)

7.x  Instrumentation Type     : (GPS/GLONASS/DORIS/PRARE/SLR/VLBI/TIME/etc)
       Status                 : (PERMANENT/MOBILE)
       Effective Dates        : (CCYY-MM-DD/CCYY-MM-DD)
       Notes                  : (multiple lines)


8.   Meteorological Instrumentation

8.1.1 Humidity Sensor Model   :
       Manufacturer           :
       Serial Number          :
       Data Sampling Interval : (sec)
       Accuracy (% rel h)     : (% rel h)
       Aspiration             : (UNASPIRATED/NATURAL/FAN/etc)
       Height Diff to Ant     : (m)
       Calibration date       : (CCYY-MM-DD)
       Effective Dates        : (CCYY-MM-DD/CCYY-MM-DD)
       Notes                  : (multiple lines)

8.1.x Humidity Sensor Model   :
       Manufacturer           :
       Serial Number          :
       Data Sampling Interval : (sec)
       Accuracy (% rel h)     : (% rel h)
       Aspiration             : (UNASPIRATED/NATURAL/FAN/etc)
       Height Diff to Ant     : (m)
       Calibration date       : (CCYY-MM-DD)
       Effective Dates        : (CCYY-MM-DD/CCYY-MM-DD)
       Notes                  : (multiple lines)

8.2.1 Pressure Sensor Model   :
       Manufacturer           :
       Serial Number          :
       Data Sampling Interval : (sec)
       Accuracy               : (hPa)
       Height Diff to Ant     : (m)
       Calibration date       : (CCYY-MM-DD)
       Effective Dates        : (CCYY-MM-DD/CCYY-MM-DD)
       Notes                  : (multiple lines)

8.2.x Pressure Sensor Model   :
       Manufacturer           :
       Serial Number          :
       Data Sampling Interval : (sec)
       Accuracy               : (hPa)
       Height Diff to Ant     : (m)
       Calibration date       : (CCYY-MM-DD)
       Effective Dates        : (CCYY-MM-DD/CCYY-MM-DD)
       Notes                  : (multiple lines)

8.3.1 Temp. Sensor Model      :
       Manufacturer           :
       Serial Number          :
       Data Sampling Interval : (sec)
       Accuracy               : (deg C)
       Aspiration             : (UNASPIRATED/NATURAL/FAN/etc)
       Height Diff to Ant     : (m)
       Calibration date       : (CCYY-MM-DD)
       Effective Dates        : (CCYY-MM-DD/CCYY-MM-DD)
       Notes                  : (multiple lines)

8.3.x Temp. Sensor Model      :
       Manufacturer           :
       Serial Number          :
       Data Sampling Interval : (sec)
       Accuracy               : (deg C)
       Aspiration             : (UNASPIRATED/NATURAL/FAN/etc)
       Height Diff to Ant     : (m)
       Calibration date       : (CCYY-MM-DD)
       Effective Dates        : (CCYY-MM-DD/CCYY-MM-DD)
       Notes                  : (multiple lines)

8.4.1 Water Vapor Radiometer  :
       Manufacturer           :
       Serial Number          :
       Distance to Antenna    : (m)
       Height Diff to Ant     : (m)
       Calibration date       : (CCYY-MM-DD)
       Effective Dates        : (CCYY-MM-DD/CCYY-MM-DD)
       Notes                  : (multiple lines)

8.4.x Water Vapor Radiometer  :
       Manufacturer           :
       Serial Number          :
       Distance to Antenna    : (m)
       Height Diff to Ant     : (m)
       Calibration date       : (CCYY-MM-DD)
       Effective Dates        : (CCYY-MM-DD/CCYY-MM-DD)
       Notes                  : (multiple lines)

8.5.1 Other Instrumentation   : (multiple lines)

8.5.x Other Instrumentation   : (multiple lines)


9.   Local Ongoing Conditions Possibly Affecting Computed Position

9.1.1 Radio Interference      : (TV/CELL PHONE ANTENNA/RADAR/etc)
       Observed Degradations  : (SN RATIO/DATA GAPS/etc)
       Effective Dates        : (CCYY-MM-DD/CCYY-MM-DD)
       Additional Information : (multiple lines)

9.1.x Radio Interference      : (TV/CELL PHONE ANTENNA/RADAR/etc)
       Observed Degradations  : (SN RATIO/DATA GAPS/etc)
       Effective Dates        : (CCYY-MM-DD/CCYY-MM-DD)
       Additional Information : (multiple lines)

9.2.1 Multipath Sources       : (METAL ROOF/DOME/VLBI ANTENNA/etc)
       Effective Dates        : (CCYY-MM-DD/CCYY-MM-DD)
       Additional Information : (multiple lines)

9.2.x Multipath Sources       : (METAL ROOF/DOME/VLBI ANTENNA/etc)
       Effective Dates        : (CCYY-MM-DD/CCYY-MM-DD)
       Additional Information : (multiple lines)

9.3.1 Signal Obstructions     : (TREES/BUILDLINGS/etc)
       Effective Dates        : (CCYY-MM-DD/CCYY-MM-DD)
       Additional Information : (multiple lines)

9.3.x Signal Obstructions     : (TREES/BUILDLINGS/etc)
       Effective Dates        : (CCYY-MM-DD/CCYY-MM-DD)
       Additional Information : (multiple lines)


10.  Local Episodic Effects Possibly Affecting Data Quality

10.1 Date                     : (CCYY-MM-DD/CCYY-MM-DD)
     Event                    : (TREE CLEARING/CONSTRUCTION/etc)

10.x Date                     : (CCYY-MM-DD/CCYY-MM-DD)
     Event                    : (TREE CLEARING/CONSTRUCTION/etc)


11.  On-Site, Point of Contact Agency Information

     Agency                   : EGPS SOLUTIONS
     Preferred Abbreviation   : EGPS
     Mailing Address          : 4317 PARK DR., NORCROSS, GA 30093
     Primary Contact
       Contact Name           : LONNIE SEARS
       Telephone (primary)    : 6788786610
       Telephone (secondary)  : 7706953361
       Fax                    : 7706950803
       E-mail                 : lsears@egps.net
     Secondary Contact
       Contact Name           : WES KANAZAWA
       Telephone (primary)    : 7704167511
       Telephone (secondary)  :
       Fax                    : 7704166759
       E-mail                 : WKANAZAWA@TRAVISPRUITT.COM
     Additional Information   : (multiple lines)


12.  Responsible Agency (if different from 11.)

     Agency                   :
     Preferred Abbreviation   :
     Mailing Address          :
     Primary Contact
       Contact Name           :
       Telephone (primary)    :
       Telephone (secondary)  :
       Fax                    :
       E-mail                 :
     Secondary Contact
       Contact Name           :
       Telephone (primary)    :
       Telephone (secondary)  :
       Fax                    :
       E-mail                 :
     Additional Information   :


13.  More Information

     Primary Data Center      : ftp://geodesy.noaa.gov/cors
     Secondary Data Center    : ftp://alt.ngs.noaa.gov/cors
     URL for More Information : http://geodesy.noaa.gov/CORS
     Hardcopy on File
       Site Map               : y
       Site Diagram           : y
       Horizon Mask           : y
       Monument Description   : y
       Site Pictures          : (Y or URL)
     Additional Information   : (multiple lines)
     Antenna Graphics with Dimensions

     ftp://igscb.jpl.nasa.gov/pub/station/general/antenna.gra
