
     GANP Site Information Form (site log)
     International GNSS Service
     See Instructions at:
       ftp://igscb.jpl.nasa.gov/pub/station/general/sitelog_instr.txt

0.   Form

     Prepared by (full name)  : Miroslav Rohacek & Pavol Ceizel
     Date Prepared            : 2015-11-18
     Report Type              : UPDATE
     If Update:
      Previous Site Log       : ganp_20150211.log
      Modified/Added Sections : 0, 3.17, 3.18


1.   Site Identification of the GNSS Monument

     Site Name                : Ganovce
     Four Character ID        : GANP
     Monument Inscription     : 
     IERS DOMES Number        : 11515M001
     CDP Number               : 
     Monument Description     : FERROCONCRETE PILLAR
       Height of the Monument : 2.3 m
       Monument Foundation    : STEEL ROD WITH CONCRETE BLOCK
       Foundation Depth       : 8.5 m
     Marker Description       : FORCED CENTERING
     Date Installed           : 2002-06-01T00:00Z
     Geologic Characteristic  : BEDROCK
       Bedrock Type           : SEDIMENTARY
       Bedrock Condition      : WEATHERED
       Fracture Spacing       : 1-10 cm
       Fault zones nearby     : NO
         Distance/activity    : 
     Additional Information   : 


2.   Site Location Information

     City or Town             : Ganovce
     State or Province        : district Poprad
     Country                  : Slovakia
     Tectonic Plate           : EURASIAN
     Approximate Position (ITRF)
       X coordinate (m)       : 3929181.9
       Y coordinate (m)       : 1455236.5
       Z coordinate (m)       : 4793653.8
       Latitude (N is +)      : +490204.96
       Longitude (E is +)     : +0201922.55
       Elevation (m,ellips.)  : 745.2
     Additional Information   : 4 km E from Poprad


3.   GNSS Receiver Information

3.1  Receiver Type            : TRIMBLE 4700
     Satellite System         : GPS
     Serial Number            : 36693
     Firmware Version         : 1.30/0.00
     Elevation Cutoff Setting : 5 deg
     Date Installed           : 2002-09-04T00:00Z
     Date Removed             : 2005-02-11T00:00Z
     Temperature Stabiliz.    : none
     Additional Information   : full serial number is 0220236693

3.2  Receiver Type            : TRIMBLE 4700
     Satellite System         : GPS
     Serial Number            : 36693
     Firmware Version         : 1.30/0.00
     Elevation Cutoff Setting : 0 deg
     Date Installed           : 2005-02-11T00:00Z
     Date Removed             : 2006-08-24T11:29Z
     Temperature Stabiliz.    : 25.0 +/-
     Additional Information   : full serial number is 0220236693

3.3  Receiver Type            : TRIMBLE NETR5
     Satellite System         : GPS+GLO
     Serial Number            : 01219
     Firmware Version         : 3.10/3
     Elevation Cutoff Setting : 0 deg
     Date Installed           : 2006-08-24T16:09Z
     Date Removed             : 2006-09-25T05:50Z
     Temperature Stabiliz.    : 25.0 +/-
     Additional Information   : full serial number is 4619K01219

3.4  Receiver Type            : TRIMBLE NETR5
     Satellite System         : GPS+GLO
     Serial Number            : 01219
     Firmware Version         : 3.20/3
     Elevation Cutoff Setting : 0 deg
     Date Installed           : 2006-09-25T06:15Z
     Date Removed             : 2007-03-21T06:23Z
     Temperature Stabiliz.    : 25.0 +/-
     Additional Information   : full serial number is 4619K01219

3.5  Receiver Type            : TRIMBLE NETR5
     Satellite System         : GPS+GLO
     Serial Number            : 01219
     Firmware Version         : 3.30/3
     Elevation Cutoff Setting : 0 deg
     Date Installed           : 2007-03-21T06:42Z
     Date Removed             : 2008-02-13T09:25Z
     Temperature Stabiliz.    : 25.0 +/-
     Additional Information   : full serial number is 4619K01219

3.6  Receiver Type            : TRIMBLE NETR5
     Satellite System         : GPS+GLO
     Serial Number            : 01219
     Firmware Version         : 3.50/3
     Elevation Cutoff Setting : 0 deg
     Date Installed           : 2008-02-13T09:42Z
     Date Removed             : 2009-01-22T15:00Z
     Temperature Stabiliz.    : 25.0 +/-
     Additional Information   : full serial number is 4619K01219

3.7  Receiver Type            : TRIMBLE NETR5
     Satellite System         : GPS+GLO
     Serial Number            : 01219
     Firmware Version         : 3.64/3.10
     Elevation Cutoff Setting : 0 deg
     Date Installed           : 2009-01-22T15:10Z
     Date Removed             : 2009-08-19T09:30Z
     Temperature Stabiliz.    : 25.0 +/-
     Additional Information   : full serial number is 4619K01219

3.8  Receiver Type            : TRIMBLE NETR8
     Satellite System         : GPS+GLO
     Serial Number            : 35438
     Firmware Version         : 4.03/3.60
     Elevation Cutoff Setting : 0 deg
     Date Installed           : 2009-08-19T09:45Z
     Date Removed             : 2010-12-02T06:00Z
     Temperature Stabiliz.    : 25.0 +/-
     Additional Information   : full serial number is 4623K35438

3.9  Receiver Type            : TRIMBLE NETR8
     Satellite System         : GPS+GLO
     Serial Number            : 35438
     Firmware Version         : 4.19/4.18
     Elevation Cutoff Setting : 0 deg
     Date Installed           : 2010-12-02T06:15Z
     Date Removed             : 2011-10-10T04:40Z
     Temperature Stabiliz.    : 25.0 +/-
     Additional Information   : full serial number is 4623K35438

3.10 Receiver Type            : TRIMBLE NETR8
     Satellite System         : GPS+GLO
     Serial Number            : 35438
     Firmware Version         : 4.43/3.60
     Elevation Cutoff Setting : 0 deg
     Date Installed           : 2011-10-10T04:55Z
     Date Removed             : 2012-04-19T08:00Z
     Temperature Stabiliz.    : 25.0 +/-
     Additional Information   : In section 3.9 have to be use correct boot
                              : version 3.60 instead of 4.18

3.11 Receiver Type            : TRIMBLE NETR9
     Satellite System         : GPS+GLO+GAL
     Serial Number            : 5207K82163
     Firmware Version         : 4.43/4.25
     Elevation Cutoff Setting : 0 deg
     Date Installed           : 2012-04-19T08:10Z
     Date Removed             : 2012-09-21T06:35Z
     Temperature Stabiliz.    : 25.0 +/-
     Additional Information   : 

3.12 Receiver Type            : TRIMBLE NETR9
     Satellite System         : GPS+GLO+GAL
     Serial Number            : 5207K82163
     Firmware Version         : 4.60/4.27
     Elevation Cutoff Setting : 0 deg
     Date Installed           : 2012-09-21T06:40Z
     Date Removed             : 2013-03-04T11:01Z
     Temperature Stabiliz.    : 20.0 +/-
     Additional Information   : 

3.13 Receiver Type            : TRIMBLE NETR9
     Satellite System         : GPS+GLO+GAL
     Serial Number            : 5207K82163
     Firmware Version         : 4.70/4.29
     Elevation Cutoff Setting : 0 deg
     Date Installed           : 2013-03-04T11:05Z
     Date Removed             : 2013-10-17T09:23Z
     Temperature Stabiliz.    : 20.0 +/-
     Additional Information   : 

3.14 Receiver Type            : TRIMBLE NETR9
     Satellite System         : GPS+GLO+GAL
     Serial Number            : 5207K82163
     Firmware Version         : 4.81/4.29
     Elevation Cutoff Setting : 0 deg
     Date Installed           : 2013-10-17T09:27Z
     Date Removed             : 2013-11-12T07:30Z
     Temperature Stabiliz.    : 20.0 +/-
     Additional Information   : 

3.15 Receiver Type            : TRIMBLE NETR9
     Satellite System         : GPS+GLO+GAL+BDS+QZSS+SBAS
     Serial Number            : 5207K82163
     Firmware Version         : 4.81/4.29
     Elevation Cutoff Setting : 0 deg
     Date Installed           : 2013-11-12T07:30Z
     Date Removed             : 2014-05-30T09:23Z
     Temperature Stabiliz.    : 20.0 +/-
     Additional Information   : added BDS+QZSS+SBAS tracking

3.16 Receiver Type            : TRIMBLE NETR9
     Satellite System         : GPS+GLO+GAL+BDS+QZSS+SBAS
     Serial Number            : 5207K82163
     Firmware Version         : 4.85/4.29
     Elevation Cutoff Setting : 0 deg
     Date Installed           : 2014-05-30T09:27Z
     Date Removed             : 2015-02-10T08:05Z
     Temperature Stabiliz.    : 20.0 +/-
     Additional Information   : 

3.17 Receiver Type            : TRIMBLE NETR9
     Satellite System         : GPS+GLO+GAL+BDS+QZSS+SBAS
     Serial Number            : 5207K82163
     Firmware Version         : 4.93/4.93
     Elevation Cutoff Setting : 0 deg
     Date Installed           : 2015-02-10T08:18Z
     Date Removed             : 2015-11-18T12:09Z
     Temperature Stabiliz.    : none
     Additional Information   : 

3.18 Receiver Type            : TRIMBLE NETR9
     Satellite System         : GPS+GLO+GAL+BDS+QZSS+SBAS
     Serial Number            : 5207K82163
     Firmware Version         : 5.10/5.02
     Elevation Cutoff Setting : 0 deg
     Date Installed           : 2015-11-18T12:14Z
     Date Removed             : CCYY-MM-DDThh:mmZ
     Temperature Stabiliz.    : none
     Additional Information   : 

3.x  Receiver Type            : (A20, from rcvr_ant.tab; see instructions)
     Satellite System         : (GPS+GLO+GAL+BDS+QZSS+SBAS)
     Serial Number            : (A20, but note the first A5 is used in SINEX)
     Firmware Version         : (A11)
     Elevation Cutoff Setting : (deg)
     Date Installed           : (CCYY-MM-DDThh:mmZ)
     Date Removed             : (CCYY-MM-DDThh:mmZ)
     Temperature Stabiliz.    : (none or tolerance in degrees C)
     Additional Information   : (multiple lines)


4.   GNSS Antenna Information

4.1  Antenna Type             : TRM29659.00     NONE
     Serial Number            : 87436
     Antenna Reference Point  : BPA
     Marker->ARP Up Ecc. (m)  : 0.2860
     Marker->ARP North Ecc(m) : 0.0000
     Marker->ARP East Ecc(m)  : 0.0000
     Alignment from True N    : 0 deg
     Antenna Radome Type      : NONE
     Radome Serial Number     : 
     Antenna Cable Type       : TRIMBLE P/N 14551-00 REV A
     Antenna Cable Length     : 30 m
     Date Installed           : 2003-07-01T15:35Z
     Date Removed             : 2006-08-24T11:29Z
     Additional Information   : 

4.2  Antenna Type             : TRM55971.00     NONE
     Serial Number            : 30137385
     Antenna Reference Point  : BAM
     Marker->ARP Up Ecc. (m)  : 0.3830
     Marker->ARP North Ecc(m) : 0.0000
     Marker->ARP East Ecc(m)  : 0.0000
     Alignment from True N    : 0 deg
     Antenna Radome Type      : NONE
     Radome Serial Number     : 
     Antenna Cable Type       : TRIMBLE P/N 41300-30 REV A DCA 0610
     Antenna Cable Length     : 6 m
     Date Installed           : 2006-08-24T16:09Z
     Date Removed             : CCYY-MM-DDThh:mmZ
     Additional Information   : APCV - Geo++(R) 27.7.2006

4.x  Antenna Type             : (A20, from rcvr_ant.tab; see instructions)
     Serial Number            : (A*, but note the first A5 is used in SINEX)
     Antenna Reference Point  : (BPA/BCR/XXX from "antenna.gra"; see instr.)
     Marker->ARP Up Ecc. (m)  : (F8.4)
     Marker->ARP North Ecc(m) : (F8.4)
     Marker->ARP East Ecc(m)  : (F8.4)
     Alignment from True N    : (deg; + is clockwise/east)
     Antenna Radome Type      : (A4 from rcvr_ant.tab; see instructions)
     Radome Serial Number     : 
     Antenna Cable Type       : (vendor & type number)
     Antenna Cable Length     : (m)
     Date Installed           : (CCYY-MM-DDThh:mmZ)
     Date Removed             : (CCYY-MM-DDThh:mmZ)
     Additional Information   : (multiple lines)


5.   Surveyed Local Ties

5.1  Tied Marker Name         : GANO
     Tied Marker Usage        : FOOTPRINT
     Tied Marker CDP Number   : 
     Tied Marker DOMES Number : 11515M002
     Differential Components from GNSS Marker to the tied monument (ITRS)
       dx (m)                 : -8.86
       dy (m)                 : -42.06
       dz (m)                 : 9.48
     Accuracy (mm)            : 50 mm
     Survey method            : GPS CAMPAIGN
     Date Measured            : 1997-01-01T12:00Z
     Additional Information   : EUVN SK02 station; other Slovak geodynamic
                              : campaigns

5.x  Tied Marker Name         : 
     Tied Marker Usage        : (SLR/VLBI/LOCAL CONTROL/FOOTPRINT/etc)
     Tied Marker CDP Number   : (A4)
     Tied Marker DOMES Number : (A9)
     Differential Components from GNSS Marker to the tied monument (ITRS)
       dx (m)                 : (m)
       dy (m)                 : (m)
       dz (m)                 : (m)
     Accuracy (mm)            : (mm)
     Survey method            : (GPS CAMPAIGN/TRILATERATION/TRIANGULATION/etc)
     Date Measured            : (CCYY-MM-DDThh:mmZ)
     Additional Information   : (multiple lines)


6.   Frequency Standard

6.1  Standard Type            : INTERNAL
       Input Frequency        : 
       Effective Dates        : 2002-09-04/CCYY-MM-DD
       Notes                  : 

6.x  Standard Type            : (INTERNAL or EXTERNAL H-MASER/CESIUM/etc)
       Input Frequency        : (if external)
       Effective Dates        : (CCYY-MM-DD/CCYY-MM-DD)
       Notes                  : (multiple lines)


7.   Collocation Information

7.1  Instrumentation Type     : ABSOLUTE GRAVITY MEASUREMENTS
       Status                 : MOBILE
       Effective Dates        : 1993-03-09/CCYY-MM-DD
       Notes                  : JILAg-6 gravimeter

7.2  Instrumentation Type     : ABSOLUTE GRAVITY MEASUREMENTS
       Status                 : MOBILE
       Effective Dates        : 2003-10-07/CCYY-MM-DD
       Notes                  : FG5-215 gravimeter

7.3  Instrumentation Type     : ABSOLUTE GRAVITY MEASUREMENTS
       Status                 : MOBILE
       Effective Dates        : 2005-10-04/CCYY-MM-DD
       Notes                  : FG5-215 gravimeter

7.x  Instrumentation Type     : (GPS/GLONASS/DORIS/PRARE/SLR/VLBI/TIME/etc)
       Status                 : (PERMANENT/MOBILE)
       Effective Dates        : (CCYY-MM-DD/CCYY-MM-DD)
       Notes                  : (multiple lines)


8.   Meteorological Instrumentation

8.1.x  Humidity Sensor Model  : 
       Manufacturer           : 
       Serial Number          : 
       Data Sampling Interval : (sec)
       Accuracy (% rel h)     : (% rel h)
       Aspiration             : (UNASPIRATED/NATURAL/FAN/etc)
       Height Diff to Ant     : (m)
       Calibration date       : (CCYY-MM-DD)
       Effective Dates        : (CCYY-MM-DD/CCYY-MM-DD)
       Notes                  : (multiple lines)

8.2.x  Pressure Sensor Model  : 
       Manufacturer           : 
       Serial Number          : 
       Data Sampling Interval : (sec)
       Accuracy               : (hPa)
       Height Diff to Ant     : (m)
       Calibration date       : (CCYY-MM-DD)
       Effective Dates        : (CCYY-MM-DD/CCYY-MM-DD)
       Notes                  : (multiple lines)

8.3.x  Temp. Sensor Model     : 
       Manufacturer           : 
       Serial Number          : 
       Data Sampling Interval : (sec)
       Accuracy               : (deg C)
       Aspiration             : (UNASPIRATED/NATURAL/FAN/etc)
       Height Diff to Ant     : (m)
       Calibration date       : (CCYY-MM-DD)
       Effective Dates        : (CCYY-MM-DD/CCYY-MM-DD)
       Notes                  : (multiple lines)

8.4.x  Water Vapor Radiometer : 
       Manufacturer           : 
       Serial Number          : 
       Distance to Antenna    : (m)
       Height Diff to Ant     : (m)
       Calibration date       : (CCYY-MM-DD)
       Effective Dates        : (CCYY-MM-DD/CCYY-MM-DD)
       Notes                  : (multiple lines)

8.5.x  Other Instrumentation  : (multiple lines)


9.   Local Ongoing Conditions Possibly Affecting Computed Position

9.1.1  Radio Interferences    : METEOROLOGICAL RADIOSONDE RS90, WS80
       Observed Degradations  : SN RATIO/DATA GAPS/etc
       Effective Dates        : 1950-01-01/CCYY-MM-DD
       Additional Information : communication frequency 400.6 MHz
                              : every 6 hours
                              : exact date not known

9.1.x  Radio Interferences    : (TV/CELL PHONE ANTENNA/RADAR/etc)
       Observed Degradations  : (SN RATIO/DATA GAPS/etc)
       Effective Dates        : (CCYY-MM-DD/CCYY-MM-DD)
       Additional Information : (multiple lines)

9.2.x  Multipath Sources      : (METAL ROOF/DOME/VLBI ANTENNA/etc)
       Effective Dates        : (CCYY-MM-DD/CCYY-MM-DD)
       Additional Information : (multiple lines)

9.3.1  Signal Obstructions    : BUILDINGS
       Effective Dates        : 2002-06-01/CCYY-MM-DD
       Additional Information : curtain to 18 deg on the souhtwest direction

9.3.x  Signal Obstructions    : (TREES/BUILDINGS/etc)
       Effective Dates        : (CCYY-MM-DD/CCYY-MM-DD)
       Additional Information : (multiple lines)


10.  Local Episodic Effects Possibly Affecting Data Quality

10.x Date                     : (CCYY-MM-DD/CCYY-MM-DD)
     Event                    : (TREE CLEARING/CONSTRUCTION/etc)

11.  On-Site, Point of Contact Agency Information

     Agency                   : Slovak Hydrometeorological Institute
                              : Center for aerology and ozone measurements
                              : Ganovce
     Preferred Abbreviation   : SHMU
     Mailing Address          : Slovensky hydrometeorologicky ustav
                              : Aerologicke a ozonove merania
                              : SK-05801 Poprad - Ganovce
     Primary Contact
       Contact Name           : Miroslav Rohacek
       Telephone (primary)    : +421902906620
       Telephone (secondary)  : 
       Fax                    : 421 2 43427511
       E-mail                 : miroslav.rohacek@skgeodesy.sk
     Secondary Contact
       Contact Name           : Miroslav Steinhubel
       Telephone (primary)    : +421902906616
       Telephone (secondary)  : 
       Fax                    : +421 2 43427511
       E-mail                 : miroslav.steinhubel@skgeodesy.sk
     Additional Information   : 


12.  Responsible Agency (if different from 11.)

     Agency                   : Geodetic and Cartographic Institute Bratislava
     Preferred Abbreviation   : GKU
     Mailing Address          : Geodeticky a kartograficky ustav Bratislava
                              : Chlumeckeho 4
                              : SK-82745 Bratislava
     Primary Contact
       Contact Name           : Miroslav Rohacek
       Telephone (primary)    : +421902906620
       Telephone (secondary)  : 
       Fax                    : +421 2 43427511
       E-mail                 : miroslav.rohacek@skgeodesy.sk
     Secondary Contact
       Contact Name           : Miroslav Steinhubel
       Telephone (primary)    : +421902906616
       Telephone (secondary)  : 
       Fax                    : +421 2 43427511
       E-mail                 : miroslav.steinhubel@skgeodesy.sk
     Additional Information   : 

13.  More Information

     Primary Data Center      : BKG
     Secondary Data Center    : OLG
     URL for More Information : 
     Hardcopy on File
       Site Map               : 
       Site Diagram           : 
       Horizon Mask           : 
       Monument Description   : 
       Site Pictures          : 
     Additional Information   : SKPOS Station ID = 13
                              : hourly data also in LDC GOP
                              : data flow scheme 3
     Antenna Graphics with Dimensions

TRM55971.00     NONE

    / ----------------------+--------------------- \  <-- 0.0850 L1
   +                        +                       + <-- 0.0701 L2
    \ -------------------------------------------- /
                   \                /
                    \              /
                     \ -----x-----/                   <-- 0.0000 ARP=BAM

   <--                   0.3396                  -->


TRM55971.00     NONE


    / ----------------------+--------------------- \   <-- 0.4680 L1
   +                        +                       +  <-- 0.4531 L2
    \ -------------------------------------------- /
                   \                /
                    \              /
                     \ ---+-x-+---/                    <-- 0.3830 ARP=BAM
                          |   |
                          |   |
                          |   |
                          |   |
                          |   |
                          |   |
                          |   |
                          |   |
                          |   |
                          |   |
                          |   |
                          |   |
                          |   |
                          |   |
                          |   |
                          |   |
                          |   |
                          |   |
                          |   |
                          |   |
                          |   |
                          |   |
                          |   |
                          |   |
   reference point -->    +-x-+                        <--   0.0000
         +----------------+---+-----------------+
         |                                      |
         |          concrete pillar             |
         |                                      |
         ~                                      ~
         ~                                      ~
         |                                      |
         |                                      |
         |                                      |
      ~~~+~~~~~~~~~~~~~~~~~~~~~~~~~~~~~~~~~~~~~~+~~~   <--  -2.3000 ground

