     GARI Site Information Form (site log)
     International GNSS Service
     See Instructions at:
       ftp://igscb.jpl.nasa.gov/pub/station/general/sitelog_instr.txt


0.   Form

     Prepared by (full name)  : Alberto Pellegrinelli
     Date Prepared            : 2015-09-30
     Report Type              : UPDATE
     If Update:
      Previous Site Log       : gari_20100326.log
      Modified/Added Sections : 3.2, 3.3, 12


1.   Site Identification of the GNSS Monument

     Site Name                : Porto Garibaldi
     Four Character ID        : GARI
     Monument Inscription     : 
     IERS DOMES Number        : 19517M001
     CDP Number               : (A4)
     Monument Description     : STEEL PILLAR WITH FORCED CENTERING ON TOP
       Height of the Monument : 1.5 m
       Monument Foundation    : PILLAR ANCHORED TO THE SEA LEVEL STATION ROOF
       Foundation Depth       : (m)
     Marker Description       : STEEL NIPPLE WITH 5/8 THREAD
     Date Installed           : 2009-04-01
     Geologic Characteristic  : SAND (alluvional plane)
       Bedrock Type           : (IGNEOUS/METAMORPHIC/SEDIMENTARY)
       Bedrock Condition      : (FRESH/JOINTED/WEATHERED)
       Fracture Spacing       : (0 cm/1-10 cm/11-50 cm/51-200 cm/over 200 cm)
       Fault zones nearby     : (YES/NO/Name of the zone)
         Distance/activity    : (multiple lines)
     Additional Information   : (multiple lines)


2.   Site Location Information

     City or Town             : Porto Garibaldi
     State or Province        : Ferrara
     Country                  : Italy
     Tectonic Plate           : EURASIAN
     Approximate Position (ITRF)
       X coordinate (m)       : 4439514
       Y coordinate (m)       : 963867
       Z coordinate (m)       : 4461922
       Latitude (N is +)      : +444036.85
       Longitude (E is +)     : +0121457.95
       Elevation (m,ellips.)  :    48.2
     Additional Information   : the GNSS is installed on the roof of a new
                              : Sea Level Station with two tide gauges
                              : outside Porto Garibaldi harbour


3.   GNSS Receiver Information

3.1  Receiver Type            : TPS NETG3
     Satellite System         : GPS+GLO
     Serial Number            : R8JFPV4PQ0W
     Firmware Version         : 3.3/12-08p6
     Elevation Cutoff Setting : 5 deg
     Date Installed           : 2009-04-01
     Date Removed             : 2010-03-25
     Temperature Stabiliz.    : (deg C) +/- (deg C)
     Additional Information   : (multiple lines)

3.2  Receiver Type            : TPS NETG3
     Satellite System         : GPS+GLO
     Serial Number            : R8JFPV4PQ0W
     Firmware Version         : 3.4/12-09p2
     Elevation Cutoff Setting : 5 deg
     Date Installed           : 2010-03-25
     Date Removed             : 2015-09-29T15:00Z
     Temperature Stabiliz.    : (deg C) +/- (deg C)
     Additional Information   : (multiple lines)

3.3  Receiver Type            : TPS NETG3
     Satellite System         : GPS+GLO
     Serial Number            : R8JFPV4PQ0W
     Firmware Version         : 4.0/12-12p1
     Elevation Cutoff Setting : 0 deg
     Date Installed           : 2015-09-29T15:00Z
     Date Removed             : CCYY-MM-DDThh:mmZ
     Temperature Stabiliz.    : (deg C) +/- (deg C)
     Additional Information   : (multiple lines)

3.x  Receiver Type            : (A20, from rcvr_ant.tab; see instructions)
     Satellite System         : (GPS+GLO+GAL+BDS+QZSS+SBAS)
     Serial Number            : (A20, but note the first A5 is used in SINEX)
     Firmware Version         : (A11)
     Elevation Cutoff Setting : (deg)
     Date Installed           : (CCYY-MM-DDThh:mmZ)
     Date Removed             : (CCYY-MM-DDThh:mmZ)
     Temperature Stabiliz.    : (none or tolerance in degrees C)
     Additional Information   : (multiple lines)


4.   GNSS Antenna Information

4.1  Antenna Type             : TPSCR.G3        TPSH
     Serial Number            : 383-0538
     Antenna Reference Point  : BPA
     Marker->ARP Up Ecc. (m)  :   0.0000
     Marker->ARP North Ecc(m) :   0.0000
     Marker->ARP East Ecc(m)  :   0.0000
     Alignment from True N    : 0 deg
     Antenna Radome Type      : TPSH
     Radome Serial Number     : 
     Antenna Cable Type       : (vendor & type number)
     Antenna Cable Length     : 5 m
     Date Installed           : 2009-04-01
     Date Removed             : CCYY-MM-DDThh:mmZ
     Additional Information   : (multiple lines)

4.x  Antenna Type             : (A20, from rcvr_ant.tab; see instructions)
     Serial Number            : (A*, but note the first A5 is used in SINEX)
     Antenna Reference Point  : (BPA/BCR/XXX from "antenna.gra"; see instr.)
     Marker->ARP Up Ecc. (m)  : (F8.4)
     Marker->ARP North Ecc(m) : (F8.4)
     Marker->ARP East Ecc(m)  : (F8.4)
     Alignment from True N    : (deg; + is clockwise/east)
     Antenna Radome Type      : (A4 from rcvr_ant.tab; see instructions)
     Radome Serial Number     : 
     Antenna Cable Type       : (vendor & type number)
     Antenna Cable Length     : (m)
     Date Installed           : (CCYY-MM-DDThh:mmZ)
     Date Removed             : (CCYY-MM-DDThh:mmZ)
     Additional Information   : (multiple lines)


5.   Surveyed Local Ties

5.x  Tied Marker Name         : 
     Tied Marker Usage        : (SLR/VLBI/LOCAL CONTROL/FOOTPRINT/etc)
     Tied Marker CDP Number   : (A4)
     Tied Marker DOMES Number : (A9)
     Differential Components from GNSS Marker to the tied monument (ITRS)
       dx (m)                 : (m)
       dy (m)                 : (m)
       dz (m)                 : (m)
     Accuracy (mm)            : (mm)
     Survey method            : (GPS CAMPAIGN/TRILATERATION/TRIANGULATION/etc)
     Date Measured            : (CCYY-MM-DDThh:mmZ)
     Additional Information   : (multiple lines)


6.   Frequency Standard

6.1  Standard Type            : INTERNAL 
       Input Frequency        : (if external)
       Effective Dates        : 2009-04-01/CCYY-MM-DD
       Notes                  : (multiple lines)

6.x  Standard Type            : (INTERNAL or EXTERNAL H-MASER/CESIUM/etc)
       Input Frequency        : (if external)
       Effective Dates        : (CCYY-MM-DD/CCYY-MM-DD)
       Notes                  : (multiple lines)


7.   Collocation Information

7.1  Instrumentation Type     : TIDE GAUGE
       Status                 : PERMANENT
       Effective Dates        : 2009-04-01/CCYY-MM-DD
       Notes                  : Tide Gauge - Floating type
                              : mod. OTT SE-200
                              : status: operational

7.2  Instrumentation Type     : TIDE GAUGE
       Status                 : PERMANENT
       Effective Dates        : 2009-04-01/CCYY-MM-DD
       Notes                  : Tide Gauge - Radar type
                              : mod. OTT Kalesto
                              : status: operational

7.x  Instrumentation Type     : (GPS/GLONASS/DORIS/PRARE/SLR/VLBI/TIME/etc)
       Status                 : (PERMANENT/MOBILE)
       Effective Dates        : (CCYY-MM-DD/CCYY-MM-DD)
       Notes                  : (multiple lines)


8.   Meteorological Instrumentation

8.1.x  Humidity Sensor Model  : 
       Manufacturer           : 
       Serial Number          : 
       Data Sampling Interval : (sec)
       Accuracy (% rel h)     : (% rel h)
       Aspiration             : (UNASPIRATED/NATURAL/FAN/etc)
       Height Diff to Ant     : (m)
       Calibration date       : (CCYY-MM-DD)
       Effective Dates        : (CCYY-MM-DD/CCYY-MM-DD)
       Notes                  : (multiple lines)

8.2.1  Pressure Sensor Model  : CX110P DQA208
       Manufacturer           : LSI LASTEM
       Serial Number          : 
       Data Sampling Interval : 600 s
       Accuracy               : 1 hPa
       Height Diff to Ant     : -2 m
       Calibration date       : (CCYY-MM-DD)
       Effective Dates        : 2009-04-01/CCYY-MM-DD
       Notes                  : (multiple lines)

8.2.x  Pressure Sensor Model  : 
       Manufacturer           : 
       Serial Number          : 
       Data Sampling Interval : (sec)
       Accuracy               : (hPa)
       Height Diff to Ant     : (m)
       Calibration date       : (CCYY-MM-DD)
       Effective Dates        : (CCYY-MM-DD/CCYY-MM-DD)
       Notes                  : (multiple lines)

8.3.1  Temp. Sensor Model     : DMA033
       Manufacturer           : LSI LASTEM
       Serial Number          : 
       Data Sampling Interval : 600 s
       Accuracy               : 0.1 deg C
       Aspiration             : NATURAL FAN
       Height Diff to Ant     : -2 m
       Calibration date       : (CCYY-MM-DD)
       Effective Dates        : 2009-04-01/CCYY-MM-DD
       Notes                  : (multiple lines)

8.3.x  Temp. Sensor Model     : 
       Manufacturer           : 
       Serial Number          : 
       Data Sampling Interval : (sec)
       Accuracy               : (deg C)
       Aspiration             : (UNASPIRATED/NATURAL/FAN/etc)
       Height Diff to Ant     : (m)
       Calibration date       : (CCYY-MM-DD)
       Effective Dates        : (CCYY-MM-DD/CCYY-MM-DD)
       Notes                  : (multiple lines)

8.4.x  Water Vapor Radiometer : 
       Manufacturer           : 
       Serial Number          : 
       Distance to Antenna    : (m)
       Height Diff to Ant     : (m)
       Calibration date       : (CCYY-MM-DD)
       Effective Dates        : (CCYY-MM-DD/CCYY-MM-DD)
       Notes                  : (multiple lines)

8.5.1  Other Instrumentation  : RAIN GAUGE
                              : MODEL DQA030-LSI LASTEM

8.5.2  Other Instrumentation  : WIND SPEED AND DIRECTION SENSOR:
                              : MODEL DNA707-DNA716 - LSI LASTEM

8.5.3  Other Instrumentation  : MULTIPARAMETRIC WATER QUALITY SONDE:
                              : MODEL HYDROLAB DS5                            :
                              : PARAMETERS:
                              : PH-TEMPERATURE-CONDUCTIVITY-
                              : HACH LDO-SALINITY

8.5.x  Other Instrumentation  : (multiple lines)


9.   Local Ongoing Conditions Possibly Affecting Computed Position

9.1.x  Radio Interferences    : (TV/CELL PHONE ANTENNA/RADAR/etc)
       Observed Degradations  : (SN RATIO/DATA GAPS/etc)
       Effective Dates        : (CCYY-MM-DD/CCYY-MM-DD)
       Additional Information : (multiple lines)

9.2.1  Multipath Sources      : STEEL MAST
       Effective Dates        : 2009-04-01/CCYY-MM-DD
       Additional Information : HIGH STEEL MAST NEAR SEA LEVEL STATION TO
                              : GOVERNANCE HARBOUR ENTRY

9.2.x  Multipath Sources      : (METAL ROOF/DOME/VLBI ANTENNA/etc)
       Effective Dates        : (CCYY-MM-DD/CCYY-MM-DD)
       Additional Information : (multiple lines)

9.3.1  Signal Obstructions    : STEEL MAST
       Effective Dates        : 2009-04-01/CCYY-MM-DD
       Additional Information : HIGH STEEL MAST NEAR SEA LEVEL STATION TO
                              : GOVERNANCE HARBOUR ENTRY
                              : OBSTRUCIONS ABOUT FROM 155 TO 165 AZIMUT DEG
                              : UNTIL 25 ELEVATION DEG

9.3.x  Signal Obstructions    : (TREES/BUILDINGS/etc)
       Effective Dates        : (CCYY-MM-DD/CCYY-MM-DD)
       Additional Information : (multiple lines)


10.  Local Episodic Effects Possibly Affecting Data Quality

10.x  Date                    : (CCYY-MM-DD/CCYY-MM-DD)
      Event                   : (TREE CLEARING/CONSTRUCTION/etc)


11.  On-Site, Point of Contact Agency Information

     Agency                   : Endif (University of Ferrara)
     Preferred Abbreviation   : ENDIF
     Mailing Address          : VIALE SARAGAT 1
                              : 44100 FERRARA - ITALY
     Primary Contact
       Contact Name           : Alberto Pellegrinelli
       Telephone (primary)    : +39-0532-974859
       Telephone (secondary)  : 
       Fax                    : +39-0532-974870
       E-mail                 : alberto.pellegrinelli@unife.it
     Secondary Contact
       Contact Name           : Paolo Russo
       Telephone (primary)    : +39-0532-974950
       Telephone (secondary)  : 
       Fax                    : +39-0532-974870
       E-mail                 : paolo.russo@unife.it
     Additional Information   : (multiple lines)


12.  Responsible Agency (if different from 11.)

     Agency                   : Provence of Ferrara
     Preferred Abbreviation   : Profe
     Mailing Address          : Corso Isonzo 105/A
                              : 44100 Ferrara - Italy
     Primary Contact
       Contact Name           : Stefano Lovo
       Telephone (primary)    : +39-0532-299571
       Telephone (secondary)  : 
       Fax                    : 
       E-mail                 : stefano.lovo@provincia.fe.it
     Secondary Contact
       Contact Name           : 
       Telephone (primary)    : 
       Telephone (secondary)  : 
       Fax                    : 
       E-mail                 : 
     Additional Information   : (multiple lines)


13.  More Information

     Primary Data Center      : ASI
     Secondary Data Center    : OLG
     URL for More Information : 
     Hardcopy on File
       Site Map               : (Y or URL)
       Site Diagram           : (Y or URL)
       Horizon Mask           : (Y or URL)
       Monument Description   : (Y or URL)
       Site Pictures          : (Y or URL)
     Additional Information   : (multiple lines)
     Antenna Graphics with Dimensions

TPSCR.G3

                          +-------+
                        /     +     \
                       |      +      |
     +-----------------+-------------+------------------+   <-- 0.1015 TCR
     |                                                  |
     |                                                  |
     |                                                  |
     |                                                  |
   +-+--------------------------------------------------+-+
   +-------------------+-------------+--------------------+ <-- 0.0345 BCR
                       |             |
                       |             |
                       +------x------+                      <-- 0.0 BPA=ARP

                       <--  0.2380 -->
   <--                      0.3800                      -->

ARP: Antenna Reference Point
L1 : L1 Phase Center                   L2 : L2 Phase Center
TCR: Top of Chokering                  BCR: Bottom of Chokering
