     GHRP Site Information Form (site log)
     International GPS Service
     See Instructions at:
       ftp://igscb.jpl.nasa.gov/pub/station/general/sitelog_instr.txt

0.   Form

     Prepared by (full name)  : Susan Jeffries
     Date Prepared            : 2014-09-23
     Report Type              : UPDATE
     If Update:
      Previous Site Log       : ghrp_20140707.log
      Modified/Added Sections : (n.n,n.n,...)


1.   Site Identification of the GNSS Monument

     Site Name                : Glen Helen Regional Park
     Four Character ID        : GHRP
     Monument Inscription     : 
     IERS DOMES Number        : 49993M001
     CDP Number               : 
     Monument Description     : Wyatt/Agnew drilled-braced
       Height of the Monument :  (m)
       Monument Foundation    : (STEEL RODS/CONCRETE BLOCK/ROOF/etc)
       Foundation Depth       :  (m)
     Marker Description       : Top of center support screw on SCIGN D3 antenna
                              : adaptor
     Date Installed           : 1999-04-22T00:00Z
     Geologic Characteristic  : BEDROCK
       Bedrock Type           : IGNEOUS
       Bedrock Condition      : (FRESH/JOINTED/WEATHERED)
       Fracture Spacing       : (1-10 cm/10-50 cm/50-200 cm/over 200 cm)
       Fault zones nearby     : (YES/NO/Name of the zone)
         Distance/activity    : (multiple lines)
     Additional Information   : SCIGN - Southern California Integrated GPS
                              : Network. Monument is Wyatt-type drilled-braced
                              : geodetic monument composed of stainless steel
                              : supports and new SCIGN antenna adaptor. Fixed
                              : antenna height is 0.0083 m. A secondary
                              : measurement, the adaptor/divot distance, taken
                              : from the bottom of the lower adaptor plate to
                              : the center of a divot drill-mark on the
                              : north-facing tripod leg, is not yet measured.


2.   Site Location Information

     City or Town             : San Bernardino
     State or Province        : California
     Country                  : USA
     Tectonic Plate           : Pacific
     Approximate Position (ITRF)
       X coordinate (m)       : -2430188.0928
       Y coordinate (m)       : -4688729.6261
       Z coordinate (m)       : 3565527.3727
       Latitude (N is +)      : +341214.00
       Longitude (E is +)     : -1172352.42
       Elevation (m,ellips.)  : 629.0046
     Additional Information   : San Bernardino County. Reference frame used is
                              : (ITRF97). Coordinate system used is (WGS84).


3.  GNSS Receiver Information

3.1  Receiver Type            : ASHTECH Z-XII3
     Satellite System         : GPS
     Serial Number            : LP03334
     Firmware Version         : CB00
     Elevation Cutoff Setting : 0 deg
     Date Installed           : 1999-06-30T00:00Z
     Date Removed             : 1999-10-15T00:00Z
     Temperature Stabiliz.    : none
     Additional Information   : Initial measurements.

3.2  Receiver Type            : ASHTECH Z-XII3
     Satellite System         : GPS
     Serial Number            : LP03306
     Firmware Version         : CC00
     Elevation Cutoff Setting : 10 deg
     Date Installed           : 1999-10-15T00:00Z
     Date Removed             : 1999-10-30T00:00Z
     Temperature Stabiliz.    : none
     Additional Information   : Receiver swap and firmware upgrade for GPS week
                              : rollover-compliance.

3.3  Receiver Type            : ASHTECH Z-XII3
     Satellite System         : GPS
     Serial Number            : LP03306
     Firmware Version         : CC00
     Elevation Cutoff Setting : 10 deg
     Date Installed           : 1999-10-30T00:00Z
     Date Removed             : 2001-02-21T00:00Z
     Temperature Stabiliz.    : none
     Additional Information   : Sampling interval decreased to 120 seconds until
                              : reliable telemetry is established.

3.4  Receiver Type            : ASHTECH Z-XII3
     Satellite System         : GPS
     Serial Number            : LP03306
     Firmware Version         : CC00
     Elevation Cutoff Setting : 10 deg
     Date Installed           : 2001-02-21T00:00Z
     Date Removed             : 2001-04-21T00:00Z
     Temperature Stabiliz.    : none
     Additional Information   : Sampling interval increased to 60 seconds.

3.5  Receiver Type            : ASHTECH Z-XII3
     Satellite System         : GPS
     Serial Number            : LP03306
     Firmware Version         : CC00
     Elevation Cutoff Setting : 10 deg
     Date Installed           : 2001-04-21T00:00Z
     Date Removed             : 2008-08-23T00:31Z
     Temperature Stabiliz.    : none
     Additional Information   : Sampling interval increased to 30 seconds.

3.6  Receiver Type            : ASHTECH Z-XII3
     Satellite System         : GPS
     Serial Number            : LP02627
     Firmware Version         : CC00
     Elevation Cutoff Setting : 0 deg
     Date Installed           : 2008-08-23T00:31Z
     Date Removed             : 2010-02-23T23:38Z
     Temperature Stabiliz.    : none
     Additional Information   : (multiple lines)

3.7  Receiver Type            : TRIMBLE NETRS
     Satellite System         : GPS
     Serial Number            : 4927175272
     Firmware Version         : 1.2-5
     Elevation Cutoff Setting : 0 deg
     Date Installed           : 2010-02-24T00:01Z
     Date Removed             : 2011-08-19T22:40Z
     Temperature Stabiliz.    : none
     Additional Information   : (multiple lines)

3.8  Receiver Type            : TPS NET-G3A
     Satellite System         : GPS
     Serial Number            : 618-01157
     Firmware Version         : 3.5 Jul 15,2011 p2
     Elevation Cutoff Setting : 5 deg
     Date Installed           : 2011-08-19T22:47Z
     Date Removed             : 2011-08-23T23:21Z
     Temperature Stabiliz.    : none
     Additional Information   : (multiple lines)

3.9  Receiver Type            : TPS NET-G3A
     Satellite System         : GPS
     Serial Number            : 618-01019
     Firmware Version         : 3.5 Jul 15,2011 p2
     Elevation Cutoff Setting : 5 deg
     Date Installed           : 2011-08-23T23:31Z
     Date Removed             : 2012-01-22T23:59Z
     Temperature Stabiliz.    : none
     Additional Information   : (multiple lines)

3.10 Receiver Type            : TPS NET-G3A
     Satellite System         : GPS
     Serial Number            : 618-01019
     Firmware Version         : 3.5 Aug,24,2011 p3b2
     Elevation Cutoff Setting : 5 deg
     Date Installed           : 2012-01-23T00:00Z
     Date Removed             : 2012-05-11T23:59Z
     Temperature Stabiliz.    : none
     Additional Information   : (multiple lines)

3.11 Receiver Type            : TPS NET-G3A
     Satellite System         : GPS
     Serial Number            : 618-01019
     Firmware Version         : 3.6 Feb,28,2012 p1                                
     Elevation Cutoff Setting : 5 deg
     Date Installed           : 2012-05-12T00:00Z
     Date Removed             : 2013-05-30T19:18Z
     Temperature Stabiliz.    : none
     Additional Information   : (multiple lines)

3.12 Receiver Type            : TPS NET-G3A
     Satellite System         : GPS
     Serial Number            : 618-01019
     Firmware Version         : 4.0 Dec,21,2012 p1
     Elevation Cutoff Setting : 5 deg
     Date Installed           : 2013-05-30T19:50Z
     Date Removed             : 2013-11-12T22:30Z
     Temperature Stabiliz.    : none
     Additional Information   : (multiple lines)

3.13 Receiver Type            : TRIMBLE NETR9
     Satellite System         : GPS+GLO+SBAS
     Serial Number            : 5301K55939
     Firmware Version         : 4.81
     Elevation Cutoff Setting : 5 deg
     Date Installed           : 2013-11-12T22:45Z
     Date Removed             : 2014-09-23T18:55Z
     Temperature Stabiliz.    : none
     Additional Information   : (multiple lines)

3.14 Receiver Type            : TRIMBLE NETR9
     Satellite System         : GPS+GLO+SBAS
     Serial Number            : 5301K55939
     Firmware Version         : 4.85
     Elevation Cutoff Setting : 5 deg
     Date Installed           : 2014-09-23T19:01Z
     Date Removed             : (CCYY-MM-DDThh:mmZ)
     Temperature Stabiliz.    : none
     Additional Information   : (multiple lines)

3.x  Receiver Type            : (A20, from rcvr_ant.tab; see instructions)
     Satellite System         : (GPS+GLO+GAL+BDS+QZSS+SBAS)
     Serial Number            : (A20, but note the first A5 is used in SINEX)
     Firmware Version         : (A11)
     Elevation Cutoff Setting : (deg)
     Date Installed           : (CCYY-MM-DDThh:mmZ)
     Date Removed             : (CCYY-MM-DDThh:mmZ)
     Temperature Stabiliz.    : (none or tolerance in degrees C)
     Additional Information   : (multiple lines)


4.   GNSS Antenna Information

4.1  Antenna Type             : ASH700936E_C    NONE
     Serial Number            : CR14662
     Antenna Reference Point  : BPA
     Marker->ARP Up Ecc. (m)  : 0.0083
     Marker->ARP North Ecc(m) :
     Marker->ARP East Ecc(m)  :
     Alignment from True N    :  deg
     Antenna Radome Type      : NONE
     Radome Serial Number     : 
     Antenna Cable Type       : (vendor & type number)
     Antenna Cable Length     : (m)
     Date Installed           : 1999-06-30T00:00Z
     Date Removed             : 2000-09-06T00:00Z
     Additional Information   : Antenna dome info. assumed from rinex header

4.2  Antenna Type             : ASH701945B_M    SCIT
     Serial Number            : CR519991913
     Antenna Reference Point  : BPA
     Marker->ARP Up Ecc. (m)  : 0.0083
     Marker->ARP North Ecc(m) :
     Marker->ARP East Ecc(m)  :
     Alignment from True N    :  deg
     Antenna Radome Type      : SCIT
     Radome Serial Number     : 00260
     Antenna Cable Type       : (vendor & type number)
     Antenna Cable Length     : (m)
     Date Installed           : 2000-09-06T00:00Z
     Date Removed             : 2012-10-05T21:21Z
     Additional Information   : (multiple lines)

4.3  Antenna Type             : TPSCR.G3        SCIT
     Serial Number            : 383-1919
     Antenna Reference Point  : BPA
     Marker->ARP Up Ecc. (m)  : 0.0083
     Marker->ARP North Ecc(m) :
     Marker->ARP East Ecc(m)  :
     Alignment from True N    :  deg
     Antenna Radome Type      : SCIT
     Radome Serial Number     : 00260
     Antenna Cable Type       : (vendor & type number)
     Antenna Cable Length     : (m)
     Date Installed           : 2012-10-05T21:28Z
     Date Removed             : 2013-11-12T22:55Z
     Additional Information   : (multiple lines)

4.4  Antenna Type             : TRM57971.00     SCIT
     Serial Number            : 5000115203
     Antenna Reference Point  : BPA
     Marker->ARP Up Ecc. (m)  : 0.0083
     Marker->ARP North Ecc(m) :
     Marker->ARP East Ecc(m)  :
     Alignment from True N    :  deg
     Antenna Radome Type      : SCIT
     Radome Serial Number     : 00260
     Antenna Cable Type       : (vendor & type number)
     Antenna Cable Length     : (m)
     Date Installed           : 2013-11-12T23:05Z
     Date Removed             : (CCYY-MM-DDThh:mmZ)
     Additional Information   : (multiple lines)

4.x  Antenna Type             : (A20, from rcvr_ant.tab; see instructions)
     Serial Number            : (A*, but note the first A5 is used in SINEX)
     Antenna Reference Point  : (BPA/BCR/XXX from "antenna.gra"; see instr.)
     Marker->ARP Up Ecc. (m)  : (F8.4)
     Marker->ARP North Ecc(m) : (F8.4)
     Marker->ARP East Ecc(m)  : (F8.4)
     Alignment from True N    : (deg; + is clockwise/east)
     Antenna Radome Type      : (A4 from rcvr_ant.tab; see instructions)
     Radome Serial Number     :
     Antenna Cable Type       : (vendor & type number)
     Antenna Cable Length     : (m)
     Date Installed           : (CCYY-MM-DDThh:mmZ)
     Date Removed             : (CCYY-MM-DDThh:mmZ)
     Additional Information   : (multiple lines)

5.   Surveyed Local Ties

5.x  Tied Marker Name         : 
     Tied Marker Usage        : (SLR/VLBI/LOCAL CONTROL/FOOTPRINT/etc)
     Tied Marker CDP Number   : (A4)
     Tied Marker DOMES Number : (A9)
     Differential Components from GNSS Marker to the tied monument (ITRS)
       dx (m)                 : (m)
       dy (m)                 : (m)
       dz (m)                 : (m)
     Accuracy (mm)            : (mm)
     Survey method            : (GPS CAMPAIGN/TRILATERATION/TRIANGULATION/etc)
     Date Measured            : (CCYY-MM-DDThh:mmZ)
     Additional Information   : (multiple lines)


6.   Frequency Standard

6.1  Standard Type            : 
       Input Frequency        :
       Effective Dates        : (CCYY-MM-DD/CCYY-MM-DD)
       Notes                  : (multiple lines)

6.x  Standard Type            : (INTERNAL or EXTERNAL H-MASER/CESIUM/etc)
       Input Frequency        : (if external)
       Effective Dates        : (CCYY-MM-DD/CCYY-MM-DD)
       Notes                  : (multiple lines)


7.   Collocation Information

7.x  Instrumentation Type     : (GPS/GLONASS/DORIS/PRARE/SLR/VLBI/TIME/etc)
       Status                 : (PERMANENT/MOBILE)
       Effective Dates        : (CCYY-MM-DD/CCYY-MM-DD)
       Notes                  : (multiple lines)


8.   Meteorological Instrumentation

8.1.x Humidity Sensor Model   : 
       Manufacturer           : 
       Serial Number          : 
       Data Sampling Interval : (sec)
       Accuracy (% rel h)     : (% rel h)
       Aspiration             : (UNASPIRATED/NATURAL/FAN/etc)
       Height Diff to Ant     : (m)
       Calibration date       : (CCYY-MM-DD)
       Effective Dates        : (CCYY-MM-DD/CCYY-MM-DD)
       Notes                  : (multiple lines)

8.2.x Pressure Sensor Model   : 
       Manufacturer           : 
       Serial Number          : 
       Data Sampling Interval : (sec)
       Accuracy               : (hPa)
       Height Diff to Ant     : (m)
       Calibration date       : (CCYY-MM-DD)
       Effective Dates        : (CCYY-MM-DD/CCYY-MM-DD)
       Notes                  : (multiple lines)

8.3.x Temp. Sensor Model      : 
       Manufacturer           : 
       Serial Number          : 
       Data Sampling Interval : (sec)
       Accuracy               : (deg C)
       Aspiration             : (UNASPIRATED/NATURAL/FAN/etc)
       Height Diff to Ant     : (m)
       Calibration date       : (CCYY-MM-DD)
       Effective Dates        : (CCYY-MM-DD/CCYY-MM-DD)
       Notes                  : (multiple lines)

8.4.x Water Vapor Radiometer  : 
       Manufacturer           :
       Serial Number          :
       Distance to Antenna    : (m)
       Height Diff to Ant     : (m)
       Calibration date       : (CCYY-MM-DD)
       Effective Dates        : (CCYY-MM-DD/CCYY-MM-DD)
       Notes                  : (multiple lines)

8.5.x Other Instrumentation   : (multiple lines)


9.  Local Ongoing Conditions Possibly Affecting Computed Position

9.1.x Radio Interferences     : (TV/CELL PHONE ANTENNA/RADAR/etc)
       Observed Degradations  : (SN RATIO/DATA GAPS/etc)
       Effective Dates        : (CCYY-MM-DD/CCYY-MM-DD)
       Additional Information : (multiple lines)

9.2.x Multipath Sources       : (METAL ROOF/DOME/VLBI ANTENNA/etc)
       Effective Dates        : (CCYY-MM-DD/CCYY-MM-DD)
       Additional Information : (multiple lines)

9.3.x Signal Obstructions     : (TREES/BUILDINGS/etc)
       Effective Dates        : (CCYY-MM-DD/CCYY-MM-DD)
       Additional Information : (multiple lines)

10.  Local Episodic Effects Possibly Affecting Data Quality

10.x Date                     : (CCYY-MM-DD/CCYY-MM-DD)
     Event                    : (TREE CLEARING/CONSTRUCTION/etc)

11.   On-Site, Point of Contact Agency Information

     Agency                   : USGS
     Preferred Abbreviation   : USGS
     Mailing Address          : Pasadena Field Office, 525 S Wilson Ave
                              : Pasadena, CA  91107
     Primary Contact
       Contact Name           : Ken Hudnut
       Telephone (primary)    : 626-583-7232
       Telephone (secondary)  :
       Fax                    : 626-583-7827
       E-mail                 : hudnut@usgs.gov
     Secondary Contact
       Contact Name           : Dan Determan
       Telephone (primary)    : 626-583-6729
       Telephone (secondary)  :
       Fax                    : 
       E-mail                 : ddeterman@usgs.gov
     Additional Information   : (multiple lines)


12.  Responsible Agency (if different from 11.)

     Agency                   :
     Preferred Abbreviation   : (A10)
     Mailing Address          :
     Primary Contact
       Contact Name           : 
       Telephone (primary)    : 
       Telephone (secondary)  :
       Fax                    : 
       E-mail                 : 
     Secondary Contact
       Contact Name           :
       Telephone (primary)    :
       Telephone (secondary)  :
       Fax                    :
       E-mail                 :
     Additional Information   : (multiple lines)


13.  More Information

     Primary Data Center      : UNAVCO Boulder Facility Archive
     Secondary Data Center    : 
     URL for More Information : http://www.unavco.org
     Hardcopy on File
       Site Map               : (Y or URL)
       Site Diagram           : (Y or URL)
       Horizon Mask           : (Y or URL)
       Monument Description   : (Y or URL)
       Site Pictures          : (Y or URL)
     Additional Information   : (multiple lines)
     Antenna Graphics with Dimensions

TRM55971.00
TRM57971.00

   / --------------------------------------------- \
  +                                                 +
   \ --------------------------------------------- /
                   \               /
                    \             /
                     \-----+-----/                        <--  0.0000  BAM=ARP

  <--                    0.3396                   -->                  Notches
