
     GLSV00UKR Site Information Form (site log)
     International GNSS Service
     See Instructions at:
       ftp://igs.org/pub/station/general/sitelog_instr.txt

0.   Form

     Prepared by (full name)  : Dr. Oleg Khoda
     Date Prepared            : 2020-05-08
     Report Type              : UPDATE
     If Update:
      Previous Site Log       : glsv_20190627.log
      Modified/Added Sections : 2, 3.12, 3.13


1.   Site Identification of the GNSS Monument

     Site Name                : Kiev/Golosiiv
     Four Character ID        : GLSV
     Monument Inscription     : 
     IERS DOMES Number        : 12356M001
     CDP Number               : 
     Monument Description     : STEEL PILLAR
       Height of the Monument : 
       Monument Foundation    : ROOF
       Foundation Depth       : 
     Marker Description       : 
     Date Installed           : 1997-07-01T00:00Z
     Geologic Characteristic  : 
       Bedrock Type           : 
       Bedrock Condition      : 
       Fracture Spacing       : 
       Fault zones nearby     : 
         Distance/activity    : 
     Additional Information   : Top of steel pillar on the roof
                              : of the main office.
                              : Exact date in Jul 1997 not known.


2.   Site Location Information

     City or Town             : Kiev
     State or Province        : City of Kiev
     Country                  : Ukraine
     Tectonic Plate           : EURASIAN
     Approximate Position (ITRF)
       X coordinate (m)       : 3512889.290
       Y coordinate (m)       : 2068980.654
       Z coordinate (m)       : 4888903.261
       Latitude (N is +)      : +502151.04
       Longitude (E is +)     : +0302948.26
       Elevation (m,ellips.)  : 226.8
     Additional Information   : 


3.   GNSS Receiver Information

3.1  Receiver Type            : TRIMBLE 4000SSI
     Satellite System         : GPS
     Serial Number            : 18643
     Firmware Version         : 7.15
     Elevation Cutoff Setting : 5 deg
     Date Installed           : 1997-12-16T00:00Z
     Date Removed             : 1999-06-24T08:53Z
     Temperature Stabiliz.    : 
     Additional Information   : 

3.2  Receiver Type            : TRIMBLE 4000SSI
     Satellite System         : GPS
     Serial Number            : 18643
     Firmware Version         : 7.29
     Elevation Cutoff Setting : 5 deg
     Date Installed           : 1999-06-24T12:00Z
     Date Removed             : 2000-04-21T06:50Z
     Temperature Stabiliz.    : 
     Additional Information   : 

3.3  Receiver Type            : TRIMBLE 4000SSI
     Satellite System         : GPS
     Serial Number            : 18643
     Firmware Version         : 7.19A
     Elevation Cutoff Setting : 5 deg
     Date Installed           : 2000-04-21T07:00Z
     Date Removed             : 2002-06-26T10:00Z
     Temperature Stabiliz.    : 
     Additional Information   : 

3.4  Receiver Type            : TRIMBLE 4000SSI
     Satellite System         : GPS
     Serial Number            : 18643
     Firmware Version         : 7.19B
     Elevation Cutoff Setting : 5 deg
     Date Installed           : 2002-06-26T10:00Z
     Date Removed             : 2007-11-12T12:00Z
     Temperature Stabiliz.    : 
     Additional Information   : 

3.5  Receiver Type            : NOV OEMV3
     Satellite System         : GPS+GLO
     Serial Number            : 30002
     Firmware Version         : 3.20
     Elevation Cutoff Setting : 5 deg
     Date Installed           : 2007-11-13T12:00Z
     Date Removed             : 2009-04-03T08:16Z
     Temperature Stabiliz.    : 
     Additional Information   : 

3.6  Receiver Type            : NOV OEMV3
     Satellite System         : GPS+GLO
     Serial Number            : 30002
     Firmware Version         : 3.62
     Elevation Cutoff Setting : 5 deg
     Date Installed           : 2009-04-03T08:53Z
     Date Removed             : 2009-12-14T08:58Z
     Temperature Stabiliz.    : 
     Additional Information   : 

3.7  Receiver Type            : NOV OEMV3
     Satellite System         : GPS+GLO
     Serial Number            : 00001
     Firmware Version         : 3.700
     Elevation Cutoff Setting : 0 deg
     Date Installed           : 2009-12-14T09:23Z
     Date Removed             : 2010-04-29T10:58Z
     Temperature Stabiliz.    : 
     Additional Information   : 

3.8  Receiver Type            : NOV OEMV3
     Satellite System         : GPS+GLO
     Serial Number            : 00001
     Firmware Version         : 3.620
     Elevation Cutoff Setting : 0 deg
     Date Installed           : 2010-04-29T10:58Z
     Date Removed             : 2010-04-30T09:15Z
     Temperature Stabiliz.    : 
     Additional Information   : 

3.9  Receiver Type            : NOV OEMV3
     Satellite System         : GPS+GLO
     Serial Number            : 50017
     Firmware Version         : 3.701
     Elevation Cutoff Setting : 0 deg
     Date Installed           : 2010-04-30T09:27Z
     Date Removed             : 2010-04-30T09:35Z
     Temperature Stabiliz.    : 
     Additional Information   : 

3.10 Receiver Type            : NOV OEMV3
     Satellite System         : GPS+GLO
     Serial Number            : 00001
     Firmware Version         : 3.701
     Elevation Cutoff Setting : 0 deg
     Date Installed           : 2010-04-30T09:35Z
     Date Removed             : 2017-07-24T07:45Z
     Temperature Stabiliz.    : 
     Additional Information   : 

3.11 Receiver Type            : NOV OEMV3
     Satellite System         : GPS+GLO
     Serial Number            : 50017
     Firmware Version         : 3.906
     Elevation Cutoff Setting : 0 deg
     Date Installed           : 2017-07-24T07:45Z
     Date Removed             : 2019-06-21T09:15Z
     Temperature Stabiliz.    : 
     Additional Information   : 

3.12 Receiver Type            : TRIMBLE NETR9
     Satellite System         : GPS+GLO+GAL+BDS+QZSS+SBAS
     Serial Number            : 5821R50277
     Firmware Version         : 5.37
     Elevation Cutoff Setting : 0 deg
     Date Installed           : 2019-06-21T15:30Z
     Date Removed             : 2020-05-07T17:27Z
     Temperature Stabiliz.    : 
     Additional Information   : 

3.13 Receiver Type            : TRIMBLE NETR9
     Satellite System         : GPS+GLO+GAL+BDS+QZSS
     Serial Number            : 5821R50277
     Firmware Version         : 5.45
     Elevation Cutoff Setting : 0 deg
     Date Installed           : 2020-05-07T17:40Z
     Date Removed             : CCYY-MM-DDThh:mmZ
     Temperature Stabiliz.    : 
     Additional Information   : 

3.x  Receiver Type            : (A20, from rcvr_ant.tab; see instructions)
     Satellite System         : (GPS+GLO+GAL+BDS+QZSS+SBAS)
     Serial Number            : (A20, but note the first A5 is used in SINEX)
     Firmware Version         : (A11)
     Elevation Cutoff Setting : (deg)
     Date Installed           : (CCYY-MM-DDThh:mmZ)
     Date Removed             : (CCYY-MM-DDThh:mmZ)
     Temperature Stabiliz.    : (none or tolerance in degrees C)
     Additional Information   : (multiple lines)


4.   GNSS Antenna Information

4.1  Antenna Type             : TRM29659.00     NONE
     Serial Number            : 85217
     Antenna Reference Point  : BPA
     Marker->ARP Up Ecc. (m)  : 0.0000
     Marker->ARP North Ecc(m) : 0.0000
     Marker->ARP East Ecc(m)  : 0.0000
     Alignment from True N    : 180 deg
     Antenna Radome Type      : NONE
     Radome Serial Number     : 
     Antenna Cable Type       : Trimble
     Antenna Cable Length     : 30 m
     Date Installed           : 1997-12-16T00:00Z
     Date Removed             : 2007-11-12T12:00Z
     Additional Information   : There is not a north point on the Choke Rings
                              : antenna (TRM29659.00).

4.2  Antenna Type             : NOV702GG        NONE
     Serial Number            : 80001
     Antenna Reference Point  : BAM
     Marker->ARP Up Ecc. (m)  : 0.0000
     Marker->ARP North Ecc(m) : 0.0000
     Marker->ARP East Ecc(m)  : 0.0000
     Alignment from True N    : 160 deg
     Antenna Radome Type      : NONE
     Radome Serial Number     : 
     Antenna Cable Type       : NovAtel
     Antenna Cable Length     : 30 m
     Date Installed           : 2007-11-13T12:00Z
     Date Removed             : 2019-06-21T09:15Z
     Additional Information   : There is not a north point on the NovAtel
                              : antenna (NOV702GG)

4.3  Antenna Type             : TRM115000.00    NONE
     Serial Number            : 1551038935
     Antenna Reference Point  : BAM
     Marker->ARP Up Ecc. (m)  : 0.0000
     Marker->ARP North Ecc(m) : 0.0000
     Marker->ARP East Ecc(m)  : 0.0000
     Alignment from True N    : 30 deg
     Antenna Radome Type      : NONE
     Radome Serial Number     : 
     Antenna Cable Type       : LMR-400
     Antenna Cable Length     : 30 m
     Date Installed           : 2019-06-21T15:30Z
     Date Removed             : 2019-06-24T07:46Z
     Additional Information   : 

4.4  Antenna Type             : TRM115000.00    NONE
     Serial Number            : 1551038935
     Antenna Reference Point  : BAM
     Marker->ARP Up Ecc. (m)  : 0.0000
     Marker->ARP North Ecc(m) : 0.0000
     Marker->ARP East Ecc(m)  : 0.0000
     Alignment from True N    : 0 deg
     Antenna Radome Type      : NONE
     Radome Serial Number     : 
     Antenna Cable Type       : LMR-400
     Antenna Cable Length     : 30 m
     Date Installed           : 2019-06-24T08:05Z
     Date Removed             : CCYY-MM-DDThh:mmZ
     Additional Information   : 

4.x  Antenna Type             : (A20, from rcvr_ant.tab; see instructions)
     Serial Number            : (A*, but note the first A5 is used in SINEX)
     Antenna Reference Point  : (BPA/BCR/XXX from "antenna.gra"; see instr.)
     Marker->ARP Up Ecc. (m)  : (F8.4)
     Marker->ARP North Ecc(m) : (F8.4)
     Marker->ARP East Ecc(m)  : (F8.4)
     Alignment from True N    : (deg; + is clockwise/east)
     Antenna Radome Type      : (A4 from rcvr_ant.tab; see instructions)
     Radome Serial Number     : 
     Antenna Cable Type       : (vendor & type number)
     Antenna Cable Length     : (m)
     Date Installed           : (CCYY-MM-DDThh:mmZ)
     Date Removed             : (CCYY-MM-DDThh:mmZ)
     Additional Information   : (multiple lines)


5.   Surveyed Local Ties

5.1  Tied Marker Name         : KIEA
     Tied Marker Usage        : LOCAL CONTROL
     Tied Marker CDP Number   : 
     Tied Marker DOMES Number : 
     Differential Components from GNSS Marker to the tied monument (ITRS)
       dx (m)                 : 0.000
       dy (m)                 : 0.000
       dz (m)                 : 0.000
     Accuracy (mm)            : 
     Survey method            : GPS
     Date Measured            : (CCYY-MM-DDThh:mmZ)
     Additional Information   : KIEA is GIG'91, GIG'92, GEODUC'93
                              : (as KIEV) and EUREF-UKR'95 (as KIEA) point

5.2  Tied Marker Name         : GLSL
     Tied Marker Usage        : SLR
     Tied Marker CDP Number   : 1824
     Tied Marker DOMES Number : 12356S001
     Differential Components from GNSS Marker to the tied monument (ITRS)
       dx (m)                 : 102.369
       dy (m)                 : -13.540
       dz (m)                 : -83.534
     Accuracy (mm)            : 1 mm
     Survey method            : Classic geodetic surveys
     Date Measured            : 1998-09-01T00:00Z
     Additional Information   : WGS-84
                              : Exact date in Sep 1998 not known

5.3  Tied Marker Name         : GLSV
     Tied Marker Usage        : GNSS
     Tied Marker CDP Number   : 
     Tied Marker DOMES Number : 12356M001
     Differential Components from GNSS Marker to the tied monument (ITRS)
       dx (m)                 : 1.755
       dy (m)                 : -2.722
       dz (m)                 : 1.778
     Accuracy (mm)            : 1 mm
     Survey method            : Classic geodetic surveys
     Date Measured            : 1998-09-01T00:00Z
     Additional Information   : WGS-84
                              : Exact date in Sep 1998 not known

5.x  Tied Marker Name         : 
     Tied Marker Usage        : (SLR/VLBI/LOCAL CONTROL/FOOTPRINT/etc)
     Tied Marker CDP Number   : (A4)
     Tied Marker DOMES Number : (A9)
     Differential Components from GNSS Marker to the tied monument (ITRS)
       dx (m)                 : (m)
       dy (m)                 : (m)
       dz (m)                 : (m)
     Accuracy (mm)            : (mm)
     Survey method            : (GPS CAMPAIGN/TRILATERATION/TRIANGULATION/etc)
     Date Measured            : (CCYY-MM-DDThh:mmZ)
     Additional Information   : (multiple lines)


6.   Frequency Standard

6.1  Standard Type            : INTERNAL
       Input Frequency        : 
       Effective Dates        : 1997-12-16/2007-11-12
       Notes                  : 

6.2  Standard Type            : EXTERNAL RUBIDIUM
       Input Frequency        : 5 MHz
       Effective Dates        : 2007-11-13/2008-11-04
       Notes                  : till 13:42 UTC

6.3  Standard Type            : INTERNAL
       Input Frequency        : 
       Effective Dates        : 2008-11-04/CCYY-MM-DD
       Notes                  : since 13:42 UTC

6.x  Standard Type            : (INTERNAL or EXTERNAL H-MASER/CESIUM/etc)
       Input Frequency        : (if external)
       Effective Dates        : (CCYY-MM-DD/CCYY-MM-DD)
       Notes                  : (multiple lines)


7.   Collocation Information

7.1  Instrumentation Type     : SLR
       Status                 : PERMANENT
       Effective Dates        : 1997-06-01/CCYY-MM-DD
       Notes                  : Exact date in Jun 1997 not known

7.x  Instrumentation Type     : (GPS/GLONASS/DORIS/PRARE/SLR/VLBI/TIME/etc)
       Status                 : (PERMANENT/MOBILE)
       Effective Dates        : (CCYY-MM-DD/CCYY-MM-DD)
       Notes                  : (multiple lines)


8.   Meteorological Instrumentation

8.1.x  Humidity Sensor Model  : 
       Manufacturer           : 
       Serial Number          : 
       Data Sampling Interval : (sec)
       Accuracy (% rel h)     : (% rel h)
       Aspiration             : (UNASPIRATED/NATURAL/FAN/etc)
       Height Diff to Ant     : (m)
       Calibration date       : (CCYY-MM-DD)
       Effective Dates        : (CCYY-MM-DD/CCYY-MM-DD)
       Notes                  : (multiple lines)

8.2.x  Pressure Sensor Model  : 
       Manufacturer           : 
       Serial Number          : 
       Data Sampling Interval : (sec)
       Accuracy               : (hPa)
       Height Diff to Ant     : (m)
       Calibration date       : (CCYY-MM-DD)
       Effective Dates        : (CCYY-MM-DD/CCYY-MM-DD)
       Notes                  : (multiple lines)

8.3.x  Temp. Sensor Model     : 
       Manufacturer           : 
       Serial Number          : 
       Data Sampling Interval : (sec)
       Accuracy               : (deg C)
       Aspiration             : (UNASPIRATED/NATURAL/FAN/etc)
       Height Diff to Ant     : (m)
       Calibration date       : (CCYY-MM-DD)
       Effective Dates        : (CCYY-MM-DD/CCYY-MM-DD)
       Notes                  : (multiple lines)

8.4.x  Water Vapor Radiometer : 
       Manufacturer           : 
       Serial Number          : 
       Distance to Antenna    : (m)
       Height Diff to Ant     : (m)
       Calibration date       : (CCYY-MM-DD)
       Effective Dates        : (CCYY-MM-DD/CCYY-MM-DD)
       Notes                  : (multiple lines)

8.5.x  Other Instrumentation  : (multiple lines)


9.   Local Ongoing Conditions Possibly Affecting Computed Position

9.1.x  Radio Interferences    : (TV/CELL PHONE ANTENNA/RADAR/etc)
       Observed Degradations  : (SN RATIO/DATA GAPS/etc)
       Effective Dates        : (CCYY-MM-DD/CCYY-MM-DD)
       Additional Information : (multiple lines)

9.2.x  Multipath Sources      : (METAL ROOF/DOME/VLBI ANTENNA/etc)
       Effective Dates        : (CCYY-MM-DD/CCYY-MM-DD)
       Additional Information : (multiple lines)

9.3.x  Signal Obstructions    : (TREES/BUILDINGS/etc)
       Effective Dates        : (CCYY-MM-DD/CCYY-MM-DD)
       Additional Information : (multiple lines)


10.  Local Episodic Effects Possibly Affecting Data Quality

10.x Date                     : (CCYY-MM-DD/CCYY-MM-DD)
     Event                    : (TREE CLEARING/CONSTRUCTION/etc)

11.  On-Site, Point of Contact Agency Information

     Agency                   : Main Astronomical Observatory of the National
                              : Academy of Sciences of Ukraine
                              : Department of Astrometry and Space Geodynamics
     Preferred Abbreviation   : MAO
     Mailing Address          : Academician Zabolotny Street 27
                              : 03143 Kiev
                              : Ukraine
     Primary Contact
       Contact Name           : Dr. Oleg Khoda
       Telephone (primary)    : +380 44 526 4759
       Telephone (secondary)  : 
       Fax                    : +380 44 526 2147
       E-mail                 : oleg@mao.kiev.ua
     Secondary Contact
       Contact Name           : 
       Telephone (primary)    : 
       Telephone (secondary)  : 
       Fax                    : 
       E-mail                 : 
     Additional Information   : 


12.  Responsible Agency (if different from 11.)

     Agency                   : 
     Preferred Abbreviation   : 
     Mailing Address          : 
     Primary Contact
       Contact Name           : 
       Telephone (primary)    : 
       Telephone (secondary)  : 
       Fax                    : 
       E-mail                 : 
     Secondary Contact
       Contact Name           : 
       Telephone (primary)    : 
       Telephone (secondary)  : 
       Fax                    : 
       E-mail                 : 
     Additional Information   : 

13.  More Information

     Primary Data Center      : BKG
     Secondary Data Center    : BEV
     URL for More Information : 
     Hardcopy on File
       Site Map               : 
       Site Diagram           : 
       Horizon Mask           : 
       Monument Description   : 
       Site Pictures          : 
     Additional Information   : IGNI is the third Data Center
     Antenna Graphics with Dimensions

TRM115000.00

   / --------------------------------------------- \
  +                                                 +
   \ --------------------------------------------- /
                   \               /
                    \             /
                     \-----x-----/                        <--  0.0000  BAM=ARP
                                                                       RXC=NRP
  <--                    0.3396                   -->                  Notches



NOV702GG
                          / \
                  /                 \
          /                +                \
   /                       +                       \
   -------------------------------------------------
   -------------------------------------------------
   \                                               /
          \                                 /
                  \                 /
                       |       |
                        |     |
                        +  x  +                           <--  0.0000  BAM=ARP

   ARP: Antenna Reference Point
   L1 : L1 Phase Center                   L2 : L2 Phase Center
   TCR: Top of Chokering                  BCR: Bottom of Chokering
   TGP: Top of Ground Plane               BGP: Bottom of Ground Plane
   TPA: Top of Preamplifier               BPA: Bottom of Preamplifier
   TOP: Top of Pole                       BAM: Bottom of antenna mount

