
     GRAZ Site Information Form (site log)
     International GNSS Service
     See Instructions at:
       ftp://igscb.jpl.nasa.gov/pub/station/general/sitelog_instr.txt

0.   Form

     Prepared by (full name)  : Ernst Zahn, BEV - Dept. V1, Vienna, Austria
     Date Prepared            : 2015-06-09
     Report Type              : UPDATE
     If Update:
      Previous Site Log       : graz_20150120.log
      Modified/Added Sections : 0, 1, 2, 3.1, 3.2, 3.3, 3.4, 3.5, 3.6, 3.7, 3.8,
                              : 3.9, 3.10, 3.11, 3.12, 3.13, 3.14, 3.15, 3.16,
                              : 3.17, 3.18, 3.19, 3.20, 3.21, 3.22, 3.23, 4.1,
                              : 4.2, 4.3, 4.4, 4.5, 4.6, 5.1, 5.2, 5.3, 5.4,
                              : 6.1, 6.2, 11, 12, 13


1.   Site Identification of the GNSS Monument

     Site Name                : Graz
     Four Character ID        : GRAZ
     Monument Inscription     : T0306-164B1 natinal TP number
     IERS DOMES Number        : 11001M002
     CDP Number               : 7839
     Monument Description     : Steel Pyramide
       Height of the Monument : 1.9 m
       Monument Foundation    : ROOF
       Foundation Depth       : 18.0 m
     Marker Description       : BRASS MARKER
     Date Installed           : 1993-06-12T12:00Z
     Geologic Characteristic  : Marker in roof of the observatory
       Bedrock Type           : SEDIMENTARY
       Bedrock Condition      : 
       Fracture Spacing       : 
       Fault zones nearby     : 
         Distance/activity    : 
     Additional Information   : Massive conrete building, laser pillar
                              : Yearly check of local excenters


2.   Site Location Information

     City or Town             : Graz
     State or Province        : Styria
     Country                  : Austria
     Tectonic Plate           : EURASIAN
     Approximate Position (ITRF)
       X coordinate (m)       : 4194424.12
       Y coordinate (m)       : 1162702.46
       Z coordinate (m)       : 4647245.19
       Latitude (N is +)      : +470401.65
       Longitude (E is +)     : +0152936.51
       Elevation (m,ellips.)  : 538.2
     Additional Information   : Amon_08


3.   GNSS Receiver Information

3.1  Receiver Type            : ROGUE SNR-8C
     Satellite System         : GPS
     Serial Number            : CR 320
     Firmware Version         : 7.00.1/4.2
     Elevation Cutoff Setting : 10 deg
     Date Installed           : 1992-06-12T12:00Z
     Date Removed             : 1996-06-25T12:00Z
     Temperature Stabiliz.    : none
     Additional Information   : 

3.2  Receiver Type            : ROGUE SNR-8000
     Satellite System         : GPS
     Serial Number            : T 351
     Firmware Version         : 7.8
     Elevation Cutoff Setting : 10 deg
     Date Installed           : 1996-06-25T14:00Z
     Date Removed             : 1997-09-06T00:00Z
     Temperature Stabiliz.    : none
     Additional Information   : 

3.3  Receiver Type            : ROGUE SNR-8000
     Satellite System         : GPS
     Serial Number            : T 393
     Firmware Version         : 7.8
     Elevation Cutoff Setting : 5 deg
     Date Installed           : 1997-09-09T12:51Z
     Date Removed             : 1998-06-08T18:23Z
     Temperature Stabiliz.    : none
     Additional Information   : 

3.4  Receiver Type            : ROGUE SNR-8000
     Satellite System         : GPS
     Serial Number            : T 351
     Firmware Version         : 7.8
     Elevation Cutoff Setting : 5 deg
     Date Installed           : 1998-06-08T18:29Z
     Date Removed             : 1999-06-16T12:00Z
     Temperature Stabiliz.    : none
     Additional Information   : 

3.5  Receiver Type            : ROGUE SNR-8000
     Satellite System         : GPS
     Serial Number            : T 351
     Firmware Version         : 3.2.32.9
     Elevation Cutoff Setting : 5 deg
     Date Installed           : 1999-06-16T13:00Z
     Date Removed             : 2000-05-10T12:00Z
     Temperature Stabiliz.    : none
     Additional Information   : 

3.6  Receiver Type            : AOA SNR-8000 ACT
     Satellite System         : GPS
     Serial Number            : T 408U
     Firmware Version         : 3.3.32.3
     Elevation Cutoff Setting : 5 deg
     Date Installed           : 2000-05-10T13:00Z
     Date Removed             : 2000-07-01T08:00Z
     Temperature Stabiliz.    : none
     Additional Information   : 

3.7  Receiver Type            : ROGUE SNR-8000
     Satellite System         : GPS
     Serial Number            : T 351
     Firmware Version         : 3.2.32.9
     Elevation Cutoff Setting : 5 deg
     Date Installed           : 2000-07-01T08:00Z
     Date Removed             : 2001-04-29T12:10Z
     Temperature Stabiliz.    : none
     Additional Information   : 

3.8  Receiver Type            : ASHTECH UZ-12
     Satellite System         : GPS
     Serial Number            : ZR20011108
     Firmware Version         : CJ100
     Elevation Cutoff Setting : 5 deg
     Date Installed           : 2001-05-07T17:58Z
     Date Removed             : 2001-05-31T23:59Z
     Temperature Stabiliz.    : none
     Additional Information   : 

3.9  Receiver Type            : ASHTECH UZ-12
     Satellite System         : GPS
     Serial Number            : ZR20011108
     Firmware Version         : CJ100
     Elevation Cutoff Setting : 5 deg
     Date Installed           : 2001-06-01T00:00Z
     Date Removed             : 2005-03-17T09:00Z
     Temperature Stabiliz.    : none
     Additional Information   : 

3.10 Receiver Type            : TRIMBLE NETRS
     Satellite System         : GPS
     Serial Number            : 4345228748
     Firmware Version         : 1.1-1
     Elevation Cutoff Setting : 0 deg
     Date Installed           : 2005-03-17T10:00Z
     Date Removed             : 2005-12-15T10:45Z
     Temperature Stabiliz.    : none
     Additional Information   : 

3.11 Receiver Type            : TRIMBLE NETRS
     Satellite System         : GPS
     Serial Number            : 4345228748
     Firmware Version         : 1.1-3 28 Apr 2005
     Elevation Cutoff Setting : 0 deg
     Date Installed           : 2005-12-15T10:45Z
     Date Removed             : 2010-05-18T09:00Z
     Temperature Stabiliz.    : none
     Additional Information   : 

3.12 Receiver Type            : LEICA GRX1200+GNSS
     Satellite System         : GPS+GLO+GAL
     Serial Number            : 495524
     Firmware Version         : 7.80 / 4.004
     Elevation Cutoff Setting : 0 deg
     Date Installed           : 2010-05-18T09:00Z
     Date Removed             : 2010-09-07T06:00Z
     Temperature Stabiliz.    : none
     Additional Information   : 

3.13 Receiver Type            : LEICA GRX1200+GNSS
     Satellite System         : GPS+GLO+GAL
     Serial Number            : 495524
     Firmware Version         : 8.00 / 4.005
     Elevation Cutoff Setting : 0 deg
     Date Installed           : 2010-09-07T06:00Z
     Date Removed             : 2010-10-29T06:25Z
     Temperature Stabiliz.    : none
     Additional Information   : 

3.14 Receiver Type            : LEICA GRX1200+GNSS
     Satellite System         : GPS+GLO+GAL
     Serial Number            : 495524
     Firmware Version         : 8.00 / 4.007
     Elevation Cutoff Setting : 0 deg
     Date Installed           : 2010-10-29T06:40Z
     Date Removed             : 2010-11-18T09:20Z
     Temperature Stabiliz.    : none
     Additional Information   : 

3.15 Receiver Type            : LEICA GRX1200+GNSS
     Satellite System         : GPS+GLO+GAL
     Serial Number            : 495524
     Firmware Version         : 8.01 / 4.007
     Elevation Cutoff Setting : 0 deg
     Date Installed           : 2010-11-18T09:20Z
     Date Removed             : 2011-03-28T13:14Z
     Temperature Stabiliz.    : none
     Additional Information   : 

3.16 Receiver Type            : LEICA GRX1200+GNSS
     Satellite System         : GPS+GLO+GAL
     Serial Number            : 495524
     Firmware Version         : 8.10 / 4.007
     Elevation Cutoff Setting : 0 deg
     Date Installed           : 2011-03-28T13:20Z
     Date Removed             : 2011-06-22T07:34Z
     Temperature Stabiliz.    : none
     Additional Information   : 

3.17 Receiver Type            : LEICA GRX1200+GNSS
     Satellite System         : GPS+GLO+GAL
     Serial Number            : 495524
     Firmware Version         : 8.20 / 4.007
     Elevation Cutoff Setting : 0 deg
     Date Installed           : 2011-06-22T07:43Z
     Date Removed             : 2012-01-31T15:29Z
     Temperature Stabiliz.    : none
     Additional Information   : 

3.18 Receiver Type            : LEICA GRX1200+GNSS
     Satellite System         : GPS+GLO+GAL
     Serial Number            : 495524
     Firmware Version         : 8.50 / 6.110
     Elevation Cutoff Setting : 0 deg
     Date Installed           : 2012-01-31T15:46Z
     Date Removed             : 2012-02-29T10:10Z
     Temperature Stabiliz.    : none
     Additional Information   : 

3.19 Receiver Type            : LEICA GRX1200+GNSS
     Satellite System         : GPS+GLO+GAL
     Serial Number            : 495524
     Firmware Version         : 8.20 / 6.110
     Elevation Cutoff Setting : 0 deg
     Date Installed           : 2012-02-29T10:22Z
     Date Removed             : 2012-03-27T06:36Z
     Temperature Stabiliz.    : none
     Additional Information   : 

3.20 Receiver Type            : LEICA GRX1200+GNSS
     Satellite System         : GPS+GLO+GAL
     Serial Number            : 495524
     Firmware Version         : 8.51 / 6.110
     Elevation Cutoff Setting : 0 deg
     Date Installed           : 2012-03-27T06:44Z
     Date Removed             : 2013-02-19T12:41Z
     Temperature Stabiliz.    : none
     Additional Information   : 

3.21 Receiver Type            : LEICA GRX1200+GNSS
     Satellite System         : GPS+GLO+GAL
     Serial Number            : 495524
     Firmware Version         : 8.51 / 6.111
     Elevation Cutoff Setting : 0 deg
     Date Installed           : 2013-02-19T12:56Z
     Date Removed             : 2013-10-08T05:53Z
     Temperature Stabiliz.    : none
     Additional Information   : 

3.22 Receiver Type            : LEICA GRX1200+GNSS
     Satellite System         : GPS+GLO+GAL
     Serial Number            : 495524
     Firmware Version         : 8.71 / 6.112
     Elevation Cutoff Setting : 0 deg
     Date Installed           : 2013-10-08T06:13Z
     Date Removed             : 2015-01-20T07:26Z
     Temperature Stabiliz.    : none
     Additional Information   : 

3.23 Receiver Type            : LEICA GRX1200+GNSS
     Satellite System         : GPS+GLO+GAL
     Serial Number            : 495524
     Firmware Version         : 9.20 / 6.404
     Elevation Cutoff Setting : 0 deg
     Date Installed           : 2015-01-20T07:51Z
     Date Removed             : CCYY-MM-DDThh:mmZ
     Temperature Stabiliz.    : none
     Additional Information   : 

3.x  Receiver Type            : (A20, from rcvr_ant.tab; see instructions)
     Satellite System         : (GPS+GLO+GAL+BDS+QZSS+SBAS)
     Serial Number            : (A20, but note the first A5 is used in SINEX)
     Firmware Version         : (A11)
     Elevation Cutoff Setting : (deg)
     Date Installed           : (CCYY-MM-DDThh:mmZ)
     Date Removed             : (CCYY-MM-DDThh:mmZ)
     Temperature Stabiliz.    : (none or tolerance in degrees C)
     Additional Information   : (multiple lines)


4.   GNSS Antenna Information

4.1  Antenna Type             : AOAD/M_B        NONE
     Serial Number            : 128
     Antenna Reference Point  : BCR
     Marker->ARP Up Ecc. (m)  : 2.0680
     Marker->ARP North Ecc(m) : 0.0000
     Marker->ARP East Ecc(m)  : 0.0000
     Alignment from True N    : 0 deg
     Antenna Radome Type      : NONE
     Radome Serial Number     : 
     Antenna Cable Type       : 
     Antenna Cable Length     : 
     Date Installed           : 1992-06-12T12:00Z
     Date Removed             : 1996-06-25T12:00Z
     Additional Information   : 

4.2  Antenna Type             : AOAD/M_T        NONE
     Serial Number            : 457
     Antenna Reference Point  : BPA
     Marker->ARP Up Ecc. (m)  : 1.9640
     Marker->ARP North Ecc(m) : 0.0000
     Marker->ARP East Ecc(m)  : 0.0000
     Alignment from True N    : 0 deg
     Antenna Radome Type      : NONE
     Radome Serial Number     : 
     Antenna Cable Type       : 
     Antenna Cable Length     : 
     Date Installed           : 1996-06-25T14:00Z
     Date Removed             : 2001-05-07T08:00Z
     Additional Information   : 

4.3  Antenna Type             : ASH701945C_M    NONE
     Serial Number            : 11701
     Antenna Reference Point  : BPA
     Marker->ARP Up Ecc. (m)  : 1.9640
     Marker->ARP North Ecc(m) : 0.0000
     Marker->ARP East Ecc(m)  : 0.0000
     Alignment from True N    : 0 deg
     Antenna Radome Type      : NONE
     Radome Serial Number     : 
     Antenna Cable Type       : 
     Antenna Cable Length     : 
     Date Installed           : 2001-05-07T08:00Z
     Date Removed             : 2005-03-22T10:50Z
     Additional Information   : 

4.4  Antenna Type             : TRM29659.00     NONE
     Serial Number            : 73810
     Antenna Reference Point  : BPA
     Marker->ARP Up Ecc. (m)  : 1.9640
     Marker->ARP North Ecc(m) : 0.0000
     Marker->ARP East Ecc(m)  : 0.0000
     Alignment from True N    : 0 deg
     Antenna Radome Type      : NONE
     Radome Serial Number     : 
     Antenna Cable Type       : 
     Antenna Cable Length     : 
     Date Installed           : 2005-03-22T10:50Z
     Date Removed             : 2005-11-02T12:03Z
     Additional Information   : 

4.5  Antenna Type             : TRM29659.00     NONE
     Serial Number            : 91637
     Antenna Reference Point  : BPA
     Marker->ARP Up Ecc. (m)  : 1.9640
     Marker->ARP North Ecc(m) : 0.0000
     Marker->ARP East Ecc(m)  : 0.0000
     Alignment from True N    : 0 deg
     Antenna Radome Type      : NONE
     Radome Serial Number     : 
     Antenna Cable Type       : 
     Antenna Cable Length     : 
     Date Installed           : 2005-11-02T12:09Z
     Date Removed             : 2010-05-18T09:00Z
     Additional Information   : 

4.6  Antenna Type             : LEIAR25.R3      LEIT
     Serial Number            : 09400005
     Antenna Reference Point  : BPA
     Marker->ARP Up Ecc. (m)  : 1.9640
     Marker->ARP North Ecc(m) : 0.0000
     Marker->ARP East Ecc(m)  : 0.0000
     Alignment from True N    : 0 deg
     Antenna Radome Type      : LEIT
     Radome Serial Number     : 2009/27
     Antenna Cable Type       : 
     Antenna Cable Length     : 
     Date Installed           : 2010-05-18T09:00Z
     Date Removed             : CCYY-MM-DDThh:mmZ
     Additional Information   : 

4.x  Antenna Type             : (A20, from rcvr_ant.tab; see instructions)
     Serial Number            : (A*, but note the first A5 is used in SINEX)
     Antenna Reference Point  : (BPA/BCR/XXX from "antenna.gra"; see instr.)
     Marker->ARP Up Ecc. (m)  : (F8.4)
     Marker->ARP North Ecc(m) : (F8.4)
     Marker->ARP East Ecc(m)  : (F8.4)
     Alignment from True N    : (deg; + is clockwise/east)
     Antenna Radome Type      : (A4 from rcvr_ant.tab; see instructions)
     Radome Serial Number     : 
     Antenna Cable Type       : (vendor & type number)
     Antenna Cable Length     : (m)
     Date Installed           : (CCYY-MM-DDThh:mmZ)
     Date Removed             : (CCYY-MM-DDThh:mmZ)
     Additional Information   : (multiple lines)


5.   Surveyed Local Ties

5.1  Tied Marker Name         : T0306-164H4
     Tied Marker Usage        : LOCAL CONTROL
     Tied Marker CDP Number   : 7839
     Tied Marker DOMES Number : 11001M002
     Differential Components from GNSS Marker to the tied monument (ITRS)
       dx (m)                 : 0.000
       dy (m)                 : 0.000
       dz (m)                 : 0.000
     Accuracy (mm)            : 0 mm
     Survey method            : TRIANGULATION
     Date Measured            : 2005-10-18T12:00Z
     Additional Information   : 

5.2  Tied Marker Name         : Laser (az/el axis)
     Tied Marker Usage        : LOCAL CONTROL
     Tied Marker CDP Number   : 7839
     Tied Marker DOMES Number : 11001S002
     Differential Components from GNSS Marker to the tied monument (ITRS)
       dx (m)                 : -2.559
       dy (m)                 : 8.514
       dz (m)                 : -1.324
     Accuracy (mm)            : 5 mm
     Survey method            : TRIANGULATION+DISTANCE
     Date Measured            : 2005-10-18T12:00Z
     Additional Information   : Op. G/2005

5.3  Tied Marker Name         : GRAA
     Tied Marker Usage        : LOCAL CONTROL
     Tied Marker CDP Number   : 7839
     Tied Marker DOMES Number : 11011M003
     Differential Components from GNSS Marker to the tied monument (ITRS)
       dx (m)                 : 1.464
       dy (m)                 : -0.539
       dz (m)                 : -3.603
     Accuracy (mm)            : 1 mm
     Survey method            : TRIANGULATION
     Date Measured            : 1992-11-15T00:00Z
     Additional Information   : 

5.4  Tied Marker Name         : GRAB
     Tied Marker Usage        : GPS+GLONASS
     Tied Marker CDP Number   : 7839
     Tied Marker DOMES Number : 11011M004
     Differential Components from GNSS Marker to the tied monument (ITRS)
       dx (m)                 : -1.102
       dy (m)                 : 1.868
       dz (m)                 : -2.045
     Accuracy (mm)            : 5 mm
     Survey method            : TRIANGULATION+DISTANCE
     Date Measured            : 2005-10-18T12:00Z
     Additional Information   : Op. G/2005

5.x  Tied Marker Name         : 
     Tied Marker Usage        : (SLR/VLBI/LOCAL CONTROL/FOOTPRINT/etc)
     Tied Marker CDP Number   : (A4)
     Tied Marker DOMES Number : (A9)
     Differential Components from GNSS Marker to the tied monument (ITRS)
       dx (m)                 : (m)
       dy (m)                 : (m)
       dz (m)                 : (m)
     Accuracy (mm)            : (mm)
     Survey method            : (GPS CAMPAIGN/TRILATERATION/TRIANGULATION/etc)
     Date Measured            : (CCYY-MM-DDThh:mmZ)
     Additional Information   : (multiple lines)


6.   Frequency Standard
6.1  Standard Type            : EXTERNAL CESIUM
       Input Frequency        : 5 MHz
       Effective Dates        : 1992-06-12/2000-01-01
       Notes                  : 

6.2  Standard Type            : EXTERNAL RUBIDIUM
       Input Frequency        : 5 MHz
       Effective Dates        : 2000-05-10/CCYY-MM-DD
       Notes                  : In operation

6.x  Standard Type            : (INTERNAL or EXTERNAL H-MASER/CESIUM/etc)
       Input Frequency        : (if external)
       Effective Dates        : (CCYY-MM-DD/CCYY-MM-DD)
       Notes                  : (multiple lines)


7.   Collocation Information

7.1  Instrumentation Type     : SLR
       Status                 : PERMANENT
       Effective Dates        : 1982-09-15/CCYY-MM-DD
       Notes                  : 

7.2  Instrumentation Type     : Absolute Gravity Measurements
       Status                 : MOBILE
       Effective Dates        : 2001-04-05/CCYY-MM-DD
       Notes                  : 

7.x  Instrumentation Type     : (GPS/GLONASS/DORIS/PRARE/SLR/VLBI/TIME/etc)
       Status                 : (PERMANENT/MOBILE)
       Effective Dates        : (CCYY-MM-DD/CCYY-MM-DD)
       Notes                  : (multiple lines)


8.   Meteorological Instrumentation

8.1.1  Humidity Sensor Model  : ParoScientific
       Manufacturer           : ParoScientific
       Serial Number          : 
       Data Sampling Interval : 60 sec
       Accuracy (% rel h)     : 2
       Aspiration             : NATURAL
       Height Diff to Ant     : 3 m
       Calibration date       : (CCYY-MM-DD)
       Effective Dates        : 2003-07-01/CCYY-MM-DD
       Notes                  : 

8.1.x  Humidity Sensor Model  : 
       Manufacturer           : 
       Serial Number          : 
       Data Sampling Interval : (sec)
       Accuracy (% rel h)     : (% rel h)
       Aspiration             : (UNASPIRATED/NATURAL/FAN/etc)
       Height Diff to Ant     : (m)
       Calibration date       : (CCYY-MM-DD)
       Effective Dates        : (CCYY-MM-DD/CCYY-MM-DD)
       Notes                  : (multiple lines)

8.2.x  Pressure Sensor Model  : 
       Manufacturer           : 
       Serial Number          : 
       Data Sampling Interval : (sec)
       Accuracy               : (hPa)
       Height Diff to Ant     : (m)
       Calibration date       : (CCYY-MM-DD)
       Effective Dates        : (CCYY-MM-DD/CCYY-MM-DD)
       Notes                  : (multiple lines)

8.3.1  Temp. Sensor Model     : ParoScientific
       Manufacturer           : ParoScientific
       Serial Number          : 
       Data Sampling Interval : 60 sec
       Accuracy               : 0.1 deg C
       Aspiration             : NATURAL
       Height Diff to Ant     : 3 m
       Calibration date       : 
       Effective Dates        : 2003-07-01/CCYY-MM-DD
       Notes                  : 

8.3.x  Temp. Sensor Model     : 
       Manufacturer           : 
       Serial Number          : 
       Data Sampling Interval : (sec)
       Accuracy               : (deg C)
       Aspiration             : (UNASPIRATED/NATURAL/FAN/etc)
       Height Diff to Ant     : (m)
       Calibration date       : (CCYY-MM-DD)
       Effective Dates        : (CCYY-MM-DD/CCYY-MM-DD)
       Notes                  : (multiple lines)

8.4.x  Water Vapor Radiometer : 
       Manufacturer           : 
       Serial Number          : 
       Distance to Antenna    : (m)
       Height Diff to Ant     : (m)
       Calibration date       : (CCYY-MM-DD)
       Effective Dates        : (CCYY-MM-DD/CCYY-MM-DD)
       Notes                  : (multiple lines)

8.5.x  Other Instrumentation  : (multiple lines)


9.   Local Ongoing Conditions Possibly Affecting Computed Position

9.1.x  Radio Interferences    : (TV/CELL PHONE ANTENNA/RADAR/etc)
       Observed Degradations  : (SN RATIO/DATA GAPS/etc)
       Effective Dates        : (CCYY-MM-DD/CCYY-MM-DD)
       Additional Information : (multiple lines)

9.2.x  Multipath Sources      : (METAL ROOF/DOME/VLBI ANTENNA/etc)
       Effective Dates        : (CCYY-MM-DD/CCYY-MM-DD)
       Additional Information : (multiple lines)

9.3.x  Signal Obstructions    : (TREES/BUILDINGS/etc)
       Effective Dates        : (CCYY-MM-DD/CCYY-MM-DD)
       Additional Information : (multiple lines)


10.  Local Episodic Effects Possibly Affecting Data Quality

10.x Date                     : (CCYY-MM-DD/CCYY-MM-DD)
     Event                    : (TREE CLEARING/CONSTRUCTION/etc)

11.  On-Site, Point of Contact Agency Information

     Agency                   : Federal Office of Metrology and
                              : Surveying
     Preferred Abbreviation   : BEV
     Mailing Address          : Schiffamtsgasse 1-3, A - 1020 Wien
                              : Austria
     Primary Contact
       Contact Name           : Dept. Control Survey
       Telephone (primary)    : +43/676/8210-1111
       Telephone (secondary)  : +43/1/21110-3200
       Fax                    : 
       E-mail                 : apos.admin@bev.gv.at
     Secondary Contact
       Contact Name           : Ernst Zahn
       Telephone (primary)    : +43/1/21110-3209
       Telephone (secondary)  : +43/676/8210-3209
       Fax                    : 
       E-mail                 : ernst.zahn@bev.gv.at
     Additional Information   : 


12.  Responsible Agency (if different from 11.)

     Agency                   : 
     Preferred Abbreviation   : 
     Mailing Address          : 
     Primary Contact
       Contact Name           : 
       Telephone (primary)    : 
       Telephone (secondary)  : 
       Fax                    : 
       E-mail                 : 
     Secondary Contact
       Contact Name           : 
       Telephone (primary)    : 
       Telephone (secondary)  : 
       Fax                    : 
       E-mail                 : 
     Additional Information   : 

13.  More Information

     Primary Data Center      : OLG
     Secondary Data Center    : 
     URL for More Information : http://www.bev.gv.at/
     Hardcopy on File
       Site Map               : 
       Site Diagram           : 
       Horizon Mask           : 
       Monument Description   : 
       Site Pictures          : 
     Additional Information   : 
     Antenna Graphics with Dimensions

Leica: LEIAR25.R3

                         +-------+                          <--  0.1995
                        /         \
                  +---+-------------+---+                   <--  0.1606  TCR
                  |                     |
               |---------------------------|
            |---------------------------------|
         |---------------------------------------|
      +---------------------------------------------+
      |                                             |
      |                                             |
    +-+---------------------------------------------+-+
    +-----------------+-------------+-----------------+     <--  0.0320  BCR
                      |             |
                      |             |
                      +------x------+                       <--  0.0000  BPA=ARP

    <--                    0.3802                   -->


     BPA: Bottom of preamplifier
     ARP: Antenna Reference Point
     L1 : L1 Phase Center                   L2 : L2 Phase Center
     TCR: Top of Chokering                  BCR: Bottom of Chokering
     TGP: Top of Ground Plane               BGP: Bottom of Ground Plane

