     GRNR Site Information Form (site log)
     International GPS Service
     See Instructions at:
       ftp://igscb.jpl.nasa.gov/pub/station/general/sitelog_instr.txt

0.   Form

     Prepared by (full name)  : Susan Jeffries
     Date Prepared            : 2014-11-13
     Report Type              : UPDATE
     If Update:
      Previous Site Log       : grnr_20141029.log
      Modified/Added Sections : (n.n,n.n,...)


1.   Site Identification of the GNSS Monument

     Site Name                : Garner Permaent Station
     Four Character ID        : GRNR
     Monument Inscription     : 
     IERS DOMES Number        : 
     CDP Number               : 
     Monument Description     : PERMANENT STATION UNSPECIFIED
       Height of the Monument :  (m)
       Monument Foundation    : UNKNOWN
       Foundation Depth       :  (m)
     Marker Description       : UNKNOWN
     Date Installed           : 1997-08-01T00:00Z
     Geologic Characteristic  : (BEDROCK/CLAY/CONGLOMERATE/GRAVEL/SAND/etc)
       Bedrock Type           : (IGNEOUS/METAMORPHIC/SEDIMENTARY)
       Bedrock Condition      : (FRESH/JOINTED/WEATHERED)
       Fracture Spacing       : Chris Zweck
       Fault zones nearby     : (YES/NO/Name of the zone)
         Distance/activity    : (multiple lines)
     Additional Information   :           



2.   Site Location Information

     City or Town             : Garner
     State or Province        : Alaska
     Country                  : USA
     Tectonic Plate           : North America
     Approximate Position (ITRF)
       X coordinate (m)       : -2416910.6682
       Y coordinate (m)       : -1453470.3991
       Z coordinate (m)       : 5702200.3226
       Latitude (N is +)      : +635008.73
       Longitude (E is +)     : -1485842.02
       Elevation (m,ellips.)  : 596.1533
     Additional Information   : Coordinates from SOPAC Ref. epoch: 2004.1694


3.  GNSS Receiver Information

3.1  Receiver Type            : TRIMBLE 4000SSI
     Satellite System         : GPS
     Serial Number            : 3607A14494
     Firmware Version         : 7.09
     Elevation Cutoff Setting : 0 deg
     Date Installed           : 1997-08-01T00:00Z
     Date Removed             : 1999-09-08T00:00Z
     Temperature Stabiliz.    : none
     Additional Information   : (multiple lines)

3.2  Receiver Type            : TRIMBLE 4000SSI
     Satellite System         : GPS
     Serial Number            : 3607A14494
     Firmware Version         : 7.19
     Elevation Cutoff Setting : 0 deg
     Date Installed           : 2000-04-25T00:00Z
     Date Removed             : 2006-05-31T00:00Z
     Temperature Stabiliz.    : none
     Additional Information   : Unknown install date.

3.3  Receiver Type            : TRIMBLE 4000SSI
     Satellite System         : GPS
     Serial Number            : 3604A14201
     Firmware Version         : 7.19b
     Elevation Cutoff Setting : 0 deg
     Date Installed           : 2006-05-31T00:00Z
     Date Removed             : 2006-06-12T00:00Z
     Temperature Stabiliz.    : none
     Additional Information   : (multiple lines)

3.4  Receiver Type            : TRIMBLE 4000SSI
     Satellite System         : GPS
     Serial Number            : 3607A14518
     Firmware Version         : 7.32
     Elevation Cutoff Setting : 0 deg
     Date Installed           : 2006-06-12T00:00Z
     Date Removed             : 2007-02-01T00:00Z
     Temperature Stabiliz.    : none
     Additional Information   : (multiple lines)

3.5  Receiver Type            : TRIMBLE 4000SSI
     Satellite System         : GPS
     Serial Number            : 3604A14201
     Firmware Version         : 7.19b
     Elevation Cutoff Setting : 0 deg
     Date Installed           : 2007-02-01T00:00Z
     Date Removed             : 2007-03-14T00:00Z
     Temperature Stabiliz.    : none
     Additional Information   : (multiple lines)

3.6  Receiver Type            : TRIMBLE 4000SSI
     Satellite System         : GPS
     Serial Number            : 3607A14518
     Firmware Version         : 7.19b
     Elevation Cutoff Setting : 0 deg
     Date Installed           : 2007-03-14T00:00Z
     Date Removed             : 2008-01-08T00:00Z
     Temperature Stabiliz.    : none
     Additional Information   : (multiple lines)

3.7  Receiver Type            : TRIMBLE 4000SSI
     Satellite System         : GPS
     Serial Number            : 3607A14493
     Firmware Version         : 7.19B
     Elevation Cutoff Setting : 0 deg
     Date Installed           : 2008-01-08T00:00Z
     Date Removed             : 2008-03-12T00:00Z
     Temperature Stabiliz.    : none
     Additional Information   : (multiple lines)

3.8  Receiver Type            : TRIMBLE 4000SSI
     Satellite System         : GPS
     Serial Number            : 3607A14518
     Firmware Version         : 7.19B
     Elevation Cutoff Setting : 0 deg
     Date Installed           : 2008-03-12T00:00Z
     Date Removed             : 2008-06-16T00:00Z
     Temperature Stabiliz.    : none
     Additional Information   : (multiple lines)

3.9  Receiver Type            : TRIMBLE 4000SSI
     Satellite System         : GPS
     Serial Number            : 3607A14494
     Firmware Version         : 7.19B
     Elevation Cutoff Setting : 0 deg
     Date Installed           : 2008-06-16T00:00Z
     Date Removed             : (CCYY-MM-DDThh:mmZ)
     Temperature Stabiliz.    : none
     Additional Information   : (multiple lines)

3.10 Receiver Type            : TRIMBLE 4000SSI
     Satellite System         : GPS
     Serial Number            : 3628A16401
     Firmware Version         : 7.19B
     Elevation Cutoff Setting : 0 deg
     Date Installed           : 2008-08-03T00:00Z
     Date Removed             : 2008-08-03T00:00Z
     Temperature Stabiliz.    : none
     Additional Information   : (multiple lines)

3.11 Receiver Type            : TRIMBLE 4000SSI
     Satellite System         : GPS
     Serial Number            : 3628A16401
     Firmware Version         : 7.19B
     Elevation Cutoff Setting : 0 deg
     Date Installed           : 2008-08-03T00:00Z
     Date Removed             : 2008-10-12T00:00Z
     Temperature Stabiliz.    : none
     Additional Information   : (multiple lines)

3.12 Receiver Type            : TRIMBLE 4000SSI
     Satellite System         : GPS
     Serial Number            : 3607A14518
     Firmware Version         : 7.19B
     Elevation Cutoff Setting : 0 deg
     Date Installed           : 2008-10-12T00:00Z
     Date Removed             : 2009-01-19T00:00Z
     Temperature Stabiliz.    : none
     Additional Information   : (multiple lines)

3.13 Receiver Type            : TRIMBLE 4000SSI
     Satellite System         : GPS
     Serial Number            : 3628A16401
     Firmware Version         : 7.19B
     Elevation Cutoff Setting : 0 deg
     Date Installed           : 2009-01-19T00:00Z
     Date Removed             : 2009-05-26T00:00Z
     Temperature Stabiliz.    : none
     Additional Information   : (multiple lines)

3.14 Receiver Type            : TRIMBLE 4000SSI
     Satellite System         : GPS
     Serial Number            : 3607A14518
     Firmware Version         : 7.19B
     Elevation Cutoff Setting : 0 deg
     Date Installed           : 2009-05-26T00:00Z
     Date Removed             : 2009-06-21T03:43Z
     Temperature Stabiliz.    : none
     Additional Information   : (multiple lines)

3.15 Receiver Type            : TRIMBLE 4000SSI
     Satellite System         : GPS
     Serial Number            : 3607A14492
     Firmware Version         : 7.19B
     Elevation Cutoff Setting : 0 deg
     Date Installed           : 2009-06-21T03:43Z
     Date Removed             : 2009-11-16T00:34Z
     Temperature Stabiliz.    : none
     Additional Information   : (multiple lines)

3.16 Receiver Type            : TRIMBLE 4000SSI
     Satellite System         : GPS
     Serial Number            : 3628A16401
     Firmware Version         : 7.19B
     Elevation Cutoff Setting : 0 deg
     Date Installed           : 2009-11-16T00:34Z
     Date Removed             : 2010-03-16T21:16Z
     Temperature Stabiliz.    : none
     Additional Information   : (multiple lines)

3.17 Receiver Type            : TRIMBLE 4000SSI
     Satellite System         : GPS
     Serial Number            : 3607A14518
     Firmware Version         : 7.19B
     Elevation Cutoff Setting : 0 deg
     Date Installed           : 2010-03-16T21:16Z
     Date Removed             : 2010-05-06T00:00Z
     Temperature Stabiliz.    : none
     Additional Information   : (multiple lines)

3.18 Receiver Type            : TRIMBLE 4000SSI
     Satellite System         : GPS
     Serial Number            : 3628A16401
     Firmware Version         : 7.19B
     Elevation Cutoff Setting : 0 deg
     Date Installed           : 2010-05-06T00:00Z
     Date Removed             : 2010-06-13T00:42Z
     Temperature Stabiliz.    : none
     Additional Information   : (multiple lines)

3.19 Receiver Type            : TRIMBLE 4000SSI
     Satellite System         : GPS
     Serial Number            : 3607A14518
     Firmware Version         : 7.19B
     Elevation Cutoff Setting : 0 deg
     Date Installed           : 2010-06-13T00:00Z
     Date Removed             : 2010-06-22T00:20Z
     Temperature Stabiliz.    : none
     Additional Information   : (multiple lines)

3.20 Receiver Type            : TRIMBLE 4000SSI
     Satellite System         : GPS
     Serial Number            : 3268A16401
     Firmware Version         : 7.19B
     Elevation Cutoff Setting : 0 deg
     Date Installed           : 2010-06-22T00:20Z
     Date Removed             : 2011-01-17T20:03Z
     Temperature Stabiliz.    : none
     Additional Information   : (multiple lines)

3.21 Receiver Type            : TRIMBLE 4000SSI
     Satellite System         : GPS
     Serial Number            : 3607A14303
     Firmware Version         : 7.19
     Elevation Cutoff Setting : 0 deg
     Date Installed           : 2011-01-17T20:03Z
     Date Removed             : 2011-03-04T00:00Z
     Temperature Stabiliz.    : none
     Additional Information   : (multiple lines)

3.22 Receiver Type            : TRIMBLE 4000SSI
     Satellite System         : GPS
     Serial Number            : 3268A16401
     Firmware Version         : 7.19B
     Elevation Cutoff Setting : 0 deg
     Date Installed           : 2011-03-04T00:00Z
     Date Removed             : 2011-05-25T20:19Z
     Temperature Stabiliz.    : none
     Additional Information   : (multiple lines)

3.23 Receiver Type            : TRIMBLE 4000SSI
     Satellite System         : GPS
     Serial Number            : 3607A14493
     Firmware Version         : 7.19B
     Elevation Cutoff Setting : 0 deg
     Date Installed           : 2011-05-25T20:19Z
     Date Removed             : 2011-07-15T02:00Z
     Temperature Stabiliz.    : none
     Additional Information   : (multiple lines)

3.24 Receiver Type            : TRIMBLE 4000SSI
     Satellite System         : GPS
     Serial Number            : 3268A16401
     Firmware Version         : 7.19B
     Elevation Cutoff Setting : 0 deg
     Date Installed           : 2011-07-15T02:00Z
     Date Removed             : 2011-10-01T00:00Z
     Temperature Stabiliz.    : none
     Additional Information   : (multiple lines)

3.25 Receiver Type            : TRIMBLE 4000SSI
     Satellite System         : GPS
     Serial Number            : 3607A14518
     Firmware Version         : 7.19B
     Elevation Cutoff Setting : 10 deg
     Date Installed           : 2012-03-03T22:24Z
     Date Removed             : 2012-04-16T03:10Z
     Temperature Stabiliz.    : none
     Additional Information   : (multiple lines)

3.26 Receiver Type            : TRIMBLE 4000SSI
     Satellite System         : GPS
     Serial Number            : 3268A16401
     Firmware Version         : 7.19B
     Elevation Cutoff Setting : 10 deg
     Date Installed           : 2012-04-16T03:10Z
     Date Removed             : 2012-05-11T04:32Z
     Temperature Stabiliz.    : none
     Additional Information   : (multiple lines)

3.27 Receiver Type            : TRIMBLE 4000SSI
     Satellite System         : GPS
     Serial Number            : 3607A14518
     Firmware Version         : 7.19B
     Elevation Cutoff Setting : 10 deg
     Date Installed           : 2012-05-11T04:36Z
     Date Removed             : 2012-09-04T01:46Z
     Temperature Stabiliz.    : none
     Additional Information   : (multiple lines)

3.28 Receiver Type            : TRIMBLE 4000SSI
     Satellite System         : GPS
     Serial Number            : 3268A16401
     Firmware Version         : 7.19B
     Elevation Cutoff Setting : 10 deg
     Date Installed           : 2012-09-04T01:46Z
     Date Removed             : 2013-03-02T22:30Z
     Temperature Stabiliz.    : none
     Additional Information   : (multiple lines)

3.29 Receiver Type            : TRIMBLE 4000SSI
     Satellite System         : GPS
     Serial Number            : 3607A14518
     Firmware Version         : 7.19B
     Elevation Cutoff Setting : 0 deg
     Date Installed           : 2013-03-02T22:30Z
     Date Removed             : 2013-07-26T19:00Z
     Temperature Stabiliz.    : none
     Additional Information   : (multiple lines)

3.30 Receiver Type            : TRIMBLE 4000SSI
     Satellite System         : GPS
     Serial Number            : 3268A16401
     Firmware Version         : 7.19B
     Elevation Cutoff Setting : 0 deg
     Date Installed           : 2013-07-26T19:00Z
     Date Removed             : 2013-09-04T03:41Z
     Temperature Stabiliz.    : none
     Additional Information   : (multiple lines)

3.31 Receiver Type            : TRIMBLE 4000SSI
     Satellite System         : GPS
     Serial Number            : 3607A14518
     Firmware Version         : 7.19B
     Elevation Cutoff Setting : 10 degreee deg
     Date Installed           : 2013-09-04T03:42Z
     Date Removed             : 2013-09-11T22:45Z
     Temperature Stabiliz.    : none
     Additional Information   : (multiple lines)

3.32 Receiver Type            : TRIMBLE 4000SSI
     Satellite System         : GPS
     Serial Number            : 3268A16401
     Firmware Version         : 7.19B
     Elevation Cutoff Setting : 0 deg
     Date Installed           : 2013-09-11T22:45Z
     Date Removed             : 2013-10-18T18:01Z
     Temperature Stabiliz.    : none
     Additional Information   : (multiple lines)

3.33 Receiver Type            : TRIMBLE 4000SSI
     Satellite System         : GPS
     Serial Number            : 3607A14518
     Firmware Version         : 7.19B
     Elevation Cutoff Setting : 0 deg
     Date Installed           : 2013-10-18T18:05Z
     Date Removed             : 2014-03-01T00:00Z
     Temperature Stabiliz.    : none
     Additional Information   : (multiple lines)

3.34 Receiver Type            : TRIMBLE 4000SSI
     Satellite System         : GPS
     Serial Number            : 3268A16401
     Firmware Version         : 7.19B
     Elevation Cutoff Setting : unknown deg
     Date Installed           : 2014-03-01T05:38Z
     Date Removed             : 2014-04-16T02:30Z
     Temperature Stabiliz.    : none
     Additional Information   : (multiple lines)

3.35 Receiver Type            : TRIMBLE 4000SSI
     Satellite System         : GPS
     Serial Number            : 3607A14518
     Firmware Version         : 7.19B
     Elevation Cutoff Setting : 0 deg
     Date Installed           : 2014-05-20T16:09Z
     Date Removed             : 2014-06-07T01:42Z
     Temperature Stabiliz.    : none
     Additional Information   : (multiple lines)

3.36 Receiver Type            : TRIMBLE 4000SSI
     Satellite System         : GPS
     Serial Number            : 3268A16401
     Firmware Version         : 7.19B
     Elevation Cutoff Setting : 0 deg
     Date Installed           : 2014-06-07T01:46Z
     Date Removed             : 2014-08-18T00:00Z
     Temperature Stabiliz.    : none
     Additional Information   : (multiple lines)

3.37 Receiver Type            : TRIMBLE 4000SSI
     Satellite System         : GPS
     Serial Number            : 3607A14303
     Firmware Version         : 7.19B
     Elevation Cutoff Setting : 0 deg
     Date Installed           : 2014-08-18T00:00Z
     Date Removed             : 2014-10-04T00:00Z
     Temperature Stabiliz.    : none
     Additional Information   : (multiple lines)

3.38 Receiver Type            : TRIMBLE 4000SSI
     Satellite System         : GPS
     Serial Number            : 3628A16401
     Firmware Version         : 7.19B
     Elevation Cutoff Setting : 10 deg
     Date Installed           : 2014-10-04T00:00Z
     Date Removed             : 2014-11-04T03:02Z
     Temperature Stabiliz.    : none
     Additional Information   : (multiple lines)

3.39 Receiver Type            : TRIMBLE 5700
     Satellite System         : GPS
     Serial Number            : 0220274115
     Firmware Version         : 1.20
     Elevation Cutoff Setting : unknown deg
     Date Installed           : 2014-11-04T03:02Z
     Date Removed             : (CCYY-MM-DDThh:mmZ)
     Temperature Stabiliz.    : none
     Additional Information   : (multiple lines)

3.x  Receiver Type            : (A20, from rcvr_ant.tab; see instructions)
     Satellite System         : (GPS+GLO+GAL+BDS+QZSS+SBAS)
     Serial Number            : (A20, but note the first A5 is used in SINEX)
     Firmware Version         : (A11)
     Elevation Cutoff Setting : (deg)
     Date Installed           : (CCYY-MM-DDThh:mmZ)
     Date Removed             : (CCYY-MM-DDThh:mmZ)
     Temperature Stabiliz.    : (none or tolerance in degrees C)
     Additional Information   : (multiple lines)


4.   GNSS Antenna Information

4.1  Antenna Type             : TRM22020.00+GP  TCWD
     Serial Number            : 0220048760
     Antenna Reference Point  : BPA
     Marker->ARP Up Ecc. (m)  : 0.00
     Marker->ARP North Ecc(m) :
     Marker->ARP East Ecc(m)  :
     Alignment from True N    :  deg
     Antenna Radome Type      : TCWD
     Radome Serial Number     : N/A
     Antenna Cable Type       : (vendor & type number)
     Antenna Cable Length     : (m)
     Date Installed           : 1997-08-01T00:00Z
     Date Removed             : (CCYY-MM-DDThh:mmZ)
     Additional Information   : (multiple lines)

4.x  Antenna Type             : (A20, from rcvr_ant.tab; see instructions)
     Serial Number            : (A*, but note the first A5 is used in SINEX)
     Antenna Reference Point  : (BPA/BCR/XXX from "antenna.gra"; see instr.)
     Marker->ARP Up Ecc. (m)  : (F8.4)
     Marker->ARP North Ecc(m) : (F8.4)
     Marker->ARP East Ecc(m)  : (F8.4)
     Alignment from True N    : (deg; + is clockwise/east)
     Antenna Radome Type      : (A4 from rcvr_ant.tab; see instructions)
     Radome Serial Number     :
     Antenna Cable Type       : (vendor & type number)
     Antenna Cable Length     : (m)
     Date Installed           : (CCYY-MM-DDThh:mmZ)
     Date Removed             : (CCYY-MM-DDThh:mmZ)
     Additional Information   : (multiple lines)

5.   Surveyed Local Ties

5.x  Tied Marker Name         : 
     Tied Marker Usage        : (SLR/VLBI/LOCAL CONTROL/FOOTPRINT/etc)
     Tied Marker CDP Number   : (A4)
     Tied Marker DOMES Number : (A9)
     Differential Components from GNSS Marker to the tied monument (ITRS)
       dx (m)                 : (m)
       dy (m)                 : (m)
       dz (m)                 : (m)
     Accuracy (mm)            : (mm)
     Survey method            : (GPS CAMPAIGN/TRILATERATION/TRIANGULATION/etc)
     Date Measured            : (CCYY-MM-DDThh:mmZ)
     Additional Information   : (multiple lines)


6.   Frequency Standard

6.1  Standard Type            : UNKNOWN
       Input Frequency        :
       Effective Dates        : --/CCYY-MM-DD
       Notes                  : (multiple lines)

6.x  Standard Type            : (INTERNAL or EXTERNAL H-MASER/CESIUM/etc)
       Input Frequency        : (if external)
       Effective Dates        : (CCYY-MM-DD/CCYY-MM-DD)
       Notes                  : (multiple lines)


7.   Collocation Information

7.x  Instrumentation Type     : (GPS/GLONASS/DORIS/PRARE/SLR/VLBI/TIME/etc)
       Status                 : (PERMANENT/MOBILE)
       Effective Dates        : (CCYY-MM-DD/CCYY-MM-DD)
       Notes                  : (multiple lines)


8.   Meteorological Instrumentation

8.1.x Humidity Sensor Model   : 
       Manufacturer           : 
       Serial Number          : 
       Data Sampling Interval : (sec)
       Accuracy (% rel h)     : (% rel h)
       Aspiration             : (UNASPIRATED/NATURAL/FAN/etc)
       Height Diff to Ant     : (m)
       Calibration date       : (CCYY-MM-DD)
       Effective Dates        : (CCYY-MM-DD/CCYY-MM-DD)
       Notes                  : (multiple lines)

8.2.x Pressure Sensor Model   : 
       Manufacturer           : 
       Serial Number          : 
       Data Sampling Interval : (sec)
       Accuracy               : (hPa)
       Height Diff to Ant     : (m)
       Calibration date       : (CCYY-MM-DD)
       Effective Dates        : (CCYY-MM-DD/CCYY-MM-DD)
       Notes                  : (multiple lines)

8.3.x Temp. Sensor Model      : 
       Manufacturer           : 
       Serial Number          : 
       Data Sampling Interval : (sec)
       Accuracy               : (deg C)
       Aspiration             : (UNASPIRATED/NATURAL/FAN/etc)
       Height Diff to Ant     : (m)
       Calibration date       : (CCYY-MM-DD)
       Effective Dates        : (CCYY-MM-DD/CCYY-MM-DD)
       Notes                  : (multiple lines)

8.4.x Water Vapor Radiometer  : 
       Manufacturer           :
       Serial Number          :
       Distance to Antenna    : (m)
       Height Diff to Ant     : (m)
       Calibration date       : (CCYY-MM-DD)
       Effective Dates        : (CCYY-MM-DD/CCYY-MM-DD)
       Notes                  : (multiple lines)

8.5.x Other Instrumentation   : (multiple lines)


9.  Local Ongoing Conditions Possibly Affecting Computed Position

9.1.x Radio Interferences     : (TV/CELL PHONE ANTENNA/RADAR/etc)
       Observed Degradations  : (SN RATIO/DATA GAPS/etc)
       Effective Dates        : (CCYY-MM-DD/CCYY-MM-DD)
       Additional Information : (multiple lines)

9.2.x Multipath Sources       : (METAL ROOF/DOME/VLBI ANTENNA/etc)
       Effective Dates        : (CCYY-MM-DD/CCYY-MM-DD)
       Additional Information : (multiple lines)

9.3.x Signal Obstructions     : (TREES/BUILDINGS/etc)
       Effective Dates        : (CCYY-MM-DD/CCYY-MM-DD)
       Additional Information : (multiple lines)

10.  Local Episodic Effects Possibly Affecting Data Quality

10.x Date                     : (CCYY-MM-DD/CCYY-MM-DD)
     Event                    : (TREE CLEARING/CONSTRUCTION/etc)

11.   On-Site, Point of Contact Agency Information

     Agency                   : UNAVCO
     Preferred Abbreviation   : UNAVCO
     Mailing Address          : 6350 Nautilus Dr.
                              : Boulder, CO  80301 USA
     Primary Contact
       Contact Name           : Freddy Blume
       Telephone (primary)    : 303-381-7474
       Telephone (secondary)  :
       Fax                    : 303-381-7451
       E-mail                 : blume@unavco.org
     Secondary Contact
       Contact Name           : 
       Telephone (primary)    : 
       Telephone (secondary)  :
       Fax                    : 
       E-mail                 : 
     Additional Information   : (multiple lines)


12.  Responsible Agency (if different from 11.)

     Agency                   :
     Preferred Abbreviation   : (A10)
     Mailing Address          :
     Primary Contact
       Contact Name           : 
       Telephone (primary)    : 
       Telephone (secondary)  :
       Fax                    : 
       E-mail                 : 
     Secondary Contact
       Contact Name           :
       Telephone (primary)    :
       Telephone (secondary)  :
       Fax                    :
       E-mail                 :
     Additional Information   : (multiple lines)


13.  More Information

     Primary Data Center      : UNAVCO Boulder Facility Archive
     Secondary Data Center    : 
     URL for More Information : http://www.unavco.org
     Hardcopy on File
       Site Map               : (Y or URL)
       Site Diagram           : (Y or URL)
       Horizon Mask           : (Y or URL)
       Monument Description   : (Y or URL)
       Site Pictures          : (Y or URL)
     Additional Information   : (multiple lines)
     Antenna Graphics with Dimensions

TRM22020.00+GP 

                       ----+----                          <--  0.0751 L1
                    /      +      \                       <--  0.0692 L2
++----------------+-----------------+-----------------++  <--  0.0591 TGP
++---------------+-------------------+----------------++  <--  0.0556 BGP
                 |                   |
                  |                 |
                   |               |
                    +------x------+                       <--  0.000  ARP=BPA

 <--                     0.467                      -->               NOTCHES
<--                      0.483                       -->              EDGE

   ARP: Antenna Reference Point
   L1 : L1 Phase Center                   L2 : L2 Phase Center
   TCR: Top of Chokering                  BCR: Bottom of Chokering
   TGP: Top of Ground Plane               BGP: Bottom of Ground Plane
   TPA: Top of Preamplifier               BPA: Bottom of Preamplifier
   TOP: Top of Pole  













