     HER2 Site Information Form
     International GPS Service
     See Instructions at:
       ftp://igscb.jpl.nasa.gov/pub/station/general/sitelog_instr.txt

0.   Form

     Prepared by (full name)  : Francine Coloma
     Date Prepared            : 2012-10-16
     Report Type              : UPDATE 
     If Update:
      Previous Site Log       : her2_20120228.log  
      Modified/Added Sections : 2, 11, 12 ,13

1.  Site Identification of the GNSS Monument

     Site Name                : Hermosillo Fixed
     Four Character ID        : HER2
     Monument Inscription     : 
     IERS DOMES Number        : 40522M001
     CDP Number               : (A4)
     Monument Description     : PILLAR
       Height of the Monument : (m)
       Monument Foundation    : CONCRETE BLOCK, ROOF
       Foundation Depth       : (m)
     Marker Description       : (CHISELLED CROSS/DIVOT/BRASS NAIL/etc)
     Date Installed           : 1996-04-20 
     Geologic Characteristic  : (BEDROCK/CLAY/CONGLOMERATE/GRAVEL/SAND/etc)
       Bedrock Type           : (IGNEOUS/METAMORPHIC/SEDIMENTARY)
       Bedrock Condition      : (FRESH/JOINTED/WEATHERED)
       Fracture Spacing       : (1-10 cm/10-50 cm/50-200 cm/over 200 cm)
       Fault zones nearby     : (YES/NO/Name of the zone)
         Distance/activity    : (multiple lines)
     Additional Information   : (multiple lines)

2.   Site Location Information

     City or Town             : Hermosillo
     State or Province        : Sonora
     Country                  : Mexico
     Tectonic Plate           : North American
     Approximate Position (ITRF)
       X coordinate (m)       : -1996003.901
       Y coordinate (m)       : -5208674.657
       Z coordinate (m)       : 3082959.720
       Latitude (N is +)      : +290533.17
       Longitude (E is +)     : -1105801.97
       Elevation (m,ellips.)  : 187.114
     Additional Information   : ARP  ITRF00 POSITION (EPOCH 1997.0)
                              : Computed in February 2006 using 22 days of data


3.  GNSS Receiver Information

3.1  Receiver Type            : ASHTECH P-XII3
     Satellite System         : GPS
     Serial Number            : 700363D2161
     Firmware Version         : 7C-P9
     Elevation Cutoff Setting : 15
     Date Installed           : 1996-04-20
     Date Removed             : 1996-10-08
     Temperature Stabiliz.    : (none or tolerance in degrees C)
     Additional Information   : Original receiver was removed due performance fails

3.2  Receiver Type            : ASHTECH P-XII3
     Satellite System         : GPS
     Serial Number            : 700363B1892
     Firmware Version         : 7C-P9
     Elevation Cutoff Setting : 15
     Date Installed           : 1996-10-09
     Date Removed             : 1997-11-14
     Temperature Stabiliz.    : (none or tolerance in degrees C)
     Additional Information   : Replaced due performance fails

3.3  Receiver Type            : ASHTECH P-XII3
     Satellite System         : GPS
     Serial Number            : 700363D2161
     Firmware Version         : 7C-P9
     Elevation Cutoff Setting : 15
     Date Installed           : 1997-11-15
     Date Removed             : 1998-01-07
     Temperature Stabiliz.    : (none or tolerance in degrees C)
     Additional Information   : Replaced due performance fails

3.4  Receiver Type            : ASHTECH P-XII3
     Satellite System         : GPS
     Serial Number            : 700415A02895
     Firmware Version         : 7C-P9
     Elevation Cutoff Setting : 15
     Date Installed           : 1998-01-08
     Date Removed             : 1999-03-21
     Temperature Stabiliz.    : (none or tolerance in degrees C)
     Additional Information   : Replaced due performance fails

3.5  Receiver Type            : ASHTECH P-XII3
     Satellite System         : GPS
     Serial Number            : 700363D2161
     Firmware Version         : 7C-P9
     Elevation Cutoff Setting : 15
     Date Installed           : 1999-03-22
     Date Removed             : 1999-08-20
     Temperature Stabiliz.    : (none or tolerance in degrees C)
     Additional Information   : Replaced due change on GPS week number 

3.6  Receiver Type            : ASHTECH Z-XII3
     Satellite System         : GPS
     Serial Number            : 700570B03492
     Firmware Version         : 1L00-1D04
     Elevation Cutoff Setting : 10
     Date Installed           : 1999-08-21
     Date Removed             : 2001-08-15
     Temperature Stabiliz.    : (none or tolerance in degrees C)
     Additional Information   : Replaced due performance fails

3.7  Receiver Type            : ASHTECH P-XII3
     Satellite System         : GPS
     Serial Number            : 700363B2148
     Firmware Version         : 7G-P9
     Elevation Cutoff Setting : 10
     Date Installed           : 2001-08-16
     Date Removed             : 2001-09-03
     Temperature Stabiliz.    : (none or tolerance in degrees C)
     Additional Information   : Replaced due performance fails

3.8  Receiver Type            : ASHTECH P-XII3
     Satellite System         : GPS
     Serial Number            : 700363D2173
     Firmware Version         : 7G-P9
     Elevation Cutoff Setting : 10
     Date Installed           : 2001-09-04
     Date Removed             : 2001-09-04
     Temperature Stabiliz.    : (none or tolerance in degrees C)
     Additional Information   : Replaced due performance fails

3.9  Receiver Type            : ASHTECH P-XII3
     Satellite System         : GPS
     Serial Number            : 700415A02895
     Firmware Version         : 7G-P9
     Elevation Cutoff Setting : 10
     Date Installed           : 2001-09-05
     Date Removed             : 2001-10-03
     Temperature Stabiliz.    : (none or tolerance in degrees C)
     Additional Information   : Replaced due performance fails

3.10 Receiver Type            : ASHTECH Z-XII3
     Satellite System         : GPS
     Serial Number            : 700570B03492
     Firmware Version         : 7G-P9
     Elevation Cutoff Setting : 10
     Date Installed           : 2001-10-04
     Date Removed             : 2003-01-16
     Temperature Stabiliz.    : (none or tolerance in degrees C)
     Additional Information   : Replaced due upgrading receiver

3.11 Receiver Type            : TRIMBLE 5700
     Satellite System         : GPS
     Serial Number            : 0220284730
     Firmware Version         : 1.24
     Elevation Cutoff Setting : 10
     Date Installed           : 2003-01-17
     Date Removed             : 2004-09-01T21:00Z
     Temperature Stabiliz.    : (none or tolerance in degrees C)
     Additional Information   : Replace due performance fails

3.12 Receiver Type            : ASHTECH P-XII3
     Satellite System         : GPS
     Serial Number            : 700363B1892
     Firmware Version         : 7G-P9
     Elevation Cutoff Setting : 10
     Date Installed           : 2004-09-02T03:00Z
     Date Removed             : 2004-09-06T18:37Z
     Temperature Stabiliz.    : (none or tolerance in degrees C)
     Additional Information   : Replaced due performance fails

3.13 Receiver Type            : ASHTECH P-XII3
     Satellite System         : GPS
     Serial Number            : 700363D2173
     Firmware Version         : 7G-P9
     Elevation Cutoff Setting : 10
     Date Installed           : 2004-09-06T20:20Z
     Date Removed             : 2004-09-13T21:34Z
     Temperature Stabiliz.    : (none or tolerance in degrees C)
     Additional Information   : Replaced due upgrading receiver

3.14 Receiver Type            : TRIMBLE 5700
     Satellite System         : GPS
     Serial Number            : 0220294766
     Firmware Version         : 1.24
     Elevation Cutoff Setting : 10
     Date Installed           : 2004-09-13T22:06Z
     Date Removed             : 2004-11-29T16:31Z
     Temperature Stabiliz.    : (none or tolerance in degrees C)
     Additional Information   : Replaced due change of receiver

3.15 Receiver Type            : TRIMBLE 5700
     Satellite System         : GPS
     Serial Number            : 0220284730
     Firmware Version         : 1.24
     Elevation Cutoff Setting : 10
     Date Installed           : 2004-11-29T16:38Z
     Date Removed             : (CCYY-MM-DDThh:mmZ)
     Temperature Stabiliz.    : (none or tolerance in degrees C)
     Additional Information   : (multiple lines)

3.x Receiver Type             : (A20, from rcvr_ant.tab; see instructions)
     Satellite System         : (GPS/GLONASS/GPS+GLONASS)
     Serial Number            : (A5)
     Firmware Version         : (A11)
     Elevation Cutoff Setting : (deg)
     Date Installed           : (CCYY-MM-DDThh:mmZ)
     Date Removed             : (CCYY-MM-DDThh:mmZ)
     Temperature Stabiliz.    : (none or tolerance in degrees C)
     Additional Information   : (multiple lines)


4.  GNSS Antenna Information

4.1  Antenna Type             : ASH700228A
     Serial Number            : 700228D1915
     Antenna Reference Point  : BPA
     Marker->ARP Up Ecc. (m)  : 0.1588
     Marker->ARP North Ecc(m) : 0.0000
     Marker->ARP East Ecc(m)  : 0.0000
     Alignment from True N    : 0
     Antenna Radome Type      : NONE
     Radome Serial Number     : 
     Antenna Cable Type       : (vendor & type number)
     Antenna Cable Length     : (m)
     Date Installed           : 1996-04-20
     Date Removed             : 2003-01-16
     Additional Information   : According to NGS 63.6 mm from antenna base to
                              : reference plane offset height was measured
                              : Converted ARP N & E from F8.4 to 0.0000

4.2  Antenna Type             : TRM41249.00
     Serial Number            : 12382995
     Antenna Reference Point  : BPA
     Marker->ARP Up Ecc. (m)  : 0.2207
     Marker->ARP North Ecc(m) : 0.0000
     Marker->ARP East Ecc(m)  : 0.0000
     Alignment from True N    : 0
     Antenna Radome Type      : NONE
     Radome Serial Number     : 
     Antenna Cable Type       : (vendor & type number)
     Antenna Cable Length     : 30 m
     Date Installed           : 2003-01-17
     Date Removed             : 2003-07-21T18:00Z
     Additional Information   : Converted ARP N & E from F8.4 to 0.0000 

4.3  Antenna Type             : TRM41249.00
     Serial Number            : 12382995
     Antenna Reference Point  : BPA
     Marker->ARP Up Ecc. (m)  : 0.1777
     Marker->ARP North Ecc(m) : 0.0000
     Marker->ARP East Ecc(m)  : 0.0000
     Alignment from True N    : 0
     Antenna Radome Type      : NONE
     Radome Serial Number     : 
     Antenna Cable Type       : (vendor & type number)
     Antenna Cable Length     : 30 m
     Date Installed           : 2003-07-21T18:00Z
     Date Removed             : 2004-09-01T21:00Z
     Additional Information   : Converted ARP N & E from F8.4 to 0.0000 

4.4  Antenna Type             : ASH700228A
     Serial Number            : 700228D2652
     Antenna Reference Point  : BPA
     Marker->ARP Up Ecc. (m)  : 0.0850
     Marker->ARP North Ecc(m) : 0.0000 
     Marker->ARP East Ecc(m)  : 0.0000
     Alignment from True N    : 0
     Antenna Radome Type      : NONE
     Radome Serial Number     : 
     Antenna Cable Type       : (vendor & type number)
     Antenna Cable Length     : (m)
     Date Installed           : 2004-09-02T03:00Z
     Date Removed             : 2004-09-13T21:34Z
     Additional Information   : According to NGS 63.6 mm from antenna base to
                              : reference plane offset height was measured
                              : Converted ARP N & E from F8.4 to 0.0000

4.5  Antenna Type             : TRM41249.00
     Serial Number            : 12382995
     Antenna Reference Point  : BPA
     Marker->ARP Up Ecc. (m)  : 0.1767
     Marker->ARP North Ecc(m) : 0.0000
     Marker->ARP East Ecc(m)  : 0.0000
     Alignment from True N    : 0
     Antenna Radome Type      : NONE
     Radome Serial Number     : 
     Antenna Cable Type       : (vendor & type number)
     Antenna Cable Length     : 30 m
     Date Installed           : 2004-09-13T22:06Z
     Date Removed             : (CCYY-MM-DDThh:mmZ)
     Additional Information   : Converted ARP N & E from F8.4 to 0.0000

4.x  Antenna Type             : (A20, from rcvr_ant.tab; see instructions)
     Serial Number            : (A*, but note the first A5 is used in SINEX)
     Antenna Reference Point  : (BPA/BCR/XXX from "antenna.gra"; see instr.)
     Marker->ARP Up Ecc. (m)  : (F8.4)
     Marker->ARP North Ecc(m) : (F8.4)
     Marker->ARP East Ecc(m)  : (F8.4)
     Alignment from True N    : (deg; + is clockwise/east)
     Antenna Radome Type      : (A4 from rcvr_ant.tab; see instructions)
     Radome Serial Number     : 
     Antenna Cable Type       : (vendor & type number)
     Antenna Cable Length     : (m)
     Date Installed           : (CCYY-MM-DDThh:mmZ)
     Date Removed             : (CCYY-MM-DDThh:mmZ)
     Additional Information   : (multiple lines)


5.  Surveyed Local Ties

5.x  Tied Marker Name         : 
     Tied Marker Usage        : (SLR/VLBI/LOCAL CONTROL/FOOTPRINT/etc)
     Tied Marker CDP Number   : (A4)
     Tied Marker DOMES Number : (A9)
     Differential Components from GNSS Marker to the tied monument (ITRS)
       dx (m)                 : 
       dy (m)                 : 
       dz (m)                 : 
     Accuracy (mm)            : (mm)
     Survey method            : (GPS CAMPAIGN/TRILATERATION/TRIANGULATION/etc)
     Date Measured            : (CCYY-MM-DDThh:mmZ)
     Additional Information   : (multiple lines)


6.   Frequency Standard

6.x  Standard Type            : (INTERNAL or EXTERNAL H-MASER/CESIUM/etc)
       Input Frequency        : (if external)
       Effective Dates        : (CCYY-MM-DD/CCYY-MM-DD)
       Notes                  : (multiple lines)


7.   Collocation Information


7.x  Instrumentation Type     : (GPS/GLONASS/DORIS/PRARE/SLR/VLBI/TIME/etc)
       Status                 : (PERMANENT/MOBILE)
       Effective Dates        : (CCYY-MM-DD/CCYY-MM-DD)
       Notes                  : (multiple lines)


8.   Meteorological Instrumentation

8.1.x  Humidity Sensor Model  : 
       Manufacturer           : 
       Serial Number          : 
       Data Sampling Interval : (sec)
       Accuracy (% rel h)     : (% rel h)
       Aspiration             : (UNASPIRATED/NATURAL/FAN/etc)
       Height Diff to Ant     : (m)
       Calibration date       : (CCYY-MM-DD)
       Effective Dates        : (CCYY-MM-DD/CCYY-MM-DD)
       Notes                  : (multiple lines)

8.2.x  Pressure Sensor Model  : 
       Manufacturer           : 
       Serial Number          : 
       Data Sampling Interval : (sec)
       Accuracy               : (hPa)
       Height Diff to Ant     : (m)
       Calibration date       : (CCYY-MM-DD)
       Effective Dates        : (CCYY-MM-DD/CCYY-MM-DD)
       Notes                  : (multiple lines)

8.3.x  Temp. Sensor Model     : 
       Manufacturer           : 
       Serial Number          : 
       Data Sampling Interval : (sec)
       Accuracy               : (hPa)
       Aspiration             : (UNASPIRATED/NATURAL/FAN/etc)
       Height Diff to Ant     : (m)
       Calibration date       : (CCYY-MM-DD)
       Effective Dates        : (CCYY-MM-DD/CCYY-MM-DD)
       Notes                  : (multiple lines)

8.4.x  Water Vapor Radiometer : 
       Manufacturer           : 
       Serial Number          : 
       Distance to Antenna    : (m)
       Height Diff to Ant     : (m)
       Calibration date       : (CCYY-MM-DD)
       Effective Dates        : (CCYY-MM-DD/CCYY-MM-DD)
       Notes                  : (multiple lines)

8.5.1  Other Instrumentation  : NONE

8.5.x  Other Instrumentation  : 


9.  Local Ongoing Conditions Possibly Affecting Computed Position

9.1.x  Radio Interferences    : (TV/CELL PHONE ANTENNA/RADAR/etc)
       Observed Degredations  : (SN RATIO/DATA GAPS/etc)
       Effective Dates        : (CCYY-MM-DD/CCYY-MM-DD)
       Additional Information : (multiple lines)

9.2.x  Multipath Sources      : (METAL ROOF/DOME/VLBI ANTENNA/etc)
       Effective Dates        : (CCYY-MM-DD/CCYY-MM-DD)
       Additional Information : (multiple lines)

9.3.x  Signal Obstructions    : (TREES/BUILDLINGS/etc)
       Effective Dates        : (CCYY-MM-DD/CCYY-MM-DD)
       Additional Information : (multiple lines)


10.   Local Episodic Effects Possibly Affecting Data Quality

10.x Date                     : (CCYY-MM-DD/CCYY-MM-DD)
     Event                    : (TREE CLEARING/CONSTRUCTION/etc)


11.   On-Site, Point of Contact Agency Information

     Agency                   : Instituto Nacional de Estadística y Geografia
     Preferred Abbreviation   : INEGI
     Mailing Address          : Veracruz y Reforma #235, 
                              : Col. San Benito, C.P. 83190
     Primary Contact
       Contact Name           : Jose Antonio Vidal Alamilla
       Telephone (primary)    : (52) 662 2 14-69-28 Ext. 7740
       Telephone (secondary)  : (52) 662 2 15-83-77
       Fax                    : 
       E-mail                 : control@ceson.inegi.org.mx
     Secondary Contact
       Contact Name           : Gabriel Gaytán Ríos
       Telephone (primary)    : (52) 449 9-10-53-00 Ext. 4169
       Telephone (secondary)  : 
       Fax                    : 
       E-mail                 : gabriel.gaytan@inegi.org.mx
     Additional Information   : (multiple lines)


12.  Responsible Agency (if different from 11.)

     Agency                   : Instituto Nacional de Estadística y Geografia
     Preferred Abbreviation   : INEGI
     Mailing Address          : Av. Heroe de Nacozari Sur No. 2301,
                              : Puerta 8 Mezzanine
                              : Fracc. Jardines del Parque, C.P. 2027
                              : Aguascalientes, Ags.
     Primary Contact
       Contact Name           : Jose Guillermo Gasca Moncayo
       Telephone (primary)    : (52) 449 9105300 Ext. 4944
       Telephone (secondary)  :
       Fax                    :
       E-mail                 : guillermo.gasca@inegi.org.mx
     Secondary Contact
       Contact Name           : Guido Alejandro Gonzalez Franco
       Telephone (primary)    : (52) 449 9105300 Ext. 5872
       Telephone (secondary)  :
       Fax                    :
       E-mail                 : guido.gonzalez@inegi.org.mx
     Additional Information   : (multiple lines)


13.  More Information

     Primary Data Center      : ftp://geodesy.noaa.gov/cors 
     Secondary Data Center    :
     URL for More Information : http://www.inegi.org.mx/
       Hardcopy on File
       Site Map               : (Y or URL)
       Site Diagram           : (Y)
       Horizon Mask           : (Y)
       Monument Description   : (Y)
       Site Pictures          : (Y)
     Additional Information   : Hardcopy information available
     Antenna Graphics with Dimensions
     (insert text graphic from file antenna.gra)

