     HFL2 Site Information Form (site log)
     International GNSS Service
     See Instructions at:
       ftp://igscb.jpl.nasa.gov/pub/station/general/sitelog_instr.txt


0.   Form

     Prepared by (full name)  : Helmut Titz, BEV, Vienna, Austria
     Date Prepared            : 2011-07-04
     Report Type              : UPDATE
     If Update:
      Previous Site Log       : hfl2_20080527.log
      Modified/Added Sections : 3.1, 4.2


1.   Site Identification of the GNSS Monument

     Site Name                : Hafelekar-Innsbruck
     Four Character ID        : HFL2
     Monument Inscription     : GPS-Radome Hafelekar
     IERS DOMES Number        : 11006M003
     CDP Number               : none
     Monument Description     : PILLAR
       Height of the Monument : 3 m
       Monument Foundation    : CONCRETE BLOCK
       Foundation Depth       : 1 m
     Marker Description       : MANTLED STEEL ROD
     Date Installed           : 2007-07-01T00:00Z
     Geologic Characteristic  : BEDROCK
       Bedrock Type           : METAMORPHIC
       Bedrock Condition      : JOINTED
       Fracture Spacing       : 1-10 cm
       Fault zones nearby     : (YES/NO/Name of the zone)
         Distance/activity    : (multiple lines)
     Additional Information   : none


2.   Site Location Information

     City or Town             : Innsbruck
     State or Province        : Tyrol
     Country                  : Austria
     Tectonic Plate           : EURASIAN
     Approximate Position (ITRF)
       X coordinate (m)       : 4248505
       Y coordinate (m)       : 855576
       Z coordinate (m)       : 4667172
       Latitude (N is +)      : +471846.40
       Longitude (E is +)     : +0112309.90
       Elevation (m,ellips.)  :  2384.0
     Additional Information   : (multiple lines)


3.   GNSS Receiver Information

3.1  Receiver Type            : TRIMBLE NETRS
     Satellite System         : GPS
     Serial Number            : 4345228746
     Firmware Version         : 1.1-3 28 Apr 2005
     Elevation Cutoff Setting : 0 deg
     Date Installed           : 2007-07-01T00:00Z
     Date Removed             : 2011-07-04T07:00Z
     Temperature Stabiliz.    : (deg C) +/- (deg C)
     Additional Information   : (multiple lines)

3.x  Receiver Type            : (A20, from rcvr_ant.tab; see instructions)
     Satellite System         : (GPS+GLO+GAL+BDS+QZSS+SBAS)
     Serial Number            : (A20, but note the first A5 is used in SINEX)
     Firmware Version         : (A11)
     Elevation Cutoff Setting : (deg)
     Date Installed           : (CCYY-MM-DDThh:mmZ)
     Date Removed             : (CCYY-MM-DDThh:mmZ)
     Temperature Stabiliz.    : (none or tolerance in degrees C)
     Additional Information   : (multiple lines)


4.   GNSS Antenna Information

4.1  Antenna Type             : TRM29659.00     OLGA
     Serial Number            : 0220094221
     Antenna Reference Point  : BPA
     Marker->ARP Up Ecc. (m)  :   0.1720
     Marker->ARP North Ecc(m) :   0.0000
     Marker->ARP East Ecc(m)  :   0.0000
     Alignment from True N    : 0 deg
     Antenna Radome Type      : OLGA
     Radome Serial Number     : HFLK
     Antenna Cable Type       : RG213
     Antenna Cable Length     : 20 m
     Date Installed           : 2007-07-01T00:00Z
     Date Removed             : 2008-05-26T12:00Z
     Additional Information   : (multiple lines)

4.2  Antenna Type             : TRM29659.00     OLGA
     Serial Number            : 0220088087
     Antenna Reference Point  : BPA
     Marker->ARP Up Ecc. (m)  :   0.1670
     Marker->ARP North Ecc(m) :   0.0000
     Marker->ARP East Ecc(m)  :   0.0000
     Alignment from True N    : 0 deg
     Antenna Radome Type      : OLGA
     Radome Serial Number     : OEAW-01/1994
     Antenna Cable Type       : RG213
     Antenna Cable Length     : 20 m
     Date Installed           : 2008-05-26T12:00Z
     Date Removed             : 2011-07-04T07:00Z
     Additional Information   : individual absolute calibration
                              : available

4.x  Antenna Type             : (A20, from rcvr_ant.tab; see instructions)
     Serial Number            : (A*, but note the first A5 is used in SINEX)
     Antenna Reference Point  : (BPA/BCR/XXX from "antenna.gra"; see instr.)
     Marker->ARP Up Ecc. (m)  : (F8.4)
     Marker->ARP North Ecc(m) : (F8.4)
     Marker->ARP East Ecc(m)  : (F8.4)
     Alignment from True N    : (deg; + is clockwise/east)
     Antenna Radome Type      : (A4 from rcvr_ant.tab; see instructions)
     Radome Serial Number     : 
     Antenna Cable Type       : (vendor & type number)
     Antenna Cable Length     : (m)
     Date Installed           : (CCYY-MM-DDThh:mmZ)
     Date Removed             : (CCYY-MM-DDThh:mmZ)
     Additional Information   : (multiple lines)


5.   Surveyed Local Ties

5.1  Tied Marker Name         : HFLK
     Tied Marker Usage        : LOCAL CONTROL
     Tied Marker CDP Number   : (A4)
     Tied Marker DOMES Number : 11006S003
     Differential Components from GNSS Marker to the tied monument (ITRS)
       dx (m)                 : 0.128
       dy (m)                 : 0.026
       dz (m)                 : 0.141
     Accuracy (mm)            : 1
     Survey method            : NIVELLEMENT
     Date Measured            : CCYY-MM-DDThh:mmZ
     Additional Information   : dE=0.000, dN=0.000, dH=0.192

5.x  Tied Marker Name         : 
     Tied Marker Usage        : (SLR/VLBI/LOCAL CONTROL/FOOTPRINT/etc)
     Tied Marker CDP Number   : (A4)
     Tied Marker DOMES Number : (A9)
     Differential Components from GNSS Marker to the tied monument (ITRS)
       dx (m)                 : (m)
       dy (m)                 : (m)
       dz (m)                 : (m)
     Accuracy (mm)            : (mm)
     Survey method            : (GPS CAMPAIGN/TRILATERATION/TRIANGULATION/etc)
     Date Measured            : (CCYY-MM-DDThh:mmZ)
     Additional Information   : (multiple lines)


6.   Frequency Standard

6.1  Standard Type            : INTERNAL 
       Input Frequency        : (if external)
       Effective Dates        : 2007-07-01/CCYY-MM-DD
       Notes                  : none

6.x  Standard Type            : (INTERNAL or EXTERNAL H-MASER/CESIUM/etc)
       Input Frequency        : (if external)
       Effective Dates        : (CCYY-MM-DD/CCYY-MM-DD)
       Notes                  : (multiple lines)


7.   Collocation Information

7.x  Instrumentation Type     : (GPS/GLONASS/DORIS/PRARE/SLR/VLBI/TIME/etc)
       Status                 : (PERMANENT/MOBILE)
       Effective Dates        : (CCYY-MM-DD/CCYY-MM-DD)
       Notes                  : (multiple lines)


8.   Meteorological Instrumentation

8.1.x  Humidity Sensor Model  : 
       Manufacturer           : 
       Serial Number          : 
       Data Sampling Interval : (sec)
       Accuracy (% rel h)     : (% rel h)
       Aspiration             : (UNASPIRATED/NATURAL/FAN/etc)
       Height Diff to Ant     : (m)
       Calibration date       : (CCYY-MM-DD)
       Effective Dates        : (CCYY-MM-DD/CCYY-MM-DD)
       Notes                  : (multiple lines)

8.2.x  Pressure Sensor Model  : 
       Manufacturer           : 
       Serial Number          : 
       Data Sampling Interval : (sec)
       Accuracy               : (hPa)
       Height Diff to Ant     : (m)
       Calibration date       : (CCYY-MM-DD)
       Effective Dates        : (CCYY-MM-DD/CCYY-MM-DD)
       Notes                  : (multiple lines)

8.3.x  Temp. Sensor Model     : 
       Manufacturer           : 
       Serial Number          : 
       Data Sampling Interval : (sec)
       Accuracy               : (deg C)
       Aspiration             : (UNASPIRATED/NATURAL/FAN/etc)
       Height Diff to Ant     : (m)
       Calibration date       : (CCYY-MM-DD)
       Effective Dates        : (CCYY-MM-DD/CCYY-MM-DD)
       Notes                  : (multiple lines)

8.4.x  Water Vapor Radiometer : 
       Manufacturer           : 
       Serial Number          : 
       Distance to Antenna    : (m)
       Height Diff to Ant     : (m)
       Calibration date       : (CCYY-MM-DD)
       Effective Dates        : (CCYY-MM-DD/CCYY-MM-DD)
       Notes                  : (multiple lines)

8.5.x  Other Instrumentation  : (multiple lines)


9.   Local Ongoing Conditions Possibly Affecting Computed Position

9.1.x  Radio Interferences    : (TV/CELL PHONE ANTENNA/RADAR/etc)
       Observed Degradations  : (SN RATIO/DATA GAPS/etc)
       Effective Dates        : (CCYY-MM-DD/CCYY-MM-DD)
       Additional Information : (multiple lines)

9.2.x  Multipath Sources      : (METAL ROOF/DOME/VLBI ANTENNA/etc)
       Effective Dates        : (CCYY-MM-DD/CCYY-MM-DD)
       Additional Information : (multiple lines)

9.3.x  Signal Obstructions    : (TREES/BUILDINGS/etc)
       Effective Dates        : (CCYY-MM-DD/CCYY-MM-DD)
       Additional Information : (multiple lines)


10.  Local Episodic Effects Possibly Affecting Data Quality

10.x  Date                    : (CCYY-MM-DD/CCYY-MM-DD)
      Event                   : (TREE CLEARING/CONSTRUCTION/etc)


11.  On-Site, Point of Contact Agency Information

     Agency                   : Space Research Institute
     Preferred Abbreviation   : SRI
     Mailing Address          : Schmiedlstrasse 6, A - 8042 GRAZ
     Primary Contact
       Contact Name           : Guenter Stangl
       Telephone (primary)    : ++43-316-4120-712
       Telephone (secondary)  : 
       Fax                    : ++43-316-4120-790
       E-mail                 : guenter.stangl@oeaw.ac.at
     Secondary Contact
       Contact Name           : 
       Telephone (primary)    : 
       Telephone (secondary)  : 
       Fax                    : 
       E-mail                 : 
     Additional Information   : (multiple lines)


12.  Responsible Agency (if different from 11.)

     Agency                   : Federal Office Of Metrology an Surveying
     Preferred Abbreviation   : BEV
     Mailing Address          : Schiffamtsgasse 1-3, A - 1025 Wien,
                              : Austria
     Primary Contact
       Contact Name           : Austrian Positioning Service APOS - Admin
       Telephone (primary)    : +43/676/8210-1111
       Telephone (secondary)  : +43/1/21176-3200
       Fax                    : 
       E-mail                 : apos.admin@bev.gv.at
     Secondary Contact
       Contact Name           : Helmut Titz
       Telephone (primary)    : +43/1/21110-3207
       Telephone (secondary)  : 
       Fax                    : 
       E-mail                 : helmut.titz@bev.gv.at
     Additional Information   : (multiple lines)


13.  More Information

     Primary Data Center      : OLG
     Secondary Data Center    : BKGI
     URL for More Information : http://gps.iwf.oeaw.ac.at/
     Hardcopy on File
       Site Map               : (Y or URL)
       Site Diagram           : (Y or URL)
       Horizon Mask           : 0
       Monument Description   : see below
       Site Pictures          : http://gps.iwf.oeaw.ac.at/
     Additional Information   : (multiple lines)
     Antenna Graphics with Dimensions

TRM29659.00

                         -----
                     /     +     \                        <-- 0.128 L2
                    |      +      |                       <-- 0.110 L1
  +--------------------------------------------------+    <-- 0.102 TCR
  |                                                  |
  |                                                  |
  |                                                  |
  |                                                  |
+-+--------------------------------------------------+-+  <-- 0.038
+-------------------+-------------+--------------------+  <-- 0.035 BCR
                    |             |
                    |             |
                    +------x------+                       <-- 0.000 BPA=ARP

<--                      0.381                       -->


Monument description

                     _______
                   /         \
                 /      _      \
                |   ___/ \___   |-- GRP radome
                |  |_________|  |               <---  0.167 ARP
                |_____  |  _____|               <---  0.000 MARKER
                    ||  |  ||
                    ||  |  ||
                    ||  |  ||-- galvanized
                    ||  |  ||   steel
                    ||  |  ||
                    ||  |  ||
                   //   |   \\
                  ||    |--- || -- protected iron rod
                  ||    |    ||
                  ||    |    ||
            -------------------------           <---  -1.478 BOTTOM PLATE
            |//////  concrete  \\\\\\|
            |///////////\\\\\\\\\\\\\|
           /                          \
