     HIL1 Site Information Form
     International GNSS Service
     See Instructions at:
       ftp://igscb.jpl.nasa.gov/pub/station/general/sitelog_instr.txt

0.   Form

     Prepared by (full name)  : Ted Zhou  
     Date Prepared            : 2014-12-23
     Report Type              : UPDATE
     If Update:
      Previous Site Log       : hil1_20121212.log 
      Modified/Added Sections : 3.7,3.8 

1.  Site Identification of the GNSS Monument

     Site Name                : Hillarys
     Four Character ID        : HIL1
     Monument Inscription     : 
     IERS DOMES Number        : 50141S001
     CDP Number               : (A4) 
     Monument Description     : STEEL MAST
       Height of the Monument : 
       Monument Foundation    : 
       Foundation Depth       : 
     Marker Description       : 
     Date Installed           : 1997-06-06
     Geologic Characteristic  : 
       Bedrock Type           : 
       Bedrock Condition      :  
       Fracture Spacing       : (1-10 cm/11-50 cm/51-200 cm/over 200 cm)
       Fault zones nearby     : (YES/NO/Name of the zone)
         Distance/activity    : (multiple lines)
     Additional Information   : The GPS antenna is mounted on
                              : top of a stainless steel pole
                              : fixed to the tide gauge hut.
                             
2.   Site Location Information

     City or Town             : Perth
     State or Province        : Western Australia
     Country                  : Australia
     Tectonic Plate           : AUSTRALIAN
     Approximate Position (ITRF)
       X coordinate (m)       : -2355570.8932    
       Y coordinate (m)       :  4886093.0121
       Z coordinate (m)       : -3343994.9577
       Latitude (N is +)      : -314931.90463
       Longitude (E is +)     : +1154418.87907
       Elevation (m,ellips.)  : -027.1824
     Additional Information   : This site is located at the 
                              : NTF tide gauge hut, 
                              : Hillarys Boat Harbour, Perth

3.  GNSS Receiver Information


3.1  Receiver Type            : ASHTECH Z-XII3
     Satellite System         : GPS
     Serial Number            : 4326
     Firmware Version         : 1F60
     Elevation Cutoff Setting : 0
     Date Installed           : 1997-06-06T00:00Z
     Date Removed             : 2000-03-08T23:59Z
     Temperature Stabiliz.    : NONE
     Additional Information   : 

3.2  Receiver Type            : ASHTECH Z-XII3
     Satellite System         : GPS
     Serial Number            : 4326
     Firmware Version         : CD00
     Elevation Cutoff Setting : 0
     Date Installed           : 2000-03-09T00:00Z
     Date Removed             : 2005-11-16T23:59Z
     Temperature Stabiliz.    : NONE
     Additional Information   : 

3.3  Receiver Type            : ASHTECH UZ-12
     Satellite System         : GPS
     Serial Number            : UC2200302005
     Firmware Version         : CN00
     Elevation Cutoff Setting : 0
     Date Installed           : 2005-11-18T00:00Z
     Date Removed             : 2006-10-19T23:59Z
     Temperature Stabiliz.    : NONE
     Additional Information   : 

3.4  Receiver Type            : LEICA GRX1200PRO
     Satellite System         : GPS
     Serial Number            : 462893 
     Firmware Version         : 4.0
     Elevation Cutoff Setting : 0
     Date Installed           : 2006-10-20T00:00Z
     Date Removed             : 2009-07-19T23:59Z
     Temperature Stabiliz.    : NONE
     Additional Information   : 
     
3.5  Receiver Type            : LEICA GRX1200PRO
     Satellite System         : GPS
     Serial Number            : 462893 
     Firmware Version         : 7.50
     Elevation Cutoff Setting : 0
     Date Installed           : 2009-07-20T00:00Z
     Date Removed             : 2011-05-31T00:00Z 
     Temperature Stabiliz.    : NONE
     Additional Information   : 
     
3.6  Receiver Type            : LEICA GRX1200PRO
     Satellite System         : GPS
     Serial Number            : 462893 
     Firmware Version         : 8.20/2.125
     Elevation Cutoff Setting : 0
     Date Installed           : 2011-05-31T00:00Z
     Date Removed             : 2012-12-12T23:00Z 
     Temperature Stabiliz.    : NONE
     Additional Information   : 
     
3.7  Receiver Type            : LEICA GRX1200PRO
     Satellite System         : GPS
     Serial Number            : 462893 
     Firmware Version         : 8.20/2.127
     Elevation Cutoff Setting : 0
     Date Installed           : 2012-12-12T23:00Z
     Date Removed             : 2014-12-05T00:00Z
     Temperature Stabiliz.    : NONE
     Additional Information   : 

3.8  Receiver Type            : LEICA GRX1200GGPRO
     Satellite System         : GPS+GLO+SBAS
     Serial Number            : 355800 
     Firmware Version         : 8.71/3.823 
     Elevation Cutoff Setting : 0
     Date Installed           : 2014-12-05T00:00Z
     Date Removed             : (CCYY-MM-DDThh:mmZ) 
     Temperature Stabiliz.    : NONE
     Additional Information   : 
     
3.x  Receiver Type            : (A20, from rcvr_ant.tab; see instructions)
     Satellite System         : (GPS+GLO+GAL+BDS+QZSS+SBAS)
     Serial Number            : (A5)
     Firmware Version         : (A11)
     Elevation Cutoff Setting : (deg)
     Date Installed           : (CCYY-MM-DDThh:mmZ)
     Date Removed             : (CCYY-MM-DDThh:mmZ)
     Temperature Stabiliz.    : (none or tolerance in degrees C)
     Additional Information   : (multiple lines)

4.  GNSS Antenna Information


4.1  Antenna Type             : ASH700718B      NONE
     Serial Number            : 10731
     Antenna Reference Point  : BPA
     Marker->ARP Up Ecc. (m)  : 000.0000 
     Marker->ARP North Ecc(m) : 000.0000 
     Marker->ARP East Ecc(m)  : 000.0000 
     Alignment from True N    : 0
     Antenna Radome Type      : NONE
     Radome Serial Number     : 
     Antenna Cable Type       : (vendor & type number)
     Antenna Cable Length     : (m)
     Date Installed           : 1997-06-06
     Date Removed             : 2002-06-16
     Additional Information   : 

4.2  Antenna Type             : ASH700936E      NONE
     Serial Number            : CR16755
     Antenna Reference Point  : BPA
     Marker->ARP Up Ecc. (m)  : 000.0000 
     Marker->ARP North Ecc(m) : 000.0000 
     Marker->ARP East Ecc(m)  : 000.0000 
     Alignment from True N    : 0
     Antenna Radome Type      : NONE
     Radome Serial Number     : 
     Antenna Cable Type       : (vendor & type number)
     Antenna Cable Length     : (m)
     Date Installed           : 2002-06-22T06:20Z
     Date Removed             : 2002-09-29T07:45Z
     Additional Information   : 

4.3  Antenna Type             : ASH700718B      NONE
     Serial Number            : 10735
     Antenna Reference Point  : BPA
     Marker->ARP Up Ecc. (m)  : 000.0000 
     Marker->ARP North Ecc(m) : 000.0000 
     Marker->ARP East Ecc(m)  : 000.0000 
     Alignment from True N    : 0
     Antenna Radome Type      : NONE
     Radome Serial Number     : 
     Antenna Cable Type       : (vendor & type number)
     Antenna Cable Length     : (m)
     Date Installed           : 2002-09-29T07:45Z
     Date Removed             : 2003-07-17T00:00Z
     Additional Information   : 

4.4  Antenna Type             : ASH700718B      NONE
     Serial Number            : 10734
     Antenna Reference Point  : BPA
     Marker->ARP Up Ecc. (m)  : 000.0035 
     Marker->ARP North Ecc(m) : 000.0000 
     Marker->ARP East Ecc(m)  : 000.0000 
     Alignment from True N    : 0
     Antenna Radome Type      : NONE
     Radome Serial Number     : 
     Antenna Cable Type       : (vendor & type number)
     Antenna Cable Length     : (m)
     Date Installed           : 2003-07-17T00:00Z
     Date Removed             : 2004-11-02T00:00Z
     Additional Information   : 

4.5  Antenna Type             : ASH700718B      NONE
     Serial Number            : 10726
     Antenna Reference Point  : BPA
     Marker->ARP Up Ecc. (m)  : 000.0000 
     Marker->ARP North Ecc(m) : 000.0000 
     Marker->ARP East Ecc(m)  : 000.0000 
     Alignment from True N    : 0
     Antenna Radome Type      : NONE
     Radome Serial Number     : 
     Antenna Cable Type       : (vendor & type number)
     Antenna Cable Length     : (m)
     Date Installed           : 2004-11-10T01:00Z
     Date Removed             : 2006-08-10T00:00Z
     Additional Information   : 

4.6  Antenna Type             : ASH701945C_M    NONE
     Serial Number            : CR5200404028
     Antenna Reference Point  : BPA
     Marker->ARP Up Ecc. (m)  : 000.0000 
     Marker->ARP North Ecc(m) : 000.0000 
     Marker->ARP East Ecc(m)  : 000.0000 
     Alignment from True N    : -15
     Antenna Radome Type      : NONE
     Radome Serial Number     : 
     Antenna Cable Type       : (vendor & type number)
     Antenna Cable Length     : (m)
     Date Installed           : 2006-08-10T00:00Z
     Date Removed             : (CCYY-MM-DDThh:mmZ)
     Additional Information   : 

4.x  Antenna Type             : (A20, from rcvr_ant.tab; see instructions)
     Serial Number            : (A*, but note the first A5 is used in SINEX)
     Antenna Reference Point  : (BPA/BCR/XXX from "antenna.gra"; see instr.)
     Marker->ARP Up Ecc. (m)  : (F8.4)
     Marker->ARP North Ecc(m) : (F8.4)
     Marker->ARP East Ecc(m)  : (F8.4)
     Alignment from True N    : (deg; + is clockwise/east)
     Antenna Radome Type      : (A4 from rcvr_ant.tab; see instructions)
     Radome Serial Number     : 
     Antenna Cable Type       : (vendor & type number)
     Antenna Cable Length     : (m)
     Date Installed           : (CCYY-MM-DDThh:mmZ)
     Date Removed             : (CCYY-MM-DDThh:mmZ)
     Additional Information   : (multiple lines)

5.  Surveyed Local Ties

5.x  Tied Marker Name         : 
     Tied Marker Usage        : (SLR/VLBI/LOCAL CONTROL/FOOTPRINT/etc)
     Tied Marker CDP Number   : (A4)
     Tied Marker DOMES Number : (A9)
     Differential Components from GNSS Marker to the tied monument (ITRS)
       dx (m)                 : 
       dy (m)                 : 
       dz (m)                 : 
     Accuracy (mm)            : (mm)
     Survey method            : (GPS CAMPAIGN/TRILATERATION/TRIANGULATION/etc)
     Date Measured            : (CCYY-MM-DDThh:mmZ)
     Additional Information   : (multiple lines)


6.   Frequency Standard

6.1  Standard Type            : INTERNAL
       Input Frequency        : 
       Effective Dates        : 1997-06-06/(CCYY-MM-DD)
       Notes                  : (multiple lines)

6.x  Standard Type            : (INTERNAL or EXTERNAL H-MASER/CESIUM/etc)
       Input Frequency        : (if external)
       Effective Dates        : (CCYY-MM-DD/CCYY-MM-DD)
       Notes                  : (multiple lines)


7.   Collocation Information


7.x  Instrumentation Type     : (GPS/GLONASS/DORIS/PRARE/SLR/VLBI/TIME/etc)
       Status                 : (PERMANENT/MOBILE)
       Effective Dates        : (CCYY-MM-DD/CCYY-MM-DD)
       Notes                  : (multiple lines)

8.   Meteorological Instrumentation

8.1.x  Humidity Sensor Model  : 
       Manufacturer           : 
       Serial Number          : 
       Data Sampling Interval : (sec)
       Accuracy (% rel h)     : (% rel h)
       Aspiration             : (UNASPIRATED/NATURAL/FAN/etc)
       Height Diff to Ant     : (m)
       Calibration date       : (CCYY-MM-DD)
       Effective Dates        : (CCYY-MM-DD/CCYY-MM-DD)
       Notes                  : (multiple lines)

8.2.x  Pressure Sensor Model  : 
       Manufacturer           : 
       Serial Number          : 
       Data Sampling Interval : (sec)
       Accuracy               : (hPa)
       Height Diff to Ant     : (m)
       Calibration date       : (CCYY-MM-DD)
       Effective Dates        : (CCYY-MM-DD/CCYY-MM-DD)
       Notes                  : (multiple lines)

8.3.x  Temp. Sensor Model     : 
       Manufacturer           : 
       Serial Number          : 
       Data Sampling Interval : (sec)
       Accuracy               : (hPa)
       Aspiration             : (UNASPIRATED/NATURAL/FAN/etc)
       Height Diff to Ant     : (m)
       Calibration date       : (CCYY-MM-DD)
       Effective Dates        : (CCYY-MM-DD/CCYY-MM-DD)
       Notes                  : (multiple lines)

8.4.x  Water Vapor Radiometer : 
       Manufacturer           : 
       Serial Number          : 
       Distance to Antenna    : (m)
       Height Diff to Ant     : (m)
       Calibration date       : (CCYY-MM-DD)
       Effective Dates        : (CCYY-MM-DD/CCYY-MM-DD)
       Notes                  : (multiple lines)

8.5.x  Other Instrumentation  : 

9.  Local Ongoing Conditions Possibly Affecting Computed Position


9.1.x  Radio Interferences    : (TV/CELL PHONE ANTENNA/RADAR/etc)
       Observed Degredations  : (SN RATIO/DATA GAPS/etc)
       Effective Dates        : (CCYY-MM-DD/CCYY-MM-DD)
       Additional Information : (multiple lines)

9.2.x  Multipath Sources      : (METAL ROOF/DOME/VLBI ANTENNA/etc)
       Effective Dates        : (CCYY-MM-DD/CCYY-MM-DD)
       Additional Information : (multiple lines)

9.3.x  Signal Obstructions    : (TREES/BUILDINGS/etc)
       Effective Dates        : (CCYY-MM-DD/CCYY-MM-DD)
       Additional Information : (multiple lines)

10.   Local Episodic Effects Possibly Affecting Data Quality


10.x Date                     : (CCYY-MM-DD/CCYY-MM-DD)
     Event                    : (TREE CLEARING/CONSTRUCTION/etc)

11.   On-Site, Point of Contact Agency Information

     Agency                   : Geoscience Australia
                              : National Mapping Division
     Preferred Abbreviation   : GA
     Mailing Address          : Po Box 2
                              : BELCONNEN ACT 2616
     Primary Contact
       Contact Name           : Michael Moore 
       Telephone (primary)    : +61 2 62499052
       Telephone (secondary)  : 0413 604169
       Fax                    : +61 2 62499929
       E-mail                 : michael.moore@ga.gov.au
     Secondary Contact
       Contact Name           : Ryan Ruddick
       Telephone (primary)    : 
       Telephone (secondary)  : 
       Fax                    : +61 2 62499929
       E-mail                 : Ryan.Ruddick@ga.gov.au
     Additional Information   : (multiple lines)

12.  Responsible Agency (if different from 11.)

     Agency                   : (multiple lines)
     Preferred Abbreviation   : (A10)
     Mailing Address          : (multiple lines)
     Primary Contact
       Contact Name           : 
       Telephone (primary)    : 
       Telephone (secondary)  : 
       Fax                    : 
       E-mail                 : 
     Secondary Contact
       Contact Name           : 
       Telephone (primary)    : 
       Telephone (secondary)  : 
       Fax                    : 
       E-mail                 : 
     Additional Information   : (multiple lines)

13.  More Information
     Primary Data Center      : GA (ftp.ga.gov.au)
     Secondary Data Center    : CDDIS
     URL for More Information : 
       Hardcopy on File
       Site Map               : (Y or URL)
       Site Diagram           : Y
       Horizon Mask           : Y
       Monument Description   : Y
       Site Pictures          : Y
     Additional Information   : (multiple lines)
     Antenna Graphics with Dimensions



Please insert here the character graphics corresponding to the 
antenna type. Check, complete or change if necessary the antenna 
dimensions.


             TurboRogue: DORNE MARGOLIN T

                         -----  
                     /     +     \                        <-- 0.128  L2
                    |      +      |                       <-- 0.110  L1
  +--------------------------------------------------+    <-- 0.102  TCR
  |                                                  |
  |                                                  |
  |                                                  |
  |                                                  |
+-+--------------------------------------------------+-+  <-- 0.038
+-------------------+-------------+--------------------+  <-- 0.035  BCR
                    |             | 
                   =|             |  
                    +------x------+                       <-- 0.000  ARP

<--                      0.381                       -->


   ARP: Antenna Reference Point   BPA: Bottom of Preamplifier



