     International GPS Service
     HUEG Site Information Form
     See Instructions at:
       ftp://igscb.jpl.nasa.gov/pub/station/general/sitelog_instr.txt


0.   Form

     Prepared by (full name)  : Matthias Groeschel
     Date Prepared            : 2014-06-03
     Report Type              : UPDATE
     If Update:
      Previous Site Log       : hueg_20130710.log
      Modified/Added Sections : 3.8, 3.9, 4.3, 4.4, 12, 13


1.   Site Identification of the GNSS Monument

     Site Name                : Huegelheim
     Four Character ID        : HUEG
     Monument Inscription     : 
     IERS DOMES Number        : 14280M001
     CDP Number               : 
     Monument Description     : STEEL MAST
       Height of the Monument : 1.0 m
       Monument Foundation    : WALL HOLDER ON BUILDING
       Foundation Depth       : (m)
     Marker Description       : PIVOT
     Date Installed           : 2002-02-18T12:00Z
     Geologic Characteristic  : (BEDROCK/CLAY/CONGLOMERATE/GRAVEL/SAND/etc)
       Bedrock Type           : 
       Bedrock Condition      : 
       Fracture Spacing       : none
       Fault zones nearby     : (YES/NO/Name of the zone)
         Distance/activity    : (multiple lines)
     Additional Information   : The system is installed on the roof of the
                              : building of a gas compressor station.


2.   Site Location Information

     City or Town             : Huegelheim
     State or Province        : Baden Wuerttemberg
     Country                  : Germany
     Tectonic Plate           : Eurasean Plate
     Approximate Position (ITRF)
       X coordinate (m)       : 4251963.645
       Y coordinate (m)       :  567043.365
       Z coordinate (m)       : 4704708.410
       Latitude (N is +)      : +475002.2
       Longitude (E is +)     : +0073546.2
       Elevation (m,ellips.)  : 278.4
     Additional Information   : (multiple lines)


3.   GNSS Receiver Information

3.1  Receiver Type            : JPS LEGACY
     Satellite System         : GPS+GLO
     Serial Number            : MT311513741
     Firmware Version         : E_GGD_2/2.2
     Elevation Cutoff Setting : 5 deg
     Date Installed           : 2002-02-18T12:00Z
     Date Removed             : 2002-10-09T12:00Z
     Temperature Stabiliz.    : none
     Additional Information   : 

3.2  Receiver Type            : JPS LEGACY
     Satellite System         : GPS+GLO
     Serial Number            : MT311513741
     Firmware Version         : E_GGD_2/2.2p2
     Elevation Cutoff Setting : 5 deg
     Date Installed           : 2002-10-09T12:00Z
     Date Removed             : 2005-12-08T12:00Z
     Temperature Stabiliz.    : none
     Additional Information   : 

3.3  Receiver Type            : JPS LEGACY
     Satellite System         : GPS+GLO
     Serial Number            : MT311513741
     Firmware Version         : Euro_3/2.3p4
     Elevation Cutoff Setting : 5 deg
     Date Installed           : 2005-12-08T12:00Z
     Date Removed             : 2006-01-03T12:00Z
     Temperature Stabiliz.    : none
     Additional Information   : 

3.4  Receiver Type            : JPS LEGACY
     Satellite System         : GPS+GLO
     Serial Number            : AG0XLFRDTZ4
     Firmware Version         : E_GGD_2/2.5p1
     Elevation Cutoff Setting : 5 deg
     Date Installed           : 2006-01-03T12:00Z
     Date Removed             : 2007-02-23T08:00Z
     Temperature Stabiliz.    : none
     Additional Information   : 

3.5  Receiver Type            : JPS LEGACY
     Satellite System         : GPS+GLO
     Serial Number            : MT311605707
     Firmware Version         : Euro_3/2.3p4
     Elevation Cutoff Setting : 5 deg
     Date Installed           : 2007-02-23T08:00Z
     Date Removed             : 2008-01-30T10:30Z
     Temperature Stabiliz.    : none
     Additional Information   : 

3.6  Receiver Type            : JPS LEGACY
     Satellite System         : GPS+GLO
     Serial Number            : MT311605707
     Firmware Version         : 2.6.1 JAN,10,2008
     Elevation Cutoff Setting : 0 deg
     Date Installed           : 2008-01-30T10:30Z
     Date Removed             : 2008-03-13T11:00Z
     Temperature Stabiliz.    : none
     Additional Information   : 

3.7  Receiver Type            : JPS LEGACY
     Satellite System         : GPS+GLO
     Serial Number            : AFMR2C4Z08W
     Firmware Version         : 2.6.1 JAN,10,2008
     Elevation Cutoff Setting : 0 deg
     Date Installed           : 2008-03-13T11:00Z
     Date Removed             : 2013-07-10T07:50Z
     Temperature Stabiliz.    : none
     Additional Information   : Additional Number
                              : LE5795 on the
                              : type level
                              
3.8  Receiver Type            : LEICA GR25
     Satellite System         : GPS+GLO+GAL+SBAS
     Serial Number            : 1830178
     Firmware Version         : 3.00/6.113
     Elevation Cutoff Setting : 0 deg
     Date Installed           : 2013-07-10T09:45Z
     Date Removed             : 2014-06-03T07:00Z
     Temperature Stabiliz.    : none
     Additional Information   : ME serial number BDU11400634

3.9  Receiver Type            : JAVAD TRE_G3TH DELTA
     Satellite System         : GPS+GLO+GAL+SBAS
     Serial Number            : 01588
     Firmware Version         : 3.5.5 MAR,03,2014
     Elevation Cutoff Setting : 0 deg
     Date Installed           : 2014-06-03T08:00Z
     Date Removed             : CCYY-MM-DDThh:mmZ
     Temperature Stabiliz.    : none
     Additional Information   : Board Id
                              : 04DQU21IR2QL91LBPCJR8R5L0C
                              
4.   GNSS Antenna Information

4.1  Antenna Type             : JPSREGANT_SD_E2 NONE
     Serial Number            : RA0310
     Antenna Reference Point  : BPA
     Marker->ARP Up Ecc. (m)  : 0.000
     Marker->ARP North Ecc(m) : 0.000
     Marker->ARP East Ecc(m)  : 0.000
     Alignment from True N    : 0
     Antenna Radome Type      : NONE
     Radome Serial Number     : 
     Antenna Cable Type       : RG58
     Antenna Cable Length     : 5 m
     Date Installed           : 2002-02-21T12:00Z
     Date Removed             : 2005-12-05T12:00Z
     Additional Information   :
                              : Antenna type listed in this section retro-
                              : actively changed from JPSREGANT_SD_E to
                              : JPSREGANT_SD_E2 starting with log file
                              : hueg_20121007.log. See IGSMAIL-6662 and
                              : IGSMAIL-6663 for details.

4.2  Antenna Type             : JPSREGANT_SD_E2 NONE
     Serial Number            : RA0291
     Antenna Reference Point  : BPA
     Marker->ARP Up Ecc. (m)  : 0.000
     Marker->ARP North Ecc(m) : 0.000
     Marker->ARP East Ecc(m)  : 0.000
     Alignment from True N    : 0
     Antenna Radome Type      : NONE
     Radome Serial Number     : 
     Antenna Cable Type       : RG58
     Antenna Cable Length     : 5 m
     Date Installed           : 2005-12-05T12:00Z
     Date Removed             : 2008-03-13T11:00Z
     Additional Information   : 
                              : Antenna type listed in this section retro-
                              : actively changed from JPSREGANT_SD_E to
                              : JPSREGANT_SD_E2 starting with log file
                              : hueg_20121007.log. See IGSMAIL-6662 and
                              : IGSMAIL-6663 for details.

4.3  Antenna Type             : TPSCR3_GGD      CONE
     Serial Number            : 217-0116
     Antenna Reference Point  : BPA
     Marker->ARP Up Ecc. (m)  : 0.000
     Marker->ARP North Ecc(m) : 0.000
     Marker->ARP East Ecc(m)  : 0.000
     Alignment from True N    : 0
     Antenna Radome Type      : CONE
     Radome Serial Number     :
     Antenna Cable Type       : RG58
     Antenna Cable Length     : 5 m
     Date Installed           : 2008-03-13T11:00Z
     Date Removed             : 2013-07-10T07:50Z
     Additional Information   :

4.4  Antenna Type             : LEIAR25.R4      LEIT
     Serial Number            : 725269
     Antenna Reference Point  : BPA
     Marker->ARP Up Ecc. (m)  :   0.0000
     Marker->ARP North Ecc(m) :   0.0000
     Marker->ARP East Ecc(m)  :   0.0000
     Alignment from True N    : 0 deg
     Antenna Radome Type      : LEIT
     Radome Serial Number     : 
     Antenna Cable Type       : RG58
     Antenna Cable Length     : 5 m
     Date Installed           : 2013-07-10T09:45Z
     Date Removed             : CCYY-MM-DDThh:mmZ
     Additional Information   : Antenna calibrated absolute
                              : by Geo++ GmbH, Garbsen 2012-09-25.
                              
5.   Surveyed Local Ties

5.1  Tied Marker Name         : 
     Tied Marker Usage        : (SLR/VLBI/LOCAL CONTROL/FOOTPRINT/etc)
     Tied Marker CDP Number   : (A4)
     Tied Marker DOMES Number : (A9)
     Differential Components from GNSS Marker to the tied monument (ITRS)
       dx (m)                 : (m)
       dy (m)                 : (m)
       dz (m)                 : (m)
     Accuracy (mm)            : (mm)
     Survey method            : (GPS CAMPAIGN/TRILATERATION/TRIANGULATION/etc)
     Date Measured            : (CCYY-MM-DDThh:mmZ)
     Additional Information   : (multiple lines)


6.   Frequency Standard

6.1  Standard Type            : INTERNAL
       Input Frequency        :
       Effective Dates        : 
       Notes                  : (multiple lines)


7.   Collocation Information

7.1  Instrumentation Type     : 
       Status                 : 
       Effective Dates        : 
       Notes                  : 


8.   Meteorological Instrumentation

8.1.1  Humidity Sensor Model  : WXTPTU
       Manufacturer           : Vaisala
       Serial Number          : J2330064
       Data Sampling Interval : 10 s
       Accuracy (% rel h)     : 3
       Aspiration             : NATURAL
       Height Diff to Ant     : -0.5 m
       Calibration date       : 2013-06-13
       Effective Dates        : 2014-06-03/CCYY-MM-DD
       Notes                  : Vaisala WXT520 (heated) SN: J2440005
                              : Humidity Sensor is 0.5 m under the antenna
                              : capacitive thin film polymer HUMICAP 180 sensor
                           
8.2.1  Pressure Sensor Model  : WXTPTU
       Manufacturer           : Vaisala
       Serial Number          : J2330064
       Data Sampling Interval : 10 s
       Accuracy               : 1 hPa
       Height Diff to Ant     : -0.5 m
       Calibration date       : 2013-06-13
       Effective Dates        : 2014-06-03/CCYY-MM-DD
       Notes                  : Vaisala WXT520 (heated) SN: J2440005
                              : Pressure Sensor is -0.5 m under the antenna
                              : capacitive silicon BAROCAP sensor

8.3.1  Temp. Sensor Model     : WXTPTU
       Manufacturer           : Vaisala
       Serial Number          : J2330064
       Data Sampling Interval : 10 s
       Accuracy               : 0.3 deg C
       Aspiration             : NATURAL
       Height Diff to Ant     : -0.5 m
       Calibration date       : 2013-06-13
       Effective Dates        : 2014-06-03/CCYY-MM-DD
       Notes                  : Vaisala WXT520 (heated) SN: J2440005
                              : Temperature Sensor is -0.5 m under the antenna
                              : capacitive ceramic THERMOCAP sensor

8.4.1  Water Vapor Radiometer : 
       Manufacturer           : 
       Serial Number          : 
       Distance to Antenna    : (m)
       Height Diff to Ant     : (m)
       Calibration date       : (CCYY-MM-DD)
       Effective Dates        : (CCYY-MM-DD/CCYY-MM-DD)
       Notes                  : (multiple lines)

8.5.1  Other Instrumentation  : Wind Azimut
                              : Wind Sensor Model WXT520  (heated)
                              : Manufacturer Vaisala
                              : Serial Number J2440005
                              : Data Sampling Interval 10 sec
                              : Accuracy 3 deg
                              : Height Diff to Ant -0.5 m
                              : Test date 2013-06-13
                              : Effective Dates 2014-06-03/CCYY-MM-DD
                              : Notes Wind Sensor is -0.5 m under the antenna
                              : Notes ultrasonic WINDCAP sensor

8.5.2  Other Instrumentation  : Wind Speed
                              : Wind Sensor Model WXT520 (heated)
                              : Manufacturer Vaisala
                              : Serial Number J2440005
                              : Data Sampling Interval 10 sec
                              : Accuracy
                              : measurement values 0..35 m/s  0.3 m/s or 3%
                              : measurement values 36..60 m/s  5%
                              : Height Diff to Ant -0.5 m
                              : Test date 2013-06-13
                              : Effective Dates 2014-06-03/CCYY-MM-DD
                              : Notes Wind Sensor is -0.5 m under the antenna
                              : Notes ultrasonic WINDCAP sensor

8.5.3  Other Instrumentation  : Rain Increment
                              : Rain Sensor Model WXT520 (heated)
                              : Manufacturer Vaisala
                              : Serial Number J2440005
                              : Data Sampling Interval 10 sec
                              : Accuracy 5 %
                              : Height Diff to Ant -0.5 m
                              : Test date 2013-06-13
                              : Effective Dates 2014-06-03/CCYY-MM-DD
                              : Notes Rain Sensor is -0.5 m under the antenna
                              : Notes piezoelectrical RAINCAP sensor

8.5.4  Other Instrumentation  : Hail Indicator
                              : Hail Sensor Model WXT520 (heated)
                              : Manufacturer Vaisala
                              : Serial Number J2440005
                              : Data Sampling Interval 10 sec
                              : Accuracy 5 %
                              : Height Diff to Ant -0.5 m
                              : Test date 2013-06-13
                              : Effective Dates 2014-06-03/CCYY-MM-DD
                              : Notes Hail Sensor is -0.5 m under the antenna
                              : Notes piezoelectrical RAINCAP sensor


9.  Local Ongoing Conditions Possibly Affecting Computed Position

9.1.1 Radio Interferences     : (TV/CELL PHONE ANTENNA/RADAR/etc)
       Observed Degradations  : (SN RATIO/DATA GAPS/etc)
       Effective Dates        : (CCYY-MM-DD/CCYY-MM-DD)
       Additional Information : (multiple lines)


9.2.1 Multipath Sources       : (METAL ROOF/DOME/VLBI ANTENNA/etc)
       Effective Dates        : (CCYY-MM-DD/CCYY-MM-DD)
       Additional Information : (multiple lines)


9.3.1 Signal Obstructions     : (TREES/BUILDLINGS/etc)
       Effective Dates        : (CCYY-MM-DD/CCYY-MM-DD)
       Additional Information : (multiple lines)


10.  Local Episodic Effects Possibly Affecting Data Quality

10.1 Date                     : (CCYY-MM-DDThh:mmZ)
     Event                    : (TREE CLEARING/CONSTRUCTION/etc)


11.   On-Site, Point of Contact Agency Information

     Agency                   : Bundesamt fuer Kartographie und Geodaesie
                              : Department of Geodaesie
     Preferred Abbreviation   : BKG
     Mailing Address          : Bundesamt fuer Kartographie und Geodaesie
                              : Department of Geodaesie
                              : Richard Strauss Allee 11
                              : D 60598 Frankfurt / M.
                              : Germany
     Primary Contact
       Contact Name           : Peter Franke
       Telephone (primary)    : (0049)-69-6333-279
       Telephone (secondary)  : (0049)-69-6333-1
       Fax                    : (0049)-69-6333-425
       E-mail                 : peter.franke@bkg.bund.de
     Secondary Contact
       Contact Name           : see 12.
       Telephone (primary)    : 
       Telephone (secondary)  : 
       Fax                    : 
       E-mail                 : 
     Additional Information   : (multiple lines)


12.  Responsible Agency (if different from 11.)

     Agency                   : Bundesamt fuer Kartographie und Geodaesie
                              : Department of Geodaesie
     Preferred Abbreviation   : BKG
     Mailing Address          : Bundesamt fuer Kartographie und Geodaesie
                              : Branch Leipzig
                              : Karl Rothe Str. 10-14
                              : D 04105 Leipzig
                              : Germany
     Primary Contact
       Contact Name           : Matthias Groeschel
       Telephone (primary)    : (0049)-341-5634-432
       Telephone (secondary)  : (0049)-341-5634-0
       Fax                    : (0049)-341-5634-415
       E-mail                 : matthias.groeschel@bkg.bund.de
     Secondary Contact
       Contact Name           : 
       Telephone (primary)    : 
       Telephone (secondary)  : 
       Fax                    : 
       E-mail                 : 
     Additional Information   : (multiple lines)


13.  More Information

     Primary Data Center      : Bundesamt fuer Kartographie und Geodaesie
                              : Department of Geodaesie
                              : Referat G2
                              : Richard Strauss Allee 11
                              : D 60598 Frankfurt / M.
                              : Germany
                              : http://igs.bkg.bund.de
     Secondary Data Center    : CDDIS
     URL for More Information : www.bkg.bund.de
     Hardcopy on File
       Site Map               : (Y or URL)
       Site Diagram           : (Y or URL)
       Horizon Mask           : (Y or URL)
       Monument Description   : (Y or URL)
       Site Pictures          : (Y or URL)
     Additional Information   : (multiple lines)

     Antenna Graphics with Dimensions


       



             Javad Positioning Systems: REGANT - SD


                +-------------------------+ <---------- Plastic Housing for
               /    -------------------    \            Antenna/Choke Ring
              /    /                   \    \
   +---------+     |         +         |     +---------+     <-- 0.1060 L1
  | +-------------------------------------------------+ |    <-- TCR
 /  |                                                 |  \
|   |                                                 |   |
|   |                                                 |   |
|   |                                                 |   |
 \+-----------------------------------------------------+/
 |+-----------------------------------------------------+|   <-- BCR
  \______________  |                   |  ______________/
                 \ |                   | /
                  \+---------x---------+/                    <-- 0.0000
ARP=BPA


   ARP: Antenna Reference Point
   L1 : L1 Phase Center                   L2 : L2 Phase Center
   TCR: Top of Chokering                  BCR: Bottom of Chokering
   TGP: Top of Ground Plane               BGP: Bottom of Ground Plane
   TPA: Top of Preamplifier               BPA: Bottom of Preamplifier
   TOP: Top of Pole                       BOP: Bottom of Pole


TPSCR3_GGD
                        ---------
                      /     +     \                        <--  0.104  = L2
                     |      +      |                       <--  0.081  = L1
   +--------------------------------------------------+    <--  0.071  = TCR
   |                                                  |
   |                                                  |
   |                                                  |
   |                                                  |
   +-----------------+-------------+------------------+    <--  0.003 = BCR
                      +-----x-----+                        <--  0.000   BPA=ARP

   <--                    0.326                     -->
   
LEIAR25.R4

                         +-------+                          <--  0.1995
                        /
                  +---+-------------+---+                   <--  0.1606  TCR
                  |                     |
               |---------------------------|
            |---------------------------------|
         |---------------------------------------|
      +---------------------------------------------+
      |                                             |
      |                                             |
    +-+---------------------------------------------+-+
    +-----------------+-------------+-----------------+     <--  0.0320  BCR
                      |             |
                      |             |
                      +------x------+                       <--  0.0000  BPA=ARP

    <--                    0.3802                   -->



   ARP: Antenna Reference Point
   L1 : L1 Phase Center                   L2 : L2 Phase Center
   TCR: Top of Chokering                  BCR: Bottom of Chokering
   TGP: Top of Ground Plane               BGP: Bottom of Ground Plane
   TPA: Top of Preamplifier               BPA: Bottom of Preamplifier
   TOP: Top of Pole

All dimensions are in meters.




