
     JFNG Site Information Form (site log)
     International GNSS Service
     See Instructions at:
       ftp://igscb.jpl.nasa.gov/pub/station/general/sitelog_instr.txt

0.   Form

     Prepared by (full name)  : Jean-Paul CARDALIAGUET
     Date Prepared            : 2015-10-21
     Report Type              : UPDATE
     If Update:
      Previous Site Log       : jfng_20150622.log
      Modified/Added Sections : 3.6, 3.7


1.   Site Identification of the GNSS Monument

     Site Name                : JIUFENG
     Four Character ID        : JFNG
     Monument Inscription     : 
     IERS DOMES Number        : 21602M006
     CDP Number               : 
     Monument Description     : PILLAR
       Height of the Monument : 2.5 m
       Monument Foundation    : Concrete pillar
       Foundation Depth       : 2 m
     Marker Description       : 
     Date Installed           : 2012-10-10T10:00Z
     Geologic Characteristic  : BEDROCK
       Bedrock Type           : METAMORPHIC
       Bedrock Condition      : WEATHERED
       Fracture Spacing       : 1-10 cm
       Fault zones nearby     : NO
         Distance/activity    : 
     Additional Information   : 


2.   Site Location Information

     City or Town             : Jiufeng
     State or Province        : Hubei
     Country                  : China
     Tectonic Plate           : EURASIAN
     Approximate Position (ITRF)
       X coordinate (m)       : -2279828.8292
       Y coordinate (m)       : 5004706.5483
       Z coordinate (m)       : 3219777.4684
       Latitude (N is +)      : +303056.035483
       Longitude (E is +)     : +1142927.668041
       Elevation (m,ellips.)  : 71.324
     Additional Information   : coordinates ITRF2008 epoch 2012.0


3.   GNSS Receiver Information

3.1  Receiver Type            : TRIMBLE NETR9
     Satellite System         : GPS+GLO+GAL+SBAS
     Serial Number            : 85816
     Firmware Version         : 4.62
     Elevation Cutoff Setting : 3 deg
     Date Installed           : 2012-10-10T00:00Z
     Date Removed             : 2013-02-15T15:00Z
     Temperature Stabiliz.    : 25 +/- 5
     Additional Information   : 

3.2  Receiver Type            : TRIMBLE NETR9
     Satellite System         : GPS+GLO+GAL+BDS+QZSS+SBAS
     Serial Number            : 85816
     Firmware Version         : 4.62
     Elevation Cutoff Setting : 3 deg
     Date Installed           : 2013-02-15T15:00Z
     Date Removed             : 2013-03-19T09:50Z
     Temperature Stabiliz.    : 25 +/- 5
     Additional Information   : 

3.3  Receiver Type            : TRIMBLE NETR9
     Satellite System         : GPS+GLO+GAL+BDS+QZSS+SBAS
     Serial Number            : 85816
     Firmware Version         : 4.70
     Elevation Cutoff Setting : 3 deg
     Date Installed           : 2013-03-19T10:00Z
     Date Removed             : 2013-11-08T08:00Z
     Temperature Stabiliz.    : 25 +/- 5
     Additional Information   : 

3.4  Receiver Type            : TRIMBLE NETR9
     Satellite System         : GPS+GLO+GAL+BDS+QZSS+SBAS
     Serial Number            : 70408
     Firmware Version         : 4.81
     Elevation Cutoff Setting : 3 deg
     Date Installed           : 2013-11-08T08:00Z
     Date Removed             : 2014-06-12T07:53Z
     Temperature Stabiliz.    : 25 +/- 5
     Additional Information   : 

3.5  Receiver Type            : TRIMBLE NETR9
     Satellite System         : GPS+GLO+GAL+BDS+QZSS+SBAS
     Serial Number            : 5038K70408
     Firmware Version         : 4.85
     Elevation Cutoff Setting : 3 deg
     Date Installed           : 2014-06-12T07:53Z
     Date Removed             : 2015-06-22T14:28Z
     Temperature Stabiliz.    : 25 +/- 5
     Additional Information   : 

3.6  Receiver Type            : TRIMBLE NETR9
     Satellite System         : GPS+GLO+GAL+BDS+QZSS+SBAS
     Serial Number            : 5038K70408
     Firmware Version         : 5.01
     Elevation Cutoff Setting : 3 deg
     Date Installed           : 2015-06-22T14:45Z
     Date Removed             : 2015-10-21T08:55Z
     Temperature Stabiliz.    : 25 +/- 5
     Additional Information   : 

3.7  Receiver Type            : TRIMBLE NETR9
     Satellite System         : GPS+GLO+GAL+BDS+QZSS+SBAS
     Serial Number            : 5038K70408
     Firmware Version         : 5.01
     Elevation Cutoff Setting : 0 deg
     Date Installed           : 2015-10-21T08:56Z
     Date Removed             : CCYY-MM-DDThh:mmZ
     Temperature Stabiliz.    : 25 +/- 5
     Additional Information   : 

3.x  Receiver Type            : (A20, from rcvr_ant.tab; see instructions)
     Satellite System         : (GPS+GLO+GAL+BDS+QZSS+SBAS)
     Serial Number            : (A20, but note the first A5 is used in SINEX)
     Firmware Version         : (A11)
     Elevation Cutoff Setting : (deg)
     Date Installed           : (CCYY-MM-DDThh:mmZ)
     Date Removed             : (CCYY-MM-DDThh:mmZ)
     Temperature Stabiliz.    : (none or tolerance in degrees C)
     Additional Information   : (multiple lines)


4.   GNSS Antenna Information

4.1  Antenna Type             : TRM59800.00     NONE
     Serial Number            : 5116354160
     Antenna Reference Point  : BPA
     Marker->ARP Up Ecc. (m)  : 0.0000
     Marker->ARP North Ecc(m) : 0.0000
     Marker->ARP East Ecc(m)  : 0.0000
     Alignment from True N    : 0 deg
     Antenna Radome Type      : NONE
     Radome Serial Number     : 
     Antenna Cable Type       : TRIMBLE
     Antenna Cable Length     : 50 m
     Date Installed           : 2012-10-10T00:00Z
     Date Removed             : CCYY-MM-DDThh:mmZ
     Additional Information   : 

4.x  Antenna Type             : (A20, from rcvr_ant.tab; see instructions)
     Serial Number            : (A*, but note the first A5 is used in SINEX)
     Antenna Reference Point  : (BPA/BCR/XXX from "antenna.gra"; see instr.)
     Marker->ARP Up Ecc. (m)  : (F8.4)
     Marker->ARP North Ecc(m) : (F8.4)
     Marker->ARP East Ecc(m)  : (F8.4)
     Alignment from True N    : (deg; + is clockwise/east)
     Antenna Radome Type      : (A4 from rcvr_ant.tab; see instructions)
     Radome Serial Number     : 
     Antenna Cable Type       : (vendor & type number)
     Antenna Cable Length     : (m)
     Date Installed           : (CCYY-MM-DDThh:mmZ)
     Date Removed             : (CCYY-MM-DDThh:mmZ)
     Additional Information   : (multiple lines)


5.   Surveyed Local Ties

5.1  Tied Marker Name         : DORIS antenna ref. pt. (JIUB)
     Tied Marker Usage        : 
     Tied Marker CDP Number   : 
     Tied Marker DOMES Number : 21602S005
     Differential Components from GNSS Marker to the tied monument (ITRS)
       dx (m)                 : 
       dy (m)                 : 
       dz (m)                 : 
     Accuracy (mm)            : 
     Survey method            : TRIANGULATION
     Date Measured            : 2012-10-12T00:00Z
     Additional Information   : high geodetic surveying

5.2  Tied Marker Name         : Marker DORIS
     Tied Marker Usage        : 
     Tied Marker CDP Number   : 
     Tied Marker DOMES Number : 
     Differential Components from GNSS Marker to the tied monument (ITRS)
       dx (m)                 : 
       dy (m)                 : 
       dz (m)                 : 
     Accuracy (mm)            : 
     Survey method            : TRIANGULATION
     Date Measured            : 2012-10-12T00:00Z
     Additional Information   : high geodetic surveying

5.x  Tied Marker Name         : 
     Tied Marker Usage        : (SLR/VLBI/LOCAL CONTROL/FOOTPRINT/etc)
     Tied Marker CDP Number   : (A4)
     Tied Marker DOMES Number : (A9)
     Differential Components from GNSS Marker to the tied monument (ITRS)
       dx (m)                 : (m)
       dy (m)                 : (m)
       dz (m)                 : (m)
     Accuracy (mm)            : (mm)
     Survey method            : (GPS CAMPAIGN/TRILATERATION/TRIANGULATION/etc)
     Date Measured            : (CCYY-MM-DDThh:mmZ)
     Additional Information   : (multiple lines)


6.   Frequency Standard

6.1  Standard Type            : INTERNAL
       Input Frequency        : 
       Effective Dates        : 2012-10-10/CCYY-MM-DD
       Notes                  : 

6.x  Standard Type            : (INTERNAL or EXTERNAL H-MASER/CESIUM/etc)
       Input Frequency        : (if external)
       Effective Dates        : (CCYY-MM-DD/CCYY-MM-DD)
       Notes                  : (multiple lines)


7.   Collocation Information

7.1  Instrumentation Type     : DORIS
       Status                 : PERMANENT
       Effective Dates        : 2003-12-10/CCYY-MM-DD
       Notes                  : 

7.x  Instrumentation Type     : (GPS/GLONASS/DORIS/PRARE/SLR/VLBI/TIME/etc)
       Status                 : (PERMANENT/MOBILE)
       Effective Dates        : (CCYY-MM-DD/CCYY-MM-DD)
       Notes                  : (multiple lines)


8.   Meteorological Instrumentation

8.1.x  Humidity Sensor Model  : 
       Manufacturer           : 
       Serial Number          : 
       Data Sampling Interval : (sec)
       Accuracy (% rel h)     : (% rel h)
       Aspiration             : (UNASPIRATED/NATURAL/FAN/etc)
       Height Diff to Ant     : (m)
       Calibration date       : (CCYY-MM-DD)
       Effective Dates        : (CCYY-MM-DD/CCYY-MM-DD)
       Notes                  : (multiple lines)

8.2.x  Pressure Sensor Model  : 
       Manufacturer           : 
       Serial Number          : 
       Data Sampling Interval : (sec)
       Accuracy               : (hPa)
       Height Diff to Ant     : (m)
       Calibration date       : (CCYY-MM-DD)
       Effective Dates        : (CCYY-MM-DD/CCYY-MM-DD)
       Notes                  : (multiple lines)

8.3.x  Temp. Sensor Model     : 
       Manufacturer           : 
       Serial Number          : 
       Data Sampling Interval : (sec)
       Accuracy               : (deg C)
       Aspiration             : (UNASPIRATED/NATURAL/FAN/etc)
       Height Diff to Ant     : (m)
       Calibration date       : (CCYY-MM-DD)
       Effective Dates        : (CCYY-MM-DD/CCYY-MM-DD)
       Notes                  : (multiple lines)

8.4.x  Water Vapor Radiometer : 
       Manufacturer           : 
       Serial Number          : 
       Distance to Antenna    : (m)
       Height Diff to Ant     : (m)
       Calibration date       : (CCYY-MM-DD)
       Effective Dates        : (CCYY-MM-DD/CCYY-MM-DD)
       Notes                  : (multiple lines)

8.5.x  Other Instrumentation  : (multiple lines)


9.   Local Ongoing Conditions Possibly Affecting Computed Position

9.1.x  Radio Interferences    : (TV/CELL PHONE ANTENNA/RADAR/etc)
       Observed Degradations  : (SN RATIO/DATA GAPS/etc)
       Effective Dates        : (CCYY-MM-DD/CCYY-MM-DD)
       Additional Information : (multiple lines)

9.2.x  Multipath Sources      : (METAL ROOF/DOME/VLBI ANTENNA/etc)
       Effective Dates        : (CCYY-MM-DD/CCYY-MM-DD)
       Additional Information : (multiple lines)

9.3.x  Signal Obstructions    : (TREES/BUILDINGS/etc)
       Effective Dates        : (CCYY-MM-DD/CCYY-MM-DD)
       Additional Information : (multiple lines)


10.  Local Episodic Effects Possibly Affecting Data Quality

10.x Date                     : (CCYY-MM-DD/CCYY-MM-DD)
     Event                    : (TREE CLEARING/CONSTRUCTION/etc)

11.  On-Site, Point of Contact Agency Information

     Agency                   : Institute of Geodesy and Geophysics
     Preferred Abbreviation   : IGG
     Mailing Address          : 340 XuDong Road, Wuhan 430077, Hubei, China
     Primary Contact
       Contact Name           : Zheng Shaohuai
       Telephone (primary)    : +86 27 68881390
       Telephone (secondary)  : 
       Fax                    : +86 27 68881362
       E-mail                 : zhengsh1102@sina.com
     Secondary Contact
       Contact Name           : 
       Telephone (primary)    : 
       Telephone (secondary)  : 
       Fax                    : 
       E-mail                 : 
     Additional Information   : 


12.  Responsible Agency (if different from 11.)

     Agency                   : Centre National d'Etudes Spatiales
     Preferred Abbreviation   : CNES
     Mailing Address          : CNES DCT/ME/NC 18, avenue Edouard Belin
                              : 31401 Toulouse cedex 09 - France
     Primary Contact
       Contact Name           : Alain Brissaud
       Telephone (primary)    : 
       Telephone (secondary)  : 
       Fax                    : 
       E-mail                 : alain.brissaud@cnes.fr
     Secondary Contact
       Contact Name           : Jean Paul Cardaliaguet
       Telephone (primary)    : (33) 5.61.27.31.98
       Telephone (secondary)  : (33) 5.61.28.35.22
       Fax                    : 
       E-mail                 : jean-paul.cardaliaguet@cnes.fr
     Additional Information   : generic email - regina.operation@cnes.fr

13.  More Information

     Primary Data Center      : IGN
     Secondary Data Center    : CDDIS
     URL for More Information : 
     Hardcopy on File
       Site Map               : 
       Site Diagram           : 
       Horizon Mask           : 
       Monument Description   : 
       Site Pictures          : 
     Additional Information   : 
     Antenna Graphics with Dimensions

TRM59800.00

                         -----
                     /           \
                    |             |
  +-------------------------------------------------+     <--  0.1020  TCR
  |                                                 |
  |                                                 |
  |                                                 |
  |                                                 |
+-+-------------------------------------------------+-+   <--  0.0381
+-------------------+-------------+-------------------+   <--  0.0350  BCR
                    |             |
                    |             |
                    +------x------+                       <--  0.0000  BPA=ARP

<--                      0.3810                     -->



