     JOZ2 Site Information Form (site log)
     International GNSS Service
     See Instructions at:
       ftp://igscb.jpl.nasa.gov/pub/station/general/sitelog_instr.txt


0.   Form

     Prepared by (full name)  : Lech Kujawa, Tomasz Liwosz
     Date Prepared            : 2013-05-02
     Report Type              : UPDATE
     If Update:
      Previous Site Log       : joz2_20110526.log
      Modified/Added Sections : 3.5, 3.6


1.   Site Identification of the GNSS Monument

     Site Name                : JOZEFOSLAW
     Four Character ID        : JOZ2
     Monument Inscription     : Joze2
     IERS DOMES Number        : 12204M002
     CDP Number               : (A4)
     Monument Description     : steel mast
       Height of the Monument : 1.5 m
       Monument Foundation    : roof of building
       Foundation Depth       : (m)
     Marker Description       : forced centered plate
     Date Installed           : 1993-08-03
     Geologic Characteristic  : CLAY
       Bedrock Type           : SEDIMENTARY
       Bedrock Condition      : JOINTED
       Fracture Spacing       : over 200 cm
       Fault zones nearby     : Teisseyre
         Distance/activity    : (multiple lines)
     Additional Information   : point of IGS, EUREF, EPOCH-92, CERGOP,
                              : CERGOP2,geodyn. network EXTENDED SAGET
                              : IERS DOMES Number by Altamimi, 22-NOV-93


2.   Site Location Information

     City or Town             : Jozefoslaw
     State or Province        : Mazovia
     Country                  : Poland
     Tectonic Plate           : EURASIAN
     Approximate Position (ITRF)
       X coordinate (m)       : 3664881
       Y coordinate (m)       : 1409190
       Z coordinate (m)       : 5009618
       Latitude (N is +)      : +520552.20
       Longitude (E is +)     : +0210156.45
       Elevation (m,ellips.)  :   152.5
     Additional Information   : (multiple lines)


3.   GNSS Receiver Information

3.1  Receiver Type            : ASHTECH Z18
     Satellite System         : GPS+GLO
     Serial Number            : ZX199912127
     Firmware Version         : 0064
     Elevation Cutoff Setting : 0 deg
     Date Installed           : 2002-01-03
     Date Removed             : 2008-03-14T10:00Z
     Temperature Stabiliz.    : 19 +/- 1
     Additional Information   : (multiple lines)

3.2  Receiver Type            : LEICA GRX1200GGPRO
     Satellite System         : GPS+GLO
     Serial Number            : 355045
     Firmware Version         : 5.62/3.014
     Elevation Cutoff Setting : 0 deg
     Date Installed           : 2008-03-14T10:10Z
     Date Removed             : 2009-05-06T18:00Z
     Temperature Stabiliz.    : 19.0 +/- 1
     Additional Information   : (multiple lines)

3.3  Receiver Type            : LEICA GRX1200GGPRO
     Satellite System         : GPS+GLO
     Serial Number            : 355045
     Firmware Version         : 5.62/3.017
     Elevation Cutoff Setting : 0 deg
     Date Installed           : 2009-05-10T20:00Z
     Date Removed             : 2010-05-01T10:26Z
     Temperature Stabiliz.    : 19.0 +/- 1
     Additional Information   : (multiple lines)

3.4  Receiver Type            : LEICA GRX1200GGPRO
     Satellite System         : GPS+GLO
     Serial Number            : 355045
     Firmware Version         : 5.62/3.019
     Elevation Cutoff Setting : 0 deg
     Date Installed           : 2010-05-01T10:27Z
     Date Removed             : 2011-05-26T14:50Z
     Temperature Stabiliz.    : 19.0 +/- 1
     Additional Information   : (multiple lines)

3.5  Receiver Type            : LEICA GRX1200GGPRO
     Satellite System         : GPS+GLO
     Serial Number            : 355045
     Firmware Version         : 8.20/3.019
     Elevation Cutoff Setting : 0 deg
     Date Installed           : 2011-05-26T15:09Z
     Date Removed             : 2013-05-02T11:20Z
     Temperature Stabiliz.    : 19.0 +/- 1
     Additional Information   : (multiple lines)

3.6  Receiver Type            : LEICA GRX1200GGPRO
     Satellite System         : GPS+GLO
     Serial Number            : 355045
     Firmware Version         : 8.71/3.822
     Elevation Cutoff Setting : 0 deg
     Date Installed           : 2013-05-02T11:41Z
     Date Removed             : CCYY-MM-DDThh:mmZ
     Temperature Stabiliz.    : 19 +/- 1
     Additional Information   : (multiple lines)

3.x  Receiver Type            : (A20, from rcvr_ant.tab; see instructions)
     Satellite System         : (GPS+GLO+GAL+BDS+QZSS+SBAS)
     Serial Number            : (A20, but note the first A5 is used in SINEX)
     Firmware Version         : (A11)
     Elevation Cutoff Setting : (deg)
     Date Installed           : (CCYY-MM-DDThh:mmZ)
     Date Removed             : (CCYY-MM-DDThh:mmZ)
     Temperature Stabiliz.    : (none or tolerance in degrees C)
     Additional Information   : (multiple lines)


4.   GNSS Antenna Information

4.1  Antenna Type             : ASH701941.B     SNOW
     Serial Number            : CRL20004801
     Antenna Reference Point  : BPA
     Marker->ARP Up Ecc. (m)  :   0.0000
     Marker->ARP North Ecc(m) :   0.0000
     Marker->ARP East Ecc(m)  :   0.0000
     Alignment from True N    : 4.0 deg
     Antenna Radome Type      : SNOW
     Radome Serial Number     : 
     Antenna Cable Type       : N/A
     Antenna Cable Length     : 10 m
     Date Installed           : 2002-01-03
     Date Removed             : 2008-03-14T10:00Z
     Additional Information   : (multiple lines)

4.2  Antenna Type             : LEIAT504GG      NONE
     Serial Number            : 200300
     Antenna Reference Point  : BPA
     Marker->ARP Up Ecc. (m)  :   0.0000
     Marker->ARP North Ecc(m) :   0.0000
     Marker->ARP East Ecc(m)  :   0.0000
     Alignment from True N    : 0.0 deg
     Antenna Radome Type      : NONE
     Radome Serial Number     : 
     Antenna Cable Type       : N/A
     Antenna Cable Length     : 10 m
     Date Installed           : 2008-03-14T10:10Z
     Date Removed             : CCYY-MM-DDThh:mmZ
     Additional Information   : (multiple lines)

4.x  Antenna Type             : (A20, from rcvr_ant.tab; see instructions)
     Serial Number            : (A*, but note the first A5 is used in SINEX)
     Antenna Reference Point  : (BPA/BCR/XXX from "antenna.gra"; see instr.)
     Marker->ARP Up Ecc. (m)  : (F8.4)
     Marker->ARP North Ecc(m) : (F8.4)
     Marker->ARP East Ecc(m)  : (F8.4)
     Alignment from True N    : (deg; + is clockwise/east)
     Antenna Radome Type      : (A4 from rcvr_ant.tab; see instructions)
     Radome Serial Number     : 
     Antenna Cable Type       : (vendor & type number)
     Antenna Cable Length     : (m)
     Date Installed           : (CCYY-MM-DDThh:mmZ)
     Date Removed             : (CCYY-MM-DDThh:mmZ)
     Additional Information   : (multiple lines)


5.   Surveyed Local Ties

5.1  Tied Marker Name         : JOZE
     Tied Marker Usage        : EUREF/IGS
     Tied Marker CDP Number   : (A4)
     Tied Marker DOMES Number : 12204M001
     Differential Components from GNSS Marker to the tied monument (ITRS)
       dx (m)                 : -59.580
       dy (m)                 : 36.731
       dz (m)                 : 47.105
     Accuracy (mm)            : 1
     Survey method            : GPS TRIANGULATION
     Date Measured            : 2001-10-10
     Additional Information   : Data from permanent GPS observations

5.x  Tied Marker Name         : 
     Tied Marker Usage        : (SLR/VLBI/LOCAL CONTROL/FOOTPRINT/etc)
     Tied Marker CDP Number   : (A4)
     Tied Marker DOMES Number : (A9)
     Differential Components from GNSS Marker to the tied monument (ITRS)
       dx (m)                 : (m)
       dy (m)                 : (m)
       dz (m)                 : (m)
     Accuracy (mm)            : (mm)
     Survey method            : (GPS CAMPAIGN/TRILATERATION/TRIANGULATION/etc)
     Date Measured            : (CCYY-MM-DDThh:mmZ)
     Additional Information   : (multiple lines)


6.   Frequency Standard

6.1  Standard Type            : EXTERNAL RUBIDIUM
       Input Frequency        : 10 Mhz
       Effective Dates        : 1994-11-10/2008-03-14
       Notes                  : TEMEX NEUCHATEL TIME SA

6.2  Standard Type            : INTERNAL 
       Input Frequency        : (if external)
       Effective Dates        : 2008-03-14/CCYY-MM-DD
       Notes                  : (multiple lines)

6.x  Standard Type            : (INTERNAL or EXTERNAL H-MASER/CESIUM/etc)
       Input Frequency        : (if external)
       Effective Dates        : (CCYY-MM-DD/CCYY-MM-DD)
       Notes                  : (multiple lines)


7.   Collocation Information

7.1  Instrumentation Type     : GPS, GRAVITY
       Status                 : PERMANENT
       Effective Dates        : 1993-11-01/CCYY-MM-DD
       Notes                  : gravity tidal station no. 0909

7.x  Instrumentation Type     : (GPS/GLONASS/DORIS/PRARE/SLR/VLBI/TIME/etc)
       Status                 : (PERMANENT/MOBILE)
       Effective Dates        : (CCYY-MM-DD/CCYY-MM-DD)
       Notes                  : (multiple lines)


8.   Meteorological Instrumentation

8.1.1  Humidity Sensor Model  : LB-710RHMS
       Manufacturer           : LAB-EL POLAND
       Serial Number          : 
       Data Sampling Interval : 900 s
       Accuracy (% rel h)     : 2
       Aspiration             : NATURAL
       Height Diff to Ant     : 0 m
       Calibration date       : 2001-10-05
       Effective Dates        : 2001-10-20/CCYY-MM-DD
       Notes                  : (multiple lines)

8.1.x  Humidity Sensor Model  : 
       Manufacturer           : 
       Serial Number          : 
       Data Sampling Interval : (sec)
       Accuracy (% rel h)     : (% rel h)
       Aspiration             : (UNASPIRATED/NATURAL/FAN/etc)
       Height Diff to Ant     : (m)
       Calibration date       : (CCYY-MM-DD)
       Effective Dates        : (CCYY-MM-DD/CCYY-MM-DD)
       Notes                  : (multiple lines)

8.2.1  Pressure Sensor Model  : LB-716
       Manufacturer           : LAB-EL POLAND
       Serial Number          : 
       Data Sampling Interval : 900 s
       Accuracy               : 0.5 hPa
       Height Diff to Ant     : -9.0 m
       Calibration date       : 2001-10-05
       Effective Dates        : 2001-10-20/CCYY-MM-DD
       Notes                  : (multiple lines)

8.2.x  Pressure Sensor Model  : 
       Manufacturer           : 
       Serial Number          : 
       Data Sampling Interval : (sec)
       Accuracy               : (hPa)
       Height Diff to Ant     : (m)
       Calibration date       : (CCYY-MM-DD)
       Effective Dates        : (CCYY-MM-DD/CCYY-MM-DD)
       Notes                  : (multiple lines)

8.3.1  Temp. Sensor Model     : LB-710RHMS
       Manufacturer           : LAB-EL POLAND
       Serial Number          : 
       Data Sampling Interval : 900 s
       Accuracy               : 0.2 deg C
       Aspiration             : NATURAL
       Height Diff to Ant     : 0.0 m
       Calibration date       : 2001-10-05
       Effective Dates        : 2001-10-20/CCYY-MM-DD
       Notes                  : (multiple lines)

8.3.x  Temp. Sensor Model     : 
       Manufacturer           : 
       Serial Number          : 
       Data Sampling Interval : (sec)
       Accuracy               : (deg C)
       Aspiration             : (UNASPIRATED/NATURAL/FAN/etc)
       Height Diff to Ant     : (m)
       Calibration date       : (CCYY-MM-DD)
       Effective Dates        : (CCYY-MM-DD/CCYY-MM-DD)
       Notes                  : (multiple lines)

8.4.x  Water Vapor Radiometer : 
       Manufacturer           : 
       Serial Number          : 
       Distance to Antenna    : (m)
       Height Diff to Ant     : (m)
       Calibration date       : (CCYY-MM-DD)
       Effective Dates        : (CCYY-MM-DD/CCYY-MM-DD)
       Notes                  : (multiple lines)

8.5.x  Other Instrumentation  : (multiple lines)


9.   Local Ongoing Conditions Possibly Affecting Computed Position

9.1.x  Radio Interferences    : (TV/CELL PHONE ANTENNA/RADAR/etc)
       Observed Degradations  : (SN RATIO/DATA GAPS/etc)
       Effective Dates        : (CCYY-MM-DD/CCYY-MM-DD)
       Additional Information : (multiple lines)

9.2.x  Multipath Sources      : (METAL ROOF/DOME/VLBI ANTENNA/etc)
       Effective Dates        : (CCYY-MM-DD/CCYY-MM-DD)
       Additional Information : (multiple lines)

9.3.x  Signal Obstructions    : (TREES/BUILDLINGS/etc)
       Effective Dates        : (CCYY-MM-DD/CCYY-MM-DD)
       Additional Information : (multiple lines)


10.  Local Episodic Effects Possibly Affecting Data Quality

10.x  Date                    : (CCYY-MM-DD/CCYY-MM-DD)
      Event                   : (TREE CLEARING/CONSTRUCTION/etc)


11.  On-Site, Point of Contact Agency Information

     Agency                   : Depatment of Geodesy and Geodetic Astronomy
                              : Warsaw University of Technology
     Preferred Abbreviation   : WUT
     Mailing Address          : Warsaw University of Technology
                              : Poland, 00-661 Warsaw, 1 Politechniki Sq.
     Primary Contact
       Contact Name           : Tomasz Liwosz
       Telephone (primary)    : (48-22) 6214248
       Telephone (secondary)  : (48-22) 2347754
       Fax                    : (48-22) 6214248
       E-mail                 : t.liwosz@gik.pw.edu.pl
     Secondary Contact
       Contact Name           : Michal Kruczyk
       Telephone (primary)    : (48-22) 6214248
       Telephone (secondary)  : (48-22) 2347754
       Fax                    : (48-22) 6214248
       E-mail                 : kruczyk@gik.pw.edu.pl
     Additional Information   : (multiple lines)


12.  Responsible Agency (if different from 11.)

     Agency                   : (multiple lines)
     Preferred Abbreviation   : (A10)
     Mailing Address          : (multiple lines)
     Primary Contact
       Contact Name           : 
       Telephone (primary)    : 
       Telephone (secondary)  : 
       Fax                    : 
       E-mail                 : 
     Secondary Contact
       Contact Name           : 
       Telephone (primary)    : 
       Telephone (secondary)  : 
       Fax                    : 
       E-mail                 : 
     Additional Information   : (multiple lines)


13.  More Information

     Primary Data Center      : BKGI
     Secondary Data Center    : OLG
     URL for More Information : http://www.gik.pw.edu.pl
     Hardcopy on File
       Site Map               : X
       Site Diagram           : X
       Horizon Mask           : X
       Monument Description   : X
       Site Pictures          : X
     Additional Information   : X
     Antenna Graphics with Dimensions

LEIAT504GG

                         +-------+                          <-- 0.1393
                       /     +     \
                      |      +      |
    +-----------------+-------------+------------------+    <-- 0.1012 TCR
    |                                                  |
    |                                                  |
    |                                                  |
    |                                                  |
  +-+--------------------------------------------------+-+
  +-------------------+-------------+--------------------+  <-- 0.0345 BCR
                      |             |
                      |             |
                      +------x------+                       <-- 0.0000 BPA=ARP

  <--                      0.3794                      -->
