     KATC Site Information Form (site log)
     International GPS Service
     See Instructions at:
       ftp://igscb.jpl.nasa.gov/pub/station/general/sitelog_instr.txt

0.   Form

     Prepared by (full name)  : Susan Jeffries
     Date Prepared            : 2015-08-12
     Report Type              : UPDATE
     If Update:
      Previous Site Log       : katc_20130917.log
      Modified/Added Sections : (n.n,n.n,...)


1.   Site Identification of the GNSS Monument

     Site Name                : Katavia CGPS
     Four Character ID        : KATC
     Monument Inscription     : 
     IERS DOMES Number        : (A9)
     CDP Number               : (A4)
     Monument Description     : DEEP FOUNDATION MAST
       Height of the Monument :  (m)
       Monument Foundation    : (STEEL RODS, CONCRETE BLOCK, ROOF, etc)
       Foundation Depth       :  (m)
     Marker Description       : SCIGN MOUNT MARK
     Date Installed           : 2005-10-05
     Geologic Characteristic  : (BEDROCK/CLAY/CONGLOMERATE/GRAVEL/SAND/etc)
       Bedrock Type           : (IGNEOUS/METAMORPHIC/SEDIMENTARY)
       Bedrock Condition      : (FRESH/JOINTED/WEATHERED)
       Fracture Spacing       : (1-10 cm/11-50 cm/51-200 cm/over 200 cm)
       Fault zones nearby     : (YES/NO/Name of the zone)
         Distance/activity    : (multiple lines)
     Additional Information   : The monument is a steel pin set in a drill hole
                              : in the Katavia SLR pad. It protrudes about 30 cm
                              : above the level of the pad.          



2.   Site Location Information

     City or Town             : Katavia
     State or Province        : Rhodes
     Country                  : Greece
     Tectonic Plate           : Eurasia
     Approximate Position (ITRF)
       X coordinate (m)       : 4573348.3327
       Y coordinate (m)       : 2409294.8204
       Z coordinate (m)       : 3723836.6502
       Latitude (N is +)      : +355705.40
       Longitude (E is +)     : +0274650.88
       Elevation (m,ellips.)  : 0.05
     Additional Information   : 


3.  GNSS Receiver Information

3.1  Receiver Type            : TRIMBLE 5700
     Satellite System         : GPS
     Serial Number            : 0220315219
     Firmware Version         : 1.30
     Elevation Cutoff Setting : 10 deg
     Date Installed           : 2005-10-05T00:00Z
     Date Removed             : 2012-08-30T00:00Z
     Temperature Stabiliz.    : none
     Additional Information   : (multiple lines)

3.2  Receiver Type            : TRIMBLE NETRS
     Satellite System         : GPS
     Serial Number            : 4927175192
     Firmware Version         : 1.1-5
     Elevation Cutoff Setting : 0 deg
     Date Installed           : 2012-08-31T00:00Z
     Date Removed             : 2014-10-10T00:00Z
     Temperature Stabiliz.    : none
     Additional Information   : (multiple lines)

3.3  Receiver Type            : TRIMBLE NETRS
     Satellite System         : GPS
     Serial Number            : 4927175192
     Firmware Version         : 1.3-2
     Elevation Cutoff Setting : 0 deg
     Date Installed           : 2014-10-10T00:00Z
     Date Removed             : (CCYY-MM-DDThh:mmZ)
     Temperature Stabiliz.    : none
     Additional Information   : (multiple lines)

3.x  Receiver Type            : (A20, from rcvr_ant.tab; see instructions)
     Satellite System         : (GPS+GLO+GAL+BDS+QZSS+SBAS)
     Serial Number            : (A20, but note the first A5 is used in SINEX)
     Firmware Version         : (A11)
     Elevation Cutoff Setting : (deg)
     Date Installed           : (CCYY-MM-DDThh:mmZ)
     Date Removed             : (CCYY-MM-DDThh:mmZ)
     Temperature Stabiliz.    : (none or tolerance in degrees C)
     Additional Information   : (multiple lines)


4.   GNSS Antenna Information

4.1  Antenna Type             : TRM41249.00     NONE
     Serial Number            : N/A
     Antenna Reference Point  : BPA
     Marker->ARP Up Ecc. (m)  : 0.0573
     Marker->ARP North Ecc(m) : 0
     Marker->ARP East Ecc(m)  : 0
     Alignment from True N    : +3.5 deg
     Antenna Radome Type      : NONE
     Radome Serial Number     : N/A
     Antenna Cable Type       : (vendor & type number)
     Antenna Cable Length     : (m)
     Date Installed           : 2005-10-05T00:00Z
     Date Removed             : 2014-12-19T10:13Z
     Additional Information   : Mounted on SCIGN mount: bottom of coupling
                              : thread to base of bottom plate = 1 1/32";
                              : thickness of bottom plate = 0.625"; top of
                              : bottom plate to base of top plate = 0.250";
                              : thickness of top plate = 0.350"; total nominal
                              : height from bottom of coupling thread to top of
                              : top plate (ARP for antenna described here) =
                              : 2.25625" = 0.0573 m.

4.2  Antenna Type             : LEIAX1202GG     NONE
     Serial Number            : 747958
     Antenna Reference Point  : BPA
     Marker->ARP Up Ecc. (m)  : 0.0000
     Marker->ARP North Ecc(m) : 0
     Marker->ARP East Ecc(m)  : 0
     Alignment from True N    : 0 deg
     Antenna Radome Type      : NONE
     Radome Serial Number     : N/A
     Antenna Cable Type       : RF-400LTA coaxial
     Antenna Cable Length     : 10
     Date Installed           : 2014-12-19T10:13Z
     Date Removed             : 2015-07-27T11:55Z
     Additional Information   : Antenna screwed directly onto 5/8"-threaded pipe
                              : without SCIGN mount. No base for horizontality
                              : control. Assuming antenna is screwed onto
                              : threaded pipe to same point as SCIGN mount
                              : described in 4.1, ARP height above reference
                              : mark (bottom of coupling thread of former SCIGN
                              : mount) = 0.0000 m.

4.3  Antenna Type             : TRM41249.00     NONE
     Serial Number            : 60244125
     Antenna Reference Point  : BPA
     Marker->ARP Up Ecc. (m)  : 0.0653
     Marker->ARP North Ecc(m) : 0
     Marker->ARP East Ecc(m)  : 0
     Alignment from True N    : +4.5 deg
     Antenna Radome Type      : NONE
     Radome Serial Number     : N/A
     Antenna Cable Type       : (vendor & type number)
     Antenna Cable Length     : (m)
     Date Installed           : 2015-07-27T13:46Z
     Date Removed             : (CCYY-MM-DDThh:mmZ)
     Additional Information   : (multiple lines)

4.x  Antenna Type             : (A20, from rcvr_ant.tab; see instructions)
     Serial Number            : (A*, but note the first A5 is used in SINEX)
     Antenna Reference Point  : (BPA/BCR/XXX from "antenna.gra"; see instr.)
     Marker->ARP Up Ecc. (m)  : (F8.4)
     Marker->ARP North Ecc(m) : (F8.4)
     Marker->ARP East Ecc(m)  : (F8.4)
     Alignment from True N    : (deg; + is clockwise/east)
     Antenna Radome Type      : (A4 from rcvr_ant.tab; see instructions)
     Radome Serial Number     :
     Antenna Cable Type       : (vendor & type number)
     Antenna Cable Length     : (m)
     Date Installed           : (CCYY-MM-DDThh:mmZ)
     Date Removed             : (CCYY-MM-DDThh:mmZ)
     Additional Information   : (multiple lines)

5.   Surveyed Local Ties

5.x  Tied Marker Name         : 
     Tied Marker Usage        : (SLR/VLBI/LOCAL CONTROL/FOOTPRINT/etc)
     Tied Marker CDP Number   : (A4)
     Tied Marker DOMES Number : (A9)
     Differential Components from GNSS Marker to the tied monument (ITRS)
       dx (m)                 : (m)
       dy (m)                 : (m)
       dz (m)                 : (m)
     Accuracy (mm)            : (mm)
     Survey method            : (GPS CAMPAIGN/TRILATERATION/TRIANGULATION/etc)
     Date Measured            : (CCYY-MM-DDThh:mmZ)
     Additional Information   : (multiple lines)


6.   Frequency Standard

6.1  Standard Type            : INTERNAL
       Input Frequency        :
       Effective Dates        : 2005-10-05/CCYY-MM-DD
       Notes                  : (multiple lines)

6.x  Standard Type            : (INTERNAL or EXTERNAL H-MASER/CESIUM/etc)
       Input Frequency        : (if external)
       Effective Dates        : (CCYY-MM-DD/CCYY-MM-DD)
       Notes                  : (multiple lines)


7.   Collocation Information

7.x  Instrumentation Type     : (GPS/GLONASS/DORIS/PRARE/SLR/VLBI/TIME/etc)
       Status                 : (PERMANENT/MOBILE)
       Effective Dates        : (CCYY-MM-DD/CCYY-MM-DD)
       Notes                  : (multiple lines)


8.   Meteorological Instrumentation

8.1.x Humidity Sensor Model   : 
       Manufacturer           : 
       Serial Number          : 
       Data Sampling Interval : (sec)
       Accuracy (% rel h)     : (% rel h)
       Aspiration             : (UNASPIRATED/NATURAL/FAN/etc)
       Height Diff to Ant     : (m)
       Calibration date       : (CCYY-MM-DD)
       Effective Dates        : (CCYY-MM-DD/CCYY-MM-DD)
       Notes                  : (multiple lines)

8.2.x Pressure Sensor Model   : 
       Manufacturer           : 
       Serial Number          : 
       Data Sampling Interval : (sec)
       Accuracy               : (hPa)
       Height Diff to Ant     : (m)
       Calibration date       : (CCYY-MM-DD)
       Effective Dates        : (CCYY-MM-DD/CCYY-MM-DD)
       Notes                  : (multiple lines)

8.3.x Temp. Sensor Model      : 
       Manufacturer           : 
       Serial Number          : 
       Data Sampling Interval : (sec)
       Accuracy               : (deg C)
       Aspiration             : (UNASPIRATED/NATURAL/FAN/etc)
       Height Diff to Ant     : (m)
       Calibration date       : (CCYY-MM-DD)
       Effective Dates        : (CCYY-MM-DD/CCYY-MM-DD)
       Notes                  : (multiple lines)

8.4.x Water Vapor Radiometer  : 
       Manufacturer           :
       Serial Number          :
       Distance to Antenna    : (m)
       Height Diff to Ant     : (m)
       Calibration date       : (CCYY-MM-DD)
       Effective Dates        : (CCYY-MM-DD/CCYY-MM-DD)
       Notes                  : (multiple lines)

8.5.x Other Instrumentation   : (multiple lines)


9.  Local Ongoing Conditions Possibly Affecting Computed Position

9.1.x Radio Interferences     : (TV/CELL PHONE ANTENNA/RADAR/etc)
       Observed Degradations  : (SN RATIO/DATA GAPS/etc)
       Effective Dates        : (CCYY-MM-DD/CCYY-MM-DD)
       Additional Information : (multiple lines)

9.2.x Multipath Sources       : (METAL ROOF/DOME/VLBI ANTENNA/etc)
       Effective Dates        : (CCYY-MM-DD/CCYY-MM-DD)
       Additional Information : (multiple lines)

9.3.x Signal Obstructions     : (TREES/BUILDINGS/etc)
       Effective Dates        : (CCYY-MM-DD/CCYY-MM-DD)
       Additional Information : (multiple lines)

10.  Local Episodic Effects Possibly Affecting Data Quality

10.x Date                     : (CCYY-MM-DD/CCYY-MM-DD)
     Event                    : (TREE CLEARING/CONSTRUCTION/etc)

11.   On-Site, Point of Contact Agency Information

     Agency                   : UNAVCO
     Preferred Abbreviation   : UNAVCO
     Mailing Address          : 
                              : Boulder CO USA 80301
     Primary Contact
       Contact Name           : Jim Normandeau
       Telephone (primary)    : 303-381-7475
       Telephone (secondary)  :
       Fax                    : 303-381-7451
       E-mail                 : normandeau@unavco.org
     Secondary Contact
       Contact Name           : 
       Telephone (primary)    : 
       Telephone (secondary)  :
       Fax                    : 
       E-mail                 : 
     Additional Information   : (multiple lines)


12.  Responsible Agency (if different from 11.)

     Agency                   :
     Preferred Abbreviation   : 
     Mailing Address          :
     Primary Contact
       Contact Name           : 
       Telephone (primary)    : 
       Telephone (secondary)  :
       Fax                    : 
       E-mail                 : 
     Secondary Contact
       Contact Name           :
       Telephone (primary)    :
       Telephone (secondary)  :
       Fax                    :
       E-mail                 :
     Additional Information   : (multiple lines)


13.  More Information

     Primary Data Center      : UNAVCO Boulder Facility Archive
     Secondary Data Center    : 
     URL for More Information : http://www.unavco.org
     Hardcopy on File
       Site Map               : (Y or URL)
       Site Diagram           : (Y or URL)
       Horizon Mask           : (Y or URL)
       Monument Description   : (Y or URL)
       Site Pictures          : (Y or URL)
     Additional Information   : (multiple lines)
     Antenna Graphics with Dimensions

TRM41249.00

    / ----------------------+--------------------- \   <--  0.0714  L1
   +                        +                       +  <--  0.0682  L2
    \ -------------------------------------------- /   
                    \               /
                     \             /
                      \-----+-----/                    <--  0.0000  ARP=TOP

   <--                   0.3396                  -->


   ARP: Antenna Reference Point
   L1 : L1 Phase Center                   L2 : L2 Phase Center
   TCR: Top of Chokering                  BCR: Bottom of Chokering
   TGP: Top of Ground Plane               BGP: Bottom of Ground Plane
   TPA: Top of Preamplifier               BPA: Bottom of Preamplifier
   TOP: Top of Pole  



















