
     KIT3 Site Information Form (site log)
     International GNSS Service
     See Instructions at:
       ftp://igscb.jpl.nasa.gov/pub/station/general/sitelog_instr.txt

0.   Form

     Prepared by (full name)  : Markus Bradke
     Date Prepared            : 2015-09-15
     Report Type              : UPDATE
     If Update:
      Previous Site Log       : kit3_20150203.log
      Modified/Added Sections : 0,3.1,3.2,3.5,3.6,4.1,4.2,5.1


1.   Site Identification of the GNSS Monument

     Site Name                : Kitab, Uzbekistan
     Four Character ID        : KIT3
     Monument Inscription     : Plate on roof
     IERS DOMES Number        : 12334M001
     CDP Number               : 
     Monument Description     : PLATE
       Height of the Monument : 0.20 m
       Monument Foundation    : ROOF
       Foundation Depth       : 
     Marker Description       : 
     Date Installed           : 1994-10-14T00:00Z
     Geologic Characteristic  : 
       Bedrock Type           : 
       Bedrock Condition      : 
       Fracture Spacing       : 
       Fault zones nearby     : 
         Distance/activity    : 
     Additional Information   : 


2.   Site Location Information

     City or Town             : Kitab
     State or Province        : 
     Country                  : Uzbekistan
     Tectonic Plate           : EURASIAN
     Approximate Position (ITRF)
       X coordinate (m)       : 1944939.9000
       Y coordinate (m)       : 4556649.3000
       Z coordinate (m)       : 4004364.8000
       Latitude (N is +)      : +390824.00
       Longitude (E is +)     : +0665248.00
       Elevation (m,ellips.)  : 643.0
     Additional Information   : About 100 km south from Samarkand


3.   GNSS Receiver Information

3.1  Receiver Type            : ROGUE SNR-8000
     Satellite System         : GPS
     Serial Number            : 191
     Firmware Version         : 2.8.32.1X
     Elevation Cutoff Setting : 0 deg
     Date Installed           : 1994-10-01T00:00Z
     Date Removed             : 1999-09-06T00:00Z
     Temperature Stabiliz.    : 
     Additional Information   : firmware from 06/08/93

3.2  Receiver Type            : ROGUE SNR-8000
     Satellite System         : GPS
     Serial Number            : 191
     Firmware Version         : 3.3.32.9
     Elevation Cutoff Setting : 0 deg
     Date Installed           : 1999-09-07T00:00Z
     Date Removed             : 1999-11-24T00:00Z
     Temperature Stabiliz.    : 
     Additional Information   : 

3.3  Receiver Type            : AOA SNR-8000 ACT
     Satellite System         : GPS
     Serial Number            : 284
     Firmware Version         : 3.3.32.3
     Elevation Cutoff Setting : 5 deg
     Date Installed           : 1999-12-11T00:00Z
     Date Removed             : 2012-10-16T23:59Z
     Temperature Stabiliz.    : 
     Additional Information   : 

3.4  Receiver Type            : JAVAD TRE_G3TH DELTA
     Satellite System         : GPS+GLO+GAL
     Serial Number            : 206
     Firmware Version         : 3.4.4b0
     Elevation Cutoff Setting : 0 deg
     Date Installed           : 2012-10-17T00:00Z
     Date Removed             : 2013-01-09T09:51Z
     Temperature Stabiliz.    : 
     Additional Information   : 

3.5  Receiver Type            : JAVAD TRE_G3TH DELTA
     Satellite System         : GPS+GLO+GAL
     Serial Number            : 206
     Firmware Version         : 3.4.7
     Elevation Cutoff Setting : 0 deg
     Date Installed           : 2013-01-09T09:52Z
     Date Removed             : 2015-09-15T12:55Z
     Temperature Stabiliz.    : 
     Additional Information   : 

3.6  Receiver Type            : JAVAD TRE_G3TH DELTA
     Satellite System         : GPS+GLO+GAL
     Serial Number            : 206
     Firmware Version         : 3.5.10
     Elevation Cutoff Setting : 0 deg
     Date Installed           : 2015-09-15T12:55Z
     Date Removed             : CCYY-MM-DDThh:mmZ
     Temperature Stabiliz.    : 
     Additional Information   : 

3.x  Receiver Type            : (A20, from rcvr_ant.tab; see instructions)
     Satellite System         : (GPS+GLO+GAL+BDS+QZSS+SBAS)
     Serial Number            : (A20, but note the first A5 is used in SINEX)
     Firmware Version         : (A11)
     Elevation Cutoff Setting : (deg)
     Date Installed           : (CCYY-MM-DDThh:mmZ)
     Date Removed             : (CCYY-MM-DDThh:mmZ)
     Temperature Stabiliz.    : (none or tolerance in degrees C)
     Additional Information   : (multiple lines)


4.   GNSS Antenna Information

4.1  Antenna Type             : AOAD/M_T        NONE
     Serial Number            : 362
     Antenna Reference Point  : BPA
     Marker->ARP Up Ecc. (m)  : 0.0460
     Marker->ARP North Ecc(m) : 0.0000
     Marker->ARP East Ecc(m)  : 0.0000
     Alignment from True N    : 0 deg
     Antenna Radome Type      : NONE
     Radome Serial Number     : 
     Antenna Cable Type       : 
     Antenna Cable Length     : 
     Date Installed           : 1994-10-01T00:00Z
     Date Removed             : 1999-11-24T00:00Z
     Additional Information   : 

4.2  Antenna Type             : AOAD/M_T        NONE
     Serial Number            : 336
     Antenna Reference Point  : BPA
     Marker->ARP Up Ecc. (m)  : 0.0460
     Marker->ARP North Ecc(m) : 0.0000
     Marker->ARP East Ecc(m)  : 0.0000
     Alignment from True N    : 0 deg
     Antenna Radome Type      : NONE
     Radome Serial Number     : 
     Antenna Cable Type       : 
     Antenna Cable Length     : 
     Date Installed           : 1999-12-11T00:00Z
     Date Removed             : 2012-10-16T23:59Z
     Additional Information   : 

4.3  Antenna Type             : JAV_RINGANT_G3T NONE
     Serial Number            : 347
     Antenna Reference Point  : BAM
     Marker->ARP Up Ecc. (m)  : 0.1206
     Marker->ARP North Ecc(m) : 0.0000
     Marker->ARP East Ecc(m)  : 0.0000
     Alignment from True N    : 0 deg
     Antenna Radome Type      : NONE
     Radome Serial Number     : 
     Antenna Cable Type       : 
     Antenna Cable Length     : 
     Date Installed           : 2012-10-17T00:00Z
     Date Removed             : CCYY-MM-DDThh:mmZ
     Additional Information   : 

4.x  Antenna Type             : (A20, from rcvr_ant.tab; see instructions)
     Serial Number            : (A*, but note the first A5 is used in SINEX)
     Antenna Reference Point  : (BPA/BCR/XXX from "antenna.gra"; see instr.)
     Marker->ARP Up Ecc. (m)  : (F8.4)
     Marker->ARP North Ecc(m) : (F8.4)
     Marker->ARP East Ecc(m)  : (F8.4)
     Alignment from True N    : (deg; + is clockwise/east)
     Antenna Radome Type      : (A4 from rcvr_ant.tab; see instructions)
     Radome Serial Number     : 
     Antenna Cable Type       : (vendor & type number)
     Antenna Cable Length     : (m)
     Date Installed           : (CCYY-MM-DDThh:mmZ)
     Date Removed             : (CCYY-MM-DDThh:mmZ)
     Additional Information   : (multiple lines)


5.   Surveyed Local Ties

5.1  Tied Marker Name         : KIT1 (PRARE)
     Tied Marker Usage        : 
     Tied Marker CDP Number   : 7721
     Tied Marker DOMES Number : 
     Differential Components from GNSS Marker to the tied monument (ITRS)
       dx (m)                 : 
       dy (m)                 : 
       dz (m)                 : 
     Accuracy (mm)            : 
     Survey method            : RADAR
     Date Measured            : (CCYY-MM-DDThh:mmZ)
     Additional Information   : 

5.x  Tied Marker Name         : 
     Tied Marker Usage        : (SLR/VLBI/LOCAL CONTROL/FOOTPRINT/etc)
     Tied Marker CDP Number   : (A4)
     Tied Marker DOMES Number : (A9)
     Differential Components from GNSS Marker to the tied monument (ITRS)
       dx (m)                 : (m)
       dy (m)                 : (m)
       dz (m)                 : (m)
     Accuracy (mm)            : (mm)
     Survey method            : (GPS CAMPAIGN/TRILATERATION/TRIANGULATION/etc)
     Date Measured            : (CCYY-MM-DDThh:mmZ)
     Additional Information   : (multiple lines)


6.   Frequency Standard

6.1  Standard Type            : INTERNAL
       Input Frequency        : 
       Effective Dates        : 1994-10-14/CCYY-MM-DD
       Notes                  : 

6.x  Standard Type            : (INTERNAL or EXTERNAL H-MASER/CESIUM/etc)
       Input Frequency        : (if external)
       Effective Dates        : (CCYY-MM-DD/CCYY-MM-DD)
       Notes                  : (multiple lines)


7.   Collocation Information

7.1  Instrumentation Type     : PRARE
       Status                 : PERMANENT
       Effective Dates        : 1994-10-01/1998-08-05
       Notes                  : 

7.2  Instrumentation Type     : DORIS
       Status                 : PERMANENT
       Effective Dates        : 1994-10-01/CCYY-MM-DD
       Notes                  : 

7.x  Instrumentation Type     : (GPS/GLONASS/DORIS/PRARE/SLR/VLBI/TIME/etc)
       Status                 : (PERMANENT/MOBILE)
       Effective Dates        : (CCYY-MM-DD/CCYY-MM-DD)
       Notes                  : (multiple lines)


8.   Meteorological Instrumentation

8.1.1  Humidity Sensor Model  : HC 500
       Manufacturer           : TimeTech/Gresinger
       Serial Number          : 
       Data Sampling Interval : 600 sec
       Accuracy (% rel h)     : 1
       Aspiration             : 
       Height Diff to Ant     : 
       Calibration date       : (CCYY-MM-DD)
       Effective Dates        : 1996-08-25/2008-04-17
       Notes                  : 

8.1.2  Humidity Sensor Model  : HMP45A-P
       Manufacturer           : Vaisala
       Serial Number          : B3110014
       Data Sampling Interval : 300 sec
       Accuracy (% rel h)     : 1.5
       Aspiration             : NATURAL
       Height Diff to Ant     : 1.70 m
       Calibration date       : 2006-08-02
       Effective Dates        : 2008-04-17/2012-10-17
       Notes                  : The humidity sensor is part of a Vaisala
                              : PTU200 meteo station

8.1.3  Humidity Sensor Model  : PTU303
       Manufacturer           : Vaisala
       Serial Number          : E5140007
       Data Sampling Interval : 300 sec
       Accuracy (% rel h)     : 1.5
       Aspiration             : NATURAL
       Height Diff to Ant     : 0.50 m
       Calibration date       : 2009-12-01
       Effective Dates        : 2012-10-17/CCYY-MM-DD
       Notes                  : The sensor is part of a Vaisala
                              : PTU300 meteo station

8.1.x  Humidity Sensor Model  : 
       Manufacturer           : 
       Serial Number          : 
       Data Sampling Interval : (sec)
       Accuracy (% rel h)     : (% rel h)
       Aspiration             : (UNASPIRATED/NATURAL/FAN/etc)
       Height Diff to Ant     : (m)
       Calibration date       : (CCYY-MM-DD)
       Effective Dates        : (CCYY-MM-DD/CCYY-MM-DD)
       Notes                  : (multiple lines)

8.2.1  Pressure Sensor Model  : PTB100B
       Manufacturer           : Vaisala
       Serial Number          : 
       Data Sampling Interval : 600 sec
       Accuracy               : 0.5 hPa
       Height Diff to Ant     : 0.00 m
       Calibration date       : (CCYY-MM-DD)
       Effective Dates        : 1996-08-25/2008-04-17
       Notes                  : 

8.2.2  Pressure Sensor Model  : PTU200
       Manufacturer           : Vaisala
       Serial Number          : B3110014
       Data Sampling Interval : 300 sec
       Accuracy               : 0.1 hPa
       Height Diff to Ant     : -0.90 m
       Calibration date       : 2006-08-02
       Effective Dates        : 2008-04-17/2012-10-17
       Notes                  : 

8.2.3  Pressure Sensor Model  : PTU300 Class A
       Manufacturer           : Vaisala
       Serial Number          : E5140007
       Data Sampling Interval : 300 sec
       Accuracy               : 0.1 hPa
       Height Diff to Ant     : -1.50 m
       Calibration date       : 2009-12-01
       Effective Dates        : 2012-10-17/CCYY-MM-DD
       Notes                  : The sensor is part of a Vaisala
                              : PTU300 meteo station

8.2.x  Pressure Sensor Model  : 
       Manufacturer           : 
       Serial Number          : 
       Data Sampling Interval : (sec)
       Accuracy               : (hPa)
       Height Diff to Ant     : (m)
       Calibration date       : (CCYY-MM-DD)
       Effective Dates        : (CCYY-MM-DD/CCYY-MM-DD)
       Notes                  : (multiple lines)

8.3.1  Temp. Sensor Model     : TM 200
       Manufacturer           : TimeTech
       Serial Number          : 
       Data Sampling Interval : 600 sec
       Accuracy               : 0.25 deg C
       Aspiration             : 
       Height Diff to Ant     : 
       Calibration date       : 
       Effective Dates        : 1996-08-25/2008-04-17
       Notes                  : 

8.3.2  Temp. Sensor Model     : HMP45A-P
       Manufacturer           : Vaisala
       Serial Number          : B3110014
       Data Sampling Interval : 300 sec
       Accuracy               : 0.1 deg C
       Aspiration             : NATURAL
       Height Diff to Ant     : 1.70 m
       Calibration date       : 2006-08-02
       Effective Dates        : 2008-04-17/2012-10-17
       Notes                  : The temperature sensor is part of a Vaisala
                              : PTU200 meteo station

8.3.3  Temp. Sensor Model     : PTU303
       Manufacturer           : Vaisala
       Serial Number          : E5140007
       Data Sampling Interval : 300 sec
       Accuracy               : 0.1 deg C
       Aspiration             : NATURAL
       Height Diff to Ant     : 0.50 m
       Calibration date       : 2009-12-01
       Effective Dates        : 2012-10-17/CCYY-MM-DD
       Notes                  : The sensor is part of a Vaisala
                              : PTU300 meteo station

8.3.x  Temp. Sensor Model     : 
       Manufacturer           : 
       Serial Number          : 
       Data Sampling Interval : (sec)
       Accuracy               : (deg C)
       Aspiration             : (UNASPIRATED/NATURAL/FAN/etc)
       Height Diff to Ant     : (m)
       Calibration date       : (CCYY-MM-DD)
       Effective Dates        : (CCYY-MM-DD/CCYY-MM-DD)
       Notes                  : (multiple lines)

8.4.x  Water Vapor Radiometer : 
       Manufacturer           : 
       Serial Number          : 
       Distance to Antenna    : (m)
       Height Diff to Ant     : (m)
       Calibration date       : (CCYY-MM-DD)
       Effective Dates        : (CCYY-MM-DD/CCYY-MM-DD)
       Notes                  : (multiple lines)

8.5.x  Other Instrumentation  : (multiple lines)


9.   Local Ongoing Conditions Possibly Affecting Computed Position

9.1.x  Radio Interferences    : (TV/CELL PHONE ANTENNA/RADAR/etc)
       Observed Degradations  : (SN RATIO/DATA GAPS/etc)
       Effective Dates        : (CCYY-MM-DD/CCYY-MM-DD)
       Additional Information : (multiple lines)

9.2.x  Multipath Sources      : (METAL ROOF/DOME/VLBI ANTENNA/etc)
       Effective Dates        : (CCYY-MM-DD/CCYY-MM-DD)
       Additional Information : (multiple lines)

9.3.x  Signal Obstructions    : (TREES/BUILDINGS/etc)
       Effective Dates        : (CCYY-MM-DD/CCYY-MM-DD)
       Additional Information : (multiple lines)


10.  Local Episodic Effects Possibly Affecting Data Quality

10.x Date                     : (CCYY-MM-DD/CCYY-MM-DD)
     Event                    : (TREE CLEARING/CONSTRUCTION/etc)

11.  On-Site, Point of Contact Agency Information

     Agency                   : Ulugh Beg Astron. Inst./Uzbek Academy of Sci.
     Preferred Abbreviation   : UBAI
     Mailing Address          : 180700, Latitude Station, Kitab, Uzbekistan
     Primary Contact
       Contact Name           : Dr. Shuhrat Ehgamberdiev
       Telephone (primary)    : (+998)-71-235-06-38
       Telephone (secondary)  : 
       Fax                    : (+998)-71-234-48-67
       E-mail                 : shuhrat@astrin.uz
     Secondary Contact
       Contact Name           : Dilbar Fazilova
       Telephone (primary)    : (+998)-75-542-53-50
       Telephone (secondary)  : (+998)-75-542-63-54
       Fax                    : (+998)-75-542-76-78
       E-mail                 : kitab@intal.uz
     Additional Information   : 


12.  Responsible Agency (if different from 11.)

     Agency                   : Helmholtz-Zentrum Potsdam
                              : Deutsches GeoForschungsZentrum GFZ
     Preferred Abbreviation   : GFZ
     Mailing Address          : Telegrafenberg A17
                              : 14473 Potsdam / Germany
     Primary Contact
       Contact Name           : Dr. Markus Ramatschi
       Telephone (primary)    : (+49)331-288-1746
       Telephone (secondary)  : (+49)331-288-1110
       Fax                    : (+49)331-288-1759
       E-mail                 : gpsnet@gfz-potsdam.de
     Secondary Contact
       Contact Name           : Markus Bradke
       Telephone (primary)    : (+49)331-288-1182
       Telephone (secondary)  : 
       Fax                    : (+49)331-288-1759
       E-mail                 : bradke@gfz-potsdam.de
     Additional Information   : 

13.  More Information

     Primary Data Center      : CDDIS
     Secondary Data Center    : IGN
     URL for More Information : 
     Hardcopy on File
       Site Map               : 
       Site Diagram           : 
       Horizon Mask           : 
       Monument Description   : 
       Site Pictures          : 
     Additional Information   : 
     Antenna Graphics with Dimensions

JAV_RINGANT_G3T

                       ---------                          <--  0.0614
                     /           \
                   /               \
  +-------------------------------------------------+     <--  0.0410  TCR
  |                                                 |
  |              +-------------------+              |
  |              |   \           /   |              |
  |              |    \         /    |              |
  |              |      +--x--+      |              |     <--  0.0000  BAM=ARP
  +--------------+-------------------+--------------+     <-- -0.0260  BCR
                                                                       RXC=NRP
  <--                    0.3260                   -->

AOAD/M_T

                         -----
                     /           \
                    |             |
  +-------------------------------------------------+     <--  0.1020  TCR
  |                                                 |
  |                                                 |
  |                                                 |
  |                                                 |
+-+-------------------------------------------------+-+   <--  0.0380
+-------------------+-------------+-------------------+   <--  0.0350  BCR
                    |             |
                   =|             |
                    +------x------+                       <--  0.0000  BPA=ARP
                                                                       RXC=NRP
<--                      0.3810                     -->


