     LAMT Site Information Form
     NGS Continuously Operating Reference Station
     See Instructions at:
       ftp://igscb.jpl.nasa.gov/pub/station/general/sitelog_instr.txt


0.   Form

     Prepared by (full name)  : Giovanni Sella
     Date Prepared            : 2015-08-04
     Report Type              : UPDATE
     If Update:
      Previous Site Log       : lamt_20150721.log
      Modified/Added Sections : 3.11 3.12


1.   Site Identification of the GNSS Monument
     Site Name                : Lamont Earth Observatory
     Four Character ID        : LAMT
     Monument Inscription     :
     IERS DOMES Number        : 49605S001
     CDP Number               : (A4)
     Monument Description     : STEEL MAST
       Height of the Monument : (m)
       Monument Foundation    : ROOF
       Foundation Depth       : (m)
     Marker Description       : (CHISELLED CROSS/DIVOT/BRASS NAIL/etc)
     Date Installed           : 2001-08-20T00:00Z
     Geologic Characteristic  : (BEDROCK/CLAY/CONGLOMERATE/GRAVEL/SAND/etc)
       Bedrock Type           : (IGNEOUS/METAMORPHIC/SEDIMENTARY)
       Bedrock Condition      : (FRESH/JOINTED/WEATHERED)
       Fracture Spacing       : (1-10 cm/11-50 cm/51-200 cm/over 200 cm)
       Fault zones nearby     : (YES/NO/Name of the zone)
         Distance/activity    : (multiple lines)
     Additional Information   : DOMES # added 09-OCT-2001


2.   Site Location Information

     City or Town             : Palisades
     State or Province        : New York
     Country                  : United States
     Tectonic Plate           : North American
     Approximate Position (ITRF)
       X coordinate (m)       : 1336027.802
       Y coordinate (m)       : -4631479.338
       Z coordinate (m)       : 4162860.215
       Latitude (N is +)      : +410016.26
       Longitude (E is +)     : -0735432.07
       Elevation (m,ellips.)  : 88.9
     Additional Information   : ARP IGS08 POSITION (EPOCH 2005.00)
                              : Computed in Aug 2011 using data through gpswk
                              :  1631.


3.   GNSS Receiver Information

3.1  Receiver Type            : TRIMBLE 4000SSI
     Satellite System         : GPS
     Serial Number            : 3912A25533
     Firmware Version         : 7.32
     Elevation Cutoff Setting : (deg)
     Date Installed           : 2001-08-20
     Date Removed             : 2006-10-17
     Temperature Stabiliz.    : (none or tolerance in degrees C)
     Additional Information   : Receiver replaced.

3.2  Receiver Type            : TRIMBLE 5700
     Satellite System         : GPS
     Serial Number            : 0440105340
     Firmware Version         : 2.28
     Elevation Cutoff Setting : 5
     Date Installed           : 2006-10-17
     Date Removed             : 2009-09-14T11:20Z
     Temperature Stabiliz.    : (none or tolerance in degrees C)
     Additional Information   : Receiver installed. New elev. mask.

3.3  Receiver Type            : TRIMBLE NETR5
     Satellite System         : GPS+GLO
     Serial Number            : 4733K06654
     Firmware Version         : 3.84
     Elevation Cutoff Setting : 5
     Date Installed           : 2009-09-14T11:20Z
     Date Removed             : 2010-03-12T17:20Z
     Temperature Stabiliz.    : (none or tolerance in degrees C)
     Additional Information   : (multiple lines)

3.4  Receiver Type            : TRIMBLE NETR5
     Satellite System         : GPS+GLO
     Serial Number            : 4733K06654
     Firmware Version         : 4.03
     Elevation Cutoff Setting : 5
     Date Installed           : 2010-03-12T17:20Z
     Date Removed             : 2010-06-09T17:44Z
     Temperature Stabiliz.    : (none or tolerance in degrees C)
     Additional Information   : (multiple lines)

3.5  Receiver Type            : TRIMBLE NETR5
     Satellite System         : GPS+GLO
     Serial Number            : 4733K06654
     Firmware Version         : 4.03
     Elevation Cutoff Setting : 0
     Date Installed           : 2010-06-09T17:44Z
     Date Removed             : 2010-06-25T17:45Z
     Temperature Stabiliz.    : (none or tolerance in degrees C)
     Additional Information   : (multiple lines)

3.6  Receiver Type            : TRIMBLE NETR5
     Satellite System         : GPS+GLO
     Serial Number            : 4733K06654
     Firmware Version         : 4.15
     Elevation Cutoff Setting : 0
     Date Installed           : 2010-06-25T17:45Z
     Date Removed             : 2010-10-05T21:48Z
     Temperature Stabiliz.    : (none or tolerance in degrees C)
     Additional Information   : (multiple lines)

3.7  Receiver Type            : TRIMBLE NETR5
     Satellite System         : GPS+GLO
     Serial Number            : 4733K06654
     Firmware Version         : 4.17
     Elevation Cutoff Setting : 0
     Date Installed           : 2010-10-05T21:48Z
     Date Removed             : 2011-01-10T17:15Z
     Temperature Stabiliz.    : (none or tolerance in degrees C)
     Additional Information   : (multiple lines)

3.8  Receiver Type            : TRIMBLE NETR5
     Satellite System         : GPS+GLO
     Serial Number            : 4733K06654
     Firmware Version         : 4.19
     Elevation Cutoff Setting : 0
     Date Installed           : 2011-01-10T17:15Z
     Date Removed             : 2013-02-26T18:34Z
     Temperature Stabiliz.    : (none or tolerance in degrees C)
     Additional Information   : (multiple lines)

3.9  Receiver Type            : TRIMBLE NETR5
     Satellite System         : GPS+GLO
     Serial Number            : 4733K06654
     Firmware Version         : 4.70
     Elevation Cutoff Setting : 0
     Date Installed           : 2013-02-26T18:34Z
     Date Removed             : 2014-10-21T13:03Z
     Temperature Stabiliz.    : (none or tolerance in degrees C)
     Additional Information   : (multiple lines)

3.10 Receiver Type            : TRIMBLE NETR5
     Satellite System         : GPS+GLO
     Serial Number            : 4733K06654
     Firmware Version         : 4.85
     Elevation Cutoff Setting : 0
     Date Installed           : 2014-10-21T13:03Z
     Date Removed             : 2015-07-20T21:00Z 
     Temperature Stabiliz.    : (none or tolerance in degrees C)
     Additional Information   : Receiver change 

3.11 Receiver Type            : TRIMBLE NETR5
     Satellite System         : GPS+GLO
     Serial Number            : 4613K00970 
     Firmware Version         : 4.48
     Elevation Cutoff Setting : 0 deg
     Date Installed           : 2015-07-20T21:05Z
     Date Removed             : 2015-08-04T12:49Z  
     Temperature Stabiliz.    : (none or tolerance in degrees C)
     Additional Information   : (multiple lines)

3.12 Receiver Type            : TRIMBLE NETR5
     Satellite System         : GPS+GLO
     Serial Number            : 4613K00970
     Firmware Version         : 4.87
     Elevation Cutoff Setting : 0 deg
     Date Installed           : 2015-08-04T12:49Z
     Date Removed             : (CCYY-MM-DDThh:mmZ)
     Temperature Stabiliz.    : (none or tolerance in degrees C)
     Additional Information   : (multiple lines)

3.x  Receiver Type            : (A20, from rcvr_ant.tab; see instructions)
     Satellite System         : (GPS+GLO+GAL+BDS+QZSS+SBAS)
     Serial Number            : (A20, but note the first A5 is used in SINEX)
     Firmware Version         : (A11)
     Elevation Cutoff Setting : (deg)
     Date Installed           : (CCYY-MM-DDThh:mmZ)
     Date Removed             : (CCYY-MM-DDThh:mmZ)
     Temperature Stabiliz.    : (none or tolerance in degrees C)
     Additional Information   : (multiple lines)


4.   GNSS Antenna Information

4.1  Antenna Type             : TRM29659.00     UNAV
     Serial Number            : 0220108548
     Antenna Reference Point  : BPA
     Marker->ARP Up Ecc. (m)  : 0.0000
     Marker->ARP North Ecc(m) : 0.0000
     Marker->ARP East Ecc(m)  : 0.0000
     Alignment from True N    : 0
     Antenna Radome Type      : UNAV
     Radome Serial Number     : (A4 from rcvr_ant.tab; see instructions)
     Antenna Cable Type       : (vendor & type number)
     Antenna Cable Length     : (m)
     Date Installed           : 2001-08-20T00:00Z
     Date Removed             : (CCYY-MM-DDThh:mmZ)
     Additional Information   : Radome corrected from DOME to UNAV 2008-02-06
                              : Added Marker ARP N and E to 0.0000 2009-09-10
                              : Added alignment from true N 0 2009-09-10

4.x  Antenna Type             : (A20, from rcvr_ant.tab; see instructions)
     Serial Number            : (A*, but note the first A5 is used in SINEX)
     Antenna Reference Point  : (BPA/BCR/XXX from "antenna.gra"; see instr.)
     Marker->ARP Up Ecc. (m)  : (F8.4)
     Marker->ARP North Ecc(m) : (F8.4)
     Marker->ARP East Ecc(m)  : (F8.4)
     Alignment from True N    : (deg; + is clockwise/east)
     Antenna Radome Type      : (A4 from rcvr_ant.tab; see instructions)
     Radome Serial Number     :
     Antenna Cable Type       : (vendor & type number)
     Antenna Cable Length     : (m)
     Date Installed           : (CCYY-MM-DDThh:mmZ)
     Date Removed             : (CCYY-MM-DDThh:mmZ)
     Additional Information   : (multiple lines)


5.   Surveyed Local Ties

5.x  Tied Marker Name         :
     Tied Marker Usage        : (SLR/VLBI/LOCAL CONTROL/FOOTPRINT/etc)
     Tied Marker CDP Number   : (A4)
     Tied Marker DOMES Number : (A9)
     Differential Components from GNSS Marker to the tied monument (ITRS)
       dx (m)                 : (m)
       dy (m)                 : (m)
       dz (m)                 : (m)
     Accuracy (mm)            : (mm)
     Survey method            : (GPS CAMPAIGN/TRILATERATION/TRIANGULATION/etc)
     Date Measured            : (CCYY-MM-DDThh:mmZ)
     Additional Information   : (multiple lines)


6.   Frequency Standard

6.1  Standard Type            : INTERNAL
       Input Frequency        : (if external)
       Effective Dates        : 2001-08-20/CCYY-MM-DD
       Notes                  : (multiple lines)

6.x  Standard Type            : (INTERNAL or EXTERNAL H-MASER/CESIUM/etc)
       Input Frequency        : (if external)
       Effective Dates        : (CCYY-MM-DD/CCYY-MM-DD)
       Notes                  : (multiple lines)


7.   Collocation Information

7.x  Instrumentation Type     : (GPS/GLONASS/DORIS/PRARE/SLR/VLBI/TIME/etc)
       Status                 : (PERMANENT/MOBILE)
       Effective Dates        : (CCYY-MM-DD/CCYY-MM-DD)
       Notes                  : (multiple lines)


8.   Meteorological Instrumentation

8.1.x Humidity Sensor Model   :
       Manufacturer           :
       Serial Number          :
       Data Sampling Interval : (sec)
       Accuracy (% rel h)     : (% rel h)
       Aspiration             : (UNASPIRATED/NATURAL/FAN/etc)
       Height Diff to Ant     : (m)
       Calibration date       : (CCYY-MM-DD)
       Effective Dates        : (CCYY-MM-DD/CCYY-MM-DD)
       Notes                  : (multiple lines)

8.2.x Pressure Sensor Model   :
       Manufacturer           :
       Serial Number          :
       Data Sampling Interval : (sec)
       Accuracy               : (hPa)
       Height Diff to Ant     : (m)
       Calibration date       : (CCYY-MM-DD)
       Effective Dates        : (CCYY-MM-DD/CCYY-MM-DD)
       Notes                  : (multiple lines)

8.3.x Temp. Sensor Model      :
       Manufacturer           :
       Serial Number          :
       Data Sampling Interval : (sec)
       Accuracy               : (deg C)
       Aspiration             : (UNASPIRATED/NATURAL/FAN/etc)
       Height Diff to Ant     : (m)
       Calibration date       : (CCYY-MM-DD)
       Effective Dates        : (CCYY-MM-DD/CCYY-MM-DD)
       Notes                  : (multiple lines)

8.4.x Water Vapor Radiometer  :
       Manufacturer           :
       Serial Number          :
       Distance to Antenna    : (m)
       Height Diff to Ant     : (m)
       Calibration date       : (CCYY-MM-DD)
       Effective Dates        : (CCYY-MM-DD/CCYY-MM-DD)
       Notes                  : (multiple lines)

8.5.x Other Instrumentation   : (multiple lines)


9.   Local Ongoing Conditions Possibly Affecting Computed Position


9.1.x Radio Interference      : (TV/CELL PHONE ANTENNA/RADAR/etc)
       Observed Degradations  : (SN RATIO/DATA GAPS/etc)
       Effective Dates        : (CCYY-MM-DD/CCYY-MM-DD)
       Additional Information : (multiple lines)

9.2.x Multipath Sources       : (METAL ROOF/DOME/VLBI ANTENNA/etc)
       Effective Dates        : (CCYY-MM-DD/CCYY-MM-DD)
       Additional Information : (multiple lines)

9.3.x Signal Obstructions     : (TREES/BUILDLINGS/etc)
       Effective Dates        : (CCYY-MM-DD/CCYY-MM-DD)
       Additional Information : (multiple lines)


10.  Local Episodic Effects Possibly Affecting Data Quality

10.x Date                     : (CCYY-MM-DD/CCYY-MM-DD)
     Event                    : (TREE CLEARING/CONSTRUCTION/etc)


11.  On-Site, Point of Contact Agency Information

     Agency                   : Lamont-Doherty Earth OBS of Columnbia Univ
     Preferred Abbreviation   : LDEO
     Mailing Address          : 61 Route 9 West
                              : Palisades NY 10964
     Primary Contact
       Contact Name           : Mikhail G. Kogan
       Telephone (primary)    : 845-365-8882
       Telephone (secondary)  :
       Fax                    : 845-365-8150
       E-mail                 : kogan@ldeo.columbia.edu
     Secondary Contact
       Contact Name           :
       Telephone (primary)    :
       Telephone (secondary)  :
       Fax                    :
       E-mail                 :
     Additional Information   : (multiple lines)


12.  Responsible Agency (if different from 11.)

     Agency                   : NOAA-National Geodetic Survey
     Preferred Abbreviation   : NOAA-NGS
     Mailing Address          : NOAA, N/NGS6, SSMC3-9111
                              : 1315 East-West Hwy.
                              : Silver Spring, MD 20910, USA
     Primary Contact
       Contact Name           : Giovanni Sella
       Telephone (primary)    : 301-713-3198x126
       Telephone (secondary)  : 301-713-2845
       Fax                    : 301-713-4475
       E-mail                 : ngs.corscollector@noaa.gov
     Secondary Contact
       Contact Name           :
       Telephone (primary)    :
       Telephone (secondary)  :
       Fax                    :
       E-mail                 :
     Additional Information   : (multiple lines)


13.  More Information

     Primary Data Center      : ftp://geodesy.noaa.gov/cors
     Secondary Data Center    : ftp://alt.ngs.noaa.gov/cors
     URL for More Information : http://geodesy.noaa.gov/CORS
     Hardcopy on File
       Site Map               : (Y or URL)
       Site Diagram           : (Y or URL)
       Horizon Mask           : (Y or URL)
       Monument Description   : (Y or URL)
       Site Pictures          : (Y or URL)
     Additional Information   : (multiple lines)
     Antenna Graphics with Dimensions

     ftp://igscb.jpl.nasa.gov/pub/station/general/antenna.gra
