
     LMMF00MTQ Site Information Form (site log)
     International GNSS Service
     See Instructions at:
       ftp://igs.org/pub/station/general/sitelog_instr.txt

0.   Form

     Prepared by (full name)  : RGP Team
     Date Prepared            : 2020-09-30
     Report Type              : UPDATE
     If Update:
      Previous Site Log       : lmmf00mtq_20200511.log
      Modified/Added Sections : 3.17, 3.18, 3.19


1.   Site Identification of the GNSS Monument

     Site Name                : Aeroport Aime CESAIRE-LE LAMENTIN-Meteo Fra.
     Four Character ID        : LMMF
     Monument Inscription     : NONE
     IERS DOMES Number        : 97205M001
     CDP Number               : NONE
     Monument Description     : INOX TRIANGULAR PLATE ON TOP OF METALLIC PILAR
       Height of the Monument : 1.0 m
       Monument Foundation    : ROOF
       Foundation Depth       : 10.0 m
     Marker Description       : TOP AND CENTRE OF THE TRIANGULAR PLATE
     Date Installed           : 2008-07-11T00:00Z
     Geologic Characteristic  : 
       Bedrock Type           : 
       Bedrock Condition      : 
       Fracture Spacing       : 
       Fault zones nearby     : 
         Distance/activity    : 
     Additional Information   : 


2.   Site Location Information

     City or Town             : Le Lamentin
     State or Province        : Martinique (972 )
     Country                  : Martinique
     Tectonic Plate           : CARIBBEAN
     Approximate Position (ITRF)
       X coordinate (m)       : 2993387.952
       Y coordinate (m)       : -5399363.731
       Z coordinate (m)       : 1596748.042
       Latitude (N is +)      : +143541.34
       Longitude (E is +)     : -0605946.21
       Elevation (m,ellips.)  : -27.0
     Additional Information   : 


3.   GNSS Receiver Information

3.1  Receiver Type            : ASHTECH UZ-12
     Satellite System         : GPS
     Serial Number            : UC2200303019
     Firmware Version         : CN00
     Elevation Cutoff Setting : 3 deg
     Date Installed           : 2008-07-11T00:00Z
     Date Removed             : 2009-10-13T13:00Z
     Temperature Stabiliz.    : none
     Additional Information   : 

3.2  Receiver Type            : TRIMBLE NETR5
     Satellite System         : GPS+GLO
     Serial Number            : 4917K61763
     Firmware Version         : 4.03
     Elevation Cutoff Setting : 3 deg
     Date Installed           : 2009-10-13T13:00Z
     Date Removed             : 2011-03-24T06:00Z
     Temperature Stabiliz.    : none
     Additional Information   : 

3.3  Receiver Type            : TRIMBLE NETR5
     Satellite System         : GPS+GLO
     Serial Number            : 4917K61763
     Firmware Version         : 4.22
     Elevation Cutoff Setting : 3 deg
     Date Installed           : 2011-03-24T06:00Z
     Date Removed             : 2011-08-29T05:00Z
     Temperature Stabiliz.    : none
     Additional Information   : 

3.4  Receiver Type            : TRIMBLE NETR5
     Satellite System         : GPS+GLO
     Serial Number            : 4917K61763
     Firmware Version         : 4.42
     Elevation Cutoff Setting : 3 deg
     Date Installed           : 2011-08-29T05:00Z
     Date Removed             : 2011-11-03T13:30Z
     Temperature Stabiliz.    : none
     Additional Information   : 

3.5  Receiver Type            : TRIMBLE NETR9
     Satellite System         : GPS+GLO
     Serial Number            : 5118K75440
     Firmware Version         : 4.42
     Elevation Cutoff Setting : 3 deg
     Date Installed           : 2011-11-03T13:30Z
     Date Removed             : 2012-03-02T00:00Z
     Temperature Stabiliz.    : none
     Additional Information   : 

3.6  Receiver Type            : TRIMBLE NETR9
     Satellite System         : GPS+GLO+GAL+SBAS
     Serial Number            : 5118K75440
     Firmware Version         : 4.42
     Elevation Cutoff Setting : 3 deg
     Date Installed           : 2012-03-02T00:00Z
     Date Removed             : 2012-05-31T07:00Z
     Temperature Stabiliz.    : none
     Additional Information   : 

3.7  Receiver Type            : TRIMBLE NETR9
     Satellite System         : GPS+GLO+GAL+SBAS
     Serial Number            : 5118K75440
     Firmware Version         : 4.60
     Elevation Cutoff Setting : 3 deg
     Date Installed           : 2012-05-31T07:00Z
     Date Removed             : 2013-02-11T14:00Z
     Temperature Stabiliz.    : none
     Additional Information   : 

3.8  Receiver Type            : TRIMBLE NETR9
     Satellite System         : GPS+GLO+GAL+BDS+SBAS
     Serial Number            : 5118K75440
     Firmware Version         : 4.70
     Elevation Cutoff Setting : 3 deg
     Date Installed           : 2013-02-11T14:00Z
     Date Removed             : 2013-05-16T09:00Z
     Temperature Stabiliz.    : none
     Additional Information   : 

3.9  Receiver Type            : TRIMBLE NETR9
     Satellite System         : GPS+GLO+GAL+BDS+SBAS
     Serial Number            : 5118K75440
     Firmware Version         : 4.80
     Elevation Cutoff Setting : 3 deg
     Date Installed           : 2013-05-16T09:00Z
     Date Removed             : 2013-09-13T08:00Z
     Temperature Stabiliz.    : none
     Additional Information   : 

3.10 Receiver Type            : TRIMBLE NETR9
     Satellite System         : GPS+GLO+GAL+BDS+SBAS
     Serial Number            : 5118K75440
     Firmware Version         : 4.81
     Elevation Cutoff Setting : 3 deg
     Date Installed           : 2013-09-13T08:00Z
     Date Removed             : 2014-03-26T14:00Z
     Temperature Stabiliz.    : none
     Additional Information   : 

3.11 Receiver Type            : TRIMBLE NETR9
     Satellite System         : GPS+GLO+GAL+BDS+SBAS
     Serial Number            : 5118K75440
     Firmware Version         : 4.85
     Elevation Cutoff Setting : 3 deg
     Date Installed           : 2014-03-26T14:00Z
     Date Removed             : 2015-09-30T09:00Z
     Temperature Stabiliz.    : none
     Additional Information   : 

3.12 Receiver Type            : TRIMBLE NETR9
     Satellite System         : GPS+GLO+GAL+BDS+SBAS
     Serial Number            : 5118K75440
     Firmware Version         : 4.85
     Elevation Cutoff Setting : 0 deg
     Date Installed           : 2015-09-30T09:00Z
     Date Removed             : 2018-08-27T13:00Z
     Temperature Stabiliz.    : none
     Additional Information   : 

3.13 Receiver Type            : TRIMBLE NETR9
     Satellite System         : GPS+GLO+GAL+BDS+SBAS
     Serial Number            : 5118K75440
     Firmware Version         : 5.33
     Elevation Cutoff Setting : 0 deg
     Date Installed           : 2018-08-27T13:00Z
     Date Removed             : 2019-03-13T14:30Z
     Temperature Stabiliz.    : none
     Additional Information   : 

3.14 Receiver Type            : TRIMBLE NETR9
     Satellite System         : GPS+GLO+GAL+BDS+SBAS
     Serial Number            : 5118K75440
     Firmware Version         : 5.37
     Elevation Cutoff Setting : 0 deg
     Date Installed           : 2019-03-13T14:30Z
     Date Removed             : 2019-04-17T16:00Z
     Temperature Stabiliz.    : none
     Additional Information   : 

3.15 Receiver Type            : TRIMBLE ALLOY
     Satellite System         : GPS+GLO+GAL+BDS+SBAS
     Serial Number            : 5813R40029
     Firmware Version         : 5.37
     Elevation Cutoff Setting : 0 deg
     Date Installed           : 2019-04-17T16:00Z
     Date Removed             : 2020-02-18T10:00Z
     Temperature Stabiliz.    : none
     Additional Information   : 

3.16 Receiver Type            : TRIMBLE ALLOY
     Satellite System         : GPS+GLO+GAL+BDS+SBAS
     Serial Number            : 5813R40029
     Firmware Version         : 5.43
     Elevation Cutoff Setting : 0 deg
     Date Installed           : 2020-02-18T10:00Z
     Date Removed             : 2020-05-11T12:00Z
     Temperature Stabiliz.    : none
     Additional Information   : 

3.17 Receiver Type            : TRIMBLE ALLOY
     Satellite System         : GPS+GLO+GAL+BDS+SBAS
     Serial Number            : 5813R40029
     Firmware Version         : 5.45
     Elevation Cutoff Setting : 0 deg
     Date Installed           : 2020-05-11T12:00Z
     Date Removed             : 2020-09-30T10:30Z
     Temperature Stabiliz.    : none
     Additional Information   : 

3.18 Receiver Type            : TRIMBLE ALLOY
     Satellite System         : GPS+GLO+GAL+BDS+SBAS
     Serial Number            : 5813R40029
     Firmware Version         : 6.08
     Elevation Cutoff Setting : 0 deg
     Date Installed           : 2020-09-30T10:30Z
     Date Removed             : 2020-09-30T15:30Z
     Temperature Stabiliz.    : none
     Additional Information   : 

3.19 Receiver Type            : TRIMBLE ALLOY
     Satellite System         : GPS+GLO+GAL+BDS+SBAS
     Serial Number            : 5813R40029
     Firmware Version         : 5.45
     Elevation Cutoff Setting : 0 deg
     Date Installed           : 2020-09-30T15:30Z
     Date Removed             : CCYY-MM-DDThh:mmZ
     Temperature Stabiliz.    : none
     Additional Information   : 

3.x  Receiver Type            : (A20, from rcvr_ant.tab; see instructions)
     Satellite System         : (GPS+GLO+GAL+BDS+QZSS+SBAS)
     Serial Number            : (A20, but note the first A5 is used in SINEX)
     Firmware Version         : (A11)
     Elevation Cutoff Setting : (deg)
     Date Installed           : (CCYY-MM-DDThh:mmZ)
     Date Removed             : (CCYY-MM-DDThh:mmZ)
     Temperature Stabiliz.    : (none or tolerance in degrees C)
     Additional Information   : (multiple lines)


4.   GNSS Antenna Information

4.1  Antenna Type             : AERAT2775_43    SPKE
     Serial Number            : 5542
     Antenna Reference Point  : TOP
     Marker->ARP Up Ecc. (m)  : 0.05
     Marker->ARP North Ecc(m) : 0.00
     Marker->ARP East Ecc(m)  : 0.00
     Alignment from True N    : 0 deg
     Antenna Radome Type      : SPKE
     Radome Serial Number     : NONE
     Antenna Cable Type       : 
     Antenna Cable Length     : 30 m
     Date Installed           : 2008-07-11T00:00Z
     Date Removed             : 2009-10-13T13:00Z
     Additional Information   : 

4.2  Antenna Type             : TRM55971.00     NONE
     Serial Number            : 1440911958
     Antenna Reference Point  : BAM
     Marker->ARP Up Ecc. (m)  : 0.00
     Marker->ARP North Ecc(m) : 0.00
     Marker->ARP East Ecc(m)  : 0.00
     Alignment from True N    : 0 deg
     Antenna Radome Type      : NONE
     Radome Serial Number     : 
     Antenna Cable Type       : 
     Antenna Cable Length     : 30 m
     Date Installed           : 2009-10-13T13:00Z
     Date Removed             : 2013-06-24T13:00Z
     Additional Information   : 

4.3  Antenna Type             : TRM57971.00     NONE
     Serial Number            : 5311118262
     Antenna Reference Point  : BAM
     Marker->ARP Up Ecc. (m)  : 0.00
     Marker->ARP North Ecc(m) : 0.00
     Marker->ARP East Ecc(m)  : 0.00
     Alignment from True N    : 0 deg
     Antenna Radome Type      : NONE
     Radome Serial Number     : 
     Antenna Cable Type       : 
     Antenna Cable Length     : 30 m
     Date Installed           : 2013-06-24T13:00Z
     Date Removed             : CCYY-MM-DDThh:mmZ
     Additional Information   : 

4.x  Antenna Type             : (A20, from rcvr_ant.tab; see instructions)
     Serial Number            : (A*, but note the first A5 is used in SINEX)
     Antenna Reference Point  : (BPA/BCR/XXX from "antenna.gra"; see instr.)
     Marker->ARP Up Ecc. (m)  : (F8.4)
     Marker->ARP North Ecc(m) : (F8.4)
     Marker->ARP East Ecc(m)  : (F8.4)
     Alignment from True N    : (deg; + is clockwise/east)
     Antenna Radome Type      : (A4 from rcvr_ant.tab; see instructions)
     Radome Serial Number     : 
     Antenna Cable Type       : (vendor & type number)
     Antenna Cable Length     : (m)
     Date Installed           : (CCYY-MM-DDThh:mmZ)
     Date Removed             : (CCYY-MM-DDThh:mmZ)
     Additional Information   : (multiple lines)


5.   Surveyed Local Ties

5.x  Tied Marker Name         : 
     Tied Marker Usage        : (SLR/VLBI/LOCAL CONTROL/FOOTPRINT/etc)
     Tied Marker CDP Number   : (A4)
     Tied Marker DOMES Number : (A9)
     Differential Components from GNSS Marker to the tied monument (ITRS)
       dx (m)                 : (m)
       dy (m)                 : (m)
       dz (m)                 : (m)
     Accuracy (mm)            : (mm)
     Survey method            : (GPS CAMPAIGN/TRILATERATION/TRIANGULATION/etc)
     Date Measured            : (CCYY-MM-DDThh:mmZ)
     Additional Information   : (multiple lines)


6.   Frequency Standard

6.1  Standard Type            : INTERNAL
       Input Frequency        : 
       Effective Dates        : 2008-07-11/CCYY-MM-DD
       Notes                  : 

6.x  Standard Type            : (INTERNAL or EXTERNAL H-MASER/CESIUM/etc)
       Input Frequency        : (if external)
       Effective Dates        : (CCYY-MM-DD/CCYY-MM-DD)
       Notes                  : (multiple lines)


7.   Collocation Information

7.x  Instrumentation Type     : (GPS/GLONASS/DORIS/PRARE/SLR/VLBI/TIME/etc)
       Status                 : (PERMANENT/MOBILE)
       Effective Dates        : (CCYY-MM-DD/CCYY-MM-DD)
       Notes                  : (multiple lines)


8.   Meteorological Instrumentation

8.1.x  Humidity Sensor Model  : 
       Manufacturer           : 
       Serial Number          : 
       Data Sampling Interval : (sec)
       Accuracy (% rel h)     : (% rel h)
       Aspiration             : (UNASPIRATED/NATURAL/FAN/etc)
       Height Diff to Ant     : (m)
       Calibration date       : (CCYY-MM-DD)
       Effective Dates        : (CCYY-MM-DD/CCYY-MM-DD)
       Notes                  : (multiple lines)

8.2.x  Pressure Sensor Model  : 
       Manufacturer           : 
       Serial Number          : 
       Data Sampling Interval : (sec)
       Accuracy               : (hPa)
       Height Diff to Ant     : (m)
       Calibration date       : (CCYY-MM-DD)
       Effective Dates        : (CCYY-MM-DD/CCYY-MM-DD)
       Notes                  : (multiple lines)

8.3.x  Temp. Sensor Model     : 
       Manufacturer           : 
       Serial Number          : 
       Data Sampling Interval : (sec)
       Accuracy               : (deg C)
       Aspiration             : (UNASPIRATED/NATURAL/FAN/etc)
       Height Diff to Ant     : (m)
       Calibration date       : (CCYY-MM-DD)
       Effective Dates        : (CCYY-MM-DD/CCYY-MM-DD)
       Notes                  : (multiple lines)

8.4.x  Water Vapor Radiometer : 
       Manufacturer           : 
       Serial Number          : 
       Distance to Antenna    : (m)
       Height Diff to Ant     : (m)
       Calibration date       : (CCYY-MM-DD)
       Effective Dates        : (CCYY-MM-DD/CCYY-MM-DD)
       Notes                  : (multiple lines)

8.5.x  Other Instrumentation  : (multiple lines)


9.   Local Ongoing Conditions Possibly Affecting Computed Position

9.1.x  Radio Interferences    : (TV/CELL PHONE ANTENNA/RADAR/etc)
       Observed Degradations  : (SN RATIO/DATA GAPS/etc)
       Effective Dates        : (CCYY-MM-DD/CCYY-MM-DD)
       Additional Information : (multiple lines)

9.2.x  Multipath Sources      : (METAL ROOF/DOME/VLBI ANTENNA/etc)
       Effective Dates        : (CCYY-MM-DD/CCYY-MM-DD)
       Additional Information : (multiple lines)

9.3.x  Signal Obstructions    : (TREES/BUILDINGS/etc)
       Effective Dates        : (CCYY-MM-DD/CCYY-MM-DD)
       Additional Information : (multiple lines)


10.  Local Episodic Effects Possibly Affecting Data Quality

10.x Date                     : (CCYY-MM-DD/CCYY-MM-DD)
     Event                    : (TREE CLEARING/CONSTRUCTION/etc)

11.  On-Site, Point of Contact Agency Information

     Agency                   : Météo France
     Preferred Abbreviation   : NONE
     Mailing Address          : Météo France
                              : BP 379 - Aéroport Aime CESAIRE
                              : 97288 LE LAMENTIN
     Primary Contact
       Contact Name           : Henri JACOBIERE
       Telephone (primary)    : 0596 57 23 23
       Telephone (secondary)  : 
       Fax                    : 
       E-mail                 : henri.jacobiere@meteo.fr
     Secondary Contact
       Contact Name           : Georges LEVIF
       Telephone (primary)    : 0596 57 23 23
       Telephone (secondary)  : 
       Fax                    : 
       E-mail                 : dirag_tti_cm972@meteo.fr
     Additional Information   : 


12.  Responsible Agency (if different from 11.)

     Agency                   : Institut National de l'Information
                              : Geographique et Forestiere
     Preferred Abbreviation   : IGN-SGN
     Mailing Address          : 73 avenue de Paris
                              : 94160 Saint-Mandé FRANCE
     Primary Contact
       Contact Name           : RGP Team
       Telephone (primary)    : 00 33 (0)1 43 98 83 39
       Telephone (secondary)  : 
       Fax                    : 00 33 (0)1 43 98 84 50
       E-mail                 : rgpadmin@ign.fr
     Secondary Contact
       Contact Name           : 
       Telephone (primary)    : 
       Telephone (secondary)  : 
       Fax                    : 
       E-mail                 : 
     Additional Information   : 

13.  More Information

     Primary Data Center      : IGN
     Secondary Data Center    : CDDIS
     URL for More Information : http://rgp.ign.fr/STATIONS/liste.php
     Hardcopy on File
       Site Map               : http://rgp.ign.fr/
       Site Diagram           : (Y)
       Horizon Mask           : (Y)
       Monument Description   : (Y)
       Site Pictures          : http://rgp.ign.fr/
     Additional Information   : 
     Antenna Graphics with Dimensions

TRM57971.00

    / ----------------------+--------------------- \
   +                        +                       +
    \ -------------------------------------------- /
                    \               /
                     \             /
                      \-----+-----/                    <--  0.0000  ARP=BAM

   <--                   0.3396                  -->












