     LMNO Site Information Form
     ESRL Continuously Operating Reference Station
     See Instructions at:
       ftp://igscb.jpl.nasa.gov/pub/station/general/sitelog_instr.txt


0.   Form

     Prepared by (full name)  : cors-adm
     Date Prepared            : 2015-03-25
     Report Type              : UPDATE
     If Update:
      Previous Site Log       : lmno_20141208.log
      Modified/Added Sections : 1 2


1.   Site Identification of the GNSS Monument
     Site Name                : Lamont
     Four Character ID        : LMNO
     Monument Inscription     :
     IERS DOMES Number        : (A9)
     CDP Number               : (A4)
     Monument Description     : (PILLAR/BRASS PLATE/STEEL MAST/etc)
       Height of the Monument : (m)
       Monument Foundation    : (STEEL RODS, CONCRETE BLOCK, ROOF, etc)
       Foundation Depth       : (m)
     Marker Description       : (CHISELLED CROSS/DIVOT/BRASS NAIL/etc)
     Date Installed           : 1994-11-11T00:00Z
     Geologic Characteristic  : (BEDROCK/CLAY/CONGLOMERATE/GRAVEL/SAND/etc)
       Bedrock Type           : (IGNEOUS/METAMORPHIC/SEDIMENTARY)
       Bedrock Condition      : (FRESH/JOINTED/WEATHERED)
       Fracture Spacing       : (1-10 cm/11-50 cm/51-200 cm/over 200 cm)
       Fault zones nearby     : (YES/NO/Name of the zone)
         Distance/activity    : (multiple lines)
     Additional Information   : (multiple lines)


2.   Site Location Information

     City or Town             : Lamont
     State or Province        : Oklahoma
     Country                  : United States
     Tectonic Plate           : North American
     Approximate Position (ITRF)
       X coordinate (m)       : -666737.023
       Y coordinate (m)       : -5077560.955
       Z coordinate (m)       : 3789624.391
       Latitude (N is +)      : +364107.61
       Longitude (E is +)     : -0972850.65
       Elevation (m,ellips.)  : 279.7
     Additional Information   : ARP IGS08 POSITION (EPOCH 2005.00)
                              : Computed in Aug 2011 using data through gpswk
                              :  1631.


3.   GNSS Receiver Information

3.1  Receiver Type            : TRIMBLE 4000SSE
     Satellite System         : GPS
     Serial Number            : 3327A03450
     Firmware Version         : 6.10
     Elevation Cutoff Setting : (deg)
     Date Installed           : 1994-11-22
     Date Removed             : 1996-05-30
     Temperature Stabiliz.    : (none or tolerance in degrees C)
     Additional Information   : (multiple lines)

3.2  Receiver Type            : TRIMBLE 4000SSE
     Satellite System         : GPS
     Serial Number            : 3327A03450
     Firmware Version         : 7.12
     Elevation Cutoff Setting : (deg)
     Date Installed           : 1996-05-30
     Date Removed             : 2000-02-24T21:30Z
     Temperature Stabiliz.    : (none or tolerance in degrees C)
     Additional Information   : Firmware update
                              : Elevation mask angle set to 7 degrees
                              : remove date same as next install date GS

3.3  Receiver Type            : TRIMBLE 4000SSI
     Satellite System         : GPS
     Serial Number            : 3836A24065
     Firmware Version         : 7.19A
     Elevation Cutoff Setting : (deg)
     Date Installed           : 2000-02-24T21:30Z
     Date Removed             : 2001-06-01T17:00Z
     Temperature Stabiliz.    : (none or tolerance in degrees C)
     Additional Information   : 01-03-2005gs conv. TRIMBLE 40000SSI to IGS

3.4  Receiver Type            : TRIMBLE 4000SSI
     Satellite System         : GPS
     Serial Number            : 3735A20440
     Firmware Version         : 7.19B
     Elevation Cutoff Setting : (deg)
     Date Installed           : 2001-06-01T17:00Z
     Date Removed             : 2001-08-09T13:00Z
     Temperature Stabiliz.    : (none or tolerance in degrees C)
     Additional Information   : Receiver removed
                              : 01-03-2005gs conv. TRIMBLE 40000SSI to IGS

3.5  Receiver Type            : TRIMBLE 4000SSI
     Satellite System         : GPS
     Serial Number            : 3832A23783
     Firmware Version         : 7.19B
     Elevation Cutoff Setting : (deg)
     Date Installed           : 2001-08-09T13:00Z
     Date Removed             : 2001-11-19T22:45Z
     Temperature Stabiliz.    : (none or tolerance in degrees C)
     Additional Information   : Receiver Removed

3.6  Receiver Type            : TRIMBLE 4000SSE
     Satellite System         : GPS
     Serial Number            : 3503A09384
     Firmware Version         : 7.19B
     Elevation Cutoff Setting : (deg)
     Date Installed           : 2001-11-19T22:45Z
     Date Removed             : 2003-02-19T15:45Z
     Temperature Stabiliz.    : (none or tolerance in degrees C)
     Additional Information   : remove date same as next install date GS

3.7  Receiver Type            : TRIMBLE 4000SSI
     Satellite System         : GPS
     Serial Number            : 3610A14857
     Firmware Version         : 7.19B
     Elevation Cutoff Setting : (deg)
     Date Installed           : 2003-02-19T15:45Z
     Date Removed             : 2004-08-11
     Temperature Stabiliz.    : (none or tolerance in degrees C)
     Additional Information   : remove date same as next install date GS

3.8  Receiver Type            : TRIMBLE 4000SSI
     Satellite System         : GPS
     Serial Number            : 3626A16315
     Firmware Version         : 7.19B
     Elevation Cutoff Setting : (deg)
     Date Installed           : 2004-08-11
     Date Removed             : (CCYY-MM-DD)
     Temperature Stabiliz.    : (none or tolerance in degrees C)
     Additional Information   : Installation date accurate +/- a couple of
                              : days GS

3.x  Receiver Type            : (A20, from rcvr_ant.tab; see instructions)
     Satellite System         : (GPS+GLO+GAL+BDS+QZSS+SBAS)
     Serial Number            : (A20, but note the first A5 is used in SINEX)
     Firmware Version         : (A11)
     Elevation Cutoff Setting : (deg)
     Date Installed           : (CCYY-MM-DDThh:mmZ)
     Date Removed             : (CCYY-MM-DDThh:mmZ)
     Temperature Stabiliz.    : (none or tolerance in degrees C)
     Additional Information   : (multiple lines)


4.   GNSS Antenna Information

4.1  Antenna Type             : TRM14532.00
     Serial Number            : 3328A68604
     Antenna Reference Point  : BPA
     Marker->ARP Up Ecc. (m)  : 0.0000
     Marker->ARP North Ecc(m) : 0.0000
     Marker->ARP East Ecc(m)  : 0.0000
     Alignment from True N    :
     Antenna Radome Type      :
     Radome Serial Number     : (A4 from rcvr_ant.tab; see instructions)
     Antenna Cable Type       : (vendor & type number)
     Antenna Cable Length     : (m)
     Date Installed           : 1994-11-22
     Date Removed             : 1999-12-23T22:00Z
     Additional Information   : 1.800 m TGP above reference mark
                              : 2.752 m TGP above ground level

4.2  Antenna Type             : TRM33429.20+GP
     Serial Number            : 0220132618
     Antenna Reference Point  : BPA
     Marker->ARP Up Ecc. (m)  : 0.0000
     Marker->ARP North Ecc(m) : 0.0000
     Marker->ARP East Ecc(m)  : 0.0000
     Alignment from True N    : 0
     Antenna Radome Type      :
     Radome Serial Number     : (A4 from rcvr_ant.tab; see instructions)
     Antenna Cable Type       : (vendor & type number)
     Antenna Cable Length     : (m)
     Date Installed           : 1999-12-23T22:00Z
     Date Removed             : 2000-02-24T21:30Z
     Additional Information   : ARP is 2.686 m above ground level.
                              : 1.734(m) above reference mark on fence.

4.3  Antenna Type             : TRM22020.00+GP
     Serial Number            : 0220097138
     Antenna Reference Point  : BPA
     Marker->ARP Up Ecc. (m)  : 0.0000
     Marker->ARP North Ecc(m) : 0.0000
     Marker->ARP East Ecc(m)  : 0.0000
     Alignment from True N    : 0
     Antenna Radome Type      :
     Radome Serial Number     : (A4 from rcvr_ant.tab; see instructions)
     Antenna Cable Type       : (vendor & type number)
     Antenna Cable Length     : (m)
     Date Installed           : 2000-02-24T21:30Z
     Date Removed             : 2001-06-01T17:00Z
     Additional Information   : 1.7375(m) above reference mark on fence.

4.4  Antenna Type             : TRM33429.20+GP
     Serial Number            : 0220132677
     Antenna Reference Point  : BPA
     Marker->ARP Up Ecc. (m)  : 0.0000
     Marker->ARP North Ecc(m) : 0.0000
     Marker->ARP East Ecc(m)  : 0.0000
     Alignment from True N    : 0
     Antenna Radome Type      :
     Radome Serial Number     : (A4 from rcvr_ant.tab; see instructions)
     Antenna Cable Type       : (vendor & type number)
     Antenna Cable Length     : (m)
     Date Installed           : 2001-06-01T17:00Z
     Date Removed             : 2004-08-11
     Additional Information   : 1.734(m) above reference mark on fence.

4.5  Antenna Type             : TRM33429.20+GP
     Serial Number            : 0220257720
     Antenna Reference Point  : BPA
     Marker->ARP Up Ecc. (m)  : 0.0000
     Marker->ARP North Ecc(m) : 0.0000
     Marker->ARP East Ecc(m)  : 0.0000
     Alignment from True N    : 0
     Antenna Radome Type      :
     Radome Serial Number     : (A4 from rcvr_ant.tab; see instructions)
     Antenna Cable Type       : (vendor & type number)
     Antenna Cable Length     : (m)
     Date Installed           : 2004-08-11
     Date Removed             : 2008-10-08
     Additional Information   : Antenna replaced.
                              :

4.6  Antenna Type             : TRM22020.00+GP
     Serial Number            : 0220054203
     Antenna Reference Point  : BPA
     Marker->ARP Up Ecc. (m)  : 0.0000
     Marker->ARP North Ecc(m) : 0.0000
     Marker->ARP East Ecc(m)  : 0.0000
     Alignment from True N    : 0
     Antenna Radome Type      :
     Radome Serial Number     : (A4 from rcvr_ant.tab; see instructions)
     Antenna Cable Type       : (vendor & type number)
     Antenna Cable Length     : (m)
     Date Installed           : 2008-10-08
     Date Removed             : (CCYY-MM-DDThh:mmZ)
     Additional Information   : Washers added to bolt below antenna
                              : for stability on 04-14-2009.

4.x  Antenna Type             : (A20, from rcvr_ant.tab; see instructions)
     Serial Number            : (A*, but note the first A5 is used in SINEX)
     Antenna Reference Point  : (BPA/BCR/XXX from "antenna.gra"; see instr.)
     Marker->ARP Up Ecc. (m)  : (F8.4)
     Marker->ARP North Ecc(m) : (F8.4)
     Marker->ARP East Ecc(m)  : (F8.4)
     Alignment from True N    : (deg; + is clockwise/east)
     Antenna Radome Type      : (A4 from rcvr_ant.tab; see instructions)
     Radome Serial Number     :
     Antenna Cable Type       : (vendor & type number)
     Antenna Cable Length     : (m)
     Date Installed           : (CCYY-MM-DDThh:mmZ)
     Date Removed             : (CCYY-MM-DDThh:mmZ)
     Additional Information   : (multiple lines)


5.   Surveyed Local Ties

5.x  Tied Marker Name         :
     Tied Marker Usage        : (SLR/VLBI/LOCAL CONTROL/FOOTPRINT/etc)
     Tied Marker CDP Number   : (A4)
     Tied Marker DOMES Number : (A9)
     Differential Components from GNSS Marker to the tied monument (ITRS)
       dx (m)                 : (m)
       dy (m)                 : (m)
       dz (m)                 : (m)
     Accuracy (mm)            : (mm)
     Survey method            : (GPS CAMPAIGN/TRILATERATION/TRIANGULATION/etc)
     Date Measured            : (CCYY-MM-DDThh:mmZ)
     Additional Information   : (multiple lines)


6.   Frequency Standard

6.1  Standard Type            : INTERNAL
       Input Frequency        : (if external)
       Effective Dates        : 1994-11-22/CCYY-MM-DD
       Notes                  : (multiple lines)

6.x  Standard Type            : (INTERNAL or EXTERNAL H-MASER/CESIUM/etc)
       Input Frequency        : (if external)
       Effective Dates        : (CCYY-MM-DD/CCYY-MM-DD)
       Notes                  : (multiple lines)


7.   Collocation Information

7.x  Instrumentation Type     : (GPS/GLONASS/DORIS/PRARE/SLR/VLBI/TIME/etc)
       Status                 : (PERMANENT/MOBILE)
       Effective Dates        : (CCYY-MM-DD/CCYY-MM-DD)
       Notes                  : (multiple lines)


8.   Meteorological Instrumentation

8.1.1 Humidity Sensor Model   :
       Manufacturer           : Rotronics Inc
       Serial Number          :
       Data Sampling Interval : 1 second average over 6 minutes
       Accuracy (% rel h)     : +/- 5%
       Aspiration             : (UNASPIRATED/NATURAL/FAN/etc)
       Height Diff to Ant     : (m)
       Calibration date       : (CCYY-MM-DD)
       Effective Dates        : /
       Notes                  : NOAA PSOS #DSRC

8.1.x Humidity Sensor Model   :
       Manufacturer           :
       Serial Number          :
       Data Sampling Interval : (sec)
       Accuracy (% rel h)     : (% rel h)
       Aspiration             : (UNASPIRATED/NATURAL/FAN/etc)
       Height Diff to Ant     : (m)
       Calibration date       : (CCYY-MM-DD)
       Effective Dates        : (CCYY-MM-DD/CCYY-MM-DD)
       Notes                  : (multiple lines)

8.2.1 Pressure Sensor Model   :
       Manufacturer           : Setra Inc
       Serial Number          :
       Data Sampling Interval : 1 second average over 6 minutes
       Accuracy               : -/-0.75
       Height Diff to Ant     : 0.558
       Calibration date       : (CCYY-MM-DD)
       Effective Dates        : /
       Notes                  : NOAA PSOS #DSRC
                              : Pressure Sensor offset from ARP = DSRC


8.2.x Pressure Sensor Model   :
       Manufacturer           :
       Serial Number          :
       Data Sampling Interval : (sec)
       Accuracy               : (hPa)
       Height Diff to Ant     : (m)
       Calibration date       : (CCYY-MM-DD)
       Effective Dates        : (CCYY-MM-DD/CCYY-MM-DD)
       Notes                  : (multiple lines)

8.3.1 Temp. Sensor Model      : NDBC Thermisters
       Manufacturer           : R. M. Young
       Serial Number          :
       Data Sampling Interval : 1 second average over 6 minutes
       Accuracy               : 1 degree
       Aspiration             : (UNASPIRATED/NATURAL/FAN/etc)
       Height Diff to Ant     : (m)
       Calibration date       : (CCYY-MM-DD)
       Effective Dates        : /
       Notes                  : NOAA PSOS #DSRC

8.3.x Temp. Sensor Model      :
       Manufacturer           :
       Serial Number          :
       Data Sampling Interval : (sec)
       Accuracy               : (deg C)
       Aspiration             : (UNASPIRATED/NATURAL/FAN/etc)
       Height Diff to Ant     : (m)
       Calibration date       : (CCYY-MM-DD)
       Effective Dates        : (CCYY-MM-DD/CCYY-MM-DD)
       Notes                  : (multiple lines)

8.4.x Water Vapor Radiometer  :
       Manufacturer           :
       Serial Number          :
       Distance to Antenna    : (m)
       Height Diff to Ant     : (m)
       Calibration date       : (CCYY-MM-DD)
       Effective Dates        : (CCYY-MM-DD/CCYY-MM-DD)
       Notes                  : (multiple lines)

8.5.x Other Instrumentation   : (multiple lines)


9.   Local Ongoing Conditions Possibly Affecting Computed Position


9.1.x Radio Interference      : (TV/CELL PHONE ANTENNA/RADAR/etc)
       Observed Degradations  : (SN RATIO/DATA GAPS/etc)
       Effective Dates        : (CCYY-MM-DD/CCYY-MM-DD)
       Additional Information : (multiple lines)

9.2.x Multipath Sources       : (METAL ROOF/DOME/VLBI ANTENNA/etc)
       Effective Dates        : (CCYY-MM-DD/CCYY-MM-DD)
       Additional Information : (multiple lines)

9.3.x Signal Obstructions     : (TREES/BUILDLINGS/etc)
       Effective Dates        : (CCYY-MM-DD/CCYY-MM-DD)
       Additional Information : (multiple lines)


10.  Local Episodic Effects Possibly Affecting Data Quality

10.x Date                     : (CCYY-MM-DD/CCYY-MM-DD)
     Event                    : (TREE CLEARING/CONSTRUCTION/etc)


11.  On-Site, Point of Contact Agency Information

     Agency                   : NOAA, Earth System Research Laboratory
     Preferred Abbreviation   : ESRL
     Mailing Address          : 325 Broadway R/E/FS3
                              : Boulder, CO 80303
     Primary Contact
       Contact Name           : Seth I. Gutman
       Telephone (primary)    : (303) 497-7031
       Telephone (secondary)  : (303) 497-6200
       Fax                    : (303) 497-6014
       E-mail                 : seth.i.gutman@noaa.gov
     Secondary Contact
       Contact Name           : NOAA/ESRL Demonstration Division Secretary
       Telephone (primary)    : (303) 497-6200
       Telephone (secondary)  : (303) 497-6832
       Fax                    : (303) 497-6014
       E-mail                 : holub@fsl.noaa.gov / radziwill@fsl.noaa.gov
     Additional Information   : (multiple lines)


12.  Responsible Agency (if different from 11.)

     Agency                   : (multiple lines)
     Preferred Abbreviation   : (A10)
     Mailing Address          : (multiple lines)
     Primary Contact
       Contact Name           :
       Telephone (primary)    :
       Telephone (secondary)  :
       Fax                    :
       E-mail                 :
     Secondary Contact
       Contact Name           :
       Telephone (primary)    :
       Telephone (secondary)  :
       Fax                    :
       E-mail                 :
     Additional Information   : (multiple lines)


13.  More Information

     Primary Data Center      : ftp://geodesy.noaa.gov/cors
     Secondary Data Center    : ftp://alt.ngs.noaa.gov/cors
     URL for More Information : http://geodesy.noaa.gov/CORS
     Hardcopy on File
       Site Map               : (Y or URL)
       Site Diagram           : (Y or URL)
       Horizon Mask           : (Y or URL)
       Monument Description   : (Y or URL)
       Site Pictures          : (Y or URL)
     Additional Information   : (multiple lines)
     Antenna Graphics with Dimensions

     ftp://igscb.jpl.nasa.gov/pub/station/general/antenna.gra
