     LSUA Site Information Form
     LASU Continuously Operating Reference Station
     See Instructions at:
       ftp://igscb.jpl.nasa.gov/pub/station/general/sitelog_instr.txt


0.   Form

     Prepared by (full name)  : Francine Coloma
     Date Prepared            : 2015-03-19
     Report Type              : UPDATE
     If Update:
      Previous Site Log       : lsua_20141208.log
      Modified/Added Sections : 3.11, 3.12


1.   Site Identification of the GNSS Monument
     Site Name                : Lsu-alexandria
     Four Character ID        : LSUA
     Monument Inscription     :
     IERS DOMES Number        : (A9)
     CDP Number               : (A4)
     Monument Description     : STEEL MAST
       Height of the Monument :  (m)
       Monument Foundation    :
       Foundation Depth       :  (m)
     Marker Description       : ROOF
     Date Installed           : 2003-06-10T00:00Z
     Geologic Characteristic  : (BEDROCK/CLAY/CONGLOMERATE/GRAVEL/SAND/etc)
       Bedrock Type           : (IGNEOUS/METAMORPHIC/SEDIMENTARY)
       Bedrock Condition      : (FRESH/JOINTED/WEATHERED)
       Fracture Spacing       : (1-10 cm/11-50 cm/51-200 cm/over 200 cm)
       Fault zones nearby     : (YES/NO/Name of the zone)
         Distance/activity    : (multiple lines)
     Additional Information   : (multiple lines)


2.   Site Location Information

     City or Town             : Alexandria
     State or Province        : Louisiana
     Country                  : United States
     Tectonic Plate           : North American
     Approximate Position (ITRF)
       X coordinate (m)       : -229888.423
       Y coordinate (m)       : -5456919.813
       Z coordinate (m)       : 3282870.089
       Latitude (N is +)      : +311043.60
       Longitude (E is +)     : -0922444.36
       Elevation (m,ellips.)  : 4.7
     Additional Information   : ARP IGS08 POSITION (EPOCH 2005.00)
                              : Computed in Aug 2011 using data through gpswk
                              :  1631.


3.   GNSS Receiver Information

3.1  Receiver Type            : ASHTECH UZ-12
     Satellite System         : GPS
     Serial Number            : 2200252005
     Firmware Version         : CN00
     Elevation Cutoff Setting : 0 deg
     Date Installed           : 2003-06-15
     Date Removed             : 2005-09-02
     Temperature Stabiliz.    : none
     Additional Information   : Receiver replaced

3.2  Receiver Type            : TRIMBLE NETRS
     Satellite System         : GPS
     Serial Number            : 4508245721
     Firmware Version         : 1.1-3
     Elevation Cutoff Setting : 5 deg
     Date Installed           : 2005-09-02
     Date Removed             : 2006-11-10T21:36Z
     Temperature Stabiliz.    : (none or tolerance in degrees C)
     Additional Information   : Firmware replaced. Elevation mask changed on
                              : 09-02-2005. TH

3.3  Receiver Type            : TRIMBLE NETRS
     Satellite System         : GPS
     Serial Number            : 4508245721
     Firmware Version         : 1.1-5
     Elevation Cutoff Setting : 5 deg
     Date Installed           : 2006-11-10T21:38Z
     Date Removed             : 2009-07-28T08:50Z
     Temperature Stabiliz.    : (none or tolerance in degrees C)
     Additional Information   : Firmware upgrade.

3.4  Receiver Type            : TRIMBLE NETRS
     Satellite System         : GPS
     Serial Number            : 4508245721
     Firmware Version         : 1.2-0
     Elevation Cutoff Setting : 5 deg
     Date Installed           : 2009-07-28T08:56Z
     Date Removed             : 2010-05-03T12:20Z
     Temperature Stabiliz.    : (none or tolerance in degrees C)
     Additional Information   : Firmware upgrade.

3.5  Receiver Type            : TRIMBLE NETRS
     Satellite System         : GPS
     Serial Number            : 4508245721
     Firmware Version         : 1.3-0
     Elevation Cutoff Setting : 5 deg
     Date Installed           : 2010-05-03T12:24Z
     Date Removed             : 2011-09-19
     Temperature Stabiliz.    : (none or tolerance in degrees C)
     Additional Information   : Receiver upgrade.

3.6  Receiver Type            : TRIMBLE NETR9
     Satellite System         : GPS+GLO
     Serial Number            : 5101K72978
     Firmware Version         : 4.43
     Elevation Cutoff Setting : 5 deg
     Date Installed           : 2011-09-19
     Date Removed             : 2012-05-11T14:50Z
     Temperature Stabiliz.    : (none or tolerance in degrees C)
     Additional Information   : (multiple lines)

3.7  Receiver Type            : TRIMBLE NETR9
     Satellite System         : GPS+GLO
     Serial Number            : 5101K72978
     Firmware Version         : 4.60
     Elevation Cutoff Setting : 5 deg
     Date Installed           : 2012-05-11T14:50Z
     Date Removed             : 2012-08-07
     Temperature Stabiliz.    : (none or tolerance in degrees C)
     Additional Information   : Receiver replaced

3.8  Receiver Type            : TRIMBLE NETR5
     Satellite System         : GPS+GLO
     Serial Number            : 4806K53417
     Firmware Version         : 4.48 date 2011-08-01
     Elevation Cutoff Setting : 5 deg
     Date Installed           : 2012-08-07
     Date Removed             : 2013-03-05T18:00Z
     Temperature Stabiliz.    : (none or tolerance in degrees C)
     Additional Information   : Receiver replaced

3.9  Receiver Type            : TRIMBLE NETR8
     Satellite System         : GPS+GLO
     Serial Number            : 5019K67456
     Firmware Version         : 4.42
     Elevation Cutoff Setting : 5 deg
     Date Installed           : 2013-03-05T18:16Z
     Date Removed             : 2013-11-14T02:30Z
     Temperature Stabiliz.    : (none or tolerance in degrees C)
     Additional Information   : (multiple lines)

3.10 Receiver Type            : TRIMBLE NETR8
     Satellite System         : GPS+GLO
     Serial Number            : 5019K67456
     Firmware Version         : 4.70
     Elevation Cutoff Setting : 5 deg
     Date Installed           : 2013-11-14T02:30Z
     Date Removed             : 2014-04-15T17:10Z
     Temperature Stabiliz.    : (none or tolerance in degrees C)
     Additional Information   : Firmware update

3.11 Receiver Type            : TRIMBLE NETR8
     Satellite System         : GPS+GLO
     Serial Number            : 5019K67456
     Firmware Version         : 4.85
     Elevation Cutoff Setting : 5 deg
     Date Installed           : 2014-04-15T17:20Z
     Date Removed             : 2015-01-23T20:50Z 
     Temperature Stabiliz.    : (none or tolerance in degrees C)
     Additional Information   : (multiple lines)

3.12 Receiver Type            : TRIMBLE NETR8
     Satellite System         : GPS+GLO
     Serial Number            : 5019K67456
     Firmware Version         : 4.87
     Elevation Cutoff Setting : 5 deg
     Date Installed           : 2015-01-23T21:00Z
     Date Removed             : (CCYY-MM-DDThh:mmZ)
     Temperature Stabiliz.    : (none or tolerance in degrees C)
     Additional Information   : (multiple lines)

3.x  Receiver Type            : (A20, from rcvr_ant.tab; see instructions)
     Satellite System         : (GPS+GLO+GAL+BDS+QZSS+SBAS)
     Serial Number            : (A20, but note the first A5 is used in SINEX)
     Firmware Version         : (A11)
     Elevation Cutoff Setting : (deg)
     Date Installed           : (CCYY-MM-DDThh:mmZ)
     Date Removed             : (CCYY-MM-DDThh:mmZ)
     Temperature Stabiliz.    : (none or tolerance in degrees C)
     Additional Information   : (multiple lines)


4.   GNSS Antenna Information

4.1  Antenna Type             : ASH701945E_M    SCIS
     Serial Number            : 620024519
     Antenna Reference Point  : BPA
     Marker->ARP Up Ecc. (m)  : 0.0000
     Marker->ARP North Ecc(m) : 0.0000
     Marker->ARP East Ecc(m)  : 0.0000
     Alignment from True N    : 0 deg
     Antenna Radome Type      : SCIS
     Radome Serial Number     :
     Antenna Cable Type       : (vendor & type number)
     Antenna Cable Length     : (m)
     Date Installed           : 2003-06-10
     Date Removed             : 2011-09-19
     Additional Information   : Antenna upgrade.

4.2  Antenna Type             : TRM57971.00     NONE
     Serial Number            : 1441112403
     Antenna Reference Point  : BPA
     Marker->ARP Up Ecc. (m)  : 0.0000
     Marker->ARP North Ecc(m) : 0.0000
     Marker->ARP East Ecc(m)  : 0.0000
     Alignment from True N    : 0 deg
     Antenna Radome Type      : NONE
     Radome Serial Number     :
     Antenna Cable Type       : (vendor & type number)
     Antenna Cable Length     : (m)
     Date Installed           : 2011-09-19
     Date Removed             : (CCYY-MM-DDThh:mmZ)
     Additional Information   : (multiple lines)

4.x  Antenna Type             : (A20, from rcvr_ant.tab; see instructions)
     Serial Number            : (A*, but note the first A5 is used in SINEX)
     Antenna Reference Point  : (BPA/BCR/XXX from "antenna.gra"; see instr.)
     Marker->ARP Up Ecc. (m)  : (F8.4)
     Marker->ARP North Ecc(m) : (F8.4)
     Marker->ARP East Ecc(m)  : (F8.4)
     Alignment from True N    : (deg; + is clockwise/east)
     Antenna Radome Type      : (A4 from rcvr_ant.tab; see instructions)
     Radome Serial Number     :
     Antenna Cable Type       : (vendor & type number)
     Antenna Cable Length     : (m)
     Date Installed           : (CCYY-MM-DDThh:mmZ)
     Date Removed             : (CCYY-MM-DDThh:mmZ)
     Additional Information   : (multiple lines)


5.   Surveyed Local Ties

5.x  Tied Marker Name         :
     Tied Marker Usage        : (SLR/VLBI/LOCAL CONTROL/FOOTPRINT/etc)
     Tied Marker CDP Number   : (A4)
     Tied Marker DOMES Number : (A9)
     Differential Components from GNSS Marker to the tied monument (ITRS)
       dx (m)                 : (m)
       dy (m)                 : (m)
       dz (m)                 : (m)
     Accuracy (mm)            : (mm)
     Survey method            : (GPS CAMPAIGN/TRILATERATION/TRIANGULATION/etc)
     Date Measured            : (CCYY-MM-DDThh:mmZ)
     Additional Information   : (multiple lines)


6.   Frequency Standard

6.1  Standard Type            : INTERNAL
       Input Frequency        :
       Effective Dates        : 2003-06-15/CCYY-MM-DD
       Notes                  : (multiple lines)

6.x  Standard Type            : (INTERNAL or EXTERNAL H-MASER/CESIUM/etc)
       Input Frequency        : (if external)
       Effective Dates        : (CCYY-MM-DD/CCYY-MM-DD)
       Notes                  : (multiple lines)


7.   Collocation Information

7.x  Instrumentation Type     : (GPS/GLONASS/DORIS/PRARE/SLR/VLBI/TIME/etc)
       Status                 : (PERMANENT/MOBILE)
       Effective Dates        : (CCYY-MM-DD/CCYY-MM-DD)
       Notes                  : (multiple lines)

8.   Meteorological Instrumentation

8.1.x Humidity Sensor Model   :
       Manufacturer           :
       Serial Number          :
       Data Sampling Interval : (sec)
       Accuracy (% rel h)     : (% rel h)
       Aspiration             : (UNASPIRATED/NATURAL/FAN/etc)
       Height Diff to Ant     : (m)
       Calibration date       : (CCYY-MM-DD)
       Effective Dates        : (CCYY-MM-DD/CCYY-MM-DD)
       Notes                  : (multiple lines)

8.2.x Pressure Sensor Model   :
       Manufacturer           :
       Serial Number          :
       Data Sampling Interval : (sec)
       Accuracy               : (hPa)
       Height Diff to Ant     : (m)
       Calibration date       : (CCYY-MM-DD)
       Effective Dates        : (CCYY-MM-DD/CCYY-MM-DD)
       Notes                  : (multiple lines)

8.3.x Temp. Sensor Model      :
       Manufacturer           :
       Serial Number          :
       Data Sampling Interval : (sec)
       Accuracy               : (deg C)
       Aspiration             : (UNASPIRATED/NATURAL/FAN/etc)
       Height Diff to Ant     : (m)
       Calibration date       : (CCYY-MM-DD)
       Effective Dates        : (CCYY-MM-DD/CCYY-MM-DD)
       Notes                  : (multiple lines)

8.4.x Water Vapor Radiometer  :
       Manufacturer           :
       Serial Number          :
       Distance to Antenna    : (m)
       Height Diff to Ant     : (m)
       Calibration date       : (CCYY-MM-DD)
       Effective Dates        : (dd-MMM-yyy - dd-MMM-yyy)
       Notes                  : (multiple lines)

8.5.x Other Instrumentation   : (multiple lines)

9.   Local Ongoing Conditions Possibly Affecting Computed Position

9.1.x Radio Interference      : (TV/CELL PHONE ANTENNA/RADAR/etc)
       Observed Degradations  : (SN RATIO/DATA GAPS/etc)
       Effective Dates        : (CCYY-MM-DD/CCYY-MM-DD)
       Additional Information : (multiple lines)

9.2.x Multipath Sources       : (METAL ROOF/DOME/VLBI ANTENNA/etc)
       Effective Dates        : (CCYY-MM-DD/CCYY-MM-DD)
       Additional Information : (multiple lines)

9.3.x Signal Obstructions     : (TREES/BUILDLINGS/etc)
       Effective Dates        : (CCYY-MM-DD/CCYY-MM-DD)
       Additional Information : (multiple lines)


10.  Local Episodic Effects Possibly Affecting Data Quality

10.x Date                     : (CCYY-MM-DD/CCYY-MM-DD)
     Event                    : (TREE CLEARING/CONSTRUCTION/etc)


11.  On-Site, Point of Contact Agency Information

     Agency                   : Louisiana State University
                              : Center for Geoinformatics
                              : The Louisiana Spatial Reference Center
     Preferred Abbreviation   : LSU
     Mailing Address          : LSU Center for GeoInformatics
                              : 101 LSU Student Union Building
                              : LSU Box #25413
                              : Baton Rouge, LA 70803
     Primary Contact
       Contact Name           : Randy Osborne
       Telephone (primary)    : (225) 578-4609
       Telephone (secondary)  : (225) 328-8976
       Fax                    : (225) 578-4502
       E-mail                 : rosbor1@lsu.edu
     Secondary Contact
       Contact Name           : Larry Dunaway
       Telephone (primary)    : 225-578-8925
       Telephone (secondary)  : 225-916-7848
       Fax                    : 225-578-4502
       E-mail                 : larryd@lsu.edu
     Additional Information   : (multiple lines)


12.  Responsible Agency (if different from 11.)

     Agency                   : (multiple lines)
     Preferred Abbreviation   : (A10)
     Mailing Address          : (multiple lines)
     Primary Contact
       Contact Name           :
       Telephone (primary)    :
       Telephone (secondary)  :
       Fax                    :
       E-mail                 :
     Secondary Contact
       Contact Name           :
       Telephone (primary)    :
       Telephone (secondary)  :
       Fax                    :
       E-mail                 :
     Additional Information   : (multiple lines)


13.  More Information

     Primary Data Center      : ftp://geodesy.noaa.gov/cors
     Secondary Data Center    : ftp://alt.ngs.noaa.gov/cors
     URL for More Information : http://geodesy.noaa.gov/CORS
     Hardcopy on File
       Site Map               : (Y or URL)
       Site Diagram           : (Y or URL)
       Horizon Mask           : (Y or URL)
       Monument Description   : (Y or URL)
       Site Pictures          : (Y or URL)
     Additional Information   : (multiple lines)
     Antenna Graphics with Dimensions

     ftp://igscb.jpl.nasa.gov/pub/station/general/antenna.gra
