     MALA Site Information Form (site log)
     International GNSS Service
     See Instructions at:
       ftp://igscb.jpl.nasa.gov/pub/station/general/sitelog_instr.txt


0.   Form

     Prepared by (full name)  : Pedro Gonzalo Lopez
     Date Prepared            : 2015-08-17
     Report Type              : UPDATE
     If Update:
      Previous Site Log       : mala_20150316.log
      Modified/Added Sections : 3.13, 3.14, 3.15, 3.16


1.   Site Identification of the GNSS Monument

     Site Name                : Malaga
     Four Character ID        : MALA
     Monument Inscription     : None
     IERS DOMES Number        : 13443M001
     CDP Number               : (A4)
     Monument Description     : STEEL MAST
       Height of the Monument : 3 m
       Monument Foundation    : CONCRETE BLOCK
       Foundation Depth       : 0.5 m
     Marker Description       : BRASS PLATE
     Date Installed           : 2000-03-15
     Geologic Characteristic  : CONGLOMERATE
       Bedrock Type           : IGNEOUS
       Bedrock Condition      : WEATHERED
       Fracture Spacing       : (0 cm/1-10 cm/11-50 cm/51-200 cm/over 200 cm)
       Fault zones nearby     : NO
         Distance/activity    : (multiple lines)
     Additional Information   : Reinforced concrete block and steel mast on the
                              : terrace of the Geophisic Observatory building
                              : of MC!laga (Instituto GeogrC!fico Nacional)


2.   Site Location Information

     City or Town             : Malaga
     State or Province        : Malaga
     Country                  : Spain
     Tectonic Plate           : EURASIAN
     Approximate Position (ITRF)
       X coordinate (m)       : 5103282.258
       Y coordinate (m)       : -392096.544
       Z coordinate (m)       : 3793147.052
       Latitude (N is +)      : +364334.01
       Longitude (E is +)     : -0042336.71
       Elevation (m,ellips.)  :   119.8
     Additional Information   : MALA is a reference point of the Spanish GPS
                              : Fiducial Network raised by the Instituto
                              : Geografico Nacional


3.   GNSS Receiver Information

3.1  Receiver Type            : TRIMBLE 4000SSI
     Satellite System         : GPS
     Serial Number            : 00027307
     Firmware Version         : NP 7.19 / SP 3.04
     Elevation Cutoff Setting : 0 deg
     Date Installed           : 2000-03-15
     Date Removed             : 2008-08-11T11:00Z
     Temperature Stabiliz.    : (deg C) +/- (deg C)
     Additional Information   : (multiple lines)

3.2  Receiver Type            : LEICA GRX1200GGPRO
     Satellite System         : GPS+GLO
     Serial Number            : 355508
     Firmware Version         : 5.62
     Elevation Cutoff Setting : 0 deg
     Date Installed           : 2008-08-12T00:00Z
     Date Removed             : 2009-01-22T10:00Z
     Temperature Stabiliz.    : (deg C) +/- (deg C)
     Additional Information   : (multiple lines)

3.3  Receiver Type            : LEICA GRX1200GGPRO
     Satellite System         : GPS+GLO
     Serial Number            : 355508
     Firmware Version         : 6.02
     Elevation Cutoff Setting : 0 deg
     Date Installed           : 2009-01-22T10:44Z
     Date Removed             : 2009-04-22T12:00Z
     Temperature Stabiliz.    : (deg C) +/- (deg C)
     Additional Information   : (multiple lines)

3.4  Receiver Type            : LEICA GRX1200GGPRO
     Satellite System         : GPS+GLO
     Serial Number            : 355508
     Firmware Version         : 7.02
     Elevation Cutoff Setting : 0 deg
     Date Installed           : 2009-04-23T00:00Z
     Date Removed             : 2010-02-12T12:00Z
     Temperature Stabiliz.    : (deg C) +/- (deg C)
     Additional Information   : (multiple lines)

3.5  Receiver Type            : LEICA GRX1200GGPRO
     Satellite System         : GPS+GLO
     Serial Number            : 355508
     Firmware Version         : 7.80
     Elevation Cutoff Setting : 0 deg
     Date Installed           : 2010-02-12T12:26Z
     Date Removed             : 2010-06-14T08:59Z
     Temperature Stabiliz.    : (deg C) +/- (deg C)
     Additional Information   : (multiple lines)

3.6  Receiver Type            : LEICA GRX1200GGPRO
     Satellite System         : GPS+GLO
     Serial Number            : 355508
     Firmware Version         : 7.80/3.019
     Elevation Cutoff Setting : 0 deg
     Date Installed           : 2010-06-14T09:00Z
     Date Removed             : 2010-06-28T12:00Z
     Temperature Stabiliz.    : (deg C) +/- (deg C)
     Additional Information   : (multiple lines)

3.7  Receiver Type            : LEICA GRX1200GGPRO
     Satellite System         : GPS+GLO
     Serial Number            : 355508
     Firmware Version         : 8.00/3.019
     Elevation Cutoff Setting : 0 deg
     Date Installed           : 2010-06-29T00:00Z
     Date Removed             : 2010-07-22T10:00Z
     Temperature Stabiliz.    : (deg C) +/- (deg C)
     Additional Information   : (multiple lines)

3.8  Receiver Type            : LEICA GRX1200GGPRO
     Satellite System         : GPS+GLO
     Serial Number            : 355508
     Firmware Version         : 8.00/3.019
     Elevation Cutoff Setting : 0 deg
     Date Installed           : 2010-07-22T10:00Z
     Date Removed             : 2011-05-19T10:15Z
     Temperature Stabiliz.    : (deg C) +/- (deg C)
     Additional Information   : Set tracking of unhealthy satellites

3.9  Receiver Type            : LEICA GRX1200GGPRO
     Satellite System         : GPS+GLO
     Serial Number            : 355508
     Firmware Version         : 8.10/3.019
     Elevation Cutoff Setting : 0 deg
     Date Installed           : 2011-05-19T11:00Z
     Date Removed             : 2011-05-24T12:47Z
     Temperature Stabiliz.    : (deg C) +/- (deg C)
     Additional Information   : (multiple lines)

3.10 Receiver Type            : LEICA GRX1200GGPRO
     Satellite System         : GPS+GLO
     Serial Number            : 355508
     Firmware Version         : 8.20/3.019
     Elevation Cutoff Setting : 0 deg
     Date Installed           : 2011-05-24T12:55Z
     Date Removed             : 2012-01-24T09:00Z
     Temperature Stabiliz.    : (deg C) +/- (deg C)
     Additional Information   : (multiple lines)

3.11 Receiver Type            : LEICA GRX1200GGPRO
     Satellite System         : GPS+GLO
     Serial Number            : 355508
     Firmware Version         : 8.50/3.019
     Elevation Cutoff Setting : 0 deg
     Date Installed           : 2012-01-25T00:00Z
     Date Removed             : 2012-03-27T09:34Z
     Temperature Stabiliz.    : (deg C) +/- (deg C)
     Additional Information   : (multiple lines)

3.12 Receiver Type            : LEICA GRX1200GGPRO
     Satellite System         : GPS+GLO
     Serial Number            : 355508
     Firmware Version         : 8.51/3.019
     Elevation Cutoff Setting : 0 deg
     Date Installed           : 2012-03-27T09:46Z
     Date Removed             : 2013-03-13T15:51Z
     Temperature Stabiliz.    : (deg C) +/- (deg C)
     Additional Information   : (multiple lines)

3.13 Receiver Type            : LEICA GR25
     Satellite System         : GPS+GLO+GAL
     Serial Number            : 1830362
     Firmware Version         : 2.62/6.112
     Elevation Cutoff Setting : 0 deg
     Date Installed           : 2013-03-13T19:50Z
     Date Removed             : 2013-05-13T11:15Z
     Temperature Stabiliz.    : (deg C) +/- (deg C)
     Additional Information   : (multiple lines)

3.14 Receiver Type            : LEICA GR25
     Satellite System         : GPS+GLO+GAL
     Serial Number            : 1830362
     Firmware Version         : 3.00/6.113
     Elevation Cutoff Setting : 0 deg
     Date Installed           : 2013-05-13T11:16Z
     Date Removed             : 2014-01-09T11:14Z
     Temperature Stabiliz.    : (deg C) +/- (deg C)
     Additional Information   : (multiple lines)

3.15 Receiver Type            : LEICA GR25
     Satellite System         : GPS+GLO+GAL
     Serial Number            : 1830362
     Firmware Version         : 3.03/6.214
     Elevation Cutoff Setting : 0 deg
     Date Installed           : 2014-01-09T11:41Z
     Date Removed             : 2015-03-16T12:21Z
     Temperature Stabiliz.    : (deg C) +/- (deg C)
     Additional Information   : (multiple lines)

3.16 Receiver Type            : LEICA GR25
     Satellite System         : GPS+GLO+GAL
     Serial Number            : 1830362
     Firmware Version         : 3.11/6.403
     Elevation Cutoff Setting : 0 deg
     Date Installed           : 2015-03-16T12:26Z
     Date Removed             : CCYY-MM-DDThh:mmZ
     Temperature Stabiliz.    : (deg C) +/- (deg C)
     Additional Information   : (multiple lines)

3.x  Receiver Type            : (A20, from rcvr_ant.tab; see instructions)
     Satellite System         : (GPS+GLO+GAL+BDS+QZSS+SBAS)
     Serial Number            : (A20, but note the first A5 is used in SINEX)
     Firmware Version         : (A11)
     Elevation Cutoff Setting : (deg)
     Date Installed           : (CCYY-MM-DDThh:mmZ)
     Date Removed             : (CCYY-MM-DDThh:mmZ)
     Temperature Stabiliz.    : (none or tolerance in degrees C)
     Additional Information   : (multiple lines)


4.   GNSS Antenna Information

4.1  Antenna Type             : TRM29659.00     TCWD
     Serial Number            : 0173808
     Antenna Reference Point  : BPA
     Marker->ARP Up Ecc. (m)  :   3.0510
     Marker->ARP North Ecc(m) :   0.0000
     Marker->ARP East Ecc(m)  :   0.0000
     Alignment from True N    : 0 deg
     Antenna Radome Type      : TCWD
     Radome Serial Number     : 
     Antenna Cable Type       : (vendor & type number)
     Antenna Cable Length     : 30 m
     Date Installed           : 2000-03-15
     Date Removed             : 2008-08-11T11:00Z
     Additional Information   : (multiple lines)

4.2  Antenna Type             : LEIAT504GG      LEIS
     Serial Number            : 200560
     Antenna Reference Point  : BPA
     Marker->ARP Up Ecc. (m)  :   3.0510
     Marker->ARP North Ecc(m) :   0.0000
     Marker->ARP East Ecc(m)  :   0.0000
     Alignment from True N    : 0 deg
     Antenna Radome Type      : LEIS
     Radome Serial Number     : 
     Antenna Cable Type       : (vendor & type number)
     Antenna Cable Length     : 30 m
     Date Installed           : 2008-08-12T00:00Z
     Date Removed             : 2013-03-13T15:51Z
     Additional Information   : (multiple lines)

4.3  Antenna Type             : LEIAR25.R4      LEIT
     Serial Number            : 725494
     Antenna Reference Point  : BPA
     Marker->ARP Up Ecc. (m)  :   3.0516
     Marker->ARP North Ecc(m) :   0.0000
     Marker->ARP East Ecc(m)  :   0.0000
     Alignment from True N    : 0 deg
     Antenna Radome Type      : LEIT
     Radome Serial Number     : 
     Antenna Cable Type       : (vendor & type number)
     Antenna Cable Length     : 30 m
     Date Installed           : 2013-03-13T19:50Z
     Date Removed             : CCYY-MM-DDThh:mmZ
     Additional Information   : (multiple lines)

4.x  Antenna Type             : (A20, from rcvr_ant.tab; see instructions)
     Serial Number            : (A*, but note the first A5 is used in SINEX)
     Antenna Reference Point  : (BPA/BCR/XXX from "antenna.gra"; see instr.)
     Marker->ARP Up Ecc. (m)  : (F8.4)
     Marker->ARP North Ecc(m) : (F8.4)
     Marker->ARP East Ecc(m)  : (F8.4)
     Alignment from True N    : (deg; + is clockwise/east)
     Antenna Radome Type      : (A4 from rcvr_ant.tab; see instructions)
     Radome Serial Number     : 
     Antenna Cable Type       : (vendor & type number)
     Antenna Cable Length     : (m)
     Date Installed           : (CCYY-MM-DDThh:mmZ)
     Date Removed             : (CCYY-MM-DDThh:mmZ)
     Additional Information   : (multiple lines)


5.   Surveyed Local Ties

5.x  Tied Marker Name         : 
     Tied Marker Usage        : (SLR/VLBI/LOCAL CONTROL/FOOTPRINT/etc)
     Tied Marker CDP Number   : (A4)
     Tied Marker DOMES Number : (A9)
     Differential Components from GNSS Marker to the tied monument (ITRS)
       dx (m)                 : (m)
       dy (m)                 : (m)
       dz (m)                 : (m)
     Accuracy (mm)            : (mm)
     Survey method            : (GPS CAMPAIGN/TRILATERATION/TRIANGULATION/etc)
     Date Measured            : (CCYY-MM-DDThh:mmZ)
     Additional Information   : (multiple lines)


6.   Frequency Standard

6.1  Standard Type            : INTERNAL 
       Input Frequency        : (if external)
       Effective Dates        : 2000-03-15/CCYY-MM-DD
       Notes                  : (multiple lines)

6.x  Standard Type            : (INTERNAL or EXTERNAL H-MASER/CESIUM/etc)
       Input Frequency        : (if external)
       Effective Dates        : (CCYY-MM-DD/CCYY-MM-DD)
       Notes                  : (multiple lines)


7.   Collocation Information

7.x  Instrumentation Type     : (GPS/GLONASS/DORIS/PRARE/SLR/VLBI/TIME/etc)
       Status                 : (PERMANENT/MOBILE)
       Effective Dates        : (CCYY-MM-DD/CCYY-MM-DD)
       Notes                  : (multiple lines)


8.   Meteorological Instrumentation

8.1.x  Humidity Sensor Model  : 
       Manufacturer           : 
       Serial Number          : 
       Data Sampling Interval : (sec)
       Accuracy (% rel h)     : (% rel h)
       Aspiration             : (UNASPIRATED/NATURAL/FAN/etc)
       Height Diff to Ant     : (m)
       Calibration date       : (CCYY-MM-DD)
       Effective Dates        : (CCYY-MM-DD/CCYY-MM-DD)
       Notes                  : (multiple lines)

8.2.x  Pressure Sensor Model  : 
       Manufacturer           : 
       Serial Number          : 
       Data Sampling Interval : (sec)
       Accuracy               : (hPa)
       Height Diff to Ant     : (m)
       Calibration date       : (CCYY-MM-DD)
       Effective Dates        : (CCYY-MM-DD/CCYY-MM-DD)
       Notes                  : (multiple lines)

8.3.x  Temp. Sensor Model     : 
       Manufacturer           : 
       Serial Number          : 
       Data Sampling Interval : (sec)
       Accuracy               : (deg C)
       Aspiration             : (UNASPIRATED/NATURAL/FAN/etc)
       Height Diff to Ant     : (m)
       Calibration date       : (CCYY-MM-DD)
       Effective Dates        : (CCYY-MM-DD/CCYY-MM-DD)
       Notes                  : (multiple lines)

8.4.x  Water Vapor Radiometer : 
       Manufacturer           : 
       Serial Number          : 
       Distance to Antenna    : (m)
       Height Diff to Ant     : (m)
       Calibration date       : (CCYY-MM-DD)
       Effective Dates        : (CCYY-MM-DD/CCYY-MM-DD)
       Notes                  : (multiple lines)

8.5.x  Other Instrumentation  : (multiple lines)


9.   Local Ongoing Conditions Possibly Affecting Computed Position

9.1.x  Radio Interferences    : (TV/CELL PHONE ANTENNA/RADAR/etc)
       Observed Degradations  : (SN RATIO/DATA GAPS/etc)
       Effective Dates        : (CCYY-MM-DD/CCYY-MM-DD)
       Additional Information : (multiple lines)

9.2.x  Multipath Sources      : (METAL ROOF/DOME/VLBI ANTENNA/etc)
       Effective Dates        : (CCYY-MM-DD/CCYY-MM-DD)
       Additional Information : (multiple lines)

9.3.x  Signal Obstructions    : (TREES/BUILDINGS/etc)
       Effective Dates        : (CCYY-MM-DD/CCYY-MM-DD)
       Additional Information : (multiple lines)


10.  Local Episodic Effects Possibly Affecting Data Quality

10.x  Date                    : (CCYY-MM-DD/CCYY-MM-DD)
      Event                   : (TREE CLEARING/CONSTRUCTION/etc)


11.  On-Site, Point of Contact Agency Information

     Agency                   : Observatorio Geofisico de MC!laga
     Preferred Abbreviation   : IGN
     Mailing Address          : Observatorio GeofC-sico de MC!laga
                              : C/ Ramos CarriC3n, 48
                              : 26001 - MC!laga - Spain
     Primary Contact
       Contact Name           : Jose Luis DoC1ate
       Telephone (primary)    : +34 952212018
       Telephone (secondary)  : 
       Fax                    : +34 952223238
       E-mail                 : 
     Secondary Contact
       Contact Name           : 
       Telephone (primary)    : 
       Telephone (secondary)  : 
       Fax                    : 
       E-mail                 : 
     Additional Information   : (multiple lines)


12.  Responsible Agency (if different from 11.)

     Agency                   : Instituto Geografico Nacional
     Preferred Abbreviation   : IGN-E
     Mailing Address          : C/ General Ibanez Ibero, 3
                              : E-28003 MADRID
                              : SPAIN
     Primary Contact
       Contact Name           : Pedro Gonzalo Lopez
       Telephone (primary)    : +34 91 597 9436
       Telephone (secondary)  : +34 91 597 9572
       Fax                    : +34 91 597 9616
       E-mail                 : pgonzalo@fomento.es
     Secondary Contact
       Contact Name           : Jose Antonio Sanchez Sobrino
       Telephone (primary)    : +34 91 597 9628
       Telephone (secondary)  : +34 91 597 9572
       Fax                    : +34 91 597 9616
       E-mail                 : jassobrino@fomento.es
     Additional Information   : (multiple lines)


13.  More Information

     Primary Data Center      : BKGE
     Secondary Data Center    : OLG
     URL for More Information : http://www.epncb.oma.be/info/MALA.html
     Hardcopy on File
       Site Map               : http://www.epncb.oma.be/pictures/MALA.html
       Site Diagram           : http://www.epncb.oma.be/pictures/MALA.html
       Horizon Mask           : (Y or URL)
       Monument Description   : (Y or URL)
       Site Pictures          : http://www.epncb.oma.be/pictures/MALA.html
     Additional Information   : (multiple lines)
     Antenna Graphics with Dimensions

LEIAT504GG

                        +-------+                         <-- 0.1393
                      /     +     \
                     |      +      |
   +-----------------+-------------+------------------+   <-- 0.1012 TCR
   |                                                  |
   |                                                  |
   |                                                  |
   |                                                  |
 +-+--------------------------------------------------+-+
 +-------------------+-------------+--------------------+ <-- 0.0345 BCR
                     |             |
                     |             |
                     +------x------+                    + <-- 0.0 BPA=ARP
                       |         |
                       |         |
                       |         |
                       |         |            Antenna Height = 3.051 m
                       |         |
                       |         |
                       |         |
  ---------------------+----x----+--------------------
                         marker

<--                      0.381                       -->

ARP: Antenna Reference Point
L1 : L1 Phase Center                   L2 : L2 Phase Center
TCR: Top of Chokering                  BCR: Bottom of Chokering
