     MAN2 Site Information Form (site log)
     International GNSS Service
     See Instructions at:
       ftp://igscb.jpl.nasa.gov/pub/station/general/sitelog_instr.txt


0.   Form

     Prepared by (full name)  : MOREL Laurent
     Date Prepared            : 2012-09-17
     Report Type              : UPDATE
     If Update:
      Previous Site Log       : man2_20120301.log
      Modified/Added Sections : 13


1.   Site Identification of the GNSS Monument

     Site Name                : Le Mans
     Four Character ID        : MAN2
     Monument Inscription     : None
     IERS DOMES Number        : 10091M002
     CDP Number               : (A4)
     Monument Description     : (PILLAR/BRASS PLATE/STEEL MAST/etc)
       Height of the Monument : (m)
       Monument Foundation    : (STEEL RODS, CONCRETE BLOCK, ROOF, etc)
       Foundation Depth       : (m)
     Marker Description       : (CHISELLED CROSS/DIVOT/BRASS NAIL/etc)
     Date Installed           : 2008-01-23
     Geologic Characteristic  : (BEDROCK/CLAY/CONGLOMERATE/GRAVEL/SAND/etc)
       Bedrock Type           : (IGNEOUS/METAMORPHIC/SEDIMENTARY)
       Bedrock Condition      : (FRESH/JOINTED/WEATHERED)
       Fracture Spacing       : (0 cm/1-10 cm/11-50 cm/51-200 cm/over 200 cm)
       Fault zones nearby     : (YES/NO/Name of the zone)
         Distance/activity    : (multiple lines)
     Additional Information   : Steel tube on the roof of the ESGT building.


2.   Site Location Information

     City or Town             : Le Mans
     State or Province        : Sarthe
     Country                  : France
     Tectonic Plate           : EURASIAN
     Approximate Position (ITRF)
       X coordinate (m)       : 4274276.05
       Y coordinate (m)       : 11584.22
       Z coordinate (m)       : 4718385.97
       Latitude (N is +)      : +480106.96
       Longitude (E is +)     : +0000919.08
       Elevation (m,ellips.)  :   168.0
     Additional Information   : Station located in the premises


3.   GNSS Receiver Information

3.1  Receiver Type            : LEICA GRX1200GGPRO
     Satellite System         : GPS+GLO
     Serial Number            : 355146
     Firmware Version         : 5.50
     Elevation Cutoff Setting : 0 deg
     Date Installed           : 2008-01-23T00:00Z
     Date Removed             : 2009-07-16T00:00Z
     Temperature Stabiliz.    : 22 +/- 4
     Additional Information   : (multiple lines)

3.2  Receiver Type            : LEICA GRX1200GGPRO
     Satellite System         : GPS+GLO
     Serial Number            : 355146
     Firmware Version         : 7.50
     Elevation Cutoff Setting : 0 deg
     Date Installed           : 2009-07-16T00:00Z
     Date Removed             : CCYY-MM-DDThh:mmZ
     Temperature Stabiliz.    : 22 +/- 4
     Additional Information   : (multiple lines)

3.x  Receiver Type            : (A20, from rcvr_ant.tab; see instructions)
     Satellite System         : (GPS+GLO+GAL+BDS+QZSS+SBAS)
     Serial Number            : (A20, but note the first A5 is used in SINEX)
     Firmware Version         : (A11)
     Elevation Cutoff Setting : (deg)
     Date Installed           : (CCYY-MM-DDThh:mmZ)
     Date Removed             : (CCYY-MM-DDThh:mmZ)
     Temperature Stabiliz.    : (none or tolerance in degrees C)
     Additional Information   : (multiple lines)


4.   GNSS Antenna Information

4.1  Antenna Type             : LEIAT504GG      NONE
     Serial Number            : 104089
     Antenna Reference Point  : BPA
     Marker->ARP Up Ecc. (m)  :   0.0000
     Marker->ARP North Ecc(m) :   0.0000
     Marker->ARP East Ecc(m)  :   0.0000
     Alignment from True N    : 0 deg
     Antenna Radome Type      : NONE
     Radome Serial Number     : 
     Antenna Cable Type       : (vendor & type number)
     Antenna Cable Length     : 20 m
     Date Installed           : 2008-01-23T00:00Z
     Date Removed             : CCYY-MM-DDThh:mmZ
     Additional Information   : (multiple lines)

4.x  Antenna Type             : (A20, from rcvr_ant.tab; see instructions)
     Serial Number            : (A*, but note the first A5 is used in SINEX)
     Antenna Reference Point  : (BPA/BCR/XXX from "antenna.gra"; see instr.)
     Marker->ARP Up Ecc. (m)  : (F8.4)
     Marker->ARP North Ecc(m) : (F8.4)
     Marker->ARP East Ecc(m)  : (F8.4)
     Alignment from True N    : (deg; + is clockwise/east)
     Antenna Radome Type      : (A4 from rcvr_ant.tab; see instructions)
     Radome Serial Number     : 
     Antenna Cable Type       : (vendor & type number)
     Antenna Cable Length     : (m)
     Date Installed           : (CCYY-MM-DDThh:mmZ)
     Date Removed             : (CCYY-MM-DDThh:mmZ)
     Additional Information   : (multiple lines)


5.   Surveyed Local Ties

5.x  Tied Marker Name         : 
     Tied Marker Usage        : (SLR/VLBI/LOCAL CONTROL/FOOTPRINT/etc)
     Tied Marker CDP Number   : (A4)
     Tied Marker DOMES Number : (A9)
     Differential Components from GNSS Marker to the tied monument (ITRS)
       dx (m)                 : (m)
       dy (m)                 : (m)
       dz (m)                 : (m)
     Accuracy (mm)            : (mm)
     Survey method            : (GPS CAMPAIGN/TRILATERATION/TRIANGULATION/etc)
     Date Measured            : (CCYY-MM-DDThh:mmZ)
     Additional Information   : (multiple lines)


6.   Frequency Standard

6.1  Standard Type            : INTERNAL 
       Input Frequency        : (if external)
       Effective Dates        : 1998-04-21/CCYY-MM-DD
       Notes                  : (multiple lines)

6.x  Standard Type            : (INTERNAL or EXTERNAL H-MASER/CESIUM/etc)
       Input Frequency        : (if external)
       Effective Dates        : (CCYY-MM-DD/CCYY-MM-DD)
       Notes                  : (multiple lines)


7.   Collocation Information

7.x  Instrumentation Type     : (GPS/GLONASS/DORIS/PRARE/SLR/VLBI/TIME/etc)
       Status                 : (PERMANENT/MOBILE)
       Effective Dates        : (CCYY-MM-DD/CCYY-MM-DD)
       Notes                  : (multiple lines)


8.   Meteorological Instrumentation

8.1.1  Humidity Sensor Model  : PTU200
       Manufacturer           : Vaisala
       Serial Number          : Y4420001
       Data Sampling Interval : 30 s
       Accuracy (% rel h)     : 1
       Aspiration             : NATURAL
       Height Diff to Ant     : 0 m
       Calibration date       : 2003-10-30
       Effective Dates        : 2004-01-01/2012-03-01
       Notes                  : (multiple lines)

8.1.x  Humidity Sensor Model  : 
       Manufacturer           : 
       Serial Number          : 
       Data Sampling Interval : (sec)
       Accuracy (% rel h)     : (% rel h)
       Aspiration             : (UNASPIRATED/NATURAL/FAN/etc)
       Height Diff to Ant     : (m)
       Calibration date       : (CCYY-MM-DD)
       Effective Dates        : (CCYY-MM-DD/CCYY-MM-DD)
       Notes                  : (multiple lines)

8.2.1  Pressure Sensor Model  : PTU200
       Manufacturer           : Vaisala
       Serial Number          : Y4420001
       Data Sampling Interval : 30 s
       Accuracy               : 0.07 hPa
       Height Diff to Ant     : 0 m
       Calibration date       : 2003-10-30
       Effective Dates        : 2004-01-03/2012-03-01
       Notes                  : (multiple lines)

8.2.x  Pressure Sensor Model  : 
       Manufacturer           : 
       Serial Number          : 
       Data Sampling Interval : (sec)
       Accuracy               : (hPa)
       Height Diff to Ant     : (m)
       Calibration date       : (CCYY-MM-DD)
       Effective Dates        : (CCYY-MM-DD/CCYY-MM-DD)
       Notes                  : (multiple lines)

8.3.1  Temp. Sensor Model     : PTU200
       Manufacturer           : Vaisala
       Serial Number          : Y4420001
       Data Sampling Interval : 30 s
       Accuracy               : 0.1 deg C
       Aspiration             : NATURAL
       Height Diff to Ant     : 0 m
       Calibration date       : 2003-10-30
       Effective Dates        : 2004-01-01/2012-03-01
       Notes                  : (multiple lines)

8.3.x  Temp. Sensor Model     : 
       Manufacturer           : 
       Serial Number          : 
       Data Sampling Interval : (sec)
       Accuracy               : (deg C)
       Aspiration             : (UNASPIRATED/NATURAL/FAN/etc)
       Height Diff to Ant     : (m)
       Calibration date       : (CCYY-MM-DD)
       Effective Dates        : (CCYY-MM-DD/CCYY-MM-DD)
       Notes                  : (multiple lines)

8.4.x  Water Vapor Radiometer : 
       Manufacturer           : 
       Serial Number          : 
       Distance to Antenna    : (m)
       Height Diff to Ant     : (m)
       Calibration date       : (CCYY-MM-DD)
       Effective Dates        : (CCYY-MM-DD/CCYY-MM-DD)
       Notes                  : (multiple lines)

8.5.x  Other Instrumentation  : (multiple lines)


9.   Local Ongoing Conditions Possibly Affecting Computed Position

9.1.x  Radio Interferences    : (TV/CELL PHONE ANTENNA/RADAR/etc)
       Observed Degradations  : (SN RATIO/DATA GAPS/etc)
       Effective Dates        : (CCYY-MM-DD/CCYY-MM-DD)
       Additional Information : (multiple lines)

9.2.x  Multipath Sources      : (METAL ROOF/DOME/VLBI ANTENNA/etc)
       Effective Dates        : (CCYY-MM-DD/CCYY-MM-DD)
       Additional Information : (multiple lines)

9.3.x  Signal Obstructions    : (TREES/BUILDLINGS/etc)
       Effective Dates        : (CCYY-MM-DD/CCYY-MM-DD)
       Additional Information : (multiple lines)


10.  Local Episodic Effects Possibly Affecting Data Quality

10.x  Date                    : (CCYY-MM-DD/CCYY-MM-DD)
      Event                   : (TREE CLEARING/CONSTRUCTION/etc)


11.  On-Site, Point of Contact Agency Information

     Agency                   : Ecole Superieure des Geometres
                              : et Topographes
     Preferred Abbreviation   : ESGT
     Mailing Address          : Campus universitaire du Maine
                              : 1, boulevard Pythagore
                              : F72000 LE MANS        FRANCE
     Primary Contact
       Contact Name           : Laurent MOREL
       Telephone (primary)    : (33) 2.43.43.31.40
       Telephone (secondary)  : 
       Fax                    : (33) 2.43.43.31.02
       E-mail                 : laurent.morel@esgt.cnam.fr
     Secondary Contact
       Contact Name           : Stephane Durand
       Telephone (primary)    : (33) 2.43.43.31.58
       Telephone (secondary)  : 
       Fax                    : (33) 2.43.43.31.02
       E-mail                 : stephane.durand@esgt.cnam.fr
     Additional Information   : none


12.  Responsible Agency (if different from 11.)

     Agency                   : (multiple lines)
     Preferred Abbreviation   : (A10)
     Mailing Address          : (multiple lines)
     Primary Contact
       Contact Name           : 
       Telephone (primary)    : 
       Telephone (secondary)  : 
       Fax                    : 
       E-mail                 : 
     Secondary Contact
       Contact Name           : 
       Telephone (primary)    : 
       Telephone (secondary)  : 
       Fax                    : 
       E-mail                 : 
     Additional Information   : (multiple lines)


13.  More Information

     Primary Data Center      : IGNE
     Secondary Data Center    : BKGE
     URL for More Information : 
     Hardcopy on File
       Site Map               : (Y or URL)
       Site Diagram           : (Y or URL)
       Horizon Mask           : (Y or URL)
       Monument Description   : (Y or URL)
       Site Pictures          : (Y or URL)
     Additional Information   : (multiple lines)
     Antenna Graphics with Dimensions

LEIAT504

                         +-------+
                       /     +     \                        <-- 0.128 L2
                      |      +      |                       <-- 0.110 L1
    +-----------------+-------------+------------------+    <-- 0.102 TCR
    |                                                  |
    |                                                  |
    |                                                  |
    |                                                  |
  +-+--------------------------------------------------+-+  <-- 0.038
  +-------------------+-------------+--------------------+  <-- 0.035 BCR
                      |             |
                      |             |
                      +------x------+                       <-- 0.0 BPA=ARP

  <--                      0.3794                      -->


ARP: Antenna Reference Point           BA : Bottom of Antenna
L1 : L1 Phase Center                   L2 : L2 Phase Center
TCR: Top of Chokering                  BCR: Bottom of Chokering
