     MAPA Site Information Form (site log)
     Rede Brasileira de Monitoramento Contínuo do Sistema GPS - RBMC
     See Instructions at:
       ftp://geoftp.ibge.gov.br


0.   Form

     Prepared by (full name)  : Sonia Maria Alves Costa
     Date Prepared            : 2012-12-06
     Report Type              : UPDATE
     If Update:
      Previous Site Log       : MAPA_20080306.log
      Modified/Added Sections : 3.x,4.1

1.  Site Identification of the GNSS Monument

     Site Name                : MACAPA
     Four Character ID        : MAPA
     Monument Inscription     : 
     IERS DOMES Number        : 41629M001
     CDP Number               : (A4)
     Monument Description     : STEEL STRUCTURE WITH FORCE 
                                CENTERING DEVICE
       Height of the Monument :  
       Monument Foundation    :  
       Foundation Depth       :  
     Marker Description       : (CHISELLED CROSS/DIVOT/BRASS NAIL/etc)
     Date Installed           : 2003-11-22T00:00Z
     Geologic Characteristic  : (BEDROCK/CLAY/CONGLOMERATE/GRAVEL/SAND/etc)
       Bedrock Type           : (IGNEOUS/METAMORPHIC/SEDIMENTARY)
       Bedrock Condition      : (FRESH/JOINTED/WEATHERED)
       Fracture Spacing       : (1-10 cm/10-50 cm/50-200 cm/over 200 cm)
       Fault zones nearby     : (YES/NO/Name of the zone)
         Distance/activity    : (multiple lines)
     Additional Information   : (multiple lines)

2.   Site Location Information

     City or Town             : Macapá
     State or Province        : Amapá
     Country                  : Brasil
     Tectonic Plate           : South America
     Approximate Position (SIRGAS2000)
       X coordinate (m)       : 4005461.16
       Y coordinate (m)       : -4963550.32
       Z coordinate (m)       : 5162.24
       Latitude (N is +)      : +000248.06
       Longitude (E is +)     : -0510550.41
       Elevation (m,ellips.)  :  -4.22 
     Additional Information   : (multiple lines)

3.  GNSS Receiver Information


3.1  Receiver Type            : TRIMBLE 4000SSI
     Satellite System         : GPS
     Serial Number            : 4025A28544
     Firmware Version         : 7.32
     Elevation Cutoff Setting : 0
     Date Installed           : 2003-11-22T00:00Z
     Date Removed             : 2007-04-13T00:00Z
     Temperature Stabiliz.    : (none or tolerance in degrees C)
     Additional Information   :  

3.2  Receiver Type            : TRIMBLE NETRS
     Satellite System         : GPS
     Serial Number            : 4644124530
     Firmware Version         : 1.1 – 5
     Elevation Cutoff Setting : 0
     Date Installed           : 2007-04-14T00:00Z
     Date Removed             : (CCYY-MM-DDThh:mmZ)
     Temperature Stabiliz.    : (none or tolerance in degrees C)
     Additional Information   :  

3.3  Receiver Type            : TRIMBLE NETRS
     Satellite System         : GPS
     Serial Number            : 4644124530
     Firmware Version         : 1.2 – 0 
     Elevation Cutoff Setting : 0
     Date Installed           : 2007-04-14T00:00Z
     Date Removed             : (CCYY-MM-DDThh:mmZ)
     Temperature Stabiliz.    : (none or tolerance in degrees C)
     Additional Information   :  

3.x  Receiver Type            : (A20, from rcvr_ant.tab; see instructions)
     Satellite System         : (GPS+GLO+GAL+CMP+QZSS+SBAS)
     Serial Number            : (A20, but note the first A5 is used in SINEX)
     Firmware Version         : (A11)
     Elevation Cutoff Setting : (deg)
     Date Installed           : (CCYY-MM-DDThh:mmZ)
     Date Removed             : (CCYY-MM-DDThh:mmZ)
     Temperature Stabiliz.    : (none or tolerance in degrees C)
     Additional Information   : (multiple lines)


4.  GNSS Antenna Information


4.1  Antenna Type             : TRM29659.00     NONE
     Serial Number            : 0220214121
     Antenna Reference Point  : BPA
     Marker->ARP Up Ecc. (m)  : 0.0880  
     Marker->ARP North Ecc(m) : (F8.4)
     Marker->ARP East Ecc(m)  : (F8.4)
     Alignment from True N    : 0
     Antenna Radome Type      : NONE 
     Radome Serial Number     : 
     Antenna Cable Type       : (vendor & type number)
     Antenna Cable Length     :  
     Date Installed           : 2003-11-22T00:00Z 
     Date Removed             : (CCYY-MM-DDThh:mmZ)
     Additional Information   : According to NGS 63.6 mm from antenna base to
                              : reference plane offset height was measured

4.x  Antenna Type             : (A20, from rcvr_ant.tab; see instructions)
     Serial Number            : (A*, but note the first A5 is used in SINEX)
     Antenna Reference Point  : (BPA/BCR/XXX from "antenna.gra"; see instr.)
     Marker->ARP Up Ecc. (m)  : (F8.4)
     Marker->ARP North Ecc(m) : (F8.4)
     Marker->ARP East Ecc(m)  : (F8.4)
     Alignment from True N    : (deg; + is clockwise/east)
     Antenna Radome Type      : (A4 from rcvr_ant.tab; see instructions)
     Radome Serial Number     : 
     Antenna Cable Type       : (vendor & type number)
     Antenna Cable Length     : (m)
     Date Installed           : (CCYY-MM-DDThh:mmZ)
     Date Removed             : (CCYY-MM-DDThh:mmZ)
     Additional Information   : (multiple lines)

5.  Surveyed Local Ties


5.x  Tied Marker Name         : 
     Tied Marker Usage        : (SLR/VLBI/LOCAL CONTROL/FOOTPRINT/etc)
     Tied Marker CDP Number   : (A4)
     Tied Marker DOMES Number : (A9)
     Differential Components from GNSS Marker to the tied monument (ITRS)
       dx (m)                 : 
       dy (m)                 : 
       dz (m)                 : 
     Accuracy (mm)            : (mm)
     Survey method            : (GPS CAMPAIGN/TRILATERATION/TRIANGULATION/etc)
     Date Measured            : (CCYY-MM-DDThh:mmZ)
     Additional Information   : (multiple lines)

6.   Frequency Standard


6.1  Standard Type            : (H-MASER/CESIUM/QUARTZ/INTERNAL/RUBIDIUM)
       Input Frequency        : 
       Effective Dates        : (CCYY-MM-DD/CCYY-MM-DD)
       Notes                  : (multiple lines)

6.x  Standard Type            : (INTERNAL or EXTERNAL H-MASER/CESIUM/etc)
       Input Frequency        : (if external)
       Effective Dates        : (CCYY-MM-DD/CCYY-MM-DD)
       Notes                  : (multiple lines)

7.   Collocation Information


7.x  Instrumentation Type     : (GPS/GLONASS/DORIS/PRARE/SLR/VLBI/TIME/etc)
       Status                 : (PERMANENT/MOBILE)
       Effective Dates        : (CCYY-MM-DD/CCYY-MM-DD)
       Notes                  : (multiple lines)

8.   Meteorological Instrumentation


8.1.1  Humidity Sensor Model  : 
       Manufacturer           : 
       Serial Number          : 
       Data Sampling Interval : 
       Accuracy (% rel h)     : (% rel h)
       Aspiration             : (UNASPIRATED/NATURAL/FAN/etc)
       Height Diff to Ant     : (m)
       Calibration date       : (CCYY-MM-DD)
       Effective Dates        : CCYY-MM-DD/CCYY-MM-DD
       Notes                  : (multiple lines)

8.1.x  Humidity Sensor Model  : 
       Manufacturer           : 
       Serial Number          : 
       Data Sampling Interval : (sec)
       Accuracy (% rel h)     : (% rel h)
       Aspiration             : (UNASPIRATED/NATURAL/FAN/etc)
       Height Diff to Ant     : (m)
       Calibration date       : (CCYY-MM-DD)
       Effective Dates        : (CCYY-MM-DD/CCYY-MM-DD)
       Notes                  : (multiple lines)

8.2.1  Pressure Sensor Model  : 
       Manufacturer           : 
       Serial Number          : 
       Data Sampling Interval : 
       Accuracy               : (mbar)
       Height Diff to Ant     : (m)
       Calibration date       : (CCYY-MM-DD)
       Effective Dates        : CCYY-MM-DD/CCYY-MM-DD
       Notes                  : (multiple lines)

8.2.x  Pressure Sensor Model  : 
       Manufacturer           : 
       Serial Number          : 
       Data Sampling Interval : (sec)
       Accuracy               : (hPa)
       Height Diff to Ant     : (m)
       Calibration date       : (CCYY-MM-DD)
       Effective Dates        : (CCYY-MM-DD/CCYY-MM-DD)
       Notes                  : (multiple lines)

8.3.1  Temp. Sensor Model     : 
       Manufacturer           : 
       Serial Number          : 
       Data Sampling Interval : 
       Accuracy               : (deg C)
       Aspiration             : (UNASPIRATED/NATURAL/FAN/etc)
       Height Diff to Ant     : (m)
       Calibration date       : (CCYY-MM-DD)
       Effective Dates        : CCYY-MM-DD/CCYY-MM-DD
       Notes                  : (multiple lines)

8.3.x  Temp. Sensor Model     : 
       Manufacturer           : 
       Serial Number          : 
       Data Sampling Interval : (sec)
       Accuracy               : (hPa)
       Aspiration             : (UNASPIRATED/NATURAL/FAN/etc)
       Height Diff to Ant     : (m)
       Calibration date       : (CCYY-MM-DD)
       Effective Dates        : (CCYY-MM-DD/CCYY-MM-DD)
       Notes                  : (multiple lines)

8.4.1  Water Vapor Radiometer : 
       Manufacturer           : 
       Serial Number          : 
       Distance to Antenna    : (m)
       Height Diff to Ant     : (m)
       Calibration date       : (CCYY-MM-DD)
       Effective Dates        : CCYY-MM-DD/CCYY-MM-DD
       Notes                  : (multiple lines)

8.4.x  Water Vapor Radiometer : 
       Manufacturer           : 
       Serial Number          : 
       Distance to Antenna    : (m)
       Height Diff to Ant     : (m)
       Calibration date       : (CCYY-MM-DD)
       Effective Dates        : (CCYY-MM-DD/CCYY-MM-DD)
       Notes                  : (multiple lines)

8.5.1  Other Instrumentation  : NONE

8.5.x  Other Instrumentation  : 

9.  Local Ongoing Conditions Possibly Affecting Computed Position


9.1.x  Radio Interferences    : (TV/CELL PHONE ANTENNA/RADAR/etc)
       Observed Degredations  : (SN RATIO/DATA GAPS/etc)
       Effective Dates        : (CCYY-MM-DD/CCYY-MM-DD)
       Additional Information : (multiple lines)

9.2.x  Multipath Sources      : (METAL ROOF/DOME/VLBI ANTENNA/etc)
       Effective Dates        : (CCYY-MM-DD/CCYY-MM-DD)
       Additional Information : (multiple lines)

9.3.x  Signal Obstructions    : (TREES/BUILDLINGS/etc)
       Effective Dates        : (CCYY-MM-DD/CCYY-MM-DD)
       Additional Information : (multiple lines)

10.   Local Episodic Effects Possibly Affecting Data Quality


10.x Date                     : (CCYY-MM-DD/CCYY-MM-DD)
     Event                    : (TREE CLEARING/CONSTRUCTION/etc)

11.   On-Site, Point of Contact Agency Information

     Agency                   : Instituto Brasileiro de Geografia e Estatística
     Preferred Abbreviation   : IBGE
     Mailing Address          : Av. Brasil, 15671 - Parada de Lucas - Rio de
                                Janeiro - Brasil - CEP: 21241-051
     Primary Contact
       Contact Name           : Mario Abreu
       Telephone (primary)    : (55) 21-21424929
       Telephone (secondary)  : (55) 21-21424985
       Fax                    : 
       E-mail                 : mario.abreu@ibge.gov.br
     Secondary Contact
       Contact Name           : Newton Júnior
       Telephone (primary)    : 
       Telephone (secondary)  : 
       Fax                    : 
       E-mail                 : newton.junior@ibge.gov.br
     Additional Information   : (multiple lines)


12.  Responsible Agency (if different from 11.)

     Agency                   : (multiple lines)
     Preferred Abbreviation   : (A10)
     Mailing Address          : (multiple lines)
     Primary Contact
       Contact Name           : 
       Telephone (primary)    : 
       Telephone (secondary)  : 
       Fax                    : 
       E-mail                 : 
     Secondary Contact
       Contact Name           : 
       Telephone (primary)    : 
       Telephone (secondary)  : 
       Fax                    : 
       E-mail                 : 
     Additional Information   : (multiple lines)


13.  More Information

     Primary Data Center      : Instituto Brasileiro de Geografia e 
	                            Estatística
     Secondary Data Center    : Instituto Brasileiro de Geografia e 
	                            Estatística
     URL for More Information : ftp://geoftp.ibge.gov.br/RBMC/dados
     Hardcopy on File
       Site Map               : (Y or URL)
       Site Diagram           : (Y or URL)
       Horizon Mask           : (Y or URL)
       Monument Description   : (Y or URL)
       Site Pictures          : (Y or URL)
     Additional Information   : (multiple lines)
     Antenna Graphics with Dimensions


 Dorne Margolin T

                   -------
                /     +     \                   <-- 0.136m  L2
               |      +      |                  <-- 0.118m  L1
  +----------------------------------------+    <-- 0.110m  TCR
  |                                        |
  |                                        |
  |                                        |
  |                                        |
+-+----------------------------------------+-+  <-- 0.046m
+--------------+-------------+---------------+  <-- 0.043m BCR
               |             |
               |     +-+     |
               +-----|x|-----+   <-- 0.008m ARP
                   +-+-+-+       <-- 0.000m 
                   |     |
              +----+-----+----+  <-- Monument Concrete Pillar
              |               |
              |               |
              |               |

ARP: Antenna Reference Point          
L1 : L1 Phase Center
TCR: Top of Chokering
L2 : L2 Phase Center
BCR: Botton of Chokering



