     MAS100ESP Site Information Form (site log)
     International GNSS Service
     See Instructions at:
       https://ftp.igs.org/pub/station/general/sitelog_instr.txt

0.   Form

     Prepared by (full name)  : Mark van Kints
     Date Prepared            : 2021-01-19
     Report Type              : UPDATE
     If Update:
      Previous Site Log       : mas1_20200406.log
      Modified/Added Sections : 3.15, 3.16


1.   Site Identification of the GNSS Monument

     Site Name                : Maspalomas
     Four Character ID        : MAS1
     Monument Inscription     : None
     IERS DOMES Number        : 31303M002
     CDP Number               : None
     Monument Description     : PILLAR
       Height of the Monument : 1 m
       Monument Foundation    : CONCRETE BLOCK
       Foundation Depth       : 1 m
     Marker Description       : 
     Date Installed           : 1994-04-11T00:00Z
     Geologic Characteristic  : 
       Bedrock Type           : 
       Bedrock Condition      : 
       Fracture Spacing       : 
       Fault zones nearby     : 
         Distance/activity    : 
     Additional Information   : 


2.   Site Location Information

     City or Town             : Maspalomas
     State or Province        : Gran Canaria
     Country                  : Spain
     Tectonic Plate           : AFRICAN
     Approximate Position (ITRF)
       X coordinate (m)       : 5439192.263
       Y coordinate (m)       : -1522055.610
       Z coordinate (m)       : 2953454.720
       Latitude (N is +)      : +274549.46
       Longitude (E is +)     : -0153759.80
       Elevation (m,ellips.)  : 197.2
     Additional Information   : extracted from IGS97


3.   GNSS Receiver Information

3.1  Receiver Type            : ROGUE SNR-8100
     Satellite System         : GPS
     Serial Number            : 107
     Firmware Version         : 2.8
     Elevation Cutoff Setting : 0 deg
     Date Installed           : 1994-04-11T00:00Z
     Date Removed             : 1996-04-16T23:59Z
     Temperature Stabiliz.    : (deg C) +/- 1.0
     Additional Information   : 

3.2  Receiver Type            : ROGUE SNR-12 RM
     Satellite System         : GPS
     Serial Number            : 228
     Firmware Version         : 3.2.32.1
     Elevation Cutoff Setting : 0 deg
     Date Installed           : 1996-04-17T00:00Z
     Date Removed             : 1999-03-15T00:00Z
     Temperature Stabiliz.    : (deg C) +/- 1.0
     Additional Information   : 

3.3  Receiver Type            : AOA SNR-12 ACT
     Satellite System         : GPS
     Serial Number            : 228-U
     Firmware Version         : 3.3.32.2
     Elevation Cutoff Setting : 0 deg
     Date Installed           : 1999-08-14T00:00Z
     Date Removed             : 2000-11-21T00:00Z
     Temperature Stabiliz.    : (deg C) +/- 1.0
     Additional Information   : 

3.4  Receiver Type            : ASHTECH Z-XII3
     Satellite System         : GPS
     Serial Number            : LP020004003
     Firmware Version         : NAV CD00,CHN 1D02*21
     Elevation Cutoff Setting : 0 deg
     Date Installed           : 2000-12-20T00:00Z
     Date Removed             : 2008-07-07T12:00Z
     Temperature Stabiliz.    : (deg C) +/- 1.0
     Additional Information   : 

3.5  Receiver Type            : JPS LEGACY
     Satellite System         : GPS+GLO
     Serial Number            : 340-1776
     Firmware Version         : 3.3p1
     Elevation Cutoff Setting : 0 deg
     Date Installed           : 2008-07-07T14:00Z
     Date Removed             : 2009-03-23T09:40Z
     Temperature Stabiliz.    : (deg C) +/- 1.0
     Additional Information   : 

3.6  Receiver Type            : JPS LEGACY
     Satellite System         : GPS+GLO
     Serial Number            : 340-1776
     Firmware Version         : 3.3p4
     Elevation Cutoff Setting : 0 deg
     Date Installed           : 2009-03-23T10:10Z
     Date Removed             : 2009-07-07T15:00Z
     Temperature Stabiliz.    : (deg C) +/- 1.0
     Additional Information   : 

3.7  Receiver Type            : JPS LEGACY
     Satellite System         : GPS+GLO
     Serial Number            : 340-1776
     Firmware Version         : 3.4
     Elevation Cutoff Setting : 0 deg
     Date Installed           : 2009-07-08T08:45Z
     Date Removed             : 2012-09-27T09:30Z
     Temperature Stabiliz.    : (deg C) +/- 1.0
     Additional Information   : 

3.8  Receiver Type            : SEPT POLARX4
     Satellite System         : GPS+GLO+GAL+BDS+SBAS
     Serial Number            : 3001357
     Firmware Version         : 2.3.4
     Elevation Cutoff Setting : 0 deg
     Date Installed           : 2012-09-27T09:50Z
     Date Removed             : 2013-08-14T10:00Z
     Temperature Stabiliz.    : (deg C) +/- 1.0
     Additional Information   : 

3.9  Receiver Type            : SEPT POLARX4
     Satellite System         : GPS+GLO+GAL+BDS+SBAS
     Serial Number            : 3001357
     Firmware Version         : 2.5.1p1
     Elevation Cutoff Setting : 0 deg
     Date Installed           : 2013-08-14T10:05Z
     Date Removed             : 2014-12-10T09:00Z
     Temperature Stabiliz.    : (deg C) +/- 1.0
     Additional Information   : 

3.10 Receiver Type            : SEPT POLARX4
     Satellite System         : GPS+GLO+GAL+BDS+SBAS
     Serial Number            : 3001357
     Firmware Version         : 2.5.2-esa3
     Elevation Cutoff Setting : 0 deg
     Date Installed           : 2014-12-10T09:01Z
     Date Removed             : 2015-08-27T12:00Z
     Temperature Stabiliz.    : (deg C) +/- 1.0
     Additional Information   : 

3.11 Receiver Type            : SEPT POLARX4
     Satellite System         : GPS+GLO+GAL+BDS+SBAS
     Serial Number            : 3001357
     Firmware Version         : 2.9.0
     Elevation Cutoff Setting : 0 deg
     Date Installed           : 2015-08-27T12:05Z
     Date Removed             : 2016-10-18T12:00Z
     Temperature Stabiliz.    : (deg C) +/- 1.0
     Additional Information   : 

3.12 Receiver Type            : SEPT POLARX4
     Satellite System         : GPS+GLO+GAL+BDS+SBAS
     Serial Number            : 3001357
     Firmware Version         : 2.9.5-extref1
     Elevation Cutoff Setting : 0 deg
     Date Installed           : 2016-10-18T12:01Z
     Date Removed             : 2018-04-26T12:00Z
     Temperature Stabiliz.    : (deg C) +/- 1.0
     Additional Information   : 

3.13 Receiver Type            : SEPT POLARX4
     Satellite System         : GPS+GLO+GAL+BDS+SBAS
     Serial Number            : 3001313
     Firmware Version         : 2.9.6-extref1
     Elevation Cutoff Setting : 0 deg
     Date Installed           : 2018-05-14T12:00Z
     Date Removed             : 2019-10-15T12:30Z
     Temperature Stabiliz.    : (deg C) +/- 1.0
     Additional Information   : 

3.14 Receiver Type            : SEPT POLARX5
     Satellite System         : GPS+GLO+GAL+BDS+SBAS
     Serial Number            : 4503021
     Firmware Version         : 5.3.0
     Elevation Cutoff Setting : 0 deg
     Date Installed           : 2019-10-15T13:00Z
     Date Removed             : 2020-04-06T14:40Z
     Temperature Stabiliz.    : (deg C) +/- 1.0
     Additional Information   : 

3.15 Receiver Type            : SEPT POLARX5
     Satellite System         : GPS+GLO+GAL+BDS+SBAS
     Serial Number            : 4503021
     Firmware Version         : 5.3.2
     Elevation Cutoff Setting : 0 deg
     Date Installed           : 2020-04-06T14:45Z
     Date Removed             : 2021-01-19T11:59Z
     Temperature Stabiliz.    : (deg C) +/- 1.0
     Additional Information   : 

3.16 Receiver Type            : SEPT POLARX5
     Satellite System         : GPS+GLO+GAL+BDS+SBAS
     Serial Number            : 4503021
     Firmware Version         : 5.4.0
     Elevation Cutoff Setting : 0 deg
     Date Installed           : 2021-01-19T12:00Z
     Date Removed             : CCYY-MM-DDThh:mmZ
     Temperature Stabiliz.    : (deg C) +/- 1.0
     Additional Information   : 

3.x  Receiver Type            : (A20, from rcvr_ant.tab; see instructions)
     Satellite System         : (GPS+GLO+GAL+BDS+QZSS+SBAS)
     Serial Number            : (A20, but note the first A5 is used in SINEX)
     Firmware Version         : (A11)
     Elevation Cutoff Setting : (deg)
     Date Installed           : (CCYY-MM-DDThh:mmZ)
     Date Removed             : (CCYY-MM-DDThh:mmZ)
     Temperature Stabiliz.    : (none or tolerance in degrees C)
     Additional Information   : (multiple lines)


4.   GNSS Antenna Information

4.1  Antenna Type             : AOAD/M_T        NONE
     Serial Number            : 152
     Antenna Reference Point  : BPA
     Marker->ARP Up Ecc. (m)  : 0.0330
     Marker->ARP North Ecc(m) : 0.0000
     Marker->ARP East Ecc(m)  : 0.0000
     Alignment from True N    : 0 deg
     Antenna Radome Type      : NONE
     Radome Serial Number     : 
     Antenna Cable Type       : 
     Antenna Cable Length     : 
     Date Installed           : 1994-04-11T00:00Z
     Date Removed             : 1996-04-17T00:00Z
     Additional Information   : 

4.2  Antenna Type             : AOAD/M_T        NONE
     Serial Number            : 271
     Antenna Reference Point  : BPA
     Marker->ARP Up Ecc. (m)  : 0.0330
     Marker->ARP North Ecc(m) : 0.0000
     Marker->ARP East Ecc(m)  : 0.0000
     Alignment from True N    : 0 deg
     Antenna Radome Type      : NONE
     Radome Serial Number     : 
     Antenna Cable Type       : 
     Antenna Cable Length     : 
     Date Installed           : 1996-04-18T00:00Z
     Date Removed             : 2008-07-07T12:00Z
     Additional Information   : 

4.3  Antenna Type             : ASH701945E_M    NONE
     Serial Number            : CR620045039
     Antenna Reference Point  : BPA
     Marker->ARP Up Ecc. (m)  : 0.0330
     Marker->ARP North Ecc(m) : 0.0000
     Marker->ARP East Ecc(m)  : 0.0000
     Alignment from True N    : 0 deg
     Antenna Radome Type      : NONE
     Radome Serial Number     : 
     Antenna Cable Type       : LMR-600
     Antenna Cable Length     : 92 m
     Date Installed           : 2008-07-07T14:00Z
     Date Removed             : 2012-06-18T14:15Z
     Additional Information   : 

4.4  Antenna Type             : LEIAR25.R4      NONE
     Serial Number            : 725055
     Antenna Reference Point  : BPA
     Marker->ARP Up Ecc. (m)  : 0.0330
     Marker->ARP North Ecc(m) : 0.0000
     Marker->ARP East Ecc(m)  : 0.0000
     Alignment from True N    : 0 deg
     Antenna Radome Type      : NONE
     Radome Serial Number     : 
     Antenna Cable Type       : LMR-600
     Antenna Cable Length     : 92 m
     Date Installed           : 2012-06-18T14:20Z
     Date Removed             : CCYY-MM-DDThh:mmZ
     Additional Information   : 

4.x  Antenna Type             : (A20, from rcvr_ant.tab; see instructions)
     Serial Number            : (A*, but note the first A5 is used in SINEX)
     Antenna Reference Point  : (BPA/BCR/XXX from "antenna.gra"; see instr.)
     Marker->ARP Up Ecc. (m)  : (F8.4)
     Marker->ARP North Ecc(m) : (F8.4)
     Marker->ARP East Ecc(m)  : (F8.4)
     Alignment from True N    : (deg; + is clockwise/east)
     Antenna Radome Type      : (A4 from rcvr_ant.tab; see instructions)
     Radome Serial Number     : 
     Antenna Cable Type       : (vendor & type number)
     Antenna Cable Length     : (m)
     Date Installed           : (CCYY-MM-DDThh:mmZ)
     Date Removed             : (CCYY-MM-DDThh:mmZ)
     Additional Information   : (multiple lines)


5.   Surveyed Local Ties

5.1  Tied Marker Name         : Maspalomas (MASP)
     Tied Marker Usage        : GPS station (decommisioned 1994)
     Tied Marker CDP Number   : 
     Tied Marker DOMES Number : 31303M001
     Differential Components from GNSS Marker to the tied monument (ITRS)
       dx (m)                 : -3.120
       dy (m)                 : 0.845
       dz (m)                 : 9.563
     Accuracy (mm)            : 2 mm
     Survey method            : GPS CAMPAIGN
     Date Measured            : 1994-04-11T00:00Z
     Additional Information   : 

5.x  Tied Marker Name         : 
     Tied Marker Usage        : (SLR/VLBI/LOCAL CONTROL/FOOTPRINT/etc)
     Tied Marker CDP Number   : (A4)
     Tied Marker DOMES Number : (A9)
     Differential Components from GNSS Marker to the tied monument (ITRS)
       dx (m)                 : (m)
       dy (m)                 : (m)
       dz (m)                 : (m)
     Accuracy (mm)            : (mm)
     Survey method            : (GPS CAMPAIGN/TRILATERATION/TRIANGULATION/etc)
     Date Measured            : (CCYY-MM-DDThh:mmZ)
     Additional Information   : (multiple lines)


6.   Frequency Standard

6.1  Standard Type            : EXTERNAL CESIUM
       Input Frequency        : 5 MHz
       Effective Dates        : 1994-04-11/2000-11-21
       Notes                  : 

6.2  Standard Type            : INTERNAL
       Input Frequency        : 
       Effective Dates        : 2000-12-20/2001-01-31
       Notes                  : Ashtech receiver with no

6.3  Standard Type            : EXTERNAL CESIUM
       Input Frequency        : 5 MHz
       Effective Dates        : 2001-02-01/2005-04-13
       Notes                  : CLOCK STEERING set NO on 01-FEB-2001

6.4  Standard Type            : INTERNAL
       Input Frequency        : 
       Effective Dates        : 2005-04-13/2008-08-25
       Notes                  : 

6.5  Standard Type            : EXTERNAL CESIUM
       Input Frequency        : 5 MHz
       Effective Dates        : 2008-08-25/2012-09-27
       Notes                  : 

6.6  Standard Type            : EXTERNAL CESIUM
       Input Frequency        : 10 MHz
       Effective Dates        : 2012-09-27/CCYY-MM-DD
       Notes                  : Same clock different frequency

6.x  Standard Type            : (INTERNAL or EXTERNAL H-MASER/CESIUM/etc)
       Input Frequency        : (if external)
       Effective Dates        : (CCYY-MM-DD/CCYY-MM-DD)
       Notes                  : (multiple lines)


7.   Collocation Information

7.x  Instrumentation Type     : (GPS/GLONASS/DORIS/PRARE/SLR/VLBI/TIME/etc)
       Status                 : (PERMANENT/MOBILE)
       Effective Dates        : (CCYY-MM-DD/CCYY-MM-DD)
       Notes                  : (multiple lines)


8.   Meteorological Instrumentation

8.1.x  Humidity Sensor Model  : 
       Manufacturer           : 
       Serial Number          : 
       Data Sampling Interval : (sec)
       Accuracy (% rel h)     : (% rel h)
       Aspiration             : (UNASPIRATED/NATURAL/FAN/etc)
       Height Diff to Ant     : (m)
       Calibration date       : (CCYY-MM-DD)
       Effective Dates        : (CCYY-MM-DD/CCYY-MM-DD)
       Notes                  : (multiple lines)

8.2.x  Pressure Sensor Model  : 
       Manufacturer           : 
       Serial Number          : 
       Data Sampling Interval : (sec)
       Accuracy               : (hPa)
       Height Diff to Ant     : (m)
       Calibration date       : (CCYY-MM-DD)
       Effective Dates        : (CCYY-MM-DD/CCYY-MM-DD)
       Notes                  : (multiple lines)

8.3.x  Temp. Sensor Model     : 
       Manufacturer           : 
       Serial Number          : 
       Data Sampling Interval : (sec)
       Accuracy               : (deg C)
       Aspiration             : (UNASPIRATED/NATURAL/FAN/etc)
       Height Diff to Ant     : (m)
       Calibration date       : (CCYY-MM-DD)
       Effective Dates        : (CCYY-MM-DD/CCYY-MM-DD)
       Notes                  : (multiple lines)

8.4.x  Water Vapor Radiometer : 
       Manufacturer           : 
       Serial Number          : 
       Distance to Antenna    : (m)
       Height Diff to Ant     : (m)
       Calibration date       : (CCYY-MM-DD)
       Effective Dates        : (CCYY-MM-DD/CCYY-MM-DD)
       Notes                  : (multiple lines)

8.5.x  Other Instrumentation  : (multiple lines)


9.   Local Ongoing Conditions Possibly Affecting Computed Position

9.1.x  Radio Interferences    : (TV/CELL PHONE ANTENNA/RADAR/etc)
       Observed Degradations  : (SN RATIO/DATA GAPS/etc)
       Effective Dates        : (CCYY-MM-DD/CCYY-MM-DD)
       Additional Information : (multiple lines)

9.2.x  Multipath Sources      : (METAL ROOF/DOME/VLBI ANTENNA/etc)
       Effective Dates        : (CCYY-MM-DD/CCYY-MM-DD)
       Additional Information : (multiple lines)

9.3.x  Signal Obstructions    : (TREES/BUILDINGS/etc)
       Effective Dates        : (CCYY-MM-DD/CCYY-MM-DD)
       Additional Information : (multiple lines)


10.  Local Episodic Effects Possibly Affecting Data Quality

10.1 Date                     : 2012-03-08/CCYY-MM-DD
     Event                    : Installation of a RF Antenna Splitter

10.x Date                     : (CCYY-MM-DD/CCYY-MM-DD)
     Event                    : (TREE CLEARING/CONSTRUCTION/etc)

11.  On-Site, Point of Contact Agency Information

     Agency                   : European Space Agency
                              : European Space Operations Centre
     Preferred Abbreviation   : ESOC
     Mailing Address          : Robert-Bosch Str 5
                              : 64293 Darmstadt
                              : Germany
     Primary Contact
       Contact Name           : Mark van Kints
       Telephone (primary)    : 
       Telephone (secondary)  : 
       Fax                    : 
       E-mail                 : *@esa.int
     Secondary Contact
       Contact Name           : Mark van Kints
       Telephone (primary)    : +49 6151 904069
       Telephone (secondary)  : 
       Fax                    : +49 6151 902271
       E-mail                 : mark.van.kints@esa.int
     Additional Information   : 


12.  Responsible Agency (if different from 11.)

     Agency                   : 
     Preferred Abbreviation   : 
     Mailing Address          : 
     Primary Contact
       Contact Name           : 
       Telephone (primary)    : 
       Telephone (secondary)  : 
       Fax                    : 
       E-mail                 : 
     Secondary Contact
       Contact Name           : 
       Telephone (primary)    : 
       Telephone (secondary)  : 
       Fax                    : 
       E-mail                 : 
     Additional Information   : 

13.  More Information

     Primary Data Center      : CDDIS
     Secondary Data Center    : IGN
     URL for More Information : http://nng.esoc.esa.de/gps/maspalomas.html
     Hardcopy on File
       Site Map               : 
       Site Diagram           : X
       Horizon Mask           : 
       Monument Description   : X
       Site Pictures          : 
     Additional Information   : 
     Antenna Graphics with Dimensions

LEIAR25.R4

                       +-------+                          <--  0.1995
                      /         \
                +---+-------------+---+                   <--  0.1606  TCR
                |                     |
             |---------------------------|
          |---------------------------------|
       |---------------------------------------|
    +---------------------------------------------+
    |                                             |
    |                                             |
  +-+---------------------------------------------+-+
  +-----------------+-------------+-----------------+     <--  0.0320  BCR
                    |             |
                    |             |
                    +------x------+                       <--  0.0000  BPA=ARP
                                                              (5/8" thread might 
                                                               differ from BPA!)                                                          
  <--                    0.3802                   -->

   ARP: Antenna Reference Point
   L1 : L1 Phase Center                   L2 : L2 Phase Center
   TCR: Top of Chokering                  BCR: Bottom of Chokering

