     International GPS Service
     MAW1 Site Information Form
     See Instructions at:
       ftp://igscb.jpl.nasa.gov/pub/station/general/sitelog_instr.txt

0.   Form

     Prepared by (full name)  : Ted Zhou
     Date Prepared            : 2014-02-20
     Report Type              : UPDATE
     If Update:
      Previous Site Log       : maw1_20101208.log
      Modified/Added Sections : 3.12,3.13

1.  Site Identification of the GNSS Monument

     Site Name                : Mawson
     Four Character ID        : MAW1
     Monument Inscription     : AUS064
     IERS DOMES Number        : 66004M001
     CDP Number               : (A4)
     Monument Description     : PILLAR
       Height of the Monument : 1.5m
       Monument Foundation    : Rock
       Foundation Depth       : (m)
     Marker Description       : Stainless Steel Plate
     Date Installed           : 1993-01-01
     Geologic Characteristic  : BEDROCK
       Bedrock Type           : IGNEOUS
       Bedrock Condition      : WEATHERED
       Fracture Spacing       : (1-10 cm/11-50 cm/51-200 cm/over 200 cm)
       Fault zones nearby     : (YES/NO/Name of the zone)
         Distance/activity    : (multiple lines)
     Additional Information   : Monument is a concrete pillar.

2.   Site Location Information

     City or Town             : Mawson
     State or Province        : Australian Antarctic Territory (AAT)
     Country                  : Antarctica
     Tectonic Plate           : Antarctic
     Approximate Position (ITRF)
       X coordinate (m)       : 1111287.138
       Y coordinate (m)       : 2168911.297
       Z coordinate (m)       : -5874493.644
       Latitude (N is +)      : -673617.28
       Longitude (E is +)     : +0625214.52
       Elevation (m,ellips.)  : 59.184
     Additional Information   : The site is located at the Australian
                              : antarctic research station Mawson in
                              : Mac. Robertson Land, in the
                              : Australian Antarctic Territory.

3.  GNSS Receiver Information


3.1  Receiver Type            : AOA ICS-4000Z
     Satellite System         : GPS
     Serial Number            : C117
     Firmware Version         : 1.28.1
     Elevation Cutoff Setting : 0 (deg)
     Date Installed           : 1994-01-01T00:00Z
     Date Removed             : 1996-02-08T05:00Z
     Temperature Stabiliz.    : none
     Additional Information   : (multiple lines)

3.2  Receiver Type            : AOA ICS-4000Z
     Satellite System         : GPS
     Serial Number            : C130
     Firmware Version         : 3.2.33.1
     Elevation Cutoff Setting : 0 (deg)
     Date Installed           : 1996-02-09T06:00Z
     Date Removed             : 1999-08-22T00:00Z
     Temperature Stabiliz.    : none
     Additional Information   : (multiple lines)

3.3  Receiver Type            : ASHTECH Z-XII3
     Satellite System         : GPS
     Serial Number            : 4271
     Firmware Version         : 1F60
     Elevation Cutoff Setting : 0 (deg)
     Date Installed           : 1999-08-24T00:00Z
     Date Removed             : 1999-10-21T23:59Z
     Temperature Stabiliz.    : none
     Additional Information   : Clock steering set to "ON"

3.4  Receiver Type            : AOA ICS-4000Z
     Satellite System         : GPS
     Serial Number            : C130
     Firmware Version         : 3.2.32.9
     Elevation Cutoff Setting : 0 (deg)
     Date Installed           : 1999-10-22T05:00Z
     Date Removed             : 2000-03-03T03:00Z
     Temperature Stabiliz.    : none
     Additional Information   : Ashtech Z-X113 s/n 4262 ver CD00

3.5  Receiver Type            : AOA ICS-4000Z ACT
     Satellite System         : GPS
     Serial Number            : C119U
     Firmware Version         : 3.2.32.3
     Elevation Cutoff Setting : 0 (deg)
     Date Installed           : 2000-03-03T03:30Z
     Date Removed             : 2000-12-07T00:00Z
     Temperature Stabiliz.    : none
     Additional Information   : Ashtech Z-X113 s/n 4262 ver CD00

3.6  Receiver Type            : AOA ICS-4000Z ACT
     Satellite System         : GPS
     Serial Number            : C119U
     Firmware Version         : 3.2.32.4
     Elevation Cutoff Setting : 0 (deg)
     Date Installed           : 2000-12-07T00:00Z
     Date Removed             : 2004-12-07T00:00Z
     Temperature Stabiliz.    : none
     Additional Information   : Ashtech Z-X113 s/n 4262 ver CD00

3.7  Receiver Type            : ASHTECH UZ-12
     Satellite System         : GPS
     Serial Number            : IR220408001
     Firmware Version         : CN00
     Elevation Cutoff Setting : 0 (deg)
     Date Installed           : 2004-12-07T00:00Z
     Date Removed             : 2006-12-24T23:59Z
     Temperature Stabiliz.    : none
     Additional Information   : Backup Rx, Ashtech Z-X113 s/n 4262 ver CD00

3.8  Receiver Type            : LEICA GRX1200
     Satellite System         : GPS
     Serial Number            : 62883
     Firmware Version         : 4.13
     Elevation Cutoff Setting : 0
     Date Installed           : 2006-12-25T00:00Z
     Date Removed             : 2009-01-06T23:59Z
     Temperature Stabiliz.    : none
     Additional Information   : Backup Rx, Ashtech UZ-12 ver CN00

3.9  Receiver Type            : LEICA GRX1200GGPRO
     Satellite System         : GPS+GLO
     Serial Number            : 356493
     Firmware Version         : 6.02
     Elevation Cutoff Setting : 0
     Date Installed           : 2009-01-07T00:00Z
     Date Removed             : 2009-09-11T03:59Z
     Temperature Stabiliz.    : none
     Additional Information   : Backup Rx, Ashtech UZ-12 ver CN00

3.10 Receiver Type            : LEICA GRX1200GGPRO
     Satellite System         : GPS+GLO
     Serial Number            : 356493
     Firmware Version         : 7.50
     Elevation Cutoff Setting : 0
     Date Installed           : 2009-09-11T04:00Z
     Date Removed             : 2010-05-04T00:00Z
     Temperature Stabiliz.    : none
     Additional Information   : Backup Rx, Ashtech UZ-12 ver CN00
                              : Tracking Changed to P2(Y) and all in view
                              : at the same time the firmware was upgraded

3.11 Receiver Type            : LEICA GRX1200GGPRO
     Satellite System         : GPS+GLO
     Serial Number            : 356493
     Firmware Version         : 7.50 / 3.019
     Elevation Cutoff Setting : 0
     Date Installed           : 2010-05-04T00:00Z
     Date Removed             : 2010-12-08T12:00Z
     Temperature Stabiliz.    : none
     Additional Information   : ME upgrade due to GLONASS tracking problems.

3.12 Receiver Type            : LEICA GRX1200GGPRO
     Satellite System         : GPS+GLO
     Serial Number            : 356493
     Firmware Version         : 8.01/3.019
     Elevation Cutoff Setting : 0
     Date Installed           : 2010-12-08T12:00Z
     Date Removed             : 2014-02-20T06:00Z
     Temperature Stabiliz.    : none
     Additional Information   :

3.13 Receiver Type            : LEICA GRX1200GGPRO
     Satellite System         : GPS+GLO
     Serial Number            : 356493
     Firmware Version         : 8.71/3.822
     Elevation Cutoff Setting : 0
     Date Installed           : 2014-02-20T06:00Z
     Date Removed             : (CCYY-MM-DDThh:mmZ)
     Temperature Stabiliz.    : none
     Additional Information   :

3.x  Receiver Type            : (A20, from rcvr_ant.tab; see instructions)
     Satellite System         : (GPS+GLO+GAL+BDS+QZSS+SBAS)
     Serial Number            : (A5)
     Firmware Version         : (A11)
     Elevation Cutoff Setting : (deg)
     Date Installed           : (CCYY-MM-DDThh:mmZ)
     Date Removed             : (CCYY-MM-DDThh:mmZ)
     Temperature Stabiliz.    : (none or tolerance in degrees C)
     Additional Information   : (multiple lines)

4.  GNSS Antenna Information

4.1  Antenna Type             : AOAD/M_T        AUST
     Serial Number            : 275
     Antenna Reference Point  : BPA
     Marker->ARP Up Ecc. (m)  : 000.0035
     Marker->ARP North Ecc(m) : 000.0000
     Marker->ARP East Ecc(m)  : 000.0000
     Alignment from True N    : 0
     Antenna Radome Type      : AUST
     Radome Serial Number     :
     Antenna Cable Type       : (vendor & type number)
     Antenna Cable Length     : 30 (m)
     Date Installed           : 1994-01-01T00:00Z
     Date Removed             : (CCYY-MM-DDThh:mmZ)
     Additional Information   : AOAD/M_T s/n 308 is onsite as backup

4.x  Antenna Type             : (A20, from rcvr_ant.tab; see instructions)
     Serial Number            : (A*, but note the first A5 is used in SINEX)
     Antenna Reference Point  : (BPA/BCR/XXX from "antenna.gra"; see instr.)
     Marker->ARP Up Ecc. (m)  : (F8.4)
     Marker->ARP North Ecc(m) : (F8.4)
     Marker->ARP East Ecc(m)  : (F8.4)
     Alignment from True N    : (deg; + is clockwise/east)
     Antenna Radome Type      : (A4 from rcvr_ant.tab; see instructions)
     Radome Serial Number     :
     Antenna Cable Type       : (vendor & type number)
     Antenna Cable Length     : (m)
     Date Installed           : (CCYY-MM-DDThh:mmZ)
     Date Removed             : (CCYY-MM-DDThh:mmZ)
     Additional Information   : (multiple lines)

5.  Surveyed Local Ties

5.1 Tied Marker Name          : RM1
    Tied Marker Usage         : LOCAL CONTROL
    Tied Marker CDP Number    :
    Tied Marker DOMES Number  :
    Differential Components from GNSS Marker to the tied monument (ITRS)
      dx (m)                  : -5.5077
      dy (m)                  : -23.6463
      dz (m)                  : -7.1484
    Accuracy (mm)             : +-1mm
    Survey method             : TRIANGULATION
    Date Measured             : 2006-12-28
    Additional Information    : (multiple lines)

5.2 Tied Marker Name          : RM2
    Tied Marker Usage         : LOCAL CONTROL
    Tied Marker CDP Number    :
    Tied Marker DOMES Number  :
    Differential Components from GNSS Marker to the tied monument (ITRS)
      dx (m)                  : -24.8049
      dy (m)                  : 0.2958
      dz (m)                  : -4.0231
    Accuracy (mm)             : +-1mm
    Survey method             : TRIANGULATION
    Date Measured             : 2006-12-28
    Additional Information    : (multiple lines)

5.3 Tied Marker Name          : RM3
    Tied Marker Usage         : LOCAL CONTROL
    Tied Marker CDP Number    :
    Tied Marker DOMES Number  :
    Differential Components from GNSS Marker to the tied monument (ITRS)
      dx (m)                  : 21.2977
      dy (m)                  : 7.7945
      dz (m)                  : 10.5967
    Accuracy (mm)             : +-1mm
    Survey method             : TRIANGULATION
    Date Measured             : 2006-12-28
    Additional Information    : (multiple lines)

5.x  Tied Marker Name         :
     Tied Marker Usage        : (SLR/VLBI/LOCAL CONTROL/FOOTPRINT/etc)
     Tied Marker CDP Number   : (A4)
     Tied Marker DOMES Number : (A9)
     Differential Components from GNSS Marker to the tied monument (ITRS)
       dx (m)                 :
       dy (m)                 :
       dz (m)                 :
     Accuracy (mm)            : (mm)
     Survey method            : (GPS CAMPAIGN/TRILATERATION/TRIANGULATION/etc)
     Date Measured            : (CCYY-MM-DDThh:mmZ)
     Additional Information   : (multiple lines)

6.   Frequency Standard


6.1  Standard Type            : QUARTZ/INTERNAL
       Input Frequency        :
       Effective Dates        : 1994-01-01/CCYY-MM-DD
       Notes                  : (multiple lines)

6.x  Standard Type            :
       Input Frequency        : (if external)
       Effective Dates        : (CCYY-MM-DD/CCYY-MM-DD)
       Notes                  : (multiple lines)

7.   Collocation Information


7.x  Instrumentation Type     : (GPS/GLONASS/DORIS/PRARE/SLR/VLBI/TIME/etc)
       Status                 : (PERMANENT/MOBILE)
       Effective Dates        : (CCYY-MM-DD/CCYY-MM-DD)
       Notes                  : (multiple lines)

8.   Meteorological Instrumentation


8.1.x  Humidity Sensor Model  :
       Manufacturer           :
       Serial Number          :
       Data Sampling Interval : (sec)
       Accuracy (% rel h)     : (% rel h)
       Aspiration             : (UNASPIRATED/NATURAL/FAN/etc)
       Height Diff to Ant     : (m)
       Calibration date       : (CCYY-MM-DD)
       Effective Dates        : (CCYY-MM-DD/CCYY-MM-DD)
       Notes                  : (multiple lines)

8.2.x  Pressure Sensor Model  :
       Manufacturer           :
       Serial Number          :
       Data Sampling Interval : (sec)
       Accuracy               : (hPa)
       Height Diff to Ant     : (m)
       Calibration date       : (CCYY-MM-DD)
       Effective Dates        : (CCYY-MM-DD/CCYY-MM-DD)
       Notes                  : (multiple lines)

8.3.x  Temp. Sensor Model     :
       Manufacturer           :
       Serial Number          :
       Data Sampling Interval : (sec)
       Accuracy               : (hPa)
       Aspiration             : (UNASPIRATED/NATURAL/FAN/etc)
       Height Diff to Ant     : (m)
       Calibration date       : (CCYY-MM-DD)
       Effective Dates        : (CCYY-MM-DD/CCYY-MM-DD)
       Notes                  : (multiple lines)

8.4.x  Water Vapor Radiometer :
       Manufacturer           :
       Serial Number          :
       Distance to Antenna    : (m)
       Height Diff to Ant     : (m)
       Calibration date       : (CCYY-MM-DD)
       Effective Dates        : (CCYY-MM-DD/CCYY-MM-DD)
       Notes                  : (multiple lines)

8.5.x  Other Instrumentation  :

9.  Local Ongoing Conditions Possibly Affecting Computed Position


9.1.x  Radio Interferences    : (TV/CELL PHONE ANTENNA/RADAR/etc)
       Observed Degredations  : (SN RATIO/DATA GAPS/etc)
       Effective Dates        : (CCYY-MM-DD/CCYY-MM-DD)
       Additional Information : (multiple lines)

9.2.x  Multipath Sources      : (METAL ROOF/DOME/VLBI ANTENNA/etc)
       Effective Dates        : (CCYY-MM-DD/CCYY-MM-DD)
       Additional Information : (multiple lines)

9.3.x  Signal Obstructions    : (TREES/BUILDLINGS/etc)
       Effective Dates        : (CCYY-MM-DD/CCYY-MM-DD)
       Additional Information : (multiple lines)

10.   Local Episodic Effects Possibly Affecting Data Quality


10.1 Date                     : 2010-12-07
     Event                    : Antenna removed for local monitoring survey

10.x Date                     : (CCYY-MM-DD/CCYY-MM-DD)
     Event                    : (TREE CLEARING/CONSTRUCTION/etc)

11.   On-Site, Point of Contact Agency Information

     Agency                   : Geoscience Australia
     Preferred Abbreviation   : GA
     Mailing Address          : P.O. Box 378
                              : Canberra ACT 2601
                              : AUSTRALIA
     Primary Contact
       Contact Name           : Micheal Moore
       Telephone (primary)    : +61 2 62499052
       Telephone (secondary)  :
       Fax                    : +61 2 62499929
       E-mail                 : Michael.Moore@ga.gov.au
     Secondary Contact
       Contact Name           : Bob Twilley
       Telephone (primary)    : +61 2 62499066
       Telephone (secondary)  : 0413 604180 (mobile)
       Fax                    : +61 2 62499929
       E-mail                 : bob.twilley@ga.gov.au
     Additional Information   : (multiple lines)

12.  Responsible Agency (if different from 11.)

     Agency                   : (multiple lines)
     Preferred Abbreviation   : (A10)
     Mailing Address          : (multiple lines)
     Primary Contact
       Contact Name           :
       Telephone (primary)    :
       Telephone (secondary)  :
       Fax                    :
       E-mail                 :
     Secondary Contact
       Contact Name           :
       Telephone (primary)    :
       Telephone (secondary)  :
       Fax                    :
       E-mail                 :
     Additional Information   : (multiple lines)

13.  More Information

     Primary Data Center      : GA (ftp.ga.gov.au)
     Secondary Data Center    : CDDIS
     URL for More Information :
       Hardcopy on File
       Site Map               : (Y or URL)
       Site Diagram           : (Y)
       Horizon Mask           : (Y)
       Monument Description   : (Y)
       Site Pictures          : (Y)
     Additional Information   : (multiple lines)
     Antenna Graphics with Dimensions



   TURBOROGUE: DORNE MARGOLIN T

                         -----
                     /     +     \                        <-- 0.128  L2
                    |      +      |                       <-- 0.110  L1
  +--------------------------------------------------+    <-- 0.102
TCR
  |                                                  |
  |                                                  |
  |                                                  |
  |                                                  |
+-+--------------------------------------------------+-+  <-- 0.038
+-------------------+-------------+--------------------+  <-- 0.035
BCR
                    |             |
                   3D|             |
                    +------x------+                       <-- 0.000
ARP

<--                      0.381                       -->


   ARP: Antenna Reference Point
   L1 : L1 Phase Center                   L2 : L2 Phase Center
   TCR: Top of Chokering                  BCR: Bottom of Chokering

