
     MEDI Site Information Form (site log)
     International GNSS Service
     See Instructions at:
       ftp://igscb.jpl.nasa.gov/pub/station/general/sitelog_instr.txt

0.   Form

     Prepared by (full name)  : GIUSEPPE COLUCCI
     Date Prepared            : 2015-08-03
     Report Type              : UPDATE
     If Update:
      Previous Site Log       : medi_20150710.log
      Modified/Added Sections : 3.2, 3.3


1.   Site Identification of the GNSS Monument

     Site Name                : Medicina(BO)
     Four Character ID        : MEDI
     Monument Inscription     : Pillar Marker 'R'
     IERS DOMES Number        : 12711M003
     CDP Number               : 
     Monument Description     : PILLAR
       Height of the Monument : 1.2 m
       Monument Foundation    : CONCRETE BLOCK
       Foundation Depth       : 8 m
     Marker Description       : CHISELLED CROSS
     Date Installed           : 1995-07-28T00:00Z
     Geologic Characteristic  : SAND (alluvial plain)
       Bedrock Type           : 
       Bedrock Condition      : 
       Fracture Spacing       : 
       Fault zones nearby     : 
         Distance/activity    : 
     Additional Information   : 


2.   Site Location Information

     City or Town             : Medicina
     State or Province        : EMILIA-ROMAGNA
     Country                  : Italy
     Tectonic Plate           : EURASIAN
     Approximate Position (ITRF)
       X coordinate (m)       : 4461400.894
       Y coordinate (m)       : 919593.443
       Z coordinate (m)       : 4449504.669
       Latitude (N is +)      : +443111.64
       Longitude (E is +)     : +0113848.48
       Elevation (m,ellips.)  : 50.0
     Additional Information   : Near Bologna


3.   GNSS Receiver Information

3.1  Receiver Type            : ROGUE SNR-8100
     Satellite System         : GPS
     Serial Number            : 153
     Firmware Version         : 3.2.32.1
     Elevation Cutoff Setting : 15 deg
     Date Installed           : 1995-07-28T00:00Z
     Date Removed             : 2001-04-02T00:00Z
     Temperature Stabiliz.    : 20.0 +/-
     Additional Information   : 

3.2  Receiver Type            : TRIMBLE 4000SSI
     Satellite System         : GPS
     Serial Number            : 22774
     Firmware Version         : Nav 7.29 Sig 3.07
     Elevation Cutoff Setting : 5 deg
     Date Installed           : 2001-04-03T00:00Z
     Date Removed             : 2015-08-03T15:30Z
     Temperature Stabiliz.    : 20.0 +/-
     Additional Information   : 

3.3  Receiver Type            : TRIMBLE 4000SSI
     Satellite System         : GPS
     Serial Number            : 22774
     Firmware Version         : Nav 7.29 Sig 3.07
     Elevation Cutoff Setting : 0 deg
     Date Installed           : 2015-08-03T15:30Z
     Date Removed             : CCYY-MM-DDThh:mmZ
     Temperature Stabiliz.    : 
     Additional Information   : 

3.x  Receiver Type            : (A20, from rcvr_ant.tab; see instructions)
     Satellite System         : (GPS+GLO+GAL+BDS+QZSS+SBAS)
     Serial Number            : (A20, but note the first A5 is used in SINEX)
     Firmware Version         : (A11)
     Elevation Cutoff Setting : (deg)
     Date Installed           : (CCYY-MM-DDThh:mmZ)
     Date Removed             : (CCYY-MM-DDThh:mmZ)
     Temperature Stabiliz.    : (none or tolerance in degrees C)
     Additional Information   : (multiple lines)


4.   GNSS Antenna Information

4.1  Antenna Type             : AOAD/M_T        NONE
     Serial Number            : 450
     Antenna Reference Point  : BPA
     Marker->ARP Up Ecc. (m)  : 0.0000
     Marker->ARP North Ecc(m) : 0.0000
     Marker->ARP East Ecc(m)  : 0.0000
     Alignment from True N    : 0 deg
     Antenna Radome Type      : NONE
     Radome Serial Number     : 
     Antenna Cable Type       : Belden H1000
     Antenna Cable Length     : 100 m
     Date Installed           : 1995-07-28T00:00Z
     Date Removed             : 2001-04-02T00:00Z
     Additional Information   : 

4.2  Antenna Type             : TRM29659.00     NONE
     Serial Number            : 27655
     Antenna Reference Point  : BPA
     Marker->ARP Up Ecc. (m)  : 0.0000
     Marker->ARP North Ecc(m) : 0.0000
     Marker->ARP East Ecc(m)  : 0.0000
     Alignment from True N    : 0 deg
     Antenna Radome Type      : NONE
     Radome Serial Number     : 
     Antenna Cable Type       : Belden H1000
     Antenna Cable Length     : 100 m
     Date Installed           : 2001-04-03T00:00Z
     Date Removed             : CCYY-MM-DDThh:mmZ
     Additional Information   : During the week 23-27 March 2009 the antenna was
                              : deeply cleaned up from very heavy dirtiness,
                              : mainly due to birds droppings.

4.x  Antenna Type             : (A20, from rcvr_ant.tab; see instructions)
     Serial Number            : (A*, but note the first A5 is used in SINEX)
     Antenna Reference Point  : (BPA/BCR/XXX from "antenna.gra"; see instr.)
     Marker->ARP Up Ecc. (m)  : (F8.4)
     Marker->ARP North Ecc(m) : (F8.4)
     Marker->ARP East Ecc(m)  : (F8.4)
     Alignment from True N    : (deg; + is clockwise/east)
     Antenna Radome Type      : (A4 from rcvr_ant.tab; see instructions)
     Radome Serial Number     : 
     Antenna Cable Type       : (vendor & type number)
     Antenna Cable Length     : (m)
     Date Installed           : (CCYY-MM-DDThh:mmZ)
     Date Removed             : (CCYY-MM-DDThh:mmZ)
     Additional Information   : (multiple lines)


5.   Surveyed Local Ties

5.1  Tied Marker Name         : SLR (MARKER O)
     Tied Marker Usage        : Mobile SLR
     Tied Marker CDP Number   : 7546
     Tied Marker DOMES Number : 12711M002
     Differential Components from GNSS Marker to the tied monument (ITRS)
       dx (m)                 : -1.386
       dy (m)                 : -26.495
       dz (m)                 : 5.965
     Accuracy (mm)            : 1.5 mm
     Survey method            : TRIANGULATION
     Date Measured            : 1995-09-07T00:00Z
     Additional Information   : 

5.x  Tied Marker Name         : 
     Tied Marker Usage        : (SLR/VLBI/LOCAL CONTROL/FOOTPRINT/etc)
     Tied Marker CDP Number   : (A4)
     Tied Marker DOMES Number : (A9)
     Differential Components from GNSS Marker to the tied monument (ITRS)
       dx (m)                 : (m)
       dy (m)                 : (m)
       dz (m)                 : (m)
     Accuracy (mm)            : (mm)
     Survey method            : (GPS CAMPAIGN/TRILATERATION/TRIANGULATION/etc)
     Date Measured            : (CCYY-MM-DDThh:mmZ)
     Additional Information   : (multiple lines)


6.   Frequency Standard

6.1  Standard Type            : EXTERNAL H-MASER
       Input Frequency        : 5 MHz
       Effective Dates        : 1995-10-25/2003-06-17
       Notes                  : 

6.2  Standard Type            : INTERNAL
       Input Frequency        : 
       Effective Dates        : 2003-06-18/2003-07-17
       Notes                  : 

6.3  Standard Type            : EXTERNAL H-MASER
       Input Frequency        : 5 MHz
       Effective Dates        : 2003-07-18/2003-12-14
       Notes                  : 

6.4  Standard Type            : INTERNAL
       Input Frequency        : 
       Effective Dates        : 2003-12-16/2004-07-15
       Notes                  : 

6.5  Standard Type            : EXTERNAL H-MASER
       Input Frequency        : 5 MHz
       Effective Dates        : 2004-07-15/2006-08-21
       Notes                  : 

6.6  Standard Type            : INTERNAL
       Input Frequency        : 
       Effective Dates        : 2006-08-22/2006-11-21
       Notes                  : 

6.7  Standard Type            : EXTERNAL H-MASER
       Input Frequency        : 10 MHz
       Effective Dates        : 2006-11-21/2007-09-17
       Notes                  : 

6.8  Standard Type            : INTERNAL
       Input Frequency        : 
       Effective Dates        : 2007-09-17/2007-09-26
       Notes                  : 

6.9  Standard Type            : EXTERNAL H-MASER
       Input Frequency        : 10 MHz
       Effective Dates        : 2007-09-26/2009-04-15
       Notes                  : 

6.10 Standard Type            : INTERNAL
       Input Frequency        : 
       Effective Dates        : 2009-04-15/2009-04-20
       Notes                  : 

6.11 Standard Type            : EXTERNAL H-MASER
       Input Frequency        : 10 MHz
       Effective Dates        : 2009-04-20/2009-11-12
       Notes                  : 

6.12 Standard Type            : INTERNAL
       Input Frequency        : 
       Effective Dates        : 2009-11-12/2009-11-19
       Notes                  : 

6.13 Standard Type            : EXTERNAL H-MASER
       Input Frequency        : 10 MHz
       Effective Dates        : 2009-11-19/2010-02-09
       Notes                  : 

6.14 Standard Type            : INTERNAL
       Input Frequency        : 
       Effective Dates        : 2010-02-09/2010-02-18
       Notes                  : 

6.15 Standard Type            : EXTERNAL H-MASER
       Input Frequency        : 10 MHz
       Effective Dates        : 2010-02-18/2010-02-19
       Notes                  : 

6.16 Standard Type            : INTERNAL
       Input Frequency        : 
       Effective Dates        : 2010-02-19/2010-03-05
       Notes                  : 

6.17 Standard Type            : EXTERNAL H-MASER
       Input Frequency        : 10 MHz
       Effective Dates        : 2010-03-05/2013-03-14
       Notes                  : 

6.18 Standard Type            : INTERNAL
       Input Frequency        : 
       Effective Dates        : 2013-03-14/2013-06-07
       Notes                  : 

6.19 Standard Type            : EXTERNAL H-MASER
       Input Frequency        : 10 MHz
       Effective Dates        : 2013-06-07/CCYY-MM-DD
       Notes                  : 

6.x  Standard Type            : (INTERNAL or EXTERNAL H-MASER/CESIUM/etc)
       Input Frequency        : (if external)
       Effective Dates        : (CCYY-MM-DD/CCYY-MM-DD)
       Notes                  : (multiple lines)


7.   Collocation Information

7.1  Instrumentation Type     : SLR
       Status                 : MOBILE
       Effective Dates        : 1980-08-22/CCYY-MM-DD
       Notes                  : 

7.2  Instrumentation Type     : VLBI
       Status                 : PERMANENT
       Effective Dates        : 1984-02-18/CCYY-MM-DD
       Notes                  : 

7.x  Instrumentation Type     : (GPS/GLONASS/DORIS/PRARE/SLR/VLBI/TIME/etc)
       Status                 : (PERMANENT/MOBILE)
       Effective Dates        : (CCYY-MM-DD/CCYY-MM-DD)
       Notes                  : (multiple lines)


8.   Meteorological Instrumentation

8.1.x  Humidity Sensor Model  : 
       Manufacturer           : 
       Serial Number          : 
       Data Sampling Interval : (sec)
       Accuracy (% rel h)     : (% rel h)
       Aspiration             : (UNASPIRATED/NATURAL/FAN/etc)
       Height Diff to Ant     : (m)
       Calibration date       : (CCYY-MM-DD)
       Effective Dates        : (CCYY-MM-DD/CCYY-MM-DD)
       Notes                  : (multiple lines)

8.2.x  Pressure Sensor Model  : 
       Manufacturer           : 
       Serial Number          : 
       Data Sampling Interval : (sec)
       Accuracy               : (hPa)
       Height Diff to Ant     : (m)
       Calibration date       : (CCYY-MM-DD)
       Effective Dates        : (CCYY-MM-DD/CCYY-MM-DD)
       Notes                  : (multiple lines)

8.3.x  Temp. Sensor Model     : 
       Manufacturer           : 
       Serial Number          : 
       Data Sampling Interval : (sec)
       Accuracy               : (deg C)
       Aspiration             : (UNASPIRATED/NATURAL/FAN/etc)
       Height Diff to Ant     : (m)
       Calibration date       : (CCYY-MM-DD)
       Effective Dates        : (CCYY-MM-DD/CCYY-MM-DD)
       Notes                  : (multiple lines)

8.4.x  Water Vapor Radiometer : 
       Manufacturer           : 
       Serial Number          : 
       Distance to Antenna    : (m)
       Height Diff to Ant     : (m)
       Calibration date       : (CCYY-MM-DD)
       Effective Dates        : (CCYY-MM-DD/CCYY-MM-DD)
       Notes                  : (multiple lines)

8.5.x  Other Instrumentation  : (multiple lines)


9.   Local Ongoing Conditions Possibly Affecting Computed Position

9.1.x  Radio Interferences    : (TV/CELL PHONE ANTENNA/RADAR/etc)
       Observed Degradations  : (SN RATIO/DATA GAPS/etc)
       Effective Dates        : (CCYY-MM-DD/CCYY-MM-DD)
       Additional Information : (multiple lines)

9.2.x  Multipath Sources      : (METAL ROOF/DOME/VLBI ANTENNA/etc)
       Effective Dates        : (CCYY-MM-DD/CCYY-MM-DD)
       Additional Information : (multiple lines)

9.3.x  Signal Obstructions    : (TREES/BUILDINGS/etc)
       Effective Dates        : (CCYY-MM-DD/CCYY-MM-DD)
       Additional Information : (multiple lines)


10.  Local Episodic Effects Possibly Affecting Data Quality

10.x Date                     : (CCYY-MM-DD/CCYY-MM-DD)
     Event                    : (TREE CLEARING/CONSTRUCTION/etc)

11.  On-Site, Point of Contact Agency Information

     Agency                   : e-geos S.p.A. - una societ? ASI/Telespazio
     Preferred Abbreviation   : TPZ
     Mailing Address          : P.O.BOX OPEN - 75100 Matera, ITALY
     Primary Contact
       Contact Name           : G. Colucci
       Telephone (primary)    : ++39.0835.377574
       Telephone (secondary)  : 
       Fax                    : 
       E-mail                 : giuseppe.colucci@e-geos.it
     Secondary Contact
       Contact Name           : R. Faccia, F. Ambrico
       Telephone (primary)    : ++39.0835.377541
       Telephone (secondary)  : 
       Fax                    : 
       E-mail                 : gpsgeo@hp835.mt.asi.it
     Additional Information   : 


12.  Responsible Agency (if different from 11.)

     Agency                   : Agenzia Spaziale Italiana
     Preferred Abbreviation   : ASI
     Mailing Address          : P.O.BOX OPEN - 75100 Matera, ITALY
     Primary Contact
       Contact Name           : Dott. Giuseppe Bianco
       Telephone (primary)    : ++39.0835.377509
       Telephone (secondary)  : 
       Fax                    : ++39.0835.339005
       E-mail                 : giuseppe.bianco@asi.it
     Secondary Contact
       Contact Name           : 
       Telephone (primary)    : 
       Telephone (secondary)  : 
       Fax                    : 
       E-mail                 : 
     Additional Information   : 

13.  More Information

     Primary Data Center      : ASI
     Secondary Data Center    : BKG
     URL for More Information : 
     Hardcopy on File
       Site Map               : 
       Site Diagram           : 
       Horizon Mask           : 
       Monument Description   : 
       Site Pictures          : 
     Additional Information   : Survey of site
     Antenna Graphics with Dimensions

TURBOROGUE: DORNE MARGOLIN T
(Allen Osborne Associates, Inc. mod. 7490400-4)
(July 9, 1996 - ...)

                         -----
                     /     +     \                        <-- 0.128 L2
                    |      +      |                       <-- 0.110 L1
  +--------------------------------------------------+    <-- 0.102 TCR
  |                                                  |
  |                                                  |
  |                                                  |
  |                                                  |
  |                                                  |
  +-----------------+-------------+------------------+    <-- 0.035 BCR
                    |             |
                    |             |
                    +------x------+                       <-- 0.000 ARP

ARP: Antenna Reference Point
L1 : L1 Phase Center                   L2 : L2 Phase Center
TCR: Top of Chokering                  BCR: Bottom of Chokering

++++++++++++++++++++++++++++++++++++++++++++++++++++++++++++++++++++++++

TRM29659.00
Trimble L1/L2 Dorne Margolin element with chokerings Model 29659.00

                         -----
                     /     +     \                        <-- 0.1280 L2
                    |      +      |                       <-- 0.1100 L1
  +--------------------------------------------------+    <-- 0.1020 TCR
  |                                                  |
  |                                                  |
  |                                                  |
  |                                                  |
 +----------------------------------------------------+   <-- 0.0380
 +------------------+-------------+-------------------+   <-- 0.0350 BCR
                    |             |
                    |             |
                    +------x------+                       <-- 0.0000 BPA

ARP: Antenna Reference Point

