     MEDO Site Information Form (site log)
     International GNSS Service
     See Instructions at:
       ftp://igscb.jpl.nasa.gov/pub/station/general/sitelog_instr.txt

0.   Form

     Prepared by (full name)  : Ryan Ruddick
     Date Prepared            : 2015-05-04
     Report Type              : Update
     If Update:
      Previous Site Log       : medo_20131209.log
      Modified/Added Sections : 3.1,3.2,12


1.   Site Identification of the GNSS Monument

     Site Name                : Meadow
     Four Character ID        : MEDO
     Monument Inscription     : 
     IERS DOMES Number        : 59919M001
     CDP Number               : N/A
     Monument Description     : PILLAR
       Height of the Monument : 1.5 m
       Monument Foundation    : STEEL RODS / CONCRETE BLOCK
       Foundation Depth       : (m)
     Marker Description       : STAINLESS STEEL THREADED SPIGOT
     Date Installed           : 2013-05-31T00:00Z
     Geologic Characteristic  : BEDROCK
       Bedrock Type           : SEDIMENTARY
       Bedrock Condition      : JOINTED
       Fracture Spacing       : 51-200 cm
       Fault zones nearby     : (YES/NO/Name of the zone)
         Distance/activity    : (multiple lines)
     Additional Information   : (multiple lines)


2.   Site Location Information

     City or Town             : Meadow Station
     State or Province        : WA
     Country                  : Australia
     Tectonic Plate           : Australian
     Approximate Position (ITRF)
       X coordinate (m)       : -2373305.488
       Y coordinate (m)       : 5181466.156
       Z coordinate (m)       : -2854287.404
       Latitude (N is +)      : -264526.59726
       Longitude (E is +)     : +1143634.39031
       Elevation (m,ellips.)  : 109.819
     Additional Information   : (multiple lines)


3.   GNSS Receiver Information

3.1  Receiver Type            : LEICA GRX1200+GNSS
     Satellite System         : GPS+GLO+GAL
     Serial Number            : 496002
     Firmware Version         : 8.51/6.110
     Elevation Cutoff Setting : 0
     Date Installed           : 2013-06-20T00:00Z
     Date Removed             : 2015-05-04T00:00Z
     Temperature Stabiliz.    : (none or tolerance in degrees C)
     Additional Information   : (multiple lines)

3.2  Receiver Type            : LEICA GRX1200+GNSS
     Satellite System         : GPS+GLO+GAL
     Serial Number            : 496002
     Firmware Version         : 8.71/6.112
     Elevation Cutoff Setting : 0
     Date Installed           : 2015-05-04T00:00Z
     Date Removed             : (CCYY-MM-DDThh:mmZ)
     Temperature Stabiliz.    : (none or tolerance in degrees C)
     Additional Information   : (multiple lines)

3.x  Receiver Type            : (A20, from rcvr_ant.tab; see instructions)
     Satellite System         : (GPS+GLO+GAL+BDS+QZSS+SBAS)
     Serial Number            : (A20, but note the first A5 is used in SINEX)
     Firmware Version         : (A11)
     Elevation Cutoff Setting : (deg)
     Date Installed           : (CCYY-MM-DDThh:mmZ)
     Date Removed             : (CCYY-MM-DDThh:mmZ)
     Temperature Stabiliz.    : (none or tolerance in degrees C)
     Additional Information   : (multiple lines)


4.   GNSS Antenna Information

4.1  Antenna Type             : LEIAR25.R3      LEIT
     Serial Number            : 10150007
     Antenna Reference Point  : BPA
     Marker->ARP Up Ecc. (m)  : 000.0000
     Marker->ARP North Ecc(m) : 000.0000
     Marker->ARP East Ecc(m)  : 000.0000
     Alignment from True N    : 0
     Antenna Radome Type      : LEIT
     Radome Serial Number     : 
     Antenna Cable Type       : CNT 400
     Antenna Cable Length     : 24 m
     Date Installed           : 2013-06-20T00:00Z
     Date Removed             : 2013-11-04T07:00Z
     Additional Information   : (multiple lines)

4.2  Antenna Type             : LEIAR25.R3      NONE
     Serial Number            : 10150007
     Antenna Reference Point  : BPA
     Marker->ARP Up Ecc. (m)  : 000.0000
     Marker->ARP North Ecc(m) : 000.0000
     Marker->ARP East Ecc(m)  : 000.0000
     Alignment from True N    : 0
     Antenna Radome Type      : NONE
     Radome Serial Number     : 
     Antenna Cable Type       : CNT 400
     Antenna Cable Length     : 24 m
     Date Installed           : 2013-11-04T07:00Z
     Date Removed             : 2013-11-04T09:53Z
     Additional Information   : (multiple lines)

4.3  Antenna Type             : LEIAR25.R3      LEIT
     Serial Number            : 10150007
     Antenna Reference Point  : BPA
     Marker->ARP Up Ecc. (m)  : 000.0000
     Marker->ARP North Ecc(m) : 000.0000
     Marker->ARP East Ecc(m)  : 000.0000
     Alignment from True N    : 0
     Antenna Radome Type      : LEIT
     Radome Serial Number     : 
     Antenna Cable Type       : CNT 400
     Antenna Cable Length     : 24 m
     Date Installed           : 2013-11-04T09:53Z
     Date Removed             : (CCYY-MM-DDThh:mmZ)
     Additional Information   : (multiple lines)

4.x  Antenna Type             : (A20, from rcvr_ant.tab; see instructions)
     Serial Number            : (A*, but note the first A5 is used in SINEX)
     Antenna Reference Point  : (BPA/BCR/XXX from "antenna.gra"; see instr.)
     Marker->ARP Up Ecc. (m)  : (F8.4)
     Marker->ARP North Ecc(m) : (F8.4)
     Marker->ARP East Ecc(m)  : (F8.4)
     Alignment from True N    : (deg; + is clockwise/east)
     Antenna Radome Type      : (A4 from rcvr_ant.tab; see instructions)
     Radome Serial Number     : 
     Antenna Cable Type       : (vendor & type number)
     Antenna Cable Length     : (m)
     Date Installed           : (CCYY-MM-DDThh:mmZ)
     Date Removed             : (CCYY-MM-DDThh:mmZ)
     Additional Information   : (multiple lines)

5.   Surveyed Local Ties

5.x  Tied Marker Name         : 
     Tied Marker Usage        : (SLR/VLBI/LOCAL CONTROL/FOOTPRINT/etc)
     Tied Marker CDP Number   : (A4)
     Tied Marker DOMES Number : (A9)
     Differential Components from GNSS Marker to the tied monument (ITRS)
       dx (m)                 : (m)
       dy (m)                 : (m)
       dz (m)                 : (m)
     Accuracy (mm)            : (mm)
     Survey method            : (GPS CAMPAIGN/TRILATERATION/TRIANGULATION/etc)
     Date Measured            : (CCYY-MM-DDThh:mmZ)
     Additional Information   : (multiple lines)


6.   Frequency Standard

6.1  Standard Type            : (INTERNAL or EXTERNAL H-MASER/CESIUM/etc)
       Input Frequency        : (if external)
       Effective Dates        : (CCYY-MM-DD/CCYY-MM-DD)
       Notes                  : (multiple lines)

6.x  Standard Type            : (INTERNAL or EXTERNAL H-MASER/CESIUM/etc)
       Input Frequency        : (if external)
       Effective Dates        : (CCYY-MM-DD/CCYY-MM-DD)
       Notes                  : (multiple lines)


7.   Collocation Information

7.1  Instrumentation Type     : (GPS/GLONASS/DORIS/PRARE/SLR/VLBI/TIME/etc)
       Status                 : (PERMANENT/MOBILE)
       Effective Dates        : (CCYY-MM-DD/CCYY-MM-DD)
       Notes                  : (multiple lines)

7.x  Instrumentation Type     : (GPS/GLONASS/DORIS/PRARE/SLR/VLBI/TIME/etc)
       Status                 : (PERMANENT/MOBILE)
       Effective Dates        : (CCYY-MM-DD/CCYY-MM-DD)
       Notes                  : (multiple lines)


8.   Meteorological Instrumentation

8.1.1 Humidity Sensor Model   : PAROSCIENTIFIC MET4
       Manufacturer           : PAROSCIENTIFIC
       Serial Number          : DQ125438
       Data Sampling Interval : 30 (sec)
       Accuracy (% rel h)     : 2.0 (% rel h)
       Aspiration             : UNASPIRATED
       Height Diff to Ant     : 0.0 (m)
       Calibration date       : (CCYY-MM-DD)
       Effective Dates        : 2013-06-20/(CCYY-MM-DD)
       Notes                  : (multiple lines)

8.1.x Humidity Sensor Model   : 
       Manufacturer           : 
       Serial Number          : 
       Data Sampling Interval : (sec)
       Accuracy (% rel h)     : (% rel h)
       Aspiration             : (UNASPIRATED/NATURAL/FAN/etc)
       Height Diff to Ant     : (m)
       Calibration date       : (CCYY-MM-DD)
       Effective Dates        : (CCYY-MM-DD/CCYY-MM-DD)
       Notes                  : (multiple lines)

8.2.1 Pressure Sensor Model   : PAROSCIENTIFIC MET4
       Manufacturer           : PAROSCIENTIFIC
       Serial Number          : DQ125438
       Data Sampling Interval : 30 (sec)
       Accuracy               : 0.08 (hPa)
       Height Diff to Ant     : 0.0 (m)
       Calibration date       : (CCYY-MM-DD)
       Effective Dates        : 2013-06-20/(CCYY-MM-DD)
       Notes                  : (multiple lines)

8.2.x Pressure Sensor Model   : 
       Manufacturer           : 
       Serial Number          : 
       Data Sampling Interval : (sec)
       Accuracy               : (hPa)
       Height Diff to Ant     : (m)
       Calibration date       : (CCYY-MM-DD)
       Effective Dates        : (CCYY-MM-DD/CCYY-MM-DD)
       Notes                  : (multiple lines)

8.3.1 Temp. Sensor Model      : PAROSCIENTIFIC MET4
       Manufacturer           : PAROSCIENTIFIC
       Serial Number          : DQ125438
       Data Sampling Interval : 30 (sec)
       Accuracy               : 0.5 (deg C)
       Aspiration             : UNASPIRATED
       Height Diff to Ant     : 0.0 (m)
       Calibration date       : (CCYY-MM-DD)
       Effective Dates        : 2013-06-20/(CCYY-MM-DD)
       Notes                  : (multiple lines)

8.3.x Temp. Sensor Model      : 
       Manufacturer           : 
       Serial Number          : 
       Data Sampling Interval : (sec)
       Accuracy               : (deg C)
       Aspiration             : (UNASPIRATED/NATURAL/FAN/etc)
       Height Diff to Ant     : (m)
       Calibration date       : (CCYY-MM-DD)
       Effective Dates        : (CCYY-MM-DD/CCYY-MM-DD)
       Notes                  : (multiple lines)

8.4.1 Water Vapor Radiometer  : 
       Manufacturer           : 
       Serial Number          : 
       Distance to Antenna    : (m)
       Height Diff to Ant     : (m)
       Calibration date       : (CCYY-MM-DD)
       Effective Dates        : (CCYY-MM-DD/CCYY-MM-DD)
       Notes                  : (multiple lines)

8.4.x Water Vapor Radiometer  : 
       Manufacturer           : 
       Serial Number          : 
       Distance to Antenna    : (m)
       Height Diff to Ant     : (m)
       Calibration date       : (CCYY-MM-DD)
       Effective Dates        : (CCYY-MM-DD/CCYY-MM-DD)
       Notes                  : (multiple lines)

8.5.1 Other Instrumentation   : (multiple lines)

8.5.x Other Instrumentation   : (multiple lines)


9.  Local Ongoing Conditions Possibly Affecting Computed Position

9.1.1 Radio Interferences     : (TV/CELL PHONE ANTENNA/RADAR/etc)
       Observed Degradations  : (SN RATIO/DATA GAPS/etc)
       Effective Dates        : (CCYY-MM-DD/CCYY-MM-DD)
       Additional Information : (multiple lines)

9.1.x Radio Interferences     : (TV/CELL PHONE ANTENNA/RADAR/etc)
       Observed Degradations  : (SN RATIO/DATA GAPS/etc)
       Effective Dates        : (CCYY-MM-DD/CCYY-MM-DD)
       Additional Information : (multiple lines)

9.2.1 Multipath Sources       : (METAL ROOF/DOME/VLBI ANTENNA/etc)
       Effective Dates        : (CCYY-MM-DD/CCYY-MM-DD)
       Additional Information : (multiple lines)

9.2.x Multipath Sources       : (METAL ROOF/DOME/VLBI ANTENNA/etc)
       Effective Dates        : (CCYY-MM-DD/CCYY-MM-DD)
       Additional Information : (multiple lines)

9.3.1 Signal Obstructions     : (TREES/BUILDLINGS/etc)
       Effective Dates        : (CCYY-MM-DD/CCYY-MM-DD)
       Additional Information : (multiple lines)

9.3.x Signal Obstructions     : (TREES/BUILDLINGS/etc)
       Effective Dates        : (CCYY-MM-DD/CCYY-MM-DD)
       Additional Information : (multiple lines)

10.  Local Episodic Effects Possibly Affecting Data Quality

10.1 Date                     : (CCYY-MM-DD/CCYY-MM-DD)
     Event                    : (TREE CLEARING/CONSTRUCTION/etc)

10.x Date                     : (CCYY-MM-DD/CCYY-MM-DD)
     Event                    : (TREE CLEARING/CONSTRUCTION/etc)

11.   On-Site, Point of Contact Agency Information

     Agency                   : Landgate
     Preferred Abbreviation   : Landgate
     Mailing Address          :  
     Primary Contact
       Contact Name           : Lindsay Schuiling
       Telephone (primary)    : 0407 229 834
       Telephone (secondary)  : 08 9273 7115
       Fax                    : 
       E-mail                 : Lindsay.schuiling@landgate.wa.gov.au
       Additional Information :
     Secondary Contact
       Contact Name           : Doug Hardman
       Telephone (primary)    : 0429 958 194
       Telephone (secondary)  : 08 9273 7117
       Fax                    : 
       E-mail                 : Doug.hardman@landgate.wa.gov.au
     Additional Information   : (multiple lines)


12.  Responsible Agency (if different from 11.)

     Agency                   : Geoscience Australia
     Preferred Abbreviation   : GA
     Mailing Address          : Geoscience Australia
                              : GPO Box 378
                              : Canberra ACT 2601
                              : AUSTRALIA
     Primary Contact
       Contact Name           : Ryan Ruddick 
       Telephone (primary)    : +61 2 6249 9426
       Telephone (secondary)  : 
       Fax                    : 
       E-mail                 : geodesy@ga.gov.au
     Secondary Contact
       Contact Name           : Nicholas Brown
       Telephone (primary)    : +61 2 6249 9426
       Telephone (secondary)  : 
       Fax                    : 
       E-mail                 : geodesy@ga.gov.au
     Additional Information   : (multiple lines)


13.  More Information

     Primary Data Center      : GA (ftp.ga.gov.au) 
     Secondary Data Center    : N/A
     URL for More Information : 
     Hardcopy on File
       Site Map               : (Y or URL)
       Site Diagram           : (Y or URL)
       Horizon Mask           : (Y or URL)
       Monument Description   : (Y or URL)
       Site Pictures          : (Y or URL)
     Additional Information   : (multiple lines)
     Antenna Graphics with Dimensions

     (insert text graphic from file antenna.gra)

LEIAR25.R3
LEIAR25.R4

                       +-------+                          <--  0.1995
                      /         \
                +---+-------------+---+                   <--  0.1606  TCR
                |                     |
             |---------------------------|
          |---------------------------------|
       |---------------------------------------|
    +---------------------------------------------+
    |                                             |
    |                                             |
  +-+---------------------------------------------+-+
  +-----------------+-------------+-----------------+     <--  0.0320  BCR
                    |             |
                    |             |
                    +------x------+                       <--  0.0000  BPA=ARP
                                                              (5/8" thread might
                                                               differ from BPA!)
  <--                    0.3802                   -->


