     MENA Site Information Form (site log)
     International GNSS Service
     See Instructions at:
       ftp://igscb.jpl.nasa.gov/pub/station/general/sitelog_instr.txt

0.   Form

     Prepared by (full name)  : Volker Janssen
     Date Prepared            : 2014-07-28
     Report Type              : UPDATE
     If Update:
      Previous Site Log       : mena_20140507.log
      Modified/Added Sections : 3.5,3.6


1.   Site Identification of the GNSS Monument

     Site Name                : Menangle
     Four Character ID        : MENA 
     Monument Inscription     : 
     APREF DOMES Number       : AUM000158 
     CDP Number               : 
     Monument Description     : GALVANISED STEEL POLE
       Height of the Monument : 
       Monument Foundation    : CONCRETED IN GROUND
       Foundation Depth       : 
     Marker Description       : STAINLESS STEEL PLATE, THREADED SPIGOT
     Date Installed           : 2005-08-15T00:00Z
     Geologic Characteristic  : 
       Bedrock Type           : 
       Bedrock Condition      : 
       Fracture Spacing       : 
       Fault zones nearby     : 
         Distance/activity    : 
     Additional Information   : TS 12043 (SCIMS Number)


2.   Site Location Information

     City or Town             : Menangle
     State or Province        : New South Wales
     Country                  : Australia
     Tectonic Plate           : AUSTRALIAN
     Approximate Position (ITRF)
       X coordinate (m)       : -4611310.097
       Y coordinate (m)       : 2583118.291
       Z coordinate (m)       : -3558096.591
       Latitude (N is +)      : -340733.95992
       Longitude (E is +)     : +1504437.50900
       Elevation (m,ellips.)  : 111.438
     Additional Information   : GDA94 coordinates (Reg 13)
                              

3.  GNSS Receiver Information

3.1  Receiver Type            : LEICA GRX1200GGPRO
     Satellite System         : GPS+GLO
     Serial Number            : 356048
     Firmware Version         : 6.00/3.017
     Elevation Cutoff Setting : 0 deg
     Date Installed           : 2005-08-15T00:00Z
     Date Removed             : 2011-03-14T23:20Z
     Temperature Stabiliz.    : none
     Additional Information   : 

3.2  Receiver Type            : LEICA GRX1200GGPRO
     Satellite System         : GPS+GLO
     Serial Number            : 356048
     Firmware Version         : 8.10/3.019
     Elevation Cutoff Setting : 0 deg
     Date Installed           : 2011-03-14T23:20Z
     Date Removed             : 2012-02-02T02:30Z
     Temperature Stabiliz.    : none
     Additional Information   : 

3.3  Receiver Type            : LEICA GRX1200GGPRO
     Satellite System         : GPS+GLO
     Serial Number            : 356048
     Firmware Version         : 8.50/3.019
     Elevation Cutoff Setting : 0 deg
     Date Installed           : 2012-02-02T02:30Z
     Date Removed             : 2013-01-18T01:22Z
     Temperature Stabiliz.    : none
     Additional Information   : 

3.4  Receiver Type            : LEICA GRX1200GGPRO
     Satellite System         : GPS+GLO
     Serial Number            : 351935
     Firmware Version         : 8.51/3.019
     Elevation Cutoff Setting : 0 deg
     Date Installed           : 2013-01-18T01:22Z
     Date Removed             : 2014-05-06T07:10Z
     Temperature Stabiliz.    : none
     Additional Information   : 

3.5  Receiver Type            : LEICA GRX1200GGPRO
     Satellite System         : GPS+GLO
     Serial Number            : 351935
     Firmware Version         : 8.71/3.822
     Elevation Cutoff Setting : 0 deg
     Date Installed           : 2014-05-06T07:10Z
     Date Removed             : 2014-07-25T03:05Z
     Temperature Stabiliz.    : none
     Additional Information   : 

3.6  Receiver Type            : LEICA GRX1200GGPRO
     Satellite System         : GPS+GLO
     Serial Number            : 351935
     Firmware Version         : 8.71/3.823
     Elevation Cutoff Setting : 0 deg
     Date Installed           : 2014-07-25T03:05Z
     Date Removed             : (CCYY-MM-DDThh:mmZ)
     Temperature Stabiliz.    : none
     Additional Information   : 

3.x  Receiver Type            : (A20, from rcvr_ant.tab; see instructions)
     Satellite System         : (GPS+GLO+GAL+BDS+QZSS+SBAS)
     Serial Number            : (A5)
     Firmware Version         : (A11)
     Elevation Cutoff Setting : (deg)
     Date Installed           : (CCYY-MM-DDThh:mmZ)
     Date Removed             : (CCYY-MM-DDThh:mmZ)
     Temperature Stabiliz.    : (none or tolerance in degrees C)
     Additional Information   : (multiple lines)


4.  GNSS Antenna Information

4.1  Antenna Type             : ASH701945E_M    SCIS
     Serial Number            : CR6200323021
     Antenna Reference Point  : BPA
     Marker->ARP Up Ecc. (m)  : 000.0000
     Marker->ARP North Ecc(m) : 000.0000
     Marker->ARP East Ecc(m)  : 000.0000
     Alignment from True N    : unknown
     Antenna Radome Type      : SCIS
     Radome Serial Number     : 
     Antenna Cable Type       : LMR400 / LMA400
     Antenna Cable Length     : 7.0 m / 3.0 m
     Date Installed           : 2005-08-15T00:00Z
     Date Removed             : (CCYY-MM-DDThh:mmZ)
     Additional Information   : Surge Protection (Polyphaser DGXZ+15NFNF-A)
                              : installed at receiver end.

4.x  Antenna Type             : (A20, from rcvr_ant.tab; see instructions)
     Serial Number            : (A*, but note the first A5 is used in SINEX)
     Antenna Reference Point  : (BPA/BCR/XXX from "antenna.gra"; see instr.)
     Marker->ARP Up Ecc. (m)  : (F8.4)
     Marker->ARP North Ecc(m) : (F8.4)
     Marker->ARP East Ecc(m)  : (F8.4)
     Alignment from True N    : (deg; + is clockwise/east)
     Antenna Radome Type      : (A4 from rcvr_ant.tab; see instructions)
     Radome Serial Number     : 
     Antenna Cable Type       : (vendor & type number)
     Antenna Cable Length     : (m)
     Date Installed           : (CCYY-MM-DDThh:mmZ)
     Date Removed             : (CCYY-MM-DDThh:mmZ)
     Additional Information   : (multiple lines)


5.  Surveyed Local Ties

5.x  Tied Marker Name         : 
     Tied Marker Usage        : (SLR/VLBI/LOCAL CONTROL/FOOTPRINT/etc)
     Tied Marker CDP Number   : (A4)
     Tied Marker DOMES Number : (A9)
     Differential Components from GNSS Marker to the tied monument (ITRS)
       dx (m)                 : 
       dy (m)                 : 
       dz (m)                 : 
     Accuracy (mm)            : (mm)
     Survey method            : (GPS CAMPAIGN/TRILATERATION/TRIANGULATION/etc)
     Date Measured            : (CCYY-MM-DDThh:mmZ)
     Additional Information   : (multiple lines)


6.   Frequency Standard

6.1  Standard Type            : INTERNAL
       Input Frequency        : 
       Effective Dates        : 
       Notes                  : 

6.x  Standard Type            : (INTERNAL or EXTERNAL H-MASER/CESIUM/etc)
       Input Frequency        : (if external)
       Effective Dates        : (CCYY-MM-DD/CCYY-MM-DD)
       Notes                  : (multiple lines)


7.   Collocation Information

7.x  Instrumentation Type     : (GPS/GLONASS/DORIS/PRARE/SLR/VLBI/TIME/etc)
       Status                 : (PERMANENT/MOBILE)
       Effective Dates        : (CCYY-MM-DD/CCYY-MM-DD)
       Notes                  : (multiple lines)


8.   Meteorological Instrumentation

8.1.x  Humidity Sensor Model  : 
       Manufacturer           : 
       Serial Number          : 
       Data Sampling Interval : (sec)
       Accuracy (% rel h)     : (% rel h)
       Aspiration             : (UNASPIRATED/NATURAL/FAN/etc)
       Height Diff to Ant     : (m)
       Calibration date       : (CCYY-MM-DD)
       Effective Dates        : (CCYY-MM-DD/CCYY-MM-DD)
       Notes                  : (multiple lines)

8.2.x  Pressure Sensor Model  : 
       Manufacturer           : 
       Serial Number          : 
       Data Sampling Interval : (sec)
       Accuracy               : (hPa)
       Height Diff to Ant     : (m)
       Calibration date       : (CCYY-MM-DD)
       Effective Dates        : (CCYY-MM-DD/CCYY-MM-DD)
       Notes                  : (multiple lines)

8.3.x  Temp. Sensor Model     : 
       Manufacturer           : 
       Serial Number          : 
       Data Sampling Interval : (sec)
       Accuracy               : (deg C)
       Aspiration             : (UNASPIRATED/NATURAL/FAN/etc)
       Height Diff to Ant     : (m)
       Calibration date       : (CCYY-MM-DD)
       Effective Dates        : (CCYY-MM-DD/CCYY-MM-DD)
       Notes                  : (multiple lines)

8.4.x  Water Vapor Radiometer : 
       Manufacturer           : 
       Serial Number          : 
       Distance to Antenna    : (m)
       Height Diff to Ant     : (m)
       Calibration date       : (CCYY-MM-DD)
       Effective Dates        : (CCYY-MM-DD/CCYY-MM-DD)
       Notes                  : (multiple lines)

8.5.x  Other Instrumentation  : (multiple lines)


9.  Local Ongoing Conditions Possibly Affecting Computed Position

9.1.x  Radio Interferences    : (TV/CELL PHONE ANTENNA/RADAR/etc)
       Observed Degredations  : (SN RATIO/DATA GAPS/etc)
       Effective Dates        : (CCYY-MM-DD/CCYY-MM-DD)
       Additional Information : (multiple lines)

9.2.x  Multipath Sources      : (METAL ROOF/DOME/VLBI ANTENNA/etc)
       Effective Dates        : (CCYY-MM-DD/CCYY-MM-DD)
       Additional Information : (multiple lines)

9.3.x  Signal Obstructions    : (TREES/BUILDINGS/etc)
       Effective Dates        : (CCYY-MM-DD/CCYY-MM-DD)
       Additional Information : (multiple lines)


10.   Local Episodic Effects Possibly Affecting Data Quality

10.x Date                     : (CCYY-MM-DD/CCYY-MM-DD)
     Event                    : (TREE CLEARING/CONSTRUCTION/etc)


11.  On-Site, Point of Contact Agency Information

     Agency                   : NSW Land and Property Information
     Preferred Abbreviation   : LPI
     Mailing Address          : 346 Panorama Avenue
                              : Bathurst NSW 2795
                              : AUSTRALIA
     Primary Contact
       Contact Name           : Simon McElroy
       Telephone (primary)    : +61 2 6332 8300
       Telephone (secondary)  : 
       Fax                    : 
       E-mail                 : Simon.McElroy@lpi.nsw.gov.au
     Secondary Contact
       Contact Name           : Thomas Yan
       Telephone (primary)    : +61 2 6332 8389
       Telephone (secondary)  : 
       Fax                    : 
       E-mail                 : Thomas.Yan@lpi.nsw.gov.au
     Additional Information   : (multiple lines)


12.  Responsible Agency (if different from 11.)

     Agency                   : 
     Preferred Abbreviation   : 
     Mailing Address          : 
     Primary Contact
       Contact Name           : 
       Telephone (primary)    : 
       Telephone (secondary)  : 
       Fax                    : 
       E-mail                 : 
     Secondary Contact
       Contact Name           : 
       Telephone (primary)    : 
       Telephone (secondary)  : 
       Fax                    : 
       E-mail                 : 
     Additional Information   : (multiple lines)


13.  More Information

     Primary Data Center      : CORSnet-NSW (http://www.corsnet.com.au)
     Secondary Data Center    : GA (ftp.ga.gov.au) 
     URL for More Information : http://www.corsnet.com.au
       Hardcopy on File
       Site Map               : (Y or URL)
       Site Diagram           : (Y or URL)
       Horizon Mask           : (Y or URL)
       Monument Description   : (Y or URL)
       Site Pictures          : (Y or URL)
     Additional Information   : (multiple lines)
     Antenna Graphics with Dimensions
     ARP: Antenna Reference Point
     BCR: bottom of chokering
     BPA: bottom of preamplifier
     TCR: top of chokering
     
     ASH701945E_M

                        +-------+
                      /           \
                     |             |
   +-----------------+-------------+-----------------+     <--  0.1006  TCR
   |                                                 |
   |                                                 |
   |                                                 |
   |                                                 |
 +-+-------------------------------------------------+-+   <--  0.0376
 +-------------------+-------------+-------------------+   <--  0.0346  BCR
                     |             |
                     |             |
                     +------x------+                       <--  0.0000  BPA=ARP

 <--                      0.3794                     -->
