     MFTC Site Information Form (site log)
     International GPS Service
     See Instructions at:
       ftp://igscb.jpl.nasa.gov/pub/station/general/sitelog_instr.txt

0.   Form

     Prepared by (full name)  : David Maggert
     Date Prepared            : 2009-06-11
     Report Type              : UPDATE
     If Update:
      Previous Site Log       : mftc_20080422
      Modified/Added Sections : 3.1, 3.2, 4.1, 4.2


1.   Site Identification of the GNSS Monument

     Site Name                : Marshall Field Tri-pillar Center
     Four Character ID        : MFTC
     Monument Inscription     : 
     IERS DOMES Number        : 
     CDP Number               : 
     Monument Description     : Triangular pillar 
       Height of the Monument :  0 m
       Monument Foundation    : Triangular pillar
       Foundation Depth       :  3.048 m
     Marker Description       : SCIGN Mount Mark
     Date Installed           : 2007-12-16
     Geologic Characteristic  : CLAY/CONGLOMERATE
       Bedrock Type           : N/A
       Bedrock Condition      : 
       Fracture Spacing       : 
       Fault zones nearby     : NO
         Distance/activity    : 
     Additional Information   : 

2.   Site Location Information

     City or Town             : Boulder
     State or Province        : Colorado
     Country                  : USA
     Tectonic Plate           : North America
     Approximate Position (ITRF)
       X coordinate (m)       : -1283635.2610
       Y coordinate (m)       : -4726437.6561
       Z coordinate (m)       : 4074776.1638
       Latitude (N is +)      : +395657.4008 N
       Longitude (E is +)     : -1051139.4008 W
       Elevation (m,ellips.)  : 1728.0000
     Additional Information   : 

3.  GNSS Receiver Information

3.1  Receiver Type            : ASHTECH UZ-12
     Satellite System         : GPS
     Serial Number            : IR2200716012
     Firmware Version         : CQ00
     Elevation Cutoff Setting : 0 deg
     Date Installed           : 2007-04-23:00:00Z
     Date Removed             : 2009-06-10:17:57Z
     Temperature Stabiliz.    : none
     Additional Information   : 15 second sample rate

3.2  Receiver Type            : TRIMBLE NETRS
     Satellite System         : GPS
     Serial Number            : 4644124564
     Firmware Version         : 1.1-5
     Elevation Cutoff Setting : 0 deg
     Date Installed           : 2009-06-10:17:57Z
     Date Removed             : (CCYY-MM-DDThh:mmZ)
     Temperature Stabiliz.    : none
     Additional Information   : 30 second sample rate


3.x  Receiver Type            : (A20, from rcvr_ant.tab; see instructions)
     Satellite System         : (GPS+GLO+GAL+BDS+QZSS+SBAS)
     Serial Number            : (A5)
     Firmware Version         : (A11)
     Elevation Cutoff Setting : (deg)
     Date Installed           : (CCYY-MM-DDThh:mmZ)
     Date Removed             : (CCYY-MM-DDThh:mmZ)
     Temperature Stabiliz.    : (none or tolerance in degrees C)
     Additional Information   : (multiple lines)

4.   GNSS Antenna Information

4.1  Antenna Type             : ASH701945E_M
     Serial Number            : CR6200548004
     Antenna Reference Point  : BPA
     Marker->ARP Up Ecc. (m)  : .08 m
     Marker->ARP North Ecc(m) :
     Marker->ARP East Ecc(m)  :
     Alignment from True N    : 0 deg
     Antenna Radome Type      : NONE
     Radome Serial Number     : N/A
     Antenna Cable Type       : LMR 400
     Antenna Cable Length     : 12.5 m
     Date Installed           : 2007-04-23T00:00Z
     Date Removed             : 2009-06-10T17:57Z
     Additional Information   : (multiple lines)

4.2  Antenna Type             : TPSG3_A1
     Serial Number            : 374-0544
     Antenna Reference Point  : BPA
     Marker->ARP Up Ecc. (m)  : .1315 m
     Marker->ARP North Ecc(m) :
     Marker->ARP East Ecc(m)  :
     Alignment from True N    : 0 deg
     Antenna Radome Type      : NONE
     Radome Serial Number     : N/A
     Antenna Cable Type       : LMR 400
     Antenna Cable Length     : 12.5 m
     Date Installed           : 2009-06-10T17:57Z
     Date Removed             : 
     Additional Information   : (multiple lines)


4.x  Antenna Type             : (A20, from rcvr_ant.tab; see instructions)
     Serial Number            : (A*, but note the first A5 is used in SINEX)
     Antenna Reference Point  : (BPA/BCR/XXX from "antenna.gra"; see instr.)
     Marker->ARP Up Ecc. (m)  : (F8.4)
     Marker->ARP North Ecc(m) : (F8.4)
     Marker->ARP East Ecc(m)  : (F8.4)
     Alignment from True N    : (deg; + is clockwise/east)
     Antenna Radome Type      : (A4 from rcvr_ant.tab; see instructions)
     Radome Serial Number     :
     Antenna Cable Type       : (vendor & type number)
     Antenna Cable Length     : (m)
     Date Installed           : (CCYY-MM-DDThh:mmZ)
     Date Removed             : (CCYY-MM-DDThh:mmZ)
     Additional Information   : (multiple lines)

5.   Surveyed Local Ties

5.1  Tied Marker Name         : NONE
     Tied Marker Usage        : 
     Tied Marker CDP Number   : (A4)
     Tied Marker DOMES Number : (A9)
     Differential Components from GNSS Marker to the tied monument (ITRS)
       dx (m)                 :  (m)
       dy (m)                 :  (m)
       dz (m)                 :  (m)
     Accuracy (mm)            : (mm)
     Survey method            : 
     Date Measured            : (CCYY-MM-DDThh:mmZ)
     Additional Information   : (multiple lines)

5.x  Tied Marker Name         : 
     Tied Marker Usage        : (SLR/VLBI/LOCAL CONTROL/FOOTPRINT/etc)
     Tied Marker CDP Number   : (A4)
     Tied Marker DOMES Number : (A9)
     Differential Components from GNSS Marker to the tied monument (ITRS)
       dx (m)                 : (m)
       dy (m)                 : (m)
       dz (m)                 : (m)
     Accuracy (mm)            : (mm)
     Survey method            : (GPS CAMPAIGN/TRILATERATION/TRIANGULATION/etc)
     Date Measured            : (CCYY-MM-DDThh:mmZ)
     Additional Information   : (multiple lines)

6.   Frequency Standard

6.1  Standard Type            : INTERNAL
       Input Frequency        :
       Effective Dates        : 2008-04-22/CCYY-MM-DD
       Notes                  : (multiple lines)

6.x  Standard Type            : (INTERNAL or EXTERNAL H-MASER/CESIUM/etc)
       Input Frequency        : (if external)
       Effective Dates        : (CCYY-MM-DD/CCYY-MM-DD)
       Notes                  : (multiple lines)

7.   Collocation Information

7.x  Instrumentation Type     : GPS
       Status                 : PERMANENT
       Effective Dates        : 2004-02-22/CCYY-MM-DD)
       Notes                  : P041 located approximately 15 m to North

8.   Meteorological Instrumentation

8.1.x Humidity Sensor Model   : N/A
       Manufacturer           : 
       Serial Number          :
       Data Sampling Interval : (sec)
       Accuracy (% rel h)     : (% rel h)
       Aspiration             : (UNASPIRATED/NATURAL/FAN/etc)
       Height Diff to Ant     : (m)
       Calibration date       : (CCYY-MM-DD)
       Effective Dates        : 
       Notes                  : (multiple lines)

8.2.x Pressure Sensor Model   : N/A
       Manufacturer           : 
       Serial Number          :
       Data Sampling Interval : (sec)
       Accuracy               : (hPa)
       Height Diff to Ant     : (m)
       Calibration date       : (CCYY-MM-DD)
       Effective Dates        :
       Notes                  : (multiple lines)

8.3.x Temp. Sensor Model      : N/A
       Manufacturer           : 
       Serial Number          :
       Data Sampling Interval : (sec)
       Accuracy               : (deg C)
       Aspiration             : (UNASPIRATED/NATURAL/FAN/etc)
       Height Diff to Ant     : (m)
       Calibration date       : (CCYY-MM-DD)
       Effective Dates        :
       Notes                  : (multiple lines)

8.4.x Water Vapor Radiometer  : N/A
       Manufacturer           : 
       Serial Number          : 
       Distance to Antenna    : (m)
       Height Diff to Ant     : (m)
       Calibration date       : (CCYY-MM-DD)
       Effective Dates        : 
       Notes                  : (multiple lines)

8.5.x Other Instrumentation   : (multiple lines)

9.  Local Ongoing Conditions Possibly Affecting Computed Position

9.1.x Radio Interferences     : (TV/CELL PHONE ANTENNA/RADAR/etc)
       Observed Degradations  : (SN RATIO/DATA GAPS/etc)
       Effective Dates        : (CCYY-MM-DD/CCYY-MM-DD)
       Additional Information : (multiple lines)

9.2.x Multipath Sources       : (METAL ROOF/DOME/VLBI ANTENNA/etc)
       Effective Dates        : (CCYY-MM-DD/CCYY-MM-DD)
       Additional Information : (multiple lines)

9.3.x Signal Obstructions     : RODENTS CHEW THROUGH CABLES, DIG HOLES
       Effective Dates        : 2008-04-22/CCYY-MM-DD
       Additional Information : 

10.  Local Episodic Effects Possibly Affecting Data Quality

10.x Date                     : (CCYY-MM-DD/CCYY-MM-DD)
     Event                    : (TREE CLEARING/CONSTRUCTION/etc)

11.   On-Site, Point of Contact Agency Information

     Agency                   : JPL
     Preferred Abbreviation   : 
     Mailing Address          : 
                              : 
     Primary Contact
       Contact Name           : David A. Stowers
       Telephone (primary)    : 818-354-7055
       Telephone (secondary)  :
       Fax                    : 818-393-4965
       E-mail                 : dstowers@jpl.nasa.gov
     Secondary Contact
       Contact Name           : 
       Telephone (primary)    : 
       Telephone (secondary)  :
       Fax                    : 
       E-mail                 : 
     Additional Information   : (multiple lines)

12.  Responsible Agency (if different from 11.)

     Agency                   : UNAVCO
     Preferred Abbreviation   : 
     Mailing Address          :
     Primary Contact
       Contact Name           : Victoria Andreatta
       Telephone (primary)    : 303-381-7458
       Telephone (secondary)  :
       Fax                    : 303-381-7451
       E-mail                 : andreatta@unavco.org
     Secondary Contact
       Contact Name           : Network Engineer
       Telephone (primary)    : 303-381-7500
       Telephone (secondary)  :
       Fax                    :
       E-mail                 : support@unavco.org
     Additional Information   : (multiple lines)

13.  More Information

     Primary Data Center      : UNAVCO Boulder Facility Archive
     Secondary Data Center    : 
     URL for More Information : http://www.unavco.org
     Hardcopy on File
       Site Map               : Y
       Site Diagram           : Y
       Horizon Mask           : Y
       Monument Description   : Y
       Site Pictures          : Y
     Additional Information   : (multiple lines)
     Antenna Graphics with Dimensions

