     MNMA Site Information Form
     MNDT Continuously Operating Reference Station
     See Instructions at:
       ftp://igscb.jpl.nasa.gov/pub/station/general/sitelog_instr.txt


0.   Form

     Prepared by (full name)  : Francine Coloma
     Date Prepared            : 2015-10-13
     Report Type              : UPDATE
     If Update:
      Previous Site Log       : mnma_20150325.log
      Modified/Added Sections : 3.7, 3.8, 4.2, 4.3


1.   Site Identification of the GNSS Monument
     Site Name                : MILACA
     Four Character ID        : MNMA
     Monument Inscription     :
     IERS DOMES Number        : (A9)
     CDP Number               : (A4)
     Monument Description     : 30 centimeter diameter concrete pillar
       Height of the Monument : 1.5 m
       Monument Foundation    : 60 centimeter diameter concrete pillar
       Foundation Depth       : 3.5 m
     Marker Description       : Brass plug on top of round concrete pillar
     Date Installed           : 2004-08-01T00:00Z
     Geologic Characteristic  : (BEDROCK/CLAY/CONGLOMERATE/GRAVEL/SAND/etc)
       Bedrock Type           : (IGNEOUS/METAMORPHIC/SEDIMENTARY)
       Bedrock Condition      : (FRESH/JOINTED/WEATHERED)
       Fracture Spacing       : (1-10 cm/11-50 cm/51-200 cm/over 200 cm)
       Fault zones nearby     : NO
         Distance/activity    : (multiple lines)
     Additional Information   :


2.   Site Location Information

     City or Town             : Milaca
     State or Province        : Minnesota
     Country                  : United States
     Tectonic Plate           : North American
     Approximate Position (ITRF)
       X coordinate (m)       : -284289.099
       Y coordinate (m)       : -4439383.066
       Z coordinate (m)       : 4555890.228
       Latitude (N is +)      : +455232.87
       Longitude (E is +)     : -0933950.77
       Elevation (m,ellips.)  : 339.0
     Additional Information   : ARP IGS08 POSITION (EPOCH 2005.00)
                              : Computed in Aug 2011 using data through gpswk
                              :  1631.


3.   GNSS Receiver Information

3.1  Receiver Type            : TRIMBLE NETRS
     Satellite System         : GPS
     Serial Number            : 0121266197
     Firmware Version         : NAV 1.03
     Elevation Cutoff Setting : 5 deg
     Date Installed           : 2005-12-02
     Date Removed             : 2006-03-22
     Temperature Stabiliz.    : (none or tolerance in degrees C)
     Additional Information   : Corrected serial number.

3.2  Receiver Type            : TRIMBLE NETRS
     Satellite System         : GPS
     Serial Number            : 4450241618
     Firmware Version         : NAV 1.15
     Elevation Cutoff Setting : 5 deg
     Date Installed           : 2006-03-22
     Date Removed             : 2007-08-31
     Temperature Stabiliz.    : (none or tolerance in degrees C)
     Additional Information   : (multiple lines)

3.3  Receiver Type            : TRIMBLE NETR5
     Satellite System         : GPS+GLO
     Serial Number            : 4723K06171
     Firmware Version         : NAV 3.50
     Elevation Cutoff Setting : 5 deg
     Date Installed           : 2007-08-31
     Date Removed             : 2008-08-27
     Temperature Stabiliz.    : (none or tolerance in degrees C)
     Additional Information   : (multiple lines)

3.4  Receiver Type            : TRIMBLE NETR5
     Satellite System         : GPS+GLO
     Serial Number            : 4723K06171
     Firmware Version         : NAV 3.64
     Elevation Cutoff Setting : 5 deg
     Date Installed           : 2008-08-27
     Date Removed             : 2010-12-30
     Temperature Stabiliz.    : (none or tolerance in degrees C)
     Additional Information   : (multiple lines)

3.5  Receiver Type            : TRIMBLE NETR5
     Satellite System         : GPS+GLO
     Serial Number            : 4723K06171
     Firmware Version         : NAV 3.84
     Elevation Cutoff Setting : 5 deg
     Date Installed           : 2010-12-30
     Date Removed             : 2013-06-06
     Temperature Stabiliz.    : (none or tolerance in degrees C)
     Additional Information   : (multiple lines)

3.6  Receiver Type            : TRIMBLE NETR5
     Satellite System         : GPS+GLO
     Serial Number            : 4723K06171
     Firmware Version         : NAV 4.70
     Elevation Cutoff Setting : 5 deg
     Date Installed           : 2013-06-06
     Date Removed             : 2013-07-24
     Temperature Stabiliz.    : (none or tolerance in degrees C)
     Additional Information   : (multiple lines)

3.7  Receiver Type            : TRIMBLE NETR9
     Satellite System         : GPS+GLO
     Serial Number            : 5303K57527
     Firmware Version         : NAV 4.70
     Elevation Cutoff Setting : 5 deg
     Date Installed           : 2013-07-24
     Date Removed             : 2015-10-10T16:30Z 
     Temperature Stabiliz.    : (none or tolerance in degrees C)
     Additional Information   : Receiver change 

3.8  Receiver Type            : TRIMBLE NETR9
     Satellite System         : GPS+GLO
     Serial Number            : 5505R50043 
     Firmware Version         : NAV 5.01
     Elevation Cutoff Setting : 5 deg
     Date Installed           : 2015-10-10T18:40Z 
     Date Removed             : (CCYY-MM-DDThh:mmZ)
     Temperature Stabiliz.    : (none or tolerance in degrees C)
     Additional Information   : (multiple lines)

3.x  Receiver Type            : (A20, from rcvr_ant.tab; see instructions)
     Satellite System         : (GPS+GLO+GAL+BDS+QZSS+SBAS)
     Serial Number            : (A20, but note the first A5 is used in SINEX)
     Firmware Version         : (A11)
     Elevation Cutoff Setting : (deg)
     Date Installed           : (CCYY-MM-DDThh:mmZ)
     Date Removed             : (CCYY-MM-DDThh:mmZ)
     Temperature Stabiliz.    : (none or tolerance in degrees C)
     Additional Information   : (multiple lines)


4.   GNSS Antenna Information

4.1  Antenna Type             : TRM41249.00     NONE
     Serial Number            : 0012355952
     Antenna Reference Point  : BAM
     Marker->ARP Up Ecc. (m)  : 0.0000
     Marker->ARP North Ecc(m) : 0.0000
     Marker->ARP East Ecc(m)  : 0.0000
     Alignment from True N    : 90 deg
     Antenna Radome Type      : NONE
     Radome Serial Number     :
     Antenna Cable Type       : Trimble
     Antenna Cable Length     : 30 m
     Date Installed           : 2004-08-01
     Date Removed             : 2007-09-01
     Additional Information   : 30 meters of LMR400 cable, assembled N-male to
                              : TNC-male

4.2  Antenna Type             : TRM55971.00     NONE
     Serial Number            : 30473374
     Antenna Reference Point  : BAM
     Marker->ARP Up Ecc. (m)  : 0.0000
     Marker->ARP North Ecc(m) : 0.0000
     Marker->ARP East Ecc(m)  : 0.0000
     Alignment from True N    : 90 deg
     Antenna Radome Type      : NONE
     Radome Serial Number     :
     Antenna Cable Type       : Trimble
     Antenna Cable Length     : 30 m
     Date Installed           : 2007-09-01
     Date Removed             : 2015-10-10T16:30Z
     Additional Information   : 30 meters of LMR400 cable, assembled N-male to
                              : TNC-male
                              : 13-OCT-2015 new antenna  

4.3  Antenna Type             : TRM57971.00     NONE
     Serial Number            : 1312118420
     Antenna Reference Point  : BAM
     Marker->ARP Up Ecc. (m)  : 0.0000
     Marker->ARP North Ecc(m) : 0.0000
     Marker->ARP East Ecc(m)  : 0.0000
     Alignment from True N    : 90 deg
     Antenna Radome Type      : NONE
     Radome Serial Number     :
     Antenna Cable Type       : Trimble
     Antenna Cable Length     : 30 m
     Date Installed           : 2015-10-10T18:40Z 
     Date Removed             : (CCYY-MM-DDThh:mmZ)
     Additional Information   : (multiple lines)

4.x  Antenna Type             : (A20, from rcvr_ant.tab; see instructions)
     Serial Number            : (A*, but note the first A5 is used in SINEX)
     Antenna Reference Point  : (BPA/BCR/XXX from "antenna.gra"; see instr.)
     Marker->ARP Up Ecc. (m)  : (F8.4)
     Marker->ARP North Ecc(m) : (F8.4)
     Marker->ARP East Ecc(m)  : (F8.4)
     Alignment from True N    : (deg; + is clockwise/east)
     Antenna Radome Type      : (A4 from rcvr_ant.tab; see instructions)
     Radome Serial Number     :
     Antenna Cable Type       : (vendor & type number)
     Antenna Cable Length     : (m)
     Date Installed           : (CCYY-MM-DDThh:mmZ)
     Date Removed             : (CCYY-MM-DDThh:mmZ)
     Additional Information   : (multiple lines)


5.   Surveyed Local Ties

5.x  Tied Marker Name         :
     Tied Marker Usage        : (SLR/VLBI/LOCAL CONTROL/FOOTPRINT/etc)
     Tied Marker CDP Number   : (A4)
     Tied Marker DOMES Number : (A9)
     Differential Components from GNSS Marker to the tied monument (ITRS)
       dx (m)                 : (m)
       dy (m)                 : (m)
       dz (m)                 : (m)
     Accuracy (mm)            : (mm)
     Survey method            : (GPS CAMPAIGN/TRILATERATION/TRIANGULATION/etc)
     Date Measured            : (CCYY-MM-DDThh:mmZ)
     Additional Information   : (multiple lines)


6.   Frequency Standard

6.1  Standard Type            : INTERNAL
       Input Frequency        : (if external)
       Effective Dates        : 2005-12-02/CCYY-MM-DD
       Notes                  : (multiple lines)

6.x  Standard Type            : (INTERNAL or EXTERNAL H-MASER/CESIUM/etc)
       Input Frequency        : (if external)
       Effective Dates        : (CCYY-MM-DD/CCYY-MM-DD)
       Notes                  : (multiple lines)


7.   Collocation Information

7.1  Instrumentation Type     : (GPS/GLONASS/DORIS/PRARE/SLR/VLBI/TIME/etc)
       Status                 : (PERMANENT/MOBILE)
       Effective Dates        : (CCYY-MM-DD/CCYY-MM-DD)
       Notes                  : (multiple lines)

7.x  Instrumentation Type     : (GPS/GLONASS/DORIS/PRARE/SLR/VLBI/TIME/etc)
       Status                 : (PERMANENT/MOBILE)
       Effective Dates        : (CCYY-MM-DD/CCYY-MM-DD)
       Notes                  : (multiple lines)


8.   Meteorological Instrumentation

8.1.1 Humidity Sensor Model   :
       Manufacturer           :
       Serial Number          :
       Data Sampling Interval : (sec)
       Accuracy (% rel h)     : (% rel h)
       Aspiration             : (UNASPIRATED/NATURAL/FAN/etc)
       Height Diff to Ant     : (m)
       Calibration date       : (CCYY-MM-DD)
       Effective Dates        : (CCYY-MM-DD/CCYY-MM-DD)
       Notes                  : (multiple lines)

8.1.x Humidity Sensor Model   :
       Manufacturer           :
       Serial Number          :
       Data Sampling Interval : (sec)
       Accuracy (% rel h)     : (% rel h)
       Aspiration             : (UNASPIRATED/NATURAL/FAN/etc)
       Height Diff to Ant     : (m)
       Calibration date       : (CCYY-MM-DD)
       Effective Dates        : (CCYY-MM-DD/CCYY-MM-DD)
       Notes                  : (multiple lines)

8.2.1 Pressure Sensor Model   :
       Manufacturer           :
       Serial Number          :
       Data Sampling Interval : (sec)
       Accuracy               : (hPa)
       Height Diff to Ant     : (m)
       Calibration date       : (CCYY-MM-DD)
       Effective Dates        : (CCYY-MM-DD/CCYY-MM-DD)
       Notes                  : (multiple lines)

8.2.x Pressure Sensor Model   :
       Manufacturer           :
       Serial Number          :
       Data Sampling Interval : (sec)
       Accuracy               : (hPa)
       Height Diff to Ant     : (m)
       Calibration date       : (CCYY-MM-DD)
       Effective Dates        : (CCYY-MM-DD/CCYY-MM-DD)
       Notes                  : (multiple lines)

8.3.1 Temp. Sensor Model      :
       Manufacturer           :
       Serial Number          :
       Data Sampling Interval : (sec)
       Accuracy               : (deg C)
       Aspiration             : (UNASPIRATED/NATURAL/FAN/etc)
       Height Diff to Ant     : (m)
       Calibration date       : (CCYY-MM-DD)
       Effective Dates        : (CCYY-MM-DD/CCYY-MM-DD)
       Notes                  : (multiple lines)

8.3.x Temp. Sensor Model      :
       Manufacturer           :
       Serial Number          :
       Data Sampling Interval : (sec)
       Accuracy               : (deg C)
       Aspiration             : (UNASPIRATED/NATURAL/FAN/etc)
       Height Diff to Ant     : (m)
       Calibration date       : (CCYY-MM-DD)
       Effective Dates        : (CCYY-MM-DD/CCYY-MM-DD)
       Notes                  : (multiple lines)

8.4.1 Water Vapor Radiometer  :
       Manufacturer           :
       Serial Number          :
       Distance to Antenna    : (m)
       Height Diff to Ant     : (m)
       Calibration date       : (CCYY-MM-DD)
       Effective Dates        : (CCYY-MM-DD/CCYY-MM-DD)
       Notes                  : (multiple lines)

8.4.x Water Vapor Radiometer  :
       Manufacturer           :
       Serial Number          :
       Distance to Antenna    : (m)
       Height Diff to Ant     : (m)
       Calibration date       : (CCYY-MM-DD)
       Effective Dates        : (CCYY-MM-DD/CCYY-MM-DD)
       Notes                  : (multiple lines)

8.5.1 Other Instrumentation   : (multiple lines)

8.5.x Other Instrumentation   : (multiple lines)


9.   Local Ongoing Conditions Possibly Affecting Computed Position

9.1.1 Radio Interference      : (TV/CELL PHONE ANTENNA/RADAR/etc)
       Observed Degradations  : (SN RATIO/DATA GAPS/etc)
       Effective Dates        : (CCYY-MM-DD/CCYY-MM-DD)
       Additional Information : (multiple lines)

9.1.x Radio Interference      : (TV/CELL PHONE ANTENNA/RADAR/etc)
       Observed Degradations  : (SN RATIO/DATA GAPS/etc)
       Effective Dates        : (CCYY-MM-DD/CCYY-MM-DD)
       Additional Information : (multiple lines)

9.2.1 Multipath Sources       : (METAL ROOF/DOME/VLBI ANTENNA/etc)
       Effective Dates        : (CCYY-MM-DD/CCYY-MM-DD)
       Additional Information : (multiple lines)

9.2.x Multipath Sources       : (METAL ROOF/DOME/VLBI ANTENNA/etc)
       Effective Dates        : (CCYY-MM-DD/CCYY-MM-DD)
       Additional Information : (multiple lines)

9.3.1 Signal Obstructions     : (TREES/BUILDLINGS/etc)
       Effective Dates        : (CCYY-MM-DD/CCYY-MM-DD)
       Additional Information : (multiple lines)

9.3.x Signal Obstructions     : (TREES/BUILDLINGS/etc)
       Effective Dates        : (CCYY-MM-DD/CCYY-MM-DD)
       Additional Information : (multiple lines)


10.  Local Episodic Effects Possibly Affecting Data Quality

10.1 Date                     : (CCYY-MM-DD/CCYY-MM-DD)
     Event                    : (TREE CLEARING/CONSTRUCTION/etc)

10.x Date                     : (CCYY-MM-DD/CCYY-MM-DD)
     Event                    : (TREE CLEARING/CONSTRUCTION/etc)


11.  On-Site, Point of Contact Agency Information

     Agency                   : Minnesota Dept. Transp.
     Preferred Abbreviation   : MNDT
     Mailing Address          : 395 John Ireland Blvd.,
                              : Mail Stop 641,
                              : St. Paul, MN 55155-1899
     Primary Contact
       Contact Name           : John Barke
       Telephone (primary)    : 651-366-3420
       Telephone (secondary)  :
       Fax                    : 651-366-3444
       E-mail                 : John.Barke@state.mn.us
     Secondary Contact
       Contact Name           : Nathan Anderson
       Telephone (primary)    : 651-366-3455
       Telephone (secondary)  :
       Fax                    : 651-366-3450
       E-mail                 : CORSVRS.DOT@state.mn.us
     Additional Information   : (multiple lines)


12.  Responsible Agency (if different from 11.)

     Agency                   : (multiple lines)
     Preferred Abbreviation   : (A10)
     Mailing Address          : (multiple lines)
     Primary Contact
       Contact Name           :
       Telephone (primary)    :
       Telephone (secondary)  :
       Fax                    :
       E-mail                 :
     Secondary Contact
       Contact Name           :
       Telephone (primary)    :
       Telephone (secondary)  :
       Fax                    :
       E-mail                 :
     Additional Information   : (multiple lines)


13.  More Information

     Primary Data Center      : ftp://geodesy.noaa.gov/cors
     Secondary Data Center    : ftp://alt.ngs.noaa.gov/cors
     URL for More Information : http://geodesy.noaa.gov/CORS
     Hardcopy on File
       Site Map               : (Y or URL)
       Site Diagram           : (Y or URL)
       Horizon Mask           : (Y or URL)
       Monument Description   : YES
       Site Pictures          : (Y or URL)
     Additional Information   : (multiple lines)
     Antenna Graphics with Dimensions

     ftp://igscb.jpl.nasa.gov/pub/station/general/antenna.gra
