     MOP2 Site Information Form (site log)
     International GNSS Service
     See Instructions at:
       ftp://igscb.jpl.nasa.gov/pub/station/general/sitelog_instr.txt


0.   Form

     Prepared by (full name)  : Martina Minarikova
     Date Prepared            : 2016-03-02
     Report Type              : UPDATE
     If Update:
      Previous Site Log       : mop2_20160301.log
      Modified/Added Sections : 11


1.   Site Identification of the GNSS Monument

     Site Name                : Modra-Piesok
     Four Character ID        : MOP2
     Monument Inscription     : 
     IERS DOMES Number        : 11507M002
     CDP Number               : (A4)
     Monument Description     : PILLAR
       Height of the Monument : 3 m
       Monument Foundation    : CONCRETE BLOCK OF 1 M DIAMETER
       Foundation Depth       : 0.5 m
     Marker Description       : BRASS ADAPTOR FOR DIRECT MOUNTING OF ANTENNA
     Date Installed           : 2007-12-05
     Geologic Characteristic  : BEDROCK
       Bedrock Type           : METAMORPHIC
       Bedrock Condition      : JOINTED
       Fracture Spacing       : 0 cm
       Fault zones nearby     : NO
         Distance/activity    : (multiple lines)
     Additional Information   : SETTLEDE DIRECTLY ON BEDROCK, STEEL RODS
                              : SINKED 0.5 M INTO ROCK


2.   Site Location Information

     City or Town             : Modra-Piesok
     State or Province        : -
     Country                  : Slovakia
     Tectonic Plate           : EURASIAN
     Approximate Position (ITRF)
       X coordinate (m)       : 4053743
       Y coordinate (m)       : 1260570
       Z coordinate (m)       : 4744940
       Latitude (N is +)      : +482221.71
       Longitude (E is +)     : +0171625.81
       Elevation (m,ellips.)  :   581.1
     Additional Information   : 40 km NE from Bratislava


3.   GNSS Receiver Information

3.1  Receiver Type            : TRIMBLE NETR5
     Satellite System         : GPS+GLO
     Serial Number            : 4730K06573
     Firmware Version         : 3.50/3
     Elevation Cutoff Setting : 5 deg
     Date Installed           : 2007-12-05T15:00Z
     Date Removed             : 2008-08-13
     Temperature Stabiliz.    : 20.0 +/- (deg C)
     Additional Information   : (multiple lines)

3.2  Receiver Type            : TRIMBLE NETR5
     Satellite System         : GPS+GLO
     Serial Number            : 4730K06573
     Firmware Version         : 3.50/3
     Elevation Cutoff Setting : 0 deg
     Date Installed           : 2008-08-13
     Date Removed             : 2009-07-10T14:30Z
     Temperature Stabiliz.    : 20.0 +/- (deg C)
     Additional Information   : (multiple lines)

3.3  Receiver Type            : TRIMBLE NETR5
     Satellite System         : GPS+GLO
     Serial Number            : 4730K06573
     Firmware Version         : 3.84/3.56
     Elevation Cutoff Setting : 0 deg
     Date Installed           : 2009-07-10T14:31Z
     Date Removed             : 2010-12-15T16:59Z
     Temperature Stabiliz.    : 20.0 +/- (deg C)
     Additional Information   : (multiple lines)

3.4  Receiver Type            : TRIMBLE NETR5
     Satellite System         : GPS+GLO
     Serial Number            : 4730K06573
     Firmware Version         : 4.19/4.18
     Elevation Cutoff Setting : 0 deg
     Date Installed           : 2010-12-15T17:00Z
     Date Removed             : 2011-04-28T06:34Z
     Temperature Stabiliz.    : 20.0 +/- (deg C)
     Additional Information   : (multiple lines)

3.5  Receiver Type            : TRIMBLE NETR5
     Satellite System         : GPS+GLO
     Serial Number            : 4730K06573
     Firmware Version         : 4.19/4.18
     Elevation Cutoff Setting : 0 deg
     Date Installed           : 2011-04-28T06:35Z
     Date Removed             : 2013-11-25T09:00Z
     Temperature Stabiliz.    : 20.0 +/- (deg C)
     Additional Information   : Before it was wrong information about Elevation
                              : Cuttoff Setting. 5deg corrected to 0deg on
                              : 2013-01-07.

3.6  Receiver Type            : TRIMBLE NETR9
     Satellite System         : GPS+GLO+GAL
     Serial Number            : 5209K82781
     Firmware Version         : 4.81
     Elevation Cutoff Setting : 0 deg
     Date Installed           : 2013-11-25T09:01Z
     Date Removed             : 2013-12-11T08:20Z
     Temperature Stabiliz.    : 20.0 +/- (deg C)
     Additional Information   : (multiple lines)

3.7  Receiver Type            : TRIMBLE NETR5
     Satellite System         : GPS+GLO
     Serial Number            : 4730K06573
     Firmware Version         : 4.19/4.18
     Elevation Cutoff Setting : 0 deg
     Date Installed           : 2013-12-11T08:30Z
     Date Removed             : 2015-07-15T08:00Z
     Temperature Stabiliz.    : 20.0 +/- (deg C)
     Additional Information   : (multiple lines)

3.8  Receiver Type            : TRIMBLE NETR5
     Satellite System         : GPS+GLO
     Serial Number            : 4730K06573
     Firmware Version         : 4.87
     Elevation Cutoff Setting : 0 deg
     Date Installed           : 2015-07-15T08:00Z
     Date Removed             : CCYY-MM-DDThh:mmZ
     Temperature Stabiliz.    : (deg C) +/- (deg C)
     Additional Information   : (multiple lines)

3.x  Receiver Type            : (A20, from rcvr_ant.tab; see instructions)
     Satellite System         : (GPS+GLO+GAL+BDS+QZSS+SBAS)
     Serial Number            : (A20, but note the first A5 is used in SINEX)
     Firmware Version         : (A11)
     Elevation Cutoff Setting : (deg)
     Date Installed           : (CCYY-MM-DDThh:mmZ)
     Date Removed             : (CCYY-MM-DDThh:mmZ)
     Temperature Stabiliz.    : (none or tolerance in degrees C)
     Additional Information   : (multiple lines)


4.   GNSS Antenna Information

4.1  Antenna Type             : TRM55971.00     TZGD
     Serial Number            : 30477181
     Antenna Reference Point  : BAM
     Marker->ARP Up Ecc. (m)  :   0.0580
     Marker->ARP North Ecc(m) :   0.0000
     Marker->ARP East Ecc(m)  :   0.0000
     Alignment from True N    : 0 deg
     Antenna Radome Type      : TZGD
     Radome Serial Number     : 
     Antenna Cable Type       : Trimble
     Antenna Cable Length     : 30 m
     Date Installed           : 2007-10-05T15:00Z
     Date Removed             : CCYY-MM-DDThh:mmZ
     Additional Information   : (multiple lines)

4.x  Antenna Type             : (A20, from rcvr_ant.tab; see instructions)
     Serial Number            : (A*, but note the first A5 is used in SINEX)
     Antenna Reference Point  : (BPA/BCR/XXX from "antenna.gra"; see instr.)
     Marker->ARP Up Ecc. (m)  : (F8.4)
     Marker->ARP North Ecc(m) : (F8.4)
     Marker->ARP East Ecc(m)  : (F8.4)
     Alignment from True N    : (deg; + is clockwise/east)
     Antenna Radome Type      : (A4 from rcvr_ant.tab; see instructions)
     Radome Serial Number     : 
     Antenna Cable Type       : (vendor & type number)
     Antenna Cable Length     : (m)
     Date Installed           : (CCYY-MM-DDThh:mmZ)
     Date Removed             : (CCYY-MM-DDThh:mmZ)
     Additional Information   : (multiple lines)


5.   Surveyed Local Ties

5.1  Tied Marker Name         : MOPI
     Tied Marker Usage        : GPS
     Tied Marker CDP Number   : (A4)
     Tied Marker DOMES Number : 11507M001
     Differential Components from GNSS Marker to the tied monument (ITRS)
       dx (m)                 : -4.766
       dy (m)                 : 1.942
       dz (m)                 : 0.710
     Accuracy (mm)            : 2
     Survey method            : GPS
     Date Measured            : 2007-01-08
     Additional Information   : (multiple lines)

5.x  Tied Marker Name         : 
     Tied Marker Usage        : (SLR/VLBI/LOCAL CONTROL/FOOTPRINT/etc)
     Tied Marker CDP Number   : (A4)
     Tied Marker DOMES Number : (A9)
     Differential Components from GNSS Marker to the tied monument (ITRS)
       dx (m)                 : (m)
       dy (m)                 : (m)
       dz (m)                 : (m)
     Accuracy (mm)            : (mm)
     Survey method            : (GPS CAMPAIGN/TRILATERATION/TRIANGULATION/etc)
     Date Measured            : (CCYY-MM-DDThh:mmZ)
     Additional Information   : (multiple lines)


6.   Frequency Standard

6.1  Standard Type            : INTERNAL 
       Input Frequency        : (if external)
       Effective Dates        : 2007-12-05/CCYY-MM-DD
       Notes                  : (multiple lines)

6.x  Standard Type            : (INTERNAL or EXTERNAL H-MASER/CESIUM/etc)
       Input Frequency        : (if external)
       Effective Dates        : (CCYY-MM-DD/CCYY-MM-DD)
       Notes                  : (multiple lines)


7.   Collocation Information

7.1  Instrumentation Type     : GPS/GLONASS
       Status                 : PERMANENT
       Effective Dates        : 2007-12-04/CCYY-MM-DD
       Notes                  : (multiple lines)

7.x  Instrumentation Type     : (GPS/GLONASS/DORIS/PRARE/SLR/VLBI/TIME/etc)
       Status                 : (PERMANENT/MOBILE)
       Effective Dates        : (CCYY-MM-DD/CCYY-MM-DD)
       Notes                  : (multiple lines)


8.   Meteorological Instrumentation

8.1.1  Humidity Sensor Model  : HG421.65
       Manufacturer           : COMET, CZECH REPUBLIC
       Serial Number          : -
       Data Sampling Interval : 600 s
       Accuracy (% rel h)     : 3.0
       Aspiration             : NATURAL
       Height Diff to Ant     : -2.36 m
       Calibration date       : 2003-01-24
       Effective Dates        : 2003-02-01/CCYY-MM-DD
       Notes                  : (multiple lines)

8.1.x  Humidity Sensor Model  : 
       Manufacturer           : 
       Serial Number          : 
       Data Sampling Interval : (sec)
       Accuracy (% rel h)     : (% rel h)
       Aspiration             : (UNASPIRATED/NATURAL/FAN/etc)
       Height Diff to Ant     : (m)
       Calibration date       : (CCYY-MM-DD)
       Effective Dates        : (CCYY-MM-DD/CCYY-MM-DD)
       Notes                  : (multiple lines)

8.2.1  Pressure Sensor Model  : TMAG518R3F
       Manufacturer           : CRESSTO, CZECH REPUBLIC
       Serial Number          : -
       Data Sampling Interval : 600 s
       Accuracy               : 0.2 hPa
       Height Diff to Ant     : -2.36 m
       Calibration date       : 2003-01-24
       Effective Dates        : 2003-02-01/CCYY-MM-DD
       Notes                  : (multiple lines)

8.2.x  Pressure Sensor Model  : 
       Manufacturer           : 
       Serial Number          : 
       Data Sampling Interval : (sec)
       Accuracy               : (hPa)
       Height Diff to Ant     : (m)
       Calibration date       : (CCYY-MM-DD)
       Effective Dates        : (CCYY-MM-DD/CCYY-MM-DD)
       Notes                  : (multiple lines)

8.3.1  Temp. Sensor Model     : NS520.65-120
       Manufacturer           : COMET, CZECH REPUBLIC
       Serial Number          : -
       Data Sampling Interval : 600 s
       Accuracy               : 0.1 deg C
       Aspiration             : NATURAL
       Height Diff to Ant     : -5.30 m
       Calibration date       : 2003-01-24
       Effective Dates        : 2003-02-01/CCYY-MM-DD
       Notes                  : (multiple lines)

8.3.x  Temp. Sensor Model     : 
       Manufacturer           : 
       Serial Number          : 
       Data Sampling Interval : (sec)
       Accuracy               : (deg C)
       Aspiration             : (UNASPIRATED/NATURAL/FAN/etc)
       Height Diff to Ant     : (m)
       Calibration date       : (CCYY-MM-DD)
       Effective Dates        : (CCYY-MM-DD/CCYY-MM-DD)
       Notes                  : (multiple lines)

8.4.x  Water Vapor Radiometer : 
       Manufacturer           : 
       Serial Number          : 
       Distance to Antenna    : (m)
       Height Diff to Ant     : (m)
       Calibration date       : (CCYY-MM-DD)
       Effective Dates        : (CCYY-MM-DD/CCYY-MM-DD)
       Notes                  : (multiple lines)

8.5.x  Other Instrumentation  : (multiple lines)


9.   Local Ongoing Conditions Possibly Affecting Computed Position

9.1.x  Radio Interferences    : (TV/CELL PHONE ANTENNA/RADAR/etc)
       Observed Degradations  : (SN RATIO/DATA GAPS/etc)
       Effective Dates        : (CCYY-MM-DD/CCYY-MM-DD)
       Additional Information : (multiple lines)

9.2.x  Multipath Sources      : (METAL ROOF/DOME/VLBI ANTENNA/etc)
       Effective Dates        : (CCYY-MM-DD/CCYY-MM-DD)
       Additional Information : (multiple lines)

9.3.x  Signal Obstructions    : (TREES/BUILDINGS/etc)
       Effective Dates        : (CCYY-MM-DD/CCYY-MM-DD)
       Additional Information : (multiple lines)


10.  Local Episodic Effects Possibly Affecting Data Quality

10.x  Date                    : (CCYY-MM-DD/CCYY-MM-DD)
      Event                   : (TREE CLEARING/CONSTRUCTION/etc)


11.  On-Site, Point of Contact Agency Information

     Agency                   : Astronomical and Geophysical Observatory
     Preferred Abbreviation   : AGO
     Mailing Address          : Modra-Piesok, 900 01 Modra
                              : Slovak Republic
     Primary Contact
       Contact Name           : Mr. Dusan Kalmancok
       Telephone (primary)    : (00421)-33-647 5261
       Telephone (secondary)  : 
       Fax                    : 
       E-mail                 : ago@Modra.fmph.uniba.sk
     Secondary Contact
       Contact Name           : Martina Minarikova
       Telephone (primary)    : 
       Telephone (secondary)  : 
       Fax                    : 
       E-mail                 : martina.minarikova@stuba.sk
     Additional Information   : NOT RESPONSIBLE FOR MAINTAINING
                              : THE STATION!


12.  Responsible Agency (if different from 11.)

     Agency                   : Slovak University of Technology
     Preferred Abbreviation   : SUT
     Mailing Address          : Radlinskeho 11
                              : 813 68 Bratislava
                              : Slovak Republic
     Primary Contact
       Contact Name           : Jan Hefty
       Telephone (primary)    : (00421)-2-592 74 533
       Telephone (secondary)  : 
       Fax                    : (00421)-2-529 25 476
       E-mail                 : jan.hefty@stuba.sk
     Secondary Contact
       Contact Name           : Juraj Papco
       Telephone (primary)    : (00421)-2-592 74 345
       Telephone (secondary)  : 
       Fax                    : (00421)-2-529 25 476
       E-mail                 : juraj.papco@stuba.sk
     Additional Information   : (multiple lines)


13.  More Information

     Primary Data Center      : OLG
     Secondary Data Center    : BKG
     URL for More Information : 
     Hardcopy on File
       Site Map               : (Y or URL)
       Site Diagram           : (Y or URL)
       Horizon Mask           : (Y or URL)
       Monument Description   : (Y or URL)
       Site Pictures          : (Y or URL)
     Additional Information   : (multiple lines)
     Antenna Graphics with Dimensions

TRM55971.00

       / ----------------------+--------------------- \
      +                        +                       +
       \ -------------------------------------------- /
                      \               /
                       \             /
                        \-----+-----/                       <-- 0.0580 BAM
                            |   |
                            |   |
----------------------------------------------------------- <-- 0.0000 ARP
|   <--                   0.3396                  -->     |
|                                                         |
|                                                         | <-- Conc.pillar
|<--                       1.050                       -->|
|                                                         |
