     MSEL Site Information Form (site log)
     International GNSS Service
     See Instructions at:
       ftp://igscb.jpl.nasa.gov/pub/station/general/sitelog_instr.txt


0.   Form

     Prepared by (full name)  : Maddalena Errico
     Date Prepared            : 2015-07-02
     Report Type              : UPDATE
     If Update:
      Previous Site Log       : msel_20140804.log
      Modified/Added Sections : 3.1, 3.2, 3.3, 3.4, 11, 13


1.   Site Identification of the GNSS Monument

     Site Name                : Medicina (BO)
     Four Character ID        : MSEL
     Monument Inscription     : 
     IERS DOMES Number        : 12711M008
     CDP Number               : (A4)
     Monument Description     : MAST
       Height of the Monument : 0.635 m
       Monument Foundation    : CONCRETE BLOCK
       Foundation Depth       : 8 m
     Marker Description       : STAINLESS STEEL FLANGE WITH THREAD
     Date Installed           : 1996-07-23
     Geologic Characteristic  : CLAY
       Bedrock Type           : (IGNEOUS/METAMORPHIC/SEDIMENTARY)
       Bedrock Condition      : (FRESH/JOINTED/WEATHERED)
       Fracture Spacing       : (0 cm/1-10 cm/11-50 cm/51-200 cm/over 200 cm)
       Fault zones nearby     : (YES/NO/Name of the zone)
         Distance/activity    : (multiple lines)
     Additional Information   : (multiple lines)


2.   Site Location Information

     City or Town             : Medicina
     State or Province        : Emilia-Romagna
     Country                  : Italy
     Tectonic Plate           : EURASIAN
     Approximate Position (ITRF)
       X coordinate (m)       : 4461399.5538
       Y coordinate (m)       : 919567.2223
       Z coordinate (m)       : 4449510.3566
       Latitude (N is +)      : +443112.12
       Longitude (E is +)     : +0113847.37
       Elevation (m,ellips.)  :    49.3
     Additional Information   : Near Bologna


3.   GNSS Receiver Information

3.1  Receiver Type            : LEICA SR399
     Satellite System         : GPS
     Serial Number            : 100945
     Firmware Version         : 5.04
     Elevation Cutoff Setting : 5 deg
     Date Installed           : 1996-07-23
     Date Removed             : 2006-09-28
     Temperature Stabiliz.    : (deg C) +/- (deg C)
     Additional Information   : (multiple lines)

3.2  Receiver Type            : LEICA SR399
     Satellite System         : GPS
     Serial Number            : 100945
     Firmware Version         : 5.04
     Elevation Cutoff Setting : 0 deg
     Date Installed           : 2006-09-28
     Date Removed             : 2008-12-21
     Temperature Stabiliz.    : (deg C) +/- (deg C)
     Additional Information   : (multiple lines)

3.3  Receiver Type            : LEICA SR399
     Satellite System         : GPS
     Serial Number            : 100945
     Firmware Version         : 5.04
     Elevation Cutoff Setting : 5 deg
     Date Installed           : 2008-12-21
     Date Removed             : 2014-07-25
     Temperature Stabiliz.    : (deg C) +/- (deg C)
     Additional Information   : (multiple lines)

3.4  Receiver Type            : LEICA GR25
     Satellite System         : GPS
     Serial Number            : 1870032
     Firmware Version         : 3.03/6.214
     Elevation Cutoff Setting : 5 deg
     Date Installed           : 2014-07-25
     Date Removed             : CCYY-MM-DDThh:mmZ
     Temperature Stabiliz.    : (deg C) +/- (deg C)
     Additional Information   : (multiple lines)

3.x  Receiver Type            : (A20, from rcvr_ant.tab; see instructions)
     Satellite System         : (GPS+GLO+GAL+BDS+QZSS+SBAS)
     Serial Number            : (A20, but note the first A5 is used in SINEX)
     Firmware Version         : (A11)
     Elevation Cutoff Setting : (deg)
     Date Installed           : (CCYY-MM-DDThh:mmZ)
     Date Removed             : (CCYY-MM-DDThh:mmZ)
     Temperature Stabiliz.    : (none or tolerance in degrees C)
     Additional Information   : (multiple lines)


4.   GNSS Antenna Information

4.1  Antenna Type             : LEISR399_INT    NONE
     Serial Number            : 4948
     Antenna Reference Point  : TOP
     Marker->ARP Up Ecc. (m)  :   0.8270
     Marker->ARP North Ecc(m) :   0.0000
     Marker->ARP East Ecc(m)  :   0.0000
     Alignment from True N    : 0 deg
     Antenna Radome Type      : NONE
     Radome Serial Number     : 
     Antenna Cable Type       : (vendor & type number)
     Antenna Cable Length     : 0 m
     Date Installed           : 1996-07-23
     Date Removed             : 2014-07-25
     Additional Information   : (multiple lines)

4.2  Antenna Type             : LEIAR25.R4      NONE
     Serial Number            : 726128
     Antenna Reference Point  : BPA
     Marker->ARP Up Ecc. (m)  :   0.6357
     Marker->ARP North Ecc(m) :   0.0000
     Marker->ARP East Ecc(m)  :   0.0000
     Alignment from True N    : 0 deg
     Antenna Radome Type      : NONE
     Radome Serial Number     : 
     Antenna Cable Type       : (vendor & type number)
     Antenna Cable Length     : 10 m
     Date Installed           : 2014-07-25
     Date Removed             : CCYY-MM-DDThh:mmZ
     Additional Information   : (multiple lines)

4.x  Antenna Type             : (A20, from rcvr_ant.tab; see instructions)
     Serial Number            : (A*, but note the first A5 is used in SINEX)
     Antenna Reference Point  : (BPA/BCR/XXX from "antenna.gra"; see instr.)
     Marker->ARP Up Ecc. (m)  : (F8.4)
     Marker->ARP North Ecc(m) : (F8.4)
     Marker->ARP East Ecc(m)  : (F8.4)
     Alignment from True N    : (deg; + is clockwise/east)
     Antenna Radome Type      : (A4 from rcvr_ant.tab; see instructions)
     Radome Serial Number     : 
     Antenna Cable Type       : (vendor & type number)
     Antenna Cable Length     : (m)
     Date Installed           : (CCYY-MM-DDThh:mmZ)
     Date Removed             : (CCYY-MM-DDThh:mmZ)
     Additional Information   : (multiple lines)


5.   Surveyed Local Ties

5.x  Tied Marker Name         : 
     Tied Marker Usage        : (SLR/VLBI/LOCAL CONTROL/FOOTPRINT/etc)
     Tied Marker CDP Number   : (A4)
     Tied Marker DOMES Number : (A9)
     Differential Components from GNSS Marker to the tied monument (ITRS)
       dx (m)                 : (m)
       dy (m)                 : (m)
       dz (m)                 : (m)
     Accuracy (mm)            : (mm)
     Survey method            : (GPS CAMPAIGN/TRILATERATION/TRIANGULATION/etc)
     Date Measured            : (CCYY-MM-DDThh:mmZ)
     Additional Information   : (multiple lines)


6.   Frequency Standard

6.1  Standard Type            : INTERNAL 
       Input Frequency        : (if external)
       Effective Dates        : 1996-07-23/CCYY-MM-DD
       Notes                  : (multiple lines)

6.x  Standard Type            : (INTERNAL or EXTERNAL H-MASER/CESIUM/etc)
       Input Frequency        : (if external)
       Effective Dates        : (CCYY-MM-DD/CCYY-MM-DD)
       Notes                  : (multiple lines)


7.   Collocation Information

7.1  Instrumentation Type     : GPS
       Status                 : PERMANENT
       Effective Dates        : 1995-07-28/CCYY-MM-DD
       Notes                  : (multiple lines)

7.2  Instrumentation Type     : VLBI
       Status                 : PERMANENT
       Effective Dates        : 1984-02-18/CCYY-MM-DD
       Notes                  : (multiple lines)

7.3  Instrumentation Type     : SUPER CONDUCTING GRAVIMETER
       Status                 : PERMANENT
       Effective Dates        : 1996-10-26/CCYY-MM-DD
       Notes                  : (multiple lines)

7.4  Instrumentation Type     : ABSOLUTE GRAVIMETER
       Status                 : MOBILE
       Effective Dates        : 1996-06-16/CCYY-MM-DD
       Notes                  : (multiple lines)

7.x  Instrumentation Type     : (GPS/GLONASS/DORIS/PRARE/SLR/VLBI/TIME/etc)
       Status                 : (PERMANENT/MOBILE)
       Effective Dates        : (CCYY-MM-DD/CCYY-MM-DD)
       Notes                  : (multiple lines)


8.   Meteorological Instrumentation

8.1.x  Humidity Sensor Model  : 
       Manufacturer           : 
       Serial Number          : 
       Data Sampling Interval : (sec)
       Accuracy (% rel h)     : (% rel h)
       Aspiration             : (UNASPIRATED/NATURAL/FAN/etc)
       Height Diff to Ant     : (m)
       Calibration date       : (CCYY-MM-DD)
       Effective Dates        : (CCYY-MM-DD/CCYY-MM-DD)
       Notes                  : (multiple lines)

8.2.x  Pressure Sensor Model  : 
       Manufacturer           : 
       Serial Number          : 
       Data Sampling Interval : (sec)
       Accuracy               : (hPa)
       Height Diff to Ant     : (m)
       Calibration date       : (CCYY-MM-DD)
       Effective Dates        : (CCYY-MM-DD/CCYY-MM-DD)
       Notes                  : (multiple lines)

8.3.x  Temp. Sensor Model     : 
       Manufacturer           : 
       Serial Number          : 
       Data Sampling Interval : (sec)
       Accuracy               : (deg C)
       Aspiration             : (UNASPIRATED/NATURAL/FAN/etc)
       Height Diff to Ant     : (m)
       Calibration date       : (CCYY-MM-DD)
       Effective Dates        : (CCYY-MM-DD/CCYY-MM-DD)
       Notes                  : (multiple lines)

8.4.x  Water Vapor Radiometer : 
       Manufacturer           : 
       Serial Number          : 
       Distance to Antenna    : (m)
       Height Diff to Ant     : (m)
       Calibration date       : (CCYY-MM-DD)
       Effective Dates        : (CCYY-MM-DD/CCYY-MM-DD)
       Notes                  : (multiple lines)

8.5.x  Other Instrumentation  : (multiple lines)


9.   Local Ongoing Conditions Possibly Affecting Computed Position

9.1.x  Radio Interferences    : (TV/CELL PHONE ANTENNA/RADAR/etc)
       Observed Degradations  : (SN RATIO/DATA GAPS/etc)
       Effective Dates        : (CCYY-MM-DD/CCYY-MM-DD)
       Additional Information : (multiple lines)

9.2.x  Multipath Sources      : (METAL ROOF/DOME/VLBI ANTENNA/etc)
       Effective Dates        : (CCYY-MM-DD/CCYY-MM-DD)
       Additional Information : (multiple lines)

9.3.x  Signal Obstructions    : (TREES/BUILDINGS/etc)
       Effective Dates        : (CCYY-MM-DD/CCYY-MM-DD)
       Additional Information : (multiple lines)


10.  Local Episodic Effects Possibly Affecting Data Quality

10.x  Date                    : (CCYY-MM-DD/CCYY-MM-DD)
      Event                   : (TREE CLEARING/CONSTRUCTION/etc)


11.  On-Site, Point of Contact Agency Information

     Agency                   : University of Bologna, Department of Physics
     Preferred Abbreviation   : UNIBO
     Mailing Address          : Viale Berti Pichat n 8, Bologna - ITALY
     Primary Contact
       Contact Name           : Prof. Susanna Zerbini
       Telephone (primary)    : +39-0512095019
       Telephone (secondary)  : 
       Fax                    : +39-0512095058
       E-mail                 : susanna.zerbini@unibo.it
     Secondary Contact
       Contact Name           : Dr. Maddalena Errico
       Telephone (primary)    : +39-0512095066
       Telephone (secondary)  : 
       Fax                    : +39-0512095058
       E-mail                 : maddalena.errico2@unibo.it
     Additional Information   : Third contact
                              : Dr. Efisio Santi
                              : +39-0512095066
                              : +39-0512095058
                              : efisio.santi2@unibo.it
                              : Fourth contact
                              : Dr. Fernanda Petracca
                              : +39-0512095066
                              : +39-0512095058
                              : fernanda.petracca2@unibo.it


12.  Responsible Agency (if different from 11.)

     Agency                   : (multiple lines)
     Preferred Abbreviation   : (A10)
     Mailing Address          : (multiple lines)
     Primary Contact
       Contact Name           : 
       Telephone (primary)    : 
       Telephone (secondary)  : 
       Fax                    : 
       E-mail                 : 
     Secondary Contact
       Contact Name           : 
       Telephone (primary)    : 
       Telephone (secondary)  : 
       Fax                    : 
       E-mail                 : 
     Additional Information   : (multiple lines)


13.  More Information

     Primary Data Center      : BKGE
     Secondary Data Center    : OLG
     URL for More Information : 
     Hardcopy on File
       Site Map               : (Y or URL)
       Site Diagram           : (Y or URL)
       Horizon Mask           : (Y or URL)
       Monument Description   : (Y or URL)
       Site Pictures          : (Y or URL)
     Additional Information   : (multiple lines)
     Antenna Graphics with Dimensions

LEIAR25.R4

                       +-------+                          <--  0.1995
                      /         \
                +---+-------------+---+                   <--  0.1606  TCR
                |                     |
             |---------------------------|
          |---------------------------------|
       |---------------------------------------|
    +---------------------------------------------+
    |                                             |
    |                                             |
  +-+---------------------------------------------+-+
  +-----------------+-------------+-----------------+     <--  0.0320  BCR
                    |             |
                    |             |
                    +------x------+                       <--  0.0000  BPA=ARP
                                                              (5/8' thread might
                                                               differ from BPA!)
  <--                    0.3802                   -->
