     MUDG Site Information Form (site log)
     International GPS Service
     See Instructions at:
       ftp://igscb.jpl.nasa.gov/pub/station/general/sitelog_instr.txt

0.   Form

     Prepared by (full name)  : Volker Janssen 
     Date Prepared            : 2014-05-16
     Report Type              : UPDATE
     If Update:
      Previous Site Log       : mudg_20140129.log
      Modified/Added Sections : 3.2,3.3,4.1,13


1.   Site Identification of the GNSS Monument

     Site Name                : Mudgee
     Four Character ID        : MUDG 
     Monument Inscription     : 
     APREF DOMES Number       : AUM000161 
     CDP Number               : 
     Monument Description     : GALVANISED STEEL MAST
       Height of the Monument : 
       Monument Foundation    : BUILDING
       Foundation Depth       : 
     Marker Description       : STEEL PLATE, THREADED SPIGOT
     Date Installed           : 2009-10-27T00:00Z
     Geologic Characteristic  : 
       Bedrock Type           : 
       Bedrock Condition      : 
       Fracture Spacing       : 
       Fault zones nearby     : 
         Distance/activity    : 
     Additional Information   : TS 12098 (SCIMS Number)


2.   Site Location Information

     City or Town             : Mudgee
     State or Province        : New South Wales
     Country                  : Australia
     Tectonic Plate           : Australian
     Approximate Position (ITRF)
       X coordinate (m)       : -4639171.609
       Y coordinate (m)       : 2723453.565
       Z coordinate (m)       : -3415997.016
       Latitude (N is +)      : -323524.02344
       Longitude (E is +)     : +1493504.84577
       Elevation (m,ellips.)  : 482.412
     Additional Information   : GDA94 coordinates (Reg 13)
                              

3.   GNSS Receiver Information

3.1  Receiver Type            : LEICA GRX1200+GNSS
     Satellite System         : GPS+GLO
     Serial Number            : 495412
     Firmware Version         : 7.53/4.003
     Elevation Cutoff Setting : 0 deg
     Date Installed           : 2009-10-27T00:00Z
     Date Removed             : 2013-01-08T04:05Z
     Temperature Stabiliz.    : none
     Additional Information   : 

3.2  Receiver Type            : LEICA GRX1200+GNSS
     Satellite System         : GPS+GLO
     Serial Number            : 495412
     Firmware Version         : 8.51/6.111
     Elevation Cutoff Setting : 0 deg
     Date Installed           : 2013-01-08T04:05Z
     Date Removed             : 2014-05-16T00:55Z
     Temperature Stabiliz.    : none
     Additional Information   : 

3.3  Receiver Type            : LEICA GRX1200+GNSS
     Satellite System         : GPS+GLO
     Serial Number            : 495412
     Firmware Version         : 8.71/6.112
     Elevation Cutoff Setting : 0 deg
     Date Installed           : 2014-05-16T00:55Z
     Date Removed             : 
     Temperature Stabiliz.    : none
     Additional Information   : 

3.x  Receiver Type            : (A20, from rcvr_ant.tab; see instructions)
     Satellite System         : (GPS+GLO+GAL+BDS+QZSS+SBAS)
     Serial Number            : (A5)
     Firmware Version         : (A11)
     Elevation Cutoff Setting : (deg)
     Date Installed           : (CCYY-MM-DDThh:mmZ)
     Date Removed             : (CCYY-MM-DDThh:mmZ)
     Temperature Stabiliz.    : (none or tolerance in degrees C)
     Additional Information   : (multiple lines)


4.   GNSS Antenna Information

4.1  Antenna Type             : LEIAX1203+GNSS  NONE
     Serial Number            : 09250090
     Antenna Reference Point  : BAM
     Marker->ARP Up Ecc. (m)  : 000.0000
     Marker->ARP North Ecc(m) : 000.0000
     Marker->ARP East Ecc(m)  : 000.0000
     Alignment from True N    : +46 deg
     Antenna Radome Type      : NONE
     Radome Serial Number     : 
     Antenna Cable Type       : LMR400 / LMR400 / LMR195
     Antenna Cable Length     : 5.0 m / 3.0 m / 1.0 m
     Date Installed           : 2009-10-27T00:00Z
     Date Removed             : 
     Additional Information   : Surge Protection (Polyphaser MR50LNZ+15)
                              : installed between 5.0 m and 3.0 m lengths and
                              : Divider (Rojone AMA23012N) installed between
                              : 3.0 m and 1.0 m lengths.

4.x  Antenna Type             : (A20, from rcvr_ant.tab; see instructions)
     Serial Number            : (A*, but note the first A5 is used in SINEX)
     Antenna Reference Point  : (BPA/BCR/XXX from "antenna.gra"; see instr.)
     Marker->ARP Up Ecc. (m)  : (F8.4)
     Marker->ARP North Ecc(m) : (F8.4)
     Marker->ARP East Ecc(m)  : (F8.4)
     Alignment from True N    : (deg; + is clockwise/east)
     Antenna Radome Type      : (A4 from rcvr_ant.tab; see instructions)
     Radome Serial Number     : 
     Antenna Cable Type       : (vendor & type number)
     Antenna Cable Length     : (m)
     Date Installed           : (CCYY-MM-DDThh:mmZ)
     Date Removed             : (CCYY-MM-DDThh:mmZ)
     Additional Information   : (multiple lines)


5.   Surveyed Local Ties

5.x  Tied Marker Name         : 
     Tied Marker Usage        : (SLR/VLBI/LOCAL CONTROL/FOOTPRINT/etc)
     Tied Marker CDP Number   : (A4)
     Tied Marker DOMES Number : (A9)
     Differential Components from GNSS Marker to the tied monument (ITRS)
       dx (m)                 : 
       dy (m)                 : 
       dz (m)                 : 
     Accuracy (mm)            : (mm)
     Survey method            : (GPS CAMPAIGN/TRILATERATION/TRIANGULATION/etc)
     Date Measured            : (CCYY-MM-DDThh:mmZ)
     Additional Information   : (multiple lines)


6.   Frequency Standard

6.1  Standard Type            : INTERNAL
       Input Frequency        : 
       Effective Dates        : 
       Notes                  : 

6.x  Standard Type            : (INTERNAL or EXTERNAL H-MASER/CESIUM/etc)
       Input Frequency        : (if external)
       Effective Dates        : (CCYY-MM-DD/CCYY-MM-DD)
       Notes                  : (multiple lines)


7.   Collocation Information

7.x  Instrumentation Type     : (GPS/GLONASS/DORIS/PRARE/SLR/VLBI/TIME/etc)
       Status                 : (PERMANENT/MOBILE)
       Effective Dates        : (CCYY-MM-DD/CCYY-MM-DD)
       Notes                  : (multiple lines)


8.   Meteorological Instrumentation

8.1.x  Humidity Sensor Model  : 
       Manufacturer           : 
       Serial Number          : 
       Data Sampling Interval : (sec)
       Accuracy (% rel h)     : (% rel h)
       Aspiration             : (UNASPIRATED/NATURAL/FAN/etc)
       Height Diff to Ant     : (m)
       Calibration date       : (CCYY-MM-DD)
       Effective Dates        : (CCYY-MM-DD/CCYY-MM-DD)
       Notes                  : (multiple lines)

8.2.x  Pressure Sensor Model  : 
       Manufacturer           : 
       Serial Number          : 
       Data Sampling Interval : (sec)
       Accuracy               : (hPa)
       Height Diff to Ant     : (m)
       Calibration date       : (CCYY-MM-DD)
       Effective Dates        : (CCYY-MM-DD/CCYY-MM-DD)
       Notes                  : (multiple lines)

8.3.x  Temp. Sensor Model     : 
       Manufacturer           : 
       Serial Number          : 
       Data Sampling Interval : (sec)
       Accuracy               : (deg C)
       Aspiration             : (UNASPIRATED/NATURAL/FAN/etc)
       Height Diff to Ant     : (m)
       Calibration date       : (CCYY-MM-DD)
       Effective Dates        : (CCYY-MM-DD/CCYY-MM-DD)
       Notes                  : (multiple lines)

8.4.x  Water Vapor Radiometer : 
       Manufacturer           : 
       Serial Number          : 
       Distance to Antenna    : (m)
       Height Diff to Ant     : (m)
       Calibration date       : (CCYY-MM-DD)
       Effective Dates        : (CCYY-MM-DD/CCYY-MM-DD)
       Notes                  : (multiple lines)

8.5.x  Other Instrumentation  : (multiple lines)


9.   Local Ongoing Conditions Possibly Affecting Computed Position

9.1.x  Radio Interferences    : (TV/CELL PHONE ANTENNA/RADAR/etc)
       Observed Degredations  : (SN RATIO/DATA GAPS/etc)
       Effective Dates        : (CCYY-MM-DD/CCYY-MM-DD)
       Additional Information : (multiple lines)

9.2.x  Multipath Sources      : (METAL ROOF/DOME/VLBI ANTENNA/etc)
       Effective Dates        : (CCYY-MM-DD/CCYY-MM-DD)
       Additional Information : (multiple lines)

9.3.x  Signal Obstructions    : (TREES/BUILDLINGS/etc)
       Effective Dates        : (CCYY-MM-DD/CCYY-MM-DD)
       Additional Information : (multiple lines)


10.  Local Episodic Effects Possibly Affecting Data Quality

10.x Date                     : (CCYY-MM-DD/CCYY-MM-DD)
     Event                    : (TREE CLEARING/CONSTRUCTION/etc)


11.  On-Site, Point of Contact Agency Information

     Agency                   : NSW Land and Property Information
     Preferred Abbreviation   : LPI
     Mailing Address          : 346 Panorama Avenue
                              : Bathurst NSW 2795
                              : AUSTRALIA
     Primary Contact
       Contact Name           : Simon McElroy
       Telephone (primary)    : +61 2 6332 8300
       Telephone (secondary)  : 
       Fax                    : 
       E-mail                 : Simon.McElroy@lpi.nsw.gov.au
     Secondary Contact
       Contact Name           : Thomas Yan
       Telephone (primary)    : +61 2 6332 8389
       Telephone (secondary)  : 
       Fax                    : 
       E-mail                 : Thomas.Yan@lpi.nsw.gov.au
     Additional Information   : (multiple lines)


12.  Responsible Agency (if different from 11.)

     Agency                   : 
     Preferred Abbreviation   : 
     Mailing Address          : 
     Primary Contact
       Contact Name           : 
       Telephone (primary)    : 
       Telephone (secondary)  : 
       Fax                    : 
       E-mail                 : 
     Secondary Contact
       Contact Name           : 
       Telephone (primary)    : 
       Telephone (secondary)  : 
       Fax                    : 
       E-mail                 : 
     Additional Information   : (multiple lines)


13.  More Information

     Primary Data Center      : CORSnet-NSW (http://www.corsnet.com.au)
     Secondary Data Center    : 
     URL for More Information : http://www.corsnet.com.au
       Hardcopy on File
       Site Map               : (Y or URL)
       Site Diagram           : (Y or URL)
       Horizon Mask           : (Y or URL)
       Monument Description   : (Y or URL)
       Site Pictures          : (Y or URL)
     Additional Information   : (multiple lines)
     Antenna Graphics with Dimensions
     ARP: Antenna Reference Point
     BAM: bottom of antenna mount
     
     LEIAX1203+GNSS

                       ___---___                          <--  0.0620
                  /                 \
          /                                 \
   /                                               \
   +-----------------------------------------------+
   +-----------------------------------------------+
             \---------+  +x+  +---------/
                       =========
                       =========                          <--  0.0000  BAM=ARP

   <--                   0.1700                  -->
