     MWTP Site Information Form (site log)
     International GPS Service
     See Instructions at:
       ftp://igscb.jpl.nasa.gov/pub/station/general/sitelog_instr.txt

0.   Form

     Prepared by (full name)  : Susan Jeffries
     Date Prepared            : 2015-01-16
     Report Type              : UPDATE
     If Update:
      Previous Site Log       : mwtp_20130917.log
      Modified/Added Sections : (n.n,n.n,...)


1.   Site Identification of the GNSS Monument

     Site Name                : Mammoth Water Treatment Plant
     Four Character ID        : MWTP
     Monument Inscription     : 
     IERS DOMES Number        : (A9)
     CDP Number               : (A4)
     Monument Description     : BUILDING ROOF
       Height of the Monument :  (m)
       Monument Foundation    : (STEEL RODS, CONCRETE BLOCK, ROOF, etc)
       Foundation Depth       :  (m)
     Marker Description       : SCIGN MOUNT MARK
     Date Installed           : 1998-08-14T00:00Z
     Geologic Characteristic  : (BEDROCK/CLAY/CONGLOMERATE/GRAVEL/SAND/etc)
       Bedrock Type           : (IGNEOUS/METAMORPHIC/SEDIMENTARY)
       Bedrock Condition      : (FRESH/JOINTED/WEATHERED)
       Fracture Spacing       : (1-10 cm/11-50 cm/51-200 cm/over 200 cm)
       Fault zones nearby     : (YES/NO/Name of the zone)
         Distance/activity    : (multiple lines)
     Additional Information   : Antenna mounted on top of roof on concrete wall.
                              :          



2.   Site Location Information

     City or Town             : Mammoth Lakes
     State or Province        : California
     Country                  : USA
     Tectonic Plate           : North America
     Approximate Position (ITRF)
       X coordinate (m)       : -2448250.2957
       Y coordinate (m)       : -4426831.4562
       Z coordinate (m)       : 3875339.1268
       Latitude (N is +)      : +373825.80
       Longitude (E is +)     : -1185640.92
       Elevation (m,ellips.)  : 2317.3791
     Additional Information   : 


3.  GNSS Receiver Information

3.1  Receiver Type            : ASHTECH UZ-12
     Satellite System         : GPS
     Serial Number            : UX00290
     Firmware Version         : UE00
     Elevation Cutoff Setting : 0 deg
     Date Installed           : 1998-08-14T00:00Z
     Date Removed             : 2000-08-28T00:00Z
     Temperature Stabiliz.    : none
     Additional Information   : (multiple lines)

3.2  Receiver Type            : ASHTECH UZ-12
     Satellite System         : GPS
     Serial Number            : UX00290
     Firmware Version         : UG00
     Elevation Cutoff Setting : 0 deg
     Date Installed           : 2000-08-28T00:00Z
     Date Removed             : 2005-04-12T00:00Z
     Temperature Stabiliz.    : none
     Additional Information   : (multiple lines)

3.3  Receiver Type            : ASHTECH UZ-12
     Satellite System         : GPS
     Serial Number            : UX00280
     Firmware Version         : ZC00
     Elevation Cutoff Setting :  deg
     Date Installed           : 2005-04-12T00:00Z
     Date Removed             : 2007-07-24T00:00Z
     Temperature Stabiliz.    : none
     Additional Information   : (multiple lines)

3.4  Receiver Type            : ASHTECH Z-XII3
     Satellite System         : GPS
     Serial Number            : LP019991621
     Firmware Version         : CC00
     Elevation Cutoff Setting :  deg
     Date Installed           : 2007-07-24T00:00Z
     Date Removed             : 2009-02-13T00:00Z
     Temperature Stabiliz.    : none
     Additional Information   : (multiple lines)

3.5  Receiver Type            : TRIMBLE NETRS
     Satellite System         : GPS
     Serial Number            : 4752143425
     Firmware Version         : 1.2-5
     Elevation Cutoff Setting :  deg
     Date Installed           : 2009-02-13T00:00Z
     Date Removed             : 2009-02-17T23:59Z
     Temperature Stabiliz.    : none
     Additional Information   : (multiple lines)

3.6  Receiver Type            : TRIMBLE NETRS
     Satellite System         : GPS
     Serial Number            : 4752143425
     Firmware Version         : 1.1-5
     Elevation Cutoff Setting :  deg
     Date Installed           : 2009-02-18T00:00Z
     Date Removed             : 2011-04-13T19:30Z
     Temperature Stabiliz.    : none
     Additional Information   : (multiple lines)

3.7  Receiver Type            : JAVAD TRE_G3TH SIGMA
     Satellite System         : GPS
     Serial Number            : 00470
     Firmware Version         : 3.3.0 Mar,03,2011
     Elevation Cutoff Setting :  deg
     Date Installed           : 2011-04-13T19:30Z
     Date Removed             : 2011-10-02T17:00Z
     Temperature Stabiliz.    : none
     Additional Information   : (multiple lines)

3.8  Receiver Type            : JAVAD TRE_G3TH SIGMA
     Satellite System         : GPS
     Serial Number            : 00470
     Firmware Version         : 3.3.3 Sep,28,2011
     Elevation Cutoff Setting :  deg
     Date Installed           : 2011-10-02T17:00Z
     Date Removed             : 2012-06-08T17:15Z
     Temperature Stabiliz.    : none
     Additional Information   : (multiple lines)

3.9  Receiver Type            : JAVAD TRE_G3TH SIGMA
     Satellite System         : GPS
     Serial Number            : 00470
     Firmware Version         : 3.4.3 Jun,05,2012                                 
     Elevation Cutoff Setting : 0 deg
     Date Installed           : 2012-06-08T17:15Z
     Date Removed             : 2013-03-09T18:50Z
     Temperature Stabiliz.    : none
     Additional Information   : (multiple lines)

3.10 Receiver Type            : JAVAD TRE_G3TH SIGMA
     Satellite System         : GPS
     Serial Number            : 00470
     Firmware Version         : 3.5.1 Mar,04,2013
     Elevation Cutoff Setting : 0 deg
     Date Installed           : 2013-03-09T19:10Z
     Date Removed             : 2013-08-03T23:10Z
     Temperature Stabiliz.    : none
     Additional Information   : (multiple lines)

3.11 Receiver Type            : JAVAD TRE_G3TH SIGMA
     Satellite System         : GPS
     Serial Number            : 00470
     Firmware Version         : 3.5.2 Aug,01,2013
     Elevation Cutoff Setting : 0 deg
     Date Installed           : 2013-08-03T23:30Z
     Date Removed             : 2013-09-22T15:14Z
     Temperature Stabiliz.    : none
     Additional Information   : (multiple lines)

3.12 Receiver Type            : JAVAD TRE_G3TH SIGMA
     Satellite System         : GPS
     Serial Number            : 00470
     Firmware Version         : 3.5.3 Sep,19,2013
     Elevation Cutoff Setting : 0 deg
     Date Installed           : 2013-09-22T15:17Z
     Date Removed             : 2015-01-16T22:00Z
     Temperature Stabiliz.    : none
     Additional Information   : (multiple lines)

3.13 Receiver Type            : JAVAD TRE_G3TH SIGMA
     Satellite System         : GPS+GLO+GAL
     Serial Number            : 00468
     Firmware Version         : 3.6.1 Dec,30,2014
     Elevation Cutoff Setting : 0 deg
     Date Installed           : 2015-01-16T22:00Z
     Date Removed             : (CCYY-MM-DDThh:mmZ)
     Temperature Stabiliz.    : none
     Additional Information   : (multiple lines)

3.x  Receiver Type            : (A20, from rcvr_ant.tab; see instructions)
     Satellite System         : (GPS+GLO+GAL+BDS+QZSS+SBAS)
     Serial Number            : (A20, but note the first A5 is used in SINEX)
     Firmware Version         : (A11)
     Elevation Cutoff Setting : (deg)
     Date Installed           : (CCYY-MM-DDThh:mmZ)
     Date Removed             : (CCYY-MM-DDThh:mmZ)
     Temperature Stabiliz.    : (none or tolerance in degrees C)
     Additional Information   : (multiple lines)


4.   GNSS Antenna Information

4.1  Antenna Type             : ASH700936E      UNAV
     Serial Number            : CR16288
     Antenna Reference Point  : BPA
     Marker->ARP Up Ecc. (m)  : 0.0793
     Marker->ARP North Ecc(m) :
     Marker->ARP East Ecc(m)  :
     Alignment from True N    : (deg; + is clockwise/east)
     Antenna Radome Type      : UNAV
     Radome Serial Number     : N/A
     Antenna Cable Type       : (vendor & type number)
     Antenna Cable Length     : (m)
     Date Installed           : 1998-08-14T00:00Z
     Date Removed             : 2000-07-22T00:00Z
     Additional Information   : UNAVCO Leveling mount

4.2  Antenna Type             : ASH700936E      SCIS
     Serial Number            : CR16288
     Antenna Reference Point  : BPA
     Marker->ARP Up Ecc. (m)  : 0.0793
     Marker->ARP North Ecc(m) :
     Marker->ARP East Ecc(m)  :
     Alignment from True N    : (deg; + is clockwise/east)
     Antenna Radome Type      : SCIS
     Radome Serial Number     : N/A
     Antenna Cable Type       : (vendor & type number)
     Antenna Cable Length     : (m)
     Date Installed           : 2000-07-22T00:00Z
     Date Removed             : (CCYY-MM-DDThh:mmZ)
     Additional Information   : UNAVCO Leveling mount

4.x  Antenna Type             : (A20, from rcvr_ant.tab; see instructions)
     Serial Number            : (A*, but note the first A5 is used in SINEX)
     Antenna Reference Point  : (BPA/BCR/XXX from "antenna.gra"; see instr.)
     Marker->ARP Up Ecc. (m)  : (F8.4)
     Marker->ARP North Ecc(m) : (F8.4)
     Marker->ARP East Ecc(m)  : (F8.4)
     Alignment from True N    : (deg; + is clockwise/east)
     Antenna Radome Type      : (A4 from rcvr_ant.tab; see instructions)
     Radome Serial Number     :
     Antenna Cable Type       : (vendor & type number)
     Antenna Cable Length     : (m)
     Date Installed           : (CCYY-MM-DDThh:mmZ)
     Date Removed             : (CCYY-MM-DDThh:mmZ)
     Additional Information   : (multiple lines)

5.   Surveyed Local Ties

5.x  Tied Marker Name         : 
     Tied Marker Usage        : (SLR/VLBI/LOCAL CONTROL/FOOTPRINT/etc)
     Tied Marker CDP Number   : (A4)
     Tied Marker DOMES Number : (A9)
     Differential Components from GNSS Marker to the tied monument (ITRS)
       dx (m)                 : (m)
       dy (m)                 : (m)
       dz (m)                 : (m)
     Accuracy (mm)            : (mm)
     Survey method            : (GPS CAMPAIGN/TRILATERATION/TRIANGULATION/etc)
     Date Measured            : (CCYY-MM-DDThh:mmZ)
     Additional Information   : (multiple lines)


6.   Frequency Standard

6.1  Standard Type            : INTERNAL
       Input Frequency        :
       Effective Dates        : 1998-08-14/CCYY-MM-DD
       Notes                  : (multiple lines)

6.x  Standard Type            : (INTERNAL or EXTERNAL H-MASER/CESIUM/etc)
       Input Frequency        : (if external)
       Effective Dates        : (CCYY-MM-DD/CCYY-MM-DD)
       Notes                  : (multiple lines)


7.   Collocation Information

7.x  Instrumentation Type     : (GPS/GLONASS/DORIS/PRARE/SLR/VLBI/TIME/etc)
       Status                 : (PERMANENT/MOBILE)
       Effective Dates        : (CCYY-MM-DD/CCYY-MM-DD)
       Notes                  : (multiple lines)


8.   Meteorological Instrumentation

8.1.x Humidity Sensor Model   : 
       Manufacturer           : 
       Serial Number          : 
       Data Sampling Interval : (sec)
       Accuracy (% rel h)     : (% rel h)
       Aspiration             : (UNASPIRATED/NATURAL/FAN/etc)
       Height Diff to Ant     : (m)
       Calibration date       : (CCYY-MM-DD)
       Effective Dates        : (CCYY-MM-DD/CCYY-MM-DD)
       Notes                  : (multiple lines)

8.2.x Pressure Sensor Model   : 
       Manufacturer           : 
       Serial Number          : 
       Data Sampling Interval : (sec)
       Accuracy               : (hPa)
       Height Diff to Ant     : (m)
       Calibration date       : (CCYY-MM-DD)
       Effective Dates        : (CCYY-MM-DD/CCYY-MM-DD)
       Notes                  : (multiple lines)

8.3.x Temp. Sensor Model      : 
       Manufacturer           : 
       Serial Number          : 
       Data Sampling Interval : (sec)
       Accuracy               : (deg C)
       Aspiration             : (UNASPIRATED/NATURAL/FAN/etc)
       Height Diff to Ant     : (m)
       Calibration date       : (CCYY-MM-DD)
       Effective Dates        : (CCYY-MM-DD/CCYY-MM-DD)
       Notes                  : (multiple lines)

8.4.x Water Vapor Radiometer  : 
       Manufacturer           :
       Serial Number          :
       Distance to Antenna    : (m)
       Height Diff to Ant     : (m)
       Calibration date       : (CCYY-MM-DD)
       Effective Dates        : (CCYY-MM-DD/CCYY-MM-DD)
       Notes                  : (multiple lines)

8.5.x Other Instrumentation   : (multiple lines)


9.  Local Ongoing Conditions Possibly Affecting Computed Position

9.1.x Radio Interferences     : (TV/CELL PHONE ANTENNA/RADAR/etc)
       Observed Degradations  : (SN RATIO/DATA GAPS/etc)
       Effective Dates        : (CCYY-MM-DD/CCYY-MM-DD)
       Additional Information : (multiple lines)

9.2.x Multipath Sources       : (METAL ROOF/DOME/VLBI ANTENNA/etc)
       Effective Dates        : (CCYY-MM-DD/CCYY-MM-DD)
       Additional Information : (multiple lines)

9.3.x Signal Obstructions     : (TREES/BUILDINGS/etc)
       Effective Dates        : (CCYY-MM-DD/CCYY-MM-DD)
       Additional Information : (multiple lines)

10.  Local Episodic Effects Possibly Affecting Data Quality

10.x Date                     : (CCYY-MM-DD/CCYY-MM-DD)
     Event                    : (TREE CLEARING/CONSTRUCTION/etc)

11.   On-Site, Point of Contact Agency Information

     Agency                   : United States Geological Survey
     Preferred Abbreviation   : Cascades Volcano Obs.
     Mailing Address          : 1300 SE Cardinal Ct., BLDG. 10, Suite 100
                              : Vancouver, WA 98683
     Primary Contact
       Contact Name           : Mike Lisowski
       Telephone (primary)    : 360-993-8933
       Telephone (secondary)  :
       Fax                    : 360-993-8980
       E-mail                 : mlisowski@usgs.gov
     Secondary Contact
       Contact Name           : Benjamin Pauk
       Telephone (primary)    : 360-993-8992
       Telephone (secondary)  :
       Fax                    : 360-993-8980
       E-mail                 : bpauk@usgs.gov
     Additional Information   : (multiple lines)


12.  Responsible Agency (if different from 11.)

     Agency                   :
     Preferred Abbreviation   : (A10)
     Mailing Address          :
     Primary Contact
       Contact Name           : 
       Telephone (primary)    : 
       Telephone (secondary)  :
       Fax                    : 
       E-mail                 : 
     Secondary Contact
       Contact Name           :
       Telephone (primary)    :
       Telephone (secondary)  :
       Fax                    :
       E-mail                 :
     Additional Information   : (multiple lines)


13.  More Information

     Primary Data Center      : UNAVCO Boulder Facility Archive
     Secondary Data Center    : 
     URL for More Information : http://www.unavco.org
     Hardcopy on File
       Site Map               : (Y or URL)
       Site Diagram           : (Y or URL)
       Horizon Mask           : (Y or URL)
       Monument Description   : (Y or URL)
       Site Pictures          : (Y or URL)
     Additional Information   : (multiple lines)
     Antenna Graphics with Dimensions

ASH700936E
ASH700936E_C
ASH700936F_C


                        +---------+
                       /     +     \                        <--  0.1280 L2
                      |      +      |                       <--  0.1100 L1
    +-----------------+-------------+------------------+    <--  0.1008 TCR
    |                                                  |
    |                                                  |
    |                                                  |
    |                                                  |
  +-+--------------------------------------------------+-+  <--  0.0378
  +-------------------+-------------+--------------------+  <--  0.0348 BCR
                      |             |
                      |             |
                      +------x------+                       <--  0.0000 BPA=ARP

  <--                      0.3794                      -->

