     NJEC Site Information Form (site log)
     International GNSS Service
     See Instructions at:
       ftp://igscb.jpl.nasa.gov/pub/station/general/sitelog_instr.txt

0.   Form

     Prepared by (full name)  : DaVid Alexander Cisneros Revelo
     Date Prepared            : 2013-07-05
     Report Type              : NEW
     If Update:
      Previous Site Log       : 
      Modified/Added Sections : 


1.   Site Identification of the GNSS Monument

     Site Name                : Naranjal
     Four Character ID        : NJEC
     Monument Inscription     : 
     IERS DOMES Number        : 42028M001
     CDP Number               : 
     Monument Description     : Concrete pillar built at top of "Salon de la 
     				Ciudad" building, with force centering device
     				on top. 
                                The station is installed in "Salon de la 
                                Ciudad" of "Municipio de Naranjal" building,
                                in Naranjal city, Guayas province
       Height of the Monument : 2.00
       Monument Foundation    : roof
       Foundation Depth       : 0.50 m.
     Marker Description       : 
     Date Installed           : 2012-12-09
     Geologic Characteristic  : 
       Bedrock Type           : 
       Bedrock Condition      : 
       Fracture Spacing       : 
       Fault zones nearby     : 
         Distance/activity    : 
     Additional Information   : REGME (Red GNSS de Monitoreo Continuo
                                del Ecuador)
     
     

2.   Site Location Information

     City or Town             : Naranjal
     State or Province        : Guayas
     Country                  : Ecuador
     Tectonic Plate           : South American
     Approximate Position (ITRF)
       X coordinate (m)       : 1147859.23
       Y coordinate (m)       : -6267034.32
       Z coordinate (m)       : -295702.02
       Latitude (N is +)      : -024030.58
       Longitude (E is +)     : -0793715.06
       Elevation (m,ellips.)  : 51.40
     Additional Information   : REGME_EC Network


3.   GNSS Receiver Information

3.1  Receiver Type            : TRIMBLE NETR9
     Satellite System         : GPS+GLO
     Serial Number            : 5225K50252
     Firmware Version         : 4.81
     Elevation Cutoff Setting : 0
     Date Installed           : 2012-12-09
     Date Removed             : (CCYY-MM-DDThh:mmZ)
     Temperature Stabiliz.    : none
     Additional Information   : REGME_EC Network
     
3.x  Receiver Type            : (A20, from rcvr_ant.tab; see instructions)
     Satellite System         : (GPS+GLO+GAL+BDS+QZSS+SBAS)
     Serial Number            : (A20, but note the first A5 is used in SINEX)
     Firmware Version         : (A11)
     Elevation Cutoff Setting : (deg)
     Date Installed           : (CCYY-MM-DDThh:mmZ)
     Date Removed             : (CCYY-MM-DDThh:mmZ)
     Temperature Stabiliz.    : (none or tolerance in degrees C)
     Additional Information   : (multiple lines)


4.   GNSS Antenna Information

4.1  Antenna Type             : TRM59800.00
     Serial Number            : 54396
     Antenna Reference Point  : BPA
     Marker->ARP Up Ecc. (m)  : 0.000
     Marker->ARP North Ecc(m) : 0.000
     Marker->ARP East Ecc(m)  : 0.000
     Alignment from True N    : 0
     Antenna Radome Type      : SCIS
     Radome Serial Number     : 1372
     Antenna Cable Type       : LMR400
     Antenna Cable Length     : 30 m. 
     Date Installed           : 2012-12-09
     Date Removed             : (CCYY-MM-DDThh:mmZ)
     Additional Information   : REGME_EC Network

4.x  Antenna Type             : (A20, from rcvr_ant.tab; see instructions)
     Serial Number            : (A*, but note the first A5 is used in SINEX)
     Antenna Reference Point  : (BPA/BCR/XXX from "antenna.gra"; see instr.)
     Marker->ARP Up Ecc. (m)  : (F8.4)
     Marker->ARP North Ecc(m) : (F8.4)
     Marker->ARP East Ecc(m)  : (F8.4)
     Alignment from True N    : (deg; + is clockwise/east)
     Antenna Radome Type      : (A4 from rcvr_ant.tab; see instructions)
     Radome Serial Number     : 
     Antenna Cable Type       : (vendor & type number)
     Antenna Cable Length     : (m)
     Date Installed           : (CCYY-MM-DDThh:mmZ)
     Date Removed             : (CCYY-MM-DDThh:mmZ)
     Additional Information   : (multiple lines)

5.   Surveyed Local Ties

5.x  Tied Marker Name         : 
     Tied Marker Usage        : (SLR/VLBI/LOCAL CONTROL/FOOTPRINT/etc)
     Tied Marker CDP Number   : (A4)
     Tied Marker DOMES Number : (A9)
     Differential Components from GNSS Marker to the tied monument (ITRS)
       dx (m)                 : (m)
       dy (m)                 : (m)
       dz (m)                 : (m)
     Accuracy (mm)            : (mm)
     Survey method            : (GPS CAMPAIGN/TRILATERATION/TRIANGULATION/etc)
     Date Measured            : (CCYY-MM-DDThh:mmZ)
     Additional Information   : (multiple lines)


6.   Frequency Standard

6.1  Standard Type            : (INTERNAL or EXTERNAL H-MASER/CESIUM/etc)
       Input Frequency        : (if external)
       Effective Dates        : (CCYY-MM-DD/CCYY-MM-DD)
       Notes                  : (multiple lines)

6.x  Standard Type            : (INTERNAL or EXTERNAL H-MASER/CESIUM/etc)
       Input Frequency        : (if external)
       Effective Dates        : (CCYY-MM-DD/CCYY-MM-DD)
       Notes                  : (multiple lines)


7.   Collocation Information

7.1  Instrumentation Type     : GPS/GLONASS
       Status                 : PERMANENT
       Effective Dates        : 2012-12-09
       Notes                  : 

7.x  Instrumentation Type     : (GPS/GLONASS/DORIS/PRARE/SLR/VLBI/TIME/etc)
       Status                 : (PERMANENT/MOBILE)
       Effective Dates        : (CCYY-MM-DD/CCYY-MM-DD)
       Notes                  : (multiple lines)


8.   Meteorological Instrumentation

8.1.1 Humidity Sensor Model   : 
       Manufacturer           : 
       Serial Number          : 
       Data Sampling Interval : (sec)
       Accuracy (% rel h)     : (% rel h)
       Aspiration             : (UNASPIRATED/NATURAL/FAN/etc)
       Height Diff to Ant     : (m)
       Calibration date       : (CCYY-MM-DD)
       Effective Dates        : (CCYY-MM-DD/CCYY-MM-DD)
       Notes                  : (multiple lines)

8.1.x Humidity Sensor Model   : 
       Manufacturer           : 
       Serial Number          : 
       Data Sampling Interval : (sec)
       Accuracy (% rel h)     : (% rel h)
       Aspiration             : (UNASPIRATED/NATURAL/FAN/etc)
       Height Diff to Ant     : (m)
       Calibration date       : (CCYY-MM-DD)
       Effective Dates        : (CCYY-MM-DD/CCYY-MM-DD)
       Notes                  : (multiple lines)

8.2.1 Pressure Sensor Model   : 
       Manufacturer           : 
       Serial Number          : 
       Data Sampling Interval : (sec)
       Accuracy               : (hPa)
       Height Diff to Ant     : (m)
       Calibration date       : (CCYY-MM-DD)
       Effective Dates        : (CCYY-MM-DD/CCYY-MM-DD)
       Notes                  : (multiple lines)

8.2.x Pressure Sensor Model   : 
       Manufacturer           : 
       Serial Number          : 
       Data Sampling Interval : (sec)
       Accuracy               : (hPa)
       Height Diff to Ant     : (m)
       Calibration date       : (CCYY-MM-DD)
       Effective Dates        : (CCYY-MM-DD/CCYY-MM-DD)
       Notes                  : (multiple lines)

8.3.1 Temp. Sensor Model      : 
       Manufacturer           : 
       Serial Number          : 
       Data Sampling Interval : (sec)
       Accuracy               : (deg C)
       Aspiration             : (UNASPIRATED/NATURAL/FAN/etc)
       Height Diff to Ant     : (m)
       Calibration date       : (CCYY-MM-DD)
       Effective Dates        : (CCYY-MM-DD/CCYY-MM-DD)
       Notes                  : (multiple lines)

8.3.x Temp. Sensor Model      : 
       Manufacturer           : 
       Serial Number          : 
       Data Sampling Interval : (sec)
       Accuracy               : (deg C)
       Aspiration             : (UNASPIRATED/NATURAL/FAN/etc)
       Height Diff to Ant     : (m)
       Calibration date       : (CCYY-MM-DD)
       Effective Dates        : (CCYY-MM-DD/CCYY-MM-DD)
       Notes                  : (multiple lines)

8.4.1 Water Vapor Radiometer  : 
       Manufacturer           : 
       Serial Number          : 
       Distance to Antenna    : (m)
       Height Diff to Ant     : (m)
       Calibration date       : (CCYY-MM-DD)
       Effective Dates        : (CCYY-MM-DD/CCYY-MM-DD)
       Notes                  : (multiple lines)

8.4.x Water Vapor Radiometer  : 
       Manufacturer           : 
       Serial Number          : 
       Distance to Antenna    : (m)
       Height Diff to Ant     : (m)
       Calibration date       : (CCYY-MM-DD)
       Effective Dates        : (CCYY-MM-DD/CCYY-MM-DD)
       Notes                  : (multiple lines)

8.5.1 Other Instrumentation   : (multiple lines)

8.5.x Other Instrumentation   : (multiple lines)


9.  Local Ongoing Conditions Possibly Affecting Computed Position

9.1.1 Radio Interferences     : (TV/CELL PHONE ANTENNA/RADAR/etc)
       Observed Degradations  : (SN RATIO/DATA GAPS/etc)
       Effective Dates        : (CCYY-MM-DD/CCYY-MM-DD)
       Additional Information : (multiple lines)

9.1.x Radio Interferences     : (TV/CELL PHONE ANTENNA/RADAR/etc)
       Observed Degradations  : (SN RATIO/DATA GAPS/etc)
       Effective Dates        : (CCYY-MM-DD/CCYY-MM-DD)
       Additional Information : (multiple lines)

9.2.1 Multipath Sources       : (METAL ROOF/DOME/VLBI ANTENNA/etc)
       Effective Dates        : (CCYY-MM-DD/CCYY-MM-DD)
       Additional Information : (multiple lines)

9.2.x Multipath Sources       : (METAL ROOF/DOME/VLBI ANTENNA/etc)
       Effective Dates        : (CCYY-MM-DD/CCYY-MM-DD)
       Additional Information : (multiple lines)

9.3.1 Signal Obstructions     : (TREES/BUILDLINGS/etc)
       Effective Dates        : (CCYY-MM-DD/CCYY-MM-DD)
       Additional Information : (multiple lines)

9.3.x Signal Obstructions     : (TREES/BUILDLINGS/etc)
       Effective Dates        : (CCYY-MM-DD/CCYY-MM-DD)
       Additional Information : (multiple lines)

10.  Local Episodic Effects Possibly Affecting Data Quality

10.1 Date                     : (CCYY-MM-DD/CCYY-MM-DD)
     Event                    : (TREE CLEARING/CONSTRUCTION/etc)

10.x Date                     : (CCYY-MM-DD/CCYY-MM-DD)
     Event                    : (TREE CLEARING/CONSTRUCTION/etc)

11.   On-Site, Point of Contact Agency Information

     Agency                   : Municipio del Cantón Naranjal
     Preferred Abbreviation   : GADMCN
     Mailing Address          : Av. Olmedo 1201 y Bolivar
                                
     
     Primary Contact
       Contact Name           : Ing. Henry Benavides
       Telephone (primary)    : +593 99 926-7343
       Telephone (secondary)  : +593 42 750-191
       Fax                    : 
       E-mail                 : henry.benavides@naranjal.gob.ec
     Secondary Contact
       Contact Name           : Ing. Geovanny Parraga
       Telephone (primary)    : +593 99 399-4017
       Telephone (secondary)  : +593 42 750-191
       Fax                    : 
       E-mail                 : geovanny.parraga@naranjal.gob.ec
     Additional Information   : 

12.  Responsible Agency (if different from 11.)

     Agency                   : Instituto Geografico Militar Ecuador
     Preferred Abbreviation   : IGM_EC
     Mailing Address          : Av. Seniergues E4-676 y Gral. Telmo Paz y Miño
     				Apartado: 17-01-2435
     Primary Contact
       Contact Name           : Ing. David A.Cisneros R.
       Telephone (primary)    : +593 23 975 100 Ext 2013
       Telephone (secondary)  : +593 99 524 8097 
       Fax                    : 
       E-mail                 : david.cisneros@mail.igm.gob.ec
     Secondary Contact
       Contact Name           : Geom. Marco Amores
       Telephone (primary)    : +593 23 975 100 Ext 2013
       Telephone (secondary)  : 
       Fax                    : 
       E-mail                 : marco.amores@mail.igm.gob.ec
     Additional Information   : Centro de Procesamiento de Datos GNSS del 
     			        Ecuador - IGM (Quito-Ecuador)


13.  More Information

     Primary Data Center      : Centro de Procesamienton Datos GNSS del Ecuador
     Secondary Data Center    : REGME
     URL for More Information : http://www.geoportaligm.gob.ec
     Hardcopy on File
       Site Map               : 
       Site Diagram           : 
       Horizon Mask           : 
       Monument Description   : 
       Site Pictures          : 
     Additional Information   : 
     
     
14. Antenna Graphics with Dimensions

TRM59800.00

                         -----
                     /           \
                    |             |
  +-------------------------------------------------+     <--  0.1020  TCR
  |                                                 |
  |                                                 |
  |                                                 |
  |                                                 |
+-+-------------------------------------------------+-+   <--  0.0381
+-------------------+-------------+-------------------+   <--  0.0350  BCR
                    |             |
                   =|             |
                    +------x------+                       <--  0.0000  BPA=ARP

<--                      0.3810                     -->


