     International GPS Service
     NRC2 Site Information Form
     See Instructions at:
       ftp://igscb.jpl.nasa.gov/pub/station/general/sitelog_instr.txt

0.   Form

     Prepared by (full name)  : Stephen Delahunt
     Date Prepared            : 2001-09-12
     Report Type              : UPDATE
     If Update:
      Previous Site Log       : nrc20109.log
      Modified/Added Sections : (n.n,n.n,...)

1.  Site Identification of the GNSS Monument

     Site Name                : OTTAWA NRC
     Four Character ID        : NRC2
     Monument Inscription     : 943020
     IERS DOMES Number        : 40114M001
     CDP Number               : (A4)
     Monument Description     : (PILLAR/BRASS PLATE/STEEL MAST/etc)
       Height of the Monument : (m)
       Monument Foundation    : (STEEL RODS, CONCRETE BLOCK, ROOF, etc)
       Foundation Depth       : (m)
     Marker Description       : (CHISELLED CROSS/DIVOT/BRASS NAIL/etc)
     Date Installed           : 1999-07-25T00:00Z
     Geologic Characteristic  : (BEDROCK/CLAY/CONGLOMERATE/GRAVEL/SAND/etc)
       Bedrock Type           : (IGNEOUS/METAMORPHIC/SEDIMENTARY)
       Bedrock Condition      : (FRESH/JOINTED/WEATHERED)
       Fracture Spacing       : (1-10 cm/11-50 cm/51-200 cm/over 200 cm)
       Fault zones nearby     : (YES/NO/Name of the zone)
         Distance/activity    : (multiple lines)
     Additional Information   : (multiple lines)
                              : Station located on the roof of a three story
                              : high building. Antenna mounted on an extension
                              : of the building steel structure anchored to
                              : bedrock and protruding through the roof.

2.   Site Location Information

     City or Town             : OTTAWA
     State or Province        : Ontario
     Country                  : CANADA
     Tectonic Plate           : North American
     Approximate Position (ITRF)
       X coordinate (m)       : 1112777.3350
       Y coordinate (m)       : -4341475.8260
       Z coordinate (m)       : 4522955.7780
       Latitude (N is +)      : +452715.12
       Longitude (E is +)     : -0753725.68
       Elevation (m,ellips.)  : 82.4755
     Additional Information   : Located at the Frequency and Time Laboratory,
                              : Institute for National Measurement Standards,
                              : National Research Council Canada.

3.  GNSS Receiver Information


3.1  Receiver Type            : AOA SNR-12 ACT
     Satellite System         : (GPS/GLONASS/GPS+GLONASS)
     Serial Number            : 203-U
     Firmware Version         : TURBO 3.3.32.2N
     Elevation Cutoff Setting : (deg)
     Date Installed           : 1999-07-25T00:00Z
     Date Removed             : 2000-05-24T15:15Z
     Temperature Stabiliz.    : (none or tolerance in degrees C)
     Additional Information   : 

3.2  Receiver Type            : AOA SNR-8100 ACT
     Satellite System         : (GPS/GLONASS/GPS+GLONASS)
     Serial Number            : 124-U
     Firmware Version         : TURBO 3.3.32.2N
     Elevation Cutoff Setting : (deg)
     Date Installed           : 2000-05-24T15:15Z
     Date Removed             : (CCYY-MM-DDThh:mmZ)
     Temperature Stabiliz.    : (none or tolerance in degrees C)
     Additional Information   : 

3.x  Receiver Type            : (A20, from rcvr_ant.tab; see instructions)
     Satellite System         : (GPS/GLONASS/GPS+GLONASS)
     Serial Number            : (A5)
     Firmware Version         : (A11)
     Elevation Cutoff Setting : (deg)
     Date Installed           : (CCYY-MM-DDThh:mmZ)
     Date Removed             : (CCYY-MM-DDThh:mmZ)
     Temperature Stabiliz.    : (none or tolerance in degrees C)
     Additional Information   : (multiple lines)

4.  GNSS Antenna Information


4.1  Antenna Type             : AOAD/M_T
     Serial Number            : 280
     Antenna Reference Point  : BPA
     Marker->ARP Up Ecc. (m)  : 0.0000
     Marker->ARP North Ecc(m) : (F8.4)
     Marker->ARP East Ecc(m)  : (F8.4)
     Alignment from True N    : 
     Antenna Radome Type      : 
     Radome Serial Number     : 
     Antenna Cable Type       : (vendor & type number)
     Antenna Cable Length     : (m)
     Date Installed           : 1999-07-25T00:00Z
     Date Removed             : (CCYY-MM-DDThh:mmZ)
     Additional Information   : 

4.x  Antenna Type             : (A20, from rcvr_ant.tab; see instructions)
     Serial Number            : (A*, but note the first A5 is used in SINEX)
     Antenna Reference Point  : (BPA/BCR/XXX from "antenna.gra"; see instr.)
     Marker->ARP Up Ecc. (m)  : (F8.4)
     Marker->ARP North Ecc(m) : (F8.4)
     Marker->ARP East Ecc(m)  : (F8.4)
     Alignment from True N    : (deg; + is clockwise/east)
     Antenna Radome Type      : (A4 from rcvr_ant.tab; see instructions)
     Radome Serial Number     : 
     Antenna Cable Type       : (vendor & type number)
     Antenna Cable Length     : (m)
     Date Installed           : (CCYY-MM-DDThh:mmZ)
     Date Removed             : (CCYY-MM-DDThh:mmZ)
     Additional Information   : (multiple lines)

5.  Surveyed Local Ties


5.x  Tied Marker Name         : 
     Tied Marker Usage        : (SLR/VLBI/LOCAL CONTROL/FOOTPRINT/etc)
     Tied Marker CDP Number   : (A4)
     Tied Marker DOMES Number : (A9)
     Differential Components from GNSS Marker to the tied monument (ITRS)
       dx (m)                 : 
       dy (m)                 : 
       dz (m)                 : 
     Accuracy (mm)            : (mm)
     Survey method            : (GPS CAMPAIGN/TRILATERATION/TRIANGULATION/etc)
     Date Measured            : (CCYY-MM-DDThh:mmZ)
     Additional Information   : (multiple lines)

6.   Frequency Standard


6.1  Standard Type            : H-MASER
       Input Frequency        : 5 MHZ
       Effective Dates        : (1999-07-25/2000-05-24T00:00Z)
       Notes                  : CH-176 Passive Maser

6.2  Standard Type            : H-MASER
       Input Frequency        : 5 MHZ
       Effective Dates        : (2001-04-06/2001-05-29T17:47Z)
       Notes                  : CH-176 Passive Maser

6.3  Standard Type            : H-MASER
       Input Frequency        : 5 MHZ
       Effective Dates        : (2001-05-29/2001-06-05T17:00Z)
       Notes                  : CH-176 Passive Maser #84067

6.4  Standard Type            : H-MASER
       Input Frequency        : 5 MHZ
       Effective Dates        : (2001-06-05/2001-09-10T16:25Z)
       Notes                  : CH-176 Passive Maser #89086

6.5  Standard Type            : H-MASER
       Input Frequency        : 5 MHZ
       Effective Dates        : 2001-09-10/CCYY-MM-DD
       Notes                  : Active Maser

6.x  Standard Type            : (INTERNAL or EXTERNAL H-MASER/CESIUM/etc)
       Input Frequency        : (if external)
       Effective Dates        : (CCYY-MM-DD/CCYY-MM-DD)
       Notes                  : (multiple lines)

7.   Collocation Information


7.x  Instrumentation Type     : (GPS/GLONASS/DORIS/PRARE/SLR/VLBI/TIME/etc)
       Status                 : (PERMANENT/MOBILE)
       Effective Dates        : (CCYY-MM-DD/CCYY-MM-DD)
       Notes                  : (multiple lines)

8.   Meteorological Instrumentation


     Accuracy                 : 0.20
8.1.1  Humidity Sensor Model  : YSI 44212
       Manufacturer           : YSI
       Serial Number          : 
       Data Sampling Interval : 900.00 SEC.
       Accuracy (% rel h)     : (% rel h)
       Aspiration             : (UNASPIRATED/NATURAL/FAN/etc)
       Height Diff to Ant     : (m)
       Calibration date       : (CCYY-MM-DD)
       Effective Dates        : (1999-07-25/1999-07-29T00:00Z)
       Notes                  : Sensor elevated 2 metres above roof level.

8.1.x  Humidity Sensor Model  : 
       Manufacturer           : 
       Serial Number          : 
       Data Sampling Interval : (sec)
       Accuracy (% rel h)     : (% rel h)
       Aspiration             : (UNASPIRATED/NATURAL/FAN/etc)
       Height Diff to Ant     : (m)
       Calibration date       : (CCYY-MM-DD)
       Effective Dates        : (CCYY-MM-DD/CCYY-MM-DD)
       Notes                  : (multiple lines)

8.2.x  Pressure Sensor Model  : 
       Manufacturer           : 
       Serial Number          : 
       Data Sampling Interval : (sec)
       Accuracy               : (hPa)
       Height Diff to Ant     : (m)
       Calibration date       : (CCYY-MM-DD)
       Effective Dates        : (CCYY-MM-DD/CCYY-MM-DD)
       Notes                  : (multiple lines)

8.3.x  Temp. Sensor Model     : 
       Manufacturer           : 
       Serial Number          : 
       Data Sampling Interval : (sec)
       Accuracy               : (hPa)
       Aspiration             : (UNASPIRATED/NATURAL/FAN/etc)
       Height Diff to Ant     : (m)
       Calibration date       : (CCYY-MM-DD)
       Effective Dates        : (CCYY-MM-DD/CCYY-MM-DD)
       Notes                  : (multiple lines)

8.4.x  Water Vapor Radiometer : 
       Manufacturer           : 
       Serial Number          : 
       Distance to Antenna    : (m)
       Height Diff to Ant     : (m)
       Calibration date       : (CCYY-MM-DD)
       Effective Dates        : (CCYY-MM-DD/CCYY-MM-DD)
       Notes                  : (multiple lines)

8.5.x  Other Instrumentation  : 

9.  Local Ongoing Conditions Possibly Affecting Computed Position


9.1.x  Radio Interferences    : (TV/CELL PHONE ANTENNA/RADAR/etc)
       Observed Degredations  : (SN RATIO/DATA GAPS/etc)
       Effective Dates        : (CCYY-MM-DD/CCYY-MM-DD)
       Additional Information : (multiple lines)

9.2.x  Multipath Sources      : (METAL ROOF/DOME/VLBI ANTENNA/etc)
       Effective Dates        : (CCYY-MM-DD/CCYY-MM-DD)
       Additional Information : (multiple lines)

9.3.x  Signal Obstructions    : (TREES/BUILDLINGS/etc)
       Effective Dates        : (CCYY-MM-DD/CCYY-MM-DD)
       Additional Information : (multiple lines)

10.   Local Episodic Effects Possibly Affecting Data Quality


10.x Date                     : (CCYY-MM-DD/CCYY-MM-DD)
     Event                    : (TREE CLEARING/CONSTRUCTION/etc)

11.   On-Site, Point of Contact Agency Information

     Agency                   : GEODETIC SURVEY OF CANADA
     Preferred Abbreviation   : (A10)
     Mailing Address          : 615 Booth St., Ottawa, Ontario
                              : CANADA, K1A 0E9
     Primary Contact
       Contact Name           : Mark Caissy
       Telephone (primary)    : 613-995-4024
       Telephone (secondary)  : 
       Fax                    : 613-995-3215
       E-mail                 : caissy@geod.nrcan.gc.ca
     Secondary Contact
       Contact Name           : Peter Taylor
       Telephone (primary)    : 613-992-2106
       Telephone (secondary)  : 
       Fax                    : 613-995-3215
       E-mail                 : peter.taylor@geod.nrcan.gc.ca
     Additional Information   : (multiple lines)

12.  Responsible Agency (if different from 11.)

     Agency                   : (multiple lines)
     Preferred Abbreviation   : (A10)
     Mailing Address          : (multiple lines)
     Primary Contact
       Contact Name           : 
       Telephone (primary)    : 
       Telephone (secondary)  : 
       Fax                    : 
       E-mail                 : 
     Secondary Contact
       Contact Name           : 
       Telephone (primary)    : 
       Telephone (secondary)  : 
       Fax                    : 
       E-mail                 : 
     Additional Information   : (multiple lines)

13.  More Information

     URL for More Information : http://
       Hardcopy on File
       Site Map               : (Y or URL)
       Site Diagram           : (Y or URL)
       Horizon Mask           : yes
       Monument Description   : (Y or URL)
       Site Pictures          : (Y or URL)
     Additional Information   : (multiple lines)
     Antenna Graphics with Dimensions



 
                                                                                
             TurboRogue: AOAD/M_T                                               
                                                                                
                         -----                                                  
                     /     +     \                        <--  0.128  L2        
                    |      +      |                       <--  0.110  L1        
  +--------------------------------------------------+    <--  0.102  TCR       
  |                                                  |                          
  |                                                  |                          
  |                                                  |                          
  |                                                  |                          
+-+--------------------------------------------------+-+  <--  0.038            
+-------------------+-------------+--------------------+  <--  0.035  BCR       
                    |             |                                             
                    |             |                                             
                    +------x------+                       <--  0.000  ARP       
                                                                                
<--                      0.381                       -->                        
                                                                                

   ARP: Antenna Reference Point
   L1 : L1 Phase Center                   L2 : L2 Phase Center
   TCR: Top of Chokering                  BCR: Bottom of Chokering
