     
     NRMG Site Information Form
     See Instructions at:
       ftp://igscb.jpl.nasa.gov/pub/station/general/sitelog_instr.txt


0.   Form

     Prepared by (full name)  : Jean Paul Cardaliaguet
     Date Prepared            : 2014-06-04
     Report Type              : update
     If Update:
      Previous Site Log       : nrmg_20120919.log
      Modified/Added Sections : 3.1,3.2,3.x


1.  Site Identification of the GNSS Monument

     Site Name                : NORMANDIE
     Four Character ID        : NRMG
     Monument Inscription     : none
     IERS DOMES Number        : 92701M005
     CDP Number               : (A4)
     Monument Description     : STEEL MAST
       Height of the Monument : 2.50m
       Monument Foundation    : CONCRETE BLOCK
       Foundation Depth       : 3.50m
     Marker Description       : 
     Date Installed           : 2006-05-16T00:00Z
     Geologic Characteristic  : 
       Bedrock Type           : SEDIMENTARY
       Bedrock Condition      : WEATHERED on the surface, UNALTERED below
       Fracture Spacing       : 10-50 cm on the first meters, >200 cm
       Fault zones nearby     : 
         Distance/activity    :
     Additional Information   : Local number 33-75a

2.   Site Location Information

     City or Town             : NOUMEA
     State or Province        : NEW CALEDONIA
     Country                  : FRANCE
     Tectonic Plate           : Indo-Australian
     Approximate Position (ITRF)
       X coordinate (m)       : -5743537.658
       Y coordinate (m)       : 1380504.260
       Z coordinate (m)       : -2397897.027
       Latitude (N is +)      : -221341.99
       Longitude (E is +)     : +1662905.58
       Elevation (m,ellips.)  : 160.384
     Additional Information   : ITRF2000 (97.0) coordinates
                              : Alt :99.47 MSL
                              : Located in a resitricted acces area

3.  GNSS Receiver Information

3.1  Receiver Type            : TRIMBLE NETR9
     Satellite System         : GPS+GLO+GAL+SBAS
     Serial Number            : 5101K72972
     Firmware Version         : 4.60
     Elevation Cutoff Setting : 3
     Date Installed           : 2012-09-13T00:00Z
     Date Removed             : 2014-06-04T06:48Z
     Temperature Stabiliz.    : 
     Additional Information   : 

3.2  Receiver Type            : TRIMBLE NETR9
     Satellite System         : GPS+GLO+GAL+BDS+QZSS+SBAS
     Serial Number            : 5101K72972
     Firmware Version         : 4.85
     Elevation Cutoff Setting : 3
     Date Installed           : 2014-06-04T06:48Z
     Date Removed             : (CCYY-MM-DDThh:mmZ)
     Temperature Stabiliz.    : 
     Additional Information   : 

3.x  Receiver Type            : (A20, from rcvr_ant.tab; see instructions)
     Satellite System         : (GPS+GLO+GAL+BDS+QZSS+SBAS)
     Serial Number            : (A5)
     Firmware Version         : (A11)
     Elevation Cutoff Setting : (deg)
     Date Installed           : (CCYY-MM-DDThh:mmZ)
     Date Removed             : (CCYY-MM-DDThh:mmZ)
     Temperature Stabiliz.    : (none or tolerance in degrees C)
     Additional Information   : (multiple lines)

4.  GNSS Antenna Information

4.1  Antenna Type             : TRM57971.00     TZGD
     Serial Number            : 1440921240
     Antenna Reference Point  : BAM
     Marker->ARP Up Ecc. (m)  : 0.0000
     Marker->ARP North Ecc(m) : 0.0000
     Marker->ARP East Ecc(m)  : 0.0000
     Alignment from True N    : (deg; + is clockwise/east)
     Antenna Radome Type      : TZGD
     Radome Serial Number     : NONE
     Antenna Cable Type       : TRIMBLE LMR400
     Antenna Cable Length     : 30 m
     Date Installed           : 2009-10-02T00:00Z
     Date Removed             : (CCYY-MM-DDThh:mmZ)
     Additional Information   : (multiple lines)

4.x  Antenna Type             : (A20, from rcvr_ant.tab; see instructions)
     Serial Number            : (A*, but note the first A5 is used in SINEX)
     Antenna Reference Point  : (BPA/BCR/XXX from "antenna.gra"; see instr.)
     Marker->ARP Up Ecc. (m)  : (F8.4)
     Marker->ARP North Ecc(m) : (F8.4)
     Marker->ARP East Ecc(m)  : (F8.4)
     Alignment from True N    : (deg; + is clockwise/east)
     Antenna Radome Type      : (A4 from rcvr_ant.tab; see instructions)
     Radome Serial Number     : 
     Antenna Cable Type       : (vendor & type number)
     Antenna Cable Length     : (m)
     Date Installed           : (CCYY-MM-DDThh:mmZ)
     Date Removed             : (CCYY-MM-DDThh:mmZ)
     Additional Information   : (multiple lines)

5.  Surveyed Local Ties

5.1  Tied Marker Name         : DORIS NOWB
     Tied Marker Usage        : DORIS
     Tied Marker CDP Number   : 
     Tied Marker DOMES Number : 92701S003
     Differential Components from GNSS Marker to the tied monument (ITRS)
       dx (m)                 : 
       dy (m)                 : 
       dz (m)                 : 
     Accuracy (mm)            : 
     Survey method            : 
     Date Measured            : (CCYY-MM-DDThh:mmZ)
     Additional Information   :


6.   Frequency Standard:

6.1  Standard Type            : 
       Input Frequency        :
       Effective Dates        : 
       Notes                  : 


7.   Collocation Information

7.1  Instrumentation Type     : DORIS
       Status                 : PERMANENTE
       Effective Dates        : 2005-08-25
       Notes                  :


8.   Meteorological Instrumentation

8.1.1  Humidity Sensor Model  : 
       Manufacturer           : 
       Serial Number          :
       Data Sampling Interval : 
       Accuracy (% rel h)     : 
       Aspiration             : 
       Height Diff to Ant     : 
       Calibration date       : 
       Effective Dates        : 
       Notes                  : 


9.  Local Ongoing Conditions Possibly Affecting Computed Position

9.1.1  Radio Interferences    : 
       Observed Degradations  : 
       Effective Dates        : 
       Additional Information : 


10.   Local Episodic Effects Possibly Affecting Data Quality

10.1 Date                     : 
     Event                    : 


11.   On-Site, Point of Contact Agency Information

     Agency                   : DEPARTMENT of LAND (DITTT/ST/BGN)
     Preferred Abbreviation   : DITTT
     Mailing Address          : 1 bis rue Edouard UNGER
                              : 1er vallee du Tir
                              : BP A2 - 98848 NOUMEA Cedex
                              : NEW CALEDONIA
     Primary Contact
       Contact Name           : Didier MICHEL-VILLAZ
       Telephone (primary)    : 687 28 03 27
       Telephone (secondary)  : 687 28 03 00
       Fax                    : 687 27 81 18
       E-mail                 : didier.michel-villaz@gouv.nc
     Secondary Contact
       Contact Name           : BGN DITTT
       Telephone (primary)    : 687 28 03 00
       Telephone (secondary)  : 687 28 03 00
       Fax                    : 687 27 81 18
       E-mail                 : bgn.dittt@gouv.nc
     Additional Information   : banian@banian.gouv.nc


12.   Responsible Agency (if different from 11.)

     Agency                   : Centre National d'Etudes Spatiales
     Preferred Abbreviation   : CNES
     Mailing Address          : CNES DCT/ME/NC - 18, avenue
                              : Edouard Belin
                              : 31401 Toulouse cedex 09 - France
     Primary Contact
       Contact Name           : Jean-Paul Cardaliaguet
       Telephone (primary)    : (33) 5.61.27.31.98
       Telephone (secondary)  : 
       Fax                    : (33) 5.61.28.15.36
       E-mail                 : jean-paul.cardaliaguet@cnes.fr
       Contact Name           : Alain Brissaud
       Telephone (primary)    : (33) 5.61.28.23.66
       Telephone (secondary)  :
       Fax                    : (33) 5 61 28 15 36
       E-mail                 : alain.brissaud@cnes.fr
     Additional Information   : (multiple lines)


13.  More Information

     Primary Data Center      : IGN
     Secondary Data Center    : CDDIS
     URL for More Information : 
       Hardcopy on File
       Site Map               : 
       Site Diagram           : 
       Horizon Mask           : 
       Monument Description   : 
       Site Pictures          : 
     Additional Information   : 
     Antenna Graphics with Dimensions


     TRM57971.00 since 2009-10-02
   / --------------------------------------------- \
  +                                                 +
   \ --------------------------------------------- /
                   \               /
                    \             /
                     \-----+-----/                        <--  0.0000  BAM=ARP

  <--                    0.3396                   -->                  Notches


   ARP: Antenna Reference Point
   L1 : L1 Phase Center                   L2 : L2 Phase Center
   TCR: Top of Chokering                  BCR: Bottom of Chokering
   TGP: Top of Ground Plane               BGP: Bottom of Ground Plane
   TPA: Top of Preamplifier               BPA: Bottom of Preamplifier


