     OAX2 Site Information Form
     International GPS Service
     See Instructions at:
       ftp://igscb.jpl.nasa.gov/pub/station/general/sitelog_instr.txt

0.   Form

     Prepared by (full name)  : JOSE GUILLERMO GASCA MONCAYO
     Date Prepared            : 2015-12-14
     Report Type              : NEW
     If Update:
      Previous Site Log       : (OAX2_20090728.log)
      Modified/Added Sections : (3.3,3.4,n.n,...)

1.  Site Identification of the GNSS Monument

     Site Name                : Oaxaca 
     Four Character ID        : OAX2
     Monument Inscription     : 
     IERS DOMES Number        : 40517M001
     CDP Number               : (A4)
     Monument Description     : PILLAR
       Height of the Monument : 1.10
       Monument Foundation    : CONCRETE ARMED BLOCK ON ROOF
       Foundation Depth       : 0.30
     Marker Description       : ALUMINUM PLATE WITH A SCREW TO THE CENTER
     Date Installed           : 2002-12-20
     Geologic Characteristic  : CONGLOMERATE
       Bedrock Type           : SEDIMENTARY
       Bedrock Condition      : WEATHERED
       Fracture Spacing       : (1-10 cm/10-50 cm/50-200 cm/over 200 cm)
       Fault zones nearby     : NO
         Distance/activity    : (multiple lines)
     Additional Information   : (multiple lines)

2.   Site Location Information

     City or Town             : Oaxaca
     State or Province        : Oaxaca
     Country                  : Mexico
     Tectonic Plate           : North America
     Approximate Position (ITRF)
       X coordinate (m)       : -713483.006
       Y coordinate (m)       : -6058316.124
       Z coordinate (m)       : +1861594.696
       Latitude (N is +)      : +170442.03
       Longitude (E is +)     : -964300.26
       Elevation (m,ellips.)  : 1607.3
     Additional Information   : (multiple lines)


3.  GNSS Receiver Information


3.1  Receiver Type            : ASHTECH Z-XII3
     Satellite System         : GPS
     Serial Number            : 700570B03516
     Firmware Version         : 1L00-1D04
     Elevation Cutoff Setting : 15
     Date Installed           : 2002-12-20
     Date Removed             : 2003-01-13
     Temperature Stabiliz.    : (none or tolerance in degrees C)
     Additional Information   : Replaced due upgrade receiver

3.2  Receiver Type            : TRIMBLE 5700
     Satellite System         : GPS
     Serial Number            : 0220292030
     Firmware Version         : 1.24
     Elevation Cutoff Setting : 10
     Date Installed           : 2003-01-13
     Date Removed             : 2009-07-17
     Temperature Stabiliz.    : (none or tolerance in degrees C)
     Additional Information   : (multiple lines)

3.3  Receiver Type            : TRIMBLE 5700
     Satellite System         : GPS
     Serial Number            : 0220294765
     Firmware Version         : 1.24
     Elevation Cutoff Setting : 10
     Date Installed           : 2009-07-27
     Date Removed             : 2015-12-14
     Temperature Stabiliz.    : (none or tolerance in degrees C)
     Additional Information   : (multiple lines)

3.4  Receiver Type            : TRIMBLE 5700
     Satellite System         : GPS
     Serial Number            : 0220292733
     Firmware Version         : 1.24
     Elevation Cutoff Setting : 10
     Date Installed           : 2015-12-14
     Date Removed             : (CCYY-MM-DDThh:mmZ)
     Temperature Stabiliz.    : (none or tolerance in degrees C)
     Additional Information   : (multiple lines)

3.x  Receiver Type            : (A20, from rcvr_ant.tab; see instructions)
     Satellite System         : (GPS+GLO+GAL+CMP+QZSS+SBAS)
     Serial Number            : (A5)
     Firmware Version         : (A11)
     Elevation Cutoff Setting : (deg)
     Date Installed           : (CCYY-MM-DDThh:mmZ)
     Date Removed             : (CCYY-MM-DDThh:mmZ)
     Temperature Stabiliz.    : (none or tolerance in degrees C)
     Additional Information   : (multiple lines)

4.  GNSS Antenna Information


4.1  Antenna Type             : ASH700228A
     Serial Number            : 700228D1910
     Antenna Reference Point  : BPA
     Marker->ARP Up Ecc. (m)  : 0.0904 
     Marker->ARP North Ecc(m) : (F8.4)
     Marker->ARP East Ecc(m)  : (F8.4)
     Alignment from True N    : 0
     Antenna Radome Type      : NONE
     Radome Serial Number     : 
     Antenna Cable Type       : (vendor & type number)
     Antenna Cable Length     : 20 m
     Date Installed           : 2002-12-20
     Date Removed             : 2003-01-13
     Additional Information   : According to NGS 63.6 mm from antenna base to
                              : reference plane offset height was measured

4.2  Antenna Type             : TRM41249.00
     Serial Number            : 3333
     Antenna Reference Point  : BPA
     Marker->ARP Up Ecc. (m)  : 0.1317
     Marker->ARP North Ecc(m) : (F8.4)
     Marker->ARP East Ecc(m)  : (F8.4)
     Alignment from True N    : 0
     Antenna Radome Type      : NONE
     Radome Serial Number     : 
     Antenna Cable Type       : (vendor & type number)
     Antenna Cable Length     : 30 m 
     Date Installed           : 2003-01-13
     Date Removed             : (CCYY-MM-DDThh:mmZ)
     Additional Information   : (multiple lines)

4.x  Antenna Type             : (A20, from rcvr_ant.tab; see instructions)
     Serial Number            : (A*, but note the first A5 is used in SINEX)
     Antenna Reference Point  : (BPA/BCR/XXX from "antenna.gra"; see instr.)
     Marker->ARP Up Ecc. (m)  : (F8.4)
     Marker->ARP North Ecc(m) : (F8.4)
     Marker->ARP East Ecc(m)  : (F8.4)
     Alignment from True N    : (deg; + is clockwise/east)
     Antenna Radome Type      : (A4 from rcvr_ant.tab; see instructions)
     Radome Serial Number     : 
     Antenna Cable Type       : (vendor & type number)
     Antenna Cable Length     : (m)
     Date Installed           : (CCYY-MM-DDThh:mmZ)
     Date Removed             : (CCYY-MM-DDThh:mmZ)
     Additional Information   : (multiple lines)

5.  Surveyed Local Ties


5.x  Tied Marker Name         : 
     Tied Marker Usage        : (SLR/VLBI/LOCAL CONTROL/FOOTPRINT/etc)
     Tied Marker CDP Number   : (A4)
     Tied Marker DOMES Number : (A9)
     Differential Components from GNSS Marker to the tied monument (ITRS)
       dx (m)                 : 
       dy (m)                 : 
       dz (m)                 : 
     Accuracy (mm)            : (mm)
     Survey method            : (GPS CAMPAIGN/TRILATERATION/TRIANGULATION/etc)
     Date Measured            : (CCYY-MM-DDThh:mmZ)
     Additional Information   : (multiple lines)

6.   Frequency Standard


6.1  Standard Type            : (H-MASER/CESIUM/QUARTZ/INTERNAL/RUBIDIUM)
       Input Frequency        : 
       Effective Dates        : (CCYY-MM-DD/CCYY-MM-DD)
       Notes                  : (multiple lines)

6.x  Standard Type            : (INTERNAL or EXTERNAL H-MASER/CESIUM/etc)
       Input Frequency        : (if external)
       Effective Dates        : (CCYY-MM-DD/CCYY-MM-DD)
       Notes                  : (multiple lines)

7.   Collocation Information


7.x  Instrumentation Type     : (GPS/GLONASS/DORIS/PRARE/SLR/VLBI/TIME/etc)
       Status                 : (PERMANENT/MOBILE)
       Effective Dates        : (CCYY-MM-DD/CCYY-MM-DD)
       Notes                  : (multiple lines)

8.   Meteorological Instrumentation


8.1.1  Humidity Sensor Model  : 
       Manufacturer           : 
       Serial Number          : 
       Data Sampling Interval : 
       Accuracy (% rel h)     : (% rel h)
       Aspiration             : (UNASPIRATED/NATURAL/FAN/etc)
       Height Diff to Ant     : (m)
       Calibration date       : (CCYY-MM-DD)
       Effective Dates        : CCYY-MM-DD/CCYY-MM-DD
       Notes                  : (multiple lines)

8.1.x  Humidity Sensor Model  : 
       Manufacturer           : 
       Serial Number          : 
       Data Sampling Interval : (sec)
       Accuracy (% rel h)     : (% rel h)
       Aspiration             : (UNASPIRATED/NATURAL/FAN/etc)
       Height Diff to Ant     : (m)
       Calibration date       : (CCYY-MM-DD)
       Effective Dates        : (CCYY-MM-DD/CCYY-MM-DD)
       Notes                  : (multiple lines)

8.2.1  Pressure Sensor Model  : 
       Manufacturer           : 
       Serial Number          : 
       Data Sampling Interval : 
       Accuracy               : (mbar)
       Height Diff to Ant     : (m)
       Calibration date       : (CCYY-MM-DD)
       Effective Dates        : CCYY-MM-DD/CCYY-MM-DD
       Notes                  : (multiple lines)

8.2.x  Pressure Sensor Model  : 
       Manufacturer           : 
       Serial Number          : 
       Data Sampling Interval : (sec)
       Accuracy               : (hPa)
       Height Diff to Ant     : (m)
       Calibration date       : (CCYY-MM-DD)
       Effective Dates        : (CCYY-MM-DD/CCYY-MM-DD)
       Notes                  : (multiple lines)

8.3.1  Temp. Sensor Model     : 
       Manufacturer           : 
       Serial Number          : 
       Data Sampling Interval : 
       Accuracy               : (deg C)
       Aspiration             : (UNASPIRATED/NATURAL/FAN/etc)
       Height Diff to Ant     : (m)
       Calibration date       : (CCYY-MM-DD)
       Effective Dates        : CCYY-MM-DD/CCYY-MM-DD
       Notes                  : (multiple lines)

8.3.x  Temp. Sensor Model     : 
       Manufacturer           : 
       Serial Number          : 
       Data Sampling Interval : (sec)
       Accuracy               : (hPa)
       Aspiration             : (UNASPIRATED/NATURAL/FAN/etc)
       Height Diff to Ant     : (m)
       Calibration date       : (CCYY-MM-DD)
       Effective Dates        : (CCYY-MM-DD/CCYY-MM-DD)
       Notes                  : (multiple lines)

8.4.1  Water Vapor Radiometer : 
       Manufacturer           : 
       Serial Number          : 
       Distance to Antenna    : (m)
       Height Diff to Ant     : (m)
       Calibration date       : (CCYY-MM-DD)
       Effective Dates        : CCYY-MM-DD/CCYY-MM-DD
       Notes                  : (multiple lines)

8.4.x  Water Vapor Radiometer : 
       Manufacturer           : 
       Serial Number          : 
       Distance to Antenna    : (m)
       Height Diff to Ant     : (m)
       Calibration date       : (CCYY-MM-DD)
       Effective Dates        : (CCYY-MM-DD/CCYY-MM-DD)
       Notes                  : (multiple lines)

8.5.1  Other Instrumentation  : NONE

8.5.x  Other Instrumentation  : 

9.  Local Ongoing Conditions Possibly Affecting Computed Position


9.1.x  Radio Interferences    : (TV/CELL PHONE ANTENNA/RADAR/etc)
       Observed Degredations  : (SN RATIO/DATA GAPS/etc)
       Effective Dates        : (CCYY-MM-DD/CCYY-MM-DD)
       Additional Information : (multiple lines)

9.2.x  Multipath Sources      : (METAL ROOF/DOME/VLBI ANTENNA/etc)
       Effective Dates        : (CCYY-MM-DD/CCYY-MM-DD)
       Additional Information : (multiple lines)

9.3.x  Signal Obstructions    : (TREES/BUILDLINGS/etc)
       Effective Dates        : (CCYY-MM-DD/CCYY-MM-DD)
       Additional Information : (multiple lines)

10.   Local Episodic Effects Possibly Affecting Data Quality


10.x Date                     : (CCYY-MM-DD/CCYY-MM-DD)
     Event                    : (TREE CLEARING/CONSTRUCTION/etc)

11.   On-Site, Point of Contact Agency Information

     Agency                   : Instituto Nacional de Estadistica y Geografia
     Preferred Abbreviation   : INEGI
     Mailing Address          : Emiliano Zapata 316 Col. Reforma, Oaxaca, OAx.
     Primary Contact
       Contact Name           : Alfredo Fuentes Vazquez
       Telephone (primary)    : (52) 951 51 2 48 08
       Telephone (secondary)  : (52) 951 51 2 48 06
       Fax                    : (52) 951 51 2 48 26
       E-mail                 : alfredo.fuentes@inegi.gob.mx
     Secondary Contact
       Contact Name           : Gabriel Gaytán Ríos
       Telephone (primary)    : (52) 449 9-10-53-00 Ext. 4169
       Telephone (secondary)  : 
       Fax                    : 
       E-mail                 : gabriel.gaytan@inegi.gob.mx
     Additional Information   : (multiple lines)

12.  Responsible Agency (if different from 11.)

     Agency                   : Instituto Nacional de Estadistica
                              : y Geografía
     Preferred Abbreviation   : INEGI
     Mailing Address          : Av. Heroe de Nacozari #2301, Puerta 8 Mezzanine
     Primary Contact
       Contact Name           : Jose Guillermo Gasca Moncayo
       Telephone (primary)    : (52) 449 9105300 Ext. 5825
       Telephone (secondary)  : 
       Fax                    : 
       E-mail                 : guillermo.gasca@inegi.gob.mx
     Secondary Contact
       Contact Name           : Guido Alejandro Gonzalez Franco
       Telephone (primary)    : (52) 449 9105300 Ext. 5872
       Telephone (secondary)  : 
       Fax                    : 
       E-mail                 : guido.gonzalez@inegi.gob.mx
     Additional Information   : (multiple lines)

13.  More Information

     URL for More Information : 
       Hardcopy on File
       Site Map               : (Y or URL)
       Site Diagram           : (Y)
       Horizon Mask           : (Y)
       Monument Description   : (Y)
       Site Pictures          : (Y)
     Additional Information   : Hardcopy Information available from
     Antenna Graphics with Dimensions


    / ----------------------+--------------------- \   <--  0.0714  L1
   +                        +                       +  <--  0.0682  L2
    \ -------------------------------------------- /   
                    \               /
                     \             /
                      \-----+-----/                    <--  0.0000  ARP=TOP=BPA

   <--                   0.3396                  -->



