     OBE2 Site Information Form (site log)
     International GNSS Service
     See Instructions at:
       ftp://igscb.jpl.nasa.gov/pub/station/general/sitelog_instr.txt


0.   Form

     Prepared by (full name)  : Renate Romstedt
     Date Prepared            : 2008-02-26
     Report Type              : UPDATE
     If Update:
      Previous Site Log       : obe2_20030424.log
      Modified/Added Sections : 3.2, 4.1, 6.1, 7.1, 8.1.1, 8.2.1, 8.3.1


1.   Site Identification of the GNSS Monument

     Site Name                : Oberpfaffenhofen
     Four Character ID        : OBE2
     Monument Inscription     :
     IERS DOMES Number        : 14208M003
     CDP Number               : (A4)
     Monument Description     : STEEL MAST
       Height of the Monument : 2.51
       Monument Foundation    : ROOF
       Foundation Depth       : (m)
     Marker Description       : (CHISELLED CROSS/DIVOT/BRASS NAIL/etc)
     Date Installed           : 2001-07-28T00:00Z
     Geologic Characteristic  : (BEDROCK/CLAY/CONGLOMERATE/GRAVEL/SAND/etc)
       Bedrock Type           : (IGNEOUS/METAMORPHIC/SEDIMENTARY)
       Bedrock Condition      : (FRESH/JOINTED/WEATHERED)
       Fracture Spacing       : (0 cm/1-10 cm/11-50 cm/51-200 cm/over 200 cm)
       Fault zones nearby     : (YES/NO/Name of the zone)
         Distance/activity    : (multiple lines)
     Additional Information   : The pillar got lost due to construction work.
                              : OBE2 is closed and replaced by the nearby
                              : station OBE3.


2.   Site Location Information

     City or Town             : Oberpfaffenhofen
     State or Province        : Bavaria
     Country                  : Germany
     Tectonic Plate           : Eurasian
     Approximate Position (ITRF)
       X coordinate (m)       : 4186575
       Y coordinate (m)       : 835012
       Z coordinate (m)       : 4723760
       Latitude (N is +)      : +480600.00
       Longitude (E is +)     : +0111800.00
       Elevation (m,ellips.)  : 00651.0
     Additional Information   : (multiple lines)


3.   GNSS Receiver Information

3.1  Receiver Type            : AOA SNR-8000 ACT
     Satellite System         : GPS
     Serial Number            : 231-U
     Firmware Version         : 3.3.32.3
     Elevation Cutoff Setting : 0
     Date Installed           : 2001-07-28T00:00Z
     Date Removed             : 2003-04-11T10:00Z
     Temperature Stabiliz.    : none
     Additional Information   :

3.2  Receiver Type            : AOA BENCHMARK ACT
     Satellite System         : GPS
     Serial Number            : 1107
     Firmware Version         : 3.3.32.2N
     Elevation Cutoff Setting : 0
     Date Installed           : 2003-04-11T12:00Z
     Date Removed             : 2007-12-13T00:00Z
     Temperature Stabiliz.    : none
     Additional Information   : The site is closed.

3.x  Receiver Type            : (A20, from rcvr_ant.tab; see instructions)
     Satellite System         : (GPS+GLO+GAL+BDS+QZSS+SBAS)
     Serial Number            : (A5)
     Firmware Version         : (A11)
     Elevation Cutoff Setting : (deg)
     Date Installed           : (CCYY-MM-DDThh:mmZ)
     Date Removed             : (CCYY-MM-DDThh:mmZ)
     Temperature Stabiliz.    : (none or tolerance in degrees C)
     Additional Information   : (multiple lines)


4.   GNSS Antenna Information

4.1  Antenna Type             : AOAD/M_T        NONE
     Serial Number            : 236
     Antenna Reference Point  : BPA
     Marker->ARP Up Ecc. (m)  : 000.0460
     Marker->ARP North Ecc(m) : 000.0000
     Marker->ARP East Ecc(m)  : 000.0000
     Alignment from True N    : 0
     Antenna Radome Type      : NONE
     Radome Serial Number     : 
     Antenna Cable Type       : (vendor & type number)
     Antenna Cable Length     : (m)
     Date Installed           : 2001-07-28T00:00Z
     Date Removed             : 2007-12-13T00:00Z
     Additional Information   : The pillar got lost due to construction work.

4.x  Antenna Type             : (A20, from rcvr_ant.tab; see instructions)
     Serial Number            : (A*, but note the first A5 is used in SINEX)
     Antenna Reference Point  : (BPA/BCR/XXX from "antenna.gra"; see instr.)
     Marker->ARP Up Ecc. (m)  : (F8.4)
     Marker->ARP North Ecc(m) : (F8.4)
     Marker->ARP East Ecc(m)  : (F8.4)
     Alignment from True N    : (deg; + is clockwise/east)
     Antenna Radome Type      : (A4 from rcvr_ant.tab; see instructions)
     Radome Serial Number     : 
     Antenna Cable Type       : (vendor & type number)
     Antenna Cable Length     : (m)
     Date Installed           : (CCYY-MM-DDThh:mmZ)
     Date Removed             : (CCYY-MM-DDThh:mmZ)
     Additional Information   : (multiple lines)


5.   Surveyed Local Ties

5.1  Tied Marker Name         : PRARE
     Tied Marker Usage        : (SLR/VLBI/LOCAL CONTROL/FOOTPRINT/etc)
     Tied Marker CDP Number   : 
     Tied Marker DOMES Number : 
     Differential Components from GNSS Marker to the tied monument (ITRS)
       dx (m)                 : 
       dy (m)                 : 
       dz (m)                 : 
     Accuracy (mm)            : 
     Survey method            : (GPS CAMPAIGN/TRILATERATION/TRIANGULATION/etc)
     Date Measured            : (CCYY-MM-DDThh:mmZ)
     Additional Information   : 

5.x  Tied Marker Name         : 
     Tied Marker Usage        : (SLR/VLBI/LOCAL CONTROL/FOOTPRINT/etc)
     Tied Marker CDP Number   : (A4)
     Tied Marker DOMES Number : (A9)
     Differential Components from GNSS Marker to the tied monument (ITRS)
       dx (m)                 : 
       dy (m)                 : 
       dz (m)                 : 
     Accuracy (mm)            : (mm)
     Survey method            : (GPS CAMPAIGN/TRILATERATION/TRIANGULATION/etc)
     Date Measured            : (CCYY-MM-DDThh:mmZ)
     Additional Information   : (multiple lines)


6.   Frequency Standard

6.1  Standard Type            : EXTERNAL RUBIDIUM
       Input Frequency        : (if external)
       Effective Dates        : 1994-01-31/2007-12-13
       Notes                  : 

6.x  Standard Type            : (INTERNAL or EXTERNAL H-MASER/CESIUM/etc)
       Input Frequency        : (if external)
       Effective Dates        : (CCYY-MM-DD/CCYY-MM-DD)
       Notes                  : (multiple lines)


7.   Collocation Information

7.1  Instrumentation Type     : PRARE
       Status                 : PERMANENT
       Effective Dates        : 1994-01-31/2007-12-13
       Notes                  : 

7.x  Instrumentation Type     : (GPS/GLONASS/DORIS/PRARE/SLR/VLBI/TIME/etc)
       Status                 : (PERMANENT/MOBILE)
       Effective Dates        : (CCYY-MM-DD/CCYY-MM-DD)
       Notes                  : (multiple lines)


8.   Meteorological Instrumentation

8.1.1  Humidity Sensor Model  : HC 500
       Manufacturer           : TimeTech/Gresinger
       Serial Number          : 
       Data Sampling Interval : 600
       Accuracy (% rel h)     : 1
       Aspiration             : (UNASPIRATED/NATURAL/FAN/etc)
       Height Diff to Ant     : (m)
       Calibration date       : (CCYY-MM-DD)
       Effective Dates        : 1996-10-11/2007-12-13
       Notes                  : The sensor is part of the meteorological

8.1.x  Humidity Sensor Model  : 
       Manufacturer           : 
       Serial Number          : 
       Data Sampling Interval : (sec)
       Accuracy (% rel h)     : (% rel h)
       Aspiration             : (UNASPIRATED/NATURAL/FAN/etc)
       Height Diff to Ant     : (m)
       Calibration date       : (CCYY-MM-DD)
       Effective Dates        : (CCYY-MM-DD/CCYY-MM-DD)
       Notes                  : (multiple lines)

8.2.1  Pressure Sensor Model  : PTB100B
       Manufacturer           : Vaisala
       Serial Number          : 
       Data Sampling Interval : 600
       Accuracy               : 0.5
       Height Diff to Ant     : 0.0
       Calibration date       : (CCYY-MM-DD)
       Effective Dates        : 1996-10-11/2007-12-13
       Notes                  : The sensor is part of the meteorological

8.2.x  Pressure Sensor Model  : 
       Manufacturer           : 
       Serial Number          : 
       Data Sampling Interval : (sec)
       Accuracy               : (hPa)
       Height Diff to Ant     : (m)
       Calibration date       : (CCYY-MM-DD)
       Effective Dates        : (CCYY-MM-DD/CCYY-MM-DD)
       Notes                  : (multiple lines)

8.3.1  Temp. Sensor Model     : PT100
       Manufacturer           : TimeTech
       Serial Number          : 
       Data Sampling Interval : 600
       Accuracy               : 0.25
       Aspiration             : (UNASPIRATED/NATURAL/FAN/etc)
       Height Diff to Ant     : (m)
       Calibration date       : (CCYY-MM-DD)
       Effective Dates        : 1996-10-11/2007-12-13
       Notes                  : The sensor is part of the meteorological

8.3.x  Temp. Sensor Model     : 
       Manufacturer           : 
       Serial Number          : 
       Data Sampling Interval : (sec)
       Accuracy               : (hPa)
       Aspiration             : (UNASPIRATED/NATURAL/FAN/etc)
       Height Diff to Ant     : (m)
       Calibration date       : (CCYY-MM-DD)
       Effective Dates        : (CCYY-MM-DD/CCYY-MM-DD)
       Notes                  : (multiple lines)

8.4.x  Water Vapor Radiometer : 
       Manufacturer           : 
       Serial Number          : 
       Distance to Antenna    : (m)
       Height Diff to Ant     : (m)
       Calibration date       : (CCYY-MM-DD)
       Effective Dates        : (CCYY-MM-DD/CCYY-MM-DD)
       Notes                  : (multiple lines)

8.5.x  Other Instrumentation  : (multiple lines)


9.   Local Ongoing Conditions Possibly Affecting Computed Position

9.1.x Radio Interferences     : (TV/CELL PHONE ANTENNA/RADAR/etc)
       Observed Degradations  : (SN RATIO/DATA GAPS/etc)
       Effective Dates        : (CCYY-MM-DD/CCYY-MM-DD)
       Additional Information : (multiple lines)

9.2.x Multipath Sources       : (METAL ROOF/DOME/VLBI ANTENNA/etc)
       Effective Dates        : (CCYY-MM-DD/CCYY-MM-DD)
       Additional Information : (multiple lines)

9.3.x Signal Obstructions     : (TREES/BUILDLINGS/etc)
       Effective Dates        : (CCYY-MM-DD/CCYY-MM-DD)
       Additional Information : (multiple lines)


10.  Local Episodic Effects Possibly Affecting Data Quality

10.x Date                     : (CCYY-MM-DD/CCYY-MM-DD)
     Event                    : (TREE CLEARING/CONSTRUCTION/etc)


11.  On-Site, Point of Contact Agency Information

     Agency                   : GeoForschungsZentrum Potsdam
     Preferred Abbreviation   : GFZ Potsdam
     Mailing Address          : P.O. Box 1116
                              : D-82230 Oberpfaffenhofen
     Primary Contact
       Contact Name           : F-H. Massmann
       Telephone (primary)    : (+49)-8153-281206
       Telephone (secondary)  : (+49)-8153-281259
       Fax                    : (+49)-8153-281735
       E-mail                 : fhm@gfz-potsdam.de
     Secondary Contact
       Contact Name           :
       Telephone (primary)    :
       Telephone (secondary)  :
       Fax                    :
       E-mail                 :
     Additional Information   :


12.  Responsible Agency (if different from 11.)

     Agency                   : GeoForschungsZentrum Potsdam
     Preferred Abbreviation   : GFZ Potsdam
     Mailing Address          : Telegrafenberg A17
                              : D-14473 Potsdam / Germany
     Primary Contact
       Contact Name           : Dr. Markus Ramatschi
       Telephone (primary)    : (+49)-331-2881746
       Telephone (secondary)  : (+49)-331-2881110
       Fax                    : (+49)-331-2881759
       E-mail                 : maram@gfz-potsdam.de
     Secondary Contact
       Contact Name           : Renate Romstedt
       Telephone (primary)    : (+49)-331-2881171
       Telephone (secondary)  : (+49)-331-2881110
       Fax                    : (+49)-331-2881759
       E-mail                 : roms@gfz-potsdam.de
     Additional Information   :


13.  More Information

     Primary Data Center      : BKGI
     Secondary Data Center    : IGNI 
     URL for More Information :
       Hardcopy on File
       Site Map               : (Y or URL)
       Site Diagram           : (Y or URL)
       Horizon Mask           : (Y or URL)
       Monument Description   : (Y or URL)
       Site Pictures          : (Y or URL)
     Additional Information   : (multiple lines)
     Antenna Graphics with Dimensions

AOAD/M_T   Dorne Margolin with chokerings (TurboRogue) 

                         +---------+
                        /     +     \                        <-- 0.1280 L2
                       |      +      |                       <-- 0.1100 L1 
     +-----------------+-------------+------------------+    <-- 0.1020 TCR
     |                                                  |    
     |                                                  |
     |                                                  |
     |                                                  |
   +-+--------------------------------------------------+-+  <-- 0.0380
   +-------------------+-------------+--------------------+  <-- 0.0350 BCR
                       |             |
                       |             |
                       +------x------+                       <-- 0.0 BPA=ARP

   <--                      0.3810                      -->


ARP: Antenna Reference Point
L1 : L1 Phase Center                   L2 : L2 Phase Center
