      OGHS Site Information Form (site log)
      International GPS Service
      See Instructions at:
        ftp://igscb.jpl.nasa.gov/pub/station/general/sitelog_instr.txt

0.    Form

      Prepared by (full name) : Paul Jamason
      Date Prepared           : 2009-04-03
      Report Type             : DYNAMIC
      If Update:
       Previous Site Log       : (ssss_ccyymmdd.log)
       Modified/Added Sections : (n.n,n.n,...)


1.    Site Identification of the GNSS Monument

      Site Name               : Orange Glen High School
      Four Character ID       : OGHS
      Monument Inscription    : OGHS
      IERS DOMES Number       : 49817M001
      CDP Number              : (A4)
      Monument Description    : Wyatt/Agnew drilled-braced
        Height of the Monument: (m)
        Monument Foundation   : (STEEL RODS/CONCRETE BLOCK/ROOF/etc)
        Foundation Depth      : (m)
      Marker Description      : Top of center support screw on SCIGN D3 
                              : antenna adaptor
      Date Installed          : 1999-06-02T00:00Z
      Geologic Characteristic : BEDROCK
        Bedrock Type          : IGNEOUS
        Bedrock Condition     : WEATHERED
        Fracture Spacing      : (1-10 cm/10-50 cm/50-200 cm/over 200 cm)
      Fault zones nearby      : (YES/NO/Name of the zone)
      Distance/activity       : (multiple lines)
      Additional Information  : SCIGN - Southern California Integrated GPS 
                              : Network. Monument is Wyatt-type drilled-braced 
                              : geodetic monument composed of stainless steel 
                              : supports and new SCIGN antenna adaptor. Fixed 
                              : antenna height is 0.0083 m. A secondary 
                              : measurement, the adaptor/divot distance, taken 
                              : from the bottom of the lower adaptor plate to 
                              : the center of a divot drill-mark on the 
                              : north-facing tripod leg, is not yet measured.


2.    Site Location Information

      City or Town            : Escondido
      State or Province       : California
      Country                 : USA
      Tectonic Plate          : North America Pacific
      Approximate Position (ITRF)
       X coordinate (m)       : -2430835.46
       Y coordinate (m)       : -4762197.81
       Z coordinate (m)       : 3466199.08
       Latitude (N is +)      : +330748.00
       Longitude (E is +)     : -1170224.00
       Elevation (m,ellips.)  : 186.
      Additional Information  : San Diego County.
                              : Reference frame used is (ITRF2005).
                              : Coordinate system used is (NAD83).


3.    GNSS Receiver Information

3.1   Receiver Type           : ASHTECH Z-XII3
      Satellite System        : GPS
      Serial Number           : LP02634
      Firmware Version        : CD00
      Elevation Cutoff Setting: 10
      Date Installed          : 2000-02-08T20:35Z
      Date Removed            : 2004-11-05T22:32Z
      Temperature Stabiliz.   : (none or tolerance in degrees C)
      Additional Information  : Initial installation.

3.2   Receiver Type           : LEICA GRX1200
      Satellite System        : GPS
      Serial Number           : 451185
      Firmware Version        : 
      Elevation Cutoff Setting: 10
      Date Installed          : 2004-11-05T22:32Z
      Date Removed            : 2004-11-17T00:00Z
      Temperature Stabiliz.   : (none or tolerance in degrees C)
      Additional Information  : Receiver swapped for 20hz-capable Leica. 
                              : Sampling interval increased to 20hz.

3.3   Receiver Type           : ASHTECH Z-XII3
      Satellite System        : GPS
      Serial Number           : LP02634
      Firmware Version        : 
      Elevation Cutoff Setting: 10
      Date Installed          : 2004-11-17T00:00Z
      Date Removed            : 2008-05-23T00:00Z
      Temperature Stabiliz.   : (none or tolerance in degrees C)
      Additional Information  : Receiver swapped for Sampling interval 
                              : increased to 1Hz.

3.4   Receiver Type           : no receiver
      Satellite System        : n/a
      Serial Number           : n/a
      Firmware Version        : 
      Elevation Cutoff Setting: 
      Date Installed          : 2008-05-23T00:00Z
      Date Removed            : (CCYY-MM-DDThh:mmZ)
      Temperature Stabiliz.   : (none or tolerance in degrees C)
      Additional Information  : Site decommissioned

3.x   Receiver Type           : (A20, from rcvr_ant.tab; see instructions)
      Satellite System        : (GPS/GLONASS/GPS+GLONASS)
      Serial Number           : (A5)
      Firmware Version        : (A11)
      Elevation Cutoff Setting: (deg)
      Date Installed          : (CCYY-MM-DDThh:mmZ)
      Date Removed            : (CCYY-MM-DDThh:mmZ)
      Temperature Stabiliz.   : (none or tolerance in degrees C)
      Additional Information  : (multiple lines)


4.    GNSS Antenna Information

4.1   Antenna Type            : ASH701945B_M
      Serial Number           : CR519991716
      Antenna Reference Point : BPA
      Marker->ARP Up Ecc. (m) : 0.0083
      Marker->ARP North Ecc(m): (F8.4)
      Marker->ARP East Ecc(m) : (F8.4)
      Alignment from True N   : 0
      Antenna Radome Type     : SCIT
      Radome Serial Number    : 00090
      Antenna Cable Type      : (vendor & type number)
      Antenna Cable Length    : (m)
      Date Installed          : 2000-02-08T20:35Z
      Date Removed            : 2008-05-23T00:00Z
      Additional Information  : (multiple lines)

4.2   Antenna Type            : no antenna
      Serial Number           : n/a
      Antenna Reference Point : n/a
      Marker->ARP Up Ecc. (m) : 
      Marker->ARP North Ecc(m): (F8.4)
      Marker->ARP East Ecc(m) : (F8.4)
      Alignment from True N   : 0
      Antenna Radome Type     : NONE
      Radome Serial Number    : 
      Antenna Cable Type      : (vendor & type number)
      Antenna Cable Length    : (m)
      Date Installed          : 2008-05-23T00:00Z
      Date Removed            : (CCYY-MM-DDThh:mmZ)
      Additional Information  : Site decomissioned

4.x   Antenna Type            : (A20, from rcvr_ant.tab; see instructions)
      Serial Number           : (A*, but note the first A5 is used in SINEX)
      Antenna Reference Point : (BPA/BCR/XXX from "antenna.gra"; see instr.)
      Marker->ARP Up Ecc. (m) : (F8.4)
      Marker->ARP North Ecc(m): (F8.4)
      Marker->ARP East Ecc(m) : (F8.4)
      Alignment from True N   : (deg; + is clockwise/east)
      Antenna Radome Type     : (A4 from rcvr_ant.tab; see instructions)
      Radome Serial Number    : 
      Antenna Cable Type      : (vendor & type number)
      Antenna Cable Length    : (m)
      Date Installed          : (CCYY-MM-DDThh:mmZ)
      Date Removed            : (CCYY-MM-DDThh:mmZ)
      Additional Information  : (multiple lines)


5.    Surveyed Local Ties

5.1   Tied Marker Name        : 
      Tied Marker Usage       : (SLR/VLBI/LOCAL CONTROL/FOOTPRINT/etc)
      Tied Marker CDP Number  : (A4)
      Tied Marker DOMES Number: (A9)
      Differential Components from GNSS Marker to the tied monument (ITRS)
       dx (m)                 : (m)
       dy (m)                 : (m)
       dz (m)                 : (m)
      Accuracy (mm)           : (mm)
      Survey method           : (GPS CAMPAIGN/TRILATERATION/TRIANGULATION/etc)
      Date Measured           : (CCYY-MM-DDThh:mmZ)
      Additional Information  : (multiple lines)

5.x   Tied Marker Name        : 
      Tied Marker Usage       : (SLR/VLBI/LOCAL CONTROL/FOOTPRINT/etc)
      Tied Marker CDP Number  : (A4)
      Tied Marker DOMES Number: (A9)
      Differential Components from GNSS Marker to the tied monument (ITRS)
       dx (m)                 : (m)
       dy (m)                 : (m)
       dz (m)                 : (m)
      Accuracy (mm)           : (mm)
      Survey method           : (GPS CAMPAIGN/TRILATERATION/TRIANGULATION/etc)
      Date Measured           : (CCYY-MM-DDThh:mmZ)
      Additional Information  : (multiple lines)


6.    Frequency Standard

6.1   Standard Type           : (INTERNAL or EXTERNAL H-MASER/CESIUM/etc)
      Input Frequency         : (if external)
      Effective Dates         : (CCYY-MM-DD/CCYY-MM-DD)
      Notes                   : (multiple lines)

6.x   Standard Type           : (INTERNAL or EXTERNAL H-MASER/CESIUM/etc)
      Input Frequency         : (if external)
      Effective Dates         : (CCYY-MM-DD/CCYY-MM-DD)
      Notes                   : (multiple lines)


7.    Collocation Information

7.1   Instrumentation Type    : (GPS/GLONASS/DORIS/PRARE/SLR/VLBI/TIME/etc)
      Status                  : (PERMANENT/MOBILE)
      Effective Dates         : (CCYY-MM-DD/CCYY-MM-DD)
      Notes                   : (multiple lines)

7.x   Instrumentation Type    : (GPS/GLONASS/DORIS/PRARE/SLR/VLBI/TIME/etc)
      Status                  : (PERMANENT/MOBILE)
      Effective Dates         : (CCYY-MM-DD/CCYY-MM-DD)
      Notes                   : (multiple lines)


8.    Meteorological Instrumentation

8.1.1 Humidity Sensor Model   :
      Manufacturer            : 
      Serial Number           : 
      Data Sampling Interval  : (sec)
      Accuracy (% rel h)      : (% rel h)
      Aspiration              : (UNASPIRATED/NATURAL/FAN/etc)
      Height Diff to Ant      : (m)
      Calibration Date        : (CCYY-MM-DD)
      Effective Dates         : (CCYY-MM-DD/CCYY-MM-DD)
      Notes                   : (multiple lines)

8.1.x Humidity Sensor Model   :
      Manufacturer            : 
      Serial Number           : 
      Data Sampling Interval  : (sec)
      Accuracy (% rel h)      : (% rel h)
      Aspiration              : (UNASPIRATED/NATURAL/FAN/etc)
      Height Diff to Ant      : (m)
      Calibration Date        : (CCYY-MM-DD)
      Effective Dates         : (CCYY-MM-DD/CCYY-MM-DD)
      Notes                   : (multiple lines)


8.2.1 Pressure Sensor Model   :
      Manufacturer            : 
      Serial Number           : 
      Data Sampling Interval  : (sec)
      Accuracy                : (hPa)
      Height Diff to Ant      : (m)
      Calibration Date        : (CCYY-MM-DD)
      Effective Dates         : (CCYY-MM-DD/CCYY-MM-DD)
      Notes                   : (multiple lines)

8.2.x Pressure Sensor Model   :
      Manufacturer            : 
      Serial Number           : 
      Data Sampling Interval  : (sec)
      Accuracy                : (hPa)
      Height Diff to Ant      : (m)
      Calibration Date        : (CCYY-MM-DD)
      Effective Dates         : (CCYY-MM-DD/CCYY-MM-DD)
      Notes                   : (multiple lines)


8.3.1 Temp. Sensor Model      :
      Manufacturer            : 
      Serial Number           : 
      Data Sampling Interval  : (sec)
      Accuracy                : (deg C)
      Aspiration              : (UNASPIRATED/NATURAL/FAN/etc)
      Height Diff to Ant      : (m)
      Calibration Date        : (CCYY-MM-DD)
      Effective Dates         : (CCYY-MM-DD/CCYY-MM-DD)
      Notes                   : (multiple lines)

8.3.x Temp. Sensor Model      :
      Manufacturer            : 
      Serial Number           : 
      Data Sampling Interval  : (sec)
      Accuracy                : (deg C)
      Aspiration              : (UNASPIRATED/NATURAL/FAN/etc)
      Height Diff to Ant      : (m)
      Calibration Date        : (CCYY-MM-DD)
      Effective Dates         : (CCYY-MM-DD/CCYY-MM-DD)
      Notes                   : (multiple lines)


8.4.1 Water Vapor Radiometer  :
      Manufacturer            : 
      Serial Number           : 
      Distance to Antenna     : (m)
      Height Diff to Ant      : (m)
      Calibration Date        : (CCYY-MM-DD)
      Effective Dates         : (CCYY-MM-DD/CCYY-MM-DD)
      Notes                   : (multiple lines)

8.4.x Water Vapor Radiometer  :
      Manufacturer            : 
      Serial Number           : 
      Distance to Antenna     : (m)
      Height Diff to Ant      : (m)
      Calibration Date        : (CCYY-MM-DD)
      Effective Dates         : (CCYY-MM-DD/CCYY-MM-DD)
      Notes                   : (multiple lines)


8.5.1 Other Instrumentation   : (multiple lines)
      Effective Dates         : (CCYY-MM-DD/CCYY-MM-DD)

8.5.x Other Instrumentation   : (multiple lines)
      Effective Dates         : (CCYY-MM-DD/CCYY-MM-DD)


9.    Local Ongoing Conditions Possibly Affecting Computed Position

9.1.1 Radio Interferences     : (TV/CELL PHONE ANTENNA/RADAR/etc)
      Observed Degradations   : (SN RATIO/DATA GAPS/etc)
      Effective Dates         : (CCYY-MM-DD/CCYY-MM-DD)
      Additional Information  : (multiple lines)

9.1.x Radio Interferences     : (TV/CELL PHONE ANTENNA/RADAR/etc)
      Observed Degradations   : (SN RATIO/DATA GAPS/etc)
      Effective Dates         : (CCYY-MM-DD/CCYY-MM-DD)
      Additional Information  : (multiple lines)


9.2.1 Multipath Sources       : (METAL ROOF/DOME/VLBI ANTENNA/etc)
      Effective Dates         : (CCYY-MM-DD/CCYY-MM-DD)
      Additional Information  : (multiple lines)

9.2.x Multipath Sources       : (METAL ROOF/DOME/VLBI ANTENNA/etc)
      Effective Dates         : (CCYY-MM-DD/CCYY-MM-DD)
      Additional Information  : (multiple lines)


9.3.1 Signal Obstructions     : (TREES/BUILDINGS/etc)
      Effective Dates         : (CCYY-MM-DD/CCYY-MM-DD)
      Additional Information  : (multiple lines)

9.3.x Signal Obstructions     : (TREES/BUILDINGS/etc)
      Effective Dates         : (CCYY-MM-DD/CCYY-MM-DD)
      Additional Information  : (multiple lines)


10.   Local Episodic Effects Possibly Affecting Data Quality

10.1  Date                    : (CCYY-MM-DD/CCYY-MM-DD)
      Event                   : (TREE CLEARING/CONSTRUCTION/etc)

10.x  Date                    : (CCYY-MM-DD/CCYY-MM-DD)
      Event                   : (TREE CLEARING/CONSTRUCTION/etc)


11.   On-Site, Point of Contact Agency Information

      Agency                  : Scripps Orbit and Permanent Array Center
      Preferred Abbreviation  : SIO
      Mailing Address         : Institute of Geophysics and Planetary 
                              : Physics,Scripps Institution of Oceanography,MC 
                              : 0225,University of California San Diego,9500 
                              : Gilman Dr.,La Jolla,CA 92093-0225
      Primary Contact         
       Contact Name           : 
       Telephone (primary)    : 
       Telephone (secondary)  : 
       Fax                    : 
       E-mail                 : 
      Secondary Contact       
       Contact Name           : Paul Jamason
       Telephone (primary)    : 858-822-4472
       Telephone (secondary)  : 858-663-3508
       Fax                    : 858-534-9873
       E-mail                 : pjamason@ucsd.edu
      Additional Information  : (multiple lines)


12.   Responsible Agency (if different from 11.)

      Agency                  : (multiple lines)
      Preferred Abbreviation  : (A10)
      Mailing Address         : (multiple lines)
      Primary Contact         
       Contact Name           : 
       Telephone (primary)    : 
       Telephone (secondary)  : 
       Fax                    : 
       E-mail                 : 
      Secondary Contact       
       Contact Name           : 
       Telephone (primary)    : 
       Telephone (secondary)  : 
       Fax                    : 
       E-mail                 : 
      Additional Information  : (multiple lines)


13.   More Information

      Primary Data Center     : 
      Secondary Data Center   : 
      URL For More Information: http://www.scign.org
      Hardcopy on File        
       Site Map               : (Y or URL)
       Site Diagram           : (Y or URL)
       Horizon Mask           : (Y or URL)
       Monument Description   : (Y or URL)
       Site Pictures          : (Y or URL)
      Additional Information  : (multiple lines)
      Antenna Graphics with Dimensions
                              
      (insert text graphic from antenna.gra)


