      OYLR Site Information Form (site log)
      International GPS Service
      See Instructions at:
        ftp://igscb.jpl.nasa.gov/pub/station/general/sitelog_instr.txt

0.    Form

      Prepared by (full name) : Andrew Miner (contact)
      Date Prepared           : 2006-03-24
      Report Type             : DYNAMIC
      If Update:
       Previous Site Log       : (ssss_ccyymmdd.log)
       Modified/Added Sections : (n.n,n.n,...)


1.    Site Identification of the GNSS Monument

      Site Name               : Renton City Hall
      Four Character ID       : OYLR
      Monument Inscription    : 
      IERS DOMES Number       : (A9)
      CDP Number              : (A4)
      Monument Description    : none
        Height of the Monument: (m)
        Monument Foundation   : ROOF
        Foundation Depth      : (m)
      Marker Description      : (CHISELLED CROSS/DIVOT/BRASS NAIL/etc)
      Date Installed          : 2003-02-21T00:00Z
      Geologic Characteristic : (BEDROCK/CLAY/CONGLOMERATE/GRAVEL/SAND/etc)
        Bedrock Type          : (IGNEOUS/METAMORPHIC/SEDIMENTARY)
        Bedrock Condition     : (FRESH/JOINTED/WEATHERED)
        Fracture Spacing      : (1-10 cm/10-50 cm/50-200 cm/over 200 cm)
      Fault Zones Nearby      : (YES/NO/Name of the zone)
      Distance/activity       : (multiple lines)
      Additional Information  : (multiple lines)


2.    Site Location Information

      City or Town            : Renton
      State or Province       : Washington
      Country                 : USA
      Tectonic Plate          : North America
      Approximate Position (ITRF)
       X coordinate (m)       : -2301776.
       Y coordinate (m)       : -3654500.
       Z coordinate (m)       : 4677628.
       Latitude (N is +)      : +472812.00
       Longitude (E is +)     : +2374800.00
       Elevation (m,ellips.)  : 46.
      Additional Information  : approximate position from teqc
                              : King County.
                              : Reference frame used is (ITRF2000_V2).
                              : Coordinate system used is (WGS84).


3.    GNSS Receiver Information

3.1   Receiver Type           : TRIMBLE 5700
      Satellite System        : GPS
      Serial Number           : 0220267859
      Firmware Version        : NP 2.23 / SP 1.22
      Elevation Cutoff Setting: (deg)
      Date Installed          : 2003-02-21T00:00Z
      Date Removed            : (CCYY-MM-DDThh:mmZ)
      Temperature Stabiliz.   : (none or tolerance in degrees C)
      Additional Information  : (multiple lines)

3.x   Receiver Type           : (A20, from rcvr_ant.tab; see instructions)
      Satellite System        : (GPS/GLONASS/GPS+GLONASS)
      Serial Number           : (A5)
      Firmware Version        : (A11)
      Elevation Cutoff Setting: (deg)
      Date Installed          : (CCYY-MM-DDThh:mmZ)
      Date Removed            : (CCYY-MM-DDThh:mmZ)
      Temperature Stabiliz.   : (none or tolerance in degrees C)
      Additional Information  : (multiple lines)


4.    GPS Antenna Information

4.1   Antenna Type            : TRM41249.00
      Serial Number           : n/a
      Antenna Reference Point : BPA
      Marker->ARP Up Ecc. (m) : 0
      Marker->ARP North Ecc(m): 0
      Marker->ARP East Ecc(m) : 0
      Alignment from True N   : (deg; + is clockwise/east)
      Antenna Radome Type     : NONE
      Radome Serial Number    : 
      Antenna Cable Type      : (vendor & type number)
      Antenna Cable Length    : (m)
      Date Installed          : 2003-02-21T00:00Z
      Date Removed            : (CCYY-MM-DDThh:mmZ)
      Additional Information  : (multiple lines)

4.x   Antenna Type            : (A20, from rcvr_ant.tab; see instructions)
      Serial Number           : (A*, but note the first A5 is used in SINEX)
      Antenna Reference Point : (BPA/BCR/XXX from "antenna.gra"; see instr.)
      Marker->ARP Up Ecc. (m) : (F8.4)
      Marker->ARP North Ecc(m): (F8.4)
      Marker->ARP East Ecc(m) : (F8.4)
      Alignment from True N   : (deg; + is clockwise/east)
      Antenna Radome Type     : (A4 from rcvr_ant.tab; see instructions)
      Radome Serial Number    : 
      Antenna Cable Type      : (vendor & type number)
      Antenna Cable Length    : (m)
      Date Installed          : (CCYY-MM-DDThh:mmZ)
      Date Removed            : (CCYY-MM-DDThh:mmZ)
      Additional Information  : (multiple lines)


5.    Surveyed Local Ties

5.1   Tied Marker Name        : 
      Tied Marker Usage       : (SLR/VLBI/LOCAL CONTROL/FOOTPRINT/etc)
      Tied Marker CDP Number  : (A4)
      Tied Marker DOMES Number: (A9)
      Differential Components from GNSS Marker to the tied monument (ITRS)
       dx (m)                 : (m)
       dy (m)                 : (m)
       dz (m)                 : (m)
      Accuracy (mm)           : (mm)
      Survey method           : (GPS CAMPAIGN/TRILATERATION/TRIANGULATION/etc)
      Date Measured           : (CCYY-MM-DDThh:mmZ)
      Additional Information  : (multiple lines)

5.x   Tied Marker Name        : 
      Tied Marker Usage       : (SLR/VLBI/LOCAL CONTROL/FOOTPRINT/etc)
      Tied Marker CDP Number  : (A4)
      Tied Marker DOMES Number: (A9)
      Differential Components from GNSS Marker to the tied monument (ITRS)
       dx (m)                 : (m)
       dy (m)                 : (m)
       dz (m)                 : (m)
      Accuracy (mm)           : (mm)
      Survey method           : (GPS CAMPAIGN/TRILATERATION/TRIANGULATION/etc)
      Date Measured           : (CCYY-MM-DDThh:mmZ)
      Additional Information  : (multiple lines)


6.    Frequency Standard

6.1   Standard Type           : (INTERNAL or EXTERNAL H-MASER/CESIUM/etc)
      Input Frequency         : (if external)
      Effective Dates         : (CCYY-MM-DD/CCYY-MM-DD)
      Notes                   : (multiple lines)

6.x   Standard Type           : (INTERNAL or EXTERNAL H-MASER/CESIUM/etc)
      Input Frequency         : (if external)
      Effective Dates         : (CCYY-MM-DD/CCYY-MM-DD)
      Notes                   : (multiple lines)


7.    Collocation Information

7.1   Instrumentation Type    : (GPS/GLONASS/DORIS/PRARE/SLR/VLBI/TIME/etc)
      Status                  : (PERMANENT/MOBILE)
      Effective Dates         : (CCYY-MM-DD/CCYY-MM-DD)
      Notes                   : (multiple lines)

7.x   Instrumentation Type    : (GPS/GLONASS/DORIS/PRARE/SLR/VLBI/TIME/etc)
      Status                  : (PERMANENT/MOBILE)
      Effective Dates         : (CCYY-MM-DD/CCYY-MM-DD)
      Notes                   : (multiple lines)


8.    Meteorological Instrumentation

8.1.1 Humidity Sensor Model   :
      Manufacturer            : 
      Serial Number           : 
      Data Sampling Interval  : (sec)
      Accuracy (% rel h)      : (% rel h)
      Aspiration              : (UNASPIRATED/NATURAL/FAN/etc)
      Height Diff to Ant      : (m)
      Calibration Date        : (CCYY-MM-DD)
      Effective Dates         : (CCYY-MM-DD/CCYY-MM-DD)
      Notes                   : (multiple lines)

8.1.x Humidity Sensor Model   :
      Manufacturer            : 
      Serial Number           : 
      Data Sampling Interval  : (sec)
      Accuracy (% rel h)      : (% rel h)
      Aspiration              : (UNASPIRATED/NATURAL/FAN/etc)
      Height Diff to Ant      : (m)
      Calibration Date        : (CCYY-MM-DD)
      Effective Dates         : (CCYY-MM-DD/CCYY-MM-DD)
      Notes                   : (multiple lines)


8.2.1 Pressure Sensor Model   :
      Manufacturer            : 
      Serial Number           : 
      Data Sampling Interval  : (sec)
      Accuracy                : (hPa)
      Height Diff to Ant      : (m)
      Calibration Date        : (CCYY-MM-DD)
      Effective Dates         : (CCYY-MM-DD/CCYY-MM-DD)
      Notes                   : (multiple lines)

8.2.x Pressure Sensor Model   :
      Manufacturer            : 
      Serial Number           : 
      Data Sampling Interval  : (sec)
      Accuracy                : (hPa)
      Height Diff to Ant      : (m)
      Calibration Date        : (CCYY-MM-DD)
      Effective Dates         : (CCYY-MM-DD/CCYY-MM-DD)
      Notes                   : (multiple lines)


8.3.1 Temp. Sensor Model      :
      Manufacturer            : 
      Serial Number           : 
      Data Sampling Interval  : (sec)
      Accuracy                : (deg C)
      Aspiration              : (UNASPIRATED/NATURAL/FAN/etc)
      Height Diff to Ant      : (m)
      Calibration Date        : (CCYY-MM-DD)
      Effective Dates         : (CCYY-MM-DD/CCYY-MM-DD)
      Notes                   : (multiple lines)

8.3.x Temp. Sensor Model      :
      Manufacturer            : 
      Serial Number           : 
      Data Sampling Interval  : (sec)
      Accuracy                : (deg C)
      Aspiration              : (UNASPIRATED/NATURAL/FAN/etc)
      Height Diff to Ant      : (m)
      Calibration Date        : (CCYY-MM-DD)
      Effective Dates         : (CCYY-MM-DD/CCYY-MM-DD)
      Notes                   : (multiple lines)


8.4.1 Water Vapor Radiometer  :
      Manufacturer            : 
      Serial Number           : 
      Distance to Antenna     : (m)
      Height Diff to Ant      : (m)
      Calibration Date        : (CCYY-MM-DD)
      Effective Dates         : (CCYY-MM-DD/CCYY-MM-DD)
      Notes                   : (multiple lines)

8.4.x Water Vapor Radiometer  :
      Manufacturer            : 
      Serial Number           : 
      Distance to Antenna     : (m)
      Height Diff to Ant      : (m)
      Calibration Date        : (CCYY-MM-DD)
      Effective Dates         : (CCYY-MM-DD/CCYY-MM-DD)
      Notes                   : (multiple lines)


8.5.1 Other Instrumentation   : (multiple lines)
      Effective Dates         : (CCYY-MM-DD/CCYY-MM-DD)

8.5.x Other Instrumentation   : (multiple lines)
      Effective Dates         : (CCYY-MM-DD/CCYY-MM-DD)


9.    Local Ongoing Conditions Possibly Affecting Computed Position

9.1.1 Radio Interferences     : (TV/CELL PHONE ANTENNA/RADAR/etc)
      Observed Degradations   : (SN RATIO/DATA GAPS/etc)
      Effective Dates         : (CCYY-MM-DD/CCYY-MM-DD)
      Additional Information  : (multiple lines)

9.1.x Radio Interferences     : (TV/CELL PHONE ANTENNA/RADAR/etc)
      Observed Degradations   : (SN RATIO/DATA GAPS/etc)
      Effective Dates         : (CCYY-MM-DD/CCYY-MM-DD)
      Additional Information  : (multiple lines)


9.2.1 Multipath Sources       : (METAL ROOF/DOME/VLBI ANTENNA/etc)
      Effective Dates         : (CCYY-MM-DD/CCYY-MM-DD)
      Additional Information  : (multiple lines)

9.2.x Multipath Sources       : (METAL ROOF/DOME/VLBI ANTENNA/etc)
      Effective Dates         : (CCYY-MM-DD/CCYY-MM-DD)
      Additional Information  : (multiple lines)


9.3.1 Signal Obstructions     : (TREES/BUILDINGS/etc)
      Effective Dates         : (CCYY-MM-DD/CCYY-MM-DD)
      Additional Information  : (multiple lines)

9.3.x Signal Obstructions     : (TREES/BUILDINGS/etc)
      Effective Dates         : (CCYY-MM-DD/CCYY-MM-DD)
      Additional Information  : (multiple lines)


10.   Local Episodic Effects Possibly Affecting Data Quality

10.1  Date                    : (CCYY-MM-DD/CCYY-MM-DD)
      Event                   : (TREE CLEARING/CONSTRUCTION/etc)

10.x  Date                    : (CCYY-MM-DD/CCYY-MM-DD)
      Event                   : (TREE CLEARING/CONSTRUCTION/etc)


11.   On-Site, Point of Contact Agency Information

      Agency                  : (multiple lines)
      Preferred Abbreviation  : (A10)
      Mailing Address         : (multiple lines)
      Primary Contact         
       Contact Name           : 
       Telephone (primary)    : 
       Telephone (secondary)  : 
       Fax                    : 
       E-mail                 : 
      Secondary Contact       
       Contact Name           : 
       Telephone (primary)    : 
       Telephone (secondary)  : 
       Fax                    : 
       E-mail                 : 
      Additional Information  : (multiple lines)


12.   Responsible Agency (if different from 11.)

      Agency                  : (multiple lines)
      Preferred Abbreviation  : (A10)
      Mailing Address         : (multiple lines)
      Primary Contact         
       Contact Name           : 
       Telephone (primary)    : 
       Telephone (secondary)  : 
       Fax                    : 
       E-mail                 : 
      Secondary Contact       
       Contact Name           : 
       Telephone (primary)    : 
       Telephone (secondary)  : 
       Fax                    : 
       E-mail                 : 
      Additional Information  : (multiple lines)


13.   More Information

      Primary Data Center     : 
      Secondary Data Center   : 
      URL For More Information: 
      Hardcopy on File        
       Site Map               : (Y or URL)
       Site Diagram           : (Y or URL)
       Horizon Mask           : (Y or URL)
       Monument Description   : (Y or URL)
       Site Pictures          : (Y or URL)
      Additional Information  : (multiple lines)
      Antenna Graphics with Dimensions
                              
      (insert text graphic from antenna.gra)