     PARK Site Information Form (site log)
     International GNSS Service
     See Instructions at:
       ftp://igscb.jpl.nasa.gov/pub/station/general/sitelog_instr.txt

0.   Form

     Prepared by (full name)  : Guorong Hu
     Date Prepared            : 2013-08-06
     Report Type              : UPDATE
     If Update:
      Previous Site Log       : park_20091022.log
      Modified/Added Sections : 3.1,4.1


1.   Site Identification of the GNSS Monument

     Site Name                : Australian Telescope National Facility
     Four Character ID        : PARK
     Monument Inscription     :
     IERS DOMES Number        : 50108M001
     CDP Number               : (A4)
     Monument Description     : PILLAR
       Height of the Monument : 2.0m
       Monument Foundation    : CONCRETE
       Foundation Depth       : 3m
     Marker Description       : Plate with SPIGOT
     Date Installed           : 2005-07-17T00:00Z
     Geologic Characteristic  : BEDROCK
       Bedrock Type           : SEDIMENTRY
       Bedrock Condition      : WEATHERED
       Fracture Spacing       : (1-10 cm/11-50 cm/51-200 cm/over 200 cm)
       Fault zones nearby     : (YES/NO/Name of the zone)
         Distance/activity    : (multiple lines)
     Additional Information   : (multiple lines)


2.   Site Location Information

     City or Town             : Parkes
     State or Province        : New South Wales
     Country                  : Australia
     Tectonic Plate           : Australian
     Approximate Position (ITRF)
       X coordinate (m)       : -4554254.3133
       Y coordinate (m)       :  2816652.5497
       Z coordinate (m)       : -3454060.9536
       Latitude (N is +)      : -325955.6
       Longitude (E is +)     : +1481552.6
       Elevation (m,ellips.)  : 397.4
     Additional Information   : (multiple lines)


3.   GNSS Receiver Information

3.1  Receiver Type            : JPS E_GGD
     Satellite System         : GPS+GLO
     Serial Number            : 8PW3GYRPYWW
     Firmware Version         : 2.5
     Elevation Cutoff Setting : 0 deg
     Date Installed           : 2005-07-18T00:00Z
     Date Removed             : 2009-10-11T23:59Z
     Temperature Stabiliz.    : none
     Additional Information   : change the installed date from 2006-07-18 to 2005-07-18 because of type error, confirmed with Bob Twilley

3.2  Receiver Type            : JPS E_GGD
     Satellite System         : GPS+GLO
     Serial Number            : 8PW3GYRPYWW
     Firmware Version         : 2.7.0
     Elevation Cutoff Setting : 0 deg
     Date Installed           : 2009-10-22T00:00Z
     Date Removed             : (CCYY-MM-DDThh:mmZ)
     Temperature Stabiliz.    : none
     Additional Information   : (multiple lines)

3.x  Receiver Type            : (A20, from rcvr_ant.tab; see instructions)
     Satellite System         : (GPS+GLO+GAL+CMP+QZSS+SBAS)
     Serial Number            : (A20, but note the first A5 is used in SINEX)
     Firmware Version         : (A11)
     Elevation Cutoff Setting : (deg)
     Date Installed           : (CCYY-MM-DDThh:mmZ)
     Date Removed             : (CCYY-MM-DDThh:mmZ)
     Temperature Stabiliz.    : (none or tolerance in degrees C)
     Additional Information   : (multiple lines)


4.   GNSS Antenna Information

4.1  Antenna Type             : ASH701945C_M    NONE
     Serial Number            : CR620011902
     Antenna Reference Point  : BPA
     Marker->ARP Up Ecc. (m)  : 000.0000
     Marker->ARP North Ecc(m) : 000.0000
     Marker->ARP East Ecc(m)  : 000.0000
     Alignment from True N    : 0 deg
     Antenna Radome Type      : NONE
     Radome Serial Number     :
     Antenna Cable Type       : Coaxial CNT400
     Antenna Cable Length     : 150m
     Date Installed           : 2005-07-18T00:00Z
     Date Removed             : (CCYY-MM-DDThh:mmZ)
     Additional Information   : change the installed date from 2006-07-18 to 2005-07-18 because of type error, confirmed with Bob Twilley

4.x  Antenna Type             : (A20, from rcvr_ant.tab; see instructions)
     Serial Number            : (A*, but note the first A5 is used in SINEX)
     Antenna Reference Point  : (BPA/BCR/XXX from "antenna.gra"; see instr.)
     Marker->ARP Up Ecc. (m)  : (F8.4)
     Marker->ARP North Ecc(m) : (F8.4)
     Marker->ARP East Ecc(m)  : (F8.4)
     Alignment from True N    : (deg; + is clockwise/east)
     Antenna Radome Type      : (A4 from rcvr_ant.tab; see instructions)
     Radome Serial Number     :
     Antenna Cable Type       : (vendor & type number)
     Antenna Cable Length     : (m)
     Date Installed           : (CCYY-MM-DDThh:mmZ)
     Date Removed             : (CCYY-MM-DDThh:mmZ)
     Additional Information   : (multiple lines)

5.   Surveyed Local Ties

5.1  Tied Marker Name         : Parkes VLBI
     Tied Marker Usage        : VLBI
     Tied Marker CDP Number   : 7202
     Tied Marker DOMES Number : 50108S001
     Differential Components from GNSS Marker to the tied monument (ITRS)
       dx (m)                 : (m)
       dy (m)                 : (m)
       dz (m)                 : (m)
     Accuracy (mm)            : (mm)
     Survey method            : (GPS CAMPAIGN/TRILATERATION/TRIANGULATION/etc)
     Date Measured            : (CCYY-MM-DDThh:mmZ)
     Additional Information   : (multiple lines)


5.2  Tied Marker Name         : RM1
     Tied Marker Usage        : LOCAL CONTROL
     Tied Marker CDP Number   : (A4)
     Tied Marker DOMES Number : (A9)
     Differential Components from GNSS Marker to the tied monument (ITRS)
       dx (m)                 : -9.6595
       dy (m)                 : -21.0299
       dz (m)                 : 0.2593
     Accuracy (mm)            : 1mm
     Survey method            : Total Station TRILATERATION/TRIANGULATION
     Date Measured            : 2005-09-01T00:00Z
     Additional Information   : (multiple lines)

5.3  Tied Marker Name         : RM2
     Tied Marker Usage        : LOCAL CONTROL
     Tied Marker CDP Number   : (A4)
     Tied Marker DOMES Number : (A9)
     Differential Components from GNSS Marker to the tied monument (ITRS)
       dx (m)                 : 15.2173
       dy (m)                 : -1.5820
       dz (m)                 : -16.138
     Accuracy (mm)            : 1mm
     Survey method            : Total Station TRILATERATION/TRIANGULATION
     Date Measured            : 2005-09-01T00:00Z
     Additional Information   : (multiple lines)

5.4  Tied Marker Name         : RM3
     Tied Marker Usage        : LOCAL CONTROL
     Tied Marker CDP Number   : (A4)
     Tied Marker DOMES Number : (A9)
     Differential Components from GNSS Marker to the tied monument (ITRS)
       dx (m)                 : 1.4781
       dy (m)                 : 14.1906
       dz (m)                 : 14.7280
     Accuracy (mm)            : 1mm
     Survey method            : Total Station TRILATERATION/TRIANGULATION
     Date Measured            : 2005-09-01T00:00Z
     Additional Information   : (multiple lines)

5.5  Tied Marker Name         : PAR1
     Tied Marker Usage        : LOCAL CONTROL
     Tied Marker CDP Number   : (A4)
     Tied Marker DOMES Number : (A9)
     Differential Components from GNSS Marker to the tied monument (ITRS)
       dx (m)                 : 115.9418
       dy (m)                 : 93.8973
       dz (m)                 : -72.5579
     Accuracy (mm)            : 1mm
     Survey method            : Total StationTRILATERATION/TRIANGULATION
     Date Measured            : 2005-09-01T00:00Z
     Additional Information   : (multiple lines)


5.x  Tied Marker Name         :
     Tied Marker Usage        : (SLR/VLBI/LOCAL CONTROL/FOOTPRINT/etc)
     Tied Marker CDP Number   : (A4)
     Tied Marker DOMES Number : (A9)
     Differential Components from GNSS Marker to the tied monument (ITRS)
       dx (m)                 : (m)
       dy (m)                 : (m)
       dz (m)                 : (m)
     Accuracy (mm)            : (mm)
     Survey method            : (GPS CAMPAIGN/TRILATERATION/TRIANGULATION/etc)
     Date Measured            : (CCYY-MM-DDThh:mmZ)
     Additional Information   : (multiple lines)

6.   Frequency Standard

6.1  Standard Type            : EXTERNAL H-MASER
       Input Frequency        : 10MHz
       Effective Dates        : 2006-07-18/CCYY-MM-DD
       Notes                  : Make: SAO, Model: VLG-10, S/N: IP1

6.x  Standard Type            : (INTERNAL or EXTERNAL H-MASER/CESIUM/etc)
       Input Frequency        : (if external)
       Effective Dates        : (CCYY-MM-DD/CCYY-MM-DD)
       Notes                  : (multiple lines)

7.   Collocation Information

7.1  Instrumentation Type     : (GPS/GLONASS/DORIS/PRARE/SLR/VLBI/TIME/etc)
       Status                 : (PERMANENT/MOBILE)
       Effective Dates        : (CCYY-MM-DD/CCYY-MM-DD)
       Notes                  : (multiple lines)

7.x  Instrumentation Type     : (GPS/GLONASS/DORIS/PRARE/SLR/VLBI/TIME/etc)
       Status                 : (PERMANENT/MOBILE)
       Effective Dates        : (CCYY-MM-DD/CCYY-MM-DD)
       Notes                  : (multiple lines)


8.   Meteorological Instrumentation


8.1.x Humidity Sensor Model   :
       Manufacturer           :
       Serial Number          :
       Data Sampling Interval : (sec)
       Accuracy (% rel h)     : (% rel h)
       Aspiration             : (UNASPIRATED/NATURAL/FAN/etc)
       Height Diff to Ant     : (m)
       Calibration date       : (CCYY-MM-DD)
       Effective Dates        : (CCYY-MM-DD/CCYY-MM-DD)
       Notes                  : (multiple lines)

8.2.x Pressure Sensor Model   :
       Manufacturer           :
       Serial Number          :
       Data Sampling Interval : (sec)
       Accuracy               : (hPa)
       Height Diff to Ant     : (m)
       Calibration date       : (CCYY-MM-DD)
       Effective Dates        : (CCYY-MM-DD/CCYY-MM-DD)
       Notes                  : (multiple lines)

8.3.x Temp. Sensor Model      :
       Manufacturer           :
       Serial Number          :
       Data Sampling Interval : (sec)
       Accuracy               : (deg C)
       Aspiration             : (UNASPIRATED/NATURAL/FAN/etc)
       Height Diff to Ant     : (m)
       Calibration date       : (CCYY-MM-DD)
       Effective Dates        : (CCYY-MM-DD/CCYY-MM-DD)
       Notes                  : (multiple lines)

8.4.1 Water Vapor Radiometer  :
       Manufacturer           :
       Serial Number          :
       Distance to Antenna    : (m)
       Height Diff to Ant     : (m)
       Calibration date       : (CCYY-MM-DD)
       Effective Dates        : (CCYY-MM-DD/CCYY-MM-DD)
       Notes                  : (multiple lines)

8.4.x Water Vapor Radiometer  :
       Manufacturer           :
       Serial Number          :
       Distance to Antenna    : (m)
       Height Diff to Ant     : (m)
       Calibration date       : (CCYY-MM-DD)
       Effective Dates        : (CCYY-MM-DD/CCYY-MM-DD)
       Notes                  : (multiple lines)

8.5.1 Other Instrumentation   : (multiple lines)

8.5.x Other Instrumentation   : (multiple lines)


9.  Local Ongoing Conditions Possibly Affecting Computed Position

9.1.x Radio Interferences     : (TV/CELL PHONE ANTENNA/RADAR/etc)
       Observed Degradations  : (SN RATIO/DATA GAPS/etc)
       Effective Dates        : (CCYY-MM-DD/CCYY-MM-DD)
       Additional Information : (multiple lines)

9.2.x Multipath Sources       : (METAL ROOF/DOME/VLBI ANTENNA/etc)
       Effective Dates        : (CCYY-MM-DD/CCYY-MM-DD)
       Additional Information : (multiple lines)

9.3.x Signal Obstructions     : (TREES/BUILDLINGS/etc)
       Effective Dates        : (CCYY-MM-DD/CCYY-MM-DD)
       Additional Information : (multiple lines)

10.  Local Episodic Effects Possibly Affecting Data Quality

10.x Date                     : (CCYY-MM-DD/CCYY-MM-DD)
     Event                    : (TREE CLEARING/CONSTRUCTION/etc)

11.   On-Site, Point of Contact Agency Information

     Agency                   : Geoscience Australia
     Preferred Abbreviation   : GA
     Mailing Address          : PO BOX 378
                                Canberra ACT 2601
     Primary Contact
       Contact Name           : Bob Twilley
       Telephone (primary)    : +61 2 62499066
       Telephone (secondary)  : 0413 604180 (mobile)
       Fax                    : +61 2 62499929
       E-mail                 : bobtwilley@ga.gov.au
     Secondary Contact
       Contact Name           : Mike Moore
       Telephone (primary)    : +61 2 62499052
       Telephone (secondary)  :
       Fax                    : +61 2 62499929
       E-mail                 : mike.moore@ga.gov.au
     Additional Information   : (multiple lines)


12.  Responsible Agency (if different from 11.)

     Agency                   : (multiple lines)
     Preferred Abbreviation   : (A10)
     Mailing Address          : (multiple lines)
     Primary Contact
       Contact Name           :
       Telephone (primary)    :
       Telephone (secondary)  :
       Fax                    :
       E-mail                 :
     Secondary Contact
       Contact Name           :
       Telephone (primary)    :
       Telephone (secondary)  :
       Fax                    :
       E-mail                 :
     Additional Information   : (multiple lines)


13.  More Information

     Primary Data Center      : CDDIS
     Secondary Data Center    : KASI
     URL for More Information :
     Hardcopy on File
       Site Map               : (Y or URL)
       Site Diagram           : (Y or URL)
       Horizon Mask           : (Y or URL)
       Monument Description   : (Y or URL)
       Site Pictures          : (Y or URL)
     Additional Information   : (multiple lines)
     Antenna Graphics with Dimensions

     (insert text graphic from file antenna.gra)




                        ASH701945C_M

                         +-------+
                       /     +     \                        <--  0.1280 L2
                      |      +      |                       <--  0.1100 L1
    +-----------------+-------------+------------------+    <--  0.1006 TCR
    |                                                  |
    |                                                  |
    |                                                  |
    |                                                  |
  +-+--------------------------------------------------+-+  <--  0.0376
  +-------------------+-------------+--------------------+  <--  0.0346 BCR
                      |             |
                      |             |
                      +------x------+                       <--  0.0000 BPA=ARP

  <--                      0.3890                      -->


   ARP: Antenna Reference Point   BPA: Bottom of Preamplifier


