     International GPS Service
     PARY Site Information Form
     See Instructions at:
       ftp://igscb.jpl.nasa.gov/pub/station/general/sitelog_instr.txt

0.   Form

     Prepared by (full name)  : Mike Craymer
     Date Prepared            : 2011-05-16
     Report Type              : UPDATE
     If Update:
      Previous Site Log       : pary_20091006.log
      Modified/Added Sections : 3.4, 3.5, 4.1, 13


1.  Site Identification of the GNSS Monument

     Site Name                : Parry Sound
     Four Character ID        : PARY
     Monument Inscription     : M023001
     IERS DOMES Number        : 40157M001
     CDP Number               : N/A
     Monument Description     : Aluminum pillar
       Height of the Monument : 3.3 m
       Monument Foundation    : Concrete block
       Foundation Depth       : N/A
     Marker Description       : Steel bolt
     Date Installed           : 2002-06-05
     Geologic Characteristic  : Bedrock
       Bedrock Type           : 
       Bedrock Condition      : 
       Fracture Spacing       : 
       Fault zones nearby     : No
         Distance/activity    : 
     Additional Information   : The GPS reference mark consists of a aluminum
                                plate with a forced centering stainless steel
                                bolt embedded on top of a 3.3 m high, 15 cm
                                diameter aluminium pillar, anchored to a 2.2 m
                                square, 30.5 cm thick concrete pad supported by
                                2 steel I beams embedded in bedrock in the lake
                                bottom on one end and a rock-filled, steel-
                                cribed pier on the other. The concrete pad also
                                supports the water gauge.


2.   Site Location Information

     City or Town             : Pary Sound
     State or Province        : Ontario
     Country                  : Canada
     Tectonic Plate           : North American
     Approximate Position (ITRF)
       X coordinate (m)       :   777085.13
       Y coordinate (m)       : -4423268.40
       Z coordinate (m)       :  4513977.76
       Latitude (N is +)      :  +452018.79
       Longitude (E is +)     : -0800209.20
       Elevation (m,ellips.)  :  144.96
     Additional Information   : Located in Canadian Hydrographic Service water
                                level gauge building on Bay Street government
                                wharf.


3.  GNSS Receiver Information

3.1  Receiver Type            : TRIMBLE 5700
     Satellite System         : GPS
     Serial Number            : 0220268811
     Firmware Version         : NP 1.04/SP 0.00
     Elevation Cutoff Setting : 0 deg
     Date Installed           : 2002-06-05
     Date Removed             : 2004-02-11
     Temperature Stabiliz.    : None
     Additional Information   : 

3.2  Receiver Type            : TRIMBLE 5700
     Satellite System         : GPS
     Serial Number            : 0220268811
     Firmware Version         : NP 2.01/SP 0.00
     Elevation Cutoff Setting : 0 deg
     Date Installed           : 2004-02-11
     Date Removed             : 2008-03-27T00:00Z
     Temperature Stabiliz.    : None
     Additional Information   : Firmware upgrade

3.3  Receiver Type            : TRIMBLE NETRS
     Satellite System         : GPS
     Serial Number            : 4646125549
     Firmware Version         : 1.1-3   28 Apr 2005
     Elevation Cutoff Setting : 0 deg
     Date Installed           : 2008-03-27T00:00Z
     Date Removed             : 2009-01-10T00:41Z
     Temperature Stabiliz.    : None
     Additional Information   : 

3.4  Receiver Type            : TRIMBLE NETRS
     Satellite System         : GPS
     Serial Number            : 4646125549
     Firmware Version         : 1.1-5   12 Jan 2006
     Elevation Cutoff Setting : 0 deg
     Date Installed           : 2009-01-10T00:41Z
     Date Removed             : 2011-05-16T21:00Z
     Temperature Stabiliz.    : None
     Additional Information   : Firmware upgrade

3.5  Receiver Type            : TRIMBLE NETRS
     Satellite System         : GPS
     Serial Number            : 4646125549
     Firmware Version         : 1.3-1   10 Dec 2010
     Elevation Cutoff Setting : 0 deg
     Date Installed           : 2011-05-16T21:00Z
     Date Removed             : CCYY-MM-DDThh:mmZ
     Temperature Stabiliz.    : None
     Additional Information   : Firmware upgrade & RTCM streaming enabled

3.x  Receiver Type            : (A20, from rcvr_ant.tab; see instructions)
     Satellite System         : (GPS/GLONASS/GPS+GLONASS)
     Serial Number            : (A5)
     Firmware Version         : (A11)
     Elevation Cutoff Setting : (deg)
     Date Installed           : (CCYY-MM-DDThh:mmZ)
     Date Removed             : (CCYY-MM-DDThh:mmZ)
     Temperature Stabiliz.    : (none or tolerance in degrees C)
     Additional Information   : (multiple lines)


4.  GNSS Antenna Information

4.1  Antenna Type             : TRM41249.00     NONE
     Serial Number            : 12281696
     Antenna Reference Point  : BAM
     Marker->ARP Up Ecc. (m)  : 0.1000
     Marker->ARP North Ecc(m) : 0.0000
     Marker->ARP East Ecc(m)  : 0.0000
     Alignment from True N    : 0 deg
     Antenna Radome Type      : NONE
     Radome Serial Number     : 
     Antenna Cable Type       : 
     Antenna Cable Length     : 6 m
     Date Installed           : 2002-06-05
     Date Removed             : CCYY-MM-DDThh:mmZ
     Additional Information   : Corrected ARP entry 2009-10-06

4.x  Antenna Type             : (A20, from rcvr_ant.tab; see instructions)
     Serial Number            : (A*, but note the first A5 is used in SINEX)
     Antenna Reference Point  : (BPA/BCR/XXX from "antenna.gra"; see instr.)
     Marker->ARP Up Ecc. (m)  : (F8.4)
     Marker->ARP North Ecc(m) : (F8.4)
     Marker->ARP East Ecc(m)  : (F8.4)
     Alignment from True N    : (deg; + is clockwise/east)
     Antenna Radome Type      : (A4 from rcvr_ant.tab; see instructions)
     Radome Serial Number     : 
     Antenna Cable Type       : (vendor & type number)
     Antenna Cable Length     : (m)
     Date Installed           : (CCYY-MM-DDThh:mmZ)
     Date Removed             : (CCYY-MM-DDThh:mmZ)
     Additional Information   : (multiple lines)


5.  Surveyed Local Ties

5.x  Tied Marker Name         : 
     Tied Marker Usage        : (SLR/VLBI/LOCAL CONTROL/FOOTPRINT/etc)
     Tied Marker CDP Number   : (A4)
     Tied Marker DOMES Number : (A9)
     Differential Components from GNSS Marker to the tied monument (ITRS)
       dx (m)                 : 
       dy (m)                 : 
       dz (m)                 : 
     Accuracy (mm)            : (mm)
     Survey method            : (GPS CAMPAIGN/TRILATERATION/TRIANGULATION/etc)
     Date Measured            : (CCYY-MM-DDThh:mmZ)
     Additional Information   : (multiple lines)


6.   Frequency Standard

6.1  Standard Type            : INTERNAL
       Input Frequency        : 
       Effective Dates        : 2002-06-05/CCYY-MM-DD
       Notes                  : 

6.x  Standard Type            : (INTERNAL or EXTERNAL H-MASER/CESIUM/etc)
       Input Frequency        : (if external)
       Effective Dates        : (CCYY-MM-DD/CCYY-MM-DD)
       Notes                  : (multiple lines)


7.   Collocation Information

7.1  Instrumentation Type     : TIDE GAUGE
       Status                 : Permanent
       Effective Dates        : 1960/CCYY-MM-DD
       Notes                  : (multiple lines)

7.x  Instrumentation Type     : (GPS/GLONASS/DORIS/PRARE/SLR/VLBI/TIME/etc)
       Status                 : (PERMANENT/MOBILE)
       Effective Dates        : (CCYY-MM-DD/CCYY-MM-DD)
       Notes                  : (multiple lines)


8.   Meteorological Instrumentation

8.1.1  Humidity Sensor Model  : PTU200
       Manufacturer           : Vaisala
       Serial Number          : 
       Data Sampling Interval : 300 sec
       Accuracy (% rel h)     : 0.1 % rel h
       Aspiration             : (UNASPIRATED/NATURAL/FAN/etc)
       Height Diff to Ant     : 0 m
       Calibration date       : (CCYY-MM-DD)
       Effective Dates        : CCYY-MM-DD/2008-03-13
       Notes                  : The temperature/humidity probe began
                                malfunctioning 2008-08-04, givinga constant
                                zero RH value.

8.1.2  Humidity Sensor Model  : PTU200
       Manufacturer           : Vaisala
       Serial Number          : 
       Data Sampling Interval : 300 sec
       Accuracy (% rel h)     : 0.1 % rel h
       Aspiration             : (UNASPIRATED/NATURAL/FAN/etc)
       Height Diff to Ant     : 0 m
       Calibration date       : (CCYY-MM-DD)
       Effective Dates        : 2008-03-13/CCYY-MM-DD
       Notes                  : (multiple lines)

8.1.x  Humidity Sensor Model  : 
       Manufacturer           : 
       Serial Number          : 
       Data Sampling Interval : (sec)
       Accuracy (% rel h)     : (% rel h)
       Aspiration             : (UNASPIRATED/NATURAL/FAN/etc)
       Height Diff to Ant     : (m)
       Calibration date       : (CCYY-MM-DD)
       Effective Dates        : (CCYY-MM-DD/CCYY-MM-DD)
       Notes                  : (multiple lines)

8.2.1  Pressure Sensor Model  : PTU200
       Manufacturer           : Vaisala
       Serial Number          : 
       Data Sampling Interval : 300 sec
       Accuracy               : 0.1 hPa
       Height Diff to Ant     : 0 m
       Calibration date       : (CCYY-MM-DD)
       Effective Dates        : CCYY-MM-DD/2008-03-13
       Notes                  : The temperature/humidity probe began
                                malfunctioning 2008-08-04

8.2.2  Pressure Sensor Model  : PTU200
       Manufacturer           : Vaisala
       Serial Number          : 
       Data Sampling Interval : 300 sec
       Accuracy               : 0.1 hPa
       Height Diff to Ant     : 0 m
       Calibration date       : (CCYY-MM-DD)
       Effective Dates        : 2008-03-13/CCYY-MM-DD
       Notes                  : (multiple lines)

8.2.x  Pressure Sensor Model  : 
       Manufacturer           : 
       Serial Number          : 
       Data Sampling Interval : (sec)
       Accuracy               : (hPa)
       Height Diff to Ant     : (m)
       Calibration date       : (CCYY-MM-DD)
       Effective Dates        : (CCYY-MM-DD/CCYY-MM-DD)
       Notes                  : (multiple lines)

8.3.1  Temp. Sensor Model     : PTU200
       Manufacturer           : Vaisala
       Serial Number          : 
       Data Sampling Interval : 300 sec
       Accuracy               : 0.1 deg C
       Aspiration             : (UNASPIRATED/NATURAL/FAN/etc)
       Height Diff to Ant     : 0 m
       Calibration date       : (CCYY-MM-DD)
       Effective Dates        : CCYY-MM-DD/2008-03-13
       Notes                  : The temperature/humidity probe began
                                malfunctioning 2008-08-04, givinga constant
                                -39 C temperature value.

8.3.2  Temp. Sensor Model     : PTU200
       Manufacturer           : Vaisala
       Serial Number          : 
       Data Sampling Interval : 300 sec
       Accuracy               : 0.1 deg C
       Aspiration             : (UNASPIRATED/NATURAL/FAN/etc)
       Height Diff to Ant     : 0 m
       Calibration date       : (CCYY-MM-DD)
       Effective Dates        : 2008-03-13/CCYY-MM-DD
       Notes                  : (multiple lines)

8.3.x  Temp. Sensor Model     : 
       Manufacturer           : 
       Serial Number          : 
       Data Sampling Interval : (sec)
       Accuracy               : (C)
       Aspiration             : (UNASPIRATED/NATURAL/FAN/etc)
       Height Diff to Ant     : (m)
       Calibration date       : (CCYY-MM-DD)
       Effective Dates        : (CCYY-MM-DD/CCYY-MM-DD)
       Notes                  : (multiple lines)

8.4.x  Water Vapor Radiometer : 
       Manufacturer           : 
       Serial Number          : 
       Distance to Antenna    : (m)
       Height Diff to Ant     : (m)
       Calibration date       : (CCYY-MM-DD)
       Effective Dates        : (CCYY-MM-DD/CCYY-MM-DD)
       Notes                  : (multiple lines)

8.5.x  Other Instrumentation  : 


9.  Local Ongoing Conditions Possibly Affecting Computed Position

9.1.x  Radio Interferences    : (TV/CELL PHONE ANTENNA/RADAR/etc)
       Observed Degredations  : (SN RATIO/DATA GAPS/etc)
       Effective Dates        : (CCYY-MM-DD/CCYY-MM-DD)
       Additional Information : (multiple lines)

9.2.x  Multipath Sources      : (METAL ROOF/DOME/VLBI ANTENNA/etc)
       Effective Dates        : (CCYY-MM-DD/CCYY-MM-DD)
       Additional Information : (multiple lines)

9.3.x  Signal Obstructions    : (TREES/BUILDLINGS/etc)
       Effective Dates        : (CCYY-MM-DD/CCYY-MM-DD)
       Additional Information : (multiple lines)


10.   Local Episodic Effects Possibly Affecting Data Quality

10.x Date                     : (CCYY-MM-DD/CCYY-MM-DD)
     Event                    : (TREE CLEARING/CONSTRUCTION/etc)


11.   On-Site, Point of Contact Agency Information

     Agency                   : Natural Resources Canada
     Preferred Abbreviation   : NRCan/GSD
     Mailing Address          : 615 Booth Street
                                Ottawa, ON, K1A 0E9, Canada
     Primary Contact
       Contact Name           : Mike Craymer
       Telephone (primary)    : 613-947-1829
       Telephone (secondary)  : 
       Fax                    : 613-995-3215
       E-mail                 : craymer@nrcan.gc.ca
     Secondary Contact
       Contact Name           : Mike Piraszewski
       Telephone (primary)    : 613-947-0967
       Telephone (secondary)  : 
       Fax                    : 613-995-3215
       E-mail                 : mpirasze@nrcan.gc.ca
     Additional Information   : (multiple lines)


12.  Responsible Agency (if different from 11.)

     Agency                   : (multiple lines)
     Preferred Abbreviation   : (A10)
     Mailing Address          : (multiple lines)
     Primary Contact
       Contact Name           : 
       Telephone (primary)    : 
       Telephone (secondary)  : 
       Fax                    : 
       E-mail                 : 
     Secondary Contact
       Contact Name           : 
       Telephone (primary)    : 
       Telephone (secondary)  : 
       Fax                    : 
       E-mail                 : 
     Additional Information   : (multiple lines)


13.  More Information

     Primary Data Center      : NRCan/GSD
     Secondary Data Center    : NGS/CORS
     URL for More Information : 
       Hardcopy on File
       Site Map               : (Y or URL)
       Site Diagram           : Y
       Horizon Mask           : Y
       Monument Description   : Y
       Site Pictures          : Y
     Additional Information   : (multiple lines)
     Antenna Graphics with Dimensions


TRM41249.00

   / ----------------------+--------------------- \   <--  0.1714  L1
  +                        +                       +  <--  0.1682  L2
   \ -------------------------------------------- /
   <--             \    0.3396     /            -->        Notches
                    \     +-+     /
                    +-====| |====-+                   <--  0.100  BAM=ARP
                    |             |
                    |  Aluminium  |
                    |    Mount    |
                    |             |
                    |     +-+     |
                    +=====| |=====+                   <--  0.000  MRP
                    |<-- 0.15  -->|
                    |             |
                    |  Aluminium  |
                    |   Pillar    |
                    |             |


   ARP: Antenna Reference Point           MRP: Monument Reference Point
   L1 : L1 Phase Center                   L2 : L2 Phase Center
   BAM: Bottom of Antenna Mount
