     PFRR Site Information Form (site log)
     International GNSS Service
     See Instructions at:
       ftp://igscb.jpl.nasa.gov/pub/station/general/sitelog_instr.txt

0.   Form

     Prepared by (full name)  : Kotaro-Hisano (JAXA)
     Date Prepared            : 2015-12-25
     Report Type              : NEW
     If Update:
      Previous Site Log       : 
      Modified/Added Sections : 


1.   Site Identification of the GNSS Monument

     Site Name                : Poker Flat Research Range
     Four Character ID        : PFRR
     Monument Inscription     : 
     IERS DOMES Number        : 40495M001
     CDP Number               : 
     Monument Description     : Deep foundation welded steel pyramid
       Height of the Monument : 
       Monument Foundation    : on the ground
       Foundation Depth       : N/A
     Marker Description       : SCIGN MOUNT MARK
     Date Installed           : 2014-04-04T00:00Z
     Geologic Characteristic  : 
       Bedrock Type           : 
       Bedrock Condition      : 
       Fracture Spacing       : 
       Fault zones nearby     : 
         Distance/activity    : 
     Additional Information   : Welded pyramid of 2" steel pipe.  Set in bottom
                              : of 12' x 12' by 6' deep hole.  2' thick poured
                              : concrete slab, anchored to bedrock, backfilled
                              : with NFS material and insulated.



2.   Site Location Information

     City or Town             : Chatanika
     State or Province        : AK
     Country                  : USA
     Tectonic Plate           : NORTH AMERICAN
     Approximate Position (ITRF)
       X coordinate (m)       : -2268130.271
       Y coordinate (m)       : -1448686.124
       Z coordinate (m)       : 5763696.074
       Latitude (N is +)      : +650702.77
       Longitude (E is +)     : -1472559.04
       Elevation (m,ellips.)  : 512.398
     Additional Information   : 


3.   GNSS Receiver Information

3.1  Receiver Type            : JAVAD TRE_G3TH DELTA
     Satellite System         : GPS+GLO+GAL+QZSS
     Serial Number            : 00676
     Firmware Version         : 3.5.5
     Elevation Cutoff Setting : 5 deg
     Date Installed           : 2014-04-04T00:00Z
     Date Removed             : 2015-08-21T00:00Z
     Temperature Stabiliz.    : 
     Additional Information   : Temperature-controlled room or cabinet

3.2  Receiver Type            : TRIMBLE NETR9
     Satellite System         : GPS+GLO+GAL+QZSS+BDS
     Serial Number            : 5423R48724
     Firmware Version         : 5.01
     Elevation Cutoff Setting : 0 deg
     Date Installed           : 2015-08-21T00:00Z
     Date Removed             : (CCYY-MM-DDThh:mmZ)
     Temperature Stabiliz.    : 
     Additional Information   : 

3.3  Receiver Type            : TRIMBLE NETR9
     Satellite System         : GPS+GLO+GAL+QZSS+BDS
     Serial Number            : 5423R48724
     Firmware Version         : 5.10
     Elevation Cutoff Setting : 0 deg
     Date Installed           : 2015-09-25T00:00Z
     Date Removed             : (CCYY-MM-DDThh:mmZ)
     Temperature Stabiliz.    : 
     Additional Information   : 

3.x  Receiver Type            : (A20, from rcvr_ant.tab; see instructions)
     Satellite System         : (GPS+GLO+GAL+BDS+QZSS+SBAS)
     Serial Number            : (A20, but note the first A5 is used in SINEX)
     Firmware Version         : (A11)
     Elevation Cutoff Setting : (deg)
     Date Installed           :  (CCYY-MM-DDThh:mmZ)
     Date Removed             : (CCYY-MM-DDThh:mmZ)
     Temperature Stabiliz.    : (none or tolerance in degrees C)
     Additional Information   : (multiple lines)


4.   GNSS Antenna Information

4.1  Antenna Type             : JAVRINGANT_DM   SCIT
     Serial Number            : 00531
     Antenna Reference Point  : BPA
     Marker->ARP Up Ecc. (m)  : 0.0000
     Marker->ARP North Ecc(m) : 0.0000
     Marker->ARP East Ecc(m)  : 0.0000
     Alignment from True N    : 0.0
     Antenna Radome Type      : SCIT
     Radome Serial Number     : 3086
     Antenna Cable Type       : 
     Antenna Cable Length     : 
     Date Installed           : 2014-04-04T00:00Z
     Date Removed             : CCYY-MM-DDThh:mmZ
     Additional Information   : 

4.x  Antenna Type             : (A20, from rcvr_ant.tab; see instructions)
     Serial Number            : (A*, but note the first A5 is used in SINEX)
     Antenna Reference Point  : (BPA/BCR/XXX from "antenna.gra"; see instr.)
     Marker->ARP Up Ecc. (m)  : (F8.4)
     Marker->ARP North Ecc(m) : (F8.4)
     Marker->ARP East Ecc(m)  : (F8.4)
     Alignment from True N    : (deg; + is clockwise/east)
     Antenna Radome Type      : (A4 from rcvr_ant.tab; see instructions)
     Radome Serial Number     : 
     Antenna Cable Type       : (vendor & type number)
     Antenna Cable Length     : (m)
     Date Installed           : (CCYY-MM-DDThh:mmZ)
     Date Removed             : (CCYY-MM-DDThh:mmZ)
     Additional Information   : (multiple lines)

5.   Surveyed Local Ties

5.x  Tied Marker Name         : 
     Tied Marker Usage        : (SLR/VLBI/LOCAL CONTROL/FOOTPRINT/etc)
     Tied Marker CDP Number   : (A4)
     Tied Marker DOMES Number : (A9)
     Differential Components from GNSS Marker to the tied monument (ITRS)
       dx (m)                 : (m)
       dy (m)                 : (m)
       dz (m)                 : (m)
     Accuracy (mm)            : (mm)
     Survey method            : (GPS CAMPAIGN/TRILATERATION/TRIANGULATION/etc)
     Date Measured            : (CCYY-MM-DDThh:mmZ)
     Additional Information   : (multiple lines)


6.   Frequency Standard

6.1  Standard Type            : INTERNAL
       Input Frequency        : 
       Effective Dates        : 2014-04-04/CCYY-MM-DD
       Notes                  : 

6.x  Standard Type            : (INTERNAL or EXTERNAL H-MASER/CESIUM/etc)
       Input Frequency        : (if external)
       Effective Dates        : (CCYY-MM-DD/CCYY-MM-DD)
       Notes                  : (multiple lines)


7.   Collocation Information

7.x  Instrumentation Type     : (GPS/GLONASS/DORIS/PRARE/SLR/VLBI/TIME/etc)
       Status                 : (PERMANENT/MOBILE)
       Effective Dates        : (CCYY-MM-DD/CCYY-MM-DD)
       Notes                  : (multiple lines)


8.   Meteorological Instrumentation

8.1.x Humidity Sensor Model   : 
       Manufacturer           : 
       Serial Number          : 
       Data Sampling Interval : (sec)
       Accuracy (% rel h)     : (% rel h)
       Aspiration             : (UNASPIRATED/NATURAL/FAN/etc)
       Height Diff to Ant     : (m)
       Calibration date       : (CCYY-MM-DD)
       Effective Dates        : (CCYY-MM-DD/CCYY-MM-DD)
       Notes                  : (multiple lines)

8.2.x Pressure Sensor Model   : 
       Manufacturer           : 
       Serial Number          : 
       Data Sampling Interval : (sec)
       Accuracy               : (hPa)
       Height Diff to Ant     : (m)
       Calibration date       : (CCYY-MM-DD)
       Effective Dates        : (CCYY-MM-DD/CCYY-MM-DD)
       Notes                  : (multiple lines)

8.3.x Temp. Sensor Model      : 
       Manufacturer           : 
       Serial Number          : 
       Data Sampling Interval : (sec)
       Accuracy               : (deg C)
       Aspiration             : (UNASPIRATED/NATURAL/FAN/etc)
       Height Diff to Ant     : (m)
       Calibration date       : (CCYY-MM-DD)
       Effective Dates        : (CCYY-MM-DD/CCYY-MM-DD)
       Notes                  : (multiple lines)

8.4.x Water Vapor Radiometer  : 
       Manufacturer           : 
       Serial Number          : 
       Distance to Antenna    : (m)
       Height Diff to Ant     : (m)
       Calibration date       : (CCYY-MM-DD)
       Effective Dates        : (CCYY-MM-DD/CCYY-MM-DD)
       Notes                  : (multiple lines)

8.5.x Other Instrumentation   : (multiple lines)


9.  Local Ongoing Conditions Possibly Affecting Computed Position


9.1.x Radio Interferences     : (TV/CELL PHONE ANTENNA/RADAR/etc)
       Observed Degradations  : (SN RATIO/DATA GAPS/etc)
       Effective Dates        : (CCYY-MM-DD/CCYY-MM-DD)
       Additional Information : (multiple lines)

9.2.x Multipath Sources       : (METAL ROOF/DOME/VLBI ANTENNA/etc)
       Effective Dates        : (CCYY-MM-DD/CCYY-MM-DD)
       Additional Information : (multiple lines)

9.3.x Signal Obstructions     : (TREES/BUILDLINGS/etc)
       Effective Dates        : (CCYY-MM-DD/CCYY-MM-DD)
       Additional Information : (multiple lines)

10.  Local Episodic Effects Possibly Affecting Data Quality

10.x Date                     : (CCYY-MM-DD/CCYY-MM-DD)
     Event                    : (TREE CLEARING/CONSTRUCTION/etc)

11.   On-Site, Point of Contact Agency Information

     Agency                   : University of Alaska
     Preferred Abbreviation   : UA
     Mailing Address          : 6350 Nautilus Dr.
                              : Boulder, CO  80301 USA
     Primary Contact
       Contact Name           : Jeffrey Freymueller
       Telephone (primary)    : 907-474-7286
       Telephone (secondary)  :
       Fax                    : 907-474-5619 or 907-474-7290
       E-mail                 : jfreymueller@alaska.edu
     Secondary Contact
       Contact Name           : Jim Normandeau
       Telephone (primary)    : 303-381-7475
       Telephone (secondary)  :
       Fax                    : 303-381-7451
       E-mail                 : normandeau@unavco.org
     Additional Information   : 


12.  Responsible Agency (if different from 11.)

     Agency                   : Japan Aerospace Exploration Agency
     Preferred Abbreviation   : JAXA
     Mailing Address          : 2-1-1 Sengen, Tsukuba, Ibaraki, 305-8505 Japan
     Primary Contact
       Contact Name           : Satoshi Kogure
       Telephone (primary)    : +81-50-3362-2456
       Telephone (secondary)  : 
       Fax                    : +81-29-868-5987
       E-mail                 : kogure.satoshi@jaxa.jp
     Secondary Contact
       Contact Name           : Kotaro Hisano
       Telephone (primary)    : +81-50-3362-5557
       Telephone (secondary)  : 
       Fax                    : +81-29-868-5987
       E-mail                 : hisano.kotaro@jaxa.jp
     Additional Information   : 

13.  More Information

     Primary Data Center      : JAXA
     Secondary Data Center    : CDDIS
     URL for More Information : JAXA server URL is
                              : http://mgmds01.tksc.jaxa.jp/
     Hardcopy on File
       Site Map               : 
       Site Diagram           : 
       Horizon Mask           : 
       Monument Description   : 
       Site Pictures          : 
     Additional Information   : 
     Antenna Graphics with Dimensions

JAVRINGANT_DM

                       ---------
                     /           \
                    |             |
  +-------------------------------------------------+     <--  0.1015  TCR
  |                                                 |
  |                                                 |
  |                                                 |
  |                                                 |
+-+-------------------------------------------------+-+   <--  0.0379
+-------------------+-------------+-------------------+   <--  0.0345  BCR
                    |             |
                    |             |
                    +------x------+                       <--  0.0000  BPA=ARP

<--                      0.3800                     -->

ARP: Antenna Reference Point
L1 : L1 Phase Center                   L2 : L2 Phase Center
TCR: Top of Chokering                  BCR: Bottom of Chokering
BPA: Bottom of Preamplifier

All dimensions are in meters.





