     PSU1 Site Information Form
     PADT Continuously Operating Reference Station
     See Instructions at:
       ftp://igscb.jpl.nasa.gov/pub/station/general/sitelog_instr.txt


0.   Form

     Prepared by (full name)  : Francine Coloma
     Date Prepared            : 2015-08-27
     Report Type              : UPDATE
     If Update:
      Previous Site Log       : psu1_20150326.log
      Modified/Added Sections : 3.5 3.6


1.   Site Identification of the GNSS Monument
     Site Name                : Penn State
     Four Character ID        : PSU1
     Monument Inscription     :
     IERS DOMES Number        : 49466M001
     CDP Number               : (A4)
     Monument Description     : STEEL MAST
       Height of the Monument : (m)
       Monument Foundation    : ROOF
       Foundation Depth       : (m)
     Marker Description       : (CHISELLED CROSS/DIVOT/BRASS NAIL/etc)
     Date Installed           : 1997-10-20T00:00Z
     Geologic Characteristic  : (BEDROCK/CLAY/CONGLOMERATE/GRAVEL/SAND/etc)
       Bedrock Type           : (IGNEOUS/METAMORPHIC/SEDIMENTARY)
       Bedrock Condition      : (FRESH/JOINTED/WEATHERED)
       Fracture Spacing       : (1-10 cm/11-50 cm/51-200 cm/over 200 cm)
       Fault zones nearby     : (YES/NO/Name of the zone)
         Distance/activity    : (multiple lines)
     Additional Information   : Domes number added 24-MAR-2005.


2.   Site Location Information

     City or Town             : State College
     State or Province        : Pennsylvania
     Country                  : United States
     Tectonic Plate           : North American
     Approximate Position (ITRF)
       X coordinate (m)       : 1017619.571
       Y coordinate (m)       : -4726563.001
       Z coordinate (m)       : 4146418.832
       Latitude (N is +)      : +404824.84
       Longitude (E is +)     : -0775059.28
       Elevation (m,ellips.)  : 311.2
     Additional Information   : ARP IGS08 POSITION (EPOCH 2005.00)
                              : Computed in Aug 2011 using data through gpswk
                              :  1631.


3.   GNSS Receiver Information

3.1  Receiver Type            : TRIMBLE 4000SSI
     Satellite System         : GPS
     Serial Number            : 3613A15014
     Firmware Version         : 7.22
     Elevation Cutoff Setting : (deg)
     Date Installed           : 1997-10-20
     Date Removed             : 1999-08-10
     Temperature Stabiliz.    : (none or tolerance in degrees C)
     Additional Information   : remove date same as next install date GS

3.2  Receiver Type            : TRIMBLE 4000SSI
     Satellite System         : GPS
     Serial Number            : 3613A15014
     Firmware Version         : 7.29
     Elevation Cutoff Setting : (deg)
     Date Installed           : 1999-08-10
     Date Removed             : 2007-01-23
     Temperature Stabiliz.    : (none or tolerance in degrees C)
     Additional Information   : Receiver replaced.

3.3  Receiver Type            : TRIMBLE 4700
     Satellite System         : GPS
     Serial Number            : 0220161882
     Firmware Version         : 1.20
     Elevation Cutoff Setting : 10
     Date Installed           : 2007-01-23
     Date Removed             : 2011-03-09
     Temperature Stabiliz.    : (none or tolerance in degrees C)
     Additional Information   : New receiver installed.

3.4  Receiver Type            : TRIMBLE 5700
     Satellite System         : GPS
     Serial Number            : 0220292729
     Firmware Version         : 1.24
     Elevation Cutoff Setting : 10
     Date Installed           : 2011-03-09
     Date Removed             : 2013-09-09
     Temperature Stabiliz.    : (none or tolerance in degrees C)
     Additional Information   : Receiver replaced

3.5  Receiver Type            : TRIMBLE NETR9
     Satellite System         : GPS+GLO
     Serial Number            : 5303K57577
     Firmware Version         : 4.81
     Elevation Cutoff Setting : 5
     Date Installed           : 2013-09-09
     Date Removed             : 2015-08-26T11:17Z 
     Temperature Stabiliz.    : (none or tolerance in degrees C)
     Additional Information   : (multiple lines) 

3.6  Receiver Type            : TRIMBLE NETR9
     Satellite System         : GPS+GLO
     Serial Number            : 5303K57577
     Firmware Version         : 5.03 
     Elevation Cutoff Setting : 5 deg
     Date Installed           : 2015-08-26T11:26Z 
     Date Removed             : (CCYY-MM-DDThh:mmZ)  
     Temperature Stabiliz.    : (none or tolerance in degrees C)
     Additional Information   : (multiple lines)

3.x  Receiver Type            : (A20, from rcvr_ant.tab; see instructions)
     Satellite System         : (GPS+GLO+GAL+BDS+QZSS+SBAS)
     Serial Number            : (A20, but note the first A5 is used in SINEX)
     Firmware Version         : (A11)
     Elevation Cutoff Setting : (deg)
     Date Installed           : (CCYY-MM-DDThh:mmZ)
     Date Removed             : (CCYY-MM-DDThh:mmZ)
     Temperature Stabiliz.    : (none or tolerance in degrees C)
     Additional Information   : (multiple lines)


4.   GNSS Antenna Information

4.1  Antenna Type             : TRM22020.00+GP  NONE
     Serial Number            : 0220054184
     Antenna Reference Point  : BPA
     Marker->ARP Up Ecc. (m)  : 0.0000
     Marker->ARP North Ecc(m) : 0.0000
     Marker->ARP East Ecc(m)  : 0.0000
     Alignment from True N    :
     Antenna Radome Type      : NONE
     Radome Serial Number     : (A4 from rcvr_ant.tab; see instructions)
     Antenna Cable Type       : (vendor & type number)
     Antenna Cable Length     : (m)
     Date Installed           : 1997-10-20
     Date Removed             : 1998-02-02
     Additional Information   : Antenna removed

4.2  Antenna Type             : TRM22020.00+GP  NONE
     Serial Number            : 0220053926
     Antenna Reference Point  : BPA
     Marker->ARP Up Ecc. (m)  : 0.0000
     Marker->ARP North Ecc(m) : 0.0000
     Marker->ARP East Ecc(m)  : 0.0000
     Alignment from True N    : 0
     Antenna Radome Type      : NONE
     Radome Serial Number     : (A4 from rcvr_ant.tab; see instructions)
     Antenna Cable Type       : (vendor & type number)
     Antenna Cable Length     : (m)
     Date Installed           : 1998-02-02
     Date Removed             : 2013-09-09
     Additional Information   : Antenna installed
                              : Added radome type.

4.3  Antenna Type             : TRM57971.00     NONE
     Serial Number            : 5000115541
     Antenna Reference Point  : BAM
     Marker->ARP Up Ecc. (m)  : 0.0000
     Marker->ARP North Ecc(m) : 0.0000
     Marker->ARP East Ecc(m)  : 0.0000
     Alignment from True N    : 0
     Antenna Radome Type      : NONE
     Radome Serial Number     : (A4 from rcvr_ant.tab; see instructions)
     Antenna Cable Type       : (vendor & type number)
     Antenna Cable Length     : (m)
     Date Installed           : 2013-09-09
     Date Removed             : (CCYY-MM-DDThh:mmZ)
     Additional Information   : (multiple lines)

4.x  Antenna Type             : (A20, from rcvr_ant.tab; see instructions)
     Serial Number            : (A*, but note the first A5 is used in SINEX)
     Antenna Reference Point  : (BPA/BCR/XXX from "antenna.gra"; see instr.)
     Marker->ARP Up Ecc. (m)  : (F8.4)
     Marker->ARP North Ecc(m) : (F8.4)
     Marker->ARP East Ecc(m)  : (F8.4)
     Alignment from True N    : (deg; + is clockwise/east)
     Antenna Radome Type      : (A4 from rcvr_ant.tab; see instructions)
     Radome Serial Number     :
     Antenna Cable Type       : (vendor & type number)
     Antenna Cable Length     : (m)
     Date Installed           : (CCYY-MM-DDThh:mmZ)
     Date Removed             : (CCYY-MM-DDThh:mmZ)
     Additional Information   : (multiple lines)


5.   Surveyed Local Ties

5.x  Tied Marker Name         :
     Tied Marker Usage        : (SLR/VLBI/LOCAL CONTROL/FOOTPRINT/etc)
     Tied Marker CDP Number   : (A4)
     Tied Marker DOMES Number : (A9)
     Differential Components from GNSS Marker to the tied monument (ITRS)
       dx (m)                 : (m)
       dy (m)                 : (m)
       dz (m)                 : (m)
     Accuracy (mm)            : (mm)
     Survey method            : (GPS CAMPAIGN/TRILATERATION/TRIANGULATION/etc)
     Date Measured            : (CCYY-MM-DDThh:mmZ)
     Additional Information   : (multiple lines)


6.   Frequency Standard

6.1  Standard Type            : INTERNAL
       Input Frequency        : (if external)
       Effective Dates        : 1997-10-20/CCYY-MM-DD
       Notes                  : (multiple lines)

6.x  Standard Type            : (INTERNAL or EXTERNAL H-MASER/CESIUM/etc)
       Input Frequency        : (if external)
       Effective Dates        : (CCYY-MM-DD/CCYY-MM-DD)
       Notes                  : (multiple lines)


7.   Collocation Information

7.x  Instrumentation Type     : (GPS/GLONASS/DORIS/PRARE/SLR/VLBI/TIME/etc)
       Status                 : (PERMANENT/MOBILE)
       Effective Dates        : (CCYY-MM-DD/CCYY-MM-DD)
       Notes                  : (multiple lines)


8.   Meteorological Instrumentation

8.1.x Humidity Sensor Model   :
       Manufacturer           :
       Serial Number          :
       Data Sampling Interval : (sec)
       Accuracy (% rel h)     : (% rel h)
       Aspiration             : (UNASPIRATED/NATURAL/FAN/etc)
       Height Diff to Ant     : (m)
       Calibration date       : (CCYY-MM-DD)
       Effective Dates        : (CCYY-MM-DD/CCYY-MM-DD)
       Notes                  : (multiple lines)

8.2.x Pressure Sensor Model   :
       Manufacturer           :
       Serial Number          :
       Data Sampling Interval : (sec)
       Accuracy               : (hPa)
       Height Diff to Ant     : (m)
       Calibration date       : (CCYY-MM-DD)
       Effective Dates        : (CCYY-MM-DD/CCYY-MM-DD)
       Notes                  : (multiple lines)

8.3.x Temp. Sensor Model      :
       Manufacturer           :
       Serial Number          :
       Data Sampling Interval : (sec)
       Accuracy               : (deg C)
       Aspiration             : (UNASPIRATED/NATURAL/FAN/etc)
       Height Diff to Ant     : (m)
       Calibration date       : (CCYY-MM-DD)
       Effective Dates        : (CCYY-MM-DD/CCYY-MM-DD)
       Notes                  : (multiple lines)

8.4.x Water Vapor Radiometer  :
       Manufacturer           :
       Serial Number          :
       Distance to Antenna    : (m)
       Height Diff to Ant     : (m)
       Calibration date       : (CCYY-MM-DD)
       Effective Dates        : (CCYY-MM-DD/CCYY-MM-DD)
       Notes                  : (multiple lines)

8.5.x Other Instrumentation   : (multiple lines)


9.   Local Ongoing Conditions Possibly Affecting Computed Position


9.1.x Radio Interference      : (TV/CELL PHONE ANTENNA/RADAR/etc)
       Observed Degradations  : (SN RATIO/DATA GAPS/etc)
       Effective Dates        : (CCYY-MM-DD/CCYY-MM-DD)
       Additional Information : (multiple lines)

9.2.x Multipath Sources       : (METAL ROOF/DOME/VLBI ANTENNA/etc)
       Effective Dates        : (CCYY-MM-DD/CCYY-MM-DD)
       Additional Information : (multiple lines)

9.3.x Signal Obstructions     : (TREES/BUILDLINGS/etc)
       Effective Dates        : (CCYY-MM-DD/CCYY-MM-DD)
       Additional Information : (multiple lines)


10.  Local Episodic Effects Possibly Affecting Data Quality

10.x Date                     : (CCYY-MM-DD/CCYY-MM-DD)
     Event                    : (TREE CLEARING/CONSTRUCTION/etc)


11.  On-Site, Point of Contact Agency Information

     Agency                   : Pennsylvania State University
     Preferred Abbreviation   : PSU
     Mailing Address          : PA Transportation Institute
                              : 201 Transportation Research Building
                              : University Park, PA  16802
     Primary Contact
       Contact Name           : Charles Harpster
       Telephone (primary)    : 717-425-5944
       Telephone (secondary)  :
       Fax                    :
       E-mail                 : charpster@pa.gov
     Secondary Contact
       Contact Name           : Sarah Ryhner
       Telephone (primary)    : 814-865-1338
       Telephone (secondary)  : 814-883-2273
       Fax                    :
       E-mail                 : srhyner@engr.psu.edu
     Additional Information   : (multiple lines)


12.  Responsible Agency (if different from 11.)

     Agency                   : Pennsylvania Department of Transportation
     Preferred Abbreviation   : PADT
     Mailing Address          : Photogrammetry & Surveys Section
                              : 81 Lab Lane
                              : Harrisburg, PA 17110
     Primary Contact
       Contact Name           : Charles Harpster
       Telephone (primary)    : 717-425-5944
       Telephone (secondary)  :
       Fax                    :
       E-mail                 : charpster@pa.gov
     Secondary Contact
       Contact Name           : L. Bradley Foltz
       Telephone (primary)    : 717-787-3141
       Telephone (secondary)  :
       Fax                    :
       E-mail                 : lbfoltz@pa.gov
     Additional Information   : (multiple lines)


13.  More Information

     Primary Data Center      : ftp://geodesy.noaa.gov/cors
     Secondary Data Center    : ftp://alt.ngs.noaa.gov/cors
     URL for More Information : http://geodesy.noaa.gov/CORS
     Hardcopy on File
       Site Map               : (Y or URL)
       Site Diagram           : (Y or URL)
       Horizon Mask           : (Y or URL)
       Monument Description   : (Y or URL)
       Site Pictures          : (Y or URL)
     Additional Information   : (multiple lines)
     Antenna Graphics with Dimensions

     ftp://igscb.jpl.nasa.gov/pub/station/general/antenna.gra
