     PULA Site Information Form (site log)
     International GNSS Service
     See Instructions at:
       ftp://igscb.jpl.nasa.gov/pub/station/general/sitelog_instr.txt


0.   Form

     Prepared by (full name)  : Andrej Bilc
     Date Prepared            : 2002-06-14
     Report Type              : UPDATE
     If Update:
      Previous Site Log       : pula0112.log
      Modified/Added Sections : 1, 3.2, 4.2, 5.5, 11, 13


1.   Site Identification of the GNSS Monument

     Site Name                : Pula
     Four Character ID        : PULA
     Monument Inscription     : URS3580
     IERS DOMES Number        : 11903S001
     CDP Number               : (A4)
     Monument Description     : mast
       Height of the Monument : 0.476
       Monument Foundation    : all concrete building
       Foundation Depth       : (m)
     Marker Description       : 
     Date Installed           : 2001-03-25
     Geologic Characteristic  : BEDROCK
       Bedrock Type           : (IGNEOUS/METAMORPHIC/SEDIMENTARY)
       Bedrock Condition      : (FRESH/JOINTED/WEATHERED)
       Fracture Spacing       : (0 cm/1-10 cm/11-50 cm/51-200 cm/over 200 cm)
       Fault zones nearby     : 
         Distance/activity    : 
     Additional Information   : Antenna is fixed on small, about 3 m high
                              : building made of concrete. Antena pilar is made
                              : of inox steel, diameter 25mm, and raging 0.476 m
                              : over concrete construction. Point is established
                              : as  excentric monument of point 729 Pula, that
                              : is included in  GPS campaign (14) SLO-CRO'94.
                              : Point is equiped with Trimble 4000 SSI GPS
                              : receiver, local PC and UPS. Permanent telefone
                              : line is used for connection with data server on
                              : main location of Geoservis d.o.o.


2.   Site Location Information

     City or Town             : Pula
     State or Province        : Istra
     Country                  : Croatia
     Tectonic Plate           : 
     Approximate Position (ITRF)
       X coordinate (m)       : 4394911.9
       Y coordinate (m)       : 1083141.1
       Z coordinate (m)       : 4478612.5
       Latitude (N is +)      : +445324.00
       Longitude (E is +)     : +0135024.00
       Elevation (m,ellips.)  :    75.4
     Additional Information   : (multiple lines)


3.   GNSS Receiver Information

3.1  Receiver Type            : TRIMBLE 4000SSI
     Satellite System         : GPS
     Serial Number            : 3809A21909
     Firmware Version         : 7.29 / 3.07
     Elevation Cutoff Setting : 5
     Date Installed           : 2001-03-25
     Date Removed             : 2002-06-13
     Temperature Stabiliz.    : none 
     Additional Information   : 

3.2  Receiver Type            : TRIMBLE 4000SSI
     Satellite System         : GPS
     Serial Number            : 3809A21909
     Firmware Version         : 7.29 / 3.07
     Elevation Cutoff Setting : 3
     Date Installed           : 2002-06-13
     Date Removed             : CCYY-MM-DDThh:mmZ
     Temperature Stabiliz.    : none
     Additional Information   : 

3.x  Receiver Type            : (A20, from rcvr_ant.tab; see instructions)
     Satellite System         : (GPS+GLO+GAL+BDS+QZSS+SBAS)
     Serial Number            : (A5)
     Firmware Version         : (A11)
     Elevation Cutoff Setting : (deg)
     Date Installed           : (CCYY-MM-DDThh:mmZ)
     Date Removed             : (CCYY-MM-DDThh:mmZ)
     Temperature Stabiliz.    : (none or tolerance in degrees C)
     Additional Information   : (multiple lines)


4.   GNSS Antenna Information

4.1  Antenna Type             : TRM29659.00     NONE
     Serial Number            : 0220112671
     Antenna Reference Point  : BPA
     Marker->ARP Up Ecc. (m)  :   0.0000
     Marker->ARP North Ecc(m) :   0.0000
     Marker->ARP East Ecc(m)  :   0.0000
     Alignment from True N    : 0
     Antenna Radome Type      : NONE
     Radome Serial Number     : 
     Antenna Cable Type       : TRIMBLE 14551-00 DCA9743
     Antenna Cable Length     : 30
     Date Installed           : 2001-03-25
     Date Removed             : CCYY-MM-DDThh:mmZ
     Additional Information   : (multiple lines)

4.x  Antenna Type             : (A20, from rcvr_ant.tab; see instructions)
     Serial Number            : (A*, but note the first A5 is used in SINEX)
     Antenna Reference Point  : (BPA/BCR/XXX from "antenna.gra"; see instr.)
     Marker->ARP Up Ecc. (m)  : (F8.4)
     Marker->ARP North Ecc(m) : (F8.4)
     Marker->ARP East Ecc(m)  : (F8.4)
     Alignment from True N    : (deg; + is clockwise/east)
     Antenna Radome Type      : (A4 from rcvr_ant.tab; see instructions)
     Radome Serial Number     : 
     Antenna Cable Type       : (vendor & type number)
     Antenna Cable Length     : (m)
     Date Installed           : (CCYY-MM-DDThh:mmZ)
     Date Removed             : (CCYY-MM-DDThh:mmZ)
     Additional Information   : (multiple lines)


5.   Surveyed Local Ties

5.1  Tied Marker Name         : 187 Pula-E (EUREF No.0729)
     Tied Marker Usage        : (SLR/VLBI/LOCAL CONTROL/FOOTPRINT/etc)
     Tied Marker CDP Number   : (A4)
     Tied Marker DOMES Number : 1190M001
     Differential Components from GNSS Marker to the tied monument (ITRS)
       dx (m)                 :  1711.949
       dy (m)                 :   529.609
       dz (m)                 : -1789.548
     Accuracy (mm)            : 20
     Survey method            : GPS CAMPAIGN
     Date Measured            : (CCYY-MM-DDThh:mmZ)
     Additional Information   : preliminary data changed in site log file on
                              : 2002-06-13

5.2  Tied Marker Name         : 187 Pula-E (EUREF No.0729)
     Tied Marker Usage        : (SLR/VLBI/LOCAL CONTROL/FOOTPRINT/etc)
     Tied Marker CDP Number   : (A4)
     Tied Marker DOMES Number : 1190M001
     Differential Components from GNSS Marker to the tied monument (ITRS)
       dx (m)                 :  1712.026
       dy (m)                 :   529.630
       dz (m)                 : -1789.476
     Accuracy (mm)            : 2 
     Survey method            : GPS CAMPAIGN 4M 2002  
     Date Measured            : 2002-05-30
     Additional Information   : 

5.x  Tied Marker Name         : 
     Tied Marker Usage        : (SLR/VLBI/LOCAL CONTROL/FOOTPRINT/etc)
     Tied Marker CDP Number   : (A4)
     Tied Marker DOMES Number : (A9)
     Differential Components from GNSS Marker to the tied monument (ITRS)
       dx (m)                 : (m)
       dy (m)                 : (m)
       dz (m)                 : (m)
     Accuracy (mm)            : (mm)
     Survey method            : (GPS CAMPAIGN/TRILATERATION/TRIANGULATION/etc)
     Date Measured            : (CCYY-MM-DDThh:mmZ)
     Additional Information   : (multiple lines)


6.   Frequency Standard

6.1  Standard Type            : INTERNAL
       Input Frequency        : (if external)
       Effective Dates        : 2001-03-25/CCYY-MM-DD
       Notes                  : (multiple lines)

6.x  Standard Type            : (INTERNAL or EXTERNAL H-MASER/CESIUM/etc)
       Input Frequency        : (if external)
       Effective Dates        : (CCYY-MM-DD/CCYY-MM-DD)
       Notes                  : (multiple lines)


7.   Collocation Information

7.1  Instrumentation Type     : GPS
       Status                 : PERMANENT
       Effective Dates        : 2001-12-06/CCYY-MM-DD
       Notes                  : (multiple lines)

7.x  Instrumentation Type     : (GPS/GLONASS/DORIS/PRARE/SLR/VLBI/TIME/etc)
       Status                 : (PERMANENT/MOBILE)
       Effective Dates        : (CCYY-MM-DD/CCYY-MM-DD)
       Notes                  : (multiple lines)


8.   Meteorological Instrumentation

8.1.x Humidity Sensor Model   : 
       Manufacturer           : 
       Serial Number          : 
       Data Sampling Interval : (sec)
       Accuracy (% rel h)     : (% rel h)
       Aspiration             : (UNASPIRATED/NATURAL/FAN/etc)
       Height Diff to Ant     : (m)
       Calibration date       : (CCYY-MM-DD)
       Effective Dates        : (CCYY-MM-DD/CCYY-MM-DD)
       Notes                  : (multiple lines)

8.2.x Pressure Sensor Model   : 
       Manufacturer           : 
       Serial Number          : 
       Data Sampling Interval : (sec)
       Accuracy               : (hPa)
       Height Diff to Ant     : (m)
       Calibration date       : (CCYY-MM-DD)
       Effective Dates        : (CCYY-MM-DD/CCYY-MM-DD)
       Notes                  : (multiple lines)

8.3.x Temp. Sensor Model      : 
       Manufacturer           : 
       Serial Number          : 
       Data Sampling Interval : (sec)
       Accuracy               : (deg C)
       Aspiration             : (UNASPIRATED/NATURAL/FAN/etc)
       Height Diff to Ant     : (m)
       Calibration date       : (CCYY-MM-DD)
       Effective Dates        : (CCYY-MM-DD/CCYY-MM-DD)
       Notes                  : (multiple lines)

8.4.x Water Vapor Radiometer  : 
       Manufacturer           : 
       Serial Number          : 
       Distance to Antenna    : (m)
       Height Diff to Ant     : (m)
       Calibration date       : (CCYY-MM-DD)
       Effective Dates        : (CCYY-MM-DD/CCYY-MM-DD)
       Notes                  : (multiple lines)

8.5.x Other Instrumentation   : (multiple lines)


9.   Local Ongoing Conditions Possibly Affecting Computed Position

9.1.x Radio Interferences     : (TV/CELL PHONE ANTENNA/RADAR/etc)
       Observed Degradations  : (SN RATIO/DATA GAPS/etc)
       Effective Dates        : (CCYY-MM-DD/CCYY-MM-DD)
       Additional Information : (multiple lines)

9.2.x Multipath Sources       : (METAL ROOF/DOME/VLBI ANTENNA/etc)
       Effective Dates        : (CCYY-MM-DD/CCYY-MM-DD)
       Additional Information : (multiple lines)

9.3.x Signal Obstructions     : (TREES/BUILDLINGS/etc)
       Effective Dates        : (CCYY-MM-DD/CCYY-MM-DD)
       Additional Information : (multiple lines)


10.  Local Episodic Effects Possibly Affecting Data Quality

10.x Date                     : (CCYY-MM-DD/CCYY-MM-DD)
     Event                    : (TREE CLEARING/CONSTRUCTION/etc)


11.  On-Site, Point of Contact Agency Information

     Agency                   : GEOSERVIS PULA d.o.o.
     Preferred Abbreviation   : GPU
     Mailing Address          : Hr-52100 Pula,
                              : Akvilejski prilaz 2
     Primary Contact
       Contact Name           : Hrvoje Euljak
       Telephone (primary)    : +385 52 212 171
       Telephone (secondary)  : +385 52 215 662
       Fax                    : +385 52 217 900
       E-mail                 : geoservis@pu.tel.hr
     Secondary Contact
       Contact Name           : Ivica Tomic
       Telephone (primary)    : +385 52 212 171
       Telephone (secondary)  : +385 52 380 040
       Fax                    : +385 52 217 900
       E-mail                 : geoservis@pu.tel.hr
     Additional Information   : Third Contact
                              : Contact Name : Andrej Bilc
                              : Telephone (primary) : +386 1 436 56 70
                              : Telephone (secondary) : +386 31 75 21 81
                              : Fax : +386 1 436 56 75
                              : andrej.bilc@gzs.com
                              : WWW: http://www.2bgzs.com/pula.html
                              : raw and RINEX data available on request,
                              : use e-mail geoservis@pu.tel.hr


12.  Responsible Agency (if different from 11.)

     Agency                   : (multiple lines)
     Preferred Abbreviation   : (A10)
     Mailing Address          : (multiple lines)
     Primary Contact
       Contact Name           : 
       Telephone (primary)    : 
       Telephone (secondary)  : 
       Fax                    : 
       E-mail                 : 
     Secondary Contact
       Contact Name           : 
       Telephone (primary)    : 
       Telephone (secondary)  : 
       Fax                    : 
       E-mail                 : 
     Additional Information   : (multiple lines)


13.  More Information

     Primary Data Center      : OLG 
     Secondary Data Center    : BKGE
     URL for More Information : 
     Hardcopy on File
       Site Map               : (Y)location.gif
       Site Diagram           : (Y)macroloc.gif
       Horizon Mask           : (Y)obstcles.gif
       Monument Description   : (Y)
       Site Pictures          : (Y)pula1.jpg, pula2.jpg
     Additional Information   : (multiple lines)
     Antenna Graphics with Dimensions

TRM29659.00
Trimble L1/L2 Dorne Margolin element with chokerings
Model 29659.00 
                       +-------+                         
                     /     +     \                        <-- 0.1280 L2
                    |      +      |                       <-- 0.1100 L1
  +--------------------------------------------------+    <-- 0.1020 TCR
  |                                                  |
  |                                                  |
  |                                                  |
  |                                                  |
+-+--------------------------------------------------+-+  <-- 0.0380
+-------------------+-------------+--------------------+  <-- 0.0350 BCR
                    |             |
                    |             |
                    +------x------+                       <-- 0.0 BPA=ARP

<--                      0.3810                      -->

ARP: Antenna Reference Point
L1 : L1 Phase Center                   L2 : L2 Phase Center
