     RIOD Site Information Form (site log)
     International GPS Service
     See Instructions at:
       ftp://igscb.jpl.nasa.gov/pub/station/general/sitelog_instr.txt

0.   Form

     Prepared by (full name)  : Sonia Maria Alves Costa
     Date Prepared            : 2013-08-23
     Report Type              : UPDATE
     If Update:
      Previous Site Log       : RIOD_20121210.log
      Modified/Added Sections : 3.5,3.6,4.2,4.3


1.   Site Identification of the GNSS Monument

     Site Name                : RIO DE JANEIRO
     Four Character ID        : RIOD
     Monument Inscription     :  
     IERS DOMES Number        : 41608M001
     CDP Number               : (A4)
     Monument Description     : PILLAR
       Height of the Monument : 0.96 m  
       Monument Foundation    : ROOF
       Foundation Depth       : (m)
     Marker Description       : (CHISELLED CROSS/DIVOT/BRASS NAIL/etc)
     Date Installed           : 2001-07-21  
     Geologic Characteristic  : (BEDROCK/CLAY/CONGLOMERATE/GRAVEL/SAND/etc)
       Bedrock Type           : (IGNEOUS/METAMORPHIC/SEDIMENTARY)
       Bedrock Condition      : (FRESH/JOINTED/WEATHERED)
       Fracture Spacing       : (1-10 cm/11-50 cm/51-200 cm/over 200 cm)
       Fault zones nearby     : (YES/NO/Name of the zone)
         Distance/activity    : (multiple lines)
     Additional Information   : (multiple lines)


2.   Site Location Information

     City or Town             : Rio de Janeiro
     State or Province        : Rio de Janeiro
     Country                  : Brasil
     Tectonic Plate           : 
     Approximate Position (SIRGAS2000)
       X coordinate (m)       : 4280294.87
       Y coordinate (m)       : -4034431.22
       Z coordinate (m)       : -2458141.38
       Latitude (N is +)      : -224904.23
       Longitude (E is +)     : -0431822.59
       Elevation (m,ellips.)  : 8.63 
     Additional Information   : (multiple lines)


3.   GNSS Receiver Information

3.1  Receiver Type            : TRIMBLE 4000SSI
     Satellite System         : GPS
     Serial Number            : 3950A27335
     Firmware Version         : 7.29
     Elevation Cutoff Setting : 0
     Date Installed           : 2001-07-21T00:00Z
     Date Removed             : 2006-02-23T23:59Z
     Temperature Stabiliz.    : (none or tolerance in degrees C)
     Additional Information   : (multiple lines)

3.2  Receiver Type            : TRIMBLE 4000SSI
     Satellite System         : GPS
     Serial Number            : 3519A10740
     Firmware Version         : 7.01
     Elevation Cutoff Setting : 0
     Date Installed           : 2006-02-24T00:00Z
     Date Removed             : 2006-07-31T00:00Z
     Temperature Stabiliz.    : (none or tolerance in degrees C)
     Additional Information   : (multiple lines)

3.3  Receiver Type            : TRIMBLE 4000SSI
     Satellite System         : GPS
     Serial Number            : 3950A27335
     Firmware Version         : 7.29
     Elevation Cutoff Setting : 0
     Date Installed           : 2006-08-01T00:00Z
     Date Removed             : 2007-03-18T23:59Z
     Temperature Stabiliz.    : (none or tolerance in degrees C)
     Additional Information   : (multiple lines)

3.4  Receiver Type            : TRIMBLE NETRS
     Satellite System         : GPS
     Serial Number            : 4636121854
     Firmware Version         : 1.1-5
     Elevation Cutoff Setting : 0
     Date Installed           : 2007-03-19T00:00Z
     Date Removed             : 2008-03-05T23:59Z
     Temperature Stabiliz.    : (none or tolerance in degrees C)
     Additional Information   : (multiple lines)
	 
3.5  Receiver Type            : TRIMBLE NETRS
     Satellite System         : GPS
     Serial Number            : 4636121854
     Firmware Version         : 1.2-0 
     Elevation Cutoff Setting : 0
     Date Installed           : 2008-03-06T00:00Z
     Date Removed             : 2013-08-08T14:00Z
     Temperature Stabiliz.    : (none or tolerance in degrees C)
     Additional Information   : (multiple lines)

3.6  Receiver Type            : LEICA GR25
     Satellite System         : GPS+GLO
     Serial Number            : 1830407
     Firmware Version         : 3.0
     Elevation Cutoff Setting : 0
     Date Installed           : 2013-08-08T14:39Z
     Date Removed             : (CCYY-MM-DDThh:mmZ)
     Temperature Stabiliz.    : (none or tolerance in degrees C)
     Additional Information   : (multiple lines)

3.x  Receiver Type            : (A20, from rcvr_ant.tab; see instructions)
     Satellite System         : (GPS+GLO+GAL+BDS+QZSS+SBAS)
     Serial Number            : (A20, but note the first A5 is used in SINEX)
     Firmware Version         : (A11)
     Elevation Cutoff Setting : (deg)
     Date Installed           : (CCYY-MM-DDThh:mmZ)
     Date Removed             : (CCYY-MM-DDThh:mmZ)
     Temperature Stabiliz.    : (none or tolerance in degrees C)
     Additional Information   : (multiple lines)


4.   GNSS Antenna Information

4.1  Antenna Type             : TRM29659.00     NONE
     Serial Number            : 70419
     Antenna Reference Point  : BPA 
     Marker->ARP Up Ecc. (m)  : 0.0080
     Marker->ARP North Ecc(m) : (F8.4)
     Marker->ARP East Ecc(m)  : (F8.4)
     Alignment from True N    : (deg; + is clockwise/east)
     Antenna Radome Type      : NONE
     Radome Serial Number     : 
     Antenna Cable Type       : (vendor & type number)
     Antenna Cable Length     : (m)
     Date Installed           : 2001-07-21T00:00Z
     Date Removed             : 2007-03-18T23:59Z
     Additional Information   : (multiple lines)

4.2  Antenna Type             : TRM41249.00     NONE
     Serial Number            : 60177763
     Antenna Reference Point  : BAM 
     Marker->ARP Up Ecc. (m)  : 0.0080
     Marker->ARP North Ecc(m) : (F8.4)
     Marker->ARP East Ecc(m)  : (F8.4)
     Alignment from True N    : (deg; + is clockwise/east)
     Antenna Radome Type      : NONE
     Radome Serial Number     : 
     Antenna Cable Type       : (vendor & type number)
     Antenna Cable Length     : (m)
     Date Installed           : 2007-03-19T00:00Z
     Date Removed             : 2013-08-08T14:00Z
     Additional Information   : (multiple lines)

4.3  Antenna Type             : LEIAR10         NONE
     Serial Number            : 16046007
     Antenna Reference Point  : BAM 
     Marker->ARP Up Ecc. (m)  : 0.0080
     Marker->ARP North Ecc(m) : (F8.4)
     Marker->ARP East Ecc(m)  : (F8.4)
     Alignment from True N    : (deg; + is clockwise/east)
     Antenna Radome Type      : NONE
     Radome Serial Number     : 
     Antenna Cable Type       : (vendor & type number)
     Antenna Cable Length     : (m)
     Date Installed           : 2013-08-08T14:39Z
     Date Removed             : (CCYY-MM-DDThh:mmZ)
     Additional Information   : (multiple lines)

4.x  Antenna Type             : (A20, from rcvr_ant.tab; see instructions)
     Serial Number            : (A*, but note the first A5 is used in SINEX)
     Antenna Reference Point  : (BPA/BCR/XXX from "antenna.gra"; see instr.)
     Marker->ARP Up Ecc. (m)  : (F8.4)
     Marker->ARP North Ecc(m) : (F8.4)
     Marker->ARP East Ecc(m)  : (F8.4)
     Alignment from True N    : (deg; + is clockwise/east)
     Antenna Radome Type      : (A4 from rcvr_ant.tab; see instructions)
     Radome Serial Number     : 
     Antenna Cable Type       : (vendor & type number)
     Antenna Cable Length     : (m)
     Date Installed           : (CCYY-MM-DDThh:mmZ)
     Date Removed             : (CCYY-MM-DDThh:mmZ)
     Additional Information   : (multiple lines)

5.   Surveyed Local Ties

5.x  Tied Marker Name         : 
     Tied Marker Usage        : (SLR/VLBI/LOCAL CONTROL/FOOTPRINT/etc)
     Tied Marker CDP Number   : (A4)
     Tied Marker DOMES Number : (A9)
     Differential Components from GNSS Marker to the tied monument (ITRS)
       dx (m)                 : (m)
       dy (m)                 : (m)
       dz (m)                 : (m)
     Accuracy (mm)            : (mm)
     Survey method            : (GPS CAMPAIGN/TRILATERATION/TRIANGULATION/etc)
     Date Measured            : (CCYY-MM-DDThh:mmZ)
     Additional Information   : (multiple lines)


6.   Frequency Standard

6.1  Standard Type            : (INTERNAL or EXTERNAL H-MASER/CESIUM/etc)
       Input Frequency        : (if external)
       Effective Dates        : (CCYY-MM-DD/CCYY-MM-DD)
       Notes                  : (multiple lines)

6.x  Standard Type            : (INTERNAL or EXTERNAL H-MASER/CESIUM/etc)
       Input Frequency        : (if external)
       Effective Dates        : (CCYY-MM-DD/CCYY-MM-DD)
       Notes                  : (multiple lines)


7.   Collocation Information

7.1  Instrumentation Type     : (GPS/GLONASS/DORIS/PRARE/SLR/VLBI/TIME/etc)
       Status                 : (PERMANENT/MOBILE)
       Effective Dates        : (CCYY-MM-DD/CCYY-MM-DD)
       Notes                  : (multiple lines)

7.x  Instrumentation Type     : (GPS/GLONASS/DORIS/PRARE/SLR/VLBI/TIME/etc)
       Status                 : (PERMANENT/MOBILE)
       Effective Dates        : (CCYY-MM-DD/CCYY-MM-DD)
       Notes                  : (multiple lines)


8.   Meteorological Instrumentation

8.1.1 Humidity Sensor Model   : 
       Manufacturer           : 
       Serial Number          : 
       Data Sampling Interval : (sec)
       Accuracy (% rel h)     : (% rel h)
       Aspiration             : (UNASPIRATED/NATURAL/FAN/etc)
       Height Diff to Ant     : (m)
       Calibration date       : (CCYY-MM-DD)
       Effective Dates        : (CCYY-MM-DD/CCYY-MM-DD)
       Notes                  : (multiple lines)

8.1.x Humidity Sensor Model   : 
       Manufacturer           : 
       Serial Number          : 
       Data Sampling Interval : (sec)
       Accuracy (% rel h)     : (% rel h)
       Aspiration             : (UNASPIRATED/NATURAL/FAN/etc)
       Height Diff to Ant     : (m)
       Calibration date       : (CCYY-MM-DD)
       Effective Dates        : (CCYY-MM-DD/CCYY-MM-DD)
       Notes                  : (multiple lines)

8.2.1 Pressure Sensor Model   : 
       Manufacturer           : 
       Serial Number          : 
       Data Sampling Interval : (sec)
       Accuracy               : (hPa)
       Height Diff to Ant     : (m)
       Calibration date       : (CCYY-MM-DD)
       Effective Dates        : (CCYY-MM-DD/CCYY-MM-DD)
       Notes                  : (multiple lines)

8.2.x Pressure Sensor Model   : 
       Manufacturer           : 
       Serial Number          : 
       Data Sampling Interval : (sec)
       Accuracy               : (hPa)
       Height Diff to Ant     : (m)
       Calibration date       : (CCYY-MM-DD)
       Effective Dates        : (CCYY-MM-DD/CCYY-MM-DD)
       Notes                  : (multiple lines)

8.3.1 Temp. Sensor Model      : 
       Manufacturer           : 
       Serial Number          : 
       Data Sampling Interval : (sec)
       Accuracy               : (deg C)
       Aspiration             : (UNASPIRATED/NATURAL/FAN/etc)
       Height Diff to Ant     : (m)
       Calibration date       : (CCYY-MM-DD)
       Effective Dates        : (CCYY-MM-DD/CCYY-MM-DD)
       Notes                  : (multiple lines)

8.3.x Temp. Sensor Model      : 
       Manufacturer           : 
       Serial Number          : 
       Data Sampling Interval : (sec)
       Accuracy               : (deg C)
       Aspiration             : (UNASPIRATED/NATURAL/FAN/etc)
       Height Diff to Ant     : (m)
       Calibration date       : (CCYY-MM-DD)
       Effective Dates        : (CCYY-MM-DD/CCYY-MM-DD)
       Notes                  : (multiple lines)

8.4.1 Water Vapor Radiometer  : 
       Manufacturer           : 
       Serial Number          : 
       Distance to Antenna    : (m)
       Height Diff to Ant     : (m)
       Calibration date       : (CCYY-MM-DD)
       Effective Dates        : (CCYY-MM-DD/CCYY-MM-DD)
       Notes                  : (multiple lines)

8.4.x Water Vapor Radiometer  : 
       Manufacturer           : 
       Serial Number          : 
       Distance to Antenna    : (m)
       Height Diff to Ant     : (m)
       Calibration date       : (CCYY-MM-DD)
       Effective Dates        : (CCYY-MM-DD/CCYY-MM-DD)
       Notes                  : (multiple lines)

8.5.1 Other Instrumentation   : (multiple lines)

8.5.x Other Instrumentation   : (multiple lines)


9.  Local Ongoing Conditions Possibly Affecting Computed Position

9.1.1 Radio Interferences     : (TV/CELL PHONE ANTENNA/RADAR/etc)
       Observed Degradations  : (SN RATIO/DATA GAPS/etc)
       Effective Dates        : (CCYY-MM-DD/CCYY-MM-DD)
       Additional Information : (multiple lines)

9.1.x Radio Interferences     : (TV/CELL PHONE ANTENNA/RADAR/etc)
       Observed Degradations  : (SN RATIO/DATA GAPS/etc)
       Effective Dates        : (CCYY-MM-DD/CCYY-MM-DD)
       Additional Information : (multiple lines)

9.2.1 Multipath Sources       : (METAL ROOF/DOME/VLBI ANTENNA/etc)
       Effective Dates        : (CCYY-MM-DD/CCYY-MM-DD)
       Additional Information : (multiple lines)

9.2.x Multipath Sources       : (METAL ROOF/DOME/VLBI ANTENNA/etc)
       Effective Dates        : (CCYY-MM-DD/CCYY-MM-DD)
       Additional Information : (multiple lines)

9.3.1 Signal Obstructions     : (TREES/BUILDLINGS/etc)
       Effective Dates        : (CCYY-MM-DD/CCYY-MM-DD)
       Additional Information : (multiple lines)

9.3.x Signal Obstructions     : (TREES/BUILDLINGS/etc)
       Effective Dates        : (CCYY-MM-DD/CCYY-MM-DD)
       Additional Information : (multiple lines)

10.  Local Episodic Effects Possibly Affecting Data Quality

10.1 Date                     : (CCYY-MM-DD/CCYY-MM-DD)
     Event                    : (TREE CLEARING/CONSTRUCTION/etc)

10.x Date                     : (CCYY-MM-DD/CCYY-MM-DD)
     Event                    : (TREE CLEARING/CONSTRUCTION/etc)

11.   On-Site, Point of Contact Agency Information

     Agency                   : Instituto Brasileiro de Geografia e Estatística
     Preferred Abbreviation   : IBGE
     Mailing Address          : Av. Brasil, 15671 - Parada de Lucas - Rio de
                                Janeiro - Brasil - CEP: 21241-051
     Primary Contact
       Contact Name           : Rodrigo Quirino
       Telephone (primary)    : 55-21-21424929
       Telephone (secondary)  : 55-21-21424935
       Fax                    : 55-21-21424859
       E-mail                 : rodrigo.quirino@ibge.gov.br
     Secondary Contact
       Contact Name           : Sonia Costa
       Telephone (primary)    : 55-21-21424929
       Telephone (secondary)  : 55-21-21424935
       Fax                    : 55-21-21424859
       E-mail                 : sonia.alves@ibge.gov.br
     Additional Information   : (multiple lines)


12.  Responsible Agency (if different from 11.)

     Agency                   : (multiple lines)
     Preferred Abbreviation   : (A10)
     Mailing Address          : (multiple lines)
     Primary Contact
       Contact Name           : 
       Telephone (primary)    : 
       Telephone (secondary)  : 
       Fax                    : 
       E-mail                 : 
     Secondary Contact
       Contact Name           : 
       Telephone (primary)    : 
       Telephone (secondary)  : 
       Fax                    : 
       E-mail                 : 
     Additional Information   : (multiple lines)


13.  More Information

     Primary Data Center      : Instituto Brasileiro de Geografia e 
                                Estatística
     Secondary Data Center    : Instituto Brasileiro de Geografia e 
                                Estatística
     URL for More Information : ftp://geoftp.ibge.gov.br/RBMC/dados
     Hardcopy on File
       Site Map               : (Y or URL)
       Site Diagram           : (Y or URL)
       Horizon Mask           : (Y or URL)
       Monument Description   : (Y or URL)
       Site Pictures          : (Y or URL)
     Additional Information   : (multiple lines)
     Antenna Graphics with Dimensions

     (insert text graphic from file antenna.gra)

 Dorne Margolin T

                   -------
                /     +     \                   <-- 0.136m  L2
               |      +      |                  <-- 0.118m  L1
  +----------------------------------------+    <-- 0.110m  TCR
  |                                        |
  |                                        |
  |                                        |
  |                                        |
+-+----------------------------------------+-+  <-- 0.046m
+--------------+-------------+---------------+  <-- 0.043m BCR
               |             |
               |     +-+     |
               +-----|x|-----+   <-- 0.008m ARP
                   +-+-+-+       <-- 0.000m 
                   |     |
              +----+-----+----+  <-- Monument Concrete Pillar
              |               |
              |               |
              |               |

ARP: Antenna Reference Point          
L1 : L1 Phase Center
TCR: Top of Chokering
L2 : L2 Phase Center
BCR: Botton of Chokering

TRM41249.00

    / ----------------------+--------------------- \   <--  0.0714  L1
   +                        +                       +  <--  0.0682  L2
    \ -------------------------------------------- /   
                    \               /
                     \             /
                      \-----+-----/                    <--  0.0000  ARP=BAM

   <--                   0.3396                  -->

  ARP: Antenna Reference Point
  L1 : L1 Phase Center                   L2 : L2 Phase Center
  TCR: Top of Chokering                  BCR: Bottom of Chokering
  
LEIAR10

                        .  ^  .                           <--  0.1362
                    .             .
               .                       .
           .                               .
        .                                     .
      /                                         \
     |                                           |
     |                                           |        <--  0.0362  Notch
     +-----____                         ____-----+
               -----____       ____-\ \-
                        +--x--+      \_\                  <--  0.0000  BAM=ARP

     <--                 0.2400                -->
