     ROBI Site Information Form (site log)
     International GNSS Service
     See Instructions at:
       ftp://igscb.jpl.nasa.gov/pub/station/general/sitelog_instr.txt

0.   Form

     Prepared by (full name)  : Darren Burns
     Date Prepared            : 2015-06-29
     Report Type              : UPDATE
     If Update:
      Previous Site Log       : robi_20140721.log
      Modified/Added Sections : 3.7, 3.8


1.   Site Identification of the GNSS Monument

     Site Name                : Robina SunPOZ
     Four Character ID        : ROBI
     Monument Inscription     : 
     IERS DOMES Number        : 59976M001
     CDP Number               : (A4)
     Monument Description     : STEEL BRACKET on Steel Building Frame
       Height of the Monument : (m)
       Monument Foundation    : Steel Frame on building roof
       Foundation Depth       : (m)
     Marker Description       : PLATE AND 5/8 BOLT ON GALVANISED STEEL BRACKET
     Date Installed           : 2005-10-03T01:23Z
     Geologic Characteristic  : (BEDROCK/CLAY/CONGLOMERATE/GRAVEL/SAND/etc)
       Bedrock Type           : (IGNEOUS/METAMORPHIC/SEDIMENTARY)
       Bedrock Condition      : (FRESH/JOINTED/WEATHERED)
       Fracture Spacing       : (1-10 cm/11-50 cm/51-200 cm/over 200 cm)
       Fault zones nearby     : (YES/NO/Name of the zone)
         Distance/activity    : (multiple lines)
     Additional Information   : Monument is Steel Bracket fixed to the
                                top of a steel beam forming part of the parapet
                                wall on top of a building.  State Permanent
                                Survey Mark No. 753291 in the Survey Control
                                Database

2.   Site Location Information

     City or Town             : Robina
     State or Province        : Queensland
     Country                  : Australia
     Tectonic Plate           : Australian
     Approximate Position (GDA)
       X coordinate (m)       : -5034843.8279
       Y coordinate (m)       : 2523322.8767
       Z coordinate (m)       : -2984064.6266
       Latitude (N is +)      : -280437.08913
       Longitude (E is +)     : +1532252.50844
       Elevation (m,ellips.)  : 00065.3012
     Additional Information   : GDA Coordinates from GA Regulation 13
                                Processing

3.   GNSS Receiver Information

3.1  Receiver Type            : LEICA GRX1200PRO
     Satellite System         : GPS
     Serial Number            : 461568
     Firmware Version         : 4.00
     Elevation Cutoff Setting : 5 (deg)
     Date Installed           : 2006-02-22T00:31Z
     Date Removed             : 2009-02-11T02:14Z
     Temperature Stabiliz.    : none
     Additional Information   : (multiple lines)
     
3.2  Receiver Type            : LEICA GRX1200GGPRO
     Satellite System         : GPS+GLO
     Serial Number            : 461568
     Firmware Version         : 4.00
     Elevation Cutoff Setting : 5 (deg)
     Date Installed           : 2009-02-11T02:26Z
     Date Removed             : 2009-09-23T23:02Z
     Temperature Stabiliz.    : none
     Additional Information   : (multiple lines)
     
3.3  Receiver Type            : LEICA GRX1200GGPRO
     Satellite System         : GPS+GLO
     Serial Number            : 461568
     Firmware Version         : 7.53
     Elevation Cutoff Setting : 5 (deg)
     Date Installed           : 2009-09-23T23:26Z
     Date Removed             : 2010-04-30T00:04Z
     Temperature Stabiliz.    : none
     Additional Information   : (multiple lines)

3.4  Receiver Type            : LEICA GRX1200GGPRO
     Satellite System         : GPS+GLO
     Serial Number            : 461568
     Firmware Version         : 7.80
     Elevation Cutoff Setting : 5 (deg)
     Date Installed           : 2010-04-30T00:05Z
     Date Removed             : 2010-07-30T07:27Z
     Temperature Stabiliz.    : none
     Additional Information   : firmware update
     
3.5  Receiver Type            : LEICA GRX1200GGPRO
     Satellite System         : GPS+GLO
     Serial Number            : 461568
     Firmware Version         : 8.00
     Elevation Cutoff Setting : 5 (deg)
     Date Installed           : 2010-07-30T07:29Z
     Date Removed             : 2011-09-15T08:50Z
     Temperature Stabiliz.    : none
     Additional Information   : firmware update     
     
3.6  Receiver Type            : LEICA GRX1200GGPRO
     Satellite System         : GPS+GLO
     Serial Number            : 461568
     Firmware Version         : 8.20/3.019
     Elevation Cutoff Setting : 5 (deg)
     Date Installed           : 2011-09-15T08:59Z
     Date Removed             : 2014-07-19T06:11Z
     Temperature Stabiliz.    : none
     Additional Information   : firmware update

3.7  Receiver Type            : LEICA GRX1200GGPRO
     Satellite System         : GPS+GLO
     Serial Number            : 461568
     Firmware Version         : 8.20/3.054
     Elevation Cutoff Setting : 5 (deg)
     Date Installed           : 2014-07-19T06:23Z
     Date Removed             : 2015-06-29T15:29Z
     Temperature Stabiliz.    : none
     Additional Information   : firmware update

3.8  Receiver Type            : LEICA GRX1200GGPRO
     Satellite System         : GPS+GLO
     Serial Number            : 461568
     Firmware Version         : 8.20/3.823
     Elevation Cutoff Setting : 5 (deg)
     Date Installed           : 2015-06-29T15:45Z
     Date Removed             : (CCYY-MM-DDThh:mmZ)
     Temperature Stabiliz.    : none
     Additional Information   : firmware (measurement engine) update

3.x  Receiver Type            : (A20, from rcvr_ant.tab; see instructions)
     Satellite System         : (GPS+GLO+GAL+BDS+QZSS+SBAS)
     Serial Number            : (A20, but note the first A5 is used in SINEX)
     Firmware Version         : (A11)
     Elevation Cutoff Setting : (deg)
     Date Installed           : (CCYY-MM-DDThh:mmZ)
     Date Removed             : (CCYY-MM-DDThh:mmZ)
     Temperature Stabiliz.    : (none or tolerance in degrees C)
     Additional Information   : (multiple lines)


4.   GNSS Antenna Information

4.1  Antenna Type             : LEIAT504        LEIS
     Serial Number            : 103231
     Antenna Reference Point  : BPA
     Marker->ARP Up Ecc. (m)  : 000.0000
     Marker->ARP North Ecc(m) : 000.0000
     Marker->ARP East Ecc(m)  : 000.0000
     Alignment from True N    : 0 deg
     Antenna Radome Type      : LEIS
     Radome Serial Number     : 
     Antenna Cable Type       : LMR600
     Antenna Cable Length     : 94 (m)
     Date Installed           : 2006-02-22T00:31Z
     Date Removed             : 2009-02-11T02:14Z
     Additional Information   : (multiple lines)
     
4.2  Antenna Type             : LEIAT504GG      NONE
     Serial Number            : 200712
     Antenna Reference Point  : BPA
     Marker->ARP Up Ecc. (m)  : 000.0000
     Marker->ARP North Ecc(m) : 000.0000
     Marker->ARP East Ecc(m)  : 000.0000
     Alignment from True N    : 0 deg
     Antenna Radome Type      : NONE
     Radome Serial Number     : 
     Antenna Cable Type       : LMR600
     Antenna Cable Length     : 94 (m)
     Date Installed           : 2009-02-11T02:26Z
     Date Removed             : (CCYY-MM-DDThh:mmZ)
     Additional Information   : (multiple lines)

4.x  Antenna Type             : (A20, from rcvr_ant.tab; see instructions)
     Serial Number            : (A*, but note the first A5 is used in SINEX)
     Antenna Reference Point  : (BPA/BCR/XXX from "antenna.gra"; see instr.)
     Marker->ARP Up Ecc. (m)  : (F8.4)
     Marker->ARP North Ecc(m) : (F8.4)
     Marker->ARP East Ecc(m)  : (F8.4)
     Alignment from True N    : (deg; + is clockwise/east)
     Antenna Radome Type      : (A4 from rcvr_ant.tab; see instructions)
     Radome Serial Number     : 
     Antenna Cable Type       : (vendor & type number)
     Antenna Cable Length     : (m)
     Date Installed           : (CCYY-MM-DDThh:mmZ)
     Date Removed             : (CCYY-MM-DDThh:mmZ)
     Additional Information   : (multiple lines)

5.   Surveyed Local Ties

5.x  Tied Marker Name         : 
     Tied Marker Usage        : (SLR/VLBI/LOCAL CONTROL/FOOTPRINT/etc)
     Tied Marker CDP Number   : (A4)
     Tied Marker DOMES Number : (A9)
     Differential Components from GNSS Marker to the tied monument (ITRS)
       dx (m)                 : (m)
       dy (m)                 : (m)
       dz (m)                 : (m)
     Accuracy (mm)            : (mm)
     Survey method            : (GPS CAMPAIGN/TRILATERATION/TRIANGULATION/etc)
     Date Measured            : (CCYY-MM-DDThh:mmZ)
     Additional Information   : (multiple lines)


6.   Frequency Standard

6.1  Standard Type            : INTERNAL
       Input Frequency        : (if external)
       Effective Dates        : 2006-02-22/CCYY-MM-DD
       Notes                  : (multiple lines)

6.x  Standard Type            : (INTERNAL or EXTERNAL H-MASER/CESIUM/etc)
       Input Frequency        : (if external)
       Effective Dates        : (CCYY-MM-DD/CCYY-MM-DD)
       Notes                  : (multiple lines)


7.   Collocation Information

7.x  Instrumentation Type     : (GPS/GLONASS/DORIS/PRARE/SLR/VLBI/TIME/etc)
       Status                 : (PERMANENT/MOBILE)
       Effective Dates        : (CCYY-MM-DD/CCYY-MM-DD)
       Notes                  : (multiple lines)


8.   Meteorological Instrumentation

8.1.x Humidity Sensor Model   : 
       Manufacturer           : 
       Serial Number          : 
       Data Sampling Interval : (sec)
       Accuracy (% rel h)     : (% rel h)
       Aspiration             : (UNASPIRATED/NATURAL/FAN/etc)
       Height Diff to Ant     : (m)
       Calibration date       : (CCYY-MM-DD)
       Effective Dates        : (CCYY-MM-DD/CCYY-MM-DD)
       Notes                  : (multiple lines)

8.2.x Pressure Sensor Model   : 
       Manufacturer           : 
       Serial Number          : 
       Data Sampling Interval : (sec)
       Accuracy               : (hPa)
       Height Diff to Ant     : (m)
       Calibration date       : (CCYY-MM-DD)
       Effective Dates        : (CCYY-MM-DD/CCYY-MM-DD)
       Notes                  : (multiple lines)

8.3.x Temp. Sensor Model      : 
       Manufacturer           : 
       Serial Number          : 
       Data Sampling Interval : (sec)
       Accuracy               : (deg C)
       Aspiration             : (UNASPIRATED/NATURAL/FAN/etc)
       Height Diff to Ant     : (m)
       Calibration date       : (CCYY-MM-DD)
       Effective Dates        : (CCYY-MM-DD/CCYY-MM-DD)
       Notes                  : (multiple lines)

8.4.x Water Vapor Radiometer  : 
       Manufacturer           : 
       Serial Number          : 
       Distance to Antenna    : (m)
       Height Diff to Ant     : (m)
       Calibration date       : (CCYY-MM-DD)
       Effective Dates        : (CCYY-MM-DD/CCYY-MM-DD)
       Notes                  : (multiple lines)

8.5.1 Other Instrumentation   : (multiple lines)

8.5.x Other Instrumentation   : (multiple lines)


9.  Local Ongoing Conditions Possibly Affecting Computed Position

9.1.x Radio Interferences     : (TV/CELL PHONE ANTENNA/RADAR/etc)
       Observed Degradations  : (SN RATIO/DATA GAPS/etc)
       Effective Dates        : (CCYY-MM-DD/CCYY-MM-DD)
       Additional Information : (multiple lines)

9.2.x Multipath Sources       : (METAL ROOF/DOME/VLBI ANTENNA/etc)
       Effective Dates        : (CCYY-MM-DD/CCYY-MM-DD)
       Additional Information : (multiple lines)

9.3.x Signal Obstructions     : (TREES/BUILDINGS/etc)
       Effective Dates        : (CCYY-MM-DD/CCYY-MM-DD)
       Additional Information : (multiple lines)

10.  Local Episodic Effects Possibly Affecting Data Quality

10.x Date                     : (CCYY-MM-DD/CCYY-MM-DD)
     Event                    : (TREE CLEARING/CONSTRUCTION/etc)

11.   On-Site, Point of Contact Agency Information

     Agency                   : Queensland Department of Environment and
                                Resource Management
     Preferred Abbreviation   : DERM
     Mailing Address          : (multiple lines)
     Primary Contact
       Contact Name           : Steve Hughes
       Telephone (primary)    : +61 7 5583 1724
       Telephone (secondary)  : 0418 732 982
       Fax                    : 
       E-mail                 : Steve.Hughes@derm.qld.gov.au
     Secondary Contact
       Contact Name           : 
       Telephone (primary)    : 
       Telephone (secondary)  : 
       Fax                    : 
       E-mail                 : 
     Additional Information   : (multiple lines)


12.  Responsible Agency (if different from 11.)

     Agency                   : Queensland Department of Environment and
                                Resource Management
     Preferred Abbreviation   : DERM
     Mailing Address          : GPO Box 2454
                                Brisbane QLD 4001 
     Primary Contact
       Contact Name           : Garry Cislowski
       Telephone (primary)    : +61 7 3896 3030
       Telephone (secondary)  : 0423 029 131
       Fax                    : +61 7 3896 3697
       E-mail                 : garry.cislowski@derm.qld.gov.au
     Secondary Contact
       Contact Name           : Ben Cowie
       Telephone (primary)    : +61 7 3896 3036
       Telephone (secondary)  : 
       Fax                    : +61 7 3896 3697
       E-mail                 : benjamin.cowie@derm.qld.gov.au
     Additional Information   : (multiple lines)


13.  More Information

     Primary Data Center      : SunPOZ (DERM)
     Secondary Data Center    : Geoscience Australia
     URL for More Information : 
     Hardcopy on File
       Site Map               : (Y or URL)
       Site Diagram           : X
       Horizon Mask           : X
       Monument Description   : X
       Site Pictures          : X
     Additional Information   : (multiple lines)
     Antenna Graphics with Dimensions


ARP: antenna reference point
BCR: bottom of chokering
BPA: bottom of preamplifier
TCR: top of chokering


     LEIAT504GG

                       +-------+                          <--  0.1393
                     /           \
                    |             |
  +-----------------+-------------+-----------------+     <--  0.1012  TCR
  |                                                 |
  |                                                 |
  |                                                 |
  |                                                 |
+-+-------------------------------------------------+-+   <--  0.0378
+-------------------+-------------+-------------------+   <--  0.0345  BCR
                    |             |
                    |             |
                    +------x------+                       <--  0.0000  BPA=ARP

<--                      0.3794                     -->


