     ROVE Site Information Form (site log)
     International GNSS Service
     See Instructions at:
       ftp://igscb.jpl.nasa.gov/pub/station/general/sitelog_instr.txt


0.   Form

     Prepared by (full name)  : Dott. ELENA RUGGIERI
     Date Prepared            : 2016-03-07
     Report Type              : UPDATE
     If Update:
      Previous Site Log       : rove_20150917.log
      Modified/Added Sections : 3.8, 3.9


1.   Site Identification of the GNSS Monument

     Site Name                : Rovereto
     Four Character ID        : ROVE
     Monument Inscription     : Stable concrete plate on the roof
     IERS DOMES Number        : 12774M001
     CDP Number               : (A4)
     Monument Description     : STEEL PLATE
       Height of the Monument : 0.10 m
       Monument Foundation    : CONCRETE BLOCK ON ROOF
       Foundation Depth       : 18.8 m
     Marker Description       : INCISION ON THE BOLT IN CENTER TO THE PILLAR
     Date Installed           : 2001-06-14
     Geologic Characteristic  : GRAVEL AND SAND
       Bedrock Type           : SEDIMENTARY
       Bedrock Condition      : WEATHERED
       Fracture Spacing       : 11-50 cm
       Fault zones nearby     : (YES/NO/Name of the zone)
         Distance/activity    : (multiple lines)
     Additional Information   : (multiple lines)


2.   Site Location Information

     City or Town             : Rovereto
     State or Province        : Provincia di Trento
     Country                  : Italy
     Tectonic Plate           : EURASIAN
     Approximate Position (ITRF)
       X coordinate (m)       : 4364680.866
       Y coordinate (m)       : 851736.599
       Z coordinate (m)       : 4557204.708
       Latitude (N is +)      : +455336.60
       Longitude (E is +)     : +0110231.55
       Elevation (m,ellips.)  :   261.7
     Additional Information   : (multiple


3.   GNSS Receiver Information

3.1  Receiver Type            : LEICA RS500
     Satellite System         : GPS
     Serial Number            : 82047
     Firmware Version         : 4.11/1.39
     Elevation Cutoff Setting : 5 deg
     Date Installed           : 2001-06-14
     Date Removed             : 2006-09-16
     Temperature Stabiliz.    : 20.0 +/- 2.0
     Additional Information   : (multiple lines)

3.2  Receiver Type            : LEICA RS500
     Satellite System         : GPS
     Serial Number            : 82047
     Firmware Version         : 5.00/1.39
     Elevation Cutoff Setting : 5 deg
     Date Installed           : 2006-09-16
     Date Removed             : 2009-09-11
     Temperature Stabiliz.    : 20.0 +/- 2.0
     Additional Information   : (multiple lines)

3.3  Receiver Type            : LEICA GRX1200GGPRO
     Satellite System         : GPS+GLO
     Serial Number            : 462967
     Firmware Version         : 7.1
     Elevation Cutoff Setting : 5 deg
     Date Installed           : 2009-10-28
     Date Removed             : 2009-10-29
     Temperature Stabiliz.    : 20.0 +/- 2.0
     Additional Information   : (multiple lines)

3.4  Receiver Type            : LEICA GRX1200+GNSS
     Satellite System         : GPS+GLO
     Serial Number            : 462967
     Firmware Version         : 7.53/4.003
     Elevation Cutoff Setting : 5 deg
     Date Installed           : 2009-10-29
     Date Removed             : 2010-10-05T18:00Z
     Temperature Stabiliz.    : 20.0 +/- 2.0
     Additional Information   : (multiple lines)

3.5  Receiver Type            : LEICA GRX1200+GNSS
     Satellite System         : GPS+GLO
     Serial Number            : 462967
     Firmware Version         : 7.53/4.005
     Elevation Cutoff Setting : 5 deg
     Date Installed           : 2010-10-05T18:10Z
     Date Removed             : 2010-11-23T15:00Z
     Temperature Stabiliz.    : 20.0 +/- 2.0
     Additional Information   : (multiple lines)

3.6  Receiver Type            : LEICA GRX1200+GNSS
     Satellite System         : GPS+GLO
     Serial Number            : 462967
     Firmware Version         : 8.01/4.005
     Elevation Cutoff Setting : 5 deg
     Date Installed           : 2010-11-23T16:00Z
     Date Removed             : 2014-01-04T09:07Z
     Temperature Stabiliz.    : 20.0 +/- 2.0
     Additional Information   : (multiple lines)

3.7  Receiver Type            : LEICA GRX1200+GNSS
     Satellite System         : GPS+GLO
     Serial Number            : 462967
     Firmware Version         : 8.71/6.112
     Elevation Cutoff Setting : 5 deg
     Date Installed           : 2014-01-04T09:10Z
     Date Removed             : 2014-12-18
     Temperature Stabiliz.    : 20.0 +/- 2.0
     Additional Information   : (multiple lines)

3.8  Receiver Type            : LEICA GRX1200+GNSS
     Satellite System         : GPS+GLO
     Serial Number            : 462967
     Firmware Version         : 9.20/6.404
     Elevation Cutoff Setting : 5 deg
     Date Installed           : 2014-12-18T10:07Z
     Date Removed             : 2016-03-07T10:17Z
     Temperature Stabiliz.    : 20.0 +/- 2.0
     Additional Information   : (multiple lines)

3.9  Receiver Type            : LEICA GRX1200+GNSS
     Satellite System         : GPS+GLO
     Serial Number            : 462967
     Firmware Version         : 9.20/6.404
     Elevation Cutoff Setting : 0 deg
     Date Installed           : 2016-03-07T10:18Z
     Date Removed             : CCYY-MM-DDThh:mmZ
     Temperature Stabiliz.    : 22.0 +/- 2.0
     Additional Information   : (multiple lines)

3.x  Receiver Type            : (A20, from rcvr_ant.tab; see instructions)
     Satellite System         : (GPS+GLO+GAL+BDS+QZSS+SBAS)
     Serial Number            : (A20, but note the first A5 is used in SINEX)
     Firmware Version         : (A11)
     Elevation Cutoff Setting : (deg)
     Date Installed           : (CCYY-MM-DDThh:mmZ)
     Date Removed             : (CCYY-MM-DDThh:mmZ)
     Temperature Stabiliz.    : (none or tolerance in degrees C)
     Additional Information   : (multiple lines)


4.   GNSS Antenna Information

4.1  Antenna Type             : LEIAT504        LEIS
     Serial Number            : 00750
     Antenna Reference Point  : BPA
     Marker->ARP Up Ecc. (m)  :   0.0940
     Marker->ARP North Ecc(m) :   0.0000
     Marker->ARP East Ecc(m)  :   0.0000
     Alignment from True N    : 0 deg
     Antenna Radome Type      : LEIS
     Radome Serial Number     : 00750
     Antenna Cable Type       : Leica
     Antenna Cable Length     : 30 m
     Date Installed           : 2001-06-14
     Date Removed             : 2009-09-11
     Additional Information   : (multiple lines)

4.2  Antenna Type             : LEIAT504GG      LEIS
     Serial Number            : 103355
     Antenna Reference Point  : BPA
     Marker->ARP Up Ecc. (m)  :   0.0940
     Marker->ARP North Ecc(m) :   0.0000
     Marker->ARP East Ecc(m)  :   0.0000
     Alignment from True N    : 0 deg
     Antenna Radome Type      : LEIS
     Radome Serial Number     : 103355
     Antenna Cable Type       : Leica
     Antenna Cable Length     : 30 m
     Date Installed           : 2009-10-28
     Date Removed             : CCYY-MM-DDThh:mmZ
     Additional Information   : (multiple lines)

4.x  Antenna Type             : (A20, from rcvr_ant.tab; see instructions)
     Serial Number            : (A*, but note the first A5 is used in SINEX)
     Antenna Reference Point  : (BPA/BCR/XXX from "antenna.gra"; see instr.)
     Marker->ARP Up Ecc. (m)  : (F8.4)
     Marker->ARP North Ecc(m) : (F8.4)
     Marker->ARP East Ecc(m)  : (F8.4)
     Alignment from True N    : (deg; + is clockwise/east)
     Antenna Radome Type      : (A4 from rcvr_ant.tab; see instructions)
     Radome Serial Number     : 
     Antenna Cable Type       : (vendor & type number)
     Antenna Cable Length     : (m)
     Date Installed           : (CCYY-MM-DDThh:mmZ)
     Date Removed             : (CCYY-MM-DDThh:mmZ)
     Additional Information   : (multiple lines)


5.   Surveyed Local Ties

5.1  Tied Marker Name         : ROVE
     Tied Marker Usage        : GPS PERMANENT SITE OF EUREF
     Tied Marker CDP Number   : ROV
     Tied Marker DOMES Number : 12774M001
     Differential Components from GNSS Marker to the tied monument (ITRS)
       dx (m)                 : -7.9062
       dy (m)                 : 28.0876
       dz (m)                 : 2.2809
     Accuracy (mm)            : 1
     Survey method            : GPS CAMPAIGN
     Date Measured            : 2006-01-26
     Additional Information   : (multiple lines)

5.2  Tied Marker Name         : ROV1 (Marker in block on the roof)
     Tied Marker Usage        : LOCAL CONTROL
     Tied Marker CDP Number   : ROV1
     Tied Marker DOMES Number : (A9)
     Differential Components from GNSS Marker to the tied monument (ITRS)
       dx (m)                 : -7.9062
       dy (m)                 : 28.0876
       dz (m)                 : 2.2809
     Accuracy (mm)            : 1
     Survey method            : TRILATERATION
     Date Measured            : 2006-01-26
     Additional Information   : (multiple lines)

5.3  Tied Marker Name         : ROV2 (Marker on block in stable ground)
     Tied Marker Usage        : LOCAL CONTRO
     Tied Marker CDP Number   : ROV2
     Tied Marker DOMES Number : (A9)
     Differential Components from GNSS Marker to the tied monument (ITRS)
       dx (m)                 : 303.9461
       dy (m)                 : -222.9221
       dz (m)                 : -284.6612
     Accuracy (mm)            : 1
     Survey method            : TRILATERATION
     Date Measured            : 2006-01-26
     Additional Information   : (multiple lines)

5.4  Tied Marker Name         : ROV3 (Marker on block in stable ground)
     Tied Marker Usage        : LOCAL CONTROL
     Tied Marker CDP Number   : ROV3
     Tied Marker DOMES Number : (A9)
     Differential Components from GNSS Marker to the tied monument (ITRS)
       dx (m)                 : -947.1723
       dy (m)                 : -509.5933
       dz (m)                 : 853.0061
     Accuracy (mm)            : 1
     Survey method            : TRILATERATION
     Date Measured            : 2006-01-26
     Additional Information   : (multiple lines)

5.x  Tied Marker Name         : 
     Tied Marker Usage        : (SLR/VLBI/LOCAL CONTROL/FOOTPRINT/etc)
     Tied Marker CDP Number   : (A4)
     Tied Marker DOMES Number : (A9)
     Differential Components from GNSS Marker to the tied monument (ITRS)
       dx (m)                 : (m)
       dy (m)                 : (m)
       dz (m)                 : (m)
     Accuracy (mm)            : (mm)
     Survey method            : (GPS CAMPAIGN/TRILATERATION/TRIANGULATION/etc)
     Date Measured            : (CCYY-MM-DDThh:mmZ)
     Additional Information   : (multiple lines)


6.   Frequency Standard

6.1  Standard Type            : INTERNAL 
       Input Frequency        : (if external)
       Effective Dates        : 2009-11-28/CCYY-MM-DD
       Notes                  : (multiple lines)

6.x  Standard Type            : (INTERNAL or EXTERNAL H-MASER/CESIUM/etc)
       Input Frequency        : (if external)
       Effective Dates        : (CCYY-MM-DD/CCYY-MM-DD)
       Notes                  : (multiple lines)


7.   Collocation Information

7.1  Instrumentation Type     : GPS
       Status                 : PERMANENT
       Effective Dates        : 2001-06-14/CCYY-MM-DD
       Notes                  : (multiple lines)

7.2  Instrumentation Type     : GPS/GLONASS
       Status                 : PERMANENT
       Effective Dates        : 2009-11-03/CCYY-MM-DD
       Notes                  : (multiple lines)

7.x  Instrumentation Type     : (GPS/GLONASS/DORIS/PRARE/SLR/VLBI/TIME/etc)
       Status                 : (PERMANENT/MOBILE)
       Effective Dates        : (CCYY-MM-DD/CCYY-MM-DD)
       Notes                  : (multiple lines)


8.   Meteorological Instrumentation

8.1.x  Humidity Sensor Model  : 
       Manufacturer           : 
       Serial Number          : 
       Data Sampling Interval : (sec)
       Accuracy (% rel h)     : (% rel h)
       Aspiration             : (UNASPIRATED/NATURAL/FAN/etc)
       Height Diff to Ant     : (m)
       Calibration date       : (CCYY-MM-DD)
       Effective Dates        : (CCYY-MM-DD/CCYY-MM-DD)
       Notes                  : (multiple lines)

8.2.x  Pressure Sensor Model  : 
       Manufacturer           : 
       Serial Number          : 
       Data Sampling Interval : (sec)
       Accuracy               : (hPa)
       Height Diff to Ant     : (m)
       Calibration date       : (CCYY-MM-DD)
       Effective Dates        : (CCYY-MM-DD/CCYY-MM-DD)
       Notes                  : (multiple lines)

8.3.x  Temp. Sensor Model     : 
       Manufacturer           : 
       Serial Number          : 
       Data Sampling Interval : (sec)
       Accuracy               : (deg C)
       Aspiration             : (UNASPIRATED/NATURAL/FAN/etc)
       Height Diff to Ant     : (m)
       Calibration date       : (CCYY-MM-DD)
       Effective Dates        : (CCYY-MM-DD/CCYY-MM-DD)
       Notes                  : (multiple lines)

8.4.x  Water Vapor Radiometer : 
       Manufacturer           : 
       Serial Number          : 
       Distance to Antenna    : (m)
       Height Diff to Ant     : (m)
       Calibration date       : (CCYY-MM-DD)
       Effective Dates        : (CCYY-MM-DD/CCYY-MM-DD)
       Notes                  : (multiple lines)

8.5.x  Other Instrumentation  : (multiple lines)


9.   Local Ongoing Conditions Possibly Affecting Computed Position

9.1.x  Radio Interferences    : (TV/CELL PHONE ANTENNA/RADAR/etc)
       Observed Degradations  : (SN RATIO/DATA GAPS/etc)
       Effective Dates        : (CCYY-MM-DD/CCYY-MM-DD)
       Additional Information : (multiple lines)

9.2.x  Multipath Sources      : (METAL ROOF/DOME/VLBI ANTENNA/etc)
       Effective Dates        : (CCYY-MM-DD/CCYY-MM-DD)
       Additional Information : (multiple lines)

9.3.x  Signal Obstructions    : (TREES/BUILDINGS/etc)
       Effective Dates        : (CCYY-MM-DD/CCYY-MM-DD)
       Additional Information : (multiple lines)


10.  Local Episodic Effects Possibly Affecting Data Quality

10.x  Date                    : (CCYY-MM-DD/CCYY-MM-DD)
      Event                   : (TREE CLEARING/CONSTRUCTION/etc)


11.  On-Site, Point of Contact Agency Information

     Agency                   : Istituto Tecnico Commerciale e per Geometri
                              : 'F.ll1 Felice e Gregorio Fontana'
     Preferred Abbreviation   : GpsFontana
     Mailing Address          : Via del Teatro 4 38068 - Rovereto (Trento),ITALY
     Primary Contact
       Contact Name           : p.e. Antonio Omezzolli
       Telephone (primary)    : ++39.0464.436100
       Telephone (secondary)  : 
       Fax                    : ++39.0464.434116
       E-mail                 : antonio@fgfontana.eu
     Secondary Contact
       Contact Name           : Ing. Giuseppe Oradini
       Telephone (primary)    : ++39.0464.436100
       Telephone (secondary)  : 
       Fax                    : ++39.0464.434116
       E-mail                 : goradini@fgfontana.eu
     Additional Information   : (multiple lines)


12.  Responsible Agency (if different from 11.)

     Agency                   : (multiple lines)
     Preferred Abbreviation   : GpsFontana 
     Mailing Address          : (multiple lines)
     Primary Contact
       Contact Name           : Geom.Dino Buffoni
       Telephone (primary)    : ++39.0461.491739
       Telephone (secondary)  : 
       Fax                    : ++39.0461.491739
       E-mail                 : dino.buffoni@provincia.tn.it
     Secondary Contact
       Contact Name           : Franco ChistÚ
       Telephone (primary)    : ++39.0461.491722
       Telephone (secondary)  : 
       Fax                    : ++39.0461.491617
       E-mail                 : franco.chiste@provincia.tn.it
     Additional Information   : (multiple lines)


13.  More Information

     Primary Data Center      : ASI
     Secondary Data Center    : OLG
     URL for More Information : 
     Hardcopy on File
       Site Map               : (Y or URL)
       Site Diagram           : (Y or URL)
       Horizon Mask           : (Y or URL)
       Monument Description   : (Y or URL)
       Site Pictures          : (Y or URL)
     Additional Information   : (multiple lines)
     Antenna Graphics with Dimensions

(insert text graphic from file antenna.gra)
