     SASK Site Information Form (site log)
     International GNSS Service
     See Instructions at:
       ftp://igscb.jpl.nasa.gov/pub/station/general/sitelog_instr.txt

0.   Form

     Prepared by (full name)  : Brian Donahue
     Date Prepared            : 2014-06-13
     Report Type              : UPDATE
     If Update:
      Previous Site Log       : sask_20130903.log
      Modified/Added Sections : 3.4


1.   Site Identification of the GNSS Monument

     Site Name                : SASK CACS-GSD
     Four Character ID        : SASK
     Monument Inscription     : 965001
     IERS DOMES Number        : 40167M001
     CDP Number               : 
     Monument Description     : CONCRETE PILLAR 0.406m DIAMETER
       Height of the Monument : 1.40 m
       Monument Foundation    : CONCRETE BLOCK (see Additional Information)
       Foundation Depth       : 1.60 m
     Marker Description       : BRASS PLATE; FORCED CENTER STAINLESS STEEL
     Date Installed           : 2003-05-08T19:04Z
     Geologic Characteristic  : Gravel
       Bedrock Type           : 
       Bedrock Condition      : 
       Fracture Spacing       : 
       Fault zones nearby     : 
         Distance/activity    : 
     Additional Information   : The GNSS reference mark consists of a brass
                              : plate with a forced centered stainless steel
                              : bolt. The brass plate is embedded on top of a
                              : 0.406 m diameter concrete pier, 3.0 m high of
                              : which 1.4 m is above ground level. The footing
                              : of the concrete pier is 1.6 m below ground
                              : level and is 2.5 m X 2.5 m X 0.6 m.  The pier is
                              : reinforced by steel reinforcing bars and a
                              : 0.20 m diameter steel casing 12.0 m long driven
                              : a depth of ~11.0 m below ground level.


2.   Site Location Information

     City or Town             : Saskatoon
     State or Province        : SK
     Country                  : Canada
     Tectonic Plate           : NORTH AMERICAN
     Approximate Position (ITRF)
       X coordinate (m)       : -1106129.71
       Y coordinate (m)       : -3758704.03
       Z coordinate (m)       : 5016675.77
       Latitude (N is +)      : +521146.52
       Longitude (E is +)     : -1062354.07
       Elevation (m,ellips.)  : 580.00
     Additional Information   : SASK is a continuously tracking GNSS station 
                              : and is part of the
                              : the Canadian Active Control System (CACS).
                              : The station is located
                              : in Saskatoon, Saskatchewan.


3.   GNSS Receiver Information

3.1  Receiver Type            : ASHTECH UZ-12
     Satellite System         : GPS
     Serial Number            : UC2200303009
     Firmware Version         : CN00
     Elevation Cutoff Setting : 5 deg
     Date Installed           : 2003-05-08T19:04Z
     Date Removed             : 2008-09-13T17:30Z
     Temperature Stabiliz.    : 
     Additional Information   : 

3.2  Receiver Type            : ASHTECH UZ-12
     Satellite System         : GPS
     Serial Number            : UC2200511006
     Firmware Version         : CN00
     Elevation Cutoff Setting : 5 deg
     Date Installed           : 2008-09-13T17:30Z
     Date Removed             : 2008-12-10T17:28Z
     Temperature Stabiliz.    : 
     Additional Information   : 

3.3  Receiver Type            : ASHTECH UZ-12
     Satellite System         : GPS
     Serial Number            : UC22003030009
     Firmware Version         : CN00
     Elevation Cutoff Setting : 5 deg
     Date Installed           : 2008-12-10T19:51Z
     Date Removed             : 2013-08-30T16:14Z
     Temperature Stabiliz.    : 
     Additional Information   : 

3.4  Receiver Type            : TPS NET-G3A
     Satellite System         : GPS+GLO
     Serial Number            : 618-02359
     Firmware Version         : 3.6 Dec,04,2012 p1
     Elevation Cutoff Setting : 5 deg
     Date Installed           : 2013-08-31T00:00Z
     Date Removed             : CCYY-MM-DDThh:mmZ
     Temperature Stabiliz.    : 
     Additional Information   : reported firmware fixed 2014-06-13 

3.x  Receiver Type            : (A20, from rcvr_ant.tab; see instructions)
     Satellite System         : (GPS+GLO+GAL+BDS+QZSS+SBAS)
     Serial Number            : (A20, but note the first A5 is used in SINEX)
     Firmware Version         : (A11)
     Elevation Cutoff Setting : (deg)
     Date Installed           : (CCYY-MM-DDThh:mmZ)
     Date Removed             : (CCYY-MM-DDThh:mmZ)
     Temperature Stabiliz.    : (none or tolerance in degrees C)
     Additional Information   : (multiple lines)


4.   GNSS Antenna Information

4.1  Antenna Type             : ASH701945E_M    SCIS
     Serial Number            : CR620024507
     Antenna Reference Point  : BPA
     Marker->ARP Up Ecc. (m)  : 000.0000
     Marker->ARP North Ecc(m) : 000.0000
     Marker->ARP East Ecc(m)  : 000.0000
     Alignment from True N    : 0.0 deg
     Antenna Radome Type      : SCIS
     Radome Serial Number     : 00028
     Antenna Cable Type       : ANDREWS HELIAX FSJ4-50B
     Antenna Cable Length     : 70.00 m
     Date Installed           : 2003-05-08T19:04Z
     Date Removed             : 2013-08-30T16:14Z
     Additional Information   : 

4.2  Antenna Type             : NOV750.R4       NOVS
     Serial Number            : NDE10020019
     Antenna Reference Point  : BPA
     Marker->ARP Up Ecc. (m)  : 000.0500
     Marker->ARP North Ecc(m) : 000.0000
     Marker->ARP East Ecc(m)  : 000.0000
     Alignment from True N    : 0.0 deg
     Antenna Radome Type      : NOVS
     Radome Serial Number     : 
     Antenna Cable Type       : ANDREWS HELIAX FSJ4-50B
     Antenna Cable Length     : 70.00 m
     Date Installed           : 2013-08-31T00:00Z
     Date Removed             : CCYY-MM-DDThh:mmZ
     Additional Information   : 

4.x  Antenna Type             : (A20, from rcvr_ant.tab; see instructions)
     Serial Number            : (A*, but note the first A5 is used in SINEX)
     Antenna Reference Point  : (BPA/BCR/XXX from "antenna.gra"; see instr.)
     Marker->ARP Up Ecc. (m)  : (F8.4)
     Marker->ARP North Ecc(m) : (F8.4)
     Marker->ARP East Ecc(m)  : (F8.4)
     Alignment from True N    : (deg; + is clockwise/east)
     Antenna Radome Type      : (A4 from rcvr_ant.tab; see instructions)
     Radome Serial Number     : 
     Antenna Cable Type       : (vendor & type number)
     Antenna Cable Length     : (m)
     Date Installed           : (CCYY-MM-DDThh:mmZ)
     Date Removed             : (CCYY-MM-DDThh:mmZ)
     Additional Information   : (multiple lines)


5.   Surveyed Local Ties

5.x  Tied Marker Name         : 
     Tied Marker Usage        : (SLR/VLBI/LOCAL CONTROL/FOOTPRINT/etc)
     Tied Marker CDP Number   : (A4)
     Tied Marker DOMES Number : (A9)
     Differential Components from GNSS Marker to the tied monument (ITRS)
       dx (m)                 : (m)
       dy (m)                 : (m)
       dz (m)                 : (m)
     Accuracy (mm)            : (mm)
     Survey method            : (GPS CAMPAIGN/TRILATERATION/TRIANGULATION/etc)
     Date Measured            : (CCYY-MM-DDThh:mmZ)
     Additional Information   : (multiple lines)


6.   Frequency Standard

6.1  Standard Type            : INTERNAL
       Input Frequency        : 
       Effective Dates        : 2003-05-08/CCYY-MM-DD
       Notes                  : 

6.x  Standard Type            : (INTERNAL or EXTERNAL H-MASER/CESIUM/etc)
       Input Frequency        : (if external)
       Effective Dates        : (CCYY-MM-DD/CCYY-MM-DD)
       Notes                  : (multiple lines)


7.   Collocation Information

7.1  Instrumentation Type     : SEISMOMETER
       Status                 : PERMANENT
       Effective Dates        : 2003-05-08/CCYY-MM-DD
       Notes                  : 

7.2  Instrumentation Type     : ABSOLUTE GRAVITY
       Status                 : MOBILE
       Effective Dates        : 2003-05-08/CCYY-MM-DD
       Notes                  : 

7.x  Instrumentation Type     : (GPS/GLONASS/DORIS/PRARE/SLR/VLBI/TIME/etc)
       Status                 : (PERMANENT/MOBILE)
       Effective Dates        : (CCYY-MM-DD/CCYY-MM-DD)
       Notes                  : (multiple lines)


8.   Meteorological Instrumentation

8.1.x  Humidity Sensor Model  : 
       Manufacturer           : 
       Serial Number          : 
       Data Sampling Interval : (sec)
       Accuracy (% rel h)     : (% rel h)
       Aspiration             : (UNASPIRATED/NATURAL/FAN/etc)
       Height Diff to Ant     : (m)
       Calibration date       : (CCYY-MM-DD)
       Effective Dates        : (CCYY-MM-DD/CCYY-MM-DD)
       Notes                  : (multiple lines)

8.2.x  Pressure Sensor Model  : 
       Manufacturer           : 
       Serial Number          : 
       Data Sampling Interval : (sec)
       Accuracy               : (hPa)
       Height Diff to Ant     : (m)
       Calibration date       : (CCYY-MM-DD)
       Effective Dates        : (CCYY-MM-DD/CCYY-MM-DD)
       Notes                  : (multiple lines)

8.3.x  Temp. Sensor Model     : 
       Manufacturer           : 
       Serial Number          : 
       Data Sampling Interval : (sec)
       Accuracy               : (deg C)
       Aspiration             : (UNASPIRATED/NATURAL/FAN/etc)
       Height Diff to Ant     : (m)
       Calibration date       : (CCYY-MM-DD)
       Effective Dates        : (CCYY-MM-DD/CCYY-MM-DD)
       Notes                  : (multiple lines)

8.4.x  Water Vapor Radiometer : 
       Manufacturer           : 
       Serial Number          : 
       Distance to Antenna    : (m)
       Height Diff to Ant     : (m)
       Calibration date       : (CCYY-MM-DD)
       Effective Dates        : (CCYY-MM-DD/CCYY-MM-DD)
       Notes                  : (multiple lines)

8.5.x  Other Instrumentation  : (multiple lines)


9.   Local Ongoing Conditions Possibly Affecting Computed Position

9.1.x  Radio Interferences    : (TV/CELL PHONE ANTENNA/RADAR/etc)
       Observed Degradations  : (SN RATIO/DATA GAPS/etc)
       Effective Dates        : (CCYY-MM-DD/CCYY-MM-DD)
       Additional Information : (multiple lines)

9.2.x  Multipath Sources      : (METAL ROOF/DOME/VLBI ANTENNA/etc)
       Effective Dates        : (CCYY-MM-DD/CCYY-MM-DD)
       Additional Information : (multiple lines)

9.3.x  Signal Obstructions    : (TREES/BUILDINGS/etc)
       Effective Dates        : (CCYY-MM-DD/CCYY-MM-DD)
       Additional Information : (multiple lines)


10.  Local Episodic Effects Possibly Affecting Data Quality

10.x Date                     : (CCYY-MM-DD/CCYY-MM-DD)
     Event                    : (TREE CLEARING/CONSTRUCTION/etc)

11.  On-Site, Point of Contact Agency Information

     Agency                   : NRCan/GEODETIC SURVEY OF CANADA
     Preferred Abbreviation   : NRCan
     Mailing Address          : 615 Booth Street, Ottawa,Ontario
                              : Canada, K1A 0E9
     Primary Contact
       Contact Name           : Mark Caissy
       Telephone (primary)    : 613-995-4024
       Telephone (secondary)  : 
       Fax                    : 613-995-3215
       E-mail                 : caissy@nrcan.gc.ca
     Secondary Contact
       Contact Name           : Peter Taylor
       Telephone (primary)    : 613-992-2106
       Telephone (secondary)  : 
       Fax                    : 613-995-3215
       E-mail                 : peter.taylor@nrcan.gc.ca
     Additional Information   : 


12.  Responsible Agency (if different from 11.)

     Agency                   : 
     Preferred Abbreviation   : 
     Mailing Address          : 
     Primary Contact
       Contact Name           : 
       Telephone (primary)    : 
       Telephone (secondary)  : 
       Fax                    : 
       E-mail                 : 
     Secondary Contact
       Contact Name           : 
       Telephone (primary)    : 
       Telephone (secondary)  : 
       Fax                    : 
       E-mail                 : 
     Additional Information   : 

13.  More Information

     Primary Data Center      : CDDIS
     Secondary Data Center    : NRCan
     URL for More Information : http://www.geod.nrcan.gc.ca/index_e.php
     Hardcopy on File
       Site Map               : 
       Site Diagram           : 
       Horizon Mask           : 
       Monument Description   : 
       Site Pictures          : 
     Additional Information   : 
     Antenna Graphics with Dimensions


