     SASS Site Information Form
     International GNSS Service
     See Instructions at:
       ftp://igscb.jpl.nasa.gov/pub/station/general/sitelog_instr.txt


0.   Form

     Prepared by (full name)  : Peter Franke
                              : Matthias Groeschel
     Date Prepared            : 2008-01-25
     Report Type              : UPDATE
     If Update:
      Previous Site Log       : sass_20070514.log
      Modified/Added Sections : 3.6, 3.7


1.   Site Identification of the GNSS Monument

     Site Name                : Sassnitz
     Four Character ID        : SASS
     Monument Inscription     :
     IERS DOMES Number        : 14281M001
     CDP Number               :
     Monument Description     : STEEL TRIPOD
       Height of the Monument : 2.0
       Monument Foundation    : STEEL TRIPOD ANCHORED TO THE TOWER
       Foundation Depth       :
     Marker Description       : SURVEY MARKER BOLT ON STEEL TRIPOD
     Date Installed           : 2002-12-12T12:00Z
     Geologic Characteristic  : (BEDROCK/CLAY/CONGLOMERATE/GRAVEL/SAND/etc)
       Bedrock Type           :
       Bedrock Condition      :
       Fracture Spacing       :
       Fault zones nearby     : (YES/NO/Name of the zone)
         Distance/activity    :
     Additional Information   : Survey Marker Bolt on a steel tripod,
                              : fastened on the platform on the top
                              : of the tower in the harbour of Sassnitz.
                              : The Survey Marker Bolt is 31 m above
                              : the ground.


2.   Site Location Information

     City or Town             : Sassnitz Island of Ruegen
     State or Province        : Mecklenburg-Vorpommern
     Country                  : Germany
     Tectonic Plate           : Eurasean Plate
     Approximate Position (ITRF)
       X coordinate (m)       : 3606146.38
       Y coordinate (m)       : 875303.14
       Z coordinate (m)       : 5170194.74
       Latitude (N is +)      : +543048.92
       Longitude (E is +)     : +0133835.84
       Elevation (m,ellips.)  : 00068.2
     Additional Information   :


3.   GNSS Receiver Information

3.1  Receiver Type            : JPS LEGACY
     Satellite System         : GPS+GLO
     Serial Number            : AGL2LHV3XMO
     Firmware Version         : E_GGD_2/2.2
     Elevation Cutoff Setting : 5
     Date Installed           : 2002-12-12T12:00Z
     Date Removed             : 2003-01-24T12:00Z
     Temperature Stabiliz.    : none
     Additional Information   : Addition Number
                              : 235-0281 on the
                              : type level

3.2  Receiver Type            : JPS LEGACY
     Satellite System         : GPS+GLO
     Serial Number            : AEAEYZVWY68
     Firmware Version         : E_GGD_2/2.2
     Elevation Cutoff Setting : 5
     Date Installed           : 2003-01-24T12:00Z
     Date Removed             : 2003-12-05T10:00Z
     Temperature Stabiliz.    : none
     Additional Information   : Additional Number
                              : LE 5772 on the
                              : type level

3.3  Receiver Type            : JPS LEGACY
     Satellite System         : GPS+GLO
     Serial Number            : AEAEYZVWY68
     Firmware Version         : E_GGD_2/2.3P3
     Elevation Cutoff Setting : 5
     Date Installed           : 2003-12-05T10:00Z
     Date Removed             : 2005-04-25T09:00Z
     Temperature Stabiliz.    : none
     Additional Information   : Additional Number
                              : LE 5772 on the
                              : type level

3.4  Receiver Type            : JPS LEGACY
     Satellite System         : GPS+GLO
     Serial Number            : AEAEYZVWY68
     Firmware Version         : E_GGD_2/2.3p4
     Elevation Cutoff Setting : 5
     Date Installed           : 2005-04-25T09:00Z
     Date Removed             : 2006-05-22T14:00Z
     Temperature Stabiliz.    : none
     Additional Information   : Additional Number
                              : LE 5772 on the
                              : type level

3.5  Receiver Type            : JPS LEGACY
     Satellite System         : GPS+GLO
     Serial Number            : AEAEYZVWY68
     Firmware Version         : E_GGD_2/2.5P1
     Elevation Cutoff Setting : 0
     Date Installed           : 2006-05-22T14:00Z
     Date Removed             : 2007-05-11T07:00Z
     Temperature Stabiliz.    : none
     Additional Information   : Additional Number
                              : LE 5772 on the
                              : type level

3.6  Receiver Type            : JPS LEGACY
     Satellite System         : GPS+GLO
     Serial Number            : AEAEYZVWY68
     Firmware Version         : 2.6.0 APR,18,2007
     Elevation Cutoff Setting : 0
     Date Installed           : 2007-05-11T07:00Z
     Date Removed             : 2008-01-25T11:15Z
     Temperature Stabiliz.    : none
     Additional Information   : Additional Number
                              : LE 5772 on the
                              : type level

3.7  Receiver Type            : JPS LEGACY
     Satellite System         : GPS+GLO
     Serial Number            : AEAEYZVWY68
     Firmware Version         : 2.6.1 JAN,10,2008
     Elevation Cutoff Setting : 0
     Date Installed           : 2008-01-25T11:15Z
     Date Removed             : CCYY-MM-DDThh:mmZ
     Temperature Stabiliz.    : none
     Additional Information   : Additional Number LE 5772 on the type level

3.x  Receiver Type            : (A20, from rcvr_ant.tab; see instructions)
     Satellite System         : (GPS+GLO+GAL+BDS+QZSS+SBAS)
     Serial Number            : (A5)
     Firmware Version         : (A11)
     Elevation Cutoff Setting : (deg)
     Date Installed           : (CCYY-MM-DDThh:mmZ)
     Date Removed             : (CCYY-MM-DDThh:mmZ)
     Temperature Stabiliz.    : (none or tolerance in degrees C)
     Additional Information   : (multiple lines)


4.   GNSS Antenna Information

4.1  Antenna Type             : TPSCR3_GGD      CONE
     Serial Number            : 00106
     Antenna Reference Point  : BPA
     Marker->ARP Up Ecc. (m)  : 000.1850
     Marker->ARP North Ecc(m) : 000.0000
     Marker->ARP East Ecc(m)  : 000.0000
     Alignment from True N    : 0
     Antenna Radome Type      : CONE
     Radome Serial Number     :
     Antenna Cable Type       : Aircom plus
     Antenna Cable Length     : 50
     Date Installed           : 2002-12-12T12:00Z
     Date Removed             : 2003-10-23T07:00Z
     Additional Information   :

4.2  Antenna Type             : TPSCR3_GGD      CONE
     Serial Number            : 217 0155
     Antenna Reference Point  : BPA
     Marker->ARP Up Ecc. (m)  : 000.1850
     Marker->ARP North Ecc(m) : 000.0000
     Marker->ARP East Ecc(m)  : 000.0000
     Alignment from True N    : 0
     Antenna Radome Type      : CONE
     Radome Serial Number     :
     Antenna Cable Type       : Aircom plus
     Antenna Cable Length     : 50
     Date Installed           : 2003-10-23T07:00Z
     Date Removed             : 2004-08-24T12:00Z
     Additional Information   :

4.3  Antenna Type             : TPSCR3_GGD      CONE
     Serial Number            : 217 0155
     Antenna Reference Point  : BPA
     Marker->ARP Up Ecc. (m)  : 000.0310
     Marker->ARP North Ecc(m) : 000.0000
     Marker->ARP East Ecc(m)  : 000.0000
     Alignment from True N    : 0
     Antenna Radome Type      : CONE
     Radome Serial Number     :
     Antenna Cable Type       : Aircom plus
     Antenna Cable Length     : 50
     Date Installed           : 2004-08-24T12:00Z
     Date Removed             : CCYY-MM-DDThh:mmZ
     Additional Information   :

4.x  Antenna Type             : (A20, from rcvr_ant.tab; see instructions)
     Serial Number            : (A*, but note the first A5 is used in SINEX)
     Antenna Reference Point  : (BPA/BCR/XXX from "antenna.gra"; see instr.)
     Marker->ARP Up Ecc. (m)  : (F8.4)
     Marker->ARP North Ecc(m) : (F8.4)
     Marker->ARP East Ecc(m)  : (F8.4)
     Alignment from True N    : (deg; + is clockwise/east)
     Antenna Radome Type      : (A4 from rcvr_ant.tab; see instructions)
     Radome Serial Number     : 
     Antenna Cable Type       : (vendor & type number)
     Antenna Cable Length     : (m)
     Date Installed           : (CCYY-MM-DDThh:mmZ)
     Date Removed             : (CCYY-MM-DDThh:mmZ)
     Additional Information   : (multiple lines)


5.   Surveyed Local Ties

5.x  Tied Marker Name         :
     Tied Marker Usage        : (SLR/VLBI/LOCAL CONTROL/FOOTPRINT/etc)
     Tied Marker CDP Number   : (A4)
     Tied Marker DOMES Number : (A9)
     Differential Components from GNSS Marker to the tied monument (ITRS)
       dx (m)                 : (m)
       dy (m)                 : (m)
       dz (m)                 : (m)
     Accuracy (mm)            : (mm)
     Survey method            : (GPS CAMPAIGN/TRILATERATION/TRIANGULATION/etc)
     Date Measured            : (CCYY-MM-DDThh:mmZ)
     Additional Information   : (multiple lines)


6.   Frequency Standard

6.1  Standard Type            : INTERNAL
       Input Frequency        :
       Effective Dates        : 2002-12-12/CCYY-MM-DD
       Notes                  :

6.x  Standard Type            : (INTERNAL or EXTERNAL H-MASER/CESIUM/etc)
       Input Frequency        : (if external)
       Effective Dates        : (CCYY-MM-DD/CCYY-MM-DD)
       Notes                  : (multiple lines)


7.   Collocation Information

7.x  Instrumentation Type     : (GPS/GLONASS/DORIS/PRARE/SLR/VLBI/TIME/etc)
       Status                 : (PERMANENT/MOBILE)
       Effective Dates        : (CCYY-MM-DD/CCYY-MM-DD)
       Notes                  : (multiple lines)


8.   Meteorological Instrumentation

8.1.1 Humidity Sensor Model   : PT35108
       Manufacturer           : Vaisala Oyi
       Serial Number          : X321
       Data Sampling Interval : 900
       Accuracy (% rel h)     : 1.0
       Aspiration             : CAPACITIVY THIN FILM POLYMER
       Height Diff to Ant     : 0.5
       Calibration date       : (CCYY-MM-DD)
       Effective Dates        : 2002-12-12/2006-07-26
       Notes                  : The humidity sensor is 0.5 m
                              : below the antenna.
         
8.1.2 Humidity Sensor Model   : HMP45A-P
       Manufacturer           : VAISALA Oyi
       Serial Number          : A2110013
       Data Sampling Interval : 10
       Accuracy (% rel h)     : 2.0
       Aspiration             : CAPACITIVY THIN FILM POLYMER
       Height Diff to Ant     : 0.5
       Calibration date       : 2005-05-23
       Effective Dates        : 2006-07-26/CCYY-MM-DD
       Notes                  : The humidity sensor is 0.5 m
                              : below the antenna.
    
8.1.x Humidity Sensor Model   : 
       Manufacturer           : 
       Serial Number          : 
       Data Sampling Interval : (sec)
       Accuracy (% rel h)     : (% rel h)
       Aspiration             : (UNASPIRATED/NATURAL/FAN/etc)
       Height Diff to Ant     : (m)
       Calibration date       : (CCYY-MM-DD)
       Effective Dates        : (CCYY-MM-DD/CCYY-MM-DD)
       Notes                  : (multiple lines)

8.2.1 Pressure Sensor Model   : PTU
       Manufacturer           : Vaisala Oyi
       Serial Number          : X2930001
       Data Sampling Interval : 900
       Accuracy               : 0.1
       Height Diff to Ant     : 29.4
       Calibration date       : (CCYY-MM-DD)
       Effective Dates        : 2002-12-12/2006-07-26
       Notes                  : The pressure Sensor is
                              : 29.4 m below the antenna.

8.2.2 Pressure Sensor Model   : PTU200
       Manufacturer           : VAISALA Oyi
       Serial Number          : W5110012
       Data Sampling Interval : 10
       Accuracy               : 0.1
       Height Diff to Ant     : -29.4
       Calibration date       : 2002-MM-DD
       Effective Dates        : 2006-07-26/CCYY-MM-DD
       Notes                  : The pressure Sensor is
                              : 29.4 m below the antenna.
         
8.2.x Pressure Sensor Model   : 
       Manufacturer           : 
       Serial Number          : 
       Data Sampling Interval : (sec)
       Accuracy               : (hPa)
       Height Diff to Ant     : (m)
       Calibration date       : (CCYY-MM-DD)
       Effective Dates        : (CCYY-MM-DD/CCYY-MM-DD)
       Notes                  : (multiple lines)

8.3.1 Temp. Sensor Model      : PT35108
       Manufacturer           : Vaisala Oyi
       Serial Number          : X321
       Data Sampling Interval : 900
       Accuracy               : 0.2
       Aspiration             : RESISTIVE PLATINUM PROBE
       Height Diff to Ant     : 0.5
       Calibration date       : (CCYY-MM-DD)
       Effective Dates        : 2002-12-12/2006-07-26
       Notes                  : The temperature sensor is
                              : 0.5 m below the antenna.

8.3.2 Temp. Sensor Model      : HMP45A-P
       Manufacturer           : VAISALA Oyi
       Serial Number          : A2110013
       Data Sampling Interval : 10
       Accuracy               : 0.2
       Aspiration             : RESISTIVE PLATINUM PROBE
       Height Diff to Ant     : 0.5
       Calibration date       : 2005-05-23
       Effective Dates        : 2006-07-26/CCYY-MM-DD
       Notes                  : The temperature sensor is
                              : 0.5 m below the antenna.

8.3.x Temp. Sensor Model      : 
       Manufacturer           : 
       Serial Number          : 
       Data Sampling Interval : (sec)
       Accuracy               : (deg C)
       Aspiration             : (UNASPIRATED/NATURAL/FAN/etc)
       Height Diff to Ant     : (m)
       Calibration date       : (CCYY-MM-DD)
       Effective Dates        : (CCYY-MM-DD/CCYY-MM-DD)
       Notes                  : (multiple lines)

8.4.x Water Vapor Radiometer  :
       Manufacturer           :
       Serial Number          :
       Distance to Antenna    : (m)
       Height Diff to Ant     : (m)
       Calibration date       : (CCYY-MM-DD)
       Effective Dates        : (CCYY-MM-DD/CCYY-MM-DD)
       Notes                  : (multiple lines)

8.5.x Other Instrumentation   : (multiple lines)


9.   Local Ongoing Conditions Possibly Affecting Computed Position

9.1.x Radio Interferences     : (TV/CELL PHONE ANTENNA/RADAR/etc)
       Observed Degradations  : (SN RATIO/DATA GAPS/etc)
       Effective Dates        : (CCYY-MM-DD/CCYY-MM-DD)
       Additional Information : (multiple lines)

9.2.x Multipath Sources       : (METAL ROOF/DOME/VLBI ANTENNA/etc)
       Effective Dates        : (CCYY-MM-DD/CCYY-MM-DD)
       Additional Information : (multiple lines)

9.3.x Signal Obstructions     : (TREES/BUILDLINGS/etc)
       Effective Dates        : (CCYY-MM-DD/CCYY-MM-DD)
       Additional Information : (multiple lines)


10.  Local Episodic Effects Possibly Affecting Data Quality

10.x Date                     : (CCYY-MM-DD/CCYY-MM-DD)
     Event                    : (TREE CLEARING/CONSTRUCTION/etc)


11.  On-Site, Point of Contact Agency Information

     Agency                   : Bundesamt fuer Kartographie und Geodaesie
                              : Department of Geodaesie
     Preferred Abbreviation   : BKG
     Mailing Address          : Bundesamt fuer Kartographie und Geodaesie
                              : Department of Geodaesie
                              : Richard Strauss Allee 11
                              : D 60598 Frankfurt / M.
                              : Germany
     Primary Contact
       Contact Name           : Georg Weber
       Telephone (primary)    : (0049)-69-6333-391
       Telephone (secondary)  : (0049)-69-6333-1
       Fax                    : (0049)-69-6333-425
       E-mail                 : georg.weber@bkg.bund.de
     Secondary Contact
       Contact Name           : Peter Franke
       Telephone (primary)    : (0049)-69-6333-279
       Telephone (secondary)  : (0049)-69-6333-1
       Fax                    : (0049)-69-6333-425
       E-mail                 : peter.franke@bkg.bund.de
     Additional Information   : (multiple lines)


12.  Responsible Agency (if different from 11.)

     Agency                   : Bundesamt fuer Kartographie und Geodaesie
                              : Department of Geodaesie
     Preferred Abbreviation   : BKG
     Mailing Address          : Bundesamt fuer Kartographie und Geodaesie
                              : Branch Leipzig
                              : Karl Rothe Str. 10-14
                              : D 04105 Leipzig
                              : Germany
     Primary Contact
       Contact Name           : Mathias Groeschel
       Telephone (primary)    : (0049)-341-5634-432
       Telephone (secondary)  : (0049)-341-5634-0
       Fax                    : (0049)-341-5634-1921
       E-mail                 : matthias.groeschel@bkg.bund.de
     Secondary Contact
       Contact Name           :
       Telephone (primary)    :
       Telephone (secondary)  :
       Fax                    :
       E-mail                 :
     Additional Information   : (multiple lines)


13.  More Information

     Primary Data Center      : BKGI
     Secondary Data Center    : OLG
     URL for More Information : www.bkg.bund.de
     Hardcopy on File
       Site Map               : (Y or URL)
       Site Diagram           : (Y or URL)
       Horizon Mask           : (Y or URL)
       Monument Description   : (Y or URL)
       Site Pictures          : (Y or URL)
     Additional Information   : (multiple lines)
     Antenna Graphics with Dimensions

Topcon Positioning Systems: TPSCR3_GGD

                        ---------
                      /     +     \                        <-- 0.104 L2
                     |      +      |                       <-- 0.081 L1
   +--------------------------------------------------+    <-- 0.071 TCR
   |                                                  |
   |                                                  |
   |                                                  |
   |                                                  |
   +-----------------+-------------+------------------+    <-- 0.003 BCR
                      +-----x-----+                        <-- 0.0 BPA=ARP
                          +---+
                          |   |
                          |   |
                          |   |
                          |   |
                          |   |
                          |   |
                          +---+
                +---------+---+----------+                 <-- -0.0310


ARP: Antenna Reference Point
L1 : L1 Phase Center                   L2 : L2 Phase Center
TCR: Top of Chokering                  BCR: Bottom of Chokering
TGP: Top of Ground Plane               BGP: Bottom of Ground Plane
