     SSA1 Site Information Form (site log)
          International GNSS Service
     See Instructions at:
       ftp://igscb.jpl.nasa.gov/pub/station/general/sitelog_instr.txt

0.   Form

     Prepared by (full name)  : Sonia Maria Alves Costa
     Date Prepared            : 2015-06-12
     Report Type              : UPDATE
     If Update                :
      Previous Site Log       : SSA1_20130412.log
      Modified/Added Sections : 3.4, 3.5, 4.3

1.   Site Identification of the GNSS Monument

     Site Name                : Salvador Capitania
     Four Character ID        : SSA1
     Monument Inscription     : 93236
     IERS DOMES Number        : 41644M001
     CDP Number               : (A4)
     Monument Description     : Concrete pillar (5.50 m of height), with forced
                                centering device on top. Tide Gauge station,
                                installed at Capitania dos Portos de Salvador.
       Height of the Monument :  5.50 m
       Monument Foundation    :  
       Foundation Depth       :  
     Marker Description       : (CHISELLED CROSS/DIVOT/BRASS NAIL/etc)
     Date Installed           :  2007-05-04T00:00Z
     Geologic Characteristic  : (BEDROCK/CLAY/CONGLOMERATE/GRAVEL/SAND/etc)
       Bedrock Type           : (IGNEOUS/METAMORPHIC/SEDIMENTARY)
       Bedrock Condition      : (FRESH/JOINTED/WEATHERED)
       Fracture Spacing       : (1-10 cm/11-50 cm/51-200 cm/over 200 cm)
       Fault zones nearby     : (YES/NO/Name of the zone)
         Distance/activity    : (multiple lines)
     Additional Information   : (multiple lines)

2.   Site Location Information

     City or Town             : Salvador
     State or Province        : Bahia
     Country                  : Brasil
     Tectonic Plate           : South America
     Approximate Position (SIRGAS2000)
       X coordinate (m)       : 4863840.32
       Y coordinate (m)       : -3871158.61
       Z coordinate (m)       : -1422726.72      
       Latitude (N is +)      : -125830.56
       Longitude (E is +)     : -0383059.34
       Elevation (m,ellips.)  : -2.09 
     Additional Information   : (multiple lines)

3.   GNSS Receiver Information

3.1  Receiver Type            : TRIMBLE 4000SSI      
     Satellite System         : GPS
     Serial Number            : 3633A16683
     Firmware Version         : 7.29
     Elevation Cutoff Setting : 0
     Date Installed           : 2007-05-04T00:00Z
     Date Removed             : 2012-10-11T11:00Z 
     Temperature Stabiliz.    : NONE
     Additional Information   :  

3.2  Receiver Type            : TRIMBLE NETR8      
     Satellite System         : GPS+GLO
     Serial Number            : 4923K35514
     Firmware Version         : 4.17
     Elevation Cutoff Setting : 0
     Date Installed           : 2012-10-11T12:00Z
     Date Removed             : 2013-03-21T11:20Z
     Temperature Stabiliz.    : NONE
     Additional Information   : 

3.3  Receiver Type            : TRIMBLE NETR8      
     Satellite System         : GPS+GLO
     Serial Number            : 4923K35514
     Firmware Version         : 4.70
     Elevation Cutoff Setting : 0
     Date Installed           : 2013-03-21T11:27Z
     Date Removed             : 2014-09-18T14:00Z
     Temperature Stabiliz.    : NONE
     Additional Information   : 

3.4  Receiver Type            : TRIMBLE NETR8      
     Satellite System         : GPS+GLO
     Serial Number            : 4923K35514
     Firmware Version         : 4.85
     Elevation Cutoff Setting : 0
     Date Installed           : 2014-09-18T14:10Z
     Date Removed             : 2015-02-04T11:30Z
     Temperature Stabiliz.    : NONE
     Additional Information   : 

3.5  Receiver Type            : TRIMBLE NETR8      
     Satellite System         : GPS+GLO
     Serial Number            : 4923K35514
     Firmware Version         : 4.87
     Elevation Cutoff Setting : 0
     Date Installed           : 2015-02-04T11:40Z
     Date Removed             : (CCYY-MM-DDThh:mmZ) 
     Temperature Stabiliz.    : NONE
     Additional Information   : 

3.x  Receiver Type            : (A20, from rcvr_ant.tab; see instructions)
     Satellite System         : (GPS+GLO+GAL+BDS+QZSS+SBAS)
     Serial Number            : (A20, but note the first A5 is used in SINEX)
     Firmware Version         : (A11)
     Elevation Cutoff Setting : (deg)
     Date Installed           : (CCYY-MM-DDThh:mmZ)
     Date Removed             : (CCYY-MM-DDThh:mmZ)
     Temperature Stabiliz.    : (none or tolerance in degrees C)
     Additional Information   : (multiple lines)


4.   GNSS Antenna Information

4.1  Antenna Type             : TRM29659.00     NONE
     Serial Number            : 220071004
     Antenna Reference Point  : BPA
     Marker->ARP Up Ecc. (m)  : 000.0000
     Marker->ARP North Ecc(m) : (F8.4)
     Marker->ARP East Ecc(m)  : (F8.4)
     Alignment from True N    : 0
     Antenna Radome Type      : NONE
     Radome Serial Number     : 
     Antenna Cable Type       : (vendor & type number)
     Antenna Cable Length     : 30 m 
     Date Installed           : 2007-05-04T00:00Z
     Date Removed             : 2012-10-11T11:00Z 
     Additional Information   : 

 4.2 Antenna Type             : TRM59800.00     NONE
     Serial Number            : 4951353651 
     Antenna Reference Point  : BPA
     Marker->ARP Up Ecc. (m)  : 0.0000
     Marker->ARP North Ecc(m) : (F8.4)
     Marker->ARP East Ecc(m)  : (F8.4)
     Alignment from True N    : (deg; + is clockwise/east)
     Antenna Radome Type      : NONE
     Radome Serial Number     :
     Antenna Cable Type       : (vendor & type number)
     Antenna Cable Length     : 30
     Date Installed           : 2012-10-11T12:00Z
     Date Removed             : 2015-06-02T17:09Z
     Additional Information   : (multiple lines)

 4.3 Antenna Type             : TRM59800.00     NONE
     Serial Number            : 4951353668
     Antenna Reference Point  : BPA
     Marker->ARP Up Ecc. (m)  : 0.0000
     Marker->ARP North Ecc(m) : (F8.4)
     Marker->ARP East Ecc(m)  : (F8.4)
     Alignment from True N    : (deg; + is clockwise/east)
     Antenna Radome Type      : NONE
     Radome Serial Number     :
     Antenna Cable Type       : (vendor & type number)
     Antenna Cable Length     : 30
     Date Installed           : 2015-06-02T18:40Z
     Date Removed             : (CCYY-MM-DDThh:mmZ)
     Additional Information   : (multiple lines)

4.x  Antenna Type             : (A20, from rcvr_ant.tab; see instructions)
     Serial Number            : (A*, but note the first A5 is used in SINEX)
     Antenna Reference Point  : (BPA/BCR/XXX from "antenna.gra"; see instr.)
     Marker->ARP Up Ecc. (m)  : (F8.4)
     Marker->ARP North Ecc(m) : (F8.4)
     Marker->ARP East Ecc(m)  : (F8.4)
     Alignment from True N    : (deg; + is clockwise/east)
     Antenna Radome Type      : (A4 from rcvr_ant.tab; see instructions)
     Radome Serial Number     : 
     Antenna Cable Type       : (vendor & type number)
     Antenna Cable Length     : (m)
     Date Installed           : (CCYY-MM-DDThh:mmZ)
     Date Removed             : (CCYY-MM-DDThh:mmZ)
     Additional Information   : (multiple lines)

5.   Surveyed Local Ties


5.x  Tied Marker Name         : 
     Tied Marker Usage        : (SLR/VLBI/LOCAL CONTROL/FOOTPRINT/etc)
     Tied Marker CDP Number   : (A4)
     Tied Marker DOMES Number : (A9)
     Differential Components from GNSS Marker to the tied monument (ITRS)
       dx (m)                 : 
       dy (m)                 : 
       dz (m)                 : 
     Accuracy (mm)            : (mm)
     Survey method            : (GPS CAMPAIGN/TRILATERATION/TRIANGULATION/etc)
     Date Measured            : (CCYY-MM-DDThh:mmZ)
     Additional Information   : (multiple lines)

6.   Frequency Standard

6.1  Standard Type            : INTERNAL
       Input Frequency        : 
       Effective Dates        : 
       Notes                  : (multiple lines)

6.x  Standard Type            : (INTERNAL or EXTERNAL H-MASER/CESIUM/etc)
       Input Frequency        : (if external)
       Effective Dates        : (CCYY-MM-DD/CCYY-MM-DD)
       Notes                  : (multiple lines)

7.   Collocation Information


7.x  Instrumentation Type     : (GPS/GLONASS/DORIS/PRARE/SLR/VLBI/TIME/etc)
       Status                 : (PERMANENT/MOBILE)
       Effective Dates        : (CCYY-MM-DD/CCYY-MM-DD)
       Notes                  : (multiple lines)

8.   Meteorological Instrumentation


8.1.x  Humidity Sensor Model  : 
       Manufacturer           : 
       Serial Number          : 
       Data Sampling Interval : (sec)
       Accuracy (% rel h)     : (% rel h)
       Aspiration             : (UNASPIRATED/NATURAL/FAN/etc)
       Height Diff to Ant     : (m)
       Calibration date       : (CCYY-MM-DD)
       Effective Dates        : (CCYY-MM-DD/CCYY-MM-DD)
       Notes                  : (multiple lines)

8.2.x  Pressure Sensor Model  : 
       Manufacturer           : 
       Serial Number          : 
       Data Sampling Interval : (sec)
       Accuracy               : (hPa)
       Height Diff to Ant     : (m)
       Calibration date       : (CCYY-MM-DD)
       Effective Dates        : (CCYY-MM-DD/CCYY-MM-DD)
       Notes                  : (multiple lines)

8.3.x  Temp. Sensor Model     : 
       Manufacturer           : 
       Serial Number          : 
       Data Sampling Interval : (sec)
       Accuracy               : (hPa)
       Aspiration             : (UNASPIRATED/NATURAL/FAN/etc)
       Height Diff to Ant     : (m)
       Calibration date       : (CCYY-MM-DD)
       Effective Dates        : (CCYY-MM-DD/CCYY-MM-DD)
       Notes                  : (multiple lines)

8.4.x  Water Vapor Radiometer : 
       Manufacturer           : 
       Serial Number          : 
       Distance to Antenna    : (m)
       Height Diff to Ant     : (m)
       Calibration date       : (CCYY-MM-DD)
       Effective Dates        : (CCYY-MM-DD/CCYY-MM-DD)
       Notes                  : (multiple lines)

8.5.1  Other Instrumentation  : NONE

8.5.x  Other Instrumentation  : 


9.   Local Ongoing Conditions Possibly Affecting Computed Position


9.1.x  Radio Interferences    : (TV/CELL PHONE ANTENNA/RADAR/etc)
       Observed Degredations  : (SN RATIO/DATA GAPS/etc)
       Effective Dates        : (CCYY-MM-DD/CCYY-MM-DD)
       Additional Information : (multiple lines)

9.2.x  Multipath Sources      : (METAL ROOF/DOME/VLBI ANTENNA/etc)
       Effective Dates        : (CCYY-MM-DD/CCYY-MM-DD)
       Additional Information : (multiple lines)

9.3.x  Signal Obstructions    : (TREES/BUILDLINGS/etc)
       Effective Dates        : (CCYY-MM-DD/CCYY-MM-DD)
       Additional Information : (multiple lines)


10.  Local Episodic Effects Possibly Affecting Data Quality


10.x Date                     : (CCYY-MM-DD/CCYY-MM-DD)
     Event                    : (TREE CLEARING/CONSTRUCTION/etc)

11.   On-Site, Point of Contact Agency Information

     Agency                   : Instituto Brasileiro de Geografia e Estatística
     Preferred Abbreviation   : IBGE
     Mailing Address          : Av. Brasil, 15671 - Parada de Lucas - Rio de
                                Janeiro - Brasil - CEP: 21241-051
     Primary Contact
       Contact Name           : Mario Abreu
       Telephone (primary)    : 55-21-21424929
       Telephone (secondary)  : 55-21-21424985
       Fax                    : 55-21-21424859
       E-mail                 : mario.abreu@ibge.gov.br
     Secondary Contact
       Contact Name           : Sonia Costa
       Telephone (primary)    : 55-21-21424929
       Telephone (secondary)  : 55-21-21424985
       Fax                    : 55-21-21424859
       E-mail                 : sonia.alves@ibge.gov.br
     Additional Information   : (multiple lines)


12.  Responsible Agency (if different from 11.)

     Agency                   : (multiple lines)
     Preferred Abbreviation   : (A10)
     Mailing Address          : (multiple lines)
     Primary Contact
       Contact Name           : 
       Telephone (primary)    : 
       Telephone (secondary)  : 
       Fax                    : 
       E-mail                 : 
     Secondary Contact
       Contact Name           : 
       Telephone (primary)    : 
       Telephone (secondary)  : 
       Fax                    : 
       E-mail                 : 
     Additional Information   : (multiple lines)


13.  More Information

     Primary Data Center      : Instituto Brasileiro de Geografia e 
                                Estatística
     Secondary Data Center    : Instituto Brasileiro de Geografia e 
                                Estatística
     URL for More Information : ftp://geoftp.ibge.gov.br/RBMC/dados
     Hardcopy on File
       Site Map               : (Y or URL)
       Site Diagram           : (Y or URL)
       Horizon Mask           : (Y or URL)
       Monument Description   : (Y or URL)
       Site Pictures          : (Y or URL)
     Additional Information   : (multiple lines)
     Antenna Graphics with Dimensions



TRM29659.00
TRM59800.00
TRM59800.80
TRM59900.00

                         -----
                     /           \
                    |             |
  +-------------------------------------------------+     <--  0.1020  TCR
  |                                                 |
  |                                                 |
  |                                                 |
  |                                                 |
+-+-------------------------------------------------+-+   <--  0.0381
+-------------------+-------------+-------------------+   <--  0.0350  BCR
                    |             |
                   =|             |
                    +------x------+                       <--  0.0000  BPA=ARP

<--                      0.3810                     -->
