     STEC Site Information Form (site log)
     International GNSS Service
     See Instructions at:
       ftp://igscb.jpl.nasa.gov/pub/station/general/sitelog_instr.txt

0.   Form

     Prepared by (full name)  : Miguel Angel Bayas Bonilla
     Date Prepared            : 2013-03-04
     Report Type              : Update
     If Update
      Previous Site Log       : STEC_20120612.log
      Modified/Added Sections : 3.1, 3.2, 4.3


1.   Site Identification of the GNSS Monument

     Site Name                : Santiago
     Four Character ID        : STEC
     Monument Inscription     : 50013
     IERS DOMES Number        : 42016M001
     CDP Number               : (A4)
     Monument Description     : Concrete pillar built in the ground, with force
                                centering device on top.
                                The station is installed in BS-61 Santiago,
                                Santiago city, Morona Santiago province.
     
       Height of the Monument : 2.00 m.
       Monument Foundation    : concrete roof
       Foundation Depth       : (m)
     Marker Description       : (CHISELLED CROSS/DIVOT/BRASS NAIL/etc)
     Date Installed           : 2011-10-05
     Geologic Characteristic  : (BEDROCK/CLAY/CONGLOMERATE/GRAVEL/SAND/etc)
       Bedrock Type           : (IGNEOUS/METAMORPHIC/SEDIMENTARY)
       Bedrock Condition      : (FRESH/JOINTED/WEATHERED)
       Fracture Spacing       : (1-10 cm/11-50 cm/51-200 cm/over 200 cm)
       Fault zones nearby     : (YES/NO/Name of the zone)
         Distance/activity    : (multiple lines)
     Additional Information   : REGME (Red GNSS de Monitoreo Continuo del 
                                Ecuador) - Instituto Geografico Militar

2.   Site Location Information

     City or Town             : Santiago
     State or Province        : Morona Santiago
     Country                  : Ecuador
     Tectonic Plate           : South American
     Approximate Position (ITRF)
       X coordinate (m)       : 1323151.3720
       Y coordinate (m)       : -6230532.7473
       Z coordinate (m)       : -337197.1268
       Latitude (N is +)      : -030302.76
       Longitude (E is +)     : -0780037.67
       Elevation (m,ellips.)  : 321.75 m
     Additional Information   :


3.   GNSS Receiver Information

3.1  Receiver Type            : TRIMBLE NETR9
     Satellite System         : GPS+GLO
     Serial Number            : 50445K71335
     Firmware Version         : 4.17
     Elevation Cutoff Setting : 0
     Date Installed           : 2011-10-05T00:00Z
     Date Removed             : 2013-02-15T13:00Z
     Temperature Stabiliz.    :
     Additional Information   :


3.2  Receiver Type            : LEICA GRX1200GGPRO
     Satellite System         : GPS+GLO
     Serial Number            : 355458
     Firmware Version         : 6.00
     Elevation Cutoff Setting : 0
     Date Installed           : 2013-02-15T13:15Z
     Date Removed             : (CCYY-MM-DDThh:mmZ)
     Temperature Stabiliz.    :
     Additional Information   :


3.x  Receiver Type            : (A20, from rcvr_ant.tab; see instructions)
     Satellite System         : (GPS+GLO+GAL+CMP+QZSS+SBAS)
     Serial Number            : (A5)
     Firmware Version         : (A11)
     Elevation Cutoff Setting : (deg)
     Date Installed           : (CCYY-MM-DDThh:mmZ)
     Date Removed             : (CCYY-MM-DDThh:mmZ)
     Temperature Stabiliz.    : (none or tolerance in degrees C)
     Additional Information   : (multiple lines)


4.   GNSS Antenna Information

4.1  Antenna Type             : TRM59800.00
     Serial Number            : 5034353905
     Antenna Reference Point  : BPA
     Marker->ARP Up Ecc. (m)  : 0.0080
     Marker->ARP North Ecc(m) : 0.0000
     Marker->ARP East Ecc(m)  : 0.0000
     Alignment from True N    : 0
     Antenna Radome Type      : NONE
     Radome Serial Number     :
     Antenna Cable Type       :
     Antenna Cable Length     : 30
     Date Installed           : 2011-10-05T00:00Z
     Date Removed             : 2012-06-05T00:00Z
     Additional Information   :


4.2  Antenna Type             : LEIAT504GG
     Serial Number            : 200563
     Antenna Reference Point  : BPA
     Marker->ARP Up Ecc. (m)  : 0.008
     Marker->ARP North Ecc(m) : 0.000
     Marker->ARP East Ecc(m)  : 0.000
     Alignment from True N    : 0
     Antenna Radome Type      : NONE
     Radome Serial Number     :
     Antenna Cable Type       :
     Antenna Cable Length     : 30
     Date Installed           : 2012-06-05T00:00Z
     Date Removed             : 2013-02-15T13:00Z
     Additional Information   : (multiple lines)


4.3  Antenna Type             : LEIAT504GG
     Serial Number            : 200563
     Antenna Reference Point  : BPA
     Marker->ARP Up Ecc. (m)  : 0.008
     Marker->ARP North Ecc(m) : 0.000
     Marker->ARP East Ecc(m)  : 0.000
     Alignment from True N    : 0
     Antenna Radome Type      : LEIS
     Radome Serial Number     :
     Antenna Cable Type       :
     Antenna Cable Length     : 30
     Date Installed           : 2013-02-15T13:15Z
     Date Removed             : (CCYY-MM-DDThh:mmZ)
     Additional Information   : (multiple lines)


4.x  Antenna Type             : (A20, from rcvr_ant.tab; see instructions)
     Serial Number            : (A*, but note the first A5 is used in SINEX)
     Antenna Reference Point  : (BPA/BCR/XXX from "antenna.gra"; see instr.)
     Marker->ARP Up Ecc. (m)  : (F8.4)
     Marker->ARP North Ecc(m) : (F8.4)
     Marker->ARP East Ecc(m)  : (F8.4)
     Alignment from True N    : (deg; + is clockwise/east)
     Antenna Radome Type      : (A4 from rcvr_ant.tab; see instructions)
     Radome Serial Number     :
     Antenna Cable Type       : (vendor & type number)
     Antenna Cable Length     : (m)
     Date Installed           : (CCYY-MM-DDThh:mmZ)
     Date Removed             : (CCYY-MM-DDThh:mmZ)
     Additional Information   : (multiple lines)


5.   Surveyed Local Ties

5.x  Tied Marker Name         : 
     Tied Marker Usage        : (SLR/VLBI/LOCAL CONTROL/FOOTPRINT/etc)
     Tied Marker CDP Number   : (A4)
     Tied Marker DOMES Number : (A9)
     Differential Components from GNSS Marker to the tied monument (ITRS)
       dx (m)                 : (m)
       dy (m)                 : (m)
       dz (m)                 : (m)
     Accuracy (mm)            : (mm)
     Survey method            : (GPS CAMPAIGN/TRILATERATION/TRIANGULATION/etc)
     Date Measured            : (CCYY-MM-DDThh:mmZ)
     Additional Information   : (multiple lines)


6.   Frequency Standard

6.1  Standard Type            : (INTERNAL or EXTERNAL H-MASER/CESIUM/etc)
       Input Frequency        : (if external)
       Effective Dates        : (CCYY-MM-DD/CCYY-MM-DD)
       Notes                  : (multiple lines)

6.x  Standard Type            : (INTERNAL or EXTERNAL H-MASER/CESIUM/etc)
       Input Frequency        : (if external)
       Effective Dates        : (CCYY-MM-DD/CCYY-MM-DD)
       Notes                  : (multiple lines)


7.   Collocation Information

7.1  Instrumentation Type     : GPS/GLONASS
     Status                   : PERMANENT
     Effective Dates          : 2011-10-05
     Notes                    :

7.x  Instrumentation Type     : (GPS/GLONASS/DORIS/PRARE/SLR/VLBI/TIME/etc)
       Status                 : (PERMANENT/MOBILE)
       Effective Dates        : (CCYY-MM-DD/CCYY-MM-DD)
       Notes                  : (multiple lines)


8.   Meteorological Instrumentation

8.1.1 Humidity Sensor Model   : 
       Manufacturer           : 
       Serial Number          : 
       Data Sampling Interval : (sec)
       Accuracy (% rel h)     : (% rel h)
       Aspiration             : (UNASPIRATED/NATURAL/FAN/etc)
       Height Diff to Ant     : (m)
       Calibration date       : (CCYY-MM-DD)
       Effective Dates        : (CCYY-MM-DD/CCYY-MM-DD)
       Notes                  : (multiple lines)

8.1.x Humidity Sensor Model   : 
       Manufacturer           : 
       Serial Number          : 
       Data Sampling Interval : (sec)
       Accuracy (% rel h)     : (% rel h)
       Aspiration             : (UNASPIRATED/NATURAL/FAN/etc)
       Height Diff to Ant     : (m)
       Calibration date       : (CCYY-MM-DD)
       Effective Dates        : (CCYY-MM-DD/CCYY-MM-DD)
       Notes                  : (multiple lines)

8.2.1 Pressure Sensor Model   : 
       Manufacturer           : 
       Serial Number          : 
       Data Sampling Interval : (sec)
       Accuracy               : (hPa)
       Height Diff to Ant     : (m)
       Calibration date       : (CCYY-MM-DD)
       Effective Dates        : (CCYY-MM-DD/CCYY-MM-DD)
       Notes                  : (multiple lines)

8.2.x Pressure Sensor Model   : 
       Manufacturer           : 
       Serial Number          : 
       Data Sampling Interval : (sec)
       Accuracy               : (hPa)
       Height Diff to Ant     : (m)
       Calibration date       : (CCYY-MM-DD)
       Effective Dates        : (CCYY-MM-DD/CCYY-MM-DD)
       Notes                  : (multiple lines)

8.3.1 Temp. Sensor Model      : 
       Manufacturer           : 
       Serial Number          : 
       Data Sampling Interval : (sec)
       Accuracy               : (deg C)
       Aspiration             : (UNASPIRATED/NATURAL/FAN/etc)
       Height Diff to Ant     : (m)
       Calibration date       : (CCYY-MM-DD)
       Effective Dates        : (CCYY-MM-DD/CCYY-MM-DD)
       Notes                  : (multiple lines)

8.3.x Temp. Sensor Model      : 
       Manufacturer           : 
       Serial Number          : 
       Data Sampling Interval : (sec)
       Accuracy               : (deg C)
       Aspiration             : (UNASPIRATED/NATURAL/FAN/etc)
       Height Diff to Ant     : (m)
       Calibration date       : (CCYY-MM-DD)
       Effective Dates        : (CCYY-MM-DD/CCYY-MM-DD)
       Notes                  : (multiple lines)

8.4.1 Water Vapor Radiometer  : 
       Manufacturer           : 
       Serial Number          : 
       Distance to Antenna    : (m)
       Height Diff to Ant     : (m)
       Calibration date       : (CCYY-MM-DD)
       Effective Dates        : (CCYY-MM-DD/CCYY-MM-DD)
       Notes                  : (multiple lines)

8.4.x Water Vapor Radiometer  : 
       Manufacturer           : 
       Serial Number          : 
       Distance to Antenna    : (m)
       Height Diff to Ant     : (m)
       Calibration date       : (CCYY-MM-DD)
       Effective Dates        : (CCYY-MM-DD/CCYY-MM-DD)
       Notes                  : (multiple lines)

8.5.1 Other Instrumentation   : (multiple lines)

8.5.x Other Instrumentation   : (multiple lines)


9.  Local Ongoing Conditions Possibly Affecting Computed Position

9.1.1 Radio Interferences     : (TV/CELL PHONE ANTENNA/RADAR/etc)
       Observed Degradations  : (SN RATIO/DATA GAPS/etc)
       Effective Dates        : (CCYY-MM-DD/CCYY-MM-DD)
       Additional Information : (multiple lines)

9.1.x Radio Interferences     : (TV/CELL PHONE ANTENNA/RADAR/etc)
       Observed Degradations  : (SN RATIO/DATA GAPS/etc)
       Effective Dates        : (CCYY-MM-DD/CCYY-MM-DD)
       Additional Information : (multiple lines)

9.2.1 Multipath Sources       : (METAL ROOF/DOME/VLBI ANTENNA/etc)
       Effective Dates        : (CCYY-MM-DD/CCYY-MM-DD)
       Additional Information : (multiple lines)

9.2.x Multipath Sources       : (METAL ROOF/DOME/VLBI ANTENNA/etc)
       Effective Dates        : (CCYY-MM-DD/CCYY-MM-DD)
       Additional Information : (multiple lines)

9.3.1 Signal Obstructions     : (TREES/BUILDLINGS/etc)
       Effective Dates        : (CCYY-MM-DD/CCYY-MM-DD)
       Additional Information : (multiple lines)

9.3.x Signal Obstructions     : (TREES/BUILDLINGS/etc)
       Effective Dates        : (CCYY-MM-DD/CCYY-MM-DD)
       Additional Information : (multiple lines)

10.  Local Episodic Effects Possibly Affecting Data Quality

10.1 Date                     : (CCYY-MM-DD/CCYY-MM-DD)
     Event                    : (TREE CLEARING/CONSTRUCTION/etc)

10.x Date                     : (CCYY-MM-DD/CCYY-MM-DD)
     Event                    : (TREE CLEARING/CONSTRUCTION/etc)


11.  On-Site, Point of Contact Agency Information

     Agency                   : Batallón de Selva No. 61 SANTIAGO
     Preferred Abbreviation   : BS61
     Mailing Address          : Santiago - Morona Santiago - Ecuador
     Primary Contact
       Contact Name           : Ing. David Cisneros
       Telephone (primary)    : +593 23 975 100 Ext 2013
       Telephone (secondary)  : +593 99 524 8097 
       Fax                    : 
       E-mail                 : david.cisneros@mail.igm.gob.ec
     Secondary Contact
       Contact Name           : Geom. Marco Amores
       Telephone (primary)    : +593 23 975 100 Ext 2013
       Telephone (secondary)  : +593 98 753 5554
       Fax                    : 
       E-mail                 : marco.amores@mail.igm.gob.ec
     Additional Information   : (multiple lines)

12.  Responsible Agency (if different from 11.)

     Agency                   : Instituto Geografico Militar
     Preferred Abbreviation   : IGM
     Mailing Address          : Av. Seniergues E4-676 y Gral. Telmo Paz y Miño
                                Apartado: 17-01-2435
     Primary Contact
       Contact Name           : Ing. David Cisneros
       Telephone (primary)    : +593 23 975 100 Ext 2013
       Telephone (secondary)  : +593 99 524 8097 
       Fax                    : 
       E-mail                 : david.cisneros@mail.igm.gob.ec
     Secondary Contact
       Contact Name           : Geom. Miguel Bayas
       Telephone (primary)    : +593 23 975 100 Ext 2013
       Telephone (secondary)  : +593 98 753 5554
       Fax                    : 
       E-mail                 : miguel.bayas@mail.igm.gob.ec
     Additional Information   : Centro de Procesamiento de Datos GNSS del 
                                Ecuador - IGM (Quito-Ecuador)

13.  More Information

     Primary Data Center      : Centro de Procesamienton Datos GNSS del Ecuador
     Secondary Data Center    : REGME
     URL for More Information :
     Hardcopy on File
       Site Map               :
       Site Diagram           :
       Horizon Mask           :
       Monument Description   :
       Site Pictures          :
     Additional Information   :
Antenna Graphics with Dimensions
LEIAT504GG

                         +-------+                          <-- 0.1393
                       /     +     \
                      |      +      |
    +-----------------+-------------+------------------+    <-- 0.1012 TCR
    |                                                  |
    |                                                  |
    |                                                  |
    |                                                  |
  +-+--------------------------------------------------+-+
  +-------------------+-------------+--------------------+  <-- 0.0345 BCR
                      |             |
                      |             |
                      +------x------+                       <-- 0.000  BPA=ARP

  <--                      0.3794                      -->
