     STHL Site Information Form (site log)
     International GNSS Service
     See Instructions at:
       ftp://igscb.jpl.nasa.gov/pub/station/general/sitelog_instr.txt

0.   Form

     Prepared by (full name)  : Razmik Khachikyana
     Date Prepared            : 2011-07-20
     Report Type              : NEW
     If Update:
      Previous Site Log       : 
      Modified/Added Sections : 


1.   Site Identification of the GNSS Monument

     Site Name                : Saint Helena
     Four Character ID        : STHL
     Monument Inscription     : 
     IERS DOMES Number        : 30606M003 
     CDP Number               : GNSS01
     Monument Description     : PILLAR
       Height of the Monument : 1.312 m
       Monument Foundation    : CONCRETE BLOCK
       Foundation Depth       : 0.9 m
     Marker Description       : SCIGN mount
     Date Installed           : 2010-03-02T17:00Z
     Geologic Characteristic  : COMPACT SOIL
       Bedrock Type           : 
       Bedrock Condition      : 
       Fracture Spacing       : 
       Fault zones nearby     : NO
         Distance/activity    : 
     Additional Information   : Site is located at MET office


2.   Site Location Information

     City or Town             : Longwood
     State or Province        : Saint Helena
     Country                  : United Kingdom
     Tectonic Plate           : Nubia
     Approximate Position (ITRF)
       X coordinate (m)       : 6104817.3080
       Y coordinate (m)       : -605827.9960
       Z coordinate (m)       : -1740738.8650
       Latitude (N is +)      : -155633.1219
       Longitude (E is +)     : -0054002.4436
       Elevation (m,ellips.)  : 453.29
     Additional Information   : (multiple lines)


3.   GNSS Receiver Information

3.1  Receiver Type            : TPS NET-G3A
     Satellite System         : GPS+GLO
     Serial Number            : 618-00321
     Firmware Version         : 3.4p1 
     Elevation Cutoff Setting : 4 deg
     Date Installed           : 2010-03-03T00:00Z
     Date Removed             : (CCYY-MM-DDThh:mmZ)
     Temperature Stabiliz.    : none
     Additional Information   :

3.x  Receiver Type            : (A20, from rcvr_ant.tab; see instructions)
     Satellite System         : (GPS+GLO+GAL+BDS+QZSS+SBAS)
     Serial Number            : (A20, but note the first A5 is used in SINEX)
     Firmware Version         : (A11)
     Elevation Cutoff Setting : (deg)
     Date Installed           : (CCYY-MM-DDThh:mmZ)
     Date Removed             : (CCYY-MM-DDThh:mmZ)
     Temperature Stabiliz.    : (none or tolerance in degrees C)
     Additional Information   : (multiple lines)


4.   GNSS Antenna Information

4.1  Antenna Type             : TPSCR.G3        SCIS
     Serial Number            : 383-0150
     Antenna Reference Point  : BPA
     Marker->ARP Up Ecc. (m)  : 0.0083
     Marker->ARP North Ecc(m) : 0.0000
     Marker->ARP East Ecc(m)  : 0.0000
     Alignment from True N    : 0
     Antenna Radome Type      : SCIS 
     Radome Serial Number     : 1137 
     Antenna Cable Type       : TIMES LMR 400 
     Antenna Cable Length     : 30m
     Date Installed           : 2010-03-03T00:00Z
     Date Removed             : (CCYY-MM-DDThh:mmZ)
     Additional Information   : (multiple lines)

4.x  Antenna Type             : (A20, from rcvr_ant.tab; see instructions)
     Serial Number            : (A*, but note the first A5 is used in SINEX)
     Antenna Reference Point  : (BPA/BCR/XXX from "antenna.gra"; see instr.)
     Marker->ARP Up Ecc. (m)  : (F8.4)
     Marker->ARP North Ecc(m) : (F8.4)
     Marker->ARP East Ecc(m)  : (F8.4)
     Alignment from True N    : (deg; + is clockwise/east)
     Antenna Radome Type      : (A4 from rcvr_ant.tab; see instructions)
     Radome Serial Number     : 
     Antenna Cable Type       : (vendor & type number)
     Antenna Cable Length     : (m)
     Date Installed           : (CCYY-MM-DDThh:mmZ)
     Date Removed             : (CCYY-MM-DDThh:mmZ)
     Additional Information   : (multiple lines)

5.   Surveyed Local Ties

5.x  Tied Marker Name         : 
     Tied Marker Usage        : (SLR/VLBI/LOCAL CONTROL/FOOTPRINT/etc)
     Tied Marker CDP Number   : (A4)
     Tied Marker DOMES Number : (A9)
     Differential Components from GNSS Marker to the tied monument (ITRS)
       dx (m)                 : (m)
       dy (m)                 : (m)
       dz (m)                 : (m)
     Accuracy (mm)            : (mm)
     Survey method            : (GPS CAMPAIGN/TRILATERATION/TRIANGULATION/etc)
     Date Measured            : (CCYY-MM-DDThh:mmZ)
     Additional Information   : (multiple lines)


6.   Frequency Standard

6.1  Standard Type            : INTERNAL
       Input Frequency        : 
       Effective Dates        : 2010-03-03
       Notes                  : (multiple lines)

6.x  Standard Type            : (INTERNAL or EXTERNAL H-MASER/CESIUM/etc)
       Input Frequency        : (if external)
       Effective Dates        : (CCYY-MM-DD/CCYY-MM-DD)
       Notes                  : (multiple lines)


7.   Collocation Information

7.1  Instrumentation Type     : DORIS
       Status                 : PERMANENT
       Effective Dates        : 1997-04-09 
       Notes                  : DORIS STATION HAS MORE THAN 17 YEARS LONG TIME
                              : SERIES PERIOD, COVERING THE 3 DIFFERENT
                              : POSITIONS HELA, HELB, AND HEMD FOR WHICH THERE
                              : IS A PRECISE INTRA-TECHNIQUE LOCAL TIE SURVEY.
                              : http://ids-doris.org/documents/doris/stations
                              : /log/archive/HEMB200812.LOG

7.x  Instrumentation Type     : (GPS/GLONASS/DORIS/PRARE/SLR/VLBI/TIME/etc)
       Status                 : (PERMANENT/MOBILE)
       Effective Dates        : (CCYY-MM-DD/CCYY-MM-DD)
       Notes                  : (multiple lines)


8.   Meteorological Instrumentation

8.1.1 Humidity Sensor Model   : 
       Manufacturer           : 
       Serial Number          : 
       Data Sampling Interval : (sec)
       Accuracy (% rel h)     : (% rel h)
       Aspiration             : (UNASPIRATED/NATURAL/FAN/etc)
       Height Diff to Ant     : (m)
       Calibration date       : (CCYY-MM-DD)
       Effective Dates        : (CCYY-MM-DD/CCYY-MM-DD)
       Notes                  : (multiple lines)

8.1.x Humidity Sensor Model   : 
       Manufacturer           : 
       Serial Number          : 
       Data Sampling Interval : (sec)
       Accuracy (% rel h)     : (% rel h)
       Aspiration             : (UNASPIRATED/NATURAL/FAN/etc)
       Height Diff to Ant     : (m)
       Calibration date       : (CCYY-MM-DD)
       Effective Dates        : (CCYY-MM-DD/CCYY-MM-DD)
       Notes                  : (multiple lines)

8.2.1 Pressure Sensor Model   : 
       Manufacturer           : 
       Serial Number          : 
       Data Sampling Interval : (sec)
       Accuracy               : (hPa)
       Height Diff to Ant     : (m)
       Calibration date       : (CCYY-MM-DD)
       Effective Dates        : (CCYY-MM-DD/CCYY-MM-DD)
       Notes                  : (multiple lines)

8.2.x Pressure Sensor Model   : 
       Manufacturer           : 
       Serial Number          : 
       Data Sampling Interval : (sec)
       Accuracy               : (hPa)
       Height Diff to Ant     : (m)
       Calibration date       : (CCYY-MM-DD)
       Effective Dates        : (CCYY-MM-DD/CCYY-MM-DD)
       Notes                  : (multiple lines)

8.3.1 Temp. Sensor Model      : 
       Manufacturer           : 
       Serial Number          : 
       Data Sampling Interval : (sec)
       Accuracy               : (deg C)
       Aspiration             : (UNASPIRATED/NATURAL/FAN/etc)
       Height Diff to Ant     : (m)
       Calibration date       : (CCYY-MM-DD)
       Effective Dates        : (CCYY-MM-DD/CCYY-MM-DD)
       Notes                  : (multiple lines)

8.3.x Temp. Sensor Model      : 
       Manufacturer           : 
       Serial Number          : 
       Data Sampling Interval : (sec)
       Accuracy               : (deg C)
       Aspiration             : (UNASPIRATED/NATURAL/FAN/etc)
       Height Diff to Ant     : (m)
       Calibration date       : (CCYY-MM-DD)
       Effective Dates        : (CCYY-MM-DD/CCYY-MM-DD)
       Notes                  : (multiple lines)

8.4.1 Water Vapor Radiometer  : 
       Manufacturer           : 
       Serial Number          : 
       Distance to Antenna    : (m)
       Height Diff to Ant     : (m)
       Calibration date       : (CCYY-MM-DD)
       Effective Dates        : (CCYY-MM-DD/CCYY-MM-DD)
       Notes                  : (multiple lines)

8.4.x Water Vapor Radiometer  : 
       Manufacturer           : 
       Serial Number          : 
       Distance to Antenna    : (m)
       Height Diff to Ant     : (m)
       Calibration date       : (CCYY-MM-DD)
       Effective Dates        : (CCYY-MM-DD/CCYY-MM-DD)
       Notes                  : (multiple lines)

8.5.1 Other Instrumentation   : (multiple lines)

8.5.x Other Instrumentation   : (multiple lines)


9.  Local Ongoing Conditions Possibly Affecting Computed Position

9.1.1 Radio Interferences     : (TV/CELL PHONE ANTENNA/RADAR/etc)
       Observed Degradations  : (SN RATIO/DATA GAPS/etc)
       Effective Dates        : (CCYY-MM-DD/CCYY-MM-DD)
       Additional Information : (multiple lines)

9.1.x Radio Interferences     : (TV/CELL PHONE ANTENNA/RADAR/etc)
       Observed Degradations  : (SN RATIO/DATA GAPS/etc)
       Effective Dates        : (CCYY-MM-DD/CCYY-MM-DD)
       Additional Information : (multiple lines)

9.2.1 Multipath Sources       : (METAL ROOF/DOME/VLBI ANTENNA/etc)
       Effective Dates        : (CCYY-MM-DD/CCYY-MM-DD)
       Additional Information : (multiple lines)

9.2.x Multipath Sources       : (METAL ROOF/DOME/VLBI ANTENNA/etc)
       Effective Dates        : (CCYY-MM-DD/CCYY-MM-DD)
       Additional Information : (multiple lines)

9.3.1 Signal Obstructions     : (TREES/BUILDLINGS/etc)
       Effective Dates        : (CCYY-MM-DD/CCYY-MM-DD)
       Additional Information : (multiple lines)

9.3.x Signal Obstructions     : (TREES/BUILDLINGS/etc)
       Effective Dates        : (CCYY-MM-DD/CCYY-MM-DD)
       Additional Information : (multiple lines)

10.  Local Episodic Effects Possibly Affecting Data Quality

10.1 Date                     : (CCYY-MM-DD/CCYY-MM-DD)
     Event                    : (TREE CLEARING/CONSTRUCTION/etc)

10.x Date                     : (CCYY-MM-DD/CCYY-MM-DD)
     Event                    : (TREE CLEARING/CONSTRUCTION/etc)

11.  On-Site, Point of Contact Agency Information

     Agency                   : Jet Propulsion Laboratory
     Preferred Abbreviation   : JPL
     Mailing Address          : 4800 Oak Grove Drive
                              : Pasadena, CA  91109  USA
     Primary Contact
       Contact Name           : David A. Stowers
       Telephone (primary)    : 818-354-7055
       Telephone (secondary)  : 
       Fax                    : 818-393-4965
       E-mail                 : dstowers@jpl.nasa.gov
     Secondary Contact
       Contact Name           : Network Engineer/UNAVCO
       Telephone (primary)    : 303-381-7500
       Telephone (secondary)  :
       Fax                    : 303-381-7451
       E-mail                 : ggn-ops@ls.unavco.org 
     Additional Information   : Victoria Andreatta

12.  Responsible Agency (if different from 11.)

     Agency                   : Jet Propulsion Laboratory 
     Preferred Abbreviation   : JPL
     Mailing Address          : 4800 Oak Grove Drive
                              : Pasadena, CA  91109  USA
     Primary Contact
       Contact Name           : David A. Stowers 
       Telephone (primary)    : 818-354-7055 
       Telephone (secondary)  : 
       Fax                    : 818-393-4965 
       E-mail                 : dstowers@jpl.nasa.gov 
     Secondary Contact
       Contact Name           : Network Engineer/UNAVCO 
       Telephone (primary)    : 303-381-7500 
       Telephone (secondary)  : 
       Fax                    : 303-381-7451
       E-mail                 : ggn-ops@ls.unavco.org 
     Additional Information   : Victoria Andreatta 


13.  More Information

     Primary Data Center      : JPL (ODC-Operational Data Center)
     Secondary Data Center    : CDDIS (GDC-Global Data Center)
     URL for More Information : 
     Hardcopy on File
       Site Map               : Y
       Site Diagram           : Y
       Horizon Mask           : (Y or URL)
       Monument Description   : Y
       Site Pictures          : Y
     Additional Information   : (multiple lines)
     Antenna Graphics with Dimensions
TPSCR.G3

                          +-------+
                        /     +     \
                       |      +      |
     +-----------------+-------------+------------------+   <-- 0.1015 TCR
     |                                                  |
     |                                                  |
     |                                                  |
     |                                                  |
   +-+--------------------------------------------------+-+
   +-------------------+-------------+--------------------+ <-- 0.0345 BCR
                       |             |
                       |             |
                       +------x------+                      <-- 0.0 BPA=ARP

                       <--  0.2380 -->
   <--                      0.3800                      -->

ARP: Antenna Reference Point
L1 : L1 Phase Center                   L2 : L2 Phase Center
TCR: Top of Chokering                  BCR: Bottom of Chokering
TGP: Top of Ground Plane               BGP: Bottom of Ground Plane
TPA: Top of Preamplifier               BPA: Bottom of Preamplifer


