     SUSE Site Information Form (site log)
     International GPS Service
     See Instructions at:
       ftp://igscb.jpl.nasa.gov/pub/station/general/sitelog_instr.txt


0.   Form

     Prepared by (full name)  : David Zuliani
     Date Prepared            : 2012-12-12
     Report Type              : DYNAMIC
     If Update:
      Previous Site Log       : 
      Modified/Added Sections : 


1.   Site Identification of the GNSS Monument

     Site Name                : Collalto di Susegana
     Four Character ID        : SUSE
     Monument Inscription     : 
     IERS DOMES Number        : 19553M001
     CDP Number               : (A4)
     Monument Description     : PILLAR
       Height of the Monument : 1.50(m)
       Monument Foundation    : STEEL RODS
       Foundation Depth       : 6.0(m)
     Marker Description       : Pivot on steel nipple of antenna adapter
     Date Installed           : 2011-02-18
     Geologic Characteristic  : CONSOLIDATE CLAYS
       Bedrock Type           : (IGNEOUS/METAMORPHIC/SEDIMENTARY)
       Bedrock Condition      : (FRESH/JOINTED/WEATHERED)
       Fracture Spacing       : (1-10 cm/11-50 cm/51-200 cm/over 200 cm)
       Fault zones nearby     : (YES/NO/Name of the zone)
         Distance/activity    : (multiple lines)
     Additional Information   : Direct power supply.


2.   Site Location Information

     City or Town             : Collalto di Susegana
     State or Province        : Treviso
     Country                  : Italy
     Tectonic Plate           : EURASIA
     Approximate Position (ITRF)
       X coordinate (m)       : 4349253.50
       Y coordinate (m)       : 941044.91
       Z coordinate (m)       : 4554358.10
       Latitude (N is +)      : +455125.32
       Longitude (E is +)     : +121231.85
       Elevation (m,ellips.)  : 227.670
     Additional Information   : 
     
     
3.   GNSS Receiver Information

3.1  Receiver Type            : TPS GB-1000
     Satellite System         : GPS+GLONASS
     Serial Number            : T222440
     Firmware Version         : 3.4 Dec,12,2009 p2
     Elevation Cutoff Setting : 0
     Date Installed           : 2011-02-18T15:34Z
     Date Removed             : 2011-05-13T09:59Z
     Temperature Stabiliz.    : none
     Additional Information   : 

3.2  Receiver Type            : TPS NET-G3A
     Satellite System         : GPS+GLONASS+GALILEO
     Serial Number            : 618-00592
     Firmware Version         : 3.5 Dec,24,2010
     Elevation Cutoff Setting : 0
     Date Installed           : 2011-05-17T09:00Z
     Date Removed             : 2012-01-12T10:27Z
     Temperature Stabiliz.    : none
     Additional Information   : 

3.3  Receiver Type            : TPS NET-G3A
     Satellite System         : GPS+GLONASS+GALILEO
     Serial Number            : 618-00592
     Firmware Version         : 3.4 Dec,12,2009 p2
     Elevation Cutoff Setting : 0
     Date Installed           : 2012-01-13T09:50Z
     Date Removed             : 2012-12-12T11:15Z
     Temperature Stabiliz.    : none
     Additional Information   : 

3.4  Receiver Type            : TPS NET-G3A
     Satellite System         : GPS+GLONASS+GALILEO
     Serial Number            : 618-00592
     Firmware Version         : 4.0 Aug,03,2012
     Elevation Cutoff Setting : 0
     Date Installed           : 2012-12-12T14:29Z
     Date Removed             : (CCYY-MM-DDThh:mmZ)
     Temperature Stabiliz.    : none
     Additional Information   : 

3.x  Receiver Type            : (A20, from rcvr_ant.tab; see instructions)
     Satellite System         : (GPS/GLONASS/GPS+GLONASS)
     Serial Number            : (A20, but note the first A5 is used in SINEX)
     Firmware Version         : (A11)
     Elevation Cutoff Setting : (deg)
     Date Installed           : (CCYY-MM-DDThh:mmZ)
     Date Removed             : (CCYY-MM-DDThh:mmZ)
     Temperature Stabiliz.    : (none or tolerance in degrees C)
     Additional Information   : (multiple lines)


4.   GNSS Antenna Information

4.1  Antenna Type             : ASH701945E_M
     Serial Number            : 15022
     Antenna Reference Point  : BPA
     Marker->ARP Up Ecc. (m)  : 000.0083
     Marker->ARP North Ecc(m) : 000.0000
     Marker->ARP East Ecc(m)  : 000.0000
     Alignment from True N    : 0
     Antenna Radome Type      : NONE
     Radome Serial Number     : 
     Antenna Cable Type       : RG213
     Antenna Cable Length     : 20 m
     Date Installed           : 2011-02-18T15:34Z
     Date Removed             : 2011-05-13T09:59Z
     Additional Information   : Full Serial Number, CR6200515022

4.2  Antenna Type             : TPSCR.G3        TPSH
     Serial Number            : 383-0537
     Antenna Reference Point  : BPA
     Marker->ARP Up Ecc. (m)  : 000.0083
     Marker->ARP North Ecc(m) : 000.0000
     Marker->ARP East Ecc(m)  : 000.0000
     Alignment from True N    : 0
     Antenna Radome Type      : TPSH
     Radome Serial Number     : 
     Antenna Cable Type       : RG213
     Antenna Cable Length     : 20 m
     Date Installed           : 2011-05-17T09:00Z
     Date Removed             : (CCYY-MM-DDThh:mmZ)
     Additional Information   : 

4.x  Antenna Type             : (A20, from rcvr_ant.tab; see instructions)
     Serial Number            : (A*, but note the first A5 is used in SINEX) 
     Antenna Reference Point  : (BPA/BCR/XXX from "antenna.gra"; see instr.)
     Marker->ARP Up Ecc. (m)  : (F8.4)
     Marker->ARP North Ecc(m) : (F8.4)
     Marker->ARP East Ecc(m)  : (F8.4)
     Alignment from True N    : (deg; + is clockwise/east)
     Antenna Radome Type      : (A4 from rcvr_ant.tab; see instructions)
     Radome Serial Number     : 
     Antenna Cable Type       : (vendor & type number)
     Antenna Cable Length     : (m)
     Date Installed           : (CCYY-MM-DDThh:mmZ)
     Date Removed             : (CCYY-MM-DDThh:mmZ)
     Additional Information   : (multiple lines)


5.   Surveyed Local Ties

5.x  Tied Marker Name         : 
     Tied Marker Usage        : (SLR/VLBI/LOCAL CONTROL/FOOTPRINT/etc)
     Tied Marker CDP Number   : (A4)
     Tied Marker DOMES Number : (A9)
     Differential Components from GNSS Marker to the tied monument (ITRS)
       dx (m)                 : (m)
       dy (m)                 : (m)
       dz (m)                 : (m)
     Accuracy (mm)            : (mm)
     Survey method            : (GPS CAMPAIGN/TRILATERATION/TRIANGULATION/etc)
     Date Measured            : (CCYY-MM-DDThh:mmZ)
     Additional Information   : (multiple lines)


6.   Frequency Standard

6.x  Standard Type            : (INTERNAL or EXTERNAL H-MASER/CESIUM/etc)
       Input Frequency        : (if external)
       Effective Dates        : (CCYY-MM-DD/CCYY-MM-DD)
       Notes                  : (multiple lines)


7.   Collocation Information

7.x  Instrumentation Type     : (GPS/GLONASS/DORIS/PRARE/SLR/VLBI/TIME/etc)
       Status                 : (PERMANENT/MOBILE)
       Effective Dates        : (CCYY-MM-DD/CCYY-MM-DD)
       Notes                  : (multiple lines)


8.   Meteorological Instrumentation

8.1.x Humidity Sensor Model   : 
       Manufacturer           : 
       Serial Number          : 
       Data Sampling Interval : (sec)
       Accuracy (% rel h)     : (% rel h)
       Aspiration             : (UNASPIRATED/NATURAL/FAN/etc)
       Height Diff to Ant     : (m)
       Calibration date       : (CCYY-MM-DD)
       Effective Dates        : (CCYY-MM-DD/CCYY-MM-DD)
       Notes                  : (multiple lines)

8.2.x Pressure Sensor Model   : 
       Manufacturer           : 
       Serial Number          : 
       Data Sampling Interval : (sec)
       Accuracy               : (hPa)
       Height Diff to Ant     : (m)
       Calibration date       : (CCYY-MM-DD)
       Effective Dates        : (CCYY-MM-DD/CCYY-MM-DD)
       Notes                  : (multiple lines)

8.3.x Temp. Sensor Model      : 
       Manufacturer           : 
       Serial Number          : 
       Data Sampling Interval : (sec)
       Accuracy               : (deg C)
       Aspiration             : (UNASPIRATED/NATURAL/FAN/etc)
       Height Diff to Ant     : (m)
       Calibration date       : (CCYY-MM-DD)
       Effective Dates        : (CCYY-MM-DD/CCYY-MM-DD)
       Notes                  : (multiple lines)

8.4.x Water Vapor Radiometer  : 
       Manufacturer           : 
       Serial Number          : 
       Distance to Antenna    : (m)
       Height Diff to Ant     : (m)
       Calibration date       : (CCYY-MM-DD)
       Effective Dates        : (CCYY-MM-DD/CCYY-MM-DD)
       Notes                  : (multiple lines)

8.5.x Other Instrumentation   : (multiple lines)


9.   Local Ongoing Conditions Possibly Affecting Computed Position

9.1.x Radio Interferences     : (TV/CELL PHONE ANTENNA/RADAR/etc)
       Observed Degradations  : (SN RATIO/DATA GAPS/etc)
       Effective Dates        : (CCYY-MM-DD/CCYY-MM-DD)
       Additional Information : (multiple lines)

9.2.x Multipath Sources       : (METAL ROOF/DOME/VLBI ANTENNA/etc)
       Effective Dates        : (CCYY-MM-DD/CCYY-MM-DD)
       Additional Information : (multiple lines)

9.3.x Signal Obstructions     : (TREES/BUILDLINGS/etc)
       Effective Dates        : (CCYY-MM-DD/CCYY-MM-DD)
       Additional Information : (multiple lines)


10.  Local Episodic Effects Possibly Affecting Data Quality

10.x Date                     : (CCYY-MM-DD/CCYY-MM-DD)
     Event                    : (TREE CLEARING/CONSTRUCTION/etc)


11.  On-Site, Point of Contact Agency Information

     Agency                   : Centro Ricerche Sismologiche
     Preferred Abbreviation   : CRS
     Mailing Address          : Via Treviso 55, 33100 Udine, Italy
     Primary Contact
       Contact Name           : David Zuliani
       Telephone (primary)    : 39-0432-522433
       Telephone (secondary)  : 
       Fax                    : 39-0432-522474
       E-mail                 : dzuliani@inogs.it
     Secondary Contact
       Contact Name           : Giorgio Duri
       Telephone (primary)    : 39-0432-522433
       Telephone (secondary)  : 
       Fax                    : 
       E-mail                 : gduri@inogs.it
     Additional Information   : 


12.  Responsible Agency (if different from 11.)

     Agency                   : Istituto Nazionale di Oceanografia e Geofisica
                                Sperimentale
     Preferred Abbreviation   : OGS
     Mailing Address          : Borgo Grotta Gigante 42/c, 34010 Sgonico, Italy
     Primary Contact
       Contact Name           : Enrico Priolo
       Telephone (primary)    : 39-040-2140351
       Telephone (secondary)  : 
       Fax                    : 
       E-mail                 : epriolo@inogs.it
     Secondary Contact
       Contact Name           : 
       Telephone (primary)    : 
       Telephone (secondary)  : 
       Fax                    : 
       E-mail                 : 
     Additional Information   : (multiple lines)


13.  More Information

     Primary Data Center      : 
     Secondary Data Center    : 
     URL for More Information : 
     Hardcopy on File
       Site Map               : (Y or URL)
       Site Diagram           : (Y or URL)
       Horizon Mask           : (Y or URL)
       Monument Description   : (Y or URL)
       Site Pictures          : (Y or URL)
     Additional Information   : SUSE is part of the Friuli Regional Deformation
                                network (FReDNet) a continuously operating
                                Global Positioning System (GPS) receivers.
                                FReDNet monitors crustal deformation in the
                                Friuli area (Northeast of Italy) and the
                                northeast boundary of the Adriatic microplate.
                                FReDNet is operated by the Centro Ricerche
                                Sismologiche (CRS) a department of the Istituto
                                Nazionale di Oceanografia e di Geofisica
                                Sperimentale - OGS. We began to install the
                                initial 7 stations of FReDNet in the summer of
                                2002. Nowadays FReDNet consit of 14 stations and
                                it is complete, up and running. For accessing
                                FReDNet	GPS data visit
                                www.crs.inogs.it/frednet.
 				For more info about FReDNet contact
                                - David Zuliani dzuliani@inogs.it
                                - Maurizio Battaglia battag@seismo.berkeley.edu

     Antenna Graphics with Dimensions
                                
TPSCR.G3
			 +-------+
		       /           \
                      |             |
    +-----------------+-------------+-----------------+     <-- 0.1015 TCR
    |						      | 
    |                                                 |
    |                                                 |
    |                                                 |
  +-+-------------------------------------------------+-+
  +-------------------+-------------+-------------------+   <-- 0.0345 BCR
                      |             |
                      |             |
                      +------x------+                       <-- 0.0000 BPA=ARP
                       <-- 0.2380 -->
  <--                      0.3800                     -->
