
     SUTM Site Information Form (site log)
     International GNSS Service
     See Instructions at:
       ftp://igscb.jpl.nasa.gov/pub/station/general/sitelog_instr.txt

0.   Form

     Prepared by (full name)  : Markus Bradke
     Date Prepared            : 2015-09-16
     Report Type              : UPDATE
     If Update:
      Previous Site Log       : sutm_20130507.log
      Modified/Added Sections : 0,13,3.1,3.2,3.3,3.4,3.5


1.   Site Identification of the GNSS Monument

     Site Name                : Sutherland
     Four Character ID        : SUTM
     Monument Inscription     : 
     IERS DOMES Number        : 30314M004
     CDP Number               : 
     Monument Description     : PILLAR
       Height of the Monument : 1.70 m
       Monument Foundation    : CONCRETE BLOCK
       Foundation Depth       : 
     Marker Description       : BRASS NAIL
     Date Installed           : 2000-03-13T07:00Z
     Geologic Characteristic  : 
       Bedrock Type           : DOLORITE
       Bedrock Condition      : 
       Fracture Spacing       : 
       Fault zones nearby     : 
         Distance/activity    : 
     Additional Information   : Geodetic pillar next to building


2.   Site Location Information

     City or Town             : Sutherland
     State or Province        : Northern Cape
     Country                  : South Africa
     Tectonic Plate           : AFRICAN
     Approximate Position (ITRF)
       X coordinate (m)       : 5041190.1690
       Y coordinate (m)       : 1916067.0170
       Z coordinate (m)       : -3397189.5140
       Latitude (N is +)      : -322253.17
       Longitude (E is +)     : +0204839.28
       Elevation (m,ellips.)  : 1797.6
     Additional Information   : 


3.   GNSS Receiver Information

3.1  Receiver Type            : AOA BENCHMARK ACT
     Satellite System         : GPS
     Serial Number            : 1109
     Firmware Version         : 3.3.32.3
     Elevation Cutoff Setting : 0 deg
     Date Installed           : 2000-03-13T07:00Z
     Date Removed             : 2002-08-06T12:00Z
     Temperature Stabiliz.    : none
     Additional Information   : Original elevation cutoff setting is 0.5

3.2  Receiver Type            : AOA BENCHMARK ACT
     Satellite System         : GPS
     Serial Number            : 1109
     Firmware Version         : 3.3.32.2N
     Elevation Cutoff Setting : 0 deg
     Date Installed           : 2002-08-06T12:00Z
     Date Removed             : 2006-07-31T10:00Z
     Temperature Stabiliz.    : none
     Additional Information   : only change of firmware version;
                              : Original elevation cutoff setting is 0.5

3.3  Receiver Type            : AOA BENCHMARK ACT
     Satellite System         : GPS
     Serial Number            : 1104
     Firmware Version         : 3.3.32.2N
     Elevation Cutoff Setting : 0 deg
     Date Installed           : 2006-07-31T10:00Z
     Date Removed             : 2013-05-07T15:00Z
     Temperature Stabiliz.    : none
     Additional Information   : Original elevation cutoff setting is 0.5

3.4  Receiver Type            : JAVAD TRE_G3TH DELTA
     Satellite System         : GPS+GLO+GAL
     Serial Number            : 215
     Firmware Version         : 3.4.7
     Elevation Cutoff Setting : 0 deg
     Date Installed           : 2013-05-08T00:00Z
     Date Removed             : 2015-09-16T07:42Z
     Temperature Stabiliz.    : 
     Additional Information   : 

3.5  Receiver Type            : JAVAD TRE_G3TH DELTA
     Satellite System         : GPS+GLO+GAL
     Serial Number            : 215
     Firmware Version         : 3.5.10
     Elevation Cutoff Setting : 0 deg
     Date Installed           : 2015-09-16T07:42Z
     Date Removed             : CCYY-MM-DDThh:mmZ
     Temperature Stabiliz.    : 
     Additional Information   : 

3.x  Receiver Type            : (A20, from rcvr_ant.tab; see instructions)
     Satellite System         : (GPS+GLO+GAL+BDS+QZSS+SBAS)
     Serial Number            : (A20, but note the first A5 is used in SINEX)
     Firmware Version         : (A11)
     Elevation Cutoff Setting : (deg)
     Date Installed           : (CCYY-MM-DDThh:mmZ)
     Date Removed             : (CCYY-MM-DDThh:mmZ)
     Temperature Stabiliz.    : (none or tolerance in degrees C)
     Additional Information   : (multiple lines)


4.   GNSS Antenna Information

4.1  Antenna Type             : AOAD/M_T        NONE
     Serial Number            : 377
     Antenna Reference Point  : BPA
     Marker->ARP Up Ecc. (m)  : 0.0460
     Marker->ARP North Ecc(m) : 0.0000
     Marker->ARP East Ecc(m)  : 0.0000
     Alignment from True N    : 0 deg
     Antenna Radome Type      : NONE
     Radome Serial Number     : 
     Antenna Cable Type       : 
     Antenna Cable Length     : 
     Date Installed           : 2000-03-13T07:00Z
     Date Removed             : 2013-05-07T15:00Z
     Additional Information   : 

4.2  Antenna Type             : JAV_RINGANT_G3T NONE
     Serial Number            : 339
     Antenna Reference Point  : BAM
     Marker->ARP Up Ecc. (m)  : 0.1300
     Marker->ARP North Ecc(m) : 0.0000
     Marker->ARP East Ecc(m)  : 0.0000
     Alignment from True N    : 0 deg
     Antenna Radome Type      : NONE
     Radome Serial Number     : 
     Antenna Cable Type       : 
     Antenna Cable Length     : 
     Date Installed           : 2013-05-08T00:00Z
     Date Removed             : CCYY-MM-DDThh:mmZ
     Additional Information   : 

4.x  Antenna Type             : (A20, from rcvr_ant.tab; see instructions)
     Serial Number            : (A*, but note the first A5 is used in SINEX)
     Antenna Reference Point  : (BPA/BCR/XXX from "antenna.gra"; see instr.)
     Marker->ARP Up Ecc. (m)  : (F8.4)
     Marker->ARP North Ecc(m) : (F8.4)
     Marker->ARP East Ecc(m)  : (F8.4)
     Alignment from True N    : (deg; + is clockwise/east)
     Antenna Radome Type      : (A4 from rcvr_ant.tab; see instructions)
     Radome Serial Number     : 
     Antenna Cable Type       : (vendor & type number)
     Antenna Cable Length     : (m)
     Date Installed           : (CCYY-MM-DDThh:mmZ)
     Date Removed             : (CCYY-MM-DDThh:mmZ)
     Additional Information   : (multiple lines)


5.   Surveyed Local Ties

5.x  Tied Marker Name         : 
     Tied Marker Usage        : (SLR/VLBI/LOCAL CONTROL/FOOTPRINT/etc)
     Tied Marker CDP Number   : (A4)
     Tied Marker DOMES Number : (A9)
     Differential Components from GNSS Marker to the tied monument (ITRS)
       dx (m)                 : (m)
       dy (m)                 : (m)
       dz (m)                 : (m)
     Accuracy (mm)            : (mm)
     Survey method            : (GPS CAMPAIGN/TRILATERATION/TRIANGULATION/etc)
     Date Measured            : (CCYY-MM-DDThh:mmZ)
     Additional Information   : (multiple lines)


6.   Frequency Standard

6.1  Standard Type            : EXTERNAL RUBIDIUM
       Input Frequency        : 5 MHz
       Effective Dates        : 2001-10-13/2008-04-25
       Notes                  : 

6.2  Standard Type            : INTERNAL
       Input Frequency        : 
       Effective Dates        : 2008-04-25/CCYY-MM-DD
       Notes                  : 

6.x  Standard Type            : (INTERNAL or EXTERNAL H-MASER/CESIUM/etc)
       Input Frequency        : (if external)
       Effective Dates        : (CCYY-MM-DD/CCYY-MM-DD)
       Notes                  : (multiple lines)


7.   Collocation Information

7.x  Instrumentation Type     : (GPS/GLONASS/DORIS/PRARE/SLR/VLBI/TIME/etc)
       Status                 : (PERMANENT/MOBILE)
       Effective Dates        : (CCYY-MM-DD/CCYY-MM-DD)
       Notes                  : (multiple lines)


8.   Meteorological Instrumentation

8.1.1  Humidity Sensor Model  : HMP 45
       Manufacturer           : VAISALA
       Serial Number          : 
       Data Sampling Interval : 300 sec
       Accuracy (% rel h)     : 2
       Aspiration             : NATURAL
       Height Diff to Ant     : -0.05 m
       Calibration date       : (CCYY-MM-DD)
       Effective Dates        : 2000-03-13/2013-05-07
       Notes                  : 

8.1.2  Humidity Sensor Model  : PTU303
       Manufacturer           : Vaisala
       Serial Number          : E5330020
       Data Sampling Interval : 300 sec
       Accuracy (% rel h)     : 1.5
       Aspiration             : NATURAL
       Height Diff to Ant     : -0.20 m
       Calibration date       : 2009-12-30
       Effective Dates        : 2013-05-08/CCYY-MM-DD
       Notes                  : The humidity sensor is part of a Vaisala
                              : PTU300 meteo station

8.1.x  Humidity Sensor Model  : 
       Manufacturer           : 
       Serial Number          : 
       Data Sampling Interval : (sec)
       Accuracy (% rel h)     : (% rel h)
       Aspiration             : (UNASPIRATED/NATURAL/FAN/etc)
       Height Diff to Ant     : (m)
       Calibration date       : (CCYY-MM-DD)
       Effective Dates        : (CCYY-MM-DD/CCYY-MM-DD)
       Notes                  : (multiple lines)

8.2.1  Pressure Sensor Model  : PTB100-B
       Manufacturer           : VAISALA
       Serial Number          : 
       Data Sampling Interval : 300 sec
       Accuracy               : 0.5 hPa
       Height Diff to Ant     : -0.30 m
       Calibration date       : (CCYY-MM-DD)
       Effective Dates        : 2000-03-13/2013-05-07
       Notes                  : 

8.2.2  Pressure Sensor Model  : PTU300 Class A
       Manufacturer           : Vaisala
       Serial Number          : E5330020
       Data Sampling Interval : 300 sec
       Accuracy               : 0.1 hPa
       Height Diff to Ant     : -0.30 m
       Calibration date       : 2009-12-30
       Effective Dates        : 2013-05-08/CCYY-MM-DD
       Notes                  : The pressure sensor is part of a Vaisala
                              : PTU300 meteo station

8.2.x  Pressure Sensor Model  : 
       Manufacturer           : 
       Serial Number          : 
       Data Sampling Interval : (sec)
       Accuracy               : (hPa)
       Height Diff to Ant     : (m)
       Calibration date       : (CCYY-MM-DD)
       Effective Dates        : (CCYY-MM-DD/CCYY-MM-DD)
       Notes                  : (multiple lines)

8.3.1  Temp. Sensor Model     : PT100
       Manufacturer           : TimeTech GmbH
       Serial Number          : 
       Data Sampling Interval : 300 sec
       Accuracy               : 0.25 deg C
       Aspiration             : NATURAL
       Height Diff to Ant     : 
       Calibration date       : 
       Effective Dates        : 2000-03-13/2013-05-08
       Notes                  : 

8.3.2  Temp. Sensor Model     : PTU303
       Manufacturer           : Vaisala
       Serial Number          : E5330020
       Data Sampling Interval : 300 sec
       Accuracy               : 0.1 deg C
       Aspiration             : NATURAL
       Height Diff to Ant     : -0.30 m
       Calibration date       : 2009-12-30
       Effective Dates        : 2013-05-08/CCYY-MM-DD
       Notes                  : The temperature sensor is part of a Vaisala
                              : PTU300 meteo station

8.3.x  Temp. Sensor Model     : 
       Manufacturer           : 
       Serial Number          : 
       Data Sampling Interval : (sec)
       Accuracy               : (deg C)
       Aspiration             : (UNASPIRATED/NATURAL/FAN/etc)
       Height Diff to Ant     : (m)
       Calibration date       : (CCYY-MM-DD)
       Effective Dates        : (CCYY-MM-DD/CCYY-MM-DD)
       Notes                  : (multiple lines)

8.4.x  Water Vapor Radiometer : 
       Manufacturer           : 
       Serial Number          : 
       Distance to Antenna    : (m)
       Height Diff to Ant     : (m)
       Calibration date       : (CCYY-MM-DD)
       Effective Dates        : (CCYY-MM-DD/CCYY-MM-DD)
       Notes                  : (multiple lines)

8.5.x  Other Instrumentation  : (multiple lines)


9.   Local Ongoing Conditions Possibly Affecting Computed Position

9.1.x  Radio Interferences    : (TV/CELL PHONE ANTENNA/RADAR/etc)
       Observed Degradations  : (SN RATIO/DATA GAPS/etc)
       Effective Dates        : (CCYY-MM-DD/CCYY-MM-DD)
       Additional Information : (multiple lines)

9.2.x  Multipath Sources      : (METAL ROOF/DOME/VLBI ANTENNA/etc)
       Effective Dates        : (CCYY-MM-DD/CCYY-MM-DD)
       Additional Information : (multiple lines)

9.3.x  Signal Obstructions    : (TREES/BUILDINGS/etc)
       Effective Dates        : (CCYY-MM-DD/CCYY-MM-DD)
       Additional Information : (multiple lines)


10.  Local Episodic Effects Possibly Affecting Data Quality

10.x Date                     : (CCYY-MM-DD/CCYY-MM-DD)
     Event                    : (TREE CLEARING/CONSTRUCTION/etc)

11.  On-Site, Point of Contact Agency Information

     Agency                   : South African Astronomical Observatory (SAAO)
     Preferred Abbreviation   : SAAO
     Mailing Address          : South African Astronomical Observatory (SAAO)
                              : PO BOX 9, Observatory, 7935
                              : South Africa
     Primary Contact
       Contact Name           : Piet Fourie
       Telephone (primary)    : (+27)23-571-1205
       Telephone (secondary)  : (+27)23-571-136
       Fax                    : (+27)23-571-1413
       E-mail                 : pah@saao.ac.za
     Secondary Contact
       Contact Name           : Peter Menzies
       Telephone (primary)    : (+27)23-571-1205
       Telephone (secondary)  : (+27)23-571-1135
       Fax                    : (+27)23-571-1413
       E-mail                 : pbm@saao.ac.za
     Additional Information   : 


12.  Responsible Agency (if different from 11.)

     Agency                   : Helmholtz-Zentrum Potsdam
                              : Deutsches GeoForschungsZentrum GFZ
     Preferred Abbreviation   : GFZ
     Mailing Address          : Telegrafenberg A17
                              : 14473 Potsdam / Germany
     Primary Contact
       Contact Name           : Dr. Markus Ramatschi
       Telephone (primary)    : (+49)331-288-1746
       Telephone (secondary)  : (+49)331-288-1110
       Fax                    : (+49)331-288-1759
       E-mail                 : gpsnet@gfz-potsdam.de
     Secondary Contact
       Contact Name           : Markus Bradke
       Telephone (primary)    : (+49)331-288-1182
       Telephone (secondary)  : 
       Fax                    : (+49)331-288-1759
       E-mail                 : bradke@gfz-potsdam.de
     Additional Information   : 

13.  More Information

     Primary Data Center      : CDDIS
     Secondary Data Center    : IGN
     URL for More Information : 
     Hardcopy on File
       Site Map               : 
       Site Diagram           : 
       Horizon Mask           : 
       Monument Description   : 
       Site Pictures          : 
     Additional Information   : 
     Antenna Graphics with Dimensions

JAV_RINGANT_G3T

                       ---------                          <--  0.0614
                     /           \
                   /               \
  +-------------------------------------------------+     <--  0.0410  TCR
  |                                                 |
  |              +-------------------+              |
  |              |   \           /   |              |
  |              |    \         /    |              |
  |              |      +--x--+      |              |     <--  0.0000  BAM=ARP
  +--------------+-------------------+--------------+     <-- -0.0260  BCR
                                                                       RXC=NRP
  <--                    0.3260                   -->

AOAD/M_T

                         -----
                     /           \
                    |             |
  +-------------------------------------------------+     <--  0.1020  TCR
  |                                                 |
  |                                                 |
  |                                                 |
  |                                                 |
+-+-------------------------------------------------+-+   <--  0.0380
+-------------------+-------------+-------------------+   <--  0.0350  BCR
                    |             |
                   =|             |
                    +------x------+                       <--  0.0000  BPA=ARP
                                                                       RXC=NRP
<--                      0.3810                     -->


