     TGDE Site Information Form (site log) 
     International GPS Service
     See Instructions at: 
       ftp://igscb.jpl.nasa.gov/pub/station/general/sitelog_instr.txt


0.     Form
	
     Prepared by (full name)  : Svein Asle Rekkedal
     Date Prepared	      : (2003-10-28)
     Report Type	      : NEW (NEW/UPDATE)
     If Update		      :
      Previous Site Log	      : (ssss_ccyymmdd.log)
      Modified/Added Sections : (n.n,n.n,...)

1.   Site Identification of the GNSS Monument
	
     Site Name		      : Tregde vannstandsmåler
     Four Character ID	      : TGDE
     Monument Inscription     : 
     IERS DOMES Number	      : 
     CDP Number		      : 
     Monument Description     : Carbon pipe 
       Height of the Monument : 3 m
       Monument Foundation    : CONCRETE BLOCK
       Foundation Depth	      : ?(m)
     Marker Description	      : TOP OF CENTER OF DRILLED HOLE
     Date Installed	      : 2002-03-17T17:30Z
     Geologic Characteristic  : 
       Bedrock Type	      : METAMORPHIC
       Bedrock Condition      : WEATHERED
       Fracture Spacing	      : over 200 cm
       Fault zones nearby     : NO
	 Distance/activity    : 
     Additional Information   : (multiple lines)

2.   Site Location Information

     City or Town	      : Tregde
     State or Province	      : Vest-Agder
     Country		      : Norway
     Tectonic Plate	      : EURASIA
     Approximate Position (ITRF) 
       X coordinate (m)	      : 3358082
       Y coordinate (m)	      : 445365
       Z coordinate (m)	      : 5386155
       Latitude (N is +)      : (+/-DDMMSS.SS)
       Longitude (E is +      : (+/-DDDMMSS.SS)
       Elevation (m,ellips.)  : (F7.1) 
     Additional Information   : (multiple lines)

3.   GNSS Receiver Information

3.1  Receiver Type            : AOA ROGUE SNR12RM ACT
     Satellite System	      : GPS
     Serial Number	      : 0207U
     Firmware Version	      : 3.3.32.5
     Elevation Cutoff Setting : (deg)
     Date Installed	      : 2002-03-17T17:30Z)
     Date Removed	      : 
     Temperature Stabiliz.    : none
     Additional Information   : (multiple lines)

3.x  Receiver Type	      : (A20, from rcvr_ant.tab; see instructions)
     Satellite System	      : (GPS/GLONASS/GPS+GLONASS)
     Serial Number	      : (A20, but note the first A5 is used in SINEX)
     Firmware Version	      : (A11)
     Elevation Cutoff Setting : (deg)
     Date Installed	      : (CCYY-MM-DDThh:mmZ)
     Date Removed	      : (CCYY-MM-DDThh:mmZ)
     Temperature Stabiliz.    : (none or tolerance in degrees C)
     Additional Information   : (multiple lines)

4.   GNSS Antenna Information

4.1  Antenna Type	      : AOAD/M_T        NONE
     Serial Number	      : 00156
     Antenna Reference Point  : BPA
     Marker->ARP Up Ecc. (m)  : 0.0
     Marker->ARP North Ecc(m) : 0.0
     Marker->ARP East Ecc(m)  : 0.0 
     Alignment from True N    : 0
     Antenna Radome Type      : NONE
     Radome Serial Number     : 
     Antenna Cable Type	      : (vendor & type number)
     Antenna Cable Length     : 10(m)
     Date Installed	      : 2000-12-18T12:00Z)
     Date Removed	      : (CCYY-MM-DDThh:mmZ)
     Additional Information   : (multiple lines)

4.x  Antenna Type	      : (A20, from rcvr_ant.tab; see instructions)
     Serial Number	      : (A*, but note the first A5 is used in SINEX)
     Antenna Reference Point  : (BPA/BCR/XXX from "antenna.gra"; see instr.) 
     Marker->ARP Up Ecc. (m)  : (F8.4)
     Marker->ARP North Ecc(m) : (F8.4) 
     Marker->ARP East Ecc(m)  : (F8.4) 
     Alignment from True N    : (deg; + is clockwise/east)
     Antenna Radome Type      : (A4 from rcvr_ant.tab; see instructions)
     Radome Serial Number     : 
     Antenna Cable Type	      : (vendor & type number)
     Antenna Cable Length     : (m)
     Date Installed	      : (CCYY-MM-DDThh:mmZ)
     Date Removed	      : (CCYY-MM-DDThh:mmZ)
     Additional Information   : (multiple lines)

5.   Surveyed Local Ties

5.x  Tied Marker Name	      : 
     Tied Marker Usage	      : (SLR/VLBI/LOCAL CONTROL/FOOTPRINT/etc)
     Tied Marker CDP Number   : (A4)
     Tied Marker DOMES Number : (A9)
     Differential Components from GNSS Marker to the tied monument (ITRS) 
       dx (m)		      : (m)
       dy (m)		      : (m)
       dz (m)		      : (m)
     Accuracy (mm)	      : (mm)
     Survey method	      : (GPS CAMPAIGN/TRILATERATION/TRIANGULATION/etc)
     Date Measured	      : (CCYY-MM-DDThh:mmZ)
     Additional Information   : (multiple lines)

6.   Frequency Standard

6.x  Standard Type	      : (INTERNAL or EXTERNAL H-MASER/CESIUM/etc)
       Input Frequency	      : (if external)
       Effective Dates	      : (CCYY-MM-DD/CCYY-MM-DD)
       Notes		      : (multiple lines)

7.   Collocation Information  

7.1  Instrumentation Type     : TIDE GAUCHE
	Status		      : PERMANENT
	Effective Dates	      : (CCYY-MM-DD/CCYY-MM-DD)
	Notes		      : (multiple lines)


7.x  Instrumentation Type     : (GPS/GLONASS/DORIS/PRARE/SLR/VLBI/TIME/etc)
       Status                 : (PERMANENT/MOBILE)
       Effective Dates        : (CCYY-MM-DD/CCYY-MM-DD)
       Notes                  : (multiple lines)

8.   Meteorological Instrumentation

8.1.x Humidity Sensor Model   : 
       Manufacturer	      : 
       Serial Number	      : 
       Data Sampling Interval : (sec) 
       Accuracy (% rel h)     : (% rel h)
       Aspiration	      : (UNASPIRATED/NATURAL/FAN/etc)
       Height Diff to Ant     : (m)
       Calibration date	      : (CCYY-MM-DD)
       Effective Dates	      : (CCYY-MM-DD/CCYY-MM-DD)
       Notes		      : (multiple lines)


8.2.x Pressure Sensor Model   : 
       Manufacturer	      : 
       Serial Number	      : 
       Data Sampling Interval : (sec) 
       Accuracy		      : (hPa)
       Height Diff to Ant     : (m)
       Calibration date	      : (CCYY-MM-DD)
       Effective Dates	      : (CCYY-MM-DD/CCYY-MM-DD)
       Notes		      : (multiple lines)


8.3.x Temp. Sensor Model      : 
       Manufacturer	      : 
       Serial Number	      : 
       Data Sampling Interval : (sec) 
       Accuracy		      : (deg C)
       Aspiration	      : (UNASPIRATED/NATURAL/FAN/etc)
       Height Diff to Ant     : (m)
       Calibration date	      : (CCYY-MM-DD)
       Effective Dates	      : (CCYY-MM-DD/CCYY-MM-DD)
       Notes		      : (multiple lines)

8.4.x Water Vapor Radiometer  : 
       Manufacturer	      : 
       Serial Number	      : 
       Distance to Antenna    : (m)
       Height Diff to Ant     : (m)
       Calibration date	      : (CCYY-MM-DD)
       Effective Dates	      : (CCYY-MM-DD/CCYY-MM-DD)
       Notes		      : (multiple lines)

8.5.x Other Instrumentation   : (multiple lines)

9.  Local Ongoing Conditions Possibly Affecting Computed Position	: 

9.1.x Radio Interferences     : (TV/CELL PHONE ANTENNA/RADAR/etc)
       Observed Degradations  : (SN RATIO/DATA GAPS/etc) 
       Effective Dates	      : (CCYY-MM-DD/CCYY-MM-DD)
       Additional Information : (multiple lines)

9.2.x Multipath Sources	      : (METAL ROOF/DOME/VLBI ANTENNA/etc)
       Effective Dates	      : (CCYY-MM-DD/CCYY-MM-DD)
       Additional Information : (multiple lines)

9.3.x Signal Obstructions     : (TREES/BUILDLINGS/etc)
       Effective Dates	      : (CCYY-MM-DD/CCYY-MM-DD)
       Additional Information : (multiple lines)

10.  Local Episodic Effects Possibly Affecting Data Quality

10.x Date		      : (CCYY-MM-DD/CCYY-MM-DD)
     Event		      : (TREE CLEARING/CONSTRUCTION/etc)

11.  On-Site, Point of Contact Agency Information

     Agency		      : 
     Preferred Abbreviation   : (A10)
     Mailing Address	      : (multiple lines)
     Primary Contact
       Contact Name	      : 
       Telephone Primary)     : 
       Telephone (secondary)  : 
       Fax		      : 
       E-mail		      : 
     Secondary Contact
       Contact Name	      : 
       Telephone (primary)    : 
       Telephone (secondary)  : 
       Fax		      : 
       E-mail		      : 
     Additional Information   : (multiple lines)

12.  Responsible Agency (if different from 11.)

     Agency		      : Norwegian Mapping Authority
     Preferred Abbreviation   : NMA
     Mailing Address	      : Serviceboks 15
			        N-3504 Hønefoss
     Primary Contact
       Contact Name	      : Svein Ola Thorsen
       Telephone (primary)    : +47 32 11 83 60
       Telephone (secondary)  : 
       Fax		      : +47 32 11 81 01
       E-mail		      : svein.ola.thorsen@statkart.no
     Secondary Contact
       Contact Name	      : Rune Ivar Hanssen
       Telephone (primary)    : +47 32 11 82 49
       Telephone (secondary)  : +47 905 53 858
       Fax		      : +47 32 11 81 01
       E-mail		      : rune.hanssen@statkart.no
     Additional Information   : (multiple lines)

13.  More Information

     Primary Data Center      :GD2, NMA
     Secondary Data Center    :
     URL for More Information : 
     Hardcopy on File
       Site Map		      : (Y or URL)
       Site Diagram	      : (Y or URL)
       Horizon Mask	      : (Y or URL)
       Monument Description   : (Y or URL)
       Site Pictures	      : (Y or URL)
     Additional Information   : (multiple lines)
     Antenna Graphics with Dimensions
	(insert text graphic from file antenna.gra)


 
