
     TID100AUS Site Information Form (site log)
     International GNSS Service
     See Instructions at:
       ftp://igs.org/pub/station/general/sitelog_instr.txt

0.   Form

     Prepared by (full name)  : brandon.owen@ga.gov.au
     Date Prepared            : 2020-11-02
     Report Type              : UPDATE
     If Update:
      Previous Site Log       : (ssss_ccyymmdd.log)
      Modified/Added Sections : (n.n,n.n,...)


1.   Site Identification of the GNSS Monument

     Site Name                : Tidbinbilla (Canberra)
     Four Character ID        : TID1
     Monument Inscription     : TIDBINBILLA SPC40
     IERS DOMES Number        : 50103M108
     CDP Number               : NONE
     Monument Description     : PILLAR
       Height of the Monument : 1.0 m
       Monument Foundation    : CONCRETE PILLAR
       Foundation Depth       : 5.0 m
     Marker Description       : Stainless Steel Plate
     Date Installed           : 1992-05-01T00:00Z
     Geologic Characteristic  : 
       Bedrock Type           : 
       Bedrock Condition      : 
       Fracture Spacing       : 
       Fault zones nearby     : 
         Distance/activity    : 
     Additional Information   : (multiple lines) AU017 is the unique national
                              : identifier for the drill hole in the centre of a
                              : small triangle in the top centre of the pillar
                              : plate.  The GPS antenna is set over this mark
                              : The ROGUE Antenna was first mounted on a
                              : 25-meter, un-guided, microwave tower. On
                              : 92/02/02 the GPS antenna was moved from the
                              : tower to the current location monument #4002-S.
                              : Antenna is shared by site TIDB and TID2


2.   Site Location Information

     City or Town             : Canberra
     State or Province        : Australian Capital Territory (ACT)
     Country                  : Australia
     Tectonic Plate           : AUSTRALIAN
     Approximate Position (ITRF)
       X coordinate (m)       : -4460996.069
       Y coordinate (m)       : 2682557.144
       Z coordinate (m)       : -3674443.875
       Latitude (N is +)      : -352357.16
       Longitude (E is +)     : +1485847.98
       Elevation (m,ellips.)  : 665.4
     Additional Information   : Located at the Canberra Deep Space
                              : Communications Complex (CDSCC), Tidbinbilla
                              : Latitude and Longitude derived from Table 6
                              : "ITRF94 Class B Station Coordinates at Epoch
                              : 1993.0"


3.   GNSS Receiver Information

3.1  Receiver Type            : ROGUE SNR-12 RM
     Satellite System         : GPS
     Serial Number            : 206
     Firmware Version         : 3.2
     Elevation Cutoff Setting : 0 deg
     Date Installed           : 1996-07-01T00:00Z
     Date Removed             : 1999-08-20T01:00Z
     Temperature Stabiliz.    : none
     Additional Information   : 

3.2  Receiver Type            : ROGUE SNR-12 RM
     Satellite System         : GPS
     Serial Number            : 206
     Firmware Version         : 3.2.32.9
     Elevation Cutoff Setting : 0 deg
     Date Installed           : 1999-08-20T01:00Z
     Date Removed             : 1999-09-29T23:00Z
     Temperature Stabiliz.    : none
     Additional Information   : 

3.3  Receiver Type            : AOA ICS-4000Z ACT
     Satellite System         : GPS
     Serial Number            : C116U
     Firmware Version         : 3.3.32.3
     Elevation Cutoff Setting : 0 deg
     Date Installed           : 2000-03-29T02:15Z
     Date Removed             : 2005-01-24T00:00Z
     Temperature Stabiliz.    : none
     Additional Information   : 

3.4  Receiver Type            : AOA ICS-4000Z ACT
     Satellite System         : GPS
     Serial Number            : C117U
     Firmware Version         : 3.3.32.4
     Elevation Cutoff Setting : 0 deg
     Date Installed           : 2005-01-24T00:00Z
     Date Removed             : 2005-06-19T23:59Z
     Temperature Stabiliz.    : none
     Additional Information   : 

3.5  Receiver Type            : ASHTECH UZ-12
     Satellite System         : GPS
     Serial Number            : 50014
     Firmware Version         : CN00
     Elevation Cutoff Setting : 0 deg
     Date Installed           : 2005-06-20T00:00Z
     Date Removed             : 2009-04-28T23:59Z
     Temperature Stabiliz.    : none
     Additional Information   : 

3.6  Receiver Type            : TRIMBLE NETR8
     Satellite System         : GPS+GLO
     Serial Number            : 4843K33421
     Firmware Version         : 3.80
     Elevation Cutoff Setting : 0 deg
     Date Installed           : 2009-04-29T00:00Z
     Date Removed             : 2012-01-18T00:00Z
     Temperature Stabiliz.    : none
     Additional Information   : 

3.7  Receiver Type            : TRIMBLE NETR8
     Satellite System         : GPS+GLO
     Serial Number            : 4843K33421
     Firmware Version         : 4.43
     Elevation Cutoff Setting : 0 deg
     Date Installed           : 2012-01-18T00:00Z
     Date Removed             : 2014-11-21T00:00Z
     Temperature Stabiliz.    : none
     Additional Information   : 

3.8  Receiver Type            : TRIMBLE NETR8
     Satellite System         : GPS+GLO
     Serial Number            : 4843K33421
     Firmware Version         : 4.87
     Elevation Cutoff Setting : 0 deg
     Date Installed           : 2014-11-24T00:00Z
     Date Removed             : 2017-05-04T00:00Z
     Temperature Stabiliz.    : none
     Additional Information   : 

3.9  Receiver Type            : SEPT POLARX5
     Satellite System         : GPS+GLO+GAL+BDS+QZSS
     Serial Number            : 3012244
     Firmware Version         : 5.1.1
     Elevation Cutoff Setting : 0 deg
     Date Installed           : 2017-05-04T00:00Z
     Date Removed             : 2018-11-21T03:30Z
     Temperature Stabiliz.    : none
     Additional Information   : 

3.10 Receiver Type            : SEPT POLARX5
     Satellite System         : GPS+GLO+GAL+BDS+QZSS
     Serial Number            : 3012244
     Firmware Version         : 5.2.0
     Elevation Cutoff Setting : 0 deg
     Date Installed           : 2018-11-21T03:32Z
     Date Removed             : 2020-03-02T02:47Z
     Temperature Stabiliz.    : none
     Additional Information   : Firmware upgrade only

3.11 Receiver Type            : SEPT POLARX5
     Satellite System         : GPS+GLO+GAL+BDS+QZSS
     Serial Number            : 3012244
     Firmware Version         : 5.3.2
     Elevation Cutoff Setting : 0 deg
     Date Installed           : 2020-03-02T02:47Z
     Date Removed             : CCYY-MM-DDThh:mmZ
     Temperature Stabiliz.    : none
     Additional Information   : Firmware Upgrade Only

3.x  Receiver Type            : (A20, from rcvr_ant.tab; see instructions)
     Satellite System         : (GPS+GLO+GAL+BDS+QZSS+SBAS)
     Serial Number            : (A20, but note the first A5 is used in SINEX)
     Firmware Version         : (A11)
     Elevation Cutoff Setting : (deg)
     Date Installed           : (CCYY-MM-DDThh:mmZ)
     Date Removed             : (CCYY-MM-DDThh:mmZ)
     Temperature Stabiliz.    : (none or tolerance in degrees C)
     Additional Information   : (multiple lines)


4.   GNSS Antenna Information

4.1  Antenna Type             : AOAD/M_T        JPLA
     Serial Number            : 402
     Antenna Reference Point  : BPA
     Marker->ARP Up Ecc. (m)  : 000.0614
     Marker->ARP North Ecc(m) : 000.0000
     Marker->ARP East Ecc(m)  : 000.0000
     Alignment from True N    : 0 deg
     Antenna Radome Type      : JPLA
     Radome Serial Number     : 
     Antenna Cable Type       : 
     Antenna Cable Length     : 
     Date Installed           : 1996-06-26T00:00Z
     Date Removed             : 2004-12-12T00:00Z
     Additional Information   : 

4.2  Antenna Type             : AOAD/M_T        JPLA
     Serial Number            : 205
     Antenna Reference Point  : BPA
     Marker->ARP Up Ecc. (m)  : 000.0614
     Marker->ARP North Ecc(m) : 000.0000
     Marker->ARP East Ecc(m)  : 000.0000
     Alignment from True N    : 0 deg
     Antenna Radome Type      : JPLA
     Radome Serial Number     : 
     Antenna Cable Type       : 
     Antenna Cable Length     : 
     Date Installed           : 2004-12-12T00:00Z
     Date Removed             : 2016-03-23T23:59Z
     Additional Information   : The antenna splitter was changed to a 12V DC
                              : LCDBS1X4 at 2009-09-21T22:50Z.

4.3  Antenna Type             : AOAD/M_T        NONE
     Serial Number            : 205
     Antenna Reference Point  : BPA
     Marker->ARP Up Ecc. (m)  : 000.0614
     Marker->ARP North Ecc(m) : 000.0000
     Marker->ARP East Ecc(m)  : 000.0000
     Alignment from True N    : 0 deg
     Antenna Radome Type      : NONE
     Radome Serial Number     : 
     Antenna Cable Type       : 
     Antenna Cable Length     : 
     Date Installed           : 2016-03-24T00:00Z
     Date Removed             : 2016-08-04T01:00Z
     Additional Information   : Radome removed.

4.4  Antenna Type             : AOAD/M_T        NONE
     Serial Number            : 402
     Antenna Reference Point  : BPA
     Marker->ARP Up Ecc. (m)  : 000.0614
     Marker->ARP North Ecc(m) : 000.0000
     Marker->ARP East Ecc(m)  : 000.0000
     Alignment from True N    : 0 deg
     Antenna Radome Type      : NONE
     Radome Serial Number     : 
     Antenna Cable Type       : 
     Antenna Cable Length     : 
     Date Installed           : 2016-08-04T01:00Z
     Date Removed             : CCYY-MM-DDThh:mmZ
     Additional Information   : 

4.x  Antenna Type             : (A20, from rcvr_ant.tab; see instructions)
     Serial Number            : (A*, but note the first A5 is used in SINEX)
     Antenna Reference Point  : (BPA/BCR/XXX from "antenna.gra"; see instr.)
     Marker->ARP Up Ecc. (m)  : (F8.4)
     Marker->ARP North Ecc(m) : (F8.4)
     Marker->ARP East Ecc(m)  : (F8.4)
     Alignment from True N    : (deg; + is clockwise/east)
     Antenna Radome Type      : (A4 from rcvr_ant.tab; see instructions)
     Radome Serial Number     : 
     Antenna Cable Type       : (vendor & type number)
     Antenna Cable Length     : (m)
     Date Installed           : (CCYY-MM-DDThh:mmZ)
     Date Removed             : (CCYY-MM-DDThh:mmZ)
     Additional Information   : (multiple lines)


5.   Surveyed Local Ties

5.1  Tied Marker Name         : TIDB (AU017)
     Tied Marker Usage        : 
     Tied Marker CDP Number   : 
     Tied Marker DOMES Number : 50103M108
     Differential Components from GNSS Marker to the tied monument (ITRS)
       dx (m)                 : 0.0
       dy (m)                 : 0.0
       dz (m)                 : 0.0
     Accuracy (mm)            : 
     Survey method            : 
     Date Measured            : 1992-05-12T00:00Z
     Additional Information   : Main GPS mark

5.2  Tied Marker Name         : Ant Ref Pt
     Tied Marker Usage        : 
     Tied Marker CDP Number   : 
     Tied Marker DOMES Number : 50103S017
     Differential Components from GNSS Marker to the tied monument (ITRS)
       dx (m)                 : -0.064
       dy (m)                 : 0.038
       dz (m)                 : -0.054
     Accuracy (mm)            : 1.0 mm
     Survey method            : 
     Date Measured            : 1992-05-12T00:00Z
     Additional Information   : GPS antenna no longer exists

5.3  Tied Marker Name         : DSS45
     Tied Marker Usage        : 
     Tied Marker CDP Number   : 1642
     Tied Marker DOMES Number : 50103S010
     Differential Components from GNSS Marker to the tied monument (ITRS)
       dx (m)                 : 60.781
       dy (m)                 : 208.581
       dz (m)                 : 62.538
     Accuracy (mm)            : 5.0 mm
     Survey method            : 
     Date Measured            : 1992-05-12T00:00Z
     Additional Information   : CDP number changed from 1545 to 1642 in this
                              : document following recommendation in mail from
                              : Carey Noll (05-NOV-93, WG)

5.4  Tied Marker Name         : NM/C/194
     Tied Marker Usage        : 
     Tied Marker CDP Number   : 
     Tied Marker DOMES Number : 50103M109
     Differential Components from GNSS Marker to the tied monument (ITRS)
       dx (m)                 : -19.324
       dy (m)                 : 162.65
       dz (m)                 : 145.19
     Accuracy (mm)            : 5.0 mm
     Survey method            : 
     Date Measured            : 1992-05-12T00:00Z
     Additional Information   : Domes number according to (Altamimi,

5.x  Tied Marker Name         : 
     Tied Marker Usage        : (SLR/VLBI/LOCAL CONTROL/FOOTPRINT/etc)
     Tied Marker CDP Number   : (A4)
     Tied Marker DOMES Number : (A9)
     Differential Components from GNSS Marker to the tied monument (ITRS)
       dx (m)                 : (m)
       dy (m)                 : (m)
       dz (m)                 : (m)
     Accuracy (mm)            : (mm)
     Survey method            : (GPS CAMPAIGN/TRILATERATION/TRIANGULATION/etc)
     Date Measured            : (CCYY-MM-DDThh:mmZ)
     Additional Information   : (multiple lines)


6.   Frequency Standard

6.1  Standard Type            : EXTERNAL H-MASER
       Input Frequency        : 5 MHz
       Effective Dates        : 1996-07-01/2009-03-28
       Notes                  : 

6.2  Standard Type            : EXTERNAL H-MASER
       Input Frequency        : 10 MHz
       Effective Dates        : 2009-09-22/CCYY-MM-DD
       Notes                  : 

6.x  Standard Type            : (INTERNAL or EXTERNAL H-MASER/CESIUM/etc)
       Input Frequency        : (if external)
       Effective Dates        : (CCYY-MM-DD/CCYY-MM-DD)
       Notes                  : (multiple lines)


7.   Collocation Information

7.1  Instrumentation Type     : VLBI
       Status                 : PERMANENT
       Effective Dates        : 1992-01-01/CCYY-MM-DD
       Notes                  : DSN (P) NBS/GPS Time Transfer Receiver (P)

7.x  Instrumentation Type     : (GPS/GLONASS/DORIS/PRARE/SLR/VLBI/TIME/etc)
       Status                 : (PERMANENT/MOBILE)
       Effective Dates        : (CCYY-MM-DD/CCYY-MM-DD)
       Notes                  : (multiple lines)


8.   Meteorological Instrumentation

8.1.x  Humidity Sensor Model  : 
       Manufacturer           : 
       Serial Number          : 
       Data Sampling Interval : (sec)
       Accuracy (% rel h)     : (% rel h)
       Aspiration             : (UNASPIRATED/NATURAL/FAN/etc)
       Height Diff to Ant     : (m)
       Calibration date       : (CCYY-MM-DD)
       Effective Dates        : (CCYY-MM-DD/CCYY-MM-DD)
       Notes                  : (multiple lines)

8.2.x  Pressure Sensor Model  : 
       Manufacturer           : 
       Serial Number          : 
       Data Sampling Interval : (sec)
       Accuracy               : (hPa)
       Height Diff to Ant     : (m)
       Calibration date       : (CCYY-MM-DD)
       Effective Dates        : (CCYY-MM-DD/CCYY-MM-DD)
       Notes                  : (multiple lines)

8.3.x  Temp. Sensor Model     : 
       Manufacturer           : 
       Serial Number          : 
       Data Sampling Interval : (sec)
       Accuracy               : (deg C)
       Aspiration             : (UNASPIRATED/NATURAL/FAN/etc)
       Height Diff to Ant     : (m)
       Calibration date       : (CCYY-MM-DD)
       Effective Dates        : (CCYY-MM-DD/CCYY-MM-DD)
       Notes                  : (multiple lines)

8.4.x  Water Vapor Radiometer : 
       Manufacturer           : 
       Serial Number          : 
       Distance to Antenna    : (m)
       Height Diff to Ant     : (m)
       Calibration date       : (CCYY-MM-DD)
       Effective Dates        : (CCYY-MM-DD/CCYY-MM-DD)
       Notes                  : (multiple lines)

8.5.x  Other Instrumentation  : (multiple lines)


9.   Local Ongoing Conditions Possibly Affecting Computed Position

9.1.x  Radio Interferences    : (TV/CELL PHONE ANTENNA/RADAR/etc)
       Observed Degradations  : (SN RATIO/DATA GAPS/etc)
       Effective Dates        : (CCYY-MM-DD/CCYY-MM-DD)
       Additional Information : (multiple lines)

9.2.x  Multipath Sources      : (METAL ROOF/DOME/VLBI ANTENNA/etc)
       Effective Dates        : (CCYY-MM-DD/CCYY-MM-DD)
       Additional Information : (multiple lines)

9.3.x  Signal Obstructions    : (TREES/BUILDINGS/etc)
       Effective Dates        : (CCYY-MM-DD/CCYY-MM-DD)
       Additional Information : (multiple lines)


10.  Local Episodic Effects Possibly Affecting Data Quality

10.x Date                     : (CCYY-MM-DD/CCYY-MM-DD)
     Event                    : (TREE CLEARING/CONSTRUCTION/etc)

11.  On-Site, Point of Contact Agency Information

     Agency                   : Geoscience Australia
     Preferred Abbreviation   : 
     Mailing Address          : GPO Box 378
                              : Canberra  ACT  2601
                              : AUSTRALIA
     Primary Contact
       Contact Name           : Ryan Ruddick
       Telephone (primary)    : +61 2 6249 9426
       Telephone (secondary)  : +61 2 6249 9111
       Fax                    : 
       E-mail                 : geodesy@ga.gov.au
     Secondary Contact
       Contact Name           : Nicholas Brown
       Telephone (primary)    : +61 2 6249 9831
       Telephone (secondary)  : +61 2 6249 9111
       Fax                    : 
       E-mail                 : geodesy@ga.gov.au
     Additional Information   : 


12.  Responsible Agency (if different from 11.)

     Agency                   : Geoscience Australia
     Preferred Abbreviation   : 
     Mailing Address          : GPO Box 378
                              : Canberra  ACT  2601
                              : AUSTRALIA
     Primary Contact
       Contact Name           : Ryan Ruddick
       Telephone (primary)    : +61 2 6249 9426
       Telephone (secondary)  : +61 2 6249 9111
       Fax                    : 
       E-mail                 : geodesy@ga.gov.au
     Secondary Contact
       Contact Name           : 
       Telephone (primary)    : 
       Telephone (secondary)  : 
       Fax                    : 
       E-mail                 : 
     Additional Information   : 

13.  More Information

     Primary Data Center      : GA
     Secondary Data Center    : CDDIS
     URL for More Information : http://www.ga.gov.au
     Hardcopy on File
       Site Map               : Y
       Site Diagram           : Y
       Horizon Mask           : Y
       Monument Description   : Y
       Site Pictures          : Y
     Additional Information   : 
     Antenna Graphics with Dimensions

     (insert text graphic from file antenna.gra)



