     TOIL Site Information Form (site log)
     International GNSS Service
     See Instructions at:
       ftp://igscb.jpl.nasa.gov/pub/station/general/sitelog_instr.txt


0.   Form

     Prepared by (full name)  : Ahti Bloom
     Date Prepared            : 2015-11-05
     Report Type              : UPDATE
     If Update:
      Previous Site Log       : toil_20150609.log
      Modified/Added Sections : 3.10, 3.11


1.   Site Identification of the GNSS Monument

     Site Name                : Toila
     Four Character ID        : TOIL
     Monument Inscription     : 
     IERS DOMES Number        : 10605S001
     CDP Number               : (A4)
     Monument Description     : wall of the viewing platform of 4-floor building
       Height of the Monument : (m)
       Monument Foundation    : ROOF
       Foundation Depth       : (m)
     Marker Description       : (CHISELLED CROSS/DIVOT/BRASS NAIL/etc)
     Date Installed           : 2007-11-22T10:45Z
     Geologic Characteristic  : LIMESTONE
       Bedrock Type           : SEDIMENTARY
       Bedrock Condition      : JOINTED
       Fracture Spacing       : 1-10 cm
       Fault zones nearby     : NO
         Distance/activity    : (multiple lines)
     Additional Information   : Antenna is mounted on the pillar, which is
                              : placed at the wall of the viewing platform
                              : on the top of the 4-floor hause.
                              : Mounting device consists of pillar, plate
                              : and two triangle plates connected with three
                              : bolts; antenna is mounted to the
                              : top of the pillar directly by the bolt.
                              : The description of the mounting construction
                              : is following:
                              : The description of the mounting device
                              : construction is following:
                              : The plate (800 * 800 * 5 mm) is bolted to
                              : the wall with boltes at the four corners
                              : of the plate. The zinked tube-pillar
                              : (diameter 110 mm, wall 3 mm) with height
                              : of 2 m and it consists of two parts.
                              : To the one end of the tubes is braced the
                              : triangle-plate, which has three holes for
                              : adjusting bolts. Lower part of the tube
                              : is brazed to the plate, its height is about
                              : 1.2 m. Higher part has the height of 0.6 m,
                              : it is connected to the lower part with two
                              : triangle plates, which are connected to
                              : each other and adjusted with three bolts.


2.   Site Location Information

     City or Town             : Toila
     State or Province        : Ida-Virumaa
     Country                  : Estonia
     Tectonic Plate           : EURASIAN
     Approximate Position (ITRF)
       X coordinate (m)       : 2884257.554
       Y coordinate (m)       : 1503793.875
       Z coordinate (m)       : 5468067.728
       Latitude (N is +)      : +592519.33
       Longitude (E is +)     : +0273211.87
       Elevation (m,ellips.)  :    76.6
     Additional Information   : (multiple lines)


3.   GNSS Receiver Information

3.1  Receiver Type            : LEICA GRX1200GGPRO
     Satellite System         : GPS+GLO
     Serial Number            : 355265
     Firmware Version         : 5.50/3.014
     Elevation Cutoff Setting : 0 deg
     Date Installed           : 2007-11-22T10:45Z
     Date Removed             : 2009-06-11T06:36Z
     Temperature Stabiliz.    : (deg C) +/- (deg C)
     Additional Information   : (multiple lines)

3.2  Receiver Type            : LEICA GRX1200GGPRO
     Satellite System         : GPS+GLO
     Serial Number            : 355265
     Firmware Version         : 7.50/3.014
     Elevation Cutoff Setting : 0 deg
     Date Installed           : 2009-06-11T06:36Z
     Date Removed             : 2009-06-17T12:11Z
     Temperature Stabiliz.    : (deg C) +/- (deg C)
     Additional Information   : (multiple lines)

3.3  Receiver Type            : LEICA GRX1200GGPRO
     Satellite System         : GPS+GLO
     Serial Number            : 355265
     Firmware Version         : 7.50/3.017
     Elevation Cutoff Setting : 0 deg
     Date Installed           : 2009-06-17T12:11Z
     Date Removed             : 2010-05-04T08:59Z
     Temperature Stabiliz.    : (deg C) +/- (deg C)
     Additional Information   : (multiple lines)

3.4  Receiver Type            : LEICA GRX1200GGPRO
     Satellite System         : GPS+GLO
     Serial Number            : 355265
     Firmware Version         : 7.50/3.019
     Elevation Cutoff Setting : 0 deg
     Date Installed           : 2010-05-04T09:32Z
     Date Removed             : 2010-07-08T15:00Z
     Temperature Stabiliz.    : (deg C) +/- (deg C)
     Additional Information   : (multiple lines)

3.5  Receiver Type            : LEICA GRX1200GGPRO
     Satellite System         : GPS+GLO
     Serial Number            : 355265
     Firmware Version         : 8.00/3.019
     Elevation Cutoff Setting : 0 deg
     Date Installed           : 2010-07-08T15:40Z
     Date Removed             : 2011-03-29T07:00Z
     Temperature Stabiliz.    : (deg C) +/- (deg C)
     Additional Information   : (multiple lines)

3.6  Receiver Type            : LEICA GRX1200GGPRO
     Satellite System         : GPS+GLO
     Serial Number            : 355265
     Firmware Version         : 8.10/3.019
     Elevation Cutoff Setting : 0 deg
     Date Installed           : 2011-03-29T07:46Z
     Date Removed             : 2011-10-06T08:43Z
     Temperature Stabiliz.    : (deg C) +/- (deg C)
     Additional Information   : (multiple lines)

3.7  Receiver Type            : LEICA GRX1200GGPRO
     Satellite System         : GPS+GLO
     Serial Number            : 355265
     Firmware Version         : 8.20/3.019
     Elevation Cutoff Setting : 0 deg
     Date Installed           : 2011-10-06T08:43Z
     Date Removed             : 2011-11-17T09:03Z
     Temperature Stabiliz.    : (deg C) +/- (deg C)
     Additional Information   : (multiple lines)

3.8  Receiver Type            : LEICA GRX1200GGPRO
     Satellite System         : GPS+GLO
     Serial Number            : 355265
     Firmware Version         : 8.20/3.053
     Elevation Cutoff Setting : 0 deg
     Date Installed           : 2011-11-17T09:03Z
     Date Removed             : 2013-05-20T10:37Z
     Temperature Stabiliz.    : (deg C) +/- (deg C)
     Additional Information   : (multiple lines)

3.9  Receiver Type            : LEICA GRX1200GGPRO
     Satellite System         : GPS+GLO
     Serial Number            : 355265
     Firmware Version         : 8.71/3.822
     Elevation Cutoff Setting : 0 deg
     Date Installed           : 2013-05-20T10:37Z
     Date Removed             : 2015-06-09T09:00Z
     Temperature Stabiliz.    : (deg C) +/- (deg C)
     Additional Information   : (multiple lines)

3.10 Receiver Type            : LEICA GR25
     Satellite System         : GPS+GLO
     Serial Number            : 1831303
     Firmware Version         : 3.11.1639/6.403
     Elevation Cutoff Setting : 0 deg
     Date Installed           : 2015-06-09T10:11Z
     Date Removed             : 2015-11-04T22:12Z
     Temperature Stabiliz.    : (deg C) +/- (deg C)
     Additional Information   : (multiple lines)

3.11 Receiver Type            : LEICA GR25
     Satellite System         : GPS+GLO
     Serial Number            : 1831303
     Firmware Version         : 3.22/6.521
     Elevation Cutoff Setting : 0 deg
     Date Installed           : 2015-11-04T22:12Z
     Date Removed             : CCYY-MM-DDThh:mmZ
     Temperature Stabiliz.    : (deg C) +/- (deg C)
     Additional Information   : (multiple lines)

3.x  Receiver Type            : (A20, from rcvr_ant.tab; see instructions)
     Satellite System         : (GPS+GLO+GAL+BDS+QZSS+SBAS)
     Serial Number            : (A20, but note the first A5 is used in SINEX)
     Firmware Version         : (A11)
     Elevation Cutoff Setting : (deg)
     Date Installed           : (CCYY-MM-DDThh:mmZ)
     Date Removed             : (CCYY-MM-DDThh:mmZ)
     Temperature Stabiliz.    : (none or tolerance in degrees C)
     Additional Information   : (multiple lines)


4.   GNSS Antenna Information

4.1  Antenna Type             : LEIAT504GG      LEIS
     Serial Number            : 200461
     Antenna Reference Point  : BPA
     Marker->ARP Up Ecc. (m)  :   0.0000
     Marker->ARP North Ecc(m) :   0.0000
     Marker->ARP East Ecc(m)  :   0.0000
     Alignment from True N    : 0 deg
     Antenna Radome Type      : LEIS
     Radome Serial Number     : NONE
     Antenna Cable Type       : Leica 632390
     Antenna Cable Length     : 30 m
     Date Installed           : 2007-11-22T10:45Z
     Date Removed             : CCYY-MM-DDThh:mmZ
     Additional Information   : (multiple lines)

4.x  Antenna Type             : (A20, from rcvr_ant.tab; see instructions)
     Serial Number            : (A*, but note the first A5 is used in SINEX)
     Antenna Reference Point  : (BPA/BCR/XXX from "antenna.gra"; see instr.)
     Marker->ARP Up Ecc. (m)  : (F8.4)
     Marker->ARP North Ecc(m) : (F8.4)
     Marker->ARP East Ecc(m)  : (F8.4)
     Alignment from True N    : (deg; + is clockwise/east)
     Antenna Radome Type      : (A4 from rcvr_ant.tab; see instructions)
     Radome Serial Number     : 
     Antenna Cable Type       : (vendor & type number)
     Antenna Cable Length     : (m)
     Date Installed           : (CCYY-MM-DDThh:mmZ)
     Date Removed             : (CCYY-MM-DDThh:mmZ)
     Additional Information   : (multiple lines)


5.   Surveyed Local Ties

5.x  Tied Marker Name         : 
     Tied Marker Usage        : (SLR/VLBI/LOCAL CONTROL/FOOTPRINT/etc)
     Tied Marker CDP Number   : (A4)
     Tied Marker DOMES Number : (A9)
     Differential Components from GNSS Marker to the tied monument (ITRS)
       dx (m)                 : (m)
       dy (m)                 : (m)
       dz (m)                 : (m)
     Accuracy (mm)            : (mm)
     Survey method            : (GPS CAMPAIGN/TRILATERATION/TRIANGULATION/etc)
     Date Measured            : (CCYY-MM-DDThh:mmZ)
     Additional Information   : (multiple lines)


6.   Frequency Standard

6.1  Standard Type            : INTERNAL 
       Input Frequency        : (if external)
       Effective Dates        : 2007-11-22/CCYY-MM-DD
       Notes                  : (multiple lines)

6.x  Standard Type            : (INTERNAL or EXTERNAL H-MASER/CESIUM/etc)
       Input Frequency        : (if external)
       Effective Dates        : (CCYY-MM-DD/CCYY-MM-DD)
       Notes                  : (multiple lines)


7.   Collocation Information

7.x  Instrumentation Type     : (GPS/GLONASS/DORIS/PRARE/SLR/VLBI/TIME/etc)
       Status                 : (PERMANENT/MOBILE)
       Effective Dates        : (CCYY-MM-DD/CCYY-MM-DD)
       Notes                  : (multiple lines)


8.   Meteorological Instrumentation

8.1.x  Humidity Sensor Model  : 
       Manufacturer           : 
       Serial Number          : 
       Data Sampling Interval : (sec)
       Accuracy (% rel h)     : (% rel h)
       Aspiration             : (UNASPIRATED/NATURAL/FAN/etc)
       Height Diff to Ant     : (m)
       Calibration date       : (CCYY-MM-DD)
       Effective Dates        : (CCYY-MM-DD/CCYY-MM-DD)
       Notes                  : (multiple lines)

8.2.x  Pressure Sensor Model  : 
       Manufacturer           : 
       Serial Number          : 
       Data Sampling Interval : (sec)
       Accuracy               : (hPa)
       Height Diff to Ant     : (m)
       Calibration date       : (CCYY-MM-DD)
       Effective Dates        : (CCYY-MM-DD/CCYY-MM-DD)
       Notes                  : (multiple lines)

8.3.x  Temp. Sensor Model     : 
       Manufacturer           : 
       Serial Number          : 
       Data Sampling Interval : (sec)
       Accuracy               : (deg C)
       Aspiration             : (UNASPIRATED/NATURAL/FAN/etc)
       Height Diff to Ant     : (m)
       Calibration date       : (CCYY-MM-DD)
       Effective Dates        : (CCYY-MM-DD/CCYY-MM-DD)
       Notes                  : (multiple lines)

8.4.x  Water Vapor Radiometer : 
       Manufacturer           : 
       Serial Number          : 
       Distance to Antenna    : (m)
       Height Diff to Ant     : (m)
       Calibration date       : (CCYY-MM-DD)
       Effective Dates        : (CCYY-MM-DD/CCYY-MM-DD)
       Notes                  : (multiple lines)

8.5.x  Other Instrumentation  : (multiple lines)


9.   Local Ongoing Conditions Possibly Affecting Computed Position

9.1.x  Radio Interferences    : (TV/CELL PHONE ANTENNA/RADAR/etc)
       Observed Degradations  : (SN RATIO/DATA GAPS/etc)
       Effective Dates        : (CCYY-MM-DD/CCYY-MM-DD)
       Additional Information : (multiple lines)

9.2.x  Multipath Sources      : (METAL ROOF/DOME/VLBI ANTENNA/etc)
       Effective Dates        : (CCYY-MM-DD/CCYY-MM-DD)
       Additional Information : (multiple lines)

9.3.x  Signal Obstructions    : (TREES/BUILDINGS/etc)
       Effective Dates        : (CCYY-MM-DD/CCYY-MM-DD)
       Additional Information : (multiple lines)


10.  Local Episodic Effects Possibly Affecting Data Quality

10.x  Date                    : (CCYY-MM-DD/CCYY-MM-DD)
      Event                   : (TREE CLEARING/CONSTRUCTION/etc)


11.  On-Site, Point of Contact Agency Information

     Agency                   : ESTONIAN LAND BOARD
     Preferred Abbreviation   : ELB
     Mailing Address          : Mustam?e tee 51
                              : 10602 Tallinn
                              : Estonia
     Primary Contact
       Contact Name           : Karin Kollo
       Telephone (primary)    : +372 66 50 674
       Telephone (secondary)  : 
       Fax                    : +372 66 50 604
       E-mail                 : karin.kollo@maaamet.ee
     Secondary Contact
       Contact Name           : T?nis Oja
       Telephone (primary)    : +372 66 50 669
       Telephone (secondary)  : 
       Fax                    : +372 66 50 604
       E-mail                 : tonis.oja@maaamet.ee
     Additional Information   : (multiple lines)


12.  Responsible Agency (if different from 11.)

     Agency                   : (multiple lines)
     Preferred Abbreviation   : (A10)
     Mailing Address          : (multiple lines)
     Primary Contact
       Contact Name           : 
       Telephone (primary)    : 
       Telephone (secondary)  : 
       Fax                    : 
       E-mail                 : 
     Secondary Contact
       Contact Name           : 
       Telephone (primary)    : 
       Telephone (secondary)  : 
       Fax                    : 
       E-mail                 : 
     Additional Information   : (multiple lines)


13.  More Information

     Primary Data Center      : BKGE
     Secondary Data Center    : OLG
     URL for More Information : 
     Hardcopy on File
       Site Map               : Y
       Site Diagram           : Y
       Horizon Mask           : Y
       Monument Description   : Y
       Site Pictures          : Y
     Additional Information   : (multiple lines)
     Antenna Graphics with Dimensions

LEIAT504GG

                         +-------+                          <-- 0.1393
                       /     +     \
                      |      +      |
    +-----------------+-------------+------------------+    <-- 0.1012 TCR
    |                                                  |
    |                                                  |
    |                                                  |
    |                                                  |
  +-+--------------------------------------------------+-+
  +-------------------+-------------+--------------------+  <-- 0.0345 BCR
                      |             |
                      |             |
                      +------x------+                       <-- 0.0 BPA=ARP
