     International GPS Service
     UACO Site Information Form
     See Instructions at:
       ftp://igscb.jpl.nasa.gov/pub/station/general/sitelog_instr.txt


0.   Form

     Prepared by (full name)  : Didier MICHEL-VILLAZ
     Date Prepared            : 2012-04-12
     Report Type              : UPDATE
     If Update:
      Previous Site Log       : uaco_20120308.log
      Modified/Added Sections : 3.1,3.2,3.3


1.  Site Identification of the GNSS Monument

     Site Name                : OUACO
     Four Character ID        : UACO
     Monument Inscription     : none
     IERS DOMES Number        : 92744M001
     CDP Number               :
     Monument Description     : STEEL MAST ON WALL OF MINING COMPAGNY SMSP
       Height of the Monument : 3 m
       Monument Foundation    : 
       Foundation Depth       :
     Marker Description       : 
     Date Installed           : 2010-01-25T00:00Z
     Geologic Characteristic  : 
       Bedrock Type           : 
       Bedrock Condition      : 
       Fracture Spacing       : 
       Fault zones nearby     : 
         Distance/activity    :
     Additional Information   : Local number 09-13a

2.   Site Location Information

     City or Town             : OUACO
     State or Province        : NEW CALEDONIA
     Country                  : FRANCE
     Tectonic Plate           : Indo-Australian
     Approximate Position (ITRF)
       X coordinate (m)       : -5745888.0166
       Y coordinate (m)       : 1596724.9523
       Z coordinate (m)       : -2254495.7869
       Latitude (N is +)      : -205010.64
       Longitude (E is +)     : +1642811.71
       Elevation (m,ellips.)  : 88.900
     Additional Information   : ITRF2000 (97.0) coordinates
                              : Alt :28.30 MSL


3.  GNSS Receiver Information

3.1  Receiver Type            : TRIMBLE NETRS
     Satellite System         : GPS
     Serial Number            : 4545260775
     Firmware Version         : Nav 1.2-0
     Elevation Cutoff Setting : 5
     Date Installed           : 2010-01-25T00:00Z
     Date Removed             : 2010-06-23T00:00Z
     Temperature Stabiliz.    : 
     Additional Information   : 

3.2  Receiver Type            : TRIMBLE NETRS
     Satellite System         : GPS
     Serial Number            : 4545260775
     Firmware Version         : Nav 1.3-0
     Elevation Cutoff Setting : 5
     Date Installed           : 2010-06-23T00:00Z
     Date Removed             : 2011-08-12T00:00Z
     Temperature Stabiliz.    : 
     Additional Information   : 

3.3  Receiver Type            : TRIMBLE NETRS
     Satellite System         : GPS
     Serial Number            : 4545260775
     Firmware Version         : Nav 1.3-1
     Elevation Cutoff Setting : 5
     Date Installed           : 2011-08-12T00:00Z
     Date Removed             : (CCYY-MM-DDThh:mmZ)
     Temperature Stabiliz.    : 
     Additional Information   : 


4.  GNSS Antenna Information

4.1  Antenna Type             : TRM41249.00
     Serial Number            : 60103928
     Antenna Reference Point  : BAM
     Marker->ARP Up Ecc. (m)  : 0.0000
     Marker->ARP North Ecc(m) : 0.0000
     Marker->ARP East Ecc(m)  : 0.0000
     Alignment from True N    : 0
     Antenna Radome Type      : TZGD
     Radome Serial Number     : none
     Antenna Cable Type       : LMR400
     Antenna Cable Length     : 30 m
     Date Installed           : 2010-02-25T00:00Z
     Date Removed             : (CCYY-MM-DDThh:mmZ)
     Additional Information   :


5.  Surveyed Local Ties

5.1  Tied Marker Name         : 
     Tied Marker Usage        : 
     Tied Marker CDP Number   : 
     Tied Marker DOMES Number : 
     Differential Components from GNSS Marker to the tied monument (ITRS)
       dx (m)                 : 
       dy (m)                 : 
       dz (m)                 : 
     Accuracy (mm)            : 
     Survey method            : 
     Date Measured            : (CCYY-MM-DDThh:mmZ)
     Additional Information   :


6.   Frequency Standard:

6.1  Standard Type            : 
       Input Frequency        :
       Effective Dates        : 
       Notes                  : 


7.   Collocation Information

7.1  Instrumentation Type     : 
       Status                 : 
       Effective Dates        : 
       Notes                  :


8.   Meteorological Instrumentation

8.1.1  Humidity Sensor Model  : 
       Manufacturer           : 
       Serial Number          :
       Data Sampling Interval : 
       Accuracy (% rel h)     : 
       Aspiration             : 
       Height Diff to Ant     : 
       Calibration date       : 
       Effective Dates        : 
       Notes                  : 


9.  Local Ongoing Conditions Possibly Affecting Computed Position

9.1.1  Radio Interferences    : 
       Observed Degradations  : 
       Effective Dates        : 
       Additional Information : 


10.   Local Episodic Effects Possibly Affecting Data Quality

10.1 Date                     : 
     Event                    : 


11.   On-Site, Point of Contact Agency Information

     Agency                   : DEPARTMENT of LAND (DITTT/ST/BGN)
     Preferred Abbreviation   : DITTT
     Mailing Address          : 1 bis rue Edouard UNGER
                              : 1er vallee du Tir
                              : BP A2 - 98848 NOUMEA Cedex
                              : NEW CALEDONIA
     Primary Contact
       Contact Name           : Didier MICHEL-VILLAZ
       Telephone (primary)    : 687 28 03 27
       Telephone (secondary)  : 687 28 03 00
       Fax                    : 687 27 81 18
       E-mail                 : didier.michel-villaz@gouv.nc
     Secondary Contact
       Contact Name           : BGN DITTT
       Telephone (primary)    : 687 28 03 20
       Telephone (secondary)  : 687 28 03 00
       Fax                    : 687 27 81 18
       E-mail                 : bgn.dittt@gouv.nc
     Additional Information   : banian@banian.gouv.nc


12.   Responsible Agency (if different from 11.)

     Agency                   : 
     Preferred Abbreviation   : 
     Mailing Address          : 
     Primary Contact
       Contact Name           : 
       Telephone (primary)    : 
       Telephone (secondary)  : 
       Fax                    : 
       E-mail                 : 
     Secondary Contact
       Contact Name           : 
       Telephone (primary)    : 
       Telephone (secondary)  : 
       Fax                    : 
       E-mail                 : 
     Additional Information   : 


13.  More Information

     Primary Data Center      : IGN
     Secondary Data Center    : CDDIS
     URL for More Information : 
       Hardcopy on File
       Site Map               : 
       Site Diagram           : 
       Horizon Mask           : 
       Monument Description   : 
       Site Pictures          : 
     Additional Information   : Station BANIAN ID = 16
     RINEX Comment            : 
                              : 


