     UCD1 Site Information Form (site log)
     BARD Continuously Operating Reference Station
     See Instructions at:
       ftp://igscb.jpl.nasa.gov/pub/station/general/sitelog_instr.txt

0.   Form

     Prepared by (full name)  : Mario Aranha
     Date Prepared            : 2015-07-15
     Report Type              : UPDATE
     If Update:
      Previous Site Log       : ucd1_20110805.log
      Modified/Added Sections : 3.13


1.   Site Identification of the GNSS Monument

     Site Name                : UC-DAVIS Geology 1
     Four Character ID        : UCD1
     Monument Inscription     : 
     IERS DOMES Number        : 
     CDP Number               : 
     Monument Description     : Roof of UC-Davis Geology Building
                              : 5/8"-11 threaded rod bolted to concrete
                              : wall on roof
       Height of the Monument : 
       Monument Foundation    : 
       Foundation Depth       : 
     Marker Description       : 
     Date Installed           : 1996-05-19T00:00Z
     Geologic Characteristic  : 
       Bedrock Type           : 
       Bedrock Condition      : 
       Fracture Spacing       : 
       Fault zones nearby     : 
         Distance/activity    : 
     Additional Information   : BARD - Bay Area Deformation Array

2.   Site Location Information

     City or Town             : Davis
     State or Province        : California
     Country                  : USA
     Tectonic Plate           : North America
     Approximate Position (ITRF)
       X coordinate (m)       : -2628826.3248
       Y coordinate (m)       : -4247932.4202
       Z coordinate (m)       : 3952176.7324
       Latitude (N is +)      : +383210.46
       Longitude (E is +)     : -1214504.42
       Elevation (m,ellips.)  : -0.32
     Additional Information   : 

3.   GNSS Receiver Information

3.1  Receiver Type            : TRIMBLE 4000SSI
     Satellite System         : GPS
     Serial Number            : 3608A14594
     Firmware Version         : Nav 5.67 Sig 1.26
     Elevation Cutoff Setting : 
     Date Installed           : 1996-05-19T00:00Z
     Date Removed             : 1998-05-31T00:00Z
     Temperature Stabiliz.    : 
     Additional Information   : Intermittent operation.
                              : REMOVAL DATE IS APPROXIMATE

3.2  Receiver Type            : TRIMBLE 4000SSI
     Satellite System         : GPS
     Serial Number            : 3724A19609
     Firmware Version         : Nav unknown, Sig unknown
     Elevation Cutoff Setting : 
     Date Installed           : 1998-05-31T00:00Z
     Date Removed             : 1998-12-17T00:00Z
     Temperature Stabiliz.    : 
     Additional Information   : Intermittent operation.
                              : INSTALL DATE IS APPROXIMATE

3.3  Receiver Type            : TRIMBLE 4000SSI
     Satellite System         : GPS
     Serial Number            : 3608A14632
     Firmware Version         : Nav unknown Sig unknown
     Elevation Cutoff Setting : 
     Date Installed           : 1998-12-17T20:33Z
     Date Removed             : 1999-02-02T20:00Z
     Temperature Stabiliz.    : 
     Additional Information   : Date removed is based on rinex headers
                              : of archived data.
                              : Intermittent operation.

3.4  Receiver Type            : TRIMBLE 4000SSI
     Satellite System         : GPS
     Serial Number            : 3724A19609
     Firmware Version         : Nav unknown Sig unknown
     Elevation Cutoff Setting : 
     Date Installed           : 1999-02-02T20:00Z
     Date Removed             : 1999-07-07T21:59Z
     Temperature Stabiliz.    : 
     Additional Information   : Date installed is based on rinex headers
                              : of archived data.
                              : Intermittent operation.

3.5  Receiver Type            : TRIMBLE 4000SSI
     Satellite System         : GPS
     Serial Number            : 3608A14630
     Firmware Version         : Nav unknown Sig unknown
     Elevation Cutoff Setting : 
     Date Installed           : 1999-07-07T21:59Z
     Date Removed             : 1999-07-09T23:59Z
     Temperature Stabiliz.    : 
     Additional Information   : Intermittent operation.

3.6  Receiver Type            : TRIMBLE 4000SSI
     Satellite System         : GPS
     Serial Number            : 3724A19609
     Firmware Version         : Nav 7.26 Sig unknown
     Elevation Cutoff Setting : 
     Date Installed           : 1999-07-10T00:02Z
     Date Removed             : 1999-07-18T00:23Z
     Temperature Stabiliz.    : 
     Additional Information   : Intermittent operation.

3.7  Receiver Type            : TRIMBLE 4000SSI
     Satellite System         : GPS
     Serial Number            : 3724A19609
     Firmware Version         : Nav 7.26 Sig 3.07
     Elevation Cutoff Setting : 
     Date Installed           : 1999-07-18T00:23Z
     Date Removed             : 1999-08-12T00:02Z
     Temperature Stabiliz.    : 
     Additional Information   : Intermittent operation.
                              : UCD1 programmed as continuous station
                              : First available file Julian Day 205
                              : 23-Jul-1999

3.8  Receiver Type            : TRIMBLE 4000SSI
     Satellite System         : GPS
     Serial Number            : 3608A14594
     Firmware Version         : Nav 7.29 Sig 3.07
     Elevation Cutoff Setting : 
     Date Installed           : 1999-08-12T00:42Z
     Date Removed             : 2000-04-13T17:11Z
     Temperature Stabiliz.    : 
     Additional Information   : Continuous site.

3.9  Receiver Type            : TRIMBLE 4000SSI
     Satellite System         : GPS
     Serial Number            : 3724A19609
     Firmware Version         : Nav 7.19A Sig 3.04
     Elevation Cutoff Setting : 
     Date Installed           : 2000-04-13T17:21Z
     Date Removed             : 2006-01-04T17:45Z
     Temperature Stabiliz.    : 
     Additional Information   : Continuous site.

3.10 Receiver Type            : TRIMBLE 4000SSI
     Satellite System         : GPS
     Serial Number            : 3731A20130
     Firmware Version         : Nav 7.32 Sig 3.04
     Elevation Cutoff Setting : 
     Date Installed           : 2006-01-04T17:45Z
     Date Removed             : 2007-08-24T18:00Z
     Temperature Stabiliz.    : 
     Additional Information   : Continuous site.

3.11 Receiver Type            : TRIMBLE NETRS
     Satellite System         : GPS
     Serial Number            : 4646125543
     Firmware Version         : 1.1-5
     Elevation Cutoff Setting : 
     Date Installed           : 2007-08-24T18:00Z
     Date Removed             : 2010-09-30T03:57Z
     Temperature Stabiliz.    : 
     Additional Information   : Continuous site. old 30 meters antenna cable

3.12 Receiver Type            : TRIMBLE NETRS
     Satellite System         : GPS
     Serial Number            : 4646125543
     Firmware Version         : 1.3-0
     Elevation Cutoff Setting : 
     Date Installed           : 2010-09-30T03:57Z
     Date Removed             : 2015-07-15T21:31Z
     Temperature Stabiliz.    : 
     Additional Information   : 

3.13 Receiver Type            : TRIMBLE NETRS
     Satellite System         : GPS
     Serial Number            : 4646125543
     Firmware Version         : 1.3-2
     Elevation Cutoff Setting : 
     Date Installed           : 2015-07-15T21:31Z
     Date Removed             : 
     Temperature Stabiliz.    : 
     Additional Information   : 

3.x  Receiver Type            : (A20, from rcvr_ant.tab; see instructions)
     Satellite System         : (GPS/GLONASS/GPS+GLONASS)
     Serial Number            : (A20, but note the first A5 is used in SINEX)
     Firmware Version         : (A11)
     Elevation Cutoff Setting : (deg)
     Date Installed           : (CCYY-MM-DDThh:mmZ)
     Date Removed             : (CCYY-MM-DDThh:mmZ)
     Temperature Stabiliz.    : (none or tolerance in degrees C)
     Additional Information   : (multiple lines)


4.   GNSS Antenna Information

4.1  Antenna Type             : TRM14532.00     NONE
     Serial Number            : 0220050490
     Antenna Reference Point  : BPA
     Marker->ARP Up Ecc. (m)  : 0.000
     Marker->ARP North Ecc(m) : 
     Marker->ARP East Ecc(m)  : 
     Alignment from True N    : 0
     Antenna Radome Type      : 
     Radome Serial Number     : 
     Antenna Cable Type       : 
     Antenna Cable Length     : 
     Date Installed           : 1996-05-19T00:00Z
     Date Removed             : 1997-05-08T00:00Z
     Additional Information   : 

4.2  Antenna Type             : TRM29659.00     NONE
     Serial Number            : 0220073546
     Antenna Reference Point  : BPA
     Marker->ARP Up Ecc. (m)  : 0.000
     Marker->ARP North Ecc(m) : 
     Marker->ARP East Ecc(m)  : 
     Alignment from True N    : 0
     Antenna Radome Type      : 
     Radome Serial Number     : 
     Antenna Cable Type       : 
     Antenna Cable Length     : 
     Date Installed           : 1997-05-08T00:00Z
     Date Removed             : 2011-08-04T15:08Z
     Additional Information   : 

4.3  Antenna Type             : TRM29659.00     NONE
     Serial Number            : 0220073545
     Antenna Reference Point  : BPA
     Marker->ARP Up Ecc. (m)  : -0.001
     Marker->ARP North Ecc(m) : 
     Marker->ARP East Ecc(m)  : 
     Alignment from True N    : 0
     Antenna Radome Type      : NONE
     Radome Serial Number     : 
     Antenna Cable Type       : RG-8 50 ohm
     Antenna Cable Length     : 30
     Date Installed           : 2011-08-05T19:05Z
     Date Removed             : 
     Additional Information   : Antenna height is relative to "virtual reference" 
                              : established with previous antenna. A physical reference 
                              : mark was also established with this equipment change; it 
                              : is the top of the metal bracket supporting the threaded
                              : rod against the roof wall.  Previous height relative to
                              : physical reference = 83 mm; current height = 82 mm.

4.x  Antenna Type             : (A20, from rcvr_ant.tab; see instructions)
     Serial Number            : (A*, but note the first A5 is used in SINEX)
     Antenna Reference Point  : (BPA/BCR/XXX from "antenna.gra"; see instr.)
     Marker->ARP Up Ecc. (m)  : (F8.4)
     Marker->ARP North Ecc(m) : (F8.4)
     Marker->ARP East Ecc(m)  : (F8.4)
     Alignment from True N    : (deg; + is clockwise/east)
     Antenna Radome Type      : (A4 from rcvr_ant.tab; see instructions)
     Radome Serial Number     : 
     Antenna Cable Type       : (vendor & type number)
     Antenna Cable Length     : (m)
     Date Installed           : (CCYY-MM-DDThh:mmZ)
     Date Removed             : (CCYY-MM-DDThh:mmZ)
     Additional Information   : (multiple lines)


5.   Surveyed Local Ties

5.x  Tied Marker Name         : 
     Tied Marker Usage        : (SLR/VLBI/LOCAL CONTROL/FOOTPRINT/etc)
     Tied Marker CDP Number   : (A4)
     Tied Marker DOMES Number : (A9)
     Differential Components from GNSS Marker to the tied monument (ITRS)
       dx (m)                 : (m)
       dy (m)                 : (m)
       dz (m)                 : (m)
     Accuracy (mm)            : (mm)
     Survey method            : (GPS CAMPAIGN/TRILATERATION/TRIANGULATION/etc)
     Date Measured            : (CCYY-MM-DDThh:mmZ)
     Additional Information   : (multiple lines)


6.   Frequency Standard

6.1  Standard Type            : INTERNAL
       Input Frequency        : 
       Effective Dates        : 
       Notes                  : 

6.x  Standard Type            : (INTERNAL or EXTERNAL H-MASER/CESIUM/etc)
       Input Frequency        : (if external)
       Effective Dates        : (CCYY-MM-DD/CCYY-MM-DD)
       Notes                  : (multiple lines)


7.   Collocation Information

7.x  Instrumentation Type     : (GPS/GLONASS/DORIS/PRARE/SLR/VLBI/TIME/etc)
       Status                 : (PERMANENT/MOBILE)
       Effective Dates        : (CCYY-MM-DD/CCYY-MM-DD)
       Notes                  : (multiple lines)


8.   Meteorological Instrumentation

8.1.x Humidity Sensor Model   : 
       Manufacturer           : 
       Serial Number          : 
       Data Sampling Interval : (sec)
       Accuracy (% rel h)     : (% rel h)
       Aspiration             : (UNASPIRATED/NATURAL/FAN/etc)
       Height Diff to Ant     : (m)
       Calibration date       : (CCYY-MM-DD)
       Effective Dates        : (CCYY-MM-DD/CCYY-MM-DD)
       Notes                  : (multiple lines)

8.2.x Pressure Sensor Model   : 
       Manufacturer           : 
       Serial Number          : 
       Data Sampling Interval : (sec)
       Accuracy               : (hPa)
       Height Diff to Ant     : (m)
       Calibration date       : (CCYY-MM-DD)
       Effective Dates        : (CCYY-MM-DD/CCYY-MM-DD)
       Notes                  : (multiple lines)

8.3.x Temp. Sensor Model      : 
       Manufacturer           : 
       Serial Number          : 
       Data Sampling Interval : (sec)
       Accuracy               : (deg C)
       Aspiration             : (UNASPIRATED/NATURAL/FAN/etc)
       Height Diff to Ant     : (m)
       Calibration date       : (CCYY-MM-DD)
       Effective Dates        : (CCYY-MM-DD/CCYY-MM-DD)
       Notes                  : (multiple lines)

8.4.x Water Vapor Radiometer  : 
       Manufacturer           : 
       Serial Number          : 
       Distance to Antenna    : (m)
       Height Diff to Ant     : (m)
       Calibration date       : (CCYY-MM-DD)
       Effective Dates        : (CCYY-MM-DD/CCYY-MM-DD)
       Notes                  : (multiple lines)

8.5.x Other Instrumentation   : (multiple lines)


9.  Local Ongoing Conditions Possibly Affecting Computed Position

9.1.x Radio Interferences     : (TV/CELL PHONE ANTENNA/RADAR/etc)
       Observed Degradations  : (SN RATIO/DATA GAPS/etc)
       Effective Dates        : (CCYY-MM-DD/CCYY-MM-DD)
       Additional Information : (multiple lines)

9.2.x Multipath Sources       : (METAL ROOF/DOME/VLBI ANTENNA/etc)
       Effective Dates        : (CCYY-MM-DD/CCYY-MM-DD)
       Additional Information : (multiple lines)

9.3.x Signal Obstructions     : (TREES/BUILDLINGS/etc)
       Effective Dates        : (CCYY-MM-DD/CCYY-MM-DD)
       Additional Information : (multiple lines)


10.  Local Episodic Effects Possibly Affecting Data Quality

10.x Date                     : (CCYY-MM-DD/CCYY-MM-DD)
     Event                    : (TREE CLEARING/CONSTRUCTION/etc)


11.   On-Site, Point of Contact Agency Information

     Agency                   : University of California, Davis
     Preferred Abbreviation   : UCD
     Mailing Address          : Department of Geology
                              : One Shields Avenue
                              : Davis, CA 95616
     Primary Contact
       Contact Name           : Dr. Louise Kellogg
       Telephone (primary)    : 530.752.3690       
       Telephone (secondary)  : 530.752.5616
       Fax                    : 530.752.0951
       E-mail                 : kellogg@geology.ucdavis.edu
     Secondary Contact
       Contact Name           : 
       Telephone (primary)    : 
       Telephone (secondary)  : 
       Fax                    : 
       E-mail                 : 
     Additional Information   : http://www-geology.ucdavis.edu/~GPS


12.  Responsible Agency (if different from 11.)

     Agency                   : 
     Preferred Abbreviation   : 
     Mailing Address          : 
     Primary Contact
       Contact Name           : 
       Telephone (primary)    : 
       Telephone (secondary)  : 
       Fax                    : 
       E-mail                 : 
     Secondary Contact
       Contact Name           : 
       Telephone (primary)    : 
       Telephone (secondary)  : 
       Fax                    : 
       E-mail                 : 
     Additional Information   : 


13.  More Information

     Primary Data Center      : NCEDC http://www.ncedc.org
     Secondary Data Center    : 
     URL for More Information : http://www.seismo.berkeley.edu/bard
     Hardcopy on File
       Site Map               : 
       Site Diagram           : 
       Horizon Mask           : 
       Monument Description   : 
       Site Pictures          : 
     Additional Information   : 
       Antenna Graphics with Dimensions

           4.1)    Trimble: 4000ST L1/L2 GEOD

                       ----+----                          <--  0.070  L1
                    /      +      \                       <--  0.068  L2
++----------------+-----------------+-----------------++  <--  0.063  TGP
++---------------+-------------------+----------------++  <--  0.060  BGP
                 |                   |
                  |                 |
                   |               |
                    +------x------+                       <--  0.000  ARP=BPA

                    <--  0.140  -->                                   BPA
                 <--     0.155     -->                                TPA
 <--                     0.467                      -->               NOTCHES
<--                      0.483                       -->              EDGE

   ARP: Antenna Reference Point
   L1 : L1 Phase Center                   L2 : L2 Phase Center
   TGP: Top of Ground Plane               BGP: Bottom of Ground Plane
   TPA: Top of Preamplifier               BPA: Bottom of Preamplifier

    4.2)    Trimble w/Dorne-Margolin Choke Ring

                         -----
                     /     +     \                        <-- 0.128  L2
                    |      +      |                       <-- 0.110  L1
  +--------------------------------------------------+    <-- 0.102  TCR
  |                                                  |
  |                                                  |
  |                                                  |
  |                                                  |
+-+--------------------------------------------------+-+  <-- 0.038  BCR
+-------------------+-------------+--------------------+  <-- 0.035  BGP
                    |             |
                   =|             |
                    +------x------+                       <-- 0.000  m ARP

<--                      0.381                       -->

     NOTE: Dimensions and Offsets Presumed to be same
           as for TurboRogue DM-T (tests pending)

   ARP: Antenna Reference Point
   L1 : Top of Chokering                  BCR: Bottom of Chokering
   TGP: Top of Ground Plane               BGP: Bottom of Ground Plane
   TPA: Top of Preamplifier               BPA: Bottom of Preamplifier
