     UEPP Site Information Form (site log)
     International GNSS Service
     See Instructions at:
       ftp://igscb.jpl.nasa.gov/pub/station/general/sitelog_instr.txt

0.   Form

     Prepared by (full name)  : Laura Sanchez, IGS RNAAC SIR
     Date Prepared            : 2011-10-21
     Report Type              : UPDATE
     If Update:
      Previous Site Log       : uepp_19971201.log
      Modified/Added Sections : Update of the log file format considering the
                                description available at ftp://geoftp.ibge.gov.br/
                                RBMC/relatorio/Descritivo_UEPP.pdf


1.   Site Identification of the GNSS Monument

     Site Name                : Presidente Prudente
     Four Character ID        : UEPP
     Monument Inscription     : 91559
     IERS DOMES Number        : 41611M001
     CDP Number               : 
     Monument Description     : PILLAR
       Height of the Monument : (m)
       Monument Foundation    : (STEEL RODS, CONCRETE BLOCK, ROOF, etc)
       Foundation Depth       : (m)
     Marker Description       : FORCE CENTERING ON THE TOP OF THE PILLAR
     Date Installed           : 1996-12-18
     Geologic Characteristic  : (BEDROCK/CLAY/CONGLOMERATE/GRAVEL/SAND/etc)
       Bedrock Type           : (IGNEOUS/METAMORPHIC/SEDIMENTARY)
       Bedrock Condition      : (FRESH/JOINTED/WEATHERED)
       Fracture Spacing       : (1-10 cm/11-50 cm/51-200 cm/over 200 cm)
       Fault zones nearby     : (YES/NO/Name of the zone)
         Distance/activity    : (multiple lines)
     Additional Information   : RBMC - Brazilian Network for Continuous
                                Monitoring of GPS
                                Station decommissioned on 2005-12-10


2.   Site Location Information

     City or Town             : Presidente Prudente
     State or Province        : Sao Paulo
     Country                  : Brazil 
     Tectonic Plate           : South America
     Approximate Position (ITRF)
       X coordinate (m)       : 3687624.31
       Y coordinate (m)       : -4620818.61
       Z coordinate (m)       : -2386880.34
       Latitude (N is +)      : -221711.65
       Longitude (E is +)     : -512430.72
       Elevation (m,ellips.)  : 430
     Additional Information   : The site is located in the " Universidade Estadual 
                                Paulista -  Campus Presidente Prudente" (Sao Paulo
                                State University)


3.   GNSS Receiver Information

3.1  Receiver Type            : TRIMBLE 4000SSI
     Satellite System         : GPS
     Serial Number            : 16683
     Firmware Version         : 7.22
     Elevation Cutoff Setting : 5
     Date Installed           : 1996-12-16
     Date Removed             : 1999-08-20
     Temperature Stabiliz.    : (none or tolerance in degrees C)
     Additional Information   : Information taken from
                                ftp://geoftp.ibge.gov.br/RBMC/
                                relatorio/Descritivo_UEPP.pdf
                                
3.2  Receiver Type            : TRIMBLE 4000SSI
     Satellite System         : GPS
     Serial Number            : 16683
     Firmware Version         : 7.22
     Elevation Cutoff Setting : 5
     Date Installed           : 1999-08-20
     Date Removed             : 2005-12-10
     Temperature Stabiliz.    : (none or tolerance in degrees C)
     Additional Information   : Information taken from
                                ftp://geoftp.ibge.gov.br/RBMC/
                                relatorio/Descritivo_UEPP.pdf

3.x  Receiver Type            : (A20, from rcvr_ant.tab; see instructions)
     Satellite System         : (GPS/GLONASS/GPS+GLONASS)
     Serial Number            : (A20, but note the first A5 is used in SINEX)
     Firmware Version         : (A11)
     Elevation Cutoff Setting : (deg)
     Date Installed           : (CCYY-MM-DDThh:mmZ)
     Date Removed             : (CCYY-MM-DDThh:mmZ)
     Temperature Stabiliz.    : (none or tolerance in degrees C)
     Additional Information   : (multiple lines)


4.   GNSS Antenna Information

4.1  Antenna Type             : TRM29659.00         
     Serial Number            : 07172
     Antenna Reference Point  : BCR
     Marker->ARP Up Ecc. (m)  : 0.0000
     Marker->ARP North Ecc(m) : 0.0000
     Marker->ARP East Ecc(m)  : 0.0000
     Alignment from True N    : (deg; + is clockwise/east)
     Antenna Radome Type      : NONE
     Radome Serial Number     : 
     Antenna Cable Type       : (vendor & type number)
     Antenna Cable Length     : (m)
     Date Installed           : 1996-12-18
     Date Removed             : 2005-12-10
     Additional Information   : Information taken from
                                ftp://geoftp.ibge.gov.br/RBMC/
                                relatorio/Descritivo_UEPP.pdf

4.x  Antenna Type             : (A20, from rcvr_ant.tab; see instructions)
     Serial Number            : (A*, but note the first A5 is used in SINEX)
     Antenna Reference Point  : (BPA/BCR/XXX from "antenna.gra"; see instr.)
     Marker->ARP Up Ecc. (m)  : (F8.4)
     Marker->ARP North Ecc(m) : (F8.4)
     Marker->ARP East Ecc(m)  : (F8.4)
     Alignment from True N    : (deg; + is clockwise/east)
     Antenna Radome Type      : (A4 from rcvr_ant.tab; see instructions)
     Radome Serial Number     : 
     Antenna Cable Type       : (vendor & type number)
     Antenna Cable Length     : (m)
     Date Installed           : (CCYY-MM-DDThh:mmZ)
     Date Removed             : (CCYY-MM-DDThh:mmZ)
     Additional Information   : (multiple lines)

5.   Surveyed Local Ties

5.   Local Site Ties

5.1  Monument Name            : 92611
     Site Ref CDP Number      : (XXXX)
     Site Ref Domes Number    : (XXXXXXXXX)
     Differential Components from GPS Mark to Site Reference (ITRS)
       dx (m)                 : -10852.484  
       dy (m)                 : -14663.238
       dz (m)                 : 11502.777
     Accuracy (mm)            : (mm)
     Date Measured            : 1995-05-26
     Additional Information   : (multiple lines)

5.2  Monument Name            : 92579
     Site Ref CDP Number      : (XXXX)
     Site Ref Domes Number    : (XXXXXXXXX)
     Differential Components from GPS Mark to Site Reference (ITRS)
       dx (m)                 : 30.398  
       dy (m)                 : -21.095
       dz (m)                 : 101.400
     Accuracy (mm)            : (mm)
     Date Measured            : 1995-05-26
     Additional Information   : (multiple lines)

5.3  Monument Name            : 92578
     Site Ref CDP Number      : (XXXX)
     Site Ref Domes Number    : (XXXXXXXXX)
     Differential Components from GPS Mark to Site Reference (ITRS)
       dx (m)                 : -1800.347  
       dy (m)                 : -993.038
       dz (m)                 : -847.339
     Accuracy (mm)            : (mm)
     Date Measured            : 1995-05-26

     Additional Information   : (multiple lines)
5.4  Monument Name            : 92577
     Site Ref CDP Number      : (XXXX)
     Site Ref Domes Number    : (XXXXXXXXX)
     Differential Components from GPS Mark to Site Reference (ITRS)
       dx (m)                 : -38.810 
       dy (m)                 : -22.493
       dz (m)                 : -7.608
     Accuracy (mm)            : (mm)
     Date Measured            : 1995-05-26

     Additional Information   : (multiple lines)
5.5  Monument Name            : 92581
     Site Ref CDP Number      : (XXXX)
     Site Ref Domes Number    : (XXXXXXXXX)
     Differential Components from GPS Mark to Site Reference (ITRS)
       dx (m)                 : 322.891 
       dy (m)                 : 557.886
       dz (m)                 : -555.074
     Accuracy (mm)            : (mm)
     Date Measured            : 1995-05-26
     Additional Information   : (multiple lines)

5.6  Monument Name            : 92577
     Site Ref CDP Number      : (XXXX)
     Site Ref Domes Number    : (XXXXXXXXX)
     Differential Components from GPS Mark to Site Reference (ITRS)
       dx (m)                 : -38.807 
       dy (m)                 : -22.495
       dz (m)                 : -7.605
     Accuracy (mm)            : (mm)
     Date Measured            : 1995-05-26
     Additional Information   : (multiple lines)

5.7  Monument Name            : 92580
     Site Ref CDP Number      : (XXXX)
     Site Ref Domes Number    : (XXXXXXXXX)
     Differential Components from GPS Mark to Site Reference (ITRS)
       dx (m)                 : 69.423  
       dy (m)                 : 68.212
       dz (m)                 : -10.031
     Accuracy (mm)            : (mm)
     Date Measured            : 1995-05-26 
     Additional Information   : (multiple lines)

5.8  Monument Name            : 92582
     Site Ref CDP Number      : (XXXX)
     Site Ref Domes Number    : (XXXXXXXXX)
     Differential Components from GPS Mark to Site Reference (ITRS)
       dx (m)                 : -66.938 
       dy (m)                 : -1301.801
       dz (m)                 : 2308.985
     Accuracy (mm)            : (mm)
     Date Measured            : 1995-05-26
     Additional Information   : (multiple lines)


6.   Frequency Standard

6.1  Standard Type            : INTERNAL
       Input Frequency        : (if external)
       Effective Dates        : (CCYY-MM-DD/CCYY-MM-DD)
       Notes                  : (multiple lines)

6.x  Standard Type            : (INTERNAL or EXTERNAL H-MASER/CESIUM/etc)
       Input Frequency        : (if external)
       Effective Dates        : (CCYY-MM-DD/CCYY-MM-DD)
       Notes                  : (multiple lines)


7.   Collocation Information

7.1  Instrumentation Type     : (GPS/GLONASS/DORIS/PRARE/SLR/VLBI/TIME/etc)
       Status                 : (PERMANENT/MOBILE)
       Effective Dates        : (CCYY-MM-DD/CCYY-MM-DD)
       Notes                  : (multiple lines)

7.x  Instrumentation Type     : (GPS/GLONASS/DORIS/PRARE/SLR/VLBI/TIME/etc)
       Status                 : (PERMANENT/MOBILE)
       Effective Dates        : (CCYY-MM-DD/CCYY-MM-DD)
       Notes                  : (multiple lines)


8.   Meteorological Instrumentation

8.1.1 Humidity Sensor Model   : 
       Manufacturer           : 
       Serial Number          : 
       Data Sampling Interval : (sec)
       Accuracy (% rel h)     : (% rel h)
       Aspiration             : (UNASPIRATED/NATURAL/FAN/etc)
       Height Diff to Ant     : (m)
       Calibration date       : (CCYY-MM-DD)
       Effective Dates        : (CCYY-MM-DD/CCYY-MM-DD)
       Notes                  : (multiple lines)

8.1.x Humidity Sensor Model   : 
       Manufacturer           : 
       Serial Number          : 
       Data Sampling Interval : (sec)
       Accuracy (% rel h)     : (% rel h)
       Aspiration             : (UNASPIRATED/NATURAL/FAN/etc)
       Height Diff to Ant     : (m)
       Calibration date       : (CCYY-MM-DD)
       Effective Dates        : (CCYY-MM-DD/CCYY-MM-DD)
       Notes                  : (multiple lines)

8.2.1 Pressure Sensor Model   : 
       Manufacturer           : 
       Serial Number          : 
       Data Sampling Interval : (sec)
       Accuracy               : (hPa)
       Height Diff to Ant     : (m)
       Calibration date       : (CCYY-MM-DD)
       Effective Dates        : (CCYY-MM-DD/CCYY-MM-DD)
       Notes                  : (multiple lines)

8.2.x Pressure Sensor Model   : 
       Manufacturer           : 
       Serial Number          : 
       Data Sampling Interval : (sec)
       Accuracy               : (hPa)
       Height Diff to Ant     : (m)
       Calibration date       : (CCYY-MM-DD)
       Effective Dates        : (CCYY-MM-DD/CCYY-MM-DD)
       Notes                  : (multiple lines)

8.3.1 Temp. Sensor Model      : 
       Manufacturer           : 
       Serial Number          : 
       Data Sampling Interval : (sec)
       Accuracy               : (deg C)
       Aspiration             : (UNASPIRATED/NATURAL/FAN/etc)
       Height Diff to Ant     : (m)
       Calibration date       : (CCYY-MM-DD)
       Effective Dates        : (CCYY-MM-DD/CCYY-MM-DD)
       Notes                  : (multiple lines)

8.3.x Temp. Sensor Model      : 
       Manufacturer           : 
       Serial Number          : 
       Data Sampling Interval : (sec)
       Accuracy               : (deg C)
       Aspiration             : (UNASPIRATED/NATURAL/FAN/etc)
       Height Diff to Ant     : (m)
       Calibration date       : (CCYY-MM-DD)
       Effective Dates        : (CCYY-MM-DD/CCYY-MM-DD)
       Notes                  : (multiple lines)

8.4.1 Water Vapor Radiometer  : 
       Manufacturer           : 
       Serial Number          : 
       Distance to Antenna    : (m)
       Height Diff to Ant     : (m)
       Calibration date       : (CCYY-MM-DD)
       Effective Dates        : (CCYY-MM-DD/CCYY-MM-DD)
       Notes                  : (multiple lines)

8.4.x Water Vapor Radiometer  : 
       Manufacturer           : 
       Serial Number          : 
       Distance to Antenna    : (m)
       Height Diff to Ant     : (m)
       Calibration date       : (CCYY-MM-DD)
       Effective Dates        : (CCYY-MM-DD/CCYY-MM-DD)
       Notes                  : (multiple lines)

8.5.1 Other Instrumentation   : (multiple lines)

8.5.x Other Instrumentation   : (multiple lines)


9.  Local Ongoing Conditions Possibly Affecting Computed Position

9.1.1 Radio Interferences     : (TV/CELL PHONE ANTENNA/RADAR/etc)
       Observed Degradations  : (SN RATIO/DATA GAPS/etc)
       Effective Dates        : (CCYY-MM-DD/CCYY-MM-DD)
       Additional Information : (multiple lines)

9.1.x Radio Interferences     : (TV/CELL PHONE ANTENNA/RADAR/etc)
       Observed Degradations  : (SN RATIO/DATA GAPS/etc)
       Effective Dates        : (CCYY-MM-DD/CCYY-MM-DD)
       Additional Information : (multiple lines)

9.2.1 Multipath Sources       : (METAL ROOF/DOME/VLBI ANTENNA/etc)
       Effective Dates        : (CCYY-MM-DD/CCYY-MM-DD)
       Additional Information : (multiple lines)

9.2.x Multipath Sources       : (METAL ROOF/DOME/VLBI ANTENNA/etc)
       Effective Dates        : (CCYY-MM-DD/CCYY-MM-DD)
       Additional Information : (multiple lines)

9.3.1 Signal Obstructions     : (TREES/BUILDLINGS/etc)
       Effective Dates        : (CCYY-MM-DD/CCYY-MM-DD)
       Additional Information : (multiple lines)

9.3.x Signal Obstructions     : (TREES/BUILDLINGS/etc)
       Effective Dates        : (CCYY-MM-DD/CCYY-MM-DD)
       Additional Information : (multiple lines)

10.  Local Episodic Effects Possibly Affecting Data Quality

10.1 Date                     : (CCYY-MM-DD/CCYY-MM-DD)
     Event                    : (TREE CLEARING/CONSTRUCTION/etc)

10.x Date                     : (CCYY-MM-DD/CCYY-MM-DD)
     Event                    : (TREE CLEARING/CONSTRUCTION/etc)

11.  On-Site, Point of Contact Agency Information

     Agency                   : Instituto Brasileiro de Geografia e Estatistica
     Preferred Abbreviation   : IBGE
     Mailing Address          : Av. Brasil, 15671 - Parada de Lucas - Rio de
                                Janeiro - Brasil - CEP: 21241-051
     Primary Contact
       Contact Name           : Jardel Aparecido Fazan
       Telephone (primary)    : (55)(21) 21424935
       Telephone (secondary)  : (55)(21) 21424985
       Fax                    : 
       E-mail                 : jardel@ibge.gov.br
     Secondary Contact
       Contact Name           : Newton Júnior
       Telephone (primary)    : (55)(21) 21424935
       Telephone (secondary)  : (55)(21) 21424985
       Fax                    : 
       E-mail                 : newton.junior@ibge.gov.br
     Additional Information   : (multiple lines)

12.  Responsible Agency (if different from 11.)

     Agency                   : (multiple lines)
     Preferred Abbreviation   : (A10)
     Mailing Address          : (multiple lines)
     Primary Contact
       Contact Name           : 
       Telephone (primary)    : 
       Telephone (secondary)  : 
       Fax                    : 
       E-mail                 : 
     Secondary Contact
       Contact Name           : 
       Telephone (primary)    : 
       Telephone (secondary)  : 
       Fax                    : 
       E-mail                 : 
     Additional Information   : (multiple lines)


13.  More Information

     Primary Data Center      : ftp://geoftp.ibge.gov.br/
     Secondary Data Center    : 
     URL for More Information : http://www.ibge.gov.br/home/geociencias/
                                geodesia/rbmc/rbmc_est.shtm
     Hardcopy on File
       Site Map               : (Y or URL)
       Site Diagram           : (Y or URL)
       Horizon Mask           : (Y or URL)
       Monument Description   : (Y or URL)
       Site Pictures          : (Y or URL)
     Additional Information   : IGS RNAAC SIR
     Antenna Graphics with Dimensions

     (insert text graphic from file antenna.gra)

TRM29659.00
TRM59800.00
TRM59800.80
TRM59900.00

                         -----
                     /           \
                    |             |
  +-------------------------------------------------+     <--  0.1020  TCR
  |                                                 |
  |                                                 |
  |                                                 |
  |                                                 |
+-+-------------------------------------------------+-+   <--  0.0381
+-------------------+-------------+-------------------+   <--  0.0350  BCR
                    |             |
                   =|             |
                    +------x------+                       <--  0.0000  BPA=ARP

<--                      0.3810                     -->

