     UNPG Site Information Form (site log)
     International GNSS Service
     See Instructions at:
       ftp://igscb.jpl.nasa.gov/pub/station/general/sitelog_instr.txt


0.   Form

     Prepared by (full name)  : Aurelio Stoppini
     Date Prepared            : 2014-05-16
     Report Type              : UPDATE
     If Update:
      Previous Site Log       : unpg_20121007.log
      Modified/Added Sections : 0, 11, 13


1.   Site Identification of the GNSS Monument

     Site Name                : UNIVERSITY OF PERUGIA
     Four Character ID        : UNPG
     Monument Inscription     : stable pillar 'A' on the roof
     IERS DOMES Number        : 12752M001
     CDP Number               : (A4)
     Monument Description     : PILLAR
       Height of the Monument : (m)
       Monument Foundation    : ROOF
       Foundation Depth       : (m)
     Marker Description       : BRASS NAIL
     Date Installed           : 1997-01-10
     Geologic Characteristic  : FLUVIAL-LACUSTRINE DEPOSITS ON BEDROCK
       Bedrock Type           : SEDIMENTARY
       Bedrock Condition      : JOINTED
       Fracture Spacing       : (0 cm/1-10 cm/11-50 cm/51-200 cm/over 200 cm)
       Fault zones nearby     : (YES/NO/Name of the zone)
         Distance/activity    : (multiple lines)
     Additional Information   : (multiple lines)


2.   Site Location Information

     City or Town             : Perugia
     State or Province        : UMBRIA
     Country                  : Italy
     Tectonic Plate           : EURASIAN
     Approximate Position (ITRF)
       X coordinate (m)       : 4555146.157
       Y coordinate (m)       : 997822.211
       Z coordinate (m)       : 4337432.553
       Latitude (N is +)      : +430709.80
       Longitude (E is +)     : +0122120.52
       Elevation (m,ellips.)  :   351.2
     Additional Information   : (multiple lines)


3.   GNSS Receiver Information

3.1  Receiver Type            : ASHTECH Z-XII3
     Satellite System         : GPS
     Serial Number            : LP02957
     Firmware Version         : CC00      1D02
     Elevation Cutoff Setting : 5 deg
     Date Installed           : 1997-10-15
     Date Removed             : 2006-04-19
     Temperature Stabiliz.    : (deg C) +/- (deg C)
     Additional Information   : 20-jun-1999 new firmware CC00 1D02

3.2  Receiver Type            : TPS ODYSSEY_E
     Satellite System         : GPS+GLO
     Serial Number            : 8PIZ6XG55OG
     Firmware Version         : 2.5 Feb,21,2005
     Elevation Cutoff Setting : 0 deg
     Date Installed           : 2006-04-19T17:40Z
     Date Removed             : 2008-02-06T10:58Z
     Temperature Stabiliz.    : (deg C) +/- (deg C)
     Additional Information   : (multiple lines)

3.3  Receiver Type            : TPS ODYSSEY_E
     Satellite System         : GPS+GLO
     Serial Number            : 8PIZ6XG55OG
     Firmware Version         : 3.1 Jun,28,2007 p3
     Elevation Cutoff Setting : 0 deg
     Date Installed           : 2008-02-06T11:00Z
     Date Removed             : 2008-11-04T15:00Z
     Temperature Stabiliz.    : (deg C) +/- (deg C)
     Additional Information   : (multiple lines)

3.4  Receiver Type            : TPS ODYSSEY_E
     Satellite System         : GPS+GLO
     Serial Number            : 8PIZ6XG55OG
     Firmware Version         : 3.3 Jul,10,2008 p4
     Elevation Cutoff Setting : 0 deg
     Date Installed           : 2008-11-04T15:10Z
     Date Removed             : CCYY-MM-DDThh:mmZ
     Temperature Stabiliz.    : (deg C) +/- (deg C)
     Additional Information   : (multiple lines)

3.x  Receiver Type            : (A20, from rcvr_ant.tab; see instructions)
     Satellite System         : (GPS+GLO+GAL+BDS+QZSS+SBAS)
     Serial Number            : (A20, but note the first A5 is used in SINEX)
     Firmware Version         : (A11)
     Elevation Cutoff Setting : (deg)
     Date Installed           : (CCYY-MM-DDThh:mmZ)
     Date Removed             : (CCYY-MM-DDThh:mmZ)
     Temperature Stabiliz.    : (none or tolerance in degrees C)
     Additional Information   : (multiple lines)


4.   GNSS Antenna Information

4.1  Antenna Type             : ASH700936D_M    NONE
     Serial Number            : CR14251
     Antenna Reference Point  : BPA
     Marker->ARP Up Ecc. (m)  :   0.0520
     Marker->ARP North Ecc(m) :   0.0000
     Marker->ARP East Ecc(m)  :   0.0000
     Alignment from True N    : 0 deg
     Antenna Radome Type      : NONE
     Radome Serial Number     : 
     Antenna Cable Type       : (vendor & type number)
     Antenna Cable Length     : (m)
     Date Installed           : 1997-10-15
     Date Removed             : 2006-04-19
     Additional Information   : (multiple lines)

4.2  Antenna Type             : JPSREGANT_DD_E2 NONE
     Serial Number            : RRA00115
     Antenna Reference Point  : BPA
     Marker->ARP Up Ecc. (m)  :   0.1000
     Marker->ARP North Ecc(m) :   0.0000
     Marker->ARP East Ecc(m)  :   0.0000
     Alignment from True N    : 0 deg
     Antenna Radome Type      : NONE
     Radome Serial Number     : 
     Antenna Cable Type       : (vendor & type number)
     Antenna Cable Length     : (m)
     Date Installed           : 2006-04-19T17:40Z
     Date Removed             : CCYY-MM-DDThh:mmZ
     Additional Information   : (multiple lines)

4.x  Antenna Type             : (A20, from rcvr_ant.tab; see instructions)
     Serial Number            : (A*, but note the first A5 is used in SINEX)
     Antenna Reference Point  : (BPA/BCR/XXX from "antenna.gra"; see instr.)
     Marker->ARP Up Ecc. (m)  : (F8.4)
     Marker->ARP North Ecc(m) : (F8.4)
     Marker->ARP East Ecc(m)  : (F8.4)
     Alignment from True N    : (deg; + is clockwise/east)
     Antenna Radome Type      : (A4 from rcvr_ant.tab; see instructions)
     Radome Serial Number     : 
     Antenna Cable Type       : (vendor & type number)
     Antenna Cable Length     : (m)
     Date Installed           : (CCYY-MM-DDThh:mmZ)
     Date Removed             : (CCYY-MM-DDThh:mmZ)
     Additional Information   : (multiple lines)


5.   Surveyed Local Ties

5.x  Tied Marker Name         : 
     Tied Marker Usage        : (SLR/VLBI/LOCAL CONTROL/FOOTPRINT/etc)
     Tied Marker CDP Number   : (A4)
     Tied Marker DOMES Number : (A9)
     Differential Components from GNSS Marker to the tied monument (ITRS)
       dx (m)                 : (m)
       dy (m)                 : (m)
       dz (m)                 : (m)
     Accuracy (mm)            : (mm)
     Survey method            : (GPS CAMPAIGN/TRILATERATION/TRIANGULATION/etc)
     Date Measured            : (CCYY-MM-DDThh:mmZ)
     Additional Information   : (multiple lines)


6.   Frequency Standard

6.1  Standard Type            : EXTERNAL RUBIDIUM
       Input Frequency        : 10 MHz
       Effective Dates        : 1999-06-01/2008-05-16
       Notes                  : (multiple lines)

6.2  Standard Type            : INTERNAL 
       Input Frequency        : (if external)
       Effective Dates        : 2008-05-16/2008-07-21
       Notes                  : (multiple lines)

6.3  Standard Type            : EXTERNAL RUBIDIUM
       Input Frequency        : 10 MHz
       Effective Dates        : 2008-07-21/CCYY-MM-DD
       Notes                  : (multiple lines)

6.x  Standard Type            : (INTERNAL or EXTERNAL H-MASER/CESIUM/etc)
       Input Frequency        : (if external)
       Effective Dates        : (CCYY-MM-DD/CCYY-MM-DD)
       Notes                  : (multiple lines)


7.   Collocation Information

7.x  Instrumentation Type     : (GPS/GLONASS/DORIS/PRARE/SLR/VLBI/TIME/etc)
       Status                 : (PERMANENT/MOBILE)
       Effective Dates        : (CCYY-MM-DD/CCYY-MM-DD)
       Notes                  : (multiple lines)


8.   Meteorological Instrumentation

8.1.1  Humidity Sensor Model  : HMP45A
       Manufacturer           : VAISALA
       Serial Number          : 1730002
       Data Sampling Interval : 15 s
       Accuracy (% rel h)     : 1
       Aspiration             : (UNASPIRATED/NATURAL/FAN/etc)
       Height Diff to Ant     : 1 m
       Calibration date       : (CCYY-MM-DD)
       Effective Dates        : 2005-06-09/CCYY-MM-DD
       Notes                  : (multiple lines)

8.1.x  Humidity Sensor Model  : 
       Manufacturer           : 
       Serial Number          : 
       Data Sampling Interval : (sec)
       Accuracy (% rel h)     : (% rel h)
       Aspiration             : (UNASPIRATED/NATURAL/FAN/etc)
       Height Diff to Ant     : (m)
       Calibration date       : (CCYY-MM-DD)
       Effective Dates        : (CCYY-MM-DD/CCYY-MM-DD)
       Notes                  : (multiple lines)

8.2.1  Pressure Sensor Model  : PTU200
       Manufacturer           : VAISALA
       Serial Number          : 1730002
       Data Sampling Interval : 2 s
       Accuracy               : 0.10 hPa
       Height Diff to Ant     : 1 m
       Calibration date       : (CCYY-MM-DD)
       Effective Dates        : 2005-06-09/CCYY-MM-DD
       Notes                  : (multiple lines)

8.2.x  Pressure Sensor Model  : 
       Manufacturer           : 
       Serial Number          : 
       Data Sampling Interval : (sec)
       Accuracy               : (hPa)
       Height Diff to Ant     : (m)
       Calibration date       : (CCYY-MM-DD)
       Effective Dates        : (CCYY-MM-DD/CCYY-MM-DD)
       Notes                  : (multiple lines)

8.3.1  Temp. Sensor Model     : HMP45D
       Manufacturer           : VAISALA
       Serial Number          : 1730002
       Data Sampling Interval : 15 s
       Accuracy               : 0.2 deg C
       Aspiration             : (UNASPIRATED/NATURAL/FAN/etc)
       Height Diff to Ant     : 1 m
       Calibration date       : (CCYY-MM-DD)
       Effective Dates        : 2005-06-09/CCYY-MM-DD
       Notes                  : (multiple lines)

8.3.x  Temp. Sensor Model     : 
       Manufacturer           : 
       Serial Number          : 
       Data Sampling Interval : (sec)
       Accuracy               : (deg C)
       Aspiration             : (UNASPIRATED/NATURAL/FAN/etc)
       Height Diff to Ant     : (m)
       Calibration date       : (CCYY-MM-DD)
       Effective Dates        : (CCYY-MM-DD/CCYY-MM-DD)
       Notes                  : (multiple lines)

8.4.x  Water Vapor Radiometer : 
       Manufacturer           : 
       Serial Number          : 
       Distance to Antenna    : (m)
       Height Diff to Ant     : (m)
       Calibration date       : (CCYY-MM-DD)
       Effective Dates        : (CCYY-MM-DD/CCYY-MM-DD)
       Notes                  : (multiple lines)

8.5.x  Other Instrumentation  : (multiple lines)


9.   Local Ongoing Conditions Possibly Affecting Computed Position

9.1.x  Radio Interferences    : (TV/CELL PHONE ANTENNA/RADAR/etc)
       Observed Degradations  : (SN RATIO/DATA GAPS/etc)
       Effective Dates        : (CCYY-MM-DD/CCYY-MM-DD)
       Additional Information : (multiple lines)

9.2.x  Multipath Sources      : (METAL ROOF/DOME/VLBI ANTENNA/etc)
       Effective Dates        : (CCYY-MM-DD/CCYY-MM-DD)
       Additional Information : (multiple lines)

9.3.x  Signal Obstructions    : (TREES/BUILDLINGS/etc)
       Effective Dates        : (CCYY-MM-DD/CCYY-MM-DD)
       Additional Information : (multiple lines)


10.  Local Episodic Effects Possibly Affecting Data Quality

10.x  Date                    : (CCYY-MM-DD/CCYY-MM-DD)
      Event                   : (TREE CLEARING/CONSTRUCTION/etc)


11.  On-Site, Point of Contact Agency Information

     Agency                   : University of Perugia
     Preferred Abbreviation   : UNPG
     Mailing Address          : Via G. Duranti, 93 06125 PERUGIA, ITALY
     Primary Contact
       Contact Name           : F. RADICIONI
       Telephone (primary)    : ++39.075.5853765
       Telephone (secondary)  : 
       Fax                    : ++39.075.5853756
       E-mail                 : fabio.radicioni@unipg.it
     Secondary Contact
       Contact Name           : A. STOPPINI
       Telephone (primary)    : ++39.075.5853767
       Telephone (secondary)  : 
       Fax                    : ++39.075.5853756
       E-mail                 : aurelio.stoppini@unipg.it
     Additional Information   : (multiple lines)


12.  Responsible Agency (if different from 11.)

     Agency                   : (multiple lines)
     Preferred Abbreviation   : (A10)
     Mailing Address          : (multiple lines)
     Primary Contact
       Contact Name           : 
       Telephone (primary)    : 
       Telephone (secondary)  : 
       Fax                    : 
       E-mail                 : 
     Secondary Contact
       Contact Name           : 
       Telephone (primary)    : 
       Telephone (secondary)  : 
       Fax                    : 
       E-mail                 : 
     Additional Information   : (multiple lines)


13.  More Information

     Primary Data Center      : ASI
     Secondary Data Center    : BKGE
     URL for More Information : 
     Hardcopy on File
       Site Map               : (Y or URL)
       Site Diagram           : (Y or URL)
       Horizon Mask           : (Y or URL)
       Monument Description   : (Y or URL)
       Site Pictures          : (Y or URL)
     Additional Information   : (multiple lines)
     Antenna Graphics with Dimensions

+-------------------------+ <--------------Plastic Housing for
               /    -------------------    \               Antenna/Choke Ring
              /    /         +         \    \                <-- 0.1186 L2
   +---------+     |         +         |     +---------+     <-- 0.1131 L1
  | +-------------------------------------------------+ |    <-- 0.xxxx TCR
 /  |                                                 |  \
|   |                                                 |   |
|   |                                                 |   |
|   |                                                 |   |
 \+-----------------------------------------------------+/
 |+-----------------------------------------------------+|   <-- 0.xxxx BCR
  \______________  |                   |  ______________/
                 \ |                   | /
                  \+---------x---------+/                    <-- 0.0000 BPA=ARP
                      |             |
                      |             |
                      +------x------+  Marker                <-- -0.100
<--                        0.381                       -->
