     UNTR Site Information Form (site log)
     International GNSS Service
     See Instructions at:
       ftp://igscb.jpl.nasa.gov/pub/station/general/sitelog_instr.txt


0.   Form

     Prepared by (full name)  : Aurelio Stoppini
     Date Prepared            : 2014-05-23
     Report Type              : UPDATE
     If Update:
      Previous Site Log       : untr_20140521.log
      Modified/Added Sections : 3.6


1.   Site Identification of the GNSS Monument

     Site Name                : UNIVERSITY OF PERUGIA
     Four Character ID        : UNTR
     Monument Inscription     : stable pillar 'A' on the roof
     IERS DOMES Number        : 12785M001
     CDP Number               : (A4)
     Monument Description     : PILLAR
       Height of the Monument : (m)
       Monument Foundation    : ROOF
       Foundation Depth       : (m)
     Marker Description       : BRASS NAIL
     Date Installed           : 2004-07-01
     Geologic Characteristic  : FLUVIAL-LACUSTRINE DEPOSITS ON BEDROCK
       Bedrock Type           : SEDIMENTARY
       Bedrock Condition      : JOINTED
       Fracture Spacing       : (0 cm/1-10 cm/11-50 cm/51-200 cm/over 200 cm)
       Fault zones nearby     : (YES/NO/Name of the zone)
         Distance/activity    : (multiple lines)
     Additional Information   : (multiple lines)


2.   Site Location Information

     City or Town             : Terni
     State or Province        : UMBRIA
     Country                  : Italy
     Tectonic Plate           : EURASIAN
     Approximate Position (ITRF)
       X coordinate (m)       : 4590764.88
       Y coordinate (m)       : 1032366.65
       Z coordinate (m)       : 4291666.31
       Latitude (N is +)      : +423331.23
       Longitude (E is +)     : +0124025.63
       Elevation (m,ellips.)  :   219.3
     Additional Information   : (multiple lines)


3.   GNSS Receiver Information

3.1  Receiver Type            : TPS ODYSSEY_E
     Satellite System         : GPS+GLO
     Serial Number            : 8PQKKNBZ94W
     Firmware Version         : 2.5 Jun,22,2005 p1
     Elevation Cutoff Setting : 0 deg
     Date Installed           : 2006-03-19T15:40Z
     Date Removed             : 2008-02-08T15:00Z
     Temperature Stabiliz.    : (deg C) +/- (deg C)
     Additional Information   : (multiple lines)

3.2  Receiver Type            : TPS ODYSSEY_E
     Satellite System         : GPS+GLO
     Serial Number            : 8PQKKNBZ94W
     Firmware Version         : 3.1 Jun,28,2007 p3
     Elevation Cutoff Setting : 0 deg
     Date Installed           : 2008-02-08T15:00Z
     Date Removed             : 2012-02-23T11:40Z
     Temperature Stabiliz.    : (deg C) +/- (deg C)
     Additional Information   : (multiple lines)

3.3  Receiver Type            : TPS NETG3
     Satellite System         : GPS+GLO
     Serial Number            : R8KUB0XNYM8
     Firmware Version         : 3.3 Jul,10,2008 p4
     Elevation Cutoff Setting : 0 deg
     Date Installed           : 2012-02-23T12:05Z
     Date Removed             : 2012-04-17T10:13Z
     Temperature Stabiliz.    : (deg C) +/- (deg C)
     Additional Information   : (multiple lines)

3.4  Receiver Type            : TPS NET-G3A
     Satellite System         : GPS+GLO
     Serial Number            : KRHAAK1N30G
     Firmware Version         : 3.4 Dec,12,2009 p2
     Elevation Cutoff Setting : 0 deg
     Date Installed           : 2012-04-17T10:53Z
     Date Removed             : 2012-05-08T13:05Z
     Temperature Stabiliz.    : (deg C) +/- (deg C)
     Additional Information   : (multiple lines)

3.5  Receiver Type            : TPS NET-G3A
     Satellite System         : GPS+GLO
     Serial Number            : KRHAAK1N30G
     Firmware Version         : 3.6 Feb,28,2012 p1
     Elevation Cutoff Setting : 0 deg
     Date Installed           : 2012-05-08T13:11Z
     Date Removed             : 2014-03-24T12:01Z
     Temperature Stabiliz.    : (deg C) +/- (deg C)
     Additional Information   : (multiple lines)

3.6  Receiver Type            : TPS NET-G3A
     Satellite System         : GPS+GLO
     Serial Number            : KRHAAK1N30G
     Firmware Version         : 4.1 May,31,2013
     Elevation Cutoff Setting : 0 deg
     Date Installed           : 2014-03-24T12:15Z
     Date Removed             : CCYY-MM-DDThh:mmZ
     Temperature Stabiliz.    : (deg C) +/- (deg C)
     Additional Information   : (multiple lines)

3.x  Receiver Type            : (A20, from rcvr_ant.tab; see instructions)
     Satellite System         : (GPS+GLO+GAL+BDS+QZSS+SBAS)
     Serial Number            : (A20, but note the first A5 is used in SINEX)
     Firmware Version         : (A11)
     Elevation Cutoff Setting : (deg)
     Date Installed           : (CCYY-MM-DDThh:mmZ)
     Date Removed             : (CCYY-MM-DDThh:mmZ)
     Temperature Stabiliz.    : (none or tolerance in degrees C)
     Additional Information   : (multiple lines)


4.   GNSS Antenna Information

4.1  Antenna Type             : TPSCR3_GGD      NONE
     Serial Number            : 217-0217
     Antenna Reference Point  : BPA
     Marker->ARP Up Ecc. (m)  :   0.1000
     Marker->ARP North Ecc(m) :   0.0000
     Marker->ARP East Ecc(m)  :   0.0000
     Alignment from True N    : 0 deg
     Antenna Radome Type      : NONE
     Radome Serial Number     : 
     Antenna Cable Type       : (vendor & type number)
     Antenna Cable Length     : (m)
     Date Installed           : 2003-11-18T11:40Z
     Date Removed             : 2012-02-23T11:55Z
     Additional Information   : (multiple lines)

4.2  Antenna Type             : TPSCR.G3        TPSH
     Serial Number            : 383-0134
     Antenna Reference Point  : BPA
     Marker->ARP Up Ecc. (m)  :   0.1000
     Marker->ARP North Ecc(m) :   0.0000
     Marker->ARP East Ecc(m)  :   0.0000
     Alignment from True N    : 0 deg
     Antenna Radome Type      : TPSH
     Radome Serial Number     : 
     Antenna Cable Type       : (vendor & type number)
     Antenna Cable Length     : (m)
     Date Installed           : 2012-02-23T12:10Z
     Date Removed             : CCYY-MM-DDThh:mmZ
     Additional Information   : (multiple lines)

4.x  Antenna Type             : (A20, from rcvr_ant.tab; see instructions)
     Serial Number            : (A*, but note the first A5 is used in SINEX)
     Antenna Reference Point  : (BPA/BCR/XXX from "antenna.gra"; see instr.)
     Marker->ARP Up Ecc. (m)  : (F8.4)
     Marker->ARP North Ecc(m) : (F8.4)
     Marker->ARP East Ecc(m)  : (F8.4)
     Alignment from True N    : (deg; + is clockwise/east)
     Antenna Radome Type      : (A4 from rcvr_ant.tab; see instructions)
     Radome Serial Number     : 
     Antenna Cable Type       : (vendor & type number)
     Antenna Cable Length     : (m)
     Date Installed           : (CCYY-MM-DDThh:mmZ)
     Date Removed             : (CCYY-MM-DDThh:mmZ)
     Additional Information   : (multiple lines)


5.   Surveyed Local Ties

5.x  Tied Marker Name         : 
     Tied Marker Usage        : (SLR/VLBI/LOCAL CONTROL/FOOTPRINT/etc)
     Tied Marker CDP Number   : (A4)
     Tied Marker DOMES Number : (A9)
     Differential Components from GNSS Marker to the tied monument (ITRS)
       dx (m)                 : (m)
       dy (m)                 : (m)
       dz (m)                 : (m)
     Accuracy (mm)            : (mm)
     Survey method            : (GPS CAMPAIGN/TRILATERATION/TRIANGULATION/etc)
     Date Measured            : (CCYY-MM-DDThh:mmZ)
     Additional Information   : (multiple lines)


6.   Frequency Standard

6.1  Standard Type            : INTERNAL 
       Input Frequency        : (if external)
       Effective Dates        : 2004-07-01/CCYY-MM-DD
       Notes                  : (multiple lines)

6.x  Standard Type            : (INTERNAL or EXTERNAL H-MASER/CESIUM/etc)
       Input Frequency        : (if external)
       Effective Dates        : (CCYY-MM-DD/CCYY-MM-DD)
       Notes                  : (multiple lines)


7.   Collocation Information

7.x  Instrumentation Type     : (GPS/GLONASS/DORIS/PRARE/SLR/VLBI/TIME/etc)
       Status                 : (PERMANENT/MOBILE)
       Effective Dates        : (CCYY-MM-DD/CCYY-MM-DD)
       Notes                  : (multiple lines)


8.   Meteorological Instrumentation

8.1.x  Humidity Sensor Model  : 
       Manufacturer           : 
       Serial Number          : 
       Data Sampling Interval : (sec)
       Accuracy (% rel h)     : (% rel h)
       Aspiration             : (UNASPIRATED/NATURAL/FAN/etc)
       Height Diff to Ant     : (m)
       Calibration date       : (CCYY-MM-DD)
       Effective Dates        : (CCYY-MM-DD/CCYY-MM-DD)
       Notes                  : (multiple lines)

8.2.x  Pressure Sensor Model  : 
       Manufacturer           : 
       Serial Number          : 
       Data Sampling Interval : (sec)
       Accuracy               : (hPa)
       Height Diff to Ant     : (m)
       Calibration date       : (CCYY-MM-DD)
       Effective Dates        : (CCYY-MM-DD/CCYY-MM-DD)
       Notes                  : (multiple lines)

8.3.x  Temp. Sensor Model     : 
       Manufacturer           : 
       Serial Number          : 
       Data Sampling Interval : (sec)
       Accuracy               : (deg C)
       Aspiration             : (UNASPIRATED/NATURAL/FAN/etc)
       Height Diff to Ant     : (m)
       Calibration date       : (CCYY-MM-DD)
       Effective Dates        : (CCYY-MM-DD/CCYY-MM-DD)
       Notes                  : (multiple lines)

8.4.x  Water Vapor Radiometer : 
       Manufacturer           : 
       Serial Number          : 
       Distance to Antenna    : (m)
       Height Diff to Ant     : (m)
       Calibration date       : (CCYY-MM-DD)
       Effective Dates        : (CCYY-MM-DD/CCYY-MM-DD)
       Notes                  : (multiple lines)

8.5.x  Other Instrumentation  : (multiple lines)


9.   Local Ongoing Conditions Possibly Affecting Computed Position

9.1.x  Radio Interferences    : (TV/CELL PHONE ANTENNA/RADAR/etc)
       Observed Degradations  : (SN RATIO/DATA GAPS/etc)
       Effective Dates        : (CCYY-MM-DD/CCYY-MM-DD)
       Additional Information : (multiple lines)

9.2.x  Multipath Sources      : (METAL ROOF/DOME/VLBI ANTENNA/etc)
       Effective Dates        : (CCYY-MM-DD/CCYY-MM-DD)
       Additional Information : (multiple lines)

9.3.x  Signal Obstructions    : (TREES/BUILDLINGS/etc)
       Effective Dates        : (CCYY-MM-DD/CCYY-MM-DD)
       Additional Information : (multiple lines)


10.  Local Episodic Effects Possibly Affecting Data Quality

10.x  Date                    : (CCYY-MM-DD/CCYY-MM-DD)
      Event                   : (TREE CLEARING/CONSTRUCTION/etc)


11.  On-Site, Point of Contact Agency Information

     Agency                   : University of Perugia
     Preferred Abbreviation   : UNPG
     Mailing Address          : Via G. Duranti, 93 06125 PERUGIA, ITALY
     Primary Contact
       Contact Name           : F. RADICIONI
       Telephone (primary)    : ++39.075.5853765
       Telephone (secondary)  : 
       Fax                    : ++39.075.5853756
       E-mail                 : fabio.radicioni@unipg.it
     Secondary Contact
       Contact Name           : A. STOPPINI
       Telephone (primary)    : ++39.075.5853767
       Telephone (secondary)  : 
       Fax                    : ++39.075.5853756
       E-mail                 : aurelio.stoppini@unipg.it
     Additional Information   : (multiple lines)


12.  Responsible Agency (if different from 11.)

     Agency                   : (multiple lines)
     Preferred Abbreviation   : (A10)
     Mailing Address          : (multiple lines)
     Primary Contact
       Contact Name           : 
       Telephone (primary)    : 
       Telephone (secondary)  : 
       Fax                    : 
       E-mail                 : 
     Secondary Contact
       Contact Name           : 
       Telephone (primary)    : 
       Telephone (secondary)  : 
       Fax                    : 
       E-mail                 : 
     Additional Information   : (multiple lines)


13.  More Information

     Primary Data Center      : ASI
     Secondary Data Center    : OLG
     URL for More Information : 
     Hardcopy on File
       Site Map               : (Y or URL)
       Site Diagram           : (Y or URL)
       Horizon Mask           : (Y or URL)
       Monument Description   : (Y or URL)
       Site Pictures          : (Y or URL)
     Additional Information   : (multiple lines)
     Antenna Graphics with Dimensions

TPSCR.G3


                    ___-----------___
                _ --                 -- _
              /                           \
           /                                 \
         /                                     \
       /                                         \
      /                                           \
     /                  +-------+                  \
    |                 /           \                 |
   |                 |             |                 |
  |+-----------------+-------------+-----------------+|   <--  0.1015  TCR
  ||                                                 ||
  ||                                                 ||
  ||                                                 ||
  ||                                                 ||
 +-+-------------------------------------------------+-+
 +-------------------+-------------+-------------------+  <--  0.0345  BCR
                     |             |
                     |             |
                     +------x------+                      <--  0.0000  BPA=ARP
                        |       |
                        |       |
                        |       |
                        |       |
                        |       |
                        |       |
                   +------- x -------+  Marker            <-- -0.1000
                   |                 |
