     UYTA Site Information Form (site log)
     International GPS Service
     See Instructions at:
       ftp://igscb.jpl.nasa.gov/pub/station/general/sitelog_instr.txt

0.   Form

     Prepared by (full name)  : José María Pampillón Berger 
     Date Prepared            : 2013-02-14
     Report Type              : UPDATE
     If Update:
      Previous Site Log       : uyta_2121213.log
      Modified/Added Sections : 3.1,3.2


1.   Site Identification of the GNSS Monument

     Site Name                : UYTA
     Four Character ID        : UYTA
     Monument Inscription     : 
     IERS DOMES Number        : 42302M001
     CDP Number               : (A4)
     Monument Description     : STEEL MAST 
       Height of the Monument : 2.085
       Monument Foundation    : STEEL RODS
       Foundation Depth       : 1.0 
     Marker Description       : THREAD 5/8"
     Date Installed           : 2006-09-21T00:00Z
     Geologic Characteristic  : BEDROCK
       Bedrock Type           : (IGNEOUS/METAMORPHIC/SEDIMENTARY)
       Bedrock Condition      : (FRESH/JOINTED/WEATHERED)
       Fracture Spacing       : (1-10 cm/11-50 cm/51-200 cm/over 200 cm)
       Fault zones nearby     : NO
         Distance/activity    : (multiple lines)
     Additional Information   : (multiple lines)


2.   Site Location Information

     City or Town             : Tacuarembó
     State or Province        : TACUAREMBO
     Country                  : URUGUAY
     Tectonic Plate           : 
     Approximate Position (ITRF)
       X coordinate (m)       :  3042868.15
       Y coordinate (m)       : -4500645.40
       Z coordinate (m)       : -3330675.43
       Latitude (N is +)      : -314059.04
       Longitude (E is +)     : -0555615.12
       Elevation (m,ellips.)  : 186.974
     Additional Information   : (multiple lines)


3.   GNSS Receiver Information

3.1  Receiver Type            : TRIMBLE NETRS
     Satellite System         : GPS
     Serial Number            : 4427235679
     Firmware Version         : 1.1-5 13 Jan 2006
     Elevation Cutoff Setting : 10
     Date Installed           : 2006-09-21T00:00Z
     Date Removed             : 2013-02-14T00:00Z
     Temperature Stabiliz.    : (none or tolerance in degrees C)
     Additional Information   : (multiple lines)

3.2  Receiver Type            : TRIMBLE NETRS
     Satellite System         : GPS
     Serial Number            : 4427235679
     Firmware Version         : 1.3-2 30 Oct 2012
     Elevation Cutoff Setting : 10
     Date Installed           : 2013-02-14T00:00Z
     Date Removed             : (CCYY-MM-DDThh:mmZ)
     Temperature Stabiliz.    : (none or tolerance in degrees C)
     Additional Information   : (multiple lines)

3.x  Receiver Type            : (A20, from rcvr_ant.tab; see instructions)
     Satellite System         : (GPS/GLONASS/GPS+GLONASS)
     Serial Number            : (A20, but note the first A5 is used in SINEX)
     Firmware Version         : (A11)
     Elevation Cutoff Setting : (deg)
     Date Installed           : (CCYY-MM-DDThh:mmZ)
     Date Removed             : (CCYY-MM-DDThh:mmZ)
     Temperature Stabiliz.    : (none or tolerance in degrees C)
     Additional Information   : (multiple lines)

4.   GNSS Antenna Information

4.1  Antenna Type             : TRM41249.00
     Serial Number            : 12299918
     Antenna Reference Point  : BAM
     Marker->ARP Up Ecc. (m)  : 0.0000	
     Marker->ARP North Ecc(m) : 0.0000
     Marker->ARP East Ecc(m)  : 0.0000
     Alignment from True N    : 
     Antenna Radome Type      : NONE
     Radome Serial Number     : 
     Antenna Cable Type       : (vendor & type number)
     Antenna Cable Length     : 30.0
     Date Installed           : 2006-09-21T00:00Z
     Date Removed             : (CCYY-MM-DDThh:mmZ)
     Additional Information   : (multiple lines)

4.x  Antenna Type             : (A20, from rcvr_ant.tab; see instructions)
     Serial Number            : (A*, but note the first A5 is used in SINEX)
     Antenna Reference Point  : (BPA/BCR/XXX from "antenna.gra"; see instr.)
     Marker->ARP Up Ecc. (m)  : (F8.4)
     Marker->ARP North Ecc(m) : (F8.4)
     Marker->ARP East Ecc(m)  : (F8.4)
     Alignment from True N    : (deg; + is clockwise/east)
     Antenna Radome Type      : (A4 from rcvr_ant.tab; see instructions)
     Radome Serial Number     : 
     Antenna Cable Type       : (vendor & type number)
     Antenna Cable Length     : (m)
     Date Installed           : (CCYY-MM-DDThh:mmZ)
     Date Removed             : (CCYY-MM-DDThh:mmZ)
     Additional Information   : (multiple lines)


5.   Surveyed Local Ties

5.x  Tied Marker Name         : 
     Tied Marker Usage        : (SLR/VLBI/LOCAL CONTROL/FOOTPRINT/etc)
     Tied Marker CDP Number   : (A4)
     Tied Marker DOMES Number : (A9)
     Differential Components from GNSS Marker to the tied monument (ITRS)
       dx (m)                 : (m)
       dy (m)                 : (m)
       dz (m)                 : (m)
     Accuracy (mm)            : (mm)
     Survey method            : (GPS CAMPAIGN/TRILATERATION/TRIANGULATION/etc)
     Date Measured            : (CCYY-MM-DDThh:mmZ)
     Additional Information   : (multiple lines)


6.   Frequency Standard

6.x  Standard Type            : (INTERNAL or EXTERNAL H-MASER/CESIUM/etc)
       Input Frequency        : (if external)
       Effective Dates        : (CCYY-MM-DD/CCYY-MM-DD)
       Notes                  : (multiple lines)


7.   Collocation Information

7.x  Instrumentation Type     : (GPS/GLONASS/DORIS/PRARE/SLR/VLBI/TIME/etc)
       Status                 : (PERMANENT/MOBILE)
       Effective Dates        : (CCYY-MM-DD/CCYY-MM-DD)
       Notes                  : (multiple lines)


8.   Meteorological Instrumentation

8.1.x Humidity Sensor Model   : 
       Manufacturer           : 
       Serial Number          : 
       Data Sampling Interval : (sec)
       Accuracy (% rel h)     : (% rel h)
       Aspiration             : (UNASPIRATED/NATURAL/FAN/etc)
       Height Diff to Ant     : (m)
       Calibration date       : (CCYY-MM-DD)
       Effective Dates        : (CCYY-MM-DD/CCYY-MM-DD)
       Notes                  : (multiple lines)

8.2.x Pressure Sensor Model   : 
       Manufacturer           : 
       Serial Number          : 
       Data Sampling Interval : (sec)
       Accuracy               : (hPa)
       Height Diff to Ant     : (m)
       Calibration date       : (CCYY-MM-DD)
       Effective Dates        : (CCYY-MM-DD/CCYY-MM-DD)
       Notes                  : (multiple lines)

8.3.x Temp. Sensor Model      : 
       Manufacturer           : 
       Serial Number          : 
       Data Sampling Interval : (sec)
       Accuracy               : (deg C)
       Aspiration             : (UNASPIRATED/NATURAL/FAN/etc)
       Height Diff to Ant     : (m)
       Calibration date       : (CCYY-MM-DD)
       Effective Dates        : (CCYY-MM-DD/CCYY-MM-DD)
       Notes                  : (multiple lines)

8.4.x Water Vapor Radiometer  : 
       Manufacturer           : 
       Serial Number          : 
       Distance to Antenna    : (m)
       Height Diff to Ant     : (m)
       Calibration date       : (CCYY-MM-DD)
       Effective Dates        : (CCYY-MM-DD/CCYY-MM-DD)
       Notes                  : (multiple lines)

8.5.x Other Instrumentation   : (multiple lines)


9.  Local Ongoing Conditions Possibly Affecting Computed Position

9.1.x Radio Interferences     : (TV/CELL PHONE ANTENNA/RADAR/etc)
      Observed Degradations   : (SN RATIO/DATA GAPS/etc)
      Effective Dates         : (CCYY-MM-DD/CCYY-MM-DD)
      Additional Information  : (multiple lines)

9.2.x Multipath Sources       : (METAL ROOF/DOME/VLBI ANTENNA/etc)
      Effective Dates         : (CCYY-MM-DD/CCYY-MM-DD)
      Additional Information  : (multiple lines)

9.3.x Signal Obstructions     : (TREES/BUILDLINGS/etc)
      Effective Dates         : (CCYY-MM-DD/CCYY-MM-DD)
      Additional Information  : (multiple lines)


10.  Local Episodic Effects Possibly Affecting Data Quality

10.x Date                     : (CCYY-MM-DD/CCYY-MM-DD)
     Event                    : (TREE CLEARING/CONSTRUCTION/etc)

11.   On-Site, Point of Contact Agency Information

     Agency                   : SERVICIO GEOGRAFICO MILITAR
     Preferred Abbreviation   : SGM
     Mailing Address          : 8 DE OCTUBRE 3255
     				MONTEVIDEO, URUGUAY
     Primary Contact
       Contact Name           : José María Pampillón
       Telephone (primary)    : (00598)24871810
       Telephone (secondary)  : (00498)99577681
       Fax                    : (00598)24870868
       E-mail                 : jmpb77@hotmail.com
     Secondary Contact                           
                 		
       Contact Name           : Pedro Sandoval
       Telephone (primary)    : (00598)24871810
       Telephone (secondary)  : (00598)24870868
       Fax                    : 
       E-mail                 : pesa1977@gmail.com
     Additional Information   : (multiple lines)
				

12.  Responsible Agency (if different from 11.)
				
     Agency                   : SERVICIO GEOGRAFICO MILITAR
     Preferred Abbreviation   : SGM
     Mailing Address          : 8 DE OCTUBRE 3255
     				MONTEVIDEO, URUGUAY
     				
     Primary Contact		
       Contact Name           : José María Pampillón
       Telephone (primary)    : (00598)24871810
       Telephone (secondary)  : (00498)99577681
       Fax                    : (00598)24870868
       E-mail                 : jmpb77@hotmail.com
     Secondary Contact		
       Contact Name           : Pedro Sandoval
       Telephone (primary)    : (00598)24871810
       Telephone (secondary)  : (00598)24870868
       Fax                    : 
       E-mail                 : pesa1977@gmail.com
     Additional Information   : (multiple lines)
				
				
13.  More Information

     Primary Data Center      :	DGFI, Germany
     Secondary Data Center    :	SGM, Uruguay
     URL for More Information : 
     Hardcopy on File		
       Site Map               : (Y or URL)
       Site Diagram           : (Y or URL)
       Horizon Mask           : (Y or URL)
       Monument Description   : (Y or URL)
       Site Pictures          : (Y or URL)
     Additional Information   : (multiple lines)
     Antenna Graphics with Dimensions

TRM41249.00

    / ----------------------+--------------------- \   
   +                        +                       +  
    \ -------------------------------------------- /   
                    \               /
                     \             /
                      \-----+-----/                    <--  0.0000  ARP=BAM

   <--                   0.3396                  -->

