     VALE Site Information Form (site log)
     International GNSS Service
     See Instructions at:
       ftp://igscb.jpl.nasa.gov/pub/station/general/sitelog_instr.txt


0.   Form

     Prepared by (full name)  : Pedro Gonzalo Lopez
     Date Prepared            : 2015-08-17
     Report Type              : UPDATE
     If Update:
      Previous Site Log       : vale_20140915.log
      Modified/Added Sections : 3.12, 3.13


1.   Site Identification of the GNSS Monument

     Site Name                : Valencia
     Four Character ID        : VALE
     Monument Inscription     : None
     IERS DOMES Number        : 13439M001
     CDP Number               : (A4)
     Monument Description     : STEEL MAST
       Height of the Monument : 3 m
       Monument Foundation    : CONCRETE BLOCK
       Foundation Depth       : 3 m
     Marker Description       : BRASS PLATE
     Date Installed           : 1999-12-16
     Geologic Characteristic  : CLAY
       Bedrock Type           : SEDIMENTARY
       Bedrock Condition      : WEATHERED
       Fracture Spacing       : (0 cm/1-10 cm/11-50 cm/51-200 cm/over 200 cm)
       Fault zones nearby     : NO
         Distance/activity    : (multiple lines)
     Additional Information   : VALE is a reference point of the Spanish
                              : National GPS Reference Stations Network
                              : raised by the Instituto Geografico
                              : Nacional. The monument is a reinforced
                              : concrete block blasted on the top of the
                              : roof of the Escuela de Cartografia y
                              : Geodesia of Universidad Politecnica de
                              : Valencia. A steel tower of 3m
                              : height is carrying the GPS antenna.


2.   Site Location Information

     City or Town             : Valencia
     State or Province        : Valencia
     Country                  : Spain
     Tectonic Plate           : EURASIAN
     Approximate Position (ITRF)
       X coordinate (m)       : 4929534.043
       Y coordinate (m)       : -29050.669
       Z coordinate (m)       : 4033709.906
       Latitude (N is +)      : +392850.98
       Longitude (E is +)     : -0002015.52
       Elevation (m,ellips.)  :    78.0
     Additional Information   : (multiple lines)


3.   GNSS Receiver Information

3.1  Receiver Type            : TRIMBLE 4000SSI
     Satellite System         : GPS
     Serial Number            : 26991
     Firmware Version         : 7.29 / 3.07
     Elevation Cutoff Setting : 0 deg
     Date Installed           : 1999-12-16T12:00Z
     Date Removed             : 2000-05-12T23:30Z
     Temperature Stabiliz.    : (deg C) +/- (deg C)
     Additional Information   : (multiple lines)

3.2  Receiver Type            : TRIMBLE 4000SSI
     Satellite System         : GPS
     Serial Number            : 00026991
     Firmware Version         : NP 7.19 / SP 3.04
     Elevation Cutoff Setting : 0 deg
     Date Installed           : 2000-05-13T00:00Z
     Date Removed             : 2006-11-12T23:59Z
     Temperature Stabiliz.    : (deg C) +/- (deg C)
     Additional Information   : (multiple lines)

3.3  Receiver Type            : TRIMBLE NETRS
     Satellite System         : GPS
     Serial Number            : 4549261224
     Firmware Version         : NP 1.15 / SP 0.00
     Elevation Cutoff Setting : 0 deg
     Date Installed           : 2006-11-13T00:00Z
     Date Removed             : 2008-03-26T09:00Z
     Temperature Stabiliz.    : (deg C) +/- (deg C)
     Additional Information   : (multiple lines)

3.4  Receiver Type            : TRIMBLE NETRS
     Satellite System         : GPS
     Serial Number            : 4549261224
     Firmware Version         : NP 1.20 / SP 0.00
     Elevation Cutoff Setting : 0 deg
     Date Installed           : 2008-03-26T09:01Z
     Date Removed             : 2009-04-20T11:01Z
     Temperature Stabiliz.    : (deg C) +/- (deg C)
     Additional Information   : (multiple lines)

3.5  Receiver Type            : TRIMBLE NETRS
     Satellite System         : GPS
     Serial Number            : 4549261224
     Firmware Version         : 1.2-5
     Elevation Cutoff Setting : 0 deg
     Date Installed           : 2009-04-21T00:01Z
     Date Removed             : 2010-07-21T09:00Z
     Temperature Stabiliz.    : (deg C) +/- (deg C)
     Additional Information   : (multiple lines)

3.6  Receiver Type            : TRIMBLE NETRS
     Satellite System         : GPS
     Serial Number            : 4549261224
     Firmware Version         : 1.2-5
     Elevation Cutoff Setting : 0 deg
     Date Installed           : 2010-07-21T09:00Z
     Date Removed             : 2010-09-15T08:00Z
     Temperature Stabiliz.    : (deg C) +/- (deg C)
     Additional Information   : Set tracking of unhealthy satellites

3.7  Receiver Type            : LEICA GR10
     Satellite System         : GPS+GLO
     Serial Number            : 1700071
     Firmware Version         : 1.00/4.005
     Elevation Cutoff Setting : 0 deg
     Date Installed           : 2010-09-16T00:00Z
     Date Removed             : 2011-05-11T10:00Z
     Temperature Stabiliz.    : (deg C) +/- (deg C)
     Additional Information   : (multiple lines)

3.8  Receiver Type            : LEICA GR10
     Satellite System         : GPS+GLO
     Serial Number            : 1700071
     Firmware Version         : 1.00/4.007
     Elevation Cutoff Setting : 0 deg
     Date Installed           : 2011-05-11T12:00Z
     Date Removed             : 2012-01-25T13:00Z
     Temperature Stabiliz.    : (deg C) +/- (deg C)
     Additional Information   : (multiple lines)

3.9  Receiver Type            : LEICA GR10
     Satellite System         : GPS+GLO
     Serial Number            : 1700071
     Firmware Version         : 2.00/4.007
     Elevation Cutoff Setting : 0 deg
     Date Installed           : 2012-01-25T14:00Z
     Date Removed             : 2012-05-11T12:40Z
     Temperature Stabiliz.    : (deg C) +/- (deg C)
     Additional Information   : (multiple lines)

3.10 Receiver Type            : LEICA GR10
     Satellite System         : GPS+GLO+GAL
     Serial Number            : 1700071
     Firmware Version         : 2.50/6.110
     Elevation Cutoff Setting : 0 deg
     Date Installed           : 2012-05-11T12:45Z
     Date Removed             : 2012-09-28T08:18Z
     Temperature Stabiliz.    : (deg C) +/- (deg C)
     Additional Information   : (multiple lines)

3.11 Receiver Type            : LEICA GR10
     Satellite System         : GPS+GLO+GAL
     Serial Number            : 1700071
     Firmware Version         : 2.62/6.112
     Elevation Cutoff Setting : 0 deg
     Date Installed           : 2012-09-28T08:19Z
     Date Removed             : 2013-05-13T11:16Z
     Temperature Stabiliz.    : (deg C) +/- (deg C)
     Additional Information   : (multiple lines)

3.12 Receiver Type            : LEICA GR10
     Satellite System         : GPS+GLO+GAL
     Serial Number            : 1700071
     Firmware Version         : 3.00/6.113
     Elevation Cutoff Setting : 0 deg
     Date Installed           : 2013-05-13T11:17Z
     Date Removed             : 2014-01-09T11:24Z
     Temperature Stabiliz.    : (deg C) +/- (deg C)
     Additional Information   : (multiple lines)

3.13 Receiver Type            : LEICA GR10
     Satellite System         : GPS+GLO+GAL
     Serial Number            : 1700071
     Firmware Version         : 3.03/6.214
     Elevation Cutoff Setting : 0 deg
     Date Installed           : 2014-01-09T11:41Z
     Date Removed             : CCYY-MM-DDThh:mmZ
     Temperature Stabiliz.    : (deg C) +/- (deg C)
     Additional Information   : (multiple lines)

3.x  Receiver Type            : (A20, from rcvr_ant.tab; see instructions)
     Satellite System         : (GPS+GLO+GAL+BDS+QZSS+SBAS)
     Serial Number            : (A20, but note the first A5 is used in SINEX)
     Firmware Version         : (A11)
     Elevation Cutoff Setting : (deg)
     Date Installed           : (CCYY-MM-DDThh:mmZ)
     Date Removed             : (CCYY-MM-DDThh:mmZ)
     Temperature Stabiliz.    : (none or tolerance in degrees C)
     Additional Information   : (multiple lines)


4.   GNSS Antenna Information

4.1  Antenna Type             : TRM29659.00     TCWD
     Serial Number            : 0180417
     Antenna Reference Point  : BPA
     Marker->ARP Up Ecc. (m)  :   3.0390
     Marker->ARP North Ecc(m) :   0.0000
     Marker->ARP East Ecc(m)  :   0.0000
     Alignment from True N    : 0 deg
     Antenna Radome Type      : TCWD
     Radome Serial Number     : 
     Antenna Cable Type       : (vendor & type number)
     Antenna Cable Length     : 30 m
     Date Installed           : 1999-12-16T12:00Z
     Date Removed             : 2010-09-15T08:00Z
     Additional Information   : (multiple lines)

4.2  Antenna Type             : LEIAR25.R3      LEIT
     Serial Number            : 10190012
     Antenna Reference Point  : BPA
     Marker->ARP Up Ecc. (m)  :   3.0390
     Marker->ARP North Ecc(m) :   0.0000
     Marker->ARP East Ecc(m)  :   0.0000
     Alignment from True N    : 0 deg
     Antenna Radome Type      : LEIT
     Radome Serial Number     : 
     Antenna Cable Type       : (vendor & type number)
     Antenna Cable Length     : 30 m
     Date Installed           : 2010-09-16T00:00Z
     Date Removed             : CCYY-MM-DDThh:mmZ
     Additional Information   : (multiple lines)

4.x  Antenna Type             : (A20, from rcvr_ant.tab; see instructions)
     Serial Number            : (A*, but note the first A5 is used in SINEX)
     Antenna Reference Point  : (BPA/BCR/XXX from "antenna.gra"; see instr.)
     Marker->ARP Up Ecc. (m)  : (F8.4)
     Marker->ARP North Ecc(m) : (F8.4)
     Marker->ARP East Ecc(m)  : (F8.4)
     Alignment from True N    : (deg; + is clockwise/east)
     Antenna Radome Type      : (A4 from rcvr_ant.tab; see instructions)
     Radome Serial Number     : 
     Antenna Cable Type       : (vendor & type number)
     Antenna Cable Length     : (m)
     Date Installed           : (CCYY-MM-DDThh:mmZ)
     Date Removed             : (CCYY-MM-DDThh:mmZ)
     Additional Information   : (multiple lines)


5.   Surveyed Local Ties

5.x  Tied Marker Name         : 
     Tied Marker Usage        : (SLR/VLBI/LOCAL CONTROL/FOOTPRINT/etc)
     Tied Marker CDP Number   : (A4)
     Tied Marker DOMES Number : (A9)
     Differential Components from GNSS Marker to the tied monument (ITRS)
       dx (m)                 : (m)
       dy (m)                 : (m)
       dz (m)                 : (m)
     Accuracy (mm)            : (mm)
     Survey method            : (GPS CAMPAIGN/TRILATERATION/TRIANGULATION/etc)
     Date Measured            : (CCYY-MM-DDThh:mmZ)
     Additional Information   : (multiple lines)


6.   Frequency Standard

6.1  Standard Type            : INTERNAL 
       Input Frequency        : (if external)
       Effective Dates        : 1999-12-16/CCYY-MM-DD
       Notes                  : (multiple lines)

6.x  Standard Type            : (INTERNAL or EXTERNAL H-MASER/CESIUM/etc)
       Input Frequency        : (if external)
       Effective Dates        : (CCYY-MM-DD/CCYY-MM-DD)
       Notes                  : (multiple lines)


7.   Collocation Information

7.x  Instrumentation Type     : (GPS/GLONASS/DORIS/PRARE/SLR/VLBI/TIME/etc)
       Status                 : (PERMANENT/MOBILE)
       Effective Dates        : (CCYY-MM-DD/CCYY-MM-DD)
       Notes                  : (multiple lines)


8.   Meteorological Instrumentation

8.1.x  Humidity Sensor Model  : 
       Manufacturer           : 
       Serial Number          : 
       Data Sampling Interval : (sec)
       Accuracy (% rel h)     : (% rel h)
       Aspiration             : (UNASPIRATED/NATURAL/FAN/etc)
       Height Diff to Ant     : (m)
       Calibration date       : (CCYY-MM-DD)
       Effective Dates        : (CCYY-MM-DD/CCYY-MM-DD)
       Notes                  : (multiple lines)

8.2.x  Pressure Sensor Model  : 
       Manufacturer           : 
       Serial Number          : 
       Data Sampling Interval : (sec)
       Accuracy               : (hPa)
       Height Diff to Ant     : (m)
       Calibration date       : (CCYY-MM-DD)
       Effective Dates        : (CCYY-MM-DD/CCYY-MM-DD)
       Notes                  : (multiple lines)

8.3.x  Temp. Sensor Model     : 
       Manufacturer           : 
       Serial Number          : 
       Data Sampling Interval : (sec)
       Accuracy               : (deg C)
       Aspiration             : (UNASPIRATED/NATURAL/FAN/etc)
       Height Diff to Ant     : (m)
       Calibration date       : (CCYY-MM-DD)
       Effective Dates        : (CCYY-MM-DD/CCYY-MM-DD)
       Notes                  : (multiple lines)

8.4.x  Water Vapor Radiometer : 
       Manufacturer           : 
       Serial Number          : 
       Distance to Antenna    : (m)
       Height Diff to Ant     : (m)
       Calibration date       : (CCYY-MM-DD)
       Effective Dates        : (CCYY-MM-DD/CCYY-MM-DD)
       Notes                  : (multiple lines)

8.5.x  Other Instrumentation  : (multiple lines)


9.   Local Ongoing Conditions Possibly Affecting Computed Position

9.1.x  Radio Interferences    : (TV/CELL PHONE ANTENNA/RADAR/etc)
       Observed Degradations  : (SN RATIO/DATA GAPS/etc)
       Effective Dates        : (CCYY-MM-DD/CCYY-MM-DD)
       Additional Information : (multiple lines)

9.2.x  Multipath Sources      : (METAL ROOF/DOME/VLBI ANTENNA/etc)
       Effective Dates        : (CCYY-MM-DD/CCYY-MM-DD)
       Additional Information : (multiple lines)

9.3.x  Signal Obstructions    : (TREES/BUILDINGS/etc)
       Effective Dates        : (CCYY-MM-DD/CCYY-MM-DD)
       Additional Information : (multiple lines)


10.  Local Episodic Effects Possibly Affecting Data Quality

10.x  Date                    : (CCYY-MM-DD/CCYY-MM-DD)
      Event                   : (TREE CLEARING/CONSTRUCTION/etc)


11.  On-Site, Point of Contact Agency Information

     Agency                   : Geodetic Department
                              : Universidad Politecnica de Valencia
     Preferred Abbreviation   : UPV
     Mailing Address          : Camino de la Vera s/n
                              : E-46022 VALENCIA
                              : SPAIN
     Primary Contact
       Contact Name           : Jose Luis Berne Valero
       Telephone (primary)    : +34 96 387 7556
       Telephone (secondary)  : 
       Fax                    : +34 96 387 7559
       E-mail                 : jlberne@cgf.upv.es
     Secondary Contact
       Contact Name           : Francisco Garcia Garcia
       Telephone (primary)    : +34 96 387 7557
       Telephone (secondary)  : 
       Fax                    : +34 96 387 7559
       E-mail                 : fgarciag@trr.upv.es
     Additional Information   : (multiple lines)


12.  Responsible Agency (if different from 11.)

     Agency                   : Instituto Geografico Nacional
     Preferred Abbreviation   : IGN-E
     Mailing Address          : C/ General Ibanez Ibero, 3
                              : E-28003 MADRID
                              : SPAIN
     Primary Contact
       Contact Name           : Pedro Gonzalo Lopez
       Telephone (primary)    : +34 91 597 9625
       Telephone (secondary)  : +34 91 597 9562
       Fax                    : +34 91 597 9616
       E-mail                 : pgonzalo@mfom.es
     Secondary Contact
       Contact Name           : Jose Antonio Sanchez Sobrino
       Telephone (primary)    : +34 91 597 9428
       Telephone (secondary)  : +34 91 597 9562
       Fax                    : +34 91 597 9616
       E-mail                 : jassobrino@fomento.es
     Additional Information   : (multiple lines)


13.  More Information

     Primary Data Center      : BKGE
     Secondary Data Center    : OLG
     URL for More Information : 
     Hardcopy on File
       Site Map               : (Y or URL)
       Site Diagram           : (Y or URL)
       Horizon Mask           : (Y or URL)
       Monument Description   : (Y or URL)
       Site Pictures          : (Y or URL)
     Additional Information   : (multiple lines)
     Antenna Graphics with Dimensions

GRAPHICS FOR ANTENNA TYPE 4.1
TRM29659.00

                         -----
                     /     +     \                       <-- 0.128 L2
                    |      +      |                      <-- 0.110 L1
  +--------------------------------------------------+   <-- 0.102 TCR
  |                                                  |
  |                                                  |
  |                                                  |
  |                                                  |
+-+--------------------------------------------------+-+ <-- 0.038
+-------------------+-------------+--------------------+ <-- 0.035 BCR
                    |             |
                   -|             |
                    +-----|x|-----+                      <-- 0.000 ARP
                      |         |
                      |         |
                      |         |
                      |         |            Antenna Height = 3.039 m
                      |         |
                      |         |
                      |         |
 ---------------------+----x----+--------------------
                         marker

<--                      0.381                       -->

ARP: Antenna Reference Point
L1 : L1 Phase Center                   L2 : L2 Phase Center
TCR: Top of Chokering                  BCR: Bottom of Chokering
