     VEN1 Site Information Form (site log)
     International GNSS Service
     See Instructions at:
       ftp://igscb.jpl.nasa.gov/pub/station/general/sitelog_instr.txt


0.   Form

     Prepared by (full name)  : Giuseppe Colucci
     Date Prepared            : 2015-08-03
     Report Type              : UPDATE
     If Update:
      Previous Site Log       : ven1_20141121.log
      Modified/Added Sections : 3.7, 3.8


1.   Site Identification of the GNSS Monument

     Site Name                : Venezia
     Four Character ID        : VEN1
     Monument Inscription     : Metallic Pilar on the roof
     IERS DOMES Number        : 19513M001
     CDP Number               : (A4)
     Monument Description     : Top and center of plate on top of a metallic pipe
       Height of the Monument : 1.5 m
       Monument Foundation    : ROOF
       Foundation Depth       : (m)
     Marker Description       : CHISELLED CROSS
     Date Installed           : 2008-10-01
     Geologic Characteristic  : (BEDROCK/CLAY/CONGLOMERATE/GRAVEL/SAND/etc)
       Bedrock Type           : (IGNEOUS/METAMORPHIC/SEDIMENTARY)
       Bedrock Condition      : (FRESH/JOINTED/WEATHERED)
       Fracture Spacing       : (0 cm/1-10 cm/11-50 cm/51-200 cm/over 200 cm)
       Fault zones nearby     : (YES/NO/Name of the zone)
         Distance/activity    : (multiple lines)
     Additional Information   : (multiple lines)


2.   Site Location Information

     City or Town             : Venezia
     State or Province        : Veneto
     Country                  : Italy
     Tectonic Plate           : EURASIAN
     Approximate Position (ITRF)
       X coordinate (m)       : 4379845.48640702
       Y coordinate (m)       : 959292.110821746
       Z coordinate (m)       : 4521099.32498585
       Latitude (N is +)      : +452550.05
       Longitude (E is +)     : +0122114.68
       Elevation (m,ellips.)  :    58.9
     Additional Information   : (multiple lines)


3.   GNSS Receiver Information

3.1  Receiver Type            : LEICA GRX1200GGPRO
     Satellite System         : GPS+GLO
     Serial Number            : 355701
     Firmware Version         : 6.02
     Elevation Cutoff Setting : 5 deg
     Date Installed           : 2009-05-15
     Date Removed             : 2009-10-01
     Temperature Stabiliz.    : 20.0 +/- 4.9
     Additional Information   : (multiple lines)

3.2  Receiver Type            : LEICA GRX1200GGPRO
     Satellite System         : GPS+GLO
     Serial Number            : 355701
     Firmware Version         : 7.53/3.017
     Elevation Cutoff Setting : 5 deg
     Date Installed           : 2009-10-01
     Date Removed             : 2010-03-23T09:00Z
     Temperature Stabiliz.    : 20.0 +/- 4.9
     Additional Information   : (multiple lines)

3.3  Receiver Type            : LEICA GRX1200GGPRO
     Satellite System         : GPS+GLO
     Serial Number            : 355701
     Firmware Version         : 7.53/3.017
     Elevation Cutoff Setting : 5 deg
     Date Installed           : 2010-03-23T09:00Z
     Date Removed             : 2010-05-05T13:15Z
     Temperature Stabiliz.    : 20.0 +/- 4.9
     Additional Information   : Changed 'Code smoothing:'
                              : configuration/tracking parameter from
                              : 'Smoothed' to 'Not smoothed'.

3.4  Receiver Type            : LEICA GRX1200GGPRO
     Satellite System         : GPS+GLO
     Serial Number            : 355701
     Firmware Version         : 7.53/3.019
     Elevation Cutoff Setting : 5 deg
     Date Installed           : 2010-05-05T13:15Z
     Date Removed             : 2012-01-16T14:30Z
     Temperature Stabiliz.    : 20.0 +/- 4.9
     Additional Information   : Updated ME firmware from 3.017 to 3.019 and
                              : re-enabled GLONASS tracking (it was disabled on
                              : 29-04-2010)

3.5  Receiver Type            : LEICA GRX1200GGPRO
     Satellite System         : GPS+GLO
     Serial Number            : 355701
     Firmware Version         : 8.50/3.019
     Elevation Cutoff Setting : 5 deg
     Date Installed           : 2012-01-16T14:30Z
     Date Removed             : 2012-04-13T11:35Z
     Temperature Stabiliz.    : 20.0 +/- 4.9
     Additional Information   : Updated formware from 7.53/3.019 to 8.50/3.019

3.6  Receiver Type            : LEICA GRX1200GGPRO
     Satellite System         : GPS+GLO
     Serial Number            : 355701
     Firmware Version         : 8.51/3.019
     Elevation Cutoff Setting : 5 deg
     Date Installed           : 2012-04-13T11:35Z
     Date Removed             : 2014-07-21T11:30Z
     Temperature Stabiliz.    : 20.0 +/- 4.9
     Additional Information   : Updated formware from 8.50 to 8.51

3.7  Receiver Type            : LEICA GRX1200GGPRO
     Satellite System         : GPS+GLO
     Serial Number            : 355701
     Firmware Version         : 8.71/3.822
     Elevation Cutoff Setting : 5 deg
     Date Installed           : 2014-07-21T11:35Z
     Date Removed             : 2015-08-03T13:50Z
     Temperature Stabiliz.    : 20.0 +/- 4.9
     Additional Information   : Updated formware from 8.51/3.019 to 8.71/3.822

3.8  Receiver Type            : LEICA GRX1200GGPRO
     Satellite System         : GPS+GLO
     Serial Number            : 355701
     Firmware Version         : 8.71/3.822
     Elevation Cutoff Setting : 0 deg
     Date Installed           : 2015-08-03T13:50Z
     Date Removed             : CCYY-MM-DDThh:mmZ
     Temperature Stabiliz.    : (deg C) +/- (deg C)
     Additional Information   : (multiple lines)

3.x  Receiver Type            : (A20, from rcvr_ant.tab; see instructions)
     Satellite System         : (GPS+GLO+GAL+BDS+QZSS+SBAS)
     Serial Number            : (A20, but note the first A5 is used in SINEX)
     Firmware Version         : (A11)
     Elevation Cutoff Setting : (deg)
     Date Installed           : (CCYY-MM-DDThh:mmZ)
     Date Removed             : (CCYY-MM-DDThh:mmZ)
     Temperature Stabiliz.    : (none or tolerance in degrees C)
     Additional Information   : (multiple lines)


4.   GNSS Antenna Information

4.1  Antenna Type             : LEIAT504GG      NONE
     Serial Number            : 200667
     Antenna Reference Point  : BPA
     Marker->ARP Up Ecc. (m)  :   0.0000
     Marker->ARP North Ecc(m) :   0.0000
     Marker->ARP East Ecc(m)  :   0.0000
     Alignment from True N    : 0 deg
     Antenna Radome Type      : NONE
     Radome Serial Number     : 
     Antenna Cable Type       : RG214
     Antenna Cable Length     : 30 m
     Date Installed           : 2009-05-15
     Date Removed             : CCYY-MM-DDThh:mmZ
     Additional Information   : (multiple lines)

4.x  Antenna Type             : (A20, from rcvr_ant.tab; see instructions)
     Serial Number            : (A*, but note the first A5 is used in SINEX)
     Antenna Reference Point  : (BPA/BCR/XXX from "antenna.gra"; see instr.)
     Marker->ARP Up Ecc. (m)  : (F8.4)
     Marker->ARP North Ecc(m) : (F8.4)
     Marker->ARP East Ecc(m)  : (F8.4)
     Alignment from True N    : (deg; + is clockwise/east)
     Antenna Radome Type      : (A4 from rcvr_ant.tab; see instructions)
     Radome Serial Number     : 
     Antenna Cable Type       : (vendor & type number)
     Antenna Cable Length     : (m)
     Date Installed           : (CCYY-MM-DDThh:mmZ)
     Date Removed             : (CCYY-MM-DDThh:mmZ)
     Additional Information   : (multiple lines)


5.   Surveyed Local Ties

5.x  Tied Marker Name         : 
     Tied Marker Usage        : (SLR/VLBI/LOCAL CONTROL/FOOTPRINT/etc)
     Tied Marker CDP Number   : (A4)
     Tied Marker DOMES Number : (A9)
     Differential Components from GNSS Marker to the tied monument (ITRS)
       dx (m)                 : (m)
       dy (m)                 : (m)
       dz (m)                 : (m)
     Accuracy (mm)            : (mm)
     Survey method            : (GPS CAMPAIGN/TRILATERATION/TRIANGULATION/etc)
     Date Measured            : (CCYY-MM-DDThh:mmZ)
     Additional Information   : (multiple lines)


6.   Frequency Standard

6.1  Standard Type            : INTERNAL 
       Input Frequency        : (if external)
       Effective Dates        : 2008-10-01/CCYY-MM-DD
       Notes                  : (multiple lines)

6.x  Standard Type            : (INTERNAL or EXTERNAL H-MASER/CESIUM/etc)
       Input Frequency        : (if external)
       Effective Dates        : (CCYY-MM-DD/CCYY-MM-DD)
       Notes                  : (multiple lines)


7.   Collocation Information

7.x  Instrumentation Type     : (GPS/GLONASS/DORIS/PRARE/SLR/VLBI/TIME/etc)
       Status                 : (PERMANENT/MOBILE)
       Effective Dates        : (CCYY-MM-DD/CCYY-MM-DD)
       Notes                  : (multiple lines)


8.   Meteorological Instrumentation

8.1.x  Humidity Sensor Model  : 
       Manufacturer           : 
       Serial Number          : 
       Data Sampling Interval : (sec)
       Accuracy (% rel h)     : (% rel h)
       Aspiration             : (UNASPIRATED/NATURAL/FAN/etc)
       Height Diff to Ant     : (m)
       Calibration date       : (CCYY-MM-DD)
       Effective Dates        : (CCYY-MM-DD/CCYY-MM-DD)
       Notes                  : (multiple lines)

8.2.x  Pressure Sensor Model  : 
       Manufacturer           : 
       Serial Number          : 
       Data Sampling Interval : (sec)
       Accuracy               : (hPa)
       Height Diff to Ant     : (m)
       Calibration date       : (CCYY-MM-DD)
       Effective Dates        : (CCYY-MM-DD/CCYY-MM-DD)
       Notes                  : (multiple lines)

8.3.x  Temp. Sensor Model     : 
       Manufacturer           : 
       Serial Number          : 
       Data Sampling Interval : (sec)
       Accuracy               : (deg C)
       Aspiration             : (UNASPIRATED/NATURAL/FAN/etc)
       Height Diff to Ant     : (m)
       Calibration date       : (CCYY-MM-DD)
       Effective Dates        : (CCYY-MM-DD/CCYY-MM-DD)
       Notes                  : (multiple lines)

8.4.x  Water Vapor Radiometer : 
       Manufacturer           : 
       Serial Number          : 
       Distance to Antenna    : (m)
       Height Diff to Ant     : (m)
       Calibration date       : (CCYY-MM-DD)
       Effective Dates        : (CCYY-MM-DD/CCYY-MM-DD)
       Notes                  : (multiple lines)

8.5.x  Other Instrumentation  : (multiple lines)


9.   Local Ongoing Conditions Possibly Affecting Computed Position

9.1.x  Radio Interferences    : (TV/CELL PHONE ANTENNA/RADAR/etc)
       Observed Degradations  : (SN RATIO/DATA GAPS/etc)
       Effective Dates        : (CCYY-MM-DD/CCYY-MM-DD)
       Additional Information : (multiple lines)

9.2.x  Multipath Sources      : (METAL ROOF/DOME/VLBI ANTENNA/etc)
       Effective Dates        : (CCYY-MM-DD/CCYY-MM-DD)
       Additional Information : (multiple lines)

9.3.x  Signal Obstructions    : (TREES/BUILDINGS/etc)
       Effective Dates        : (CCYY-MM-DD/CCYY-MM-DD)
       Additional Information : (multiple lines)


10.  Local Episodic Effects Possibly Affecting Data Quality

10.x  Date                    : (CCYY-MM-DD/CCYY-MM-DD)
      Event                   : (TREE CLEARING/CONSTRUCTION/etc)


11.  On-Site, Point of Contact Agency Information

     Agency                   : e-geos S.p.A. - una Società ASI/Telespazio
     Preferred Abbreviation   : TPZ
     Mailing Address          : P.O.BOX OPEN - 75100 Matera, ITALY
     Primary Contact
       Contact Name           : G. Colucci
       Telephone (primary)    : ++39.0835.377574
       Telephone (secondary)  : 
       Fax                    : ++39.0835.334951
       E-mail                 : giuseppe.colucci@e-geos.it
     Secondary Contact
       Contact Name           : R. Faccia, F. Ambrico
       Telephone (primary)    : ++39.0835.377541
       Telephone (secondary)  : 
       Fax                    : ++39.0835.334951
       E-mail                 : gpsgeo@hp835.mt.asi.it
     Additional Information   : (multiple lines)


12.  Responsible Agency (if different from 11.)

     Agency                   : Agenzia Spaziale Italiana
     Preferred Abbreviation   : ASI
     Mailing Address          : P.O.BOX OPEN - 75100 Matera, ITALY
     Primary Contact
       Contact Name           : Dott. Giuseppe Bianco
       Telephone (primary)    : ++39.0835.377509
       Telephone (secondary)  : 
       Fax                    : ++39.0835.339005
       E-mail                 : giuseppe.bianco@asi.it
     Secondary Contact
       Contact Name           : 
       Telephone (primary)    : 
       Telephone (secondary)  : 
       Fax                    : 
       E-mail                 : 
     Additional Information   : (multiple lines)


13.  More Information

     Primary Data Center      : ASI
     Secondary Data Center    : BKGE
     URL for More Information : 
     Hardcopy on File
       Site Map               : (Y or URL)
       Site Diagram           : (Y or URL)
       Horizon Mask           : (Y or URL)
       Monument Description   : (Y or URL)
       Site Pictures          : (Y or URL)
     Additional Information   : (multiple lines)
     Antenna Graphics with Dimensions

ASH701941.B


                         -----
                     /     +     \                        <--  0.1267 L2
                    |      +      |                       <--  0.1080 L1
  +--------------------------------------------------+    <--  0.1008 TCR
  |                                                  |
  |                                                  |
  |                                                  |
  |                                                  |
 +----------------------------------------------------+   <--  0.0378
 +------------------+-------------+-------------------+   <--  0.0348 BCR
                    |             |
                    |             |
                    +------x------+                       <--  0.0000 BPA=ARP

 <--                     0.3794                    -->


LEIAT504GG

                         +-------+                          <-- 0.1393
                       /     +
                      |      +      |
    +-----------------+-------------+------------------+    <-- 0.1012 TCR
    |                                                  |
    |                                                  |
    |                                                  |
    |                                                  |
  +-+--------------------------------------------------+-+
  +-------------------+-------------+--------------------+  <-- 0.0345 BCR
                      |             |
                      |             |
                      +------x------+                       <-- 0.0 BPA=ARP

  <--                      0.3794                      -->


   ARP: Antenna Reference Point
