     WETT Site Information Form (site log)
     International GPS Service
     See Instructions at:
       ftp://igscb.jpl.nasa.gov/pub/station/general/sitelog_instr.txt


0.   Form

     Prepared by (full name)  : Dr. W. Schlueter, K.Roettcher,R. Stoeger
     Date Prepared            : 1995-12-01
     Report Type              : UPDATE
     If Update:
      Previous Site Log       : (ssss_ccyymmdd.log)
      Modified/Added Sections : (n.n,n.n,...)


1.   Site Identification of the GNSS Monument

     Site Name                : Wettzell
     Four Character ID        : WETT
     Monument Inscription     : Pillar 1200
     IERS DOMES Number        : 14201M009
     CDP Number               : (A4)
     Monument Description     : (PILLAR/BRASS PLATE/STEEL MAST/etc)
       Height of the Monument : (m)
       Monument Foundation    : (STEEL RODS, CONCRETE BLOCK, ROOF, etc)
       Foundation Depth       : (m)
     Marker Description       : (CHISELLED CROSS/DIVOT/BRASS NAIL/etc)
     Date Installed           : 1991-07-22Thh:mmZ
     Geologic Characteristic  : (BEDROCK/CLAY/CONGLOMERATE/GRAVEL/SAND/etc)
       Bedrock Type           : (IGNEOUS/METAMORPHIC/SEDIMENTARY)
       Bedrock Condition      : (FRESH/JOINTED/WEATHERED)
       Fracture Spacing       : (1-10 cm/11-50 cm/51-200 cm/over 200 cm)
       Fault zones nearby     : (YES/NO/Name of the zone)
         Distance/activity    : (multiple lines)
     Additional Information   : The ROGUE SNR-800 operates since
                              : 21-JUL-1991 at the Fundamental-
                              : station Wettzell.
                              : Since 09-FEB-1995 in addition and
                              : parallel to a TurboRogue SNR 8000
                              : (Site Code WTZR).


2.   Site Location Information

     City or Town             : Koetzting
     State or Province        : 
     Country                  : Germany
     Tectonic Plate           : Eurasian
     Approximate Position (ITRF)
       X coordinate (m)       : 4075580.695 
       Y coordinate (m)       : 931853.668
       Z coordinate (m)       : 4801568.036
       Latitude (N is +)      : +490839.12
       Longitude (E is +)     : +0125244.04
       Elevation (m,ellips.)  : 00666.0
     Additional Information   : (multiple lines)


3.   GNSS Receiver Information

3.1  Receiver Type            : ROGUE SNR-800
     Satellite System         : GPS
     Serial Number            : R 200
     Firmware Version         : 7.8
     Elevation Cutoff Setting : (deg)
     Date Installed           : 1994-06-07
     Date Removed             : CCYY-MM-DDThh:mmZ
     Temperature Stabiliz.    : (none or tolerance in degrees C)
     Additional Information   : (multiple lines)

3.x  Receiver Type            : (A20, from rcvr_ant.tab; see instructions)
     Satellite System         : (GPS/GLONASS/GPS+GLONASS)
     Serial Number            : (A5)
     Firmware Version         : (A11)
     Elevation Cutoff Setting : (deg)
     Date Installed           : (CCYY-MM-DDThh:mmZ)
     Date Removed             : (CCYY-MM-DDThh:mmZ)
     Temperature Stabiliz.    : (none or tolerance in degrees C)
     Additional Information   : (multiple lines)


4.   GNSS Antenna Information

4.1  Antenna Type             : AOAD/M_B
     Serial Number            : 113
     Antenna Reference Point  : BCR
     Marker->ARP Up Ecc. (m)  : 000.0000
     Marker->ARP North Ecc(m) : (F8.4)
     Marker->ARP East Ecc(m)  : (F8.4)
     Alignment from True N    : (deg; + is clockwise/east)
     Antenna Radome Type      : 
     Radome Serial Number     : 
     Antenna Cable Type       : (vendor & type number)
     Antenna Cable Length     : (m)
     Date Installed           : 1991-07-22
     Date Removed             : CCYY-MM-DDThh:mmZ
     Additional Information   : (multiple lines)

4.x  Antenna Type             : (A20 from rcvr_ant.tab; see instructions)
     Serial Number            : (A*, but note the first A5 is used in SINEX)
     Antenna Reference Point  : (BPA/BCR/XXX from "antenna.gra"; see instr.)
     Marker->ARP Up Ecc. (m)  : (F8.4)
     Marker->ARP North Ecc(m) : (F8.4)
     Marker->ARP East Ecc(m)  : (F8.4)
     Alignment from True N    : (deg; + is clockwise/east)
     Antenna Radome Type      : (A4 from rcvr_ant.tab; see instructions)
     Radome Serial Number     : 
     Antenna Cable Type       : (vendor & type number)
     Antenna Cable Length     : (m)
     Date Installed           : 1991-07-22
     Date Removed             : (CCYY-MM-DDThh:mmZ)
     Additional Information   : (multiple lines)


5.   Surveyed Local Ties

5.1  Tied Marker Name         : VLBI Ref Point 
     Tied Marker Usage        : (SLR/VLBI/LOCAL CONTROL/FOOTPRINT/etc)
     Tied Marker CDP Number   : 7224
     Tied Marker DOMES Number : 14201S004
     Differential Components from GNSS Marker to the tied monument (ITRS)
       dx (m)                 :  -38.697 
       dy (m)                 : -117.417 
       dz (m)                 :  +59.322   
     Accuracy (mm)            : 1
     Survey method            : (GPS CAMPAIGN/TRILATERATION/TRIANGULATION/etc)
     Date Measured            : 1991-07-01
     Additional Information   : (multiple lines)

5.2  Tied Marker Name         : SLR WLRS       
     Tied Marker Usage        : (SLR/VLBI/LOCAL CONTROL/FOOTPRINT/etc)
     Tied Marker CDP Number   : 8834
     Tied Marker DOMES Number : 14201S018
     Differential Components from GNSS Marker to the tied monument (ITRS)
       dx (m)                 :  -1.723  
       dy (m)                 : -67.219 
       dz (m)                 : +13.522   
     Accuracy (mm)            : 1
     Survey method            : (GPS CAMPAIGN/TRILATERATION/TRIANGULATION/etc)
     Date Measured            : 1991-07-01
     Additional Information   : (multiple lines)

5.3  Tied Marker Name         : SNR 8000(Pillar 1202)   
     Tied Marker Usage        : (SLR/VLBI/LOCAL CONTROL/FOOTPRINT/etc)
     Tied Marker CDP Number   : (A4)
     Tied Marker DOMES Number : 14201M009
     Differential Components from GNSS Marker to the tied monument (ITRS)
       dx (m)                 : +2.105 
       dy (m)                 : +0.981   
       dz (m)                 : -1.994   
     Accuracy (mm)            : 1
     Survey method            : (GPS CAMPAIGN/TRILATERATION/TRIANGULATION/etc)
     Date Measured            : 1995-02-13
     Additional Information   : (multiple lines)

5.4  Tied Marker Name         : Trimble - Site (Pillar 1201)
     Tied Marker Usage        : (SLR/VLBI/LOCAL CONTROL/FOOTPRINT/etc)
     Tied Marker CDP Number   : (A4)
     Tied Marker DOMES Number : (A9)
     Differential Components from GNSS Marker to the tied monument (ITRS)
       dx (m)                 : -0.966  
       dy (m)                 : +2.601   
       dz (m)                 : +0.163
     Accuracy (mm)            : 1
     Survey method            : (GPS CAMPAIGN/TRILATERATION/TRIANGULATION/etc)
     Date Measured            : 1991-07-01
     Additional Information   : The vectors are referred to the bottom of the 
                              : Rogue chokering (ourpillar 1200)
                              : dx = x (momument) - x (1200)
                              : Differential coordinates from the GPS monument 
                              : to the reference and other monuments. 
                              : The components are parallel to the XYZ-axes of 
                              : the global geocentric reference system ITRF 
                              : (WGS-84)."Accuracy" is estimated accuracy of 
                              : local survey (millimeters).

5.x  Tied Marker Name         : 
     Tied Marker Usage        : (SLR/VLBI/LOCAL CONTROL/FOOTPRINT/etc)
     Tied Marker CDP Number   : (A4)
     Tied Marker DOMES Number : (A9)
     Differential Components from GNSS Marker to the tied monument (ITRS)
       dx (m)                 : (m)
       dy (m)                 : (m)
       dz (m)                 : (m)
     Accuracy (mm)            : (mm)
     Survey method            : (GPS CAMPAIGN/TRILATERATION/TRIANGULATION/etc)
     Date Measured            : (CCYY-MM-DDThh:mmZ)
     Additional Information   : (multiple lines)


6.   Frequency Standard

6.1  Standard Type            : H-MASER
       Input Frequency        : (if external)
       Effective Dates        : 1991-07-22/CCYY-MM-DD
       Notes                  : (multiple lines)

6.x  Standard Type            : (INTERNAL or EXTERNAL H-MASER/CESIUM/etc)
       Input Frequency        : (if external)
       Effective Dates        : (CCYY-MM-DD/CCYY-MM-DD)
       Notes                  : (multiple lines)


7.   Collocation Information

7.1  Instrumentation Type     : LLR
       Status                 : PERMANENT
       Effective Dates        : (CCYY-MM-DD/CCYY-MM-DD)
       Notes                  : (multiple lines)

7.2  Instrumentation Type     : SUPER CONDUCTING GRAVIMETER
       Status                 : PERMANENT
       Effective Dates        : (CCYY-MM-DD/CCYY-MM-DD)
       Notes                  : (multiple lines)

7.3  Instrumentation Type     : SEISMOGRAPHS
       Status                 : PERMANENT
       Effective Dates        : (CCYY-MM-DD/CCYY-MM-DD)
       Notes                  : (multiple lines)

7.4  Instrumentation Type     : SLR
       Status                 : MOBILE
       Effective Dates        : (CCYY-MM-DD/CCYY-MM-DD)
       Notes                  : MTLRS-1 (= our mobile SLR)

7.5  Instrumentation Type     : TRANSIT
       Status                 : PERMANENT
       Effective Dates        : (CCYY-MM-DD/1993-04-DD
       Notes                  : (NNSS-DMA Doppler) 

          

7.6  Instrumentation Type     : TIGO
       Status                 : (PERMANENT/MOBILE)
       Effective Dates        : (CCYY-MM-DD/CCYY-MM-DD)
       Notes                  : Transportable Integrated Geodetic
                              : Observatory(under construction)

7.x  Instrumentation Type     : (GPS/GLONASS/DORIS/PRARE/SLR/VLBI/TIME/etc)
       Status                 : (PERMANENT/MOBILE)
       Effective Dates        : (CCYY-MM-DD/CCYY-MM-DD)
       Notes                  : (multiple lines)




8.   Meteorological Instrumentation

8.1.x Humidity Sensor Model   : 
       Manufacturer           : 
       Serial Number          : 
       Data Sampling Interval : (sec)
       Accuracy (% rel h)     : (% rel h)
       Aspiration             : (UNASPIRATED/NATURAL/FAN/etc)
       Height Diff to Ant     : (m)
       Calibration date       : (CCYY-MM-DD)
       Effective Dates        : (CCYY-MM-DD/CCYY-MM-DD)
       Notes                  : (multiple lines)

8.2.x Pressure Sensor Model   : 
       Manufacturer           : 
       Serial Number          : 
       Data Sampling Interval : (sec)
       Accuracy               : (hPa)
       Height Diff to Ant     : (m)
       Calibration date       : (CCYY-MM-DD)
       Effective Dates        : (CCYY-MM-DD/CCYY-MM-DD)
       Notes                  : (multiple lines)

8.3.x Temp. Sensor Model      : 
       Manufacturer           : 
       Serial Number          : 
       Data Sampling Interval : (sec)
       Accuracy               : (deg C)
       Aspiration             : (UNASPIRATED/NATURAL/FAN/etc)
       Height Diff to Ant     : (m)
       Calibration date       : (CCYY-MM-DD)
       Effective Dates        : (CCYY-MM-DD/CCYY-MM-DD)
       Notes                  : (multiple lines)

8.4.x Water Vapor Radiometer  : 
       Manufacturer           : 
       Serial Number          : 
       Distance to Antenna    : (m)
       Height Diff to Ant     : (m)
       Calibration date       : (CCYY-MM-DD)
       Effective Dates        : (CCYY-MM-DD/CCYY-MM-DD)
       Notes                  : (multiple lines)

8.5.x Other Instrumentation   : (multiple lines)


9.  Local Ongoing Conditions Possibly Affecting Computed Position

9.1.1 Radio Interferences     : (TV/CELL PHONE ANTENNA/RADAR/etc)
       Observed Degradations  : (SN RATIO/DATA GAPS/etc)
       Effective Dates        : (CCYY-MM-DD/CCYY-MM-DD)
       Additional Information : (multiple lines)

9.1.x Radio Interferences     : (TV/CELL PHONE ANTENNA/RADAR/etc)
       Observed Degradations  : (SN RATIO/DATA GAPS/etc)
       Effective Dates        : (CCYY-MM-DD/CCYY-MM-DD)
       Additional Information : (multiple lines)

9.2.1 Multipath Sources       : (METAL ROOF/DOME/VLBI ANTENNA/etc)
       Effective Dates        : (CCYY-MM-DD/CCYY-MM-DD)
       Additional Information : (multiple lines)

9.2.x Multipath Sources       : (METAL ROOF/DOME/VLBI ANTENNA/etc)
       Effective Dates        : (CCYY-MM-DD/CCYY-MM-DD)
       Additional Information : (multiple lines)

9.3.1 Signal Obstructions     : (TREES/BUILDLINGS/etc)
       Effective Dates        : (CCYY-MM-DD/CCYY-MM-DD)
       Additional Information : (multiple lines)

9.3.x Signal Obstructions     : (TREES/BUILDLINGS/etc)
       Effective Dates        : (CCYY-MM-DD/CCYY-MM-DD)
       Additional Information : (multiple lines)

10.  Local Episodic Effects Possibly Affecting Data Quality

10.1 Date                     : (CCYY-MM-DDThh:mmZ)
     Event                    : (TREE CLEARING/CONSTRUCTION/etc)

10.x Date                     : (CCYY-MM-DDThh:mmZ)
     Event                    : (TREE CLEARING/CONSTRUCTION/etc)

11.   On-Site, Point of Contact Agency Information

     Agency                   : Institut fuer Angewandte Geodaesie
                                Fundamentalstation Wettzell
     Preferred Abbreviation   : (A10)
     Mailing Address          : Institut fuer Angewandte Geodaesie
                                Fundamentalstation Wettzell
                                D-93444 Koetzting
                                Germany
     Primary Contact
       Contact Name           : Dr. Wolfgang Schlueter
       Telephone (primary)    : Germany-9941-603107
       Telephone (secondary)  : 
       Fax                    : Germany-9941-603222
       E-mail                 : schlueter@wvax1.wettzell.ifag.de
     Secondary Contact
       Contact Name           : Klaus Roettcher
       Telephone (primary)    : Germany-9941-603115
       Telephone (secondary)  : 
       Fax                    : Germany-9941-603222
       E-mail                 : roettcher@wvax1.wettzell.ifag.de
     Contact
       Contact Name           : Rudi Stoeger
       Telephone (primary)    : Germany-9941-603114
       Telephone (secondary)  : 
       Fax                    : Germany-9941-603222
       E-mail                 : stoeger@wvax1.wettzell.ifag.de 
     Additional Information   : (multiple lines)


12.  Responsible Agency (if different from 11.)

     Agency                   : (multiple lines)
     Preferred Abbreviation   : (A10)
     Mailing Address          : (multiple lines)
     Primary Contact
       Contact Name           : 
       Telephone (primary)    : 
       Telephone (secondary)  : 
       Fax                    : 
       E-mail                 : 
     Secondary Contact
       Contact Name           : 
       Telephone (primary)    : 
       Telephone (secondary)  : 
       Fax                    : 
       E-mail                 : 
     Additional Information   : (multiple lines)


13.  More Information

     Primary Data Center      : 
     Secondary Data Center    : 
     URL for More Information : 
     Hardcopy on File
       Site Map               : (Y or URL) 
       Site Diagram           : (Y or URL)
       Horizon Mask           : (Y or URL)
       Monument Description   : (Y or URL)
       Site Pictures          : (Y or URL)
     Additional Information   : (multiple lines)
     Antenna Graphics with Dimensions

AOAD/M_B
Dorne Margolin with chokerings (Rogue, AOA design) 
                      +---------+
                     /     +     \                        <--  0.0960 L2
                    |      +      |                       <--  0.0780 L1
  +-----------------+-------------+------------------+    <--  0.0700 TCR
  |                                                  |    
  |                                                  |
  |                                                  |
  |                                                  |
  +-----------------+------x------+------------------+    <--  0.0000 BCR=ARP
                    |             |
                    |             |
                    +-------------+                       <--  -0.0110 BPA

  <--                      0.3510                  -->


   ARP: Antenna Reference Point
   L1 : L1 Phase Center                   L2 : L2 Phase Center
   TCR: Top of Chokering                  BCR: Bottom of Chokering
   BPA: Bottom of Preamplifier


