     WOOL Site Information Form (site log)
     International GNSS Service
     See Instructions at:
       ftp://igscb.jpl.nasa.gov/pub/station/general/sitelog_instr.txt

0.   Form

     Prepared by (full name)  : Darren Burns
     Date Prepared            : 2015-06-29
     Report Type              : UPDATE
     If Update:
      Previous Site Log       : wool_20130829.log
      Modified/Added Sections : 3.4,3.5


1.   Site Identification of the GNSS Monument

     Site Name                : Woolloongabba SunPOZ
     Four Character ID        : WOOL
     Monument Inscription     : 
     IERS DOMES Number        : 50143M003
     CDP Number               : (A4)
     Monument Description     : STEEL BRACKET
       Height of the Monument : (m)
       Monument Foundation    : CONCRETE PARAPET WALL ON BUILDING ROOF
       Foundation Depth       : (m)
     Marker Description       : THREADED BOLT ON STEEL BRACKET
     Date Installed           : 2001-01-24
     Geologic Characteristic  : (BEDROCK/CLAY/CONGLOMERATE/GRAVEL/SAND/etc)
       Bedrock Type           : (IGNEOUS/METAMORPHIC/SEDIMENTARY)
       Bedrock Condition      : (FRESH/JOINTED/WEATHERED)
       Fracture Spacing       : (1-10 cm/11-50 cm/51-200 cm/over 200 cm)
       Fault zones nearby     : (YES/NO/Name of the zone)
         Distance/activity    : (multiple lines)
     Additional Information   : Monument is a Steel Bracket fixed to the inside
                                face of a concrete parapet wall with 6mm
                                diameter Dynabolts. State Permanent Survey
                                Mark No 753166 in Survey Control Database

2.   Site Location Information

     City or Town             : Woolloongabba
     State or Province        : Queensland
     Country                  : Australia
     Tectonic Plate           : AUSTRALIAN
     Approximate Position (GDA)
       X coordinate (m)       : -5046788.3466
       Y coordinate (m)       : 2567555.3219
       Z coordinate (m)       : -2926034.8014
       Latitude (N is +)      : -272905.88829
       Longitude (E is +)     : +1530206.96448
       Elevation (m,ellips.)  : 00091.0602
     Additional Information   : SunPOZ Network
                                GDA Coordinates from GA Regulation 13
                                Processing

3.   GNSS Receiver Information

3.1  Receiver Type            : TRIMBLE R7
     Satellite System         : GPS
     Serial Number            : 0220325960
     Firmware Version         : 2.01
     Elevation Cutoff Setting : 5 (deg)
     Date Installed           : 2004-05-01T00:00Z
     Date Removed             : 2011-02-18T01:30Z
     Temperature Stabiliz.    : none
     Additional Information   : (multiple lines)

3.2  Receiver Type            : TRIMBLE NETRS
     Satellite System         : GPS
     Serial Number            : 4351230308
     Firmware Version         : 1.2-0
     Elevation Cutoff Setting : 5 (deg)
     Date Installed           : 2011-02-18T02:30Z
     Date Removed             : 2013-08-17T09:47Z
     Temperature Stabiliz.    : (none or tolerance in degrees C)
     Additional Information   : (multiple lines)

3.3  Receiver Type            : TRIMBLE NETRS
     Satellite System         : GPS
     Serial Number            : 4351230308
     Firmware Version         : 1.3-2
     Elevation Cutoff Setting : 5 (deg)
     Date Installed           : 2013-08-17T09:54Z
     Date Removed             : 2013-08-28T23:28Z
     Temperature Stabiliz.    : (none or tolerance in degrees C)
     Additional Information   : Firmware Update

3.4  Receiver Type            : TRIMBLE NETR9
     Satellite System         : GPS+GLO
     Serial Number            : 5116K75175
     Firmware Version         : 4.81
     Elevation Cutoff Setting : 0 (deg)
     Date Installed           : 2013-08-28T23:35Z
     Date Removed             : 2015-06-29T14:19Z
     Temperature Stabiliz.    : (none or tolerance in degrees C)
     Additional Information   : Receiver Replaced

3.5  Receiver Type            : TRIMBLE NETR9
     Satellite System         : GPS+GLO
     Serial Number            : 5116K75175
     Firmware Version         : 5.01
     Elevation Cutoff Setting : 0 (deg)
     Date Installed           : 2015-06-29T14:43Z
     Date Removed             : (CCYY-MM-DDThh:mmZ)
     Temperature Stabiliz.    : (none or tolerance in degrees C)
     Additional Information   : Firmware Update
     
3.x  Receiver Type            : (A20, from rcvr_ant.tab; see instructions)
     Satellite System         : (GPS+GLO+GAL+BDS+QZSS+SBAS)
     Serial Number            : (A20, but note the first A5 is used in SINEX)
     Firmware Version         : (A11)
     Elevation Cutoff Setting : (deg)
     Date Installed           : (CCYY-MM-DDThh:mmZ)
     Date Removed             : (CCYY-MM-DDThh:mmZ)
     Temperature Stabiliz.    : (none or tolerance in degrees C)
     Additional Information   : (multiple lines)

4.   GNSS Antenna Information

4.1  Antenna Type             : TRM29659.00     NONE
     Serial Number            : 0220164017
     Antenna Reference Point  : BPA
     Marker->ARP Up Ecc. (m)  : 0.0000
     Marker->ARP North Ecc(m) : 0.0000
     Marker->ARP East Ecc(m)  : 0.0000
     Alignment from True N    : 0 (deg)
     Antenna Radome Type      : NONE
     Radome Serial Number     : 
     Antenna Cable Type       : LMR400
     Antenna Cable Length     : 43 (m)
     Date Installed           : 2001-01-24T00:00Z
     Date Removed             : (CCYY-MM-DDThh:mmZ)
     Additional Information   : (multiple lines)

4.x  Antenna Type             : (A20, from rcvr_ant.tab; see instructions)
     Serial Number            : (A*, but note the first A5 is used in SINEX)
     Antenna Reference Point  : (BPA/BCR/XXX from "antenna.gra"; see instr.)
     Marker->ARP Up Ecc. (m)  : (F8.4)
     Marker->ARP North Ecc(m) : (F8.4)
     Marker->ARP East Ecc(m)  : (F8.4)
     Alignment from True N    : (deg; + is clockwise/east)
     Antenna Radome Type      : (A4 from rcvr_ant.tab; see instructions)
     Radome Serial Number     : 
     Antenna Cable Type       : (vendor & type number)
     Antenna Cable Length     : (m)
     Date Installed           : (CCYY-MM-DDThh:mmZ)
     Date Removed             : (CCYY-MM-DDThh:mmZ)
     Additional Information   : (multiple lines)

5.   Surveyed Local Ties

5.x  Tied Marker Name         : 
     Tied Marker Usage        : (SLR/VLBI/LOCAL CONTROL/FOOTPRINT/etc)
     Tied Marker CDP Number   : (A4)
     Tied Marker DOMES Number : (A9)
     Differential Components from GNSS Marker to the tied monument (ITRS)
       dx (m)                 : (m)
       dy (m)                 : (m)
       dz (m)                 : (m)
     Accuracy (mm)            : (mm)
     Survey method            : (GPS CAMPAIGN/TRILATERATION/TRIANGULATION/etc)
     Date Measured            : (CCYY-MM-DDThh:mmZ)
     Additional Information   : (multiple lines)


6.   Frequency Standard

6.1  Standard Type            : INTERNAL
       Input Frequency        : (if external) 
       Effective Dates        : 2004-05-01/CCYY-MM-DD
       Notes                  : (multiple lines)

6.x  Standard Type            : (INTERNAL or EXTERNAL H-MASER/CESIUM/etc)
       Input Frequency        : (if external)
       Effective Dates        : (CCYY-MM-DD/CCYY-MM-DD)
       Notes                  : (multiple lines)


7.   Collocation Information

7.x  Instrumentation Type     : (GPS/GLONASS/DORIS/PRARE/SLR/VLBI/TIME/etc)
       Status                 : (PERMANENT/MOBILE)
       Effective Dates        : (CCYY-MM-DD/CCYY-MM-DD)
       Notes                  : (multiple lines)


8.   Meteorological Instrumentation


8.1.x Humidity Sensor Model   : 
       Manufacturer           : 
       Serial Number          : 
       Data Sampling Interval : (sec)
       Accuracy (% rel h)     : (% rel h)
       Aspiration             : (UNASPIRATED/NATURAL/FAN/etc)
       Height Diff to Ant     : (m)
       Calibration date       : (CCYY-MM-DD)
       Effective Dates        : (CCYY-MM-DD/CCYY-MM-DD)
       Notes                  : (multiple lines)

8.2.x Pressure Sensor Model   : 
       Manufacturer           : 
       Serial Number          : 
       Data Sampling Interval : (sec)
       Accuracy               : (hPa)
       Height Diff to Ant     : (m)
       Calibration date       : (CCYY-MM-DD)
       Effective Dates        : (CCYY-MM-DD/CCYY-MM-DD)
       Notes                  : (multiple lines)

8.3.x Temp. Sensor Model      : 
       Manufacturer           : 
       Serial Number          : 
       Data Sampling Interval : (sec)
       Accuracy               : (deg C)
       Aspiration             : (UNASPIRATED/NATURAL/FAN/etc)
       Height Diff to Ant     : (m)
       Calibration date       : (CCYY-MM-DD)
       Effective Dates        : (CCYY-MM-DD/CCYY-MM-DD)
       Notes                  : (multiple lines)

8.4.x Water Vapor Radiometer  : 
       Manufacturer           : 
       Serial Number          : 
       Distance to Antenna    : (m)
       Height Diff to Ant     : (m)
       Calibration date       : (CCYY-MM-DD)
       Effective Dates        : (CCYY-MM-DD/CCYY-MM-DD)
       Notes                  : (multiple lines)

8.5.x Other Instrumentation   : (multiple lines)


9.  Local Ongoing Conditions Possibly Affecting Computed Position

9.1.1 Radio Interferences     : DIRECTIONAL MICROWAVE ANTENNA
       Observed Degradations  : SN RATIO/DATA GAPS
       Effective Dates        : 2001-01-24/CCYY-MM-DD
       Additional Information : Directional Microwave Antenna is situated 8m
                              : North of LAND, is pointed North and has an
                              : impact on L2 signals North of the antenna up to
                              : 25 degrees above the antenna horizon 
                                
9.1.2 Radio Interferences     : MOBILE PHONE ANTENNAE
       Observed Degradations  : Unknown
       Effective Dates        : 2001-01-24/CCYY-MM-DD
       Additional Information : Mobile Phone repeaters are located around the
                                perimeter of the building and may effect signal
                                quality.  Effects have not been measured.

9.1.x Radio Interferences     : (TV/CELL PHONE ANTENNA/RADAR/etc)
       Observed Degradations  : (SN RATIO/DATA GAPS/etc)
       Effective Dates        : (CCYY-MM-DD/CCYY-MM-DD)
       Additional Information : (multiple lines)

9.2.1 Multipath Sources       : METAL ROOF
       Effective Dates        : 2001-01-24/CCYY-MM-DD
       Additional Information : (multiple lines)

9.2.x Multipath Sources       : (METAL ROOF/DOME/VLBI ANTENNA/etc)
       Effective Dates        : (CCYY-MM-DD/CCYY-MM-DD)
       Additional Information : (multiple lines)

9.3.1 Signal Obstructions     : BUILDINGS
       Effective Dates        : 2001-01-24/CCYY-MM-DD
       Additional Information : Telstra Building is approximately 100m ENE of
                                LAND and rises approximately 30 metres above
                                the antenna horizon

9.3.x Signal Obstructions     : (TREES/BUILDINGS/etc)
       Effective Dates        : (CCYY-MM-DD/CCYY-MM-DD)
       Additional Information : (multiple lines)

10.  Local Episodic Effects Possibly Affecting Data Quality

10.x Date                     : (CCYY-MM-DD/CCYY-MM-DD)
     Event                    : (TREE CLEARING/CONSTRUCTION/etc)

11.   On-Site, Point of Contact Agency Information

     Agency                   : Queensland Department of Environment and
                                Resource Management
     Preferred Abbreviation   : DERM
     Mailing Address          : GPO Box 2454
                                Brisbane QLD 4001
     Primary Contact
       Contact Name           : Garry Cislowski
       Telephone (primary)    : +61 7 3896 3030
       Telephone (secondary)  : 0423 029 131
       Fax                    : +61 7 3896 3697
       E-mail                 : garry.cislowski@qld.gov.au
     Secondary Contact
       Contact Name           : Ben Cowie
       Telephone (primary)    : +61 7 3896 3036
       Telephone (secondary)  : 
       Fax                    : +61 7 3896 3697
       E-mail                 : benjamin.cowie@derm.qld.gov.au
     Additional Information   : (multiple lines)


12.  Responsible Agency (if different from 11.)

     Agency                   : (multiple lines)
     Preferred Abbreviation   : (A10)
     Mailing Address          : (multiple lines)
     Primary Contact
       Contact Name           : 
       Telephone (primary)    : 
       Telephone (secondary)  : 
       Fax                    : 
       E-mail                 : 
     Secondary Contact
       Contact Name           : 
       Telephone (primary)    : 
       Telephone (secondary)  : 
       Fax                    : 
       E-mail                 : 
     Additional Information   : (multiple lines)


13.  More Information

     Primary Data Center      : SunPOZ (DERM)
     Secondary Data Center    : Geoscience Australia
     URL for More Information : 
     Hardcopy on File
       Site Map               : (Y or URL)
       Site Diagram           : X
       Horizon Mask           : X
       Monument Description   : X
       Site Pictures          : X
     Additional Information   : (multiple lines)
     Antenna Graphics with Dimensions

ARP: Antenna Reference Point           BPA: Bottom of Preamplifier
L1 : L1 Phase Center                   L2 : L2 Phase Center
TCR: Top of Chokering                  BCR: Bottom of Chokering


                       TRM29659.00

                         -----
                     /     +     \                        <--  0.1280  L2
                    |      +      |                       <--  0.1098  L1
  +-------------------------------------------------+     <--  0.1020  TCR
  |                                                 |
  |                                                 |
  |                                                 |
  |                                                 |
+-+-------------------------------------------------+-+   <--  0.0381
+-------------------+-------------+-------------------+   <--  0.0350  BCR
                    |             |
                   =|             |
                    +------x------+                       <--  0.0000  BPA=ARP

<--                      0.3810                     -->
