     WSLR Site Information Form
     International GNSS Service
     See Instructions at:
       ftp://igscb.jpl.nasa.gov/pub/station/general/sitelog_instr.txt

0.   Form

     Prepared by (full name)  : Brian Schofield  
     Date Prepared            : 2013-12-19
     Report Type              : UPDATE
     If Update:
      Previous Site Log       : wslr_20120725.log
      Modified/Added Sections : 2006-03-01: - 1.0, sect 3: elev. cutoff &
                              :               temp. stabil., sect 4: antenna
                              :               cable info, 11.0, 13.0
                              : 2008-08-27: - 3.1,3.2,3.3: selected Satellite 
                              :               System;
                              :             - 4.3: added radome serial number;
                              : 2010-05-12: - 3.4: added, receiver replaced;
                              : 2012-01-16: - cleaned up antenna diagrams; 
                              :               (removed L1, L2 phase centre
                              :               offsets and clarified
                              :               ARP location;
                              : 2012-07-25: - 3.5: added, receiver replaced;
                              : 2013-12-19: - 3.6: firmware upgrade;

1.  Site Identification of the GNSS Monument

     Site Name                : Whistler
     Four Character ID        : WSLR
     Monument Inscription     : 967000
     IERS DOMES Number        : 40141M001
     CDP Number               : (A4)
     Monument Description     : CONCRETE PIER, 60cm DIAMETER
       Height of the Monument : 3m
       Monument Foundation    : RE-ENFORCED STEEL IN BEDROCK
       Foundation Depth       : 1.5m
     Marker Description       : BRASS PLATE; FORCED CENTER STAINLESS STEEL
     Date Installed           : 1996-09-12
     Geologic Characteristic  : BEDROCK
       Bedrock Type           : METAMORPHIC
       Bedrock Condition      : WEATHERED
       Fracture Spacing       : 50 - 100cm
       Fault zones nearby     : Cascadia Subduction Zone
         Distance/activity    : (multiple lines)
     Additional Information   : (multiple lines)
                              : This station is part of the Western Canada
                              : Deformation Array (WCDA) as well as the
                              : Canadian Active Control System (CACS).
                              : ********************************************
                              : The GPS reference mark consists of a brass
                              : plate with a forced centered stainless steel
                              : bolt. The brass plate is embedded on top of
                              : a 3.0 metre high concrete pier, 60 cm in
                              : diameter. The concrete pier is anchored to
                              : exposed bedrock using steel re-enforcement
                              : bars to a depth of 1.5 m. The antenna is
                              : attached to the brass forced centered plate
                              : via a 10 cm high anodize aluminum base.
                              : This base provides a constant height
                              : above the brass plate and also permits
                              : the antenna to be referenced to north.
                              : **file audited 2008-08-27**

2.   Site Location Information

     City or Town             : Whistler
     State or Province        : B.C.
     Country                  : Canada
     Tectonic Plate           : North America
     Approximate Position (ITRF)
       X coordinate (m)       : -2227013.6100
       Y coordinate (m)       : -3439649.1000
       Z coordinate (m)       : 4872522.2200
       Latitude (N is +)      : +500735.40
       Longitude (E is +)     : -1225516.32
       Elevation (m,ellips.)  : +909.0
     Additional Information   : (multiple lines)

3.  GNSS Receiver Information


3.1  Receiver Type            : ROGUE SNR-8000
     Satellite System         : GPS
     Serial Number            : 166
     Firmware Version         : 3.2 lk 95/03/09
     Elevation Cutoff Setting : 5
     Date Installed           : 1996-09-12T21:02Z
     Date Removed             : 1999-06-04T16:10Z
     Temperature Stabiliz.    : none
     Additional Information   :

3.2  Receiver Type            : ROGUE SNR-8000
     Satellite System         : GPS
     Serial Number            : 166
     Firmware Version         : 3.2.32.8 lk 98/12/28
     Elevation Cutoff Setting : 5
     Date Installed           : 1999-06-04T16:10Z
     Date Removed             : 2000-03-29T17:20Z
     Temperature Stabiliz.    : none
     Additional Information   : RF surge supressor installed at receiver

3.3  Receiver Type            : AOA SNR-8000 ACT
     Satellite System         : GPS
     Serial Number            : T381-U
     Firmware Version         : 3.3.32.3 lk 99/06/11
     Elevation Cutoff Setting : 5
     Date Installed           : 2000-03-29T21:53Z
     Date Removed             : 2010-05-12T00:17Z  
     Temperature Stabiliz.    : none
     Additional Information   :

3.4  Receiver Type            : TRIMBLE NETRS
     Satellite System         : GPS
     Serial Number            : 4635120806
     Firmware Version         : 1.3-0 05 Apr 2010
     Elevation Cutoff Setting : 5
     Date Installed           : 2010-05-12T00:17Z  
     Date Removed             : 2012-07-19T00:00Z
     Temperature Stabiliz.    : none
     Additional Information   :

3.5  Receiver Type            : TRIMBLE NETRS
     Satellite System         : GPS
     Serial Number            : 4450241637
     Firmware Version         : 1.3-0 05 Apr 2010
     Elevation Cutoff Setting : 5
     Date Installed           : 2012-07-19T02:00Z
     Date Removed             : 2013-11-21T18:44Z  
     Temperature Stabiliz.    : none
     Additional Information   :

3.6  Receiver Type            : TRIMBLE NETRS
     Satellite System         : GPS
     Serial Number            : 4450241637
     Firmware Version         : 1.3-2 30 Oct 2012
     Elevation Cutoff Setting : 5
     Date Installed           : 2013-11-21T18:48Z
     Date Removed             : (CCYY-MM-DDThh:mmZ)
     Temperature Stabiliz.    : none
     Additional Information   :

3.x  Receiver Type            : (A20, from rcvr_ant.tab; see instructions)
     Satellite System         : (GPS+GLO+GAL+BDS+QZSS+SBAS)
     Serial Number            : (A5)
     Firmware Version         : (A11)
     Elevation Cutoff Setting : (deg)
     Date Installed           : (CCYY-MM-DDThh:mmZ)
     Date Removed             : (CCYY-MM-DDThh:mmZ)
     Temperature Stabiliz.    : (none or tolerance in degrees C)
     Additional Information   : (multiple lines)

4.  GNSS Antenna Information


4.1  Antenna Type             : AOAD/M_T        EMRA
     Serial Number            : 92172
     Antenna Reference Point  : BPA
     Marker->ARP Up Ecc. (m)  : 0.100
     Marker->ARP North Ecc(m) : (F8.4)
     Marker->ARP East Ecc(m)  : (F8.4)
     Alignment from True N    : 0
     Antenna Radome Type      : EMRA
     Radome Serial Number     :
     Antenna Cable Type       : Andrews LDF4-50A + jumpers (RG214)
     Antenna Cable Length     : ±160m
     Date Installed           : 1996-09-12T21:02Z
     Date Removed             : 1999-06-04T16:10Z
     Additional Information   : RF skirt installed
                              : ref. Antenna Diagram 'A' below
                              : degrees offset from North refers to 'True
                              : North'
                              : The dome is installed using an aluminum
                              : flange ring attached to the choke ring.
                              : The flange ring extends the radius of the
                              : ground plane by 2.5 cm.
                              : Antenna p/n 7490582-B

4.2  Antenna Type             : AOAD/M_T        EMRA
     Serial Number            : 92172
     Antenna Reference Point  : BPA
     Marker->ARP Up Ecc. (m)  : 0.100
     Marker->ARP North Ecc(m) : (F8.4)
     Marker->ARP East Ecc(m)  : (F8.4)
     Alignment from True N    : 0
     Antenna Radome Type      : EMRA
     Radome Serial Number     :
     Antenna Cable Type       : Andrews LDF4-50A + jumpers (RG214)
     Antenna Cable Length     : ±160m
     Date Installed           : 1999-06-04T16:10Z
     Date Removed             : 2000-03-29T17:20Z
     Additional Information   : RF skirt replaced
                              : ref. Antenna Diagram 'A' below
                              : degrees offset from North refers to 'True
                              : North'
                              : The dome is installed using an aluminum
                              : flange ring attached to the choke ring.
                              : The flange ring extends the radius of the
                              : ground plane by 2.5 cm.
                              : Antenna p/n 7490582-B
                              : RF surge supressor installed at antenna

4.3  Antenna Type             : AOAD/M_T        SCIS
     Serial Number            : 99448
     Antenna Reference Point  : BPA
     Marker->ARP Up Ecc. (m)  : 0.100
     Marker->ARP North Ecc(m) : (F8.4)
     Marker->ARP East Ecc(m)  : (F8.4)
     Alignment from True N    : 0
     Antenna Radome Type      : SCIS
     Radome Serial Number     : 29
     Antenna Cable Type       : Andrews LDF4-50A + jumpers (RG214)
     Antenna Cable Length     : ±160m
     Date Installed           : 2000-03-29T21:53Z
     Date Removed             : (CCYY-MM-DDThh:mmZ)
     Additional Information   : ref. Antenna Diagram 'B' below
                              : degrees offset from North refers to 'True
                              : North'
                              : Antenna p/n 7490582-2

4.x  Antenna Type             : (A20, from rcvr_ant.tab; see instructions)
     Serial Number            : (A*, but note the first A5 is used in SINEX)
     Antenna Reference Point  : (BPA/BCR/XXX from "antenna.gra"; see instr.)
     Marker->ARP Up Ecc. (m)  : (F8.4)
     Marker->ARP North Ecc(m) : (F8.4)
     Marker->ARP East Ecc(m)  : (F8.4)
     Alignment from True N    : (deg; + is clockwise/east)
     Antenna Radome Type      : (A4 from rcvr_ant.tab; see instructions)
     Radome Serial Number     :
     Antenna Cable Type       : (vendor & type number)
     Antenna Cable Length     : (m)
     Date Installed           : (CCYY-MM-DDThh:mmZ)
     Date Removed             : (CCYY-MM-DDThh:mmZ)
     Additional Information   : (multiple lines)

5.  Surveyed Local Ties


5.x  Tied Marker Name         :
     Tied Marker Usage        : (SLR/VLBI/LOCAL CONTROL/FOOTPRINT/etc)
     Tied Marker CDP Number   : (A4)
     Tied Marker DOMES Number : (A9)
     Differential Components from GNSS Marker to the tied monument (ITRS)
       dx (m)                 :
       dy (m)                 :
       dz (m)                 :
     Accuracy (mm)            : (mm)
     Survey method            : (GPS CAMPAIGN/TRILATERATION/TRIANGULATION/etc)
     Date Measured            : (CCYY-MM-DDThh:mmZ)
     Additional Information   : (multiple lines)

6.   Frequency Standard


6.1  Standard Type            : RUBIDIUM
       Input Frequency        : 5MHz
       Effective Dates        : (1996-09-12T21:02Z/2000-03-29T17:20Z)
       Notes                  :

6.2  Standard Type            : internal clock steering
       Input Frequency        : 5MHz
       Effective Dates        : 2000-03-29T17:20Z/CCYY-MM-DD
       Notes                  :

6.x  Standard Type            : (INTERNAL or EXTERNAL H-MASER/CESIUM/etc)
       Input Frequency        : (if external)
       Effective Dates        : (CCYY-MM-DD/CCYY-MM-DD)
       Notes                  : (multiple lines)

7.   Collocation Information


7.x  Instrumentation Type     : (GPS/GLONASS/DORIS/PRARE/SLR/VLBI/TIME/etc)
       Status                 : (PERMANENT/MOBILE)
       Effective Dates        : (CCYY-MM-DD/CCYY-MM-DD)
       Notes                  : (multiple lines)

8.   Meteorological Instrumentation


8.1.x  Humidity Sensor Model  :
       Manufacturer           :
       Serial Number          :
       Data Sampling Interval : (sec)
       Accuracy (% rel h)     : (% rel h)
       Aspiration             : (UNASPIRATED/NATURAL/FAN/etc)
       Height Diff to Ant     : (m)
       Calibration date       : (CCYY-MM-DD)
       Effective Dates        : (CCYY-MM-DD/CCYY-MM-DD)
       Notes                  : (multiple lines)

8.2.x  Pressure Sensor Model  :
       Manufacturer           :
       Serial Number          :
       Data Sampling Interval : (sec)
       Accuracy               : (hPa)
       Height Diff to Ant     : (m)
       Calibration date       : (CCYY-MM-DD)
       Effective Dates        : (CCYY-MM-DD/CCYY-MM-DD)
       Notes                  : (multiple lines)

8.3.x  Temp. Sensor Model     :
       Manufacturer           :
       Serial Number          :
       Data Sampling Interval : (sec)
       Accuracy               : (hPa)
       Aspiration             : (UNASPIRATED/NATURAL/FAN/etc)
       Height Diff to Ant     : (m)
       Calibration date       : (CCYY-MM-DD)
       Effective Dates        : (CCYY-MM-DD/CCYY-MM-DD)
       Notes                  : (multiple lines)

8.4.x  Water Vapor Radiometer :
       Manufacturer           :
       Serial Number          :
       Distance to Antenna    : (m)
       Height Diff to Ant     : (m)
       Calibration date       : (CCYY-MM-DD)
       Effective Dates        : (CCYY-MM-DD/CCYY-MM-DD)
       Notes                  : (multiple lines)

8.5.x  Other Instrumentation  :

9.  Local Ongoing Conditions Possibly Affecting Computed Position


9.1.x  Radio Interferences    : (TV/CELL PHONE ANTENNA/RADAR/etc)
       Observed Degredations  : (SN RATIO/DATA GAPS/etc)
       Effective Dates        : (CCYY-MM-DD/CCYY-MM-DD)
       Additional Information : (multiple lines)

9.2.x  Multipath Sources      : (METAL ROOF/DOME/VLBI ANTENNA/etc)
       Effective Dates        : (CCYY-MM-DD/CCYY-MM-DD)
       Additional Information : (multiple lines)

9.3.x  Signal Obstructions    : (TREES/BUILDLINGS/etc)
       Effective Dates        : (CCYY-MM-DD/CCYY-MM-DD)
       Additional Information : (multiple lines)

10.   Local Episodic Effects Possibly Affecting Data Quality


10.x Date                     : (CCYY-MM-DD/CCYY-MM-DD)
     Event                    : (TREE CLEARING/CONSTRUCTION/etc)

11.   On-Site, Point of Contact Agency Information

     Agency                   : Geological Survey of Canada
     Preferred Abbreviation   : GSC
     Mailing Address          : P.O. Box 6000
                              : 9860 West Saanich Rd.
                              : Sidney, B.C.
                              : Canada V8L 4B2
     Primary Contact
       Contact Name           : Michael Schmidt
       Telephone (primary)    : 250-363-6760
       Telephone (secondary)  : 250-363-6500
       Fax                    : 250-363-6565
       E-mail                 : MSchmidt@nrcan.gc.ca
     Secondary Contact
       Contact Name           : Herb Dragert
       Telephone (primary)    : 250-363-6447
       Telephone (secondary)  : 250-363-6500
       Fax                    : 250-363-6565
       E-mail                 : HDragert@nrcan.gc.ca
     Additional Information   : (multiple lines)

12.  Responsible Agency (if different from 11.)

     Agency                   : (multiple lines)
     Preferred Abbreviation   : (A10)
     Mailing Address          : (multiple lines)
     Primary Contact
       Contact Name           :
       Telephone (primary)    :
       Telephone (secondary)  :
       Fax                    :
       E-mail                 :
     Secondary Contact
       Contact Name           :
       Telephone (primary)    :
       Telephone (secondary)  :
       Fax                    :
       E-mail                 :
     Additional Information   : (multiple lines)

13.  More Information

     Primary Data Center      : ftp://wcda.pgc.nrcan.gc.ca
     Secondary Data Center    : none
     URL for More Information : http://gsc.nrcan.gc.ca/geodyn/wcda/index_e.php
       Hardcopy on File
       Site Map               : (Y or URL)
       Site Diagram           : (Y)
       Horizon Mask           : (Y)
       Monument Description   : (Y)
       Site Pictures          : (Y)
     Additional Information   : Hardcopy Information available from www site
                              : or site contact
     Antenna Graphics with Dimensions




Antenna Diagram A
*****************
           TURBOROGUE: AOAD/M_T (Allen Osborne Design)
                                  (not to scale)

                              .       .
                      .                       .
                .                                   .
            .                                           .<- ACRYLIC DOME
        .                       -----                      . (EMRA)
      .                     /     +     \                    .
    .                      |      +      |                     .
   .      +-----------------------------------------------+     .
  .       |                                               |      .
  .       |                                               |      .
  .       |                                               |      .
  .       |                                               |      .
  .    +-+------------------------------------------------+-+    . 
...    +-------------------+-------------+------------------+    ...
|======FLANGE=======       |             |       =======RING=======|
|                          |             |                         |
|                          +------X------+   <------ 0.000 BPA=ARP |
|                          *             *         |               |
|                          *             *         |               |
|                          *             *         |               |< metal
|                          *             *       0.100m            |  screen
|                          *             *         |               |RF skirt
|                          *             *         |               |
[--------------------------------#---------------------------------]<-TOP OF
[                                                                  ]CONCRETE
[                                                                  ]  PIER
[                                                                  ]
[                                                                  ]

                     # ...  Monument Reference Point
                     X ...  Antenna Reference Point (ARP)


Antenna Diagram B
*****************

                              TURBOROGUE: AOAD/M_T
                                  (not to scale)

                              .  .  .
                         .                .
                     .                        .
                  .                              .
               .                                    .
             .                                        .
           .                                            .
         . <--  DOME (SCIS)                               .
       .                                                    .
      .                                                      .
     .                                                        .
     .                                                        .
     .                                                        .
     .                                                        .
     .                                                        .
     .                         -----                          .
     .                                                        .
     .                     /     +     \                      .
     .                    |      +      |                     .
     .    +-----------------------------------------------+   .
     .    |                                               |   .
     .    |                                               |   .
     .    |                                               |   .
     .    |                                               |   .
     . +-+------------------------------------------------+-+ .
     . +-------------------+-------------+------------------+ .
                           |             |
                           |             |
                           +------X------+   <----------------  0.000 BPA=ARP
                           *             *         |
                           *             *         |
                           *             *         |
                           *             *       0.100m
                           *             *         |
                           *             *         |
[--------------------------------#---------------------------------]<-TOP OF
[                                                                  ]CONCRETE
[                                                                  ]  PIER
[                                                                  ]
[                                                                  ]

                     # ...  Monument Reference Point
                     X ...  Antenna Reference Point (ARP)
