
     XMIS Site Information Form (site log)
     International GNSS Service
     See Instructions at:
       ftp://igscb.jpl.nasa.gov/pub/station/general/sitelog_instr.txt

0.   Form

     Prepared by (full name)  : Ted Zhou
     Date Prepared            : 2015-11-03
     Report Type              : UPDATE
     If Update:
      Previous Site Log       : xmis_20150617.log
      Modified/Added Sections : 4.1,4.2 


1.   Site Identification of the GNSS Monument

     Site Name                : Christmas Island
     Four Character ID        : XMIS
     Monument Inscription     : AU068
     IERS DOMES Number        : 50183M001
     CDP Number               : NONE
     Monument Description     : PILLAR
       Height of the Monument : 2.0 m
       Monument Foundation    : CONCRETE BLOCK
       Foundation Depth       : 2.5 m
     Marker Description       : STAINLESS STEEL THREADED SPIGOT
     Date Installed           : 2005-01-01T00:00Z
     Geologic Characteristic  : BEDROCK
       Bedrock Type           : METAMORPHIC
       Bedrock Condition      : WEATHERED
       Fracture Spacing       : 
       Fault zones nearby     : 
         Distance/activity    : 
     Additional Information   : Monument is a 400mm dia concrete pillar, 2.0 
                              : metres  above ground surface. A 250mm dia.
                              : stainless steel plate, (antenna mount) centred
                              : into the top of monument.


2.   Site Location Information

     City or Town             : Christmas Island
     State or Province        : Western Australia
     Country                  : Australia
     Tectonic Plate           : AUSTRALIAN
     Approximate Position (ITRF)
       X coordinate (m)       : -1696343.6790
       Y coordinate (m)       : 6039590.1166
       Z coordinate (m)       : -1149276.4801
       Latitude (N is +)      : -102659.89
       Longitude (E is +)     : +1054118.58
       Elevation (m,ellips.)  : +0261.5833
     Additional Information   : Located at the Christmas Island Airport


3.   GNSS Receiver Information

3.1  Receiver Type            : ASHTECH UZ-12
     Satellite System         : GPS
     Serial Number            : UC2200511005
     Firmware Version         : CN00
     Elevation Cutoff Setting : 0 deg
     Date Installed           : 2005-01-01T00:00Z
     Date Removed             : 2008-07-21T23:59Z
     Temperature Stabiliz.    : none
     Additional Information   : 

3.2  Receiver Type            : LEICA GRX1200GGPRO
     Satellite System         : GPS+GLO
     Serial Number            : 355800
     Firmware Version         : 5.62
     Elevation Cutoff Setting : 0 deg
     Date Installed           : 2008-07-22T00:00Z
     Date Removed             : 2008-11-06T00:00Z
     Temperature Stabiliz.    : none
     Additional Information   : 

3.3  Receiver Type            : LEICA GRX1200GGPRO
     Satellite System         : GPS+GLO
     Serial Number            : 355800
     Firmware Version         : 6.00
     Elevation Cutoff Setting : 0 deg
     Date Installed           : 2008-11-06T00:00Z
     Date Removed             : 2009-07-24T00:00Z
     Temperature Stabiliz.    : none
     Additional Information   : 

3.4  Receiver Type            : LEICA GRX1200GGPRO
     Satellite System         : GPS+GLO
     Serial Number            : 355800
     Firmware Version         : 7.50
     Elevation Cutoff Setting : 0 deg
     Date Installed           : 2009-07-24T00:00Z
     Date Removed             : 2010-05-07T00:00Z
     Temperature Stabiliz.    : none
     Additional Information   : The tracking was changed from C2 or P2, to P2
                              : only at 2009-07-30T00:00Z

3.5  Receiver Type            : LEICA GRX1200GGPRO
     Satellite System         : GPS+GLO
     Serial Number            : 355800
     Firmware Version         : 7.50/3.019
     Elevation Cutoff Setting : 0 deg
     Date Installed           : 2010-05-07T00:00Z
     Date Removed             : 2011-08-18T00:00Z
     Temperature Stabiliz.    : none
     Additional Information   : ME upgrade due to GLONASS tracking problems.

3.6  Receiver Type            : LEICA GRX1200GGPRO
     Satellite System         : GPS+GLO
     Serial Number            : 355800
     Firmware Version         : 8.20/3.019
     Elevation Cutoff Setting : 0 deg
     Date Installed           : 2011-08-18T00:00Z
     Date Removed             : 2014-06-24T00:00Z
     Temperature Stabiliz.    : none
     Additional Information   : 

3.7  Receiver Type            : TRIMBLE NETR9
     Satellite System         : GPS+GLO+GAL+BDS+QZSS
     Serial Number            : 5211K83159
     Firmware Version         : 4.85
     Elevation Cutoff Setting : 0 deg
     Date Installed           : 2014-06-26T00:00Z
     Date Removed             : 2015-06-17T00:00Z
     Temperature Stabiliz.    : none
     Additional Information   : 

3.8  Receiver Type            : TRIMBLE NETR9
     Satellite System         : GPS+GLO+GAL+BDS+QZSS
     Serial Number            : 5211K83159
     Firmware Version         : 5.01
     Elevation Cutoff Setting : 0 deg
     Date Installed           : 2015-06-17T00:00Z
     Date Removed             : CCYY-MM-DDThh:mmZ
     Temperature Stabiliz.    : none
     Additional Information   : 

3.x  Receiver Type            : (A20, from rcvr_ant.tab; see instructions)
     Satellite System         : (GPS+GLO+GAL+BDS+QZSS+SBAS)
     Serial Number            : (A20, but note the first A5 is used in SINEX)
     Firmware Version         : (A11)
     Elevation Cutoff Setting : (deg)
     Date Installed           : (CCYY-MM-DDThh:mmZ)
     Date Removed             : (CCYY-MM-DDThh:mmZ)
     Temperature Stabiliz.    : (none or tolerance in degrees C)
     Additional Information   : (multiple lines)


4.   GNSS Antenna Information

4.1  Antenna Type             : ASH701945E_M    NONE
     Serial Number            : CR6200503033
     Antenna Reference Point  : BPA
     Marker->ARP Up Ecc. (m)  : 0.0000
     Marker->ARP North Ecc(m) : 0.0000
     Marker->ARP East Ecc(m)  : 0.0000
     Alignment from True N    : 0 deg
     Antenna Radome Type      : NONE
     Radome Serial Number     : 
     Antenna Cable Type       : RG214
     Antenna Cable Length     : 30 m
     Date Installed           : 2005-01-01T00:00Z
     Date Removed             : 2012-08-02T09:20Z
     Additional Information   : 

4.2  Antenna Type             : ASH701945E_M    NONE
     Serial Number            : CR6200503033
     Antenna Reference Point  : BPA
     Marker->ARP Up Ecc. (m)  : 0.0000
     Marker->ARP North Ecc(m) : 0.0000
     Marker->ARP East Ecc(m)  : 0.0000
     Alignment from True N    : 0 deg
     Antenna Radome Type      : NONE
     Radome Serial Number     : 
     Antenna Cable Type       : LMR400
     Antenna Cable Length     : 39 m
     Date Installed           : 2012-08-02T09:20Z
     Date Removed             : 2014-06-24T00:00Z
     Additional Information   : 

4.3  Antenna Type             : TRM59800.00     NONE
     Serial Number            : 5220354462
     Antenna Reference Point  : BPA
     Marker->ARP Up Ecc. (m)  : 000.0015
     Marker->ARP North Ecc(m) : 000.0000
     Marker->ARP East Ecc(m)  : 000.0000
     Alignment from True N    : 0 deg
     Antenna Radome Type      : NONE
     Radome Serial Number     : 
     Antenna Cable Type       : LMR400
     Antenna Cable Length     : 37 m
     Date Installed           : 2014-06-26T00:00Z
     Date Removed             : CCYY-MM-DDThh:mmZ
     Additional Information   : 

4.x  Antenna Type             : (A20, from rcvr_ant.tab; see instructions)
     Serial Number            : (A*, but note the first A5 is used in SINEX)
     Antenna Reference Point  : (BPA/BCR/XXX from "antenna.gra"; see instr.)
     Marker->ARP Up Ecc. (m)  : (F8.4)
     Marker->ARP North Ecc(m) : (F8.4)
     Marker->ARP East Ecc(m)  : (F8.4)
     Alignment from True N    : (deg; + is clockwise/east)
     Antenna Radome Type      : (A4 from rcvr_ant.tab; see instructions)
     Radome Serial Number     : 
     Antenna Cable Type       : (vendor & type number)
     Antenna Cable Length     : (m)
     Date Installed           : (CCYY-MM-DDThh:mmZ)
     Date Removed             : (CCYY-MM-DDThh:mmZ)
     Additional Information   : (multiple lines)


5.   Surveyed Local Ties

5.1  Tied Marker Name         : RM1
     Tied Marker Usage        : LOCAL CONTROL
     Tied Marker CDP Number   : 
     Tied Marker DOMES Number : 
     Differential Components from GNSS Marker to the tied monument (ITRS)
       dx (m)                 : -1.4122
       dy (m)                 : 2.1458
       dz (m)                 : 26.1016
     Accuracy (mm)            : 1 mm
     Survey method            : Total Station TRILATERATION/TRIANGULATION
     Date Measured            : 2005-06-30T00:00Z
     Additional Information   : 

5.2  Tied Marker Name         : RM2
     Tied Marker Usage        : LOCAL CONTROL
     Tied Marker CDP Number   : 
     Tied Marker DOMES Number : 
     Differential Components from GNSS Marker to the tied monument (ITRS)
       dx (m)                 : -17.1504
       dy (m)                 : -10.5129
       dz (m)                 : -14.7873
     Accuracy (mm)            : 1 mm
     Survey method            : Total Station TRILATERATION/TRIANGULATION
     Date Measured            : 2005-06-30T00:00Z
     Additional Information   : 

5.3  Tied Marker Name         : RM3
     Tied Marker Usage        : LOCAL CONTROL
     Tied Marker CDP Number   : 
     Tied Marker DOMES Number : 
     Differential Components from GNSS Marker to the tied monument (ITRS)
       dx (m)                 : 23.0757
       dy (m)                 : 1.2460
       dz (m)                 : -11.6113
     Accuracy (mm)            : 1 mm
     Survey method            : Total Station TRILATERATION/TRIANGULATION
     Date Measured            : 2005-06-30T00:00Z
     Additional Information   : 

5.4  Tied Marker Name         : XMAS / BMR
     Tied Marker Usage        : LOCAL CONTROL
     Tied Marker CDP Number   : 
     Tied Marker DOMES Number : 
     Differential Components from GNSS Marker to the tied monument (ITRS)
       dx (m)                 : -119.4679
       dy (m)                 : -27.0301
       dz (m)                 : 40.4251
     Accuracy (mm)            : 1 mm
     Survey method            : Total Station TRILATERATION/TRIANGULATION
     Date Measured            : 2005-06-30T00:00Z
     Additional Information   : 

5.5  Tied Marker Name         : RM1
     Tied Marker Usage        : LOCAL CONTROL
     Tied Marker CDP Number   : 
     Tied Marker DOMES Number : 
     Differential Components from GNSS Marker to the tied monument (ITRS)
       dx (m)                 : -1.4120
       dy (m)                 : 2.1455
       dz (m)                 : 26.1029
     Accuracy (mm)            : 1 mm
     Survey method            : Total Station TRILATERATION/TRIANGULATION
     Date Measured            : 2007-09-16T00:00Z
     Additional Information   : 

5.6  Tied Marker Name         : RM2
     Tied Marker Usage        : LOCAL CONTROL
     Tied Marker CDP Number   : 
     Tied Marker DOMES Number : 
     Differential Components from GNSS Marker to the tied monument (ITRS)
       dx (m)                 : -17.1509
       dy (m)                 : -10.5139
       dz (m)                 : -14.7873
     Accuracy (mm)            : 1 mm
     Survey method            : Total Station TRILATERATION/TRIANGULATION
     Date Measured            : 2007-09-16T00:00Z
     Additional Information   : 

5.7  Tied Marker Name         : RM3
     Tied Marker Usage        : LOCAL CONTROL
     Tied Marker CDP Number   : 
     Tied Marker DOMES Number : 
     Differential Components from GNSS Marker to the tied monument (ITRS)
       dx (m)                 : 23.0757
       dy (m)                 : 1.2450
       dz (m)                 : -11.6110
     Accuracy (mm)            : 1 mm
     Survey method            : Total Station TRILATERATION/TRIANGULATION
     Date Measured            : 2007-09-16T00:00Z
     Additional Information   : 

5.8  Tied Marker Name         : XMAS / BMR
     Tied Marker Usage        : LOCAL CONTROL
     Tied Marker CDP Number   : 
     Tied Marker DOMES Number : 
     Differential Components from GNSS Marker to the tied monument (ITRS)
       dx (m)                 : -119.4668
       dy (m)                 : -27.0316
       dz (m)                 : 40.4252
     Accuracy (mm)            : 1 mm
     Survey method            : Total Station TRILATERATION/TRIANGULATION
     Date Measured            : 2007-09-16T00:00Z
     Additional Information   : 

5.x  Tied Marker Name         : 
     Tied Marker Usage        : (SLR/VLBI/LOCAL CONTROL/FOOTPRINT/etc)
     Tied Marker CDP Number   : (A4)
     Tied Marker DOMES Number : (A9)
     Differential Components from GNSS Marker to the tied monument (ITRS)
       dx (m)                 : (m)
       dy (m)                 : (m)
       dz (m)                 : (m)
     Accuracy (mm)            : (mm)
     Survey method            : (GPS CAMPAIGN/TRILATERATION/TRIANGULATION/etc)
     Date Measured            : (CCYY-MM-DDThh:mmZ)
     Additional Information   : (multiple lines)


6.   Frequency Standard

6.1  Standard Type            : INTERNAL
       Input Frequency        : 
       Effective Dates        : 2005-07-01/CCYY-MM-DD
       Notes                  : 

6.x  Standard Type            : (INTERNAL or EXTERNAL H-MASER/CESIUM/etc)
       Input Frequency        : (if external)
       Effective Dates        : (CCYY-MM-DD/CCYY-MM-DD)
       Notes                  : (multiple lines)


7.   Collocation Information

7.x  Instrumentation Type     : (GPS/GLONASS/DORIS/PRARE/SLR/VLBI/TIME/etc)
       Status                 : (PERMANENT/MOBILE)
       Effective Dates        : (CCYY-MM-DD/CCYY-MM-DD)
       Notes                  : (multiple lines)


8.   Meteorological Instrumentation

8.1.1  Humidity Sensor Model  : PAROSCIENTIFIC MET3A
       Manufacturer           : PAROSCIENTIFIC
       Serial Number          : 93580
       Data Sampling Interval : 30 sec
       Accuracy (% rel h)     : 2
       Aspiration             : FAN
       Height Diff to Ant     : 0 m
       Calibration date       : (CCYY-MM-DD)
       Effective Dates        : 2005-07-01/2008-07-22
       Notes                  : 

8.1.2  Humidity Sensor Model  : PAROSCIENTIFIC MET3A
       Manufacturer           : Paroscientific
       Serial Number          : DQRHT827
       Data Sampling Interval : 30 sec
       Accuracy (% rel h)     : 2.00
       Aspiration             : FAN
       Height Diff to Ant     : 0 m
       Calibration date       : (CCYY-MM-DD)
       Effective Dates        : 2008-07-28/CCYY-MM-DD
       Notes                  : 

8.1.x  Humidity Sensor Model  : 
       Manufacturer           : 
       Serial Number          : 
       Data Sampling Interval : (sec)
       Accuracy (% rel h)     : (% rel h)
       Aspiration             : (UNASPIRATED/NATURAL/FAN/etc)
       Height Diff to Ant     : (m)
       Calibration date       : (CCYY-MM-DD)
       Effective Dates        : (CCYY-MM-DD/CCYY-MM-DD)
       Notes                  : (multiple lines)

8.2.1  Pressure Sensor Model  : PAROSCIENTIFIC MET3A
       Manufacturer           : PAROSCIENTIFIC
       Serial Number          : 93580
       Data Sampling Interval : 30 sec
       Accuracy               : 0.1 hPa
       Height Diff to Ant     : -0.6 m
       Calibration date       : (CCYY-MM-DD)
       Effective Dates        : 2005-07-01/2008-07-22
       Notes                  : 

8.2.2  Pressure Sensor Model  : PAROSCIENTIFIC MET3A
       Manufacturer           : Paroscientific
       Serial Number          : DQ98851
       Data Sampling Interval : 30 sec
       Accuracy               : 0.1 hPa
       Height Diff to Ant     : -0.6 m
       Calibration date       : (CCYY-MM-DD)
       Effective Dates        : 2008-07-28/CCYY-MM-DD
       Notes                  : 

8.2.x  Pressure Sensor Model  : 
       Manufacturer           : 
       Serial Number          : 
       Data Sampling Interval : (sec)
       Accuracy               : (hPa)
       Height Diff to Ant     : (m)
       Calibration date       : (CCYY-MM-DD)
       Effective Dates        : (CCYY-MM-DD/CCYY-MM-DD)
       Notes                  : (multiple lines)

8.3.1  Temp. Sensor Model     : PAROSCIENTIFIC MET3A
       Manufacturer           : PAROSCIENTIFIC
       Serial Number          : 93580
       Data Sampling Interval : 30 sec
       Accuracy               : 0.5 deg C
       Aspiration             : FAN
       Height Diff to Ant     : 0 m
       Calibration date       : 
       Effective Dates        : 2005-07-01/2008-07-22
       Notes                  : 

8.3.2  Temp. Sensor Model     : PAROSCIENTIFIC MET3A
       Manufacturer           : Paroscientific
       Serial Number          : DQRHT827
       Data Sampling Interval : 30 sec
       Accuracy               : 0.5 deg C
       Aspiration             : FAN
       Height Diff to Ant     : 0 m
       Calibration date       : 
       Effective Dates        : 2008-07-28/CCYY-MM-DD
       Notes                  : 

8.3.x  Temp. Sensor Model     : 
       Manufacturer           : 
       Serial Number          : 
       Data Sampling Interval : (sec)
       Accuracy               : (deg C)
       Aspiration             : (UNASPIRATED/NATURAL/FAN/etc)
       Height Diff to Ant     : (m)
       Calibration date       : (CCYY-MM-DD)
       Effective Dates        : (CCYY-MM-DD/CCYY-MM-DD)
       Notes                  : (multiple lines)

8.4.x  Water Vapor Radiometer : 
       Manufacturer           : 
       Serial Number          : 
       Distance to Antenna    : (m)
       Height Diff to Ant     : (m)
       Calibration date       : (CCYY-MM-DD)
       Effective Dates        : (CCYY-MM-DD/CCYY-MM-DD)
       Notes                  : (multiple lines)

8.5.x  Other Instrumentation  : (multiple lines)


9.   Local Ongoing Conditions Possibly Affecting Computed Position

9.1.1  Radio Interferences    : 
       Observed Degradations  : 
       Effective Dates        : (CCYY-MM-DD/CCYY-MM-DD)
       Additional Information : 

9.1.x  Radio Interferences    : (TV/CELL PHONE ANTENNA/RADAR/etc)
       Observed Degradations  : (SN RATIO/DATA GAPS/etc)
       Effective Dates        : (CCYY-MM-DD/CCYY-MM-DD)
       Additional Information : (multiple lines)

9.2.1  Multipath Sources      : 
       Effective Dates        : (CCYY-MM-DD/CCYY-MM-DD)
       Additional Information : 

9.2.x  Multipath Sources      : (METAL ROOF/DOME/VLBI ANTENNA/etc)
       Effective Dates        : (CCYY-MM-DD/CCYY-MM-DD)
       Additional Information : (multiple lines)

9.3.1  Signal Obstructions    : 
       Effective Dates        : (CCYY-MM-DD/CCYY-MM-DD)
       Additional Information : 

9.3.x  Signal Obstructions    : (TREES/BUILDINGS/etc)
       Effective Dates        : (CCYY-MM-DD/CCYY-MM-DD)
       Additional Information : (multiple lines)


10.  Local Episodic Effects Possibly Affecting Data Quality

10.1 Date                     : 2006-07-17/CCYY-MM-DD
     Event                    : EARTHQUAKE
                              : MAG 7.70 APPRX DIST: 218 km DEPTH: 10 km

10.2 Date                     : 2006-09-12/CCYY-MM-DD
     Event                    : EARTHQUAKE
                              : MAG 7.80 APPRX DIST: 825 km DEPTH: 30 km

10.3 Date                     : 2006-09-30/CCYY-MM-DD
     Event                    : EARTHQUAKE
                              : MAG 5.30 APPRX DIST: 4 km DEPTH: 10 km

10.4 Date                     : 2007-08-08/CCYY-MM-DD
     Event                    : EARTHQUAKE
                              : MAG 7.60 APPRX DIST: 542 km DEPTH: 300 km

10.5 Date                     : 2007-09-12/CCYY-MM-DD
     Event                    : EARTHQUAKE
                              : MAG 7.90 APPRX DIST: 1018 km DEPTH: 30 km

10.6 Date                     : 2007-09-12/CCYY-MM-DD
     Event                    : EARTHQUAKE
                              : MAG 8.40 APPRX DIST: 825 km DEPTH: 30 km

10.7 Date                     : 2009-09-02/CCYY-MM-DD
     Event                    : EARTHQUAKE
                              : MAG 7.10 APPRX DIST: 321 km DEPTH: 60 km

10.x Date                     : (CCYY-MM-DD/CCYY-MM-DD)
     Event                    : (TREE CLEARING/CONSTRUCTION/etc)

11.  On-Site, Point of Contact Agency Information

     Agency                   : Geoscience Australia
     Preferred Abbreviation   : GA
     Mailing Address          : GPO Box 378
                              : Canberra  ACT  2601
                              : AUSTRALIA
     Primary Contact
       Contact Name           : Ryan Ruddick
       Telephone (primary)    : +61 2 6249 9426
       Telephone (secondary)  : +61 2 6249 9111
       Fax                    : 
       E-mail                 : geodesy@ga.gov.au
     Secondary Contact
       Contact Name           : Nicholas Brown
       Telephone (primary)    : +61 2 6249 9831
       Telephone (secondary)  : +61 2 6249 9111
       Fax                    : 
       E-mail                 : geodesy@ga.gov.au
     Additional Information   : 


12.  Responsible Agency (if different from 11.)

     Agency                   : Geoscience Australia
     Preferred Abbreviation   : GA
     Mailing Address          : GPO Box 378
                              : Canberra  ACT  2601
                              : AUSTRALIA
     Primary Contact
       Contact Name           : Ryan Ruddick
       Telephone (primary)    : +61 2 6249 9426
       Telephone (secondary)  : +61 2 6249 9111
       Fax                    : 
       E-mail                 : geodesy@ga.gov.au
     Secondary Contact
       Contact Name           : Nicholas Brown
       Telephone (primary)    : +61 2 6249 9831
       Telephone (secondary)  : +61 2 6249 9111
       Fax                    : 
       E-mail                 : geodesy@ga.gov.au
     Additional Information   : 

13.  More Information

     Primary Data Center      : GA
     Secondary Data Center    : CDDIS
     URL for More Information : http://www.ga.gov.au
     Hardcopy on File
       Site Map               : Y
       Site Diagram           : Y
       Horizon Mask           : Y
       Monument Description   : Y
       Site Pictures          : Y
     Additional Information   : 
     Antenna Graphics with Dimensions

ASH701945C_M

                       +-------+
                     /           \
                    |             |
  +-----------------+-------------+-----------------+     <--  0.1006  TCR
  |                                                 |
  |                                                 |
  |                                                 |
  |                                                 |
+-+-------------------------------------------------+-+   <--  0.0376
+-------------------+-------------+-------------------+   <--  0.0346  BCR
                    |             |
                    |             |
                    +------x------+                       <--  0.0000  BPA=ARP
                                                                       NOM=NRP
<--                      0.3794                     -->


TRM59800.00

                         -----
                     /           \
                    |             |
  +-------------------------------------------------+     <--  0.1020  TCR
  |                                                 |
  |                                                 |
  |                                                 |
  |                                                 |
+-+-------------------------------------------------+-+   <--  0.0381
+-------------------+-------------+-------------------+   <--  0.0350  BCR
                    |             |
                   =|             |
                    +------x------+                       <--  0.0000  BPA=ARP
                                                                       RXC=NRP
<--                      0.3810                     -->



