     YSSK Site Information Form
     International GPS Service
     See Instructions at:
       ftp://igscb.jpl.nasa.gov/pub/station/general/sitelog_instr.txt

0.   Form

     Prepared by (full name)  : Grigory Steblov
     Date Prepared            : 2000-02-14
     Report Type              : UPDATE
     If Update:
      Previous Site Log       : yssk0002.log
      Modified/Added Sections : (n.n,n.n,...)

1.  Site Identification of the GNSS Monument

     Site Name                : Yuzhno-Sakhalinsk
     Four Character ID        : YSSK
     Monument Inscription     : (none)
     IERS DOMES Number        : 12329M003
     CDP Number               : (A4)
     Monument Description     : (PILLAR/BRASS PLATE/STEEL MAST/etc)
       Height of the Monument : (m)
       Monument Foundation    : (STEEL RODS, CONCRETE BLOCK, ROOF, etc)
       Foundation Depth       : (m)
     Marker Description       : (CHISELLED CROSS/DIVOT/BRASS NAIL/etc)
     Date Installed           : 1999-07-28
     Geologic Characteristic  : Sakhalin seismic belt
       Bedrock Type           : Glaucophane metamorfic
       Bedrock Condition      : Jointed
       Fracture Spacing       : Over 200 cm
       Fault zones nearby     : (YES/NO/Name of the zone)
         Distance/activity    : (multiple lines)
     Additional Information   : Yuzhno-Sakhalinsk is located over
                              : the central Sakhalin suture.
                              : 
                              : This station is part of NEDA
                              : Deformation Array created and run by
                              : RUSEG
                              : by GPS Technology. NEDA operational control
                              : is provided by RDAAC
                              : Acquistion/Analysis Center (Moscow). RDAAC
                              : is also IGS Operational Center for NEDA.
                              : RUSEG is a collaborative project of Lamont-
                              : Doherty Earth Observatory and Russian Academy
                              : of Sciences supported through the IRIS
                              : Consortium.
                              : 
                              : The GPS reference mark consists of
                              : 5/8-11" diameter, vertical rod of the
                              : stainless steel.
                              : The rod is glued into the flat top of the
                              : rectangular construction made of reinforced
                              : concrete on the roof of Institute of Marine
                              : Geology and Geophysics. The roof, as well
                              : as the building is also made of reinforced
                              : concrete.
                              : Vertical datum
                              : of the rod.
                              : The antenna is attached to the rod with
                              : UNAVCO compact leveling mount. The antenna
                              : and the choke-ring assembly are protected
                              : with the JPL hemispherical radome.

2.   Site Location Information

     City or Town             : Yuzhno-Sakhalinsk
     State or Province        : Sakhalin Region
     Country                  : Russian Federation
     Tectonic Plate           : Eurasia - North America plate boundary
     Approximate Position (ITRF)
       X coordinate (m)       : -3465320.847
       Y coordinate (m)       : 2638269.382
       Z coordinate (m)       : 4644085.485
       Latitude (N is +)      : +470147.05
       Longitude (E is +)     : +1424300.19
       Elevation (m,ellips.)  : 91.2887
     Additional Information   : GAMIT Solution ITRF96. Epoch 1999.57

3.  GNSS Receiver Information


3.1  Receiver Type            : ASHTECH Z-XII3
     Satellite System         : (GPS/GLONASS/GPS+GLONASS)
     Serial Number            : LP03019
     Firmware Version         : NAV CC00 CH 1D02
     Elevation Cutoff Setting : (deg)
     Date Installed           : 1999-07-28
     Date Removed             : 2000-02-10
     Temperature Stabiliz.    : (none or tolerance in degrees C)
     Additional Information   : Model 700845-10F (Z-12 CGRS)

3.2  Receiver Type            : ASHTECH Z-XII3
     Satellite System         : (GPS/GLONASS/GPS+GLONASS)
     Serial Number            : LP03066
     Firmware Version         : NAV CC00 CH 1D02
     Elevation Cutoff Setting : (deg)
     Date Installed           : 2000-02-11T01:07Z
     Date Removed             : (CCYY-MM-DDThh:mmZ)
     Temperature Stabiliz.    : (none or tolerance in degrees C)
     Additional Information   : Model 700845-10F (Z-12 CGRS)

3.x  Receiver Type            : (A20, from rcvr_ant.tab; see instructions)
     Satellite System         : (GPS/GLONASS/GPS+GLONASS)
     Serial Number            : (A5)
     Firmware Version         : (A11)
     Elevation Cutoff Setting : (deg)
     Date Installed           : (CCYY-MM-DDThh:mmZ)
     Date Removed             : (CCYY-MM-DDThh:mmZ)
     Temperature Stabiliz.    : (none or tolerance in degrees C)
     Additional Information   : (multiple lines)

4.  GNSS Antenna Information


4.1  Antenna Type             : ASH701933B_M
     Serial Number            : CRN1999040133
     Antenna Reference Point  : BPA
     Marker->ARP Up Ecc. (m)  : 0.0798
     Marker->ARP North Ecc(m) : (F8.4)
     Marker->ARP East Ecc(m)  : (F8.4)
     Alignment from True N    : 0
     Antenna Radome Type      : DOME
     Radome Serial Number     : 
     Antenna Cable Type       : (vendor & type number)
     Antenna Cable Length     : (m)
     Date Installed           : 1999-07-28
     Date Removed             : (CCYY-MM-DDThh:mmZ)
     Additional Information   : Antenna Diagram below

4.x  Antenna Type             : (A20, from rcvr_ant.tab; see instructions)
     Serial Number            : (A*, but note the first A5 is used in SINEX)
     Antenna Reference Point  : (BPA/BCR/XXX from "antenna.gra"; see instr.)
     Marker->ARP Up Ecc. (m)  : (F8.4)
     Marker->ARP North Ecc(m) : (F8.4)
     Marker->ARP East Ecc(m)  : (F8.4)
     Alignment from True N    : (deg; + is clockwise/east)
     Antenna Radome Type      : (A4 from rcvr_ant.tab; see instructions)
     Radome Serial Number     : 
     Antenna Cable Type       : (vendor & type number)
     Antenna Cable Length     : (m)
     Date Installed           : (CCYY-MM-DDThh:mmZ)
     Date Removed             : (CCYY-MM-DDThh:mmZ)
     Additional Information   : (multiple lines)

5.  Surveyed Local Ties


5.1  Tied Marker Name         : SAH0
     Tied Marker Usage        : (SLR/VLBI/LOCAL CONTROL/FOOTPRINT/etc)
     Tied Marker CDP Number   : 
     Tied Marker DOMES Number : 
     Differential Components from GNSS Marker to the tied monument (ITRS)
       dx (m)                 : -2.3531
       dy (m)                 : -1.2609
       dz (m)                 : -2.8252
     Accuracy (mm)            : 0.3 mm
     Survey method            : (GPS CAMPAIGN/TRILATERATION/TRIANGULATION/etc)
     Date Measured            : 1999-07-28
     Additional Information   : GAMIT solution of simultaneous GPS
                              : observations (baseline mode in sestbl.).

5.x  Tied Marker Name         : 
     Tied Marker Usage        : (SLR/VLBI/LOCAL CONTROL/FOOTPRINT/etc)
     Tied Marker CDP Number   : (A4)
     Tied Marker DOMES Number : (A9)
     Differential Components from GNSS Marker to the tied monument (ITRS)
       dx (m)                 : 
       dy (m)                 : 
       dz (m)                 : 
     Accuracy (mm)            : (mm)
     Survey method            : (GPS CAMPAIGN/TRILATERATION/TRIANGULATION/etc)
     Date Measured            : (CCYY-MM-DDThh:mmZ)
     Additional Information   : (multiple lines)

6.   Frequency Standard


6.1  Standard Type            : INTERNAL
       Input Frequency        : 
       Effective Dates        : (CCYY-MM-DD/CCYY-MM-DD)
       Notes                  : (multiple lines)

6.x  Standard Type            : (INTERNAL or EXTERNAL H-MASER/CESIUM/etc)
       Input Frequency        : (if external)
       Effective Dates        : (CCYY-MM-DD/CCYY-MM-DD)
       Notes                  : (multiple lines)

7.   Collocation Information


7.x  Instrumentation Type     : (GPS/GLONASS/DORIS/PRARE/SLR/VLBI/TIME/etc)
       Status                 : (PERMANENT/MOBILE)
       Effective Dates        : (CCYY-MM-DD/CCYY-MM-DD)
       Notes                  : (multiple lines)

8.   Meteorological Instrumentation


8.1.1  Humidity Sensor Model  : 
       Manufacturer           : 
       Serial Number          : 
       Data Sampling Interval : 
       Accuracy (% rel h)     : (% rel h)
       Aspiration             : (UNASPIRATED/NATURAL/FAN/etc)
       Height Diff to Ant     : (m)
       Calibration date       : (CCYY-MM-DD)
       Effective Dates        : CCYY-MM-DD/CCYY-MM-DD
       Notes                  : (multiple lines)

8.1.x  Humidity Sensor Model  : 
       Manufacturer           : 
       Serial Number          : 
       Data Sampling Interval : (sec)
       Accuracy (% rel h)     : (% rel h)
       Aspiration             : (UNASPIRATED/NATURAL/FAN/etc)
       Height Diff to Ant     : (m)
       Calibration date       : (CCYY-MM-DD)
       Effective Dates        : (CCYY-MM-DD/CCYY-MM-DD)
       Notes                  : (multiple lines)

8.2.1  Pressure Sensor Model  : 
       Manufacturer           : 
       Serial Number          : 
       Data Sampling Interval : 
       Accuracy               : (mbar)
       Height Diff to Ant     : (m)
       Calibration date       : (CCYY-MM-DD)
       Effective Dates        : CCYY-MM-DD/CCYY-MM-DD
       Notes                  : (multiple lines)

8.2.x  Pressure Sensor Model  : 
       Manufacturer           : 
       Serial Number          : 
       Data Sampling Interval : (sec)
       Accuracy               : (hPa)
       Height Diff to Ant     : (m)
       Calibration date       : (CCYY-MM-DD)
       Effective Dates        : (CCYY-MM-DD/CCYY-MM-DD)
       Notes                  : (multiple lines)

8.3.1  Temp. Sensor Model     : 
       Manufacturer           : 
       Serial Number          : 
       Data Sampling Interval : 
       Accuracy               : (deg C)
       Aspiration             : (UNASPIRATED/NATURAL/FAN/etc)
       Height Diff to Ant     : (m)
       Calibration date       : (CCYY-MM-DD)
       Effective Dates        : CCYY-MM-DD/CCYY-MM-DD
       Notes                  : (multiple lines)

8.3.x  Temp. Sensor Model     : 
       Manufacturer           : 
       Serial Number          : 
       Data Sampling Interval : (sec)
       Accuracy               : (hPa)
       Aspiration             : (UNASPIRATED/NATURAL/FAN/etc)
       Height Diff to Ant     : (m)
       Calibration date       : (CCYY-MM-DD)
       Effective Dates        : (CCYY-MM-DD/CCYY-MM-DD)
       Notes                  : (multiple lines)

8.4.1  Water Vapor Radiometer : 
       Manufacturer           : 
       Serial Number          : 
       Distance to Antenna    : (m)
       Height Diff to Ant     : (m)
       Calibration date       : (CCYY-MM-DD)
       Effective Dates        : CCYY-MM-DD/CCYY-MM-DD
       Notes                  : (multiple lines)

8.4.x  Water Vapor Radiometer : 
       Manufacturer           : 
       Serial Number          : 
       Distance to Antenna    : (m)
       Height Diff to Ant     : (m)
       Calibration date       : (CCYY-MM-DD)
       Effective Dates        : (CCYY-MM-DD/CCYY-MM-DD)
       Notes                  : (multiple lines)

8.5.1  Other Instrumentation  : (multiple lines)

8.5.x  Other Instrumentation  : 

9.  Local Ongoing Conditions Possibly Affecting Computed Position


9.1.x  Radio Interferences    : (TV/CELL PHONE ANTENNA/RADAR/etc)
       Observed Degredations  : (SN RATIO/DATA GAPS/etc)
       Effective Dates        : (CCYY-MM-DD/CCYY-MM-DD)
       Additional Information : (multiple lines)

9.2.x  Multipath Sources      : (METAL ROOF/DOME/VLBI ANTENNA/etc)
       Effective Dates        : (CCYY-MM-DD/CCYY-MM-DD)
       Additional Information : (multiple lines)

9.3.x  Signal Obstructions    : (TREES/BUILDLINGS/etc)
       Effective Dates        : (CCYY-MM-DD/CCYY-MM-DD)
       Additional Information : (multiple lines)

10.   Local Episodic Effects Possibly Affecting Data Quality


10.x Date                     : (CCYY-MM-DD/CCYY-MM-DD)
     Event                    : (TREE CLEARING/CONSTRUCTION/etc)

11.   On-Site, Point of Contact Agency Information

     Agency                   : Institute of Marine Geology and Geophysics
     Preferred Abbreviation   : (A10)
     Mailing Address          : 2 Tikhookeanskaya ul.
                              : 693010 Yuzhno-Sakhalinsk
                              : Sakhalin Region, RUSSIA
     Primary Contact
       Contact Name           : Alexei Ivaschenko
       Telephone (primary)    : +7 424-279-1517 work
       Telephone (secondary)  : 
       Fax                    : +7 44-279-1517
       E-mail                 : alexei@sakhmail.sakhalin.ru
     Secondary Contact
       Contact Name           : Mikhail Kogan
       Telephone (primary)    : +1 914 365-8882
       Telephone (secondary)  : 
       Fax                    : +1 914 365-8150
       E-mail                 : kogan@ldeo.columbia.edu
     Additional Information   : (multiple lines)

12.  Responsible Agency (if different from 11.)

     Agency                   : RDAAC/JPL/IRIS
     Preferred Abbreviation   : (A10)
     Mailing Address          : 6-3 Universitetskiy Prospect
                              : 117333 Moscow, RUSSIA
     Primary Contact
       Contact Name           : Grigory Steblov
       Telephone (primary)    : +7 095 335-1954
       Telephone (secondary)  : +7 096 906-7919
       Fax                    : +7 095 335-1954
       E-mail                 : steblov@gps.gsras.ru
     Secondary Contact
       Contact Name           : 
       Telephone (primary)    : 
       Telephone (secondary)  : 
       Fax                    : 
       E-mail                 : 
     Additional Information   : (multiple lines)

13.  More Information

     URL for More Information : http://gps.gsras.ru
       Hardcopy on File
       Site Map               : (Y or URL)
       Site Diagram           : (Y)
       Horizon Mask           : (Y)
       Monument Description   : (Y)
       Site Pictures          : (Y)
     Additional Information   : Hardcopy Information available from
                              : Responsible Agency
     Antenna Graphics with Dimensions



                 Ashtech: DORNE MARGOLIN

                         -----
                     /     +     \                        <--  0.128  L2
                    |      +      |                       <--  0.110  L1
  +--------------------------------------------------+    <--  0.102  TCR
  |                                                  |
  |                                                  |
  |                                                  |
  |                                                  |
+-+--------------------------------------------------+-+  <--  0.038
+-------------------+-------------+--------------------+  <--  0.035  BCR
                    |             |
                   =|             |
                    +------x------+                       <--  0.000  ARP

<--                      0.381                       -->


   ARP: Antenna Reference Point
   L1 : L1 Phase Center                   L2 : L2 Phase Center
   TCR: Top of Chokering                  BCR: Bottom of Chokering
