     ZOUF Site Information Form (site log)
     International GNSS Service
     See Instructions at:
       ftp://igscb.jpl.nasa.gov/pub/station/general/sitelog_instr.txt


0.   Form

     Prepared by (full name)  : David Zuliani
     Date Prepared            : 2013-10-16
     Report Type              : UPDATE
     If Update:
      Previous Site Log       : zouf_20120110.log
      Modified/Added Sections : 3.11, 3.12, 13


1.   Site Identification of the GNSS Monument

     Site Name                : Zouf Plan
     Four Character ID        : ZOUF
     Monument Inscription     : 
     IERS DOMES Number        : 12763M001
     CDP Number               : (A4)
     Monument Description     : PILLAR
       Height of the Monument : 1.50 m
       Monument Foundation    : STEEL RODS, CONCRETE BLOCK
       Foundation Depth       : 0.20 m
     Marker Description       : Pivot on steel nipple of antenna adapter
     Date Installed           : 2002-06-11
     Geologic Characteristic  : BEDROCK
       Bedrock Type           : IGNEOUS
       Bedrock Condition      : WEATHERED
       Fracture Spacing       : (0 cm/1-10 cm/11-50 cm/51-200 cm/over 200 cm)
       Fault zones nearby     : YES
         Distance/activity    : (multiple lines)
     Additional Information   : The station power is supplied by solar panels.


2.   Site Location Information

     City or Town             : Cercivento
     State or Province        : Udine
     Country                  : Italy
     Tectonic Plate           : EURASIAN
     Approximate Position (ITRF)
       X coordinate (m)       : 4282710.06
       Y coordinate (m)       : 986659.42
       Z coordinate (m)       : 4609469.77
       Latitude (N is +)      : +463325.99
       Longitude (E is +)     : +0125824.79
       Elevation (m,ellips.)  :  1946.5
     Additional Information   : The site is co-located with a short-period
                              : seismic station (ZOU) of the OGS seismic
                              : network


3.   GNSS Receiver Information

3.1  Receiver Type            : ASHTECH UZ-12
     Satellite System         : GPS
     Serial Number            : 20302
     Firmware Version         : CJ00
     Elevation Cutoff Setting : 0 deg
     Date Installed           : 2002-06-19
     Date Removed             : 2003-09-17T08:01Z
     Temperature Stabiliz.    : (deg C) +/- (deg C)
     Additional Information   : full Serial Number ZR220020302

3.2  Receiver Type            : ASHTECH UZ-12
     Satellite System         : GPS
     Serial Number            : 20308
     Firmware Version         : CN00
     Elevation Cutoff Setting : 0 deg
     Date Installed           : 2003-09-17T08:44Z
     Date Removed             : 2004-12-22T11:38Z
     Temperature Stabiliz.    : (deg C) +/- (deg C)
     Additional Information   : full Serial Number ZR220020308

3.3  Receiver Type            : ASHTECH UZ-12
     Satellite System         : GPS
     Serial Number            : 20305
     Firmware Version         : CN00
     Elevation Cutoff Setting : 0 deg
     Date Installed           : 2004-12-22T12:21Z
     Date Removed             : 2006-08-24T13:42Z
     Temperature Stabiliz.    : (deg C) +/- (deg C)
     Additional Information   : full Serial Number ZR220020305

3.4  Receiver Type            : ASHTECH UZ-12
     Satellite System         : GPS
     Serial Number            : 50008
     Firmware Version         : CQ00
     Elevation Cutoff Setting : 0 deg
     Date Installed           : 2006-09-05T09:38Z
     Date Removed             : 2006-09-21T14:59Z
     Temperature Stabiliz.    : (deg C) +/- (deg C)
     Additional Information   : Full Serial Number, UC2200450008

3.5  Receiver Type            : ASHTECH UZ-12
     Satellite System         : GPS
     Serial Number            : 20306
     Firmware Version         : CQ00
     Elevation Cutoff Setting : 0 deg
     Date Installed           : 2006-09-21T15:50Z
     Date Removed             : 2007-05-08T09:38Z
     Temperature Stabiliz.    : (deg C) +/- (deg C)
     Additional Information   : Full Serial Number, ZR220020306

3.6  Receiver Type            : TPS GB-1000
     Satellite System         : GPS+GLO
     Serial Number            : T224616
     Firmware Version         : 3.1 Mar,13,2007 p2
     Elevation Cutoff Setting : 5 deg
     Date Installed           : 2007-05-08T10:00Z
     Date Removed             : 2007-06-04
     Temperature Stabiliz.    : (deg C) +/- (deg C)
     Additional Information   : none

3.7  Receiver Type            : TPS GB-1000
     Satellite System         : GPS+GLO
     Serial Number            : T224616
     Firmware Version         : 3.1 Mar,13,2007 p2
     Elevation Cutoff Setting : 0 deg
     Date Installed           : 2007-06-05
     Date Removed             : 2008-05-21T09:14Z
     Temperature Stabiliz.    : (deg C) +/- (deg C)
     Additional Information   : none

3.8  Receiver Type            : TPS GB-1000
     Satellite System         : GPS+GLO
     Serial Number            : T224616
     Firmware Version         : 3.3 May,05,2008 p1
     Elevation Cutoff Setting : 0 deg
     Date Installed           : 2008-05-21T09:25Z
     Date Removed             : 2009-03-26T15:58Z
     Temperature Stabiliz.    : (deg C) +/- (deg C)
     Additional Information   : none

3.9  Receiver Type            : TPS GB-1000
     Satellite System         : GPS+GLO
     Serial Number            : T224616
     Firmware Version         : 3.3 Dec,22,2008 p6
     Elevation Cutoff Setting : 0 deg
     Date Installed           : 2009-03-26T16:11Z
     Date Removed             : 2011-02-01T12:59Z
     Temperature Stabiliz.    : (deg C) +/- (deg C)
     Additional Information   : none

3.10 Receiver Type            : TPS GB-1000
     Satellite System         : GPS+GLO
     Serial Number            : T224074
     Firmware Version         : 3.3 May,05,2008 p1
     Elevation Cutoff Setting : 0 deg
     Date Installed           : 2011-02-01T13:00Z
     Date Removed             : 2012-01-10T11:38Z
     Temperature Stabiliz.    : (deg C) +/- (deg C)
     Additional Information   : none

3.11 Receiver Type            : TPS GB-1000
     Satellite System         : GPS+GLO
     Serial Number            : T224074
     Firmware Version         : 3.5 Dec,24,2010
     Elevation Cutoff Setting : 0 deg
     Date Installed           : 2012-01-10T12:13Z
     Date Removed             : 2013-10-10T17:59Z
     Temperature Stabiliz.    : (deg C) +/- (deg C)
     Additional Information   : none

3.12 Receiver Type            : TPS GB-1000
     Satellite System         : GPS+GLO
     Serial Number            : T224367
     Firmware Version         : 3.5 Dec,24,2010
     Elevation Cutoff Setting : 0 deg
     Date Installed           : 2013-10-15T10:41Z
     Date Removed             : CCYY-MM-DDThh:mmZ
     Temperature Stabiliz.    : (deg C) +/- (deg C)
     Additional Information   : none

3.x  Receiver Type            : (A20, from rcvr_ant.tab; see instructions)
     Satellite System         : (GPS+GLO+GAL+BDS+QZSS+SBAS)
     Serial Number            : (A20, but note the first A5 is used in SINEX)
     Firmware Version         : (A11)
     Elevation Cutoff Setting : (deg)
     Date Installed           : (CCYY-MM-DDThh:mmZ)
     Date Removed             : (CCYY-MM-DDThh:mmZ)
     Temperature Stabiliz.    : (none or tolerance in degrees C)
     Additional Information   : (multiple lines)


4.   GNSS Antenna Information

4.1  Antenna Type             : ASH701945D_M    SCIT
     Serial Number            : 20704
     Antenna Reference Point  : BPA
     Marker->ARP Up Ecc. (m)  :   0.0083
     Marker->ARP North Ecc(m) :   0.0000
     Marker->ARP East Ecc(m)  :   0.0000
     Alignment from True N    : 0 deg
     Antenna Radome Type      : SCIT
     Radome Serial Number     : 00360
     Antenna Cable Type       : RG213/U
     Antenna Cable Length     : 15 m
     Date Installed           : 2002-06-11
     Date Removed             : 2003-01-28
     Additional Information   : This type of antenna (ASH701945D_M)
                              : hasn't been calibrated yet.
                              : Full Serial Number, CR620020704

4.2  Antenna Type             : ASH701945C_M    SCIT
     Serial Number            : 20415
     Antenna Reference Point  : BPA
     Marker->ARP Up Ecc. (m)  :   0.0083
     Marker->ARP North Ecc(m) :   0.0000
     Marker->ARP East Ecc(m)  :   0.0000
     Alignment from True N    : 0 deg
     Antenna Radome Type      : SCIT
     Radome Serial Number     : 00360
     Antenna Cable Type       : RG213/U
     Antenna Cable Length     : 15 m
     Date Installed           : 2003-01-28
     Date Removed             : CCYY-MM-DDThh:mmZ
     Additional Information   : Full serial number, CR620020415

4.x  Antenna Type             : (A20, from rcvr_ant.tab; see instructions)
     Serial Number            : (A*, but note the first A5 is used in SINEX)
     Antenna Reference Point  : (BPA/BCR/XXX from "antenna.gra"; see instr.)
     Marker->ARP Up Ecc. (m)  : (F8.4)
     Marker->ARP North Ecc(m) : (F8.4)
     Marker->ARP East Ecc(m)  : (F8.4)
     Alignment from True N    : (deg; + is clockwise/east)
     Antenna Radome Type      : (A4 from rcvr_ant.tab; see instructions)
     Radome Serial Number     : 
     Antenna Cable Type       : (vendor & type number)
     Antenna Cable Length     : (m)
     Date Installed           : (CCYY-MM-DDThh:mmZ)
     Date Removed             : (CCYY-MM-DDThh:mmZ)
     Additional Information   : (multiple lines)


5.   Surveyed Local Ties

5.x  Tied Marker Name         : 
     Tied Marker Usage        : (SLR/VLBI/LOCAL CONTROL/FOOTPRINT/etc)
     Tied Marker CDP Number   : (A4)
     Tied Marker DOMES Number : (A9)
     Differential Components from GNSS Marker to the tied monument (ITRS)
       dx (m)                 : (m)
       dy (m)                 : (m)
       dz (m)                 : (m)
     Accuracy (mm)            : (mm)
     Survey method            : (GPS CAMPAIGN/TRILATERATION/TRIANGULATION/etc)
     Date Measured            : (CCYY-MM-DDThh:mmZ)
     Additional Information   : (multiple lines)


6.   Frequency Standard

6.1  Standard Type            : INTERNAL 
       Input Frequency        : (if external)
       Effective Dates        : 2002-06-19/CCYY-MM-DD
       Notes                  : (multiple lines)

6.x  Standard Type            : (INTERNAL or EXTERNAL H-MASER/CESIUM/etc)
       Input Frequency        : (if external)
       Effective Dates        : (CCYY-MM-DD/CCYY-MM-DD)
       Notes                  : (multiple lines)


7.   Collocation Information

7.1  Instrumentation Type     : SEISMOMETER MARS-88
       Status                 : PERMANENT
       Effective Dates        : 1982-10-17/CCYY-MM-DD
       Notes                  : Short-period seismic station of the OGS
                              : monitoring network

7.x  Instrumentation Type     : (GPS/GLONASS/DORIS/PRARE/SLR/VLBI/TIME/etc)
       Status                 : (PERMANENT/MOBILE)
       Effective Dates        : (CCYY-MM-DD/CCYY-MM-DD)
       Notes                  : (multiple lines)


8.   Meteorological Instrumentation

8.1.x  Humidity Sensor Model  : 
       Manufacturer           : 
       Serial Number          : 
       Data Sampling Interval : (sec)
       Accuracy (% rel h)     : (% rel h)
       Aspiration             : (UNASPIRATED/NATURAL/FAN/etc)
       Height Diff to Ant     : (m)
       Calibration date       : (CCYY-MM-DD)
       Effective Dates        : (CCYY-MM-DD/CCYY-MM-DD)
       Notes                  : (multiple lines)

8.2.x  Pressure Sensor Model  : 
       Manufacturer           : 
       Serial Number          : 
       Data Sampling Interval : (sec)
       Accuracy               : (hPa)
       Height Diff to Ant     : (m)
       Calibration date       : (CCYY-MM-DD)
       Effective Dates        : (CCYY-MM-DD/CCYY-MM-DD)
       Notes                  : (multiple lines)

8.3.x  Temp. Sensor Model     : 
       Manufacturer           : 
       Serial Number          : 
       Data Sampling Interval : (sec)
       Accuracy               : (deg C)
       Aspiration             : (UNASPIRATED/NATURAL/FAN/etc)
       Height Diff to Ant     : (m)
       Calibration date       : (CCYY-MM-DD)
       Effective Dates        : (CCYY-MM-DD/CCYY-MM-DD)
       Notes                  : (multiple lines)

8.4.x  Water Vapor Radiometer : 
       Manufacturer           : 
       Serial Number          : 
       Distance to Antenna    : (m)
       Height Diff to Ant     : (m)
       Calibration date       : (CCYY-MM-DD)
       Effective Dates        : (CCYY-MM-DD/CCYY-MM-DD)
       Notes                  : (multiple lines)

8.5.x  Other Instrumentation  : (multiple lines)


9.   Local Ongoing Conditions Possibly Affecting Computed Position

9.1.x  Radio Interferences    : (TV/CELL PHONE ANTENNA/RADAR/etc)
       Observed Degradations  : (SN RATIO/DATA GAPS/etc)
       Effective Dates        : (CCYY-MM-DD/CCYY-MM-DD)
       Additional Information : (multiple lines)

9.2.x  Multipath Sources      : (METAL ROOF/DOME/VLBI ANTENNA/etc)
       Effective Dates        : (CCYY-MM-DD/CCYY-MM-DD)
       Additional Information : (multiple lines)

9.3.x  Signal Obstructions    : (TREES/BUILDLINGS/etc)
       Effective Dates        : (CCYY-MM-DD/CCYY-MM-DD)
       Additional Information : (multiple lines)


10.  Local Episodic Effects Possibly Affecting Data Quality

10.x  Date                    : (CCYY-MM-DD/CCYY-MM-DD)
      Event                   : (TREE CLEARING/CONSTRUCTION/etc)


11.  On-Site, Point of Contact Agency Information

     Agency                   : Centro Ricerche Sismologiche
     Preferred Abbreviation   : CRS
     Mailing Address          : Via Treviso 55, 33100 Udine, Italy
     Primary Contact
       Contact Name           : David Zuliani
       Telephone (primary)    : 39-0432-522433
       Telephone (secondary)  : 
       Fax                    : 39-0432-522474
       E-mail                 : dzuliani@inogs.it
     Secondary Contact
       Contact Name           : Giorgio Duri
       Telephone (primary)    : 39-0432-522433
       Telephone (secondary)  : 
       Fax                    : 
       E-mail                 : gduri@inogs.it
     Additional Information   : (multiple lines)


12.  Responsible Agency (if different from 11.)

     Agency                   : Istituto Nazionale di Oceanografia e Geofisica
                              : Sperimentale
     Preferred Abbreviation   : OGS
     Mailing Address          : Borgo Grotta Gigante 42/c, 34010 Sgonico, Italy
     Primary Contact
       Contact Name           : Enrico Priolo
       Telephone (primary)    : 39-040-2140351
       Telephone (secondary)  : 
       Fax                    : 
       E-mail                 : epriolo@inogs.it
     Secondary Contact
       Contact Name           : 
       Telephone (primary)    : 
       Telephone (secondary)  : 
       Fax                    : 
       E-mail                 : 
     Additional Information   : (multiple lines)


13.  More Information

     Primary Data Center      : ASI
     Secondary Data Center    : OLG
     URL for More Information : 
     Hardcopy on File
       Site Map               : (Y or URL)
       Site Diagram           : (Y or URL)
       Horizon Mask           : (Y or URL)
       Monument Description   : (Y or URL)
       Site Pictures          : (Y or URL)
     Additional Information   : ZOUF is part of the Friuli Regional Deformation
                              : network (FReDNet) a continuously operating
                              : Global Positioning System (GPS) receivers.
                              : FReDNet monitors crustal deformation in the
                              : Friuli area (Northeast of Italy) and the
                              : northeast boundary of the Adriatic microplate.
                              : FReDNet is operated by the Centro
     Antenna Graphics with Dimensions

ASH701945C_M

                         +-------+
                       /     +     \                        <--  0.1280 L2
                      |      +      |                       <--  0.1100 L1
    +-----------------+-------------+------------------+    <--  0.1006 TCR
    |                                                  |
    |                                                  |
    |                                                  |
    |                                                  |
  +-+--------------------------------------------------+-+  <--  0.0376
  +-------------------+-------------+--------------------+  <--  0.0346 BCR
                      |             |
                      |             |
                      +------x------+                       <--  0.0000 BPA=ARP

  <--                      0.3794                      -->
